#
# A fatal error has been detected by the Java Runtime Environment:
#
#  SIGSEGV (0xb) at pc=0x00007f70ea158882, pid=233938, tid=233939
#
# JRE version: OpenJDK Runtime Environment (11.0.22+7) (build 11.0.22+7-post-Ubuntu-0ubuntu220.04.1)
# Java VM: OpenJDK 64-Bit Server VM (11.0.22+7-post-Ubuntu-0ubuntu220.04.1, mixed mode, sharing, tiered, compressed oops, g1 gc, linux-amd64)
# Problematic frame:
# C  [libLLVM-13.so+0xc2c882]  LLVMBuildLoad+0x12
#
# No core dump will be written. Core dumps have been disabled. To enable core dumping, try "ulimit -c unlimited" before starting Java again
#
# If you would like to submit a bug report, please visit:
#   https://bugs.launchpad.net/ubuntu/+source/openjdk-lts
# The crash happened outside the Java Virtual Machine in native code.
# See problematic frame for where to report the bug.
#

---------------  S U M M A R Y ------------

Command Line: Main

Host: 12th Gen Intel(R) Core(TM) i5-1240P, 16 cores, 7G, Ubuntu 20.04.6 LTS
Time: Mon May 13 16:53:11 2024 HKT elapsed time: 0.186522 seconds (0d 0h 0m 0s)

---------------  T H R E A D  ---------------

Current thread (0x00007f7160016000):  JavaThread "main" [_thread_in_native, id=233939, stack(0x00007f716512c000,0x00007f716522d000)]

Stack: [0x00007f716512c000,0x00007f716522d000],  sp=0x00007f716522acf0,  free space=1019k
Native frames: (J=compiled Java code, A=aot compiled Java code, j=interpreted, Vv=VM code, C=native code)
C  [libLLVM-13.so+0xc2c882]  LLVMBuildLoad+0x12

Java frames: (J=compiled Java code, j=interpreted, Vv=VM code)
j  org.bytedeco.llvm.global.LLVM.LLVMBuildLoad(Lorg/bytedeco/llvm/LLVM/LLVMBuilderRef;Lorg/bytedeco/llvm/LLVM/LLVMValueRef;Ljava/lang/String;)Lorg/bytedeco/llvm/LLVM/LLVMValueRef;+0
j  MyVisitor.visitLValExp(LSysYParser$LValExpContext;)Lorg/bytedeco/llvm/LLVM/LLVMValueRef;+24
j  MyVisitor.visitLValExp(LSysYParser$LValExpContext;)Ljava/lang/Object;+2
j  SysYParser$LValExpContext.accept(Lorg/antlr/v4/runtime/tree/ParseTreeVisitor;)Ljava/lang/Object;+12
j  org.antlr.v4.runtime.tree.AbstractParseTreeVisitor.visit(Lorg/antlr/v4/runtime/tree/ParseTree;)Ljava/lang/Object;+2
j  MyVisitor.visitStmt(LSysYParser$StmtContext;)Lorg/bytedeco/llvm/LLVM/LLVMValueRef;+13
j  MyVisitor.visitStmt(LSysYParser$StmtContext;)Ljava/lang/Object;+2
j  SysYParser$StmtContext.accept(Lorg/antlr/v4/runtime/tree/ParseTreeVisitor;)Ljava/lang/Object;+12
j  org.antlr.v4.runtime.tree.AbstractParseTreeVisitor.visitChildren(Lorg/antlr/v4/runtime/tree/RuleNode;)Ljava/lang/Object;+46
j  SysYParserBaseVisitor.visitBlockItem(LSysYParser$BlockItemContext;)Ljava/lang/Object;+2
j  SysYParser$BlockItemContext.accept(Lorg/antlr/v4/runtime/tree/ParseTreeVisitor;)Ljava/lang/Object;+12
j  org.antlr.v4.runtime.tree.AbstractParseTreeVisitor.visitChildren(Lorg/antlr/v4/runtime/tree/RuleNode;)Ljava/lang/Object;+46
j  SysYParserBaseVisitor.visitBlock(LSysYParser$BlockContext;)Ljava/lang/Object;+2
j  SysYParser$BlockContext.accept(Lorg/antlr/v4/runtime/tree/ParseTreeVisitor;)Ljava/lang/Object;+12
j  org.antlr.v4.runtime.tree.AbstractParseTreeVisitor.visitChildren(Lorg/antlr/v4/runtime/tree/RuleNode;)Ljava/lang/Object;+46
j  SysYParserBaseVisitor.visitFuncDef(LSysYParser$FuncDefContext;)Ljava/lang/Object;+2
j  MyVisitor.visitFuncDef(LSysYParser$FuncDefContext;)Lorg/bytedeco/llvm/LLVM/LLVMValueRef;+68
j  MyVisitor.visitFuncDef(LSysYParser$FuncDefContext;)Ljava/lang/Object;+2
j  SysYParser$FuncDefContext.accept(Lorg/antlr/v4/runtime/tree/ParseTreeVisitor;)Ljava/lang/Object;+12
j  org.antlr.v4.runtime.tree.AbstractParseTreeVisitor.visitChildren(Lorg/antlr/v4/runtime/tree/RuleNode;)Ljava/lang/Object;+46
j  SysYParserBaseVisitor.visitCompUnit(LSysYParser$CompUnitContext;)Ljava/lang/Object;+2
j  SysYParser$CompUnitContext.accept(Lorg/antlr/v4/runtime/tree/ParseTreeVisitor;)Ljava/lang/Object;+12
j  org.antlr.v4.runtime.tree.AbstractParseTreeVisitor.visitChildren(Lorg/antlr/v4/runtime/tree/RuleNode;)Ljava/lang/Object;+46
j  SysYParserBaseVisitor.visitProgram(LSysYParser$ProgramContext;)Ljava/lang/Object;+2
j  SysYParser$ProgramContext.accept(Lorg/antlr/v4/runtime/tree/ParseTreeVisitor;)Ljava/lang/Object;+12
j  org.antlr.v4.runtime.tree.AbstractParseTreeVisitor.visit(Lorg/antlr/v4/runtime/tree/ParseTree;)Ljava/lang/Object;+2
j  Main.main([Ljava/lang/String;)V+62
v  ~StubRoutines::call_stub

siginfo: si_signo: 11 (SIGSEGV), si_code: 1 (SEGV_MAPERR), si_addr: 0x0000000000000000

Register to memory mapping:

RAX=0x00007f71603ecbb0 points into unknown readable memory: 0x61564d564c4c0061 | 61 00 4c 4c 56 4d 56 61
RBX=0x0 is NULL
RCX=0x0000000000000061 is an unknown value
RDX=0x00007f71603ecbb0 points into unknown readable memory: 0x61564d564c4c0061 | 61 00 4c 4c 56 4d 56 61
RSP=0x00007f716522acf0 is pointing into the stack for thread: 0x00007f7160016000
RBP=0x00007f71603c0290 points into unknown readable memory: 0x00007f71603c02a0 | a0 02 3c 60 71 7f 00 00
RSI=0x0 is NULL
RDI=0x00007f71603c0290 points into unknown readable memory: 0x00007f71603c02a0 | a0 02 3c 60 71 7f 00 00
R8 =0x000000008da9bde0 points into unknown readable memory: 0x0000000000000061 | 61 00 00 00 00 00 00 00
R9 =0x00007f7160016000 is a thread
R10=0x0 is NULL
R11=0x00000000000003d8 is an unknown value
R12=0x0 is NULL
R13=0x0 is NULL
R14=0x00007f71603ecbb0 points into unknown readable memory: 0x61564d564c4c0061 | 61 00 4c 4c 56 4d 56 61
R15=0x00007f7160016000 is a thread


Registers:
RAX=0x00007f71603ecbb0, RBX=0x0000000000000000, RCX=0x0000000000000061, RDX=0x00007f71603ecbb0
RSP=0x00007f716522acf0, RBP=0x00007f71603c0290, RSI=0x0000000000000000, RDI=0x00007f71603c0290
R8 =0x000000008da9bde0, R9 =0x00007f7160016000, R10=0x0000000000000000, R11=0x00000000000003d8
R12=0x0000000000000000, R13=0x0000000000000000, R14=0x00007f71603ecbb0, R15=0x00007f7160016000
RIP=0x00007f70ea158882, EFLAGS=0x0000000000010206, CSGSFS=0x002b000000000033, ERR=0x0000000000000004
  TRAPNO=0x000000000000000e

Top of Stack: (sp=0x00007f716522acf0)
0x00007f716522acf0:   00007f7160016000 0000000000000000
0x00007f716522ad00:   00007f7160016000 00007f71668dc299
0x00007f716522ad10:   0000000000000002 0000000000000001
0x00007f716522ad20:   00007f71603ecbb0 00007f7160133220 

Instructions: (pc=0x00007f70ea158882)
0x00007f70ea158782:   89 c4 4c 8d 4c 24 40 e8 92 57 09 00 48 8b 7d 50
0x00007f70ea158792:   48 8b 4d 30 4c 89 e6 48 8d 54 24 10 4c 8b 45 38
0x00007f70ea1587a2:   48 8b 07 ff 50 10 48 8b 5d 00 8b 6d 08 5a 59 48
0x00007f70ea1587b2:   c1 e5 04 48 01 dd 48 39 eb 74 1a 0f 1f 00 48 8b
0x00007f70ea1587c2:   53 08 8b 33 4c 89 e7 48 83 c3 10 e8 6e 16 0e 00
0x00007f70ea1587d2:   48 39 dd 75 e9 48 83 c4 68 4c 89 e0 5b 5d 41 5c
0x00007f70ea1587e2:   41 5d 41 5e 41 5f c3 0f 1f 80 00 00 00 00 41 54
0x00007f70ea1587f2:   b8 01 01 00 00 55 48 89 fd 48 89 f7 53 48 83 ec
0x00007f70ea158802:   30 48 8b 75 30 66 89 44 24 20 e8 ef 24 09 00 48
0x00007f70ea158812:   8b 7d 50 48 8b 4d 30 48 89 e2 49 89 c4 4c 8b 45
0x00007f70ea158822:   38 48 8b 07 4c 89 e6 ff 50 10 48 8b 5d 00 8b 6d
0x00007f70ea158832:   08 48 c1 e5 04 48 01 dd 48 39 eb 74 18 90 48 8b
0x00007f70ea158842:   53 08 8b 33 4c 89 e7 48 83 c3 10 e8 ee 15 0e 00
0x00007f70ea158852:   48 39 dd 75 e9 48 83 c4 30 4c 89 e0 5b 5d 41 5c
0x00007f70ea158862:   c3 66 2e 0f 1f 84 00 00 00 00 00 0f 1f 00 41 56
0x00007f70ea158872:   41 55 49 89 f5 41 54 55 48 89 fd 53 48 83 ec 60
0x00007f70ea158882:   48 8b 06 80 3a 00 be 01 01 00 00 4c 8b 70 18 66
0x00007f70ea158892:   89 74 24 20 74 09 48 89 14 24 c6 44 24 20 03 48
0x00007f70ea1588a2:   8b 7d 30 e8 d6 15 fc ff 48 89 c7 e8 4e 47 0e 00
0x00007f70ea1588b2:   4c 89 f6 48 89 c7 e8 b3 46 01 00 be 01 00 00 00
0x00007f70ea1588c2:   bf 40 00 00 00 89 c3 b8 01 01 00 00 66 89 44 24
0x00007f70ea1588d2:   50 e8 a8 0a 13 00 48 8d 4c 24 30 41 89 d9 45 31
0x00007f70ea1588e2:   c0 48 83 ec 08 48 89 c7 4c 89 ea 4c 89 f6 6a 00
0x00007f70ea1588f2:   49 89 c4 e8 26 5d 09 00 48 8b 7d 50 48 8b 4d 30
0x00007f70ea158902:   4c 89 e6 48 8d 54 24 10 4c 8b 45 38 48 8b 07 ff
0x00007f70ea158912:   50 10 48 8b 5d 00 8b 6d 08 5a 59 48 c1 e5 04 48
0x00007f70ea158922:   01 dd 48 39 eb 74 1e 0f 1f 80 00 00 00 00 48 8b
0x00007f70ea158932:   53 08 8b 33 4c 89 e7 48 83 c3 10 e8 fe 14 0e 00
0x00007f70ea158942:   48 39 dd 75 e9 48 83 c4 60 4c 89 e0 5b 5d 41 5c
0x00007f70ea158952:   41 5d 41 5e c3 66 0f 1f 84 00 00 00 00 00 41 56
0x00007f70ea158962:   49 89 d6 41 55 49 89 f5 be 01 01 00 00 41 54 55
0x00007f70ea158972:   48 89 fd 53 48 83 ec 60 80 39 00 66 89 74 24 20 


Stack slot to memory mapping:
stack at sp + 0 slots: 0x00007f7160016000 is a thread
stack at sp + 1 slots: 0x0 is NULL
stack at sp + 2 slots: 0x00007f7160016000 is a thread
stack at sp + 3 slots: 0x00007f71668dc299: __libc_malloc+0x00000000000001b9 in /lib/x86_64-linux-gnu/libc.so.6 at 0x00007f7166842000
stack at sp + 4 slots: 0x0000000000000002 is an unknown value
stack at sp + 5 slots: 0x0000000000000001 is an unknown value
stack at sp + 6 slots: 0x00007f71603ecbb0 points into unknown readable memory: 0x61564d564c4c0061 | 61 00 4c 4c 56 4d 56 61
stack at sp + 7 slots: 0x00007f7160133220 points into unknown readable memory: 0x000000008da9bdd0 | d0 bd a9 8d 00 00 00 00


---------------  P R O C E S S  ---------------

Threads class SMR info:
_java_thread_list=0x00007f70fc0067b0, length=13, elements={
0x00007f7160016000, 0x00007f7160134800, 0x00007f7160136800, 0x00007f716013f000,
0x00007f7160141000, 0x00007f7160143000, 0x00007f7160145000, 0x00007f7160147000,
0x00007f71140bd800, 0x00007f716017a000, 0x00007f71001c1000, 0x00007f7160351000,
0x00007f70fc005000
}

Java Threads: ( => current thread )
=>0x00007f7160016000 JavaThread "main" [_thread_in_native, id=233939, stack(0x00007f716512c000,0x00007f716522d000)]
  0x00007f7160134800 JavaThread "Reference Handler" daemon [_thread_blocked, id=233946, stack(0x00007f713c36e000,0x00007f713c46f000)]
  0x00007f7160136800 JavaThread "Finalizer" daemon [_thread_blocked, id=233947, stack(0x00007f713c26d000,0x00007f713c36e000)]
  0x00007f716013f000 JavaThread "Signal Dispatcher" daemon [_thread_blocked, id=233948, stack(0x00007f711fc19000,0x00007f711fd1a000)]
  0x00007f7160141000 JavaThread "Service Thread" daemon [_thread_blocked, id=233949, stack(0x00007f711fb18000,0x00007f711fc19000)]
  0x00007f7160143000 JavaThread "C2 CompilerThread0" daemon [_thread_blocked, id=233950, stack(0x00007f711fa17000,0x00007f711fb18000)]
  0x00007f7160145000 JavaThread "C1 CompilerThread0" daemon [_thread_blocked, id=233951, stack(0x00007f711f916000,0x00007f711fa17000)]
  0x00007f7160147000 JavaThread "Sweeper thread" daemon [_thread_blocked, id=233952, stack(0x00007f711f815000,0x00007f711f916000)]
  0x00007f71140bd800 JavaThread "C1 CompilerThread1" daemon [_thread_blocked, id=233953, stack(0x00007f711f714000,0x00007f711f815000)]
  0x00007f716017a000 JavaThread "Common-Cleaner" daemon [_thread_blocked, id=233955, stack(0x00007f711f512000,0x00007f711f613000)]
  0x00007f71001c1000 JavaThread "C1 CompilerThread2" daemon [_thread_blocked, id=233956, stack(0x00007f711f411000,0x00007f711f512000)]
  0x00007f7160351000 JavaThread "JavaCPP Deallocator" daemon [_thread_blocked, id=233957, stack(0x00007f711f310000,0x00007f711f411000)]
  0x00007f70fc005000 JavaThread "C2 CompilerThread1" daemon [_thread_in_native, id=233958, stack(0x00007f711f109000,0x00007f711f20a000)]

Other Threads:
  0x00007f7160132000 VMThread "VM Thread" [stack: 0x00007f713c470000,0x00007f713c570000] [id=233945]
  0x00007f7160178000 WatcherThread [stack: 0x00007f711f614000,0x00007f711f714000] [id=233954]
  0x00007f716002e800 GCTaskThread "GC Thread#0" [stack: 0x00007f7164dd6000,0x00007f7164ed6000] [id=233940]
  0x00007f716005f800 ConcurrentGCThread "G1 Main Marker" [stack: 0x00007f713fe85000,0x00007f713ff85000] [id=233941]
  0x00007f7160061800 ConcurrentGCThread "G1 Conc#0" [stack: 0x00007f713fd84000,0x00007f713fe84000] [id=233942]
  0x00007f71600fd800 ConcurrentGCThread "G1 Refine#0" [stack: 0x00007f713cf76000,0x00007f713d076000] [id=233943]
  0x00007f71600ff800 ConcurrentGCThread "G1 Young RemSet Sampling" [stack: 0x00007f713ce75000,0x00007f713cf75000] [id=233944]

Threads with active compile tasks:
C2 CompilerThread1      188  628       4       java.util.zip.ZipFile$Source::getEntryPos (206 bytes)

VM state:not at safepoint (normal execution)

VM Mutex/Monitor currently owned by a thread: None

Heap address: 0x0000000086a00000, size: 1942 MB, Compressed Oops mode: 32-bit
Narrow klass base: 0x0000000800000000, Narrow klass shift: 3
Compressed class space size: 1073741824 Address: 0x0000000840000000

Heap:
 garbage-first heap   total 126976K, used 9936K [0x0000000086a00000, 0x0000000100000000)
  region size 1024K, 10 young (10240K), 0 survivors (0K)
 Metaspace       used 3432K, capacity 6480K, committed 6656K, reserved 1056768K
  class space    used 373K, capacity 668K, committed 768K, reserved 1048576K
Heap Regions: E=young(eden), S=young(survivor), O=old, HS=humongous(starts), HC=humongous(continues), CS=collection set, F=free, A=archive, TAMS=top-at-mark-start (previous, next)
|   0|0x0000000086a00000, 0x0000000086a00000, 0x0000000086b00000|  0%| F|  |TAMS 0x0000000086a00000, 0x0000000086a00000| Untracked 
|   1|0x0000000086b00000, 0x0000000086b00000, 0x0000000086c00000|  0%| F|  |TAMS 0x0000000086b00000, 0x0000000086b00000| Untracked 
|   2|0x0000000086c00000, 0x0000000086c00000, 0x0000000086d00000|  0%| F|  |TAMS 0x0000000086c00000, 0x0000000086c00000| Untracked 
|   3|0x0000000086d00000, 0x0000000086d00000, 0x0000000086e00000|  0%| F|  |TAMS 0x0000000086d00000, 0x0000000086d00000| Untracked 
|   4|0x0000000086e00000, 0x0000000086e00000, 0x0000000086f00000|  0%| F|  |TAMS 0x0000000086e00000, 0x0000000086e00000| Untracked 
|   5|0x0000000086f00000, 0x0000000086f00000, 0x0000000087000000|  0%| F|  |TAMS 0x0000000086f00000, 0x0000000086f00000| Untracked 
|   6|0x0000000087000000, 0x0000000087000000, 0x0000000087100000|  0%| F|  |TAMS 0x0000000087000000, 0x0000000087000000| Untracked 
|   7|0x0000000087100000, 0x0000000087100000, 0x0000000087200000|  0%| F|  |TAMS 0x0000000087100000, 0x0000000087100000| Untracked 
|   8|0x0000000087200000, 0x0000000087200000, 0x0000000087300000|  0%| F|  |TAMS 0x0000000087200000, 0x0000000087200000| Untracked 
|   9|0x0000000087300000, 0x0000000087300000, 0x0000000087400000|  0%| F|  |TAMS 0x0000000087300000, 0x0000000087300000| Untracked 
|  10|0x0000000087400000, 0x0000000087400000, 0x0000000087500000|  0%| F|  |TAMS 0x0000000087400000, 0x0000000087400000| Untracked 
|  11|0x0000000087500000, 0x0000000087500000, 0x0000000087600000|  0%| F|  |TAMS 0x0000000087500000, 0x0000000087500000| Untracked 
|  12|0x0000000087600000, 0x0000000087600000, 0x0000000087700000|  0%| F|  |TAMS 0x0000000087600000, 0x0000000087600000| Untracked 
|  13|0x0000000087700000, 0x0000000087700000, 0x0000000087800000|  0%| F|  |TAMS 0x0000000087700000, 0x0000000087700000| Untracked 
|  14|0x0000000087800000, 0x0000000087800000, 0x0000000087900000|  0%| F|  |TAMS 0x0000000087800000, 0x0000000087800000| Untracked 
|  15|0x0000000087900000, 0x0000000087900000, 0x0000000087a00000|  0%| F|  |TAMS 0x0000000087900000, 0x0000000087900000| Untracked 
|  16|0x0000000087a00000, 0x0000000087a00000, 0x0000000087b00000|  0%| F|  |TAMS 0x0000000087a00000, 0x0000000087a00000| Untracked 
|  17|0x0000000087b00000, 0x0000000087b00000, 0x0000000087c00000|  0%| F|  |TAMS 0x0000000087b00000, 0x0000000087b00000| Untracked 
|  18|0x0000000087c00000, 0x0000000087c00000, 0x0000000087d00000|  0%| F|  |TAMS 0x0000000087c00000, 0x0000000087c00000| Untracked 
|  19|0x0000000087d00000, 0x0000000087d00000, 0x0000000087e00000|  0%| F|  |TAMS 0x0000000087d00000, 0x0000000087d00000| Untracked 
|  20|0x0000000087e00000, 0x0000000087e00000, 0x0000000087f00000|  0%| F|  |TAMS 0x0000000087e00000, 0x0000000087e00000| Untracked 
|  21|0x0000000087f00000, 0x0000000087f00000, 0x0000000088000000|  0%| F|  |TAMS 0x0000000087f00000, 0x0000000087f00000| Untracked 
|  22|0x0000000088000000, 0x0000000088000000, 0x0000000088100000|  0%| F|  |TAMS 0x0000000088000000, 0x0000000088000000| Untracked 
|  23|0x0000000088100000, 0x0000000088100000, 0x0000000088200000|  0%| F|  |TAMS 0x0000000088100000, 0x0000000088100000| Untracked 
|  24|0x0000000088200000, 0x0000000088200000, 0x0000000088300000|  0%| F|  |TAMS 0x0000000088200000, 0x0000000088200000| Untracked 
|  25|0x0000000088300000, 0x0000000088300000, 0x0000000088400000|  0%| F|  |TAMS 0x0000000088300000, 0x0000000088300000| Untracked 
|  26|0x0000000088400000, 0x0000000088400000, 0x0000000088500000|  0%| F|  |TAMS 0x0000000088400000, 0x0000000088400000| Untracked 
|  27|0x0000000088500000, 0x0000000088500000, 0x0000000088600000|  0%| F|  |TAMS 0x0000000088500000, 0x0000000088500000| Untracked 
|  28|0x0000000088600000, 0x0000000088600000, 0x0000000088700000|  0%| F|  |TAMS 0x0000000088600000, 0x0000000088600000| Untracked 
|  29|0x0000000088700000, 0x0000000088700000, 0x0000000088800000|  0%| F|  |TAMS 0x0000000088700000, 0x0000000088700000| Untracked 
|  30|0x0000000088800000, 0x0000000088800000, 0x0000000088900000|  0%| F|  |TAMS 0x0000000088800000, 0x0000000088800000| Untracked 
|  31|0x0000000088900000, 0x0000000088900000, 0x0000000088a00000|  0%| F|  |TAMS 0x0000000088900000, 0x0000000088900000| Untracked 
|  32|0x0000000088a00000, 0x0000000088a00000, 0x0000000088b00000|  0%| F|  |TAMS 0x0000000088a00000, 0x0000000088a00000| Untracked 
|  33|0x0000000088b00000, 0x0000000088b00000, 0x0000000088c00000|  0%| F|  |TAMS 0x0000000088b00000, 0x0000000088b00000| Untracked 
|  34|0x0000000088c00000, 0x0000000088c00000, 0x0000000088d00000|  0%| F|  |TAMS 0x0000000088c00000, 0x0000000088c00000| Untracked 
|  35|0x0000000088d00000, 0x0000000088d00000, 0x0000000088e00000|  0%| F|  |TAMS 0x0000000088d00000, 0x0000000088d00000| Untracked 
|  36|0x0000000088e00000, 0x0000000088e00000, 0x0000000088f00000|  0%| F|  |TAMS 0x0000000088e00000, 0x0000000088e00000| Untracked 
|  37|0x0000000088f00000, 0x0000000088f00000, 0x0000000089000000|  0%| F|  |TAMS 0x0000000088f00000, 0x0000000088f00000| Untracked 
|  38|0x0000000089000000, 0x0000000089000000, 0x0000000089100000|  0%| F|  |TAMS 0x0000000089000000, 0x0000000089000000| Untracked 
|  39|0x0000000089100000, 0x0000000089100000, 0x0000000089200000|  0%| F|  |TAMS 0x0000000089100000, 0x0000000089100000| Untracked 
|  40|0x0000000089200000, 0x0000000089200000, 0x0000000089300000|  0%| F|  |TAMS 0x0000000089200000, 0x0000000089200000| Untracked 
|  41|0x0000000089300000, 0x0000000089300000, 0x0000000089400000|  0%| F|  |TAMS 0x0000000089300000, 0x0000000089300000| Untracked 
|  42|0x0000000089400000, 0x0000000089400000, 0x0000000089500000|  0%| F|  |TAMS 0x0000000089400000, 0x0000000089400000| Untracked 
|  43|0x0000000089500000, 0x0000000089500000, 0x0000000089600000|  0%| F|  |TAMS 0x0000000089500000, 0x0000000089500000| Untracked 
|  44|0x0000000089600000, 0x0000000089600000, 0x0000000089700000|  0%| F|  |TAMS 0x0000000089600000, 0x0000000089600000| Untracked 
|  45|0x0000000089700000, 0x0000000089700000, 0x0000000089800000|  0%| F|  |TAMS 0x0000000089700000, 0x0000000089700000| Untracked 
|  46|0x0000000089800000, 0x0000000089800000, 0x0000000089900000|  0%| F|  |TAMS 0x0000000089800000, 0x0000000089800000| Untracked 
|  47|0x0000000089900000, 0x0000000089900000, 0x0000000089a00000|  0%| F|  |TAMS 0x0000000089900000, 0x0000000089900000| Untracked 
|  48|0x0000000089a00000, 0x0000000089a00000, 0x0000000089b00000|  0%| F|  |TAMS 0x0000000089a00000, 0x0000000089a00000| Untracked 
|  49|0x0000000089b00000, 0x0000000089b00000, 0x0000000089c00000|  0%| F|  |TAMS 0x0000000089b00000, 0x0000000089b00000| Untracked 
|  50|0x0000000089c00000, 0x0000000089c00000, 0x0000000089d00000|  0%| F|  |TAMS 0x0000000089c00000, 0x0000000089c00000| Untracked 
|  51|0x0000000089d00000, 0x0000000089d00000, 0x0000000089e00000|  0%| F|  |TAMS 0x0000000089d00000, 0x0000000089d00000| Untracked 
|  52|0x0000000089e00000, 0x0000000089e00000, 0x0000000089f00000|  0%| F|  |TAMS 0x0000000089e00000, 0x0000000089e00000| Untracked 
|  53|0x0000000089f00000, 0x0000000089f00000, 0x000000008a000000|  0%| F|  |TAMS 0x0000000089f00000, 0x0000000089f00000| Untracked 
|  54|0x000000008a000000, 0x000000008a000000, 0x000000008a100000|  0%| F|  |TAMS 0x000000008a000000, 0x000000008a000000| Untracked 
|  55|0x000000008a100000, 0x000000008a100000, 0x000000008a200000|  0%| F|  |TAMS 0x000000008a100000, 0x000000008a100000| Untracked 
|  56|0x000000008a200000, 0x000000008a200000, 0x000000008a300000|  0%| F|  |TAMS 0x000000008a200000, 0x000000008a200000| Untracked 
|  57|0x000000008a300000, 0x000000008a300000, 0x000000008a400000|  0%| F|  |TAMS 0x000000008a300000, 0x000000008a300000| Untracked 
|  58|0x000000008a400000, 0x000000008a400000, 0x000000008a500000|  0%| F|  |TAMS 0x000000008a400000, 0x000000008a400000| Untracked 
|  59|0x000000008a500000, 0x000000008a500000, 0x000000008a600000|  0%| F|  |TAMS 0x000000008a500000, 0x000000008a500000| Untracked 
|  60|0x000000008a600000, 0x000000008a600000, 0x000000008a700000|  0%| F|  |TAMS 0x000000008a600000, 0x000000008a600000| Untracked 
|  61|0x000000008a700000, 0x000000008a700000, 0x000000008a800000|  0%| F|  |TAMS 0x000000008a700000, 0x000000008a700000| Untracked 
|  62|0x000000008a800000, 0x000000008a800000, 0x000000008a900000|  0%| F|  |TAMS 0x000000008a800000, 0x000000008a800000| Untracked 
|  63|0x000000008a900000, 0x000000008a900000, 0x000000008aa00000|  0%| F|  |TAMS 0x000000008a900000, 0x000000008a900000| Untracked 
|  64|0x000000008aa00000, 0x000000008aa00000, 0x000000008ab00000|  0%| F|  |TAMS 0x000000008aa00000, 0x000000008aa00000| Untracked 
|  65|0x000000008ab00000, 0x000000008ab00000, 0x000000008ac00000|  0%| F|  |TAMS 0x000000008ab00000, 0x000000008ab00000| Untracked 
|  66|0x000000008ac00000, 0x000000008ac00000, 0x000000008ad00000|  0%| F|  |TAMS 0x000000008ac00000, 0x000000008ac00000| Untracked 
|  67|0x000000008ad00000, 0x000000008ad00000, 0x000000008ae00000|  0%| F|  |TAMS 0x000000008ad00000, 0x000000008ad00000| Untracked 
|  68|0x000000008ae00000, 0x000000008ae00000, 0x000000008af00000|  0%| F|  |TAMS 0x000000008ae00000, 0x000000008ae00000| Untracked 
|  69|0x000000008af00000, 0x000000008af00000, 0x000000008b000000|  0%| F|  |TAMS 0x000000008af00000, 0x000000008af00000| Untracked 
|  70|0x000000008b000000, 0x000000008b000000, 0x000000008b100000|  0%| F|  |TAMS 0x000000008b000000, 0x000000008b000000| Untracked 
|  71|0x000000008b100000, 0x000000008b100000, 0x000000008b200000|  0%| F|  |TAMS 0x000000008b100000, 0x000000008b100000| Untracked 
|  72|0x000000008b200000, 0x000000008b200000, 0x000000008b300000|  0%| F|  |TAMS 0x000000008b200000, 0x000000008b200000| Untracked 
|  73|0x000000008b300000, 0x000000008b300000, 0x000000008b400000|  0%| F|  |TAMS 0x000000008b300000, 0x000000008b300000| Untracked 
|  74|0x000000008b400000, 0x000000008b400000, 0x000000008b500000|  0%| F|  |TAMS 0x000000008b400000, 0x000000008b400000| Untracked 
|  75|0x000000008b500000, 0x000000008b500000, 0x000000008b600000|  0%| F|  |TAMS 0x000000008b500000, 0x000000008b500000| Untracked 
|  76|0x000000008b600000, 0x000000008b600000, 0x000000008b700000|  0%| F|  |TAMS 0x000000008b600000, 0x000000008b600000| Untracked 
|  77|0x000000008b700000, 0x000000008b700000, 0x000000008b800000|  0%| F|  |TAMS 0x000000008b700000, 0x000000008b700000| Untracked 
|  78|0x000000008b800000, 0x000000008b800000, 0x000000008b900000|  0%| F|  |TAMS 0x000000008b800000, 0x000000008b800000| Untracked 
|  79|0x000000008b900000, 0x000000008b900000, 0x000000008ba00000|  0%| F|  |TAMS 0x000000008b900000, 0x000000008b900000| Untracked 
|  80|0x000000008ba00000, 0x000000008ba00000, 0x000000008bb00000|  0%| F|  |TAMS 0x000000008ba00000, 0x000000008ba00000| Untracked 
|  81|0x000000008bb00000, 0x000000008bb00000, 0x000000008bc00000|  0%| F|  |TAMS 0x000000008bb00000, 0x000000008bb00000| Untracked 
|  82|0x000000008bc00000, 0x000000008bc00000, 0x000000008bd00000|  0%| F|  |TAMS 0x000000008bc00000, 0x000000008bc00000| Untracked 
|  83|0x000000008bd00000, 0x000000008bd00000, 0x000000008be00000|  0%| F|  |TAMS 0x000000008bd00000, 0x000000008bd00000| Untracked 
|  84|0x000000008be00000, 0x000000008be00000, 0x000000008bf00000|  0%| F|  |TAMS 0x000000008be00000, 0x000000008be00000| Untracked 
|  85|0x000000008bf00000, 0x000000008bf00000, 0x000000008c000000|  0%| F|  |TAMS 0x000000008bf00000, 0x000000008bf00000| Untracked 
|  86|0x000000008c000000, 0x000000008c000000, 0x000000008c100000|  0%| F|  |TAMS 0x000000008c000000, 0x000000008c000000| Untracked 
|  87|0x000000008c100000, 0x000000008c100000, 0x000000008c200000|  0%| F|  |TAMS 0x000000008c100000, 0x000000008c100000| Untracked 
|  88|0x000000008c200000, 0x000000008c200000, 0x000000008c300000|  0%| F|  |TAMS 0x000000008c200000, 0x000000008c200000| Untracked 
|  89|0x000000008c300000, 0x000000008c300000, 0x000000008c400000|  0%| F|  |TAMS 0x000000008c300000, 0x000000008c300000| Untracked 
|  90|0x000000008c400000, 0x000000008c400000, 0x000000008c500000|  0%| F|  |TAMS 0x000000008c400000, 0x000000008c400000| Untracked 
|  91|0x000000008c500000, 0x000000008c500000, 0x000000008c600000|  0%| F|  |TAMS 0x000000008c500000, 0x000000008c500000| Untracked 
|  92|0x000000008c600000, 0x000000008c600000, 0x000000008c700000|  0%| F|  |TAMS 0x000000008c600000, 0x000000008c600000| Untracked 
|  93|0x000000008c700000, 0x000000008c700000, 0x000000008c800000|  0%| F|  |TAMS 0x000000008c700000, 0x000000008c700000| Untracked 
|  94|0x000000008c800000, 0x000000008c800000, 0x000000008c900000|  0%| F|  |TAMS 0x000000008c800000, 0x000000008c800000| Untracked 
|  95|0x000000008c900000, 0x000000008c900000, 0x000000008ca00000|  0%| F|  |TAMS 0x000000008c900000, 0x000000008c900000| Untracked 
|  96|0x000000008ca00000, 0x000000008ca00000, 0x000000008cb00000|  0%| F|  |TAMS 0x000000008ca00000, 0x000000008ca00000| Untracked 
|  97|0x000000008cb00000, 0x000000008cb00000, 0x000000008cc00000|  0%| F|  |TAMS 0x000000008cb00000, 0x000000008cb00000| Untracked 
|  98|0x000000008cc00000, 0x000000008cc00000, 0x000000008cd00000|  0%| F|  |TAMS 0x000000008cc00000, 0x000000008cc00000| Untracked 
|  99|0x000000008cd00000, 0x000000008cd00000, 0x000000008ce00000|  0%| F|  |TAMS 0x000000008cd00000, 0x000000008cd00000| Untracked 
| 100|0x000000008ce00000, 0x000000008ce00000, 0x000000008cf00000|  0%| F|  |TAMS 0x000000008ce00000, 0x000000008ce00000| Untracked 
| 101|0x000000008cf00000, 0x000000008cf00000, 0x000000008d000000|  0%| F|  |TAMS 0x000000008cf00000, 0x000000008cf00000| Untracked 
| 102|0x000000008d000000, 0x000000008d000000, 0x000000008d100000|  0%| F|  |TAMS 0x000000008d000000, 0x000000008d000000| Untracked 
| 103|0x000000008d100000, 0x000000008d100000, 0x000000008d200000|  0%| F|  |TAMS 0x000000008d100000, 0x000000008d100000| Untracked 
| 104|0x000000008d200000, 0x000000008d200000, 0x000000008d300000|  0%| F|  |TAMS 0x000000008d200000, 0x000000008d200000| Untracked 
| 105|0x000000008d300000, 0x000000008d300000, 0x000000008d400000|  0%| F|  |TAMS 0x000000008d300000, 0x000000008d300000| Untracked 
| 106|0x000000008d400000, 0x000000008d400000, 0x000000008d500000|  0%| F|  |TAMS 0x000000008d400000, 0x000000008d400000| Untracked 
| 107|0x000000008d500000, 0x000000008d500000, 0x000000008d600000|  0%| F|  |TAMS 0x000000008d500000, 0x000000008d500000| Untracked 
| 108|0x000000008d600000, 0x000000008d600000, 0x000000008d700000|  0%| F|  |TAMS 0x000000008d600000, 0x000000008d600000| Untracked 
| 109|0x000000008d700000, 0x000000008d700000, 0x000000008d800000|  0%| F|  |TAMS 0x000000008d700000, 0x000000008d700000| Untracked 
| 110|0x000000008d800000, 0x000000008d800000, 0x000000008d900000|  0%| F|  |TAMS 0x000000008d800000, 0x000000008d800000| Untracked 
| 111|0x000000008d900000, 0x000000008d900000, 0x000000008da00000|  0%| F|  |TAMS 0x000000008d900000, 0x000000008d900000| Untracked 
| 112|0x000000008da00000, 0x000000008daf64e8, 0x000000008db00000| 96%| E|  |TAMS 0x000000008da00000, 0x000000008da00000| Complete 
| 113|0x000000008db00000, 0x000000008dc00000, 0x000000008dc00000|100%| E|CS|TAMS 0x000000008db00000, 0x000000008db00000| Complete 
| 114|0x000000008dc00000, 0x000000008dd00000, 0x000000008dd00000|100%| E|CS|TAMS 0x000000008dc00000, 0x000000008dc00000| Complete 
| 115|0x000000008dd00000, 0x000000008de00000, 0x000000008de00000|100%| E|CS|TAMS 0x000000008dd00000, 0x000000008dd00000| Complete 
| 116|0x000000008de00000, 0x000000008df00000, 0x000000008df00000|100%| E|CS|TAMS 0x000000008de00000, 0x000000008de00000| Complete 
| 117|0x000000008df00000, 0x000000008e000000, 0x000000008e000000|100%| E|CS|TAMS 0x000000008df00000, 0x000000008df00000| Complete 
| 118|0x000000008e000000, 0x000000008e100000, 0x000000008e100000|100%| E|CS|TAMS 0x000000008e000000, 0x000000008e000000| Complete 
| 119|0x000000008e100000, 0x000000008e200000, 0x000000008e200000|100%| E|CS|TAMS 0x000000008e100000, 0x000000008e100000| Complete 
| 120|0x000000008e200000, 0x000000008e300000, 0x000000008e300000|100%| E|CS|TAMS 0x000000008e200000, 0x000000008e200000| Complete 
| 121|0x000000008e300000, 0x000000008e400000, 0x000000008e400000|100%| E|CS|TAMS 0x000000008e300000, 0x000000008e300000| Complete 
|1940|0x00000000ffe00000, 0x00000000ffe48000, 0x00000000fff00000| 28%|OA|  |TAMS 0x00000000ffe00000, 0x00000000ffe00000| Untracked 
|1941|0x00000000fff00000, 0x00000000fff6c000, 0x0000000100000000| 42%|CA|  |TAMS 0x00000000fff00000, 0x00000000fff00000| Untracked 

Card table byte_map: [0x00007f7148045000,0x00007f7148410000] _byte_map_base: 0x00007f7147c10000

Marking Bits (Prev, Next): (CMBitMap*) 0x00007f7160057068, (CMBitMap*) 0x00007f71600570a0
 Prev Bits: [0x00007f7141ddd000, 0x00007f7143c35000)
 Next Bits: [0x00007f713ff85000, 0x00007f7141ddd000)

Polling page: 0x00007f71650e0000

Metaspace:

Usage:
  Non-class:      5.68 MB capacity,     2.99 MB ( 53%) used,     2.68 MB ( 47%) free+waste,     4.19 KB ( <1%) overhead. 
      Class:    668.00 KB capacity,   373.13 KB ( 56%) used,   292.80 KB ( 44%) free+waste,     2.06 KB ( <1%) overhead. 
       Both:      6.33 MB capacity,     3.35 MB ( 53%) used,     2.97 MB ( 47%) free+waste,     6.25 KB ( <1%) overhead. 

Virtual space:
  Non-class space:        8.00 MB reserved,       5.75 MB ( 72%) committed 
      Class space:        1.00 GB reserved,     768.00 KB ( <1%) committed 
             Both:        1.01 GB reserved,       6.50 MB ( <1%) committed 

Chunk freelists:
   Non-Class:  60.00 KB
       Class:  4.00 KB
        Both:  64.00 KB

MaxMetaspaceSize: unlimited
CompressedClassSpaceSize: 1.00 GB
Initial GC threshold: 20.80 MB
Current GC threshold: 20.80 MB
CDS: on

CodeHeap 'non-profiled nmethods': size=119172Kb used=163Kb max_used=163Kb free=119008Kb
 bounds [0x00007f715037a000, 0x00007f71505ea000, 0x00007f71577db000]
CodeHeap 'profiled nmethods': size=119168Kb used=1377Kb max_used=1377Kb free=117790Kb
 bounds [0x00007f7148f1a000, 0x00007f714918a000, 0x00007f715037a000]
CodeHeap 'non-nmethods': size=7420Kb used=2265Kb max_used=2279Kb free=5154Kb
 bounds [0x00007f71487db000, 0x00007f7148a4b000, 0x00007f7148f1a000]
 total_blobs=1105 nmethods=707 adapters=310
 compilation: enabled
              stopped_count=0, restarted_count=0
 full_count=0

Compilation events (20 events):
Event: 0.182 Thread 0x00007f7160145000  698       3       jdk.internal.loader.BuiltinClassLoader::isSealed (70 bytes)
Event: 0.183 Thread 0x00007f71140bd800 nmethod 695 0x00007f7149068e90 code [0x00007f7149069240, 0x00007f714906b0e0]
Event: 0.183 Thread 0x00007f7160145000 nmethod 698 0x00007f714906bc90 code [0x00007f714906bf20, 0x00007f714906ca00]
Event: 0.183 Thread 0x00007f71001c1000 nmethod 696 0x00007f714906ce10 code [0x00007f714906d120, 0x00007f714906e270]
Event: 0.184 Thread 0x00007f71140bd800  702       3       java.util.ArrayList::indexOfRange (71 bytes)
Event: 0.184 Thread 0x00007f7160145000  699       3       sun.reflect.annotation.AnnotationInvocationHandler::invoke (178 bytes)
Event: 0.184 Thread 0x00007f71001c1000  700       3       java.lang.reflect.Method::getParameterCount (6 bytes)
Event: 0.184 Thread 0x00007f71001c1000 nmethod 700 0x00007f714906e790 code [0x00007f714906e940, 0x00007f714906ea70]
Event: 0.184 Thread 0x00007f71001c1000  704       3       java.lang.Character::isSurrogate (18 bytes)
Event: 0.184 Thread 0x00007f71140bd800 nmethod 702 0x00007f714906eb10 code [0x00007f714906ed00, 0x00007f714906f1a0]
Event: 0.184 Thread 0x00007f71140bd800  701       3       java.util.ArrayList::indexOf (11 bytes)
Event: 0.184 Thread 0x00007f71001c1000 nmethod 704 0x00007f714906f390 code [0x00007f714906f540, 0x00007f714906f6b0]
Event: 0.184 Thread 0x00007f71001c1000  705       3       java.util.regex.Pattern::isSupplementary (20 bytes)
Event: 0.184 Thread 0x00007f71140bd800 nmethod 701 0x00007f714906f710 code [0x00007f714906f8c0, 0x00007f714906fa20]
Event: 0.184 Thread 0x00007f71140bd800  707       3       java.util.Arrays::asList (9 bytes)
Event: 0.184 Thread 0x00007f71001c1000 nmethod 705 0x00007f714906fb10 code [0x00007f714906fcc0, 0x00007f714906ff30]
Event: 0.184 Thread 0x00007f71001c1000  706       3       java.util.regex.Pattern::has (15 bytes)
Event: 0.184 Thread 0x00007f71001c1000 nmethod 706 0x00007f7149070010 code [0x00007f71490701c0, 0x00007f7149070330]
Event: 0.185 Thread 0x00007f71140bd800 nmethod 707 0x00007f7149070390 code [0x00007f7149070580, 0x00007f7149070a00]
Event: 0.185 Thread 0x00007f7160145000 nmethod 699 0x00007f7149070b90 code [0x00007f7149070ea0, 0x00007f7149071fc0]

GC Heap History (0 events):
No events

Deoptimization events (20 events):
Event: 0.114 Thread 0x00007f7160016000 Uncommon trap: trap_request=0xffffffbe fr.pc=0x00007f71503872a8 relative=0x00000000000003e8
Event: 0.114 Thread 0x00007f7160016000 Uncommon trap: reason=profile_predicate action=maybe_recompile pc=0x00007f71503872a8 method=java.lang.StringLatin1.indexOf([BI[BII)I @ 18 c2
Event: 0.114 Thread 0x00007f7160016000 DEOPT PACKING pc=0x00007f71503872a8 sp=0x00007f716522a310
Event: 0.114 Thread 0x00007f7160016000 DEOPT UNPACKING pc=0x00007f7148824ea5 sp=0x00007f716522a290 mode 2
Event: 0.114 Thread 0x00007f7160016000 Uncommon trap: trap_request=0xffffffbe fr.pc=0x00007f71503872a8 relative=0x00000000000003e8
Event: 0.114 Thread 0x00007f7160016000 Uncommon trap: reason=profile_predicate action=maybe_recompile pc=0x00007f71503872a8 method=java.lang.StringLatin1.indexOf([BI[BII)I @ 18 c2
Event: 0.114 Thread 0x00007f7160016000 DEOPT PACKING pc=0x00007f71503872a8 sp=0x00007f716522a310
Event: 0.114 Thread 0x00007f7160016000 DEOPT UNPACKING pc=0x00007f7148824ea5 sp=0x00007f716522a290 mode 2
Event: 0.133 Thread 0x00007f7160016000 DEOPT PACKING pc=0x00007f7148f7b1a4 sp=0x00007f7165229e80
Event: 0.133 Thread 0x00007f7160016000 DEOPT UNPACKING pc=0x00007f714882564a sp=0x00007f7165229310 mode 0
Event: 0.147 Thread 0x00007f7160016000 DEOPT PACKING pc=0x00007f7148fc0dc2 sp=0x00007f716522a6a0
Event: 0.147 Thread 0x00007f7160016000 DEOPT UNPACKING pc=0x00007f714882564a sp=0x00007f7165229b28 mode 0
Event: 0.161 Thread 0x00007f7160016000 DEOPT PACKING pc=0x00007f7148f760cf sp=0x00007f716522a650
Event: 0.161 Thread 0x00007f7160016000 DEOPT UNPACKING pc=0x00007f714882564a sp=0x00007f7165229af8 mode 0
Event: 0.162 Thread 0x00007f7160016000 DEOPT PACKING pc=0x00007f7148f760cf sp=0x00007f716522a670
Event: 0.162 Thread 0x00007f7160016000 DEOPT UNPACKING pc=0x00007f714882564a sp=0x00007f7165229b18 mode 0
Event: 0.163 Thread 0x00007f7160016000 DEOPT PACKING pc=0x00007f7148f760cf sp=0x00007f716522a670
Event: 0.163 Thread 0x00007f7160016000 DEOPT UNPACKING pc=0x00007f714882564a sp=0x00007f7165229b18 mode 0
Event: 0.164 Thread 0x00007f7160016000 DEOPT PACKING pc=0x00007f7148f760cf sp=0x00007f716522a690
Event: 0.164 Thread 0x00007f7160016000 DEOPT UNPACKING pc=0x00007f714882564a sp=0x00007f7165229b38 mode 0

Classes redefined (0 events):
No events

Internal exceptions (20 events):
Event: 0.093 Thread 0x00007f7160016000 Exception <a 'java/security/PrivilegedActionException'{0x000000008dfd5428}> (0x000000008dfd5428) thrown at [src/hotspot/share/prims/jvm.cpp, line 1304]
Event: 0.093 Thread 0x00007f7160016000 Exception <a 'java/security/PrivilegedActionException'{0x000000008dfd59a0}> (0x000000008dfd59a0) thrown at [src/hotspot/share/prims/jvm.cpp, line 1304]
Event: 0.093 Thread 0x00007f7160016000 Exception <a 'java/security/PrivilegedActionException'{0x000000008dfd65b8}> (0x000000008dfd65b8) thrown at [src/hotspot/share/prims/jvm.cpp, line 1304]
Event: 0.093 Thread 0x00007f7160016000 Exception <a 'java/security/PrivilegedActionException'{0x000000008dfd6b30}> (0x000000008dfd6b30) thrown at [src/hotspot/share/prims/jvm.cpp, line 1304]
Event: 0.093 Thread 0x00007f7160016000 Exception <a 'java/security/PrivilegedActionException'{0x000000008dfd7748}> (0x000000008dfd7748) thrown at [src/hotspot/share/prims/jvm.cpp, line 1304]
Event: 0.093 Thread 0x00007f7160016000 Exception <a 'java/security/PrivilegedActionException'{0x000000008dfd7cc0}> (0x000000008dfd7cc0) thrown at [src/hotspot/share/prims/jvm.cpp, line 1304]
Event: 0.093 Thread 0x00007f7160016000 Exception <a 'java/security/PrivilegedActionException'{0x000000008dfd88f0}> (0x000000008dfd88f0) thrown at [src/hotspot/share/prims/jvm.cpp, line 1304]
Event: 0.093 Thread 0x00007f7160016000 Exception <a 'java/security/PrivilegedActionException'{0x000000008dfd8e68}> (0x000000008dfd8e68) thrown at [src/hotspot/share/prims/jvm.cpp, line 1304]
Event: 0.093 Thread 0x00007f7160016000 Exception <a 'java/security/PrivilegedActionException'{0x000000008dfd9a98}> (0x000000008dfd9a98) thrown at [src/hotspot/share/prims/jvm.cpp, line 1304]
Event: 0.093 Thread 0x00007f7160016000 Exception <a 'java/security/PrivilegedActionException'{0x000000008dfda010}> (0x000000008dfda010) thrown at [src/hotspot/share/prims/jvm.cpp, line 1304]
Event: 0.093 Thread 0x00007f7160016000 Exception <a 'java/security/PrivilegedActionException'{0x000000008dfdac40}> (0x000000008dfdac40) thrown at [src/hotspot/share/prims/jvm.cpp, line 1304]
Event: 0.093 Thread 0x00007f7160016000 Exception <a 'java/security/PrivilegedActionException'{0x000000008dfdb1b8}> (0x000000008dfdb1b8) thrown at [src/hotspot/share/prims/jvm.cpp, line 1304]
Event: 0.093 Thread 0x00007f7160016000 Exception <a 'java/security/PrivilegedActionException'{0x000000008dfdbdd0}> (0x000000008dfdbdd0) thrown at [src/hotspot/share/prims/jvm.cpp, line 1304]
Event: 0.093 Thread 0x00007f7160016000 Exception <a 'java/security/PrivilegedActionException'{0x000000008dfdc348}> (0x000000008dfdc348) thrown at [src/hotspot/share/prims/jvm.cpp, line 1304]
Event: 0.093 Thread 0x00007f7160016000 Exception <a 'java/security/PrivilegedActionException'{0x000000008dfdcf78}> (0x000000008dfdcf78) thrown at [src/hotspot/share/prims/jvm.cpp, line 1304]
Event: 0.093 Thread 0x00007f7160016000 Exception <a 'java/security/PrivilegedActionException'{0x000000008dfdd4f0}> (0x000000008dfdd4f0) thrown at [src/hotspot/share/prims/jvm.cpp, line 1304]
Event: 0.105 Thread 0x00007f7160016000 Exception <a 'java/lang/NoSuchMethodError'{0x000000008deb0710}: 'int java.lang.invoke.DirectMethodHandle$Holder.invokeStaticInit(java.lang.Object, java.lang.Object, java.lang.Object, java.lang.Object)'> (0x000000008deb0710) thrown at [src/hotspot/share/interpreter/linkResolver.cpp, line 772]
Event: 0.106 Thread 0x00007f7160016000 Exception <a 'java/lang/IncompatibleClassChangeError'{0x000000008debabf8}: Found class java.lang.Object, but interface was expected> (0x000000008debabf8) thrown at [src/hotspot/share/interpreter/linkResolver.cpp, line 839]
Event: 0.106 Thread 0x00007f7160016000 Exception <a 'java/lang/NoSuchMethodError'{0x000000008debde48}: 'void java.lang.invoke.DirectMethodHandle$Holder.invokeStaticInit(java.lang.Object, java.lang.Object)'> (0x000000008debde48) thrown at [src/hotspot/share/interpreter/linkResolver.cpp, line 772]
Event: 0.108 Thread 0x00007f7160016000 Exception <a 'java/lang/NoSuchMethodError'{0x000000008dec3b18}: 'int java.lang.invoke.DirectMethodHandle$Holder.invokeStaticInit(java.lang.Object, java.lang.Object)'> (0x000000008dec3b18) thrown at [src/hotspot/share/interpreter/linkResolver.cpp, line 772]

Events (20 events):
Event: 0.182 loading class org/bytedeco/llvm/LLVM/LLVMRelocationIteratorRef
Event: 0.182 loading class org/bytedeco/llvm/LLVM/LLVMRelocationIteratorRef done
Event: 0.182 loading class org/bytedeco/llvm/LLVM/LLVMObjectFileRef
Event: 0.182 loading class org/bytedeco/llvm/LLVM/LLVMObjectFileRef done
Event: 0.182 loading class org/bytedeco/llvm/LLVM/LLVMTargetRef
Event: 0.182 loading class org/bytedeco/llvm/LLVM/LLVMTargetRef done
Event: 0.182 loading class org/bytedeco/llvm/LLVM/LLVMPassManagerBuilderRef
Event: 0.182 loading class org/bytedeco/llvm/LLVM/LLVMPassManagerBuilderRef done
Event: 0.182 loading class org/bytedeco/llvm/LLVM/LLVMPassBuilderOptionsRef
Event: 0.182 loading class org/bytedeco/llvm/LLVM/LLVMPassBuilderOptionsRef done
Event: 0.182 loading class org/bytedeco/llvm/LLVM/Pass
Event: 0.182 loading class org/bytedeco/llvm/LLVM/Pass done
Event: 0.182 loading class org/bytedeco/llvm/LLVM/LLVMNamedMDNodeRef
Event: 0.182 loading class org/bytedeco/llvm/LLVM/LLVMNamedMDNodeRef done
Event: 0.182 loading class org/bytedeco/llvm/LLVM/LLVMUseRef
Event: 0.182 loading class org/bytedeco/llvm/LLVM/LLVMUseRef done
Event: 0.184 loading class org/bytedeco/javacpp/PointerScope
Event: 0.184 loading class org/bytedeco/javacpp/PointerScope done
Event: 0.185 loading class org/bytedeco/javacpp/PointerScope$1
Event: 0.185 loading class org/bytedeco/javacpp/PointerScope$1 done


Dynamic libraries:
86a00000-8e400000 rw-p 00000000 00:00 0 
8e400000-ffe00000 ---p 00000000 00:00 0 
ffe00000-ffe48000 rw-p 00b14000 08:20 43898                              /usr/lib/jvm/java-11-openjdk-amd64/lib/server/classes.jsa
ffe48000-fff00000 rw-p 00000000 00:00 0 
fff00000-fff6c000 rw-p 00aa8000 08:20 43898                              /usr/lib/jvm/java-11-openjdk-amd64/lib/server/classes.jsa
fff6c000-100000000 rw-p 00000000 00:00 0 
800000000-800002000 rwxp 00001000 08:20 43898                            /usr/lib/jvm/java-11-openjdk-amd64/lib/server/classes.jsa
800002000-8003ce000 rw-p 00003000 08:20 43898                            /usr/lib/jvm/java-11-openjdk-amd64/lib/server/classes.jsa
8003ce000-800aa6000 r--p 003cf000 08:20 43898                            /usr/lib/jvm/java-11-openjdk-amd64/lib/server/classes.jsa
800aa6000-800aa7000 rw-p 00aa7000 08:20 43898                            /usr/lib/jvm/java-11-openjdk-amd64/lib/server/classes.jsa
840000000-8400c0000 rw-p 00000000 00:00 0 
8400c0000-880000000 ---p 00000000 00:00 0 
558f169dd000-558f169de000 r--p 00000000 08:20 47754                      /usr/lib/jvm/java-11-openjdk-amd64/bin/java
558f169de000-558f169df000 r-xp 00001000 08:20 47754                      /usr/lib/jvm/java-11-openjdk-amd64/bin/java
558f169df000-558f169e0000 r--p 00002000 08:20 47754                      /usr/lib/jvm/java-11-openjdk-amd64/bin/java
558f169e0000-558f169e1000 r--p 00002000 08:20 47754                      /usr/lib/jvm/java-11-openjdk-amd64/bin/java
558f169e1000-558f169e2000 rw-p 00003000 08:20 47754                      /usr/lib/jvm/java-11-openjdk-amd64/bin/java
558f17145000-558f17166000 rw-p 00000000 00:00 0                          [heap]
7f70e952c000-7f70e9e52000 r--p 00000000 08:20 84032                      /home/w/.javacpp/cache/llvm-13.0.1-1.5.7-linux-x86_64.jar/org/bytedeco/llvm/linux-x86_64/libLLVM-13.so
7f70e9e52000-7f70ed815000 r-xp 00926000 08:20 84032                      /home/w/.javacpp/cache/llvm-13.0.1-1.5.7-linux-x86_64.jar/org/bytedeco/llvm/linux-x86_64/libLLVM-13.so
7f70ed815000-7f70efa6a000 r--p 042e9000 08:20 84032                      /home/w/.javacpp/cache/llvm-13.0.1-1.5.7-linux-x86_64.jar/org/bytedeco/llvm/linux-x86_64/libLLVM-13.so
7f70efa6a000-7f70eff7f000 r--p 0653d000 08:20 84032                      /home/w/.javacpp/cache/llvm-13.0.1-1.5.7-linux-x86_64.jar/org/bytedeco/llvm/linux-x86_64/libLLVM-13.so
7f70eff7f000-7f70eff8a000 rw-p 06a52000 08:20 84032                      /home/w/.javacpp/cache/llvm-13.0.1-1.5.7-linux-x86_64.jar/org/bytedeco/llvm/linux-x86_64/libLLVM-13.so
7f70eff8a000-7f70f0000000 rw-p 00000000 00:00 0 
7f70f0000000-7f70f0021000 rw-p 00000000 00:00 0 
7f70f0021000-7f70f4000000 ---p 00000000 00:00 0 
7f70f4000000-7f70f408b000 rw-p 00000000 00:00 0 
7f70f408b000-7f70f8000000 ---p 00000000 00:00 0 
7f70f8000000-7f70f8021000 rw-p 00000000 00:00 0 
7f70f8021000-7f70fc000000 ---p 00000000 00:00 0 
7f70fc000000-7f70fc021000 rw-p 00000000 00:00 0 
7f70fc021000-7f7100000000 ---p 00000000 00:00 0 
7f7100000000-7f71001cb000 rw-p 00000000 00:00 0 
7f71001cb000-7f7104000000 ---p 00000000 00:00 0 
7f7104000000-7f7104021000 rw-p 00000000 00:00 0 
7f7104021000-7f7108000000 ---p 00000000 00:00 0 
7f7108000000-7f7108247000 rw-p 00000000 00:00 0 
7f7108247000-7f710c000000 ---p 00000000 00:00 0 
7f710c000000-7f710c021000 rw-p 00000000 00:00 0 
7f710c021000-7f7110000000 ---p 00000000 00:00 0 
7f7110000000-7f7110021000 rw-p 00000000 00:00 0 
7f7110021000-7f7114000000 ---p 00000000 00:00 0 
7f7114000000-7f7114232000 rw-p 00000000 00:00 0 
7f7114232000-7f7118000000 ---p 00000000 00:00 0 
7f7118000000-7f7118021000 rw-p 00000000 00:00 0 
7f7118021000-7f711c000000 ---p 00000000 00:00 0 
7f711f109000-7f711f10d000 ---p 00000000 00:00 0 
7f711f10d000-7f711f20a000 rw-p 00000000 00:00 0 
7f711f20a000-7f711f26f000 r--p 00000000 08:20 84037                      /home/w/.javacpp/cache/llvm-13.0.1-1.5.7-linux-x86_64.jar/org/bytedeco/llvm/linux-x86_64/libjniLLVM.so
7f711f26f000-7f711f2dd000 r-xp 00065000 08:20 84037                      /home/w/.javacpp/cache/llvm-13.0.1-1.5.7-linux-x86_64.jar/org/bytedeco/llvm/linux-x86_64/libjniLLVM.so
7f711f2dd000-7f711f308000 r--p 000d3000 08:20 84037                      /home/w/.javacpp/cache/llvm-13.0.1-1.5.7-linux-x86_64.jar/org/bytedeco/llvm/linux-x86_64/libjniLLVM.so
7f711f308000-7f711f30b000 r--p 000fd000 08:20 84037                      /home/w/.javacpp/cache/llvm-13.0.1-1.5.7-linux-x86_64.jar/org/bytedeco/llvm/linux-x86_64/libjniLLVM.so
7f711f30b000-7f711f30e000 rw-p 00100000 08:20 84037                      /home/w/.javacpp/cache/llvm-13.0.1-1.5.7-linux-x86_64.jar/org/bytedeco/llvm/linux-x86_64/libjniLLVM.so
7f711f30e000-7f711f310000 rw-p 00000000 00:00 0 
7f711f310000-7f711f314000 ---p 00000000 00:00 0 
7f711f314000-7f711f411000 rw-p 00000000 00:00 0 
7f711f411000-7f711f415000 ---p 00000000 00:00 0 
7f711f415000-7f711f512000 rw-p 00000000 00:00 0 
7f711f512000-7f711f516000 ---p 00000000 00:00 0 
7f711f516000-7f711f613000 rw-p 00000000 00:00 0 
7f711f613000-7f711f614000 ---p 00000000 00:00 0 
7f711f614000-7f711f714000 rw-p 00000000 00:00 0 
7f711f714000-7f711f718000 ---p 00000000 00:00 0 
7f711f718000-7f711f815000 rw-p 00000000 00:00 0 
7f711f815000-7f711f819000 ---p 00000000 00:00 0 
7f711f819000-7f711f916000 rw-p 00000000 00:00 0 
7f711f916000-7f711f91a000 ---p 00000000 00:00 0 
7f711f91a000-7f711fa17000 rw-p 00000000 00:00 0 
7f711fa17000-7f711fa1b000 ---p 00000000 00:00 0 
7f711fa1b000-7f711fb18000 rw-p 00000000 00:00 0 
7f711fb18000-7f711fb1c000 ---p 00000000 00:00 0 
7f711fb1c000-7f711fc19000 rw-p 00000000 00:00 0 
7f711fc19000-7f711fc1d000 ---p 00000000 00:00 0 
7f711fc1d000-7f711fd1a000 rw-p 00000000 00:00 0 
7f711fd1a000-7f7120000000 r--p 00000000 08:20 2680                       /usr/lib/locale/locale-archive
7f7120000000-7f7120021000 rw-p 00000000 00:00 0 
7f7120021000-7f7124000000 ---p 00000000 00:00 0 
7f7124000000-7f7124021000 rw-p 00000000 00:00 0 
7f7124021000-7f7128000000 ---p 00000000 00:00 0 
7f7128000000-7f7128021000 rw-p 00000000 00:00 0 
7f7128021000-7f712c000000 ---p 00000000 00:00 0 
7f712c000000-7f712c021000 rw-p 00000000 00:00 0 
7f712c021000-7f7130000000 ---p 00000000 00:00 0 
7f7130000000-7f7130021000 rw-p 00000000 00:00 0 
7f7130021000-7f7134000000 ---p 00000000 00:00 0 
7f7134000000-7f7134021000 rw-p 00000000 00:00 0 
7f7134021000-7f7138000000 ---p 00000000 00:00 0 
7f7138000000-7f7138021000 rw-p 00000000 00:00 0 
7f7138021000-7f713c000000 ---p 00000000 00:00 0 
7f713c042000-7f713c043000 r--p 00000000 08:20 84035                      /home/w/.javacpp/cache/llvm-13.0.1-1.5.7-linux-x86_64.jar/org/bytedeco/llvm/linux-x86_64/libRemarks.so.13
7f713c043000-7f713c044000 r-xp 00001000 08:20 84035                      /home/w/.javacpp/cache/llvm-13.0.1-1.5.7-linux-x86_64.jar/org/bytedeco/llvm/linux-x86_64/libRemarks.so.13
7f713c044000-7f713c045000 r--p 00002000 08:20 84035                      /home/w/.javacpp/cache/llvm-13.0.1-1.5.7-linux-x86_64.jar/org/bytedeco/llvm/linux-x86_64/libRemarks.so.13
7f713c045000-7f713c046000 r--p 00002000 08:20 84035                      /home/w/.javacpp/cache/llvm-13.0.1-1.5.7-linux-x86_64.jar/org/bytedeco/llvm/linux-x86_64/libRemarks.so.13
7f713c046000-7f713c047000 rw-p 00003000 08:20 84035                      /home/w/.javacpp/cache/llvm-13.0.1-1.5.7-linux-x86_64.jar/org/bytedeco/llvm/linux-x86_64/libRemarks.so.13
7f713c047000-7f713c04e000 r--p 00000000 08:20 84033                      /home/w/.javacpp/cache/llvm-13.0.1-1.5.7-linux-x86_64.jar/org/bytedeco/llvm/linux-x86_64/libLTO.so.13
7f713c04e000-7f713c056000 r-xp 00007000 08:20 84033                      /home/w/.javacpp/cache/llvm-13.0.1-1.5.7-linux-x86_64.jar/org/bytedeco/llvm/linux-x86_64/libLTO.so.13
7f713c056000-7f713c058000 r--p 0000f000 08:20 84033                      /home/w/.javacpp/cache/llvm-13.0.1-1.5.7-linux-x86_64.jar/org/bytedeco/llvm/linux-x86_64/libLTO.so.13
7f713c058000-7f713c059000 r--p 00010000 08:20 84033                      /home/w/.javacpp/cache/llvm-13.0.1-1.5.7-linux-x86_64.jar/org/bytedeco/llvm/linux-x86_64/libLTO.so.13
7f713c059000-7f713c05a000 rw-p 00011000 08:20 84033                      /home/w/.javacpp/cache/llvm-13.0.1-1.5.7-linux-x86_64.jar/org/bytedeco/llvm/linux-x86_64/libLTO.so.13
7f713c05a000-7f713c05e000 r--p 00000000 08:20 84026                      /home/w/.javacpp/cache/javacpp-1.5.7-linux-x86_64.jar/org/bytedeco/javacpp/linux-x86_64/libjnijavacpp.so
7f713c05e000-7f713c065000 r-xp 00004000 08:20 84026                      /home/w/.javacpp/cache/javacpp-1.5.7-linux-x86_64.jar/org/bytedeco/javacpp/linux-x86_64/libjnijavacpp.so
7f713c065000-7f713c069000 r--p 0000b000 08:20 84026                      /home/w/.javacpp/cache/javacpp-1.5.7-linux-x86_64.jar/org/bytedeco/javacpp/linux-x86_64/libjnijavacpp.so
7f713c069000-7f713c06a000 r--p 0000e000 08:20 84026                      /home/w/.javacpp/cache/javacpp-1.5.7-linux-x86_64.jar/org/bytedeco/javacpp/linux-x86_64/libjnijavacpp.so
7f713c06a000-7f713c06b000 rw-p 0000f000 08:20 84026                      /home/w/.javacpp/cache/javacpp-1.5.7-linux-x86_64.jar/org/bytedeco/javacpp/linux-x86_64/libjnijavacpp.so
7f713c06b000-7f713c09c000 rw-p 00000000 00:00 0 
7f713c09c000-7f713c0a0000 r--p 00000000 08:20 47903                      /usr/lib/jvm/java-11-openjdk-amd64/lib/libnet.so
7f713c0a0000-7f713c0ae000 r-xp 00004000 08:20 47903                      /usr/lib/jvm/java-11-openjdk-amd64/lib/libnet.so
7f713c0ae000-7f713c0b2000 r--p 00012000 08:20 47903                      /usr/lib/jvm/java-11-openjdk-amd64/lib/libnet.so
7f713c0b2000-7f713c0b3000 r--p 00015000 08:20 47903                      /usr/lib/jvm/java-11-openjdk-amd64/lib/libnet.so
7f713c0b3000-7f713c0b4000 rw-p 00016000 08:20 47903                      /usr/lib/jvm/java-11-openjdk-amd64/lib/libnet.so
7f713c0b4000-7f713c0bb000 r--p 00000000 08:20 47904                      /usr/lib/jvm/java-11-openjdk-amd64/lib/libnio.so
7f713c0bb000-7f713c0c3000 r-xp 00007000 08:20 47904                      /usr/lib/jvm/java-11-openjdk-amd64/lib/libnio.so
7f713c0c3000-7f713c0c6000 r--p 0000f000 08:20 47904                      /usr/lib/jvm/java-11-openjdk-amd64/lib/libnio.so
7f713c0c6000-7f713c0c7000 r--p 00011000 08:20 47904                      /usr/lib/jvm/java-11-openjdk-amd64/lib/libnio.so
7f713c0c7000-7f713c0c8000 rw-p 00012000 08:20 47904                      /usr/lib/jvm/java-11-openjdk-amd64/lib/libnio.so
7f713c0c8000-7f713c0fa000 r--p 00000000 08:20 22158                      /usr/lib/locale/C.UTF-8/LC_CTYPE
7f713c0fa000-7f713c26d000 r--p 00000000 08:20 22157                      /usr/lib/locale/C.UTF-8/LC_COLLATE
7f713c26d000-7f713c271000 ---p 00000000 00:00 0 
7f713c271000-7f713c36e000 rw-p 00000000 00:00 0 
7f713c36e000-7f713c372000 ---p 00000000 00:00 0 
7f713c372000-7f713c46f000 rw-p 00000000 00:00 0 
7f713c46f000-7f713c470000 ---p 00000000 00:00 0 
7f713c470000-7f713cc34000 rw-p 00000000 00:00 0 
7f713cc34000-7f713ce74000 ---p 00000000 00:00 0 
7f713ce74000-7f713ce75000 ---p 00000000 00:00 0 
7f713ce75000-7f713cf75000 rw-p 00000000 00:00 0 
7f713cf75000-7f713cf76000 ---p 00000000 00:00 0 
7f713cf76000-7f713fd83000 rw-p 00000000 00:00 0 
7f713fd83000-7f713fd84000 ---p 00000000 00:00 0 
7f713fd84000-7f713fe84000 rw-p 00000000 00:00 0 
7f713fe84000-7f713fe85000 ---p 00000000 00:00 0 
7f713fe85000-7f714016d000 rw-p 00000000 00:00 0 
7f714016d000-7f7141dd5000 ---p 00000000 00:00 0 
7f7141dd5000-7f7141fc5000 rw-p 00000000 00:00 0 
7f7141fc5000-7f7143c2d000 ---p 00000000 00:00 0 
7f7143c2d000-7f7143c72000 rw-p 00000000 00:00 0 
7f7143c72000-7f7143fff000 ---p 00000000 00:00 0 
7f7143fff000-7f7144000000 rw-p 00000000 00:00 0 
7f7144000000-7f7144021000 rw-p 00000000 00:00 0 
7f7144021000-7f7148000000 ---p 00000000 00:00 0 
7f7148003000-7f7148082000 rw-p 00000000 00:00 0 
7f7148082000-7f714840f000 ---p 00000000 00:00 0 
7f714840f000-7f714844d000 rw-p 00000000 00:00 0 
7f714844d000-7f71487da000 ---p 00000000 00:00 0 
7f71487da000-7f71487db000 rw-p 00000000 00:00 0 
7f71487db000-7f7148a4b000 rwxp 00000000 00:00 0 
7f7148a4b000-7f7148f1a000 ---p 00000000 00:00 0 
7f7148f1a000-7f714918a000 rwxp 00000000 00:00 0 
7f714918a000-7f715037a000 ---p 00000000 00:00 0 
7f715037a000-7f71505ea000 rwxp 00000000 00:00 0 
7f71505ea000-7f71577db000 ---p 00000000 00:00 0 
7f71577db000-7f7160000000 r--s 00000000 08:20 47913                      /usr/lib/jvm/java-11-openjdk-amd64/lib/modules
7f7160000000-7f71603ef000 rw-p 00000000 00:00 0 
7f71603ef000-7f7164000000 ---p 00000000 00:00 0 
7f7164001000-7f7164002000 r--p 00000000 08:20 22164                      /usr/lib/locale/C.UTF-8/LC_NUMERIC
7f7164002000-7f7164003000 r--p 00000000 08:20 22167                      /usr/lib/locale/C.UTF-8/LC_TIME
7f7164003000-7f7164004000 r--p 00000000 08:20 22162                      /usr/lib/locale/C.UTF-8/LC_MONETARY
7f7164004000-7f7164005000 r--p 00000000 08:20 22161                      /usr/lib/locale/C.UTF-8/LC_MESSAGES/SYS_LC_MESSAGES
7f7164005000-7f7164006000 r--p 00000000 08:20 22165                      /usr/lib/locale/C.UTF-8/LC_PAPER
7f7164006000-7f7164007000 r--p 00000000 08:20 22163                      /usr/lib/locale/C.UTF-8/LC_NAME
7f7164007000-7f716400e000 r--s 00000000 08:20 42067                      /usr/lib/x86_64-linux-gnu/gconv/gconv-modules.cache
7f716400e000-7f7164dd5000 rw-p 00000000 00:00 0 
7f7164dd5000-7f7164dd6000 ---p 00000000 00:00 0 
7f7164dd6000-7f7164edb000 rw-p 00000000 00:00 0 
7f7164edb000-7f7164fbf000 ---p 00000000 00:00 0 
7f7164fbf000-7f7164fc4000 rw-p 00000000 00:00 0 
7f7164fc4000-7f71650a8000 ---p 00000000 00:00 0 
7f71650a8000-7f71650ad000 rw-p 00000000 00:00 0 
7f71650ad000-7f71650b7000 ---p 00000000 00:00 0 
7f71650b7000-7f71650b9000 r--p 00000000 08:20 47912                      /usr/lib/jvm/java-11-openjdk-amd64/lib/libzip.so
7f71650b9000-7f71650be000 r-xp 00002000 08:20 47912                      /usr/lib/jvm/java-11-openjdk-amd64/lib/libzip.so
7f71650be000-7f71650c0000 r--p 00007000 08:20 47912                      /usr/lib/jvm/java-11-openjdk-amd64/lib/libzip.so
7f71650c0000-7f71650c1000 r--p 00008000 08:20 47912                      /usr/lib/jvm/java-11-openjdk-amd64/lib/libzip.so
7f71650c1000-7f71650c2000 rw-p 00009000 08:20 47912                      /usr/lib/jvm/java-11-openjdk-amd64/lib/libzip.so
7f71650c2000-7f71650c5000 r--p 00000000 08:20 41808                      /usr/lib/x86_64-linux-gnu/libnss_files-2.31.so
7f71650c5000-7f71650cc000 r-xp 00003000 08:20 41808                      /usr/lib/x86_64-linux-gnu/libnss_files-2.31.so
7f71650cc000-7f71650ce000 r--p 0000a000 08:20 41808                      /usr/lib/x86_64-linux-gnu/libnss_files-2.31.so
7f71650ce000-7f71650cf000 r--p 0000b000 08:20 41808                      /usr/lib/x86_64-linux-gnu/libnss_files-2.31.so
7f71650cf000-7f71650d0000 rw-p 0000c000 08:20 41808                      /usr/lib/x86_64-linux-gnu/libnss_files-2.31.so
7f71650d0000-7f71650d6000 rw-p 00000000 00:00 0 
7f71650d6000-7f71650d7000 r--p 00000000 08:20 22156                      /usr/lib/locale/C.UTF-8/LC_ADDRESS
7f71650d7000-7f71650d8000 r--p 00000000 08:20 22166                      /usr/lib/locale/C.UTF-8/LC_TELEPHONE
7f71650d8000-7f71650e0000 rw-s 00000000 08:20 12608                      /tmp/hsperfdata_w/233938
7f71650e0000-7f71650e1000 ---p 00000000 00:00 0 
7f71650e1000-7f71650e2000 r--p 00000000 00:00 0 
7f71650e2000-7f71650f0000 r--p 00000000 08:20 47892                      /usr/lib/jvm/java-11-openjdk-amd64/lib/libjava.so
7f71650f0000-7f7165106000 r-xp 0000e000 08:20 47892                      /usr/lib/jvm/java-11-openjdk-amd64/lib/libjava.so
7f7165106000-7f716510d000 r--p 00024000 08:20 47892                      /usr/lib/jvm/java-11-openjdk-amd64/lib/libjava.so
7f716510d000-7f716510e000 r--p 0002a000 08:20 47892                      /usr/lib/jvm/java-11-openjdk-amd64/lib/libjava.so
7f716510e000-7f716510f000 rw-p 0002b000 08:20 47892                      /usr/lib/jvm/java-11-openjdk-amd64/lib/libjava.so
7f716510f000-7f7165110000 rw-p 00000000 00:00 0 
7f7165110000-7f7165115000 r--p 00000000 08:20 47911                      /usr/lib/jvm/java-11-openjdk-amd64/lib/libverify.so
7f7165115000-7f716511c000 r-xp 00005000 08:20 47911                      /usr/lib/jvm/java-11-openjdk-amd64/lib/libverify.so
7f716511c000-7f716511e000 r--p 0000c000 08:20 47911                      /usr/lib/jvm/java-11-openjdk-amd64/lib/libverify.so
7f716511e000-7f716511f000 ---p 0000e000 08:20 47911                      /usr/lib/jvm/java-11-openjdk-amd64/lib/libverify.so
7f716511f000-7f7165121000 r--p 0000e000 08:20 47911                      /usr/lib/jvm/java-11-openjdk-amd64/lib/libverify.so
7f7165121000-7f7165122000 rw-p 00010000 08:20 47911                      /usr/lib/jvm/java-11-openjdk-amd64/lib/libverify.so
7f7165122000-7f7165124000 r--p 00000000 08:20 41815                      /usr/lib/x86_64-linux-gnu/librt-2.31.so
7f7165124000-7f7165128000 r-xp 00002000 08:20 41815                      /usr/lib/x86_64-linux-gnu/librt-2.31.so
7f7165128000-7f716512a000 r--p 00006000 08:20 41815                      /usr/lib/x86_64-linux-gnu/librt-2.31.so
7f716512a000-7f716512b000 r--p 00007000 08:20 41815                      /usr/lib/x86_64-linux-gnu/librt-2.31.so
7f716512b000-7f716512c000 rw-p 00008000 08:20 41815                      /usr/lib/x86_64-linux-gnu/librt-2.31.so
7f716512c000-7f7165130000 ---p 00000000 00:00 0 
7f7165130000-7f716522d000 rw-p 00000000 00:00 0 
7f716522d000-7f7165230000 r--p 00000000 08:20 41776                      /usr/lib/x86_64-linux-gnu/libgcc_s.so.1
7f7165230000-7f7165242000 r-xp 00003000 08:20 41776                      /usr/lib/x86_64-linux-gnu/libgcc_s.so.1
7f7165242000-7f7165246000 r--p 00015000 08:20 41776                      /usr/lib/x86_64-linux-gnu/libgcc_s.so.1
7f7165246000-7f7165247000 r--p 00018000 08:20 41776                      /usr/lib/x86_64-linux-gnu/libgcc_s.so.1
7f7165247000-7f7165248000 rw-p 00019000 08:20 41776                      /usr/lib/x86_64-linux-gnu/libgcc_s.so.1
7f7165248000-7f7165255000 r--p 00000000 08:20 41802                      /usr/lib/x86_64-linux-gnu/libm-2.31.so
7f7165255000-7f71652fc000 r-xp 0000d000 08:20 41802                      /usr/lib/x86_64-linux-gnu/libm-2.31.so
7f71652fc000-7f7165395000 r--p 000b4000 08:20 41802                      /usr/lib/x86_64-linux-gnu/libm-2.31.so
7f7165395000-7f7165396000 r--p 0014c000 08:20 41802                      /usr/lib/x86_64-linux-gnu/libm-2.31.so
7f7165396000-7f7165397000 rw-p 0014d000 08:20 41802                      /usr/lib/x86_64-linux-gnu/libm-2.31.so
7f7165397000-7f716542d000 r--p 00000000 08:20 40202                      /usr/lib/x86_64-linux-gnu/libstdc++.so.6.0.28
7f716542d000-7f716551e000 r-xp 00096000 08:20 40202                      /usr/lib/x86_64-linux-gnu/libstdc++.so.6.0.28
7f716551e000-7f7165567000 r--p 00187000 08:20 40202                      /usr/lib/x86_64-linux-gnu/libstdc++.so.6.0.28
7f7165567000-7f7165568000 ---p 001d0000 08:20 40202                      /usr/lib/x86_64-linux-gnu/libstdc++.so.6.0.28
7f7165568000-7f7165573000 r--p 001d0000 08:20 40202                      /usr/lib/x86_64-linux-gnu/libstdc++.so.6.0.28
7f7165573000-7f7165576000 rw-p 001db000 08:20 40202                      /usr/lib/x86_64-linux-gnu/libstdc++.so.6.0.28
7f7165576000-7f7165579000 rw-p 00000000 00:00 0 
7f7165579000-7f71657fb000 r--p 00000000 08:20 47918                      /usr/lib/jvm/java-11-openjdk-amd64/lib/server/libjvm.so
7f71657fb000-7f7166488000 r-xp 00282000 08:20 47918                      /usr/lib/jvm/java-11-openjdk-amd64/lib/server/libjvm.so
7f7166488000-7f71666e9000 r--p 00f0f000 08:20 47918                      /usr/lib/jvm/java-11-openjdk-amd64/lib/server/libjvm.so
7f71666e9000-7f71666ea000 ---p 01170000 08:20 47918                      /usr/lib/jvm/java-11-openjdk-amd64/lib/server/libjvm.so
7f71666ea000-7f71667ae000 r--p 01170000 08:20 47918                      /usr/lib/jvm/java-11-openjdk-amd64/lib/server/libjvm.so
7f71667ae000-7f71667e9000 rw-p 01234000 08:20 47918                      /usr/lib/jvm/java-11-openjdk-amd64/lib/server/libjvm.so
7f71667e9000-7f7166842000 rw-p 00000000 00:00 0 
7f7166842000-7f7166864000 r--p 00000000 08:20 41800                      /usr/lib/x86_64-linux-gnu/libc-2.31.so
7f7166864000-7f71669dc000 r-xp 00022000 08:20 41800                      /usr/lib/x86_64-linux-gnu/libc-2.31.so
7f71669dc000-7f7166a2a000 r--p 0019a000 08:20 41800                      /usr/lib/x86_64-linux-gnu/libc-2.31.so
7f7166a2a000-7f7166a2e000 r--p 001e7000 08:20 41800                      /usr/lib/x86_64-linux-gnu/libc-2.31.so
7f7166a2e000-7f7166a30000 rw-p 001eb000 08:20 41800                      /usr/lib/x86_64-linux-gnu/libc-2.31.so
7f7166a30000-7f7166a34000 rw-p 00000000 00:00 0 
7f7166a34000-7f7166a35000 r--p 00000000 08:20 41801                      /usr/lib/x86_64-linux-gnu/libdl-2.31.so
7f7166a35000-7f7166a37000 r-xp 00001000 08:20 41801                      /usr/lib/x86_64-linux-gnu/libdl-2.31.so
7f7166a37000-7f7166a38000 r--p 00003000 08:20 41801                      /usr/lib/x86_64-linux-gnu/libdl-2.31.so
7f7166a38000-7f7166a39000 r--p 00003000 08:20 41801                      /usr/lib/x86_64-linux-gnu/libdl-2.31.so
7f7166a39000-7f7166a3a000 rw-p 00004000 08:20 41801                      /usr/lib/x86_64-linux-gnu/libdl-2.31.so
7f7166a3a000-7f7166a3d000 r--p 00000000 08:20 47877                      /usr/lib/jvm/java-11-openjdk-amd64/lib/jli/libjli.so
7f7166a3d000-7f7166a47000 r-xp 00003000 08:20 47877                      /usr/lib/jvm/java-11-openjdk-amd64/lib/jli/libjli.so
7f7166a47000-7f7166a4a000 r--p 0000d000 08:20 47877                      /usr/lib/jvm/java-11-openjdk-amd64/lib/jli/libjli.so
7f7166a4a000-7f7166a4b000 ---p 00010000 08:20 47877                      /usr/lib/jvm/java-11-openjdk-amd64/lib/jli/libjli.so
7f7166a4b000-7f7166a4c000 r--p 00010000 08:20 47877                      /usr/lib/jvm/java-11-openjdk-amd64/lib/jli/libjli.so
7f7166a4c000-7f7166a4d000 rw-p 00011000 08:20 47877                      /usr/lib/jvm/java-11-openjdk-amd64/lib/jli/libjli.so
7f7166a4d000-7f7166a53000 r--p 00000000 08:20 41813                      /usr/lib/x86_64-linux-gnu/libpthread-2.31.so
7f7166a53000-7f7166a64000 r-xp 00006000 08:20 41813                      /usr/lib/x86_64-linux-gnu/libpthread-2.31.so
7f7166a64000-7f7166a6a000 r--p 00017000 08:20 41813                      /usr/lib/x86_64-linux-gnu/libpthread-2.31.so
7f7166a6a000-7f7166a6b000 r--p 0001c000 08:20 41813                      /usr/lib/x86_64-linux-gnu/libpthread-2.31.so
7f7166a6b000-7f7166a6c000 rw-p 0001d000 08:20 41813                      /usr/lib/x86_64-linux-gnu/libpthread-2.31.so
7f7166a6c000-7f7166a70000 rw-p 00000000 00:00 0 
7f7166a70000-7f7166a72000 r--p 00000000 08:20 13174                      /usr/lib/x86_64-linux-gnu/libz.so.1.2.11
7f7166a72000-7f7166a83000 r-xp 00002000 08:20 13174                      /usr/lib/x86_64-linux-gnu/libz.so.1.2.11
7f7166a83000-7f7166a89000 r--p 00013000 08:20 13174                      /usr/lib/x86_64-linux-gnu/libz.so.1.2.11
7f7166a89000-7f7166a8a000 ---p 00019000 08:20 13174                      /usr/lib/x86_64-linux-gnu/libz.so.1.2.11
7f7166a8a000-7f7166a8b000 r--p 00019000 08:20 13174                      /usr/lib/x86_64-linux-gnu/libz.so.1.2.11
7f7166a8b000-7f7166a8c000 rw-p 0001a000 08:20 13174                      /usr/lib/x86_64-linux-gnu/libz.so.1.2.11
7f7166a8c000-7f7166a8d000 r--p 00000000 08:20 22160                      /usr/lib/locale/C.UTF-8/LC_MEASUREMENT
7f7166a8d000-7f7166a8f000 r--p 00000000 08:20 47895                      /usr/lib/jvm/java-11-openjdk-amd64/lib/libjimage.so
7f7166a8f000-7f7166a92000 r-xp 00002000 08:20 47895                      /usr/lib/jvm/java-11-openjdk-amd64/lib/libjimage.so
7f7166a92000-7f7166a93000 r--p 00005000 08:20 47895                      /usr/lib/jvm/java-11-openjdk-amd64/lib/libjimage.so
7f7166a93000-7f7166a94000 ---p 00006000 08:20 47895                      /usr/lib/jvm/java-11-openjdk-amd64/lib/libjimage.so
7f7166a94000-7f7166a95000 r--p 00006000 08:20 47895                      /usr/lib/jvm/java-11-openjdk-amd64/lib/libjimage.so
7f7166a95000-7f7166a96000 rw-p 00007000 08:20 47895                      /usr/lib/jvm/java-11-openjdk-amd64/lib/libjimage.so
7f7166a96000-7f7166a98000 rw-p 00000000 00:00 0 
7f7166a98000-7f7166a99000 r--p 00000000 08:20 40200                      /usr/lib/x86_64-linux-gnu/ld-2.31.so
7f7166a99000-7f7166abc000 r-xp 00001000 08:20 40200                      /usr/lib/x86_64-linux-gnu/ld-2.31.so
7f7166abc000-7f7166ac4000 r--p 00024000 08:20 40200                      /usr/lib/x86_64-linux-gnu/ld-2.31.so
7f7166ac4000-7f7166ac5000 r--p 00000000 08:20 22159                      /usr/lib/locale/C.UTF-8/LC_IDENTIFICATION
7f7166ac5000-7f7166ac6000 r--p 0002c000 08:20 40200                      /usr/lib/x86_64-linux-gnu/ld-2.31.so
7f7166ac6000-7f7166ac7000 rw-p 0002d000 08:20 40200                      /usr/lib/x86_64-linux-gnu/ld-2.31.so
7f7166ac7000-7f7166ac8000 rw-p 00000000 00:00 0 
7ffc32306000-7ffc32328000 rw-p 00000000 00:00 0                          [stack]
7ffc323ba000-7ffc323be000 r--p 00000000 00:00 0                          [vvar]
7ffc323be000-7ffc323c0000 r-xp 00000000 00:00 0                          [vdso]


VM Arguments:
java_command: Main
java_class_path (initial): ./classes:/usr/local/lib/antlr-4.9.1-complete.jar:/usr/local/lib/llvm-13.0.1-1.5.7.jar:/usr/local/lib/llvm-platform-13.0.1-1.5.7.jar:/usr/local/lib/llvm-13.0.1-1.5.7-linux-x86_64.jar:/usr/local/lib/javacpp-1.5.7.jar:/usr/local/lib/javacpp-1.5.7-linux-x86_64.jar
Launcher Type: SUN_STANDARD

[Global flags]
     intx CICompilerCount                          = 12                                        {product} {ergonomic}
     uint ConcGCThreads                            = 3                                         {product} {ergonomic}
     uint G1ConcRefinementThreads                  = 13                                        {product} {ergonomic}
   size_t G1HeapRegionSize                         = 1048576                                   {product} {ergonomic}
    uintx GCDrainStackTargetSize                   = 64                                        {product} {ergonomic}
   size_t InitialHeapSize                          = 127926272                                 {product} {ergonomic}
   size_t MarkStackSize                            = 4194304                                   {product} {ergonomic}
   size_t MaxHeapSize                              = 2036334592                                {product} {ergonomic}
   size_t MaxNewSize                               = 1221591040                                {product} {ergonomic}
   size_t MinHeapDeltaBytes                        = 1048576                                   {product} {ergonomic}
    uintx NonNMethodCodeHeapSize                   = 7594288                                {pd product} {ergonomic}
    uintx NonProfiledCodeHeapSize                  = 122031976                              {pd product} {ergonomic}
    uintx ProfiledCodeHeapSize                     = 122031976                              {pd product} {ergonomic}
    uintx ReservedCodeCacheSize                    = 251658240                              {pd product} {ergonomic}
     bool SegmentedCodeCache                       = true                                      {product} {ergonomic}
     bool UseCompressedClassPointers               = true                                 {lp64_product} {ergonomic}
     bool UseCompressedOops                        = true                                 {lp64_product} {ergonomic}
     bool UseG1GC                                  = true                                      {product} {ergonomic}

Logging:
Log output configuration:
 #0: stdout all=warning uptime,level,tags
 #1: stderr all=off uptime,level,tags

Environment Variables:
CLASSPATH=/usr/local/lib/antlr-4.9.1-complete.jar:/usr/local/lib/llvm-13.0.1-1.5.7.jar:/usr/local/lib/llvm-platform-13.0.1-1.5.7.jar:/usr/local/lib/llvm-13.0.1-1.5.7-linux-x86_64.jar:/usr/local/lib/javacpp-1.5.7.jar:/usr/local/lib/javacpp-1.5.7-linux-x86_64.jar
PATH=/usr/local/sbin:/usr/local/bin:/usr/sbin:/usr/bin:/sbin:/bin:/usr/games:/usr/local/games:/usr/lib/wsl/lib:/mnt/c/Python312/Scripts/:/mnt/c/Python312/:/mnt/c/Program Files (x86)/Common Files/Oracle/Java/javapath:/mnt/c/Windows/system32:/mnt/c/Windows:/mnt/c/Windows/System32/Wbem:/mnt/c/Windows/System32/WindowsPowerShell/v1.0/:/mnt/c/Windows/System32/OpenSSH/:/mnt/d/mingw64/bin:/mnt/d/codes/vx/web/dll:/mnt/d/cod:/mnt/c/ProgramData/chocolatey/bin:/mnt/c/Users/anti/AppData/Local/Google/Chrome/Application:/mnt/e/web/dll:/mnt/d/cod:/mnt/d/Git/cmd:/mnt/c/Users/anti/AppData/Local/Programs/Python/Python310/Scripts/:/mnt/c/Users/anti/AppData/Local/Programs/Python/Python310/:/mnt/c/Users/anti/AppData/Local/Microsoft/WindowsApps:/mnt/d/CLion 2022.2.3/bin:/mnt/d/Microsoft VS Code/bin:/mnt/d/mingw64/bin:/mnt/f/QQGameTempest/Hall.57915/:/mnt/c/Users/anti/AppData/Local/JetBrains/Toolbox/scripts:/mnt/c/Users/anti/AppData/Local/Microsoft/WindowsApps:/mnt/c/Users/anti/AppData/Local/Pandoc/:/mnt/c/Users/anti/AppData/Roaming/npm:/mnt/d/code/appium:/mnt/d/code/android-sdk-windows/platform-tools:/mnt/d/code/android-sdk-windows/tools:/mnt/c/Program Files/Java/jdk1.8.0_301/bin:/mnt/c/Program Files/Java/jdk1.8.0_301/bin:/mnt/d/code/android-sdk-windows/build-tools/29.0.3:/mnt/d/code/appium/node/:/mnt/f/pyCharm/PyCharm 2024.1/bin:/mnt/e/WebStorm 2023.3.4/bin:/snap/bin
SHELL=/bin/bash
DISPLAY=:0
HOSTTYPE=x86_64
LANG=C.UTF-8
TERM=xterm-256color

Signal Handlers:
SIGSEGV: [libjvm.so+0xe9cbc0], sa_mask[0]=11111111011111111101111111111110, sa_flags=SA_RESTART|SA_SIGINFO
SIGBUS: [libjvm.so+0xe9cbc0], sa_mask[0]=11111111011111111101111111111110, sa_flags=SA_RESTART|SA_SIGINFO
SIGFPE: [libjvm.so+0xe9cbc0], sa_mask[0]=11111111011111111101111111111110, sa_flags=SA_RESTART|SA_SIGINFO
SIGPIPE: [libjvm.so+0xbe3c50], sa_mask[0]=11111111011111111101111111111110, sa_flags=SA_RESTART|SA_SIGINFO
SIGXFSZ: [libjvm.so+0xbe3c50], sa_mask[0]=11111111011111111101111111111110, sa_flags=SA_RESTART|SA_SIGINFO
SIGILL: [libjvm.so+0xe9cbc0], sa_mask[0]=11111111011111111101111111111110, sa_flags=SA_RESTART|SA_SIGINFO
SIGUSR2: [libjvm.so+0xbe3af0], sa_mask[0]=00000000000000000000000000000000, sa_flags=SA_RESTART|SA_SIGINFO
SIGHUP: [libjvm.so+0xbe42b0], sa_mask[0]=11111111011111111101111111111110, sa_flags=SA_RESTART|SA_SIGINFO
SIGINT: [libjvm.so+0xbe42b0], sa_mask[0]=11111111011111111101111111111110, sa_flags=SA_RESTART|SA_SIGINFO
SIGTERM: [libjvm.so+0xbe42b0], sa_mask[0]=11111111011111111101111111111110, sa_flags=SA_RESTART|SA_SIGINFO
SIGQUIT: [libjvm.so+0xbe42b0], sa_mask[0]=11111111011111111101111111111110, sa_flags=SA_RESTART|SA_SIGINFO


---------------  S Y S T E M  ---------------

OS:DISTRIB_ID=Ubuntu
DISTRIB_RELEASE=20.04
DISTRIB_CODENAME=focal
DISTRIB_DESCRIPTION="Ubuntu 20.04.6 LTS"
uname:Linux 5.15.153.1-microsoft-standard-WSL2 #1 SMP Fri Mar 29 23:14:13 UTC 2024 x86_64
OS uptime: 0 days 14:56 hours
libc:glibc 2.31 NPTL 2.31 
rlimit (soft/hard): STACK 8192k/infinity , CORE 0k/infinity , NPROC 31039/31039 , NOFILE 1048576/1048576 , AS infinity/infinity , CPU infinity/infinity , DATA infinity/infinity , FSIZE infinity/infinity , MEMLOCK 65536k/65536k
load average:0.10 0.19 0.31

/proc/meminfo:
MemTotal:        7952732 kB
MemFree:         2568128 kB
MemAvailable:    3670484 kB
Buffers:           34216 kB
Cached:          1211760 kB
SwapCached:          448 kB
Active:           658276 kB
Inactive:        4017460 kB
Active(anon):       5312 kB
Inactive(anon):  3428256 kB
Active(file):     652964 kB
Inactive(file):   589204 kB
Unevictable:           0 kB
Mlocked:               0 kB
SwapTotal:       2097152 kB
SwapFree:        2068752 kB
Dirty:                20 kB
Writeback:            32 kB
AnonPages:       3421016 kB
Mapped:           963332 kB
Shmem:              3808 kB
KReclaimable:     151532 kB
Slab:             269188 kB
SReclaimable:     151532 kB
SUnreclaim:       117656 kB
KernelStack:        8144 kB
PageTables:        15760 kB
NFS_Unstable:          0 kB
Bounce:                0 kB
WritebackTmp:          0 kB
CommitLimit:     6073516 kB
Committed_AS:    3975156 kB
VmallocTotal:   34359738367 kB
VmallocUsed:      104716 kB
VmallocChunk:          0 kB
Percpu:            10368 kB
AnonHugePages:   2711552 kB
ShmemHugePages:        0 kB
ShmemPmdMapped:        0 kB
FileHugePages:         0 kB
FilePmdMapped:         0 kB
HugePages_Total:       0
HugePages_Free:        0
HugePages_Rsvd:        0
HugePages_Surp:        0
Hugepagesize:       2048 kB
Hugetlb:               0 kB
DirectMap4k:      134144 kB
DirectMap2M:     7020544 kB
DirectMap1G:     9437184 kB

/sys/kernel/mm/transparent_hugepage/enabled:
[always] madvise never
/sys/kernel/mm/transparent_hugepage/defrag (defrag/compaction efforts parameter):
always defer defer+madvise [madvise] never

Process Memory:
Virtual Size: 5051656K (peak: 13431752K)
Resident Set Size: 96772K (peak: 97092K) (anon: 39808K, file: 56964K, shmem: 0K)
Swapped out: 0K
C-Heap outstanding allocations: 38320K, retained: 2659K
glibc malloc tunables: (default)

/proc/sys/kernel/threads-max (system-wide limit on the number of threads):
62078
/proc/sys/vm/max_map_count (maximum number of memory map areas a process may have):
65530
/proc/sys/kernel/pid_max (system-wide limit on number of process identifiers):
4194304

container (cgroup) information:
container_type: cgroupv1
cpu_cpuset_cpus: 0-15
cpu_memory_nodes: 0
active_processor_count: 16
cpu_quota: no quota
cpu_period: 100000
cpu_shares: no shares
memory_limit_in_bytes: unlimited
memory_and_swap_limit_in_bytes: unlimited
memory_soft_limit_in_bytes: unlimited
memory_usage_in_bytes: 4667244 k
memory_max_usage_in_bytes: 695652 k
kernel_memory_usage_in_bytes: 47464 k
kernel_memory_max_usage_in_bytes: unlimited
kernel_memory_limit_in_bytes: 56988 k
maximum number of tasks: not supported
current number of tasks: not supported

Hyper-V virtualization detected
Steal ticks since vm start: 0
Steal ticks percentage since vm start:  0.000

CPU:total 16 (initial active 16) (8 cores per cpu, 2 threads per core) family 6 model 154 stepping 3 microcode 0xffffffff, cmov, cx8, fxsr, mmx, sse, sse2, sse3, ssse3, sse4.1, sse4.2, popcnt, avx, avx2, aes, clmul, erms, 3dnowpref, lzcnt, ht, tsc, tscinvbit, bmi1, bmi2, adx, sha, fma
CPU Model and flags from /proc/cpuinfo:
model name	: 12th Gen Intel(R) Core(TM) i5-1240P
flags		: fpu vme de pse tsc msr pae mce cx8 apic sep mtrr pge mca cmov pat pse36 clflush mmx fxsr sse sse2 ss ht syscall nx pdpe1gb rdtscp lm constant_tsc rep_good nopl xtopology tsc_reliable nonstop_tsc cpuid pni pclmulqdq ssse3 fma cx16 sse4_1 sse4_2 x2apic movbe popcnt tsc_deadline_timer aes xsave avx f16c rdrand hypervisor lahf_lm abm 3dnowprefetch ssbd ibrs ibpb stibp ibrs_enhanced fsgsbase tsc_adjust bmi1 avx2 smep bmi2 erms invpcid rdseed adx smap clflushopt clwb sha_ni xsaveopt xsavec xgetbv1 xsaves avx_vnni umip waitpkg gfni vaes vpclmulqdq rdpid movdiri movdir64b fsrm md_clear serialize flush_l1d arch_capabilities
Online cpus:
0-15
Offline cpus:

BIOS frequency limitation:
<Not Available>
Frequency switch latency (ns):
<Not Available>
Available cpu frequencies:
<Not Available>
Current governor:
<Not Available>
Core performance/turbo boost:
<Not Available>

Memory: 4k page, physical 7952732k(2568128k free), swap 2097152k(2068752k free)

vm_info: OpenJDK 64-Bit Server VM (11.0.22+7-post-Ubuntu-0ubuntu220.04.1) for linux-amd64 JRE (11.0.22+7-post-Ubuntu-0ubuntu220.04.1), built on Feb  5 2024 20:49:28 by "unknown" with gcc 10.5.0

END.
