#
# A fatal error has been detected by the Java Runtime Environment:
#
#  SIGSEGV (0xb) at pc=0x00007f7332201253, pid=10583, tid=10589
#
# JRE version: OpenJDK Runtime Environment (11.0.22+7) (build 11.0.22+7-post-Ubuntu-0ubuntu220.04.1)
# Java VM: OpenJDK 64-Bit Server VM (11.0.22+7-post-Ubuntu-0ubuntu220.04.1, mixed mode, sharing, tiered, compressed oops, g1 gc, linux-amd64)
# Problematic frame:
# C  [libLLVM-13.so+0xcd5253]  llvm::LLVMContext::shouldDiscardValueNames() const+0x3
#
# No core dump will be written. Core dumps have been disabled. To enable core dumping, try "ulimit -c unlimited" before starting Java again
#
# If you would like to submit a bug report, please visit:
#   https://bugs.launchpad.net/ubuntu/+source/openjdk-lts
# The crash happened outside the Java Virtual Machine in native code.
# See problematic frame for where to report the bug.
#

---------------  S U M M A R Y ------------

Command Line: -agentlib:jdwp=transport=dt_socket,address=127.0.0.1:60749,suspend=y,server=n -javaagent:/home/w/.cache/JetBrains/RemoteDev/dist/2b05049c6fa27_ideaIU-232.9921.28/plugins/java/lib/rt/debugger-agent.jar -Dfile.encoding=UTF-8 Main

Host: 12th Gen Intel(R) Core(TM) i5-1240P, 16 cores, 7G, Ubuntu 20.04.6 LTS
Time: Mon May 27 15:05:40 2024 CST elapsed time: 6.144888 seconds (0d 0h 0m 6s)

---------------  T H R E A D  ---------------

Current thread (0x00007f73b001c000):  JavaThread "main" [_thread_in_native, id=10589, stack(0x00007f73b72d5000,0x00007f73b73d6000)]

Stack: [0x00007f73b72d5000,0x00007f73b73d6000],  sp=0x00007f73b73d4138,  free space=1020k
Native frames: (J=compiled Java code, A=aot compiled Java code, j=interpreted, Vv=VM code, C=native code)
C  [libLLVM-13.so+0xcd5253]  llvm::LLVMContext::shouldDiscardValueNames() const+0x3

Java frames: (J=compiled Java code, j=interpreted, Vv=VM code)
j  org.bytedeco.llvm.global.LLVM.LLVMGetParam(Lorg/bytedeco/llvm/LLVM/LLVMValueRef;I)Lorg/bytedeco/llvm/LLVM/LLVMValueRef;+0
j  LLVMIRVisitor.visitFuncDef(LSysYParser$FuncDefContext;)Lorg/bytedeco/llvm/LLVM/LLVMValueRef;+129
j  LLVMIRVisitor.visitFuncDef(LSysYParser$FuncDefContext;)Ljava/lang/Object;+2
j  SysYParser$FuncDefContext.accept(Lorg/antlr/v4/runtime/tree/ParseTreeVisitor;)Ljava/lang/Object;+12
j  org.antlr.v4.runtime.tree.AbstractParseTreeVisitor.visitChildren(Lorg/antlr/v4/runtime/tree/RuleNode;)Ljava/lang/Object;+46
j  SysYParserBaseVisitor.visitCompUnit(LSysYParser$CompUnitContext;)Ljava/lang/Object;+2
j  SysYParser$CompUnitContext.accept(Lorg/antlr/v4/runtime/tree/ParseTreeVisitor;)Ljava/lang/Object;+12
j  org.antlr.v4.runtime.tree.AbstractParseTreeVisitor.visitChildren(Lorg/antlr/v4/runtime/tree/RuleNode;)Ljava/lang/Object;+46
j  SysYParserBaseVisitor.visitProgram(LSysYParser$ProgramContext;)Ljava/lang/Object;+2
j  LLVMIRVisitor.visitProgram(LSysYParser$ProgramContext;)Lorg/bytedeco/llvm/LLVM/LLVMValueRef;+22
j  LLVMIRVisitor.visitProgram(LSysYParser$ProgramContext;)Ljava/lang/Object;+2
j  SysYParser$ProgramContext.accept(Lorg/antlr/v4/runtime/tree/ParseTreeVisitor;)Ljava/lang/Object;+12
j  org.antlr.v4.runtime.tree.AbstractParseTreeVisitor.visit(Lorg/antlr/v4/runtime/tree/ParseTree;)Ljava/lang/Object;+2
j  Main.main([Ljava/lang/String;)V+62
v  ~StubRoutines::call_stub

siginfo: si_signo: 11 (SIGSEGV), si_code: 1 (SEGV_MAPERR), si_addr: 0x00000000000009f8

Register to memory mapping:

RAX=0x0 is NULL
RBX=0x0 is NULL
RCX=0x0 is NULL
RDX=0x0000000000000013 is an unknown value
RSP=0x00007f73b73d4138 is pointing into the stack for thread: 0x00007f73b001c000
RBP=0x00007f735400ffc0 points into unknown readable memory: 0x00007f73b0000080 | 80 00 00 b0 73 7f 00 00
RSI=0x00007f73b73d42c0 is pointing into the stack for thread: 0x00007f73b001c000
RDI=0x00007f73b04ba9b0 points into unknown readable memory: 0x0000000000000000 | 00 00 00 00 00 00 00 00
R8 =0x00007f735400ffc0 points into unknown readable memory: 0x00007f73b0000080 | 80 00 00 b0 73 7f 00 00
R9 =0x0000000000000002 is an unknown value
R10=0xfffffffffffff55a is an unknown value
R11=0x00007f7332152830: LLVMGetParam+0x0000000000000000 in /home/w/.javacpp/cache/llvm-13.0.1-1.5.7-linux-x86_64.jar/org/bytedeco/llvm/linux-x86_64/libLLVM-13.so at 0x00007f733152c000
R12=0x00007f73b73d42c0 is pointing into the stack for thread: 0x00007f73b001c000
R13=0x00007f73b04b9190 points into unknown readable memory: 0x00007f73b04b27a0 | a0 27 4b b0 73 7f 00 00
R14=0x00007f73b73d42c0 is pointing into the stack for thread: 0x00007f73b001c000
R15=0x0000000000000001 is an unknown value


Registers:
RAX=0x0000000000000000, RBX=0x0000000000000000, RCX=0x0000000000000000, RDX=0x0000000000000013
RSP=0x00007f73b73d4138, RBP=0x00007f735400ffc0, RSI=0x00007f73b73d42c0, RDI=0x00007f73b04ba9b0
R8 =0x00007f735400ffc0, R9 =0x0000000000000002, R10=0xfffffffffffff55a, R11=0x00007f7332152830
R12=0x00007f73b73d42c0, R13=0x00007f73b04b9190, R14=0x00007f73b73d42c0, R15=0x0000000000000001
RIP=0x00007f7332201253, EFLAGS=0x0000000000010202, CSGSFS=0x002b000000000033, ERR=0x0000000000000004
  TRAPNO=0x000000000000000e

Top of Stack: (sp=0x00007f73b73d4138)
0x00007f73b73d4138:   00007f733228e290 59f111f13956c25b
0x00007f73b73d4148:   0000000000000000 71374491428a2f98
0x00007f73b73d4158:   0000000000000000 00007f7389d02fe8
0x00007f73b73d4168:   00007f73b001c000 4d564c4c5f4d564c 

Instructions: (pc=0x00007f7332201253)
0x00007f7332201153:   48 01 c2 48 8b 0a 48 39 cb 0f 84 ad fa ff ff 45
0x00007f7332201163:   89 da e9 5c fc ff ff 66 0f 1f 44 00 00 55 53 48
0x00007f7332201173:   83 ec 18 48 8b 2f 8b 85 f0 09 00 00 85 c0 74 56
0x00007f7332201183:   44 8d 40 ff 89 f2 89 f0 48 8b bd e0 09 00 00 c1
0x00007f7332201193:   ea 09 c1 e8 04 b9 01 00 00 00 31 d0 44 21 c0 89
0x00007f73322011a3:   c3 48 c1 e3 04 48 01 fb 48 8b 13 48 39 d6 75 4d
0x00007f73322011b3:   48 8b 43 08 48 8d 78 e8 48 3b 3d 46 7b d7 05 75
0x00007f73322011c3:   4c 48 c7 03 00 e0 ff ff 83 ad e8 09 00 00 01 83
0x00007f73322011d3:   85 ec 09 00 00 01 48 83 c4 18 5b 5d c3 01 c8 44
0x00007f73322011e3:   8d 49 01 44 21 c0 89 c3 48 c1 e3 04 48 01 fb 48
0x00007f73322011f3:   8b 13 48 39 d6 74 b9 44 89 c9 0f 1f 00 48 81 fa
0x00007f7332201203:   00 f0 ff ff 74 d0 eb d5 0f 1f 44 00 00 48 83 3d
0x00007f7332201213:   98 c0 d7 05 00 74 1e ba ff ff ff ff f0 0f c1 50
0x00007f7332201223:   f8 85 d2 7f 9c 48 8d 74 24 0f e8 3e 20 c5 ff eb
0x00007f7332201233:   90 0f 1f 40 00 8b 50 f8 8d 4a ff 89 48 f8 eb e1
0x00007f7332201243:   66 2e 0f 1f 84 00 00 00 00 00 0f 1f 00 48 8b 07
0x00007f7332201253:   0f b6 80 f8 09 00 00 c3 0f 1f 44 00 00 48 8b 07
0x00007f7332201263:   0f b6 80 88 04 00 00 c3 0f 1f 44 00 00 48 8b 07
0x00007f7332201273:   80 b8 88 04 00 00 00 75 27 48 c7 80 70 04 00 00
0x00007f7332201283:   00 00 00 00 48 c7 80 78 04 00 00 00 00 00 00 c7
0x00007f7332201293:   80 80 04 00 00 00 00 00 00 c6 80 88 04 00 00 01
0x00007f73322012a3:   c3 66 2e 0f 1f 84 00 00 00 00 00 66 90 53 48 8b
0x00007f73322012b3:   1f 80 bb 88 04 00 00 00 75 03 5b c3 90 8b b3 80
0x00007f73322012c3:   04 00 00 48 8b bb 70 04 00 00 ba 08 00 00 00 48
0x00007f73322012d3:   c1 e6 04 e8 85 fe e1 ff c6 83 88 04 00 00 00 5b
0x00007f73322012e3:   c3 66 2e 0f 1f 84 00 00 00 00 00 66 90 48 8b 07
0x00007f73322012f3:   40 88 b0 f8 09 00 00 c3 0f 1f 44 00 00 48 8b 3f
0x00007f7332201303:   e9 28 1b 00 00 0f 1f 84 00 00 00 00 00 48 8b 3f
0x00007f7332201313:   e9 78 1b 00 00 0f 1f 84 00 00 00 00 00 48 8b 07
0x00007f7332201323:   48 8b 40 48 c3 0f 1f 84 00 00 00 00 00 48 8b 16
0x00007f7332201333:   48 89 f8 48 8b 4a 48 48 c7 42 48 00 00 00 00 48
0x00007f7332201343:   89 0f c3 66 2e 0f 1f 84 00 00 00 00 00 48 8b 07 


Stack slot to memory mapping:
stack at sp + 0 slots: 0x00007f733228e290: _ZN4llvm5Value11setNameImplERKNS_5TwineE+0x0000000000000020 in /home/w/.javacpp/cache/llvm-13.0.1-1.5.7-linux-x86_64.jar/org/bytedeco/llvm/linux-x86_64/libLLVM-13.so at 0x00007f733152c000
stack at sp + 1 slots: 0x59f111f13956c25b is an unknown value
stack at sp + 2 slots: 0x0 is NULL
stack at sp + 3 slots: 0x71374491428a2f98 is an unknown value
stack at sp + 4 slots: 0x0 is NULL
stack at sp + 5 slots: {method} {0x00007f7389d02fe8} 'LLVMGetParam' '(Lorg/bytedeco/llvm/LLVM/LLVMValueRef;I)Lorg/bytedeco/llvm/LLVM/LLVMValueRef;' in 'org/bytedeco/llvm/global/LLVM'
stack at sp + 6 slots: 0x00007f73b001c000 is a thread
stack at sp + 7 slots: 0x4d564c4c5f4d564c is an unknown value


---------------  P R O C E S S  ---------------

Threads class SMR info:
_java_thread_list=0x00007f73440078a0, length=14, elements={
0x00007f73b001c000, 0x00007f73b01a2800, 0x00007f73b01a5000, 0x00007f73b01a9000,
0x00007f73b01ab000, 0x00007f73b01ad800, 0x00007f73b01af800, 0x00007f73b01b1800,
0x00007f73b01d7800, 0x00007f7364056000, 0x00007f73b0220800, 0x00007f73b0225000,
0x00007f7354001800, 0x00007f73b0420000
}

Java Threads: ( => current thread )
=>0x00007f73b001c000 JavaThread "main" [_thread_in_native, id=10589, stack(0x00007f73b72d5000,0x00007f73b73d6000)]
  0x00007f73b01a2800 JavaThread "Reference Handler" daemon [_thread_blocked, id=10597, stack(0x00007f73984fd000,0x00007f73985fe000)]
  0x00007f73b01a5000 JavaThread "Finalizer" daemon [_thread_blocked, id=10598, stack(0x00007f73983fc000,0x00007f73984fd000)]
  0x00007f73b01a9000 JavaThread "Signal Dispatcher" daemon [_thread_blocked, id=10601, stack(0x00007f73982fb000,0x00007f73983fc000)]
  0x00007f73b01ab000 JavaThread "Service Thread" daemon [_thread_blocked, id=10602, stack(0x00007f73981fa000,0x00007f73982fb000)]
  0x00007f73b01ad800 JavaThread "C2 CompilerThread0" daemon [_thread_blocked, id=10603, stack(0x00007f73980f9000,0x00007f73981fa000)]
  0x00007f73b01af800 JavaThread "C1 CompilerThread0" daemon [_thread_blocked, id=10604, stack(0x00007f739024f000,0x00007f7390350000)]
  0x00007f73b01b1800 JavaThread "Sweeper thread" daemon [_thread_blocked, id=10605, stack(0x00007f739014e000,0x00007f739024f000)]
  0x00007f73b01d7800 JavaThread "Common-Cleaner" daemon [_thread_blocked, id=10606, stack(0x00007f739004d000,0x00007f739014e000)]
  0x00007f7364056000 JavaThread "C1 CompilerThread1" daemon [_thread_blocked, id=10609, stack(0x00007f73896ff000,0x00007f7389800000)]
  0x00007f73b0220800 JavaThread "JDWP Transport Listener: dt_socket" daemon [_thread_blocked, id=10610, stack(0x00007f73895fe000,0x00007f73896ff000)]
  0x00007f73b0225000 JavaThread "JDWP Event Helper Thread" daemon [_thread_blocked, id=10611, stack(0x00007f73894fd000,0x00007f73895fe000)]
  0x00007f7354001800 JavaThread "JDWP Command Reader" daemon [_thread_in_native, id=10614, stack(0x00007f73893fc000,0x00007f73894fd000)]
  0x00007f73b0420000 JavaThread "JavaCPP Deallocator" daemon [_thread_blocked, id=10620, stack(0x00007f73890f9000,0x00007f73891fa000)]

Other Threads:
  0x00007f73b01a0000 VMThread "VM Thread" [stack: 0x00007f73985ff000,0x00007f73986ff000] [id=10596]
  0x00007f73b0236000 WatcherThread [stack: 0x00007f73892fc000,0x00007f73893fc000] [id=10616]
  0x00007f73b0035800 GCTaskThread "GC Thread#0" [stack: 0x00007f73b6a92000,0x00007f73b6b92000] [id=10590]
  0x00007f73b0066800 ConcurrentGCThread "G1 Main Marker" [stack: 0x00007f73b5069000,0x00007f73b5169000] [id=10591]
  0x00007f73b0068800 ConcurrentGCThread "G1 Conc#0" [stack: 0x00007f73b4f68000,0x00007f73b5068000] [id=10592]
  0x00007f73b0104800 ConcurrentGCThread "G1 Refine#0" [stack: 0x00007f73b415a000,0x00007f73b425a000] [id=10593]
  0x00007f73b0106800 ConcurrentGCThread "G1 Young RemSet Sampling" [stack: 0x00007f73b4059000,0x00007f73b4159000] [id=10595]

Threads with active compile tasks:

VM state:not at safepoint (normal execution)

VM Mutex/Monitor currently owned by a thread: None

Heap address: 0x0000000086a00000, size: 1942 MB, Compressed Oops mode: 32-bit
Narrow klass base: 0x0000000800000000, Narrow klass shift: 3
Compressed class space size: 1073741824 Address: 0x0000000840000000

Heap:
 garbage-first heap   total 126976K, used 15056K [0x0000000086a00000, 0x0000000100000000)
  region size 1024K, 16 young (16384K), 0 survivors (0K)
 Metaspace       used 3743K, capacity 6519K, committed 6656K, reserved 1056768K
  class space    used 403K, capacity 681K, committed 768K, reserved 1048576K
Heap Regions: E=young(eden), S=young(survivor), O=old, HS=humongous(starts), HC=humongous(continues), CS=collection set, F=free, A=archive, TAMS=top-at-mark-start (previous, next)
|   0|0x0000000086a00000, 0x0000000086a00000, 0x0000000086b00000|  0%| F|  |TAMS 0x0000000086a00000, 0x0000000086a00000| Untracked 
|   1|0x0000000086b00000, 0x0000000086b00000, 0x0000000086c00000|  0%| F|  |TAMS 0x0000000086b00000, 0x0000000086b00000| Untracked 
|   2|0x0000000086c00000, 0x0000000086c00000, 0x0000000086d00000|  0%| F|  |TAMS 0x0000000086c00000, 0x0000000086c00000| Untracked 
|   3|0x0000000086d00000, 0x0000000086d00000, 0x0000000086e00000|  0%| F|  |TAMS 0x0000000086d00000, 0x0000000086d00000| Untracked 
|   4|0x0000000086e00000, 0x0000000086e00000, 0x0000000086f00000|  0%| F|  |TAMS 0x0000000086e00000, 0x0000000086e00000| Untracked 
|   5|0x0000000086f00000, 0x0000000086f00000, 0x0000000087000000|  0%| F|  |TAMS 0x0000000086f00000, 0x0000000086f00000| Untracked 
|   6|0x0000000087000000, 0x0000000087000000, 0x0000000087100000|  0%| F|  |TAMS 0x0000000087000000, 0x0000000087000000| Untracked 
|   7|0x0000000087100000, 0x0000000087100000, 0x0000000087200000|  0%| F|  |TAMS 0x0000000087100000, 0x0000000087100000| Untracked 
|   8|0x0000000087200000, 0x0000000087200000, 0x0000000087300000|  0%| F|  |TAMS 0x0000000087200000, 0x0000000087200000| Untracked 
|   9|0x0000000087300000, 0x0000000087300000, 0x0000000087400000|  0%| F|  |TAMS 0x0000000087300000, 0x0000000087300000| Untracked 
|  10|0x0000000087400000, 0x0000000087400000, 0x0000000087500000|  0%| F|  |TAMS 0x0000000087400000, 0x0000000087400000| Untracked 
|  11|0x0000000087500000, 0x0000000087500000, 0x0000000087600000|  0%| F|  |TAMS 0x0000000087500000, 0x0000000087500000| Untracked 
|  12|0x0000000087600000, 0x0000000087600000, 0x0000000087700000|  0%| F|  |TAMS 0x0000000087600000, 0x0000000087600000| Untracked 
|  13|0x0000000087700000, 0x0000000087700000, 0x0000000087800000|  0%| F|  |TAMS 0x0000000087700000, 0x0000000087700000| Untracked 
|  14|0x0000000087800000, 0x0000000087800000, 0x0000000087900000|  0%| F|  |TAMS 0x0000000087800000, 0x0000000087800000| Untracked 
|  15|0x0000000087900000, 0x0000000087900000, 0x0000000087a00000|  0%| F|  |TAMS 0x0000000087900000, 0x0000000087900000| Untracked 
|  16|0x0000000087a00000, 0x0000000087a00000, 0x0000000087b00000|  0%| F|  |TAMS 0x0000000087a00000, 0x0000000087a00000| Untracked 
|  17|0x0000000087b00000, 0x0000000087b00000, 0x0000000087c00000|  0%| F|  |TAMS 0x0000000087b00000, 0x0000000087b00000| Untracked 
|  18|0x0000000087c00000, 0x0000000087c00000, 0x0000000087d00000|  0%| F|  |TAMS 0x0000000087c00000, 0x0000000087c00000| Untracked 
|  19|0x0000000087d00000, 0x0000000087d00000, 0x0000000087e00000|  0%| F|  |TAMS 0x0000000087d00000, 0x0000000087d00000| Untracked 
|  20|0x0000000087e00000, 0x0000000087e00000, 0x0000000087f00000|  0%| F|  |TAMS 0x0000000087e00000, 0x0000000087e00000| Untracked 
|  21|0x0000000087f00000, 0x0000000087f00000, 0x0000000088000000|  0%| F|  |TAMS 0x0000000087f00000, 0x0000000087f00000| Untracked 
|  22|0x0000000088000000, 0x0000000088000000, 0x0000000088100000|  0%| F|  |TAMS 0x0000000088000000, 0x0000000088000000| Untracked 
|  23|0x0000000088100000, 0x0000000088100000, 0x0000000088200000|  0%| F|  |TAMS 0x0000000088100000, 0x0000000088100000| Untracked 
|  24|0x0000000088200000, 0x0000000088200000, 0x0000000088300000|  0%| F|  |TAMS 0x0000000088200000, 0x0000000088200000| Untracked 
|  25|0x0000000088300000, 0x0000000088300000, 0x0000000088400000|  0%| F|  |TAMS 0x0000000088300000, 0x0000000088300000| Untracked 
|  26|0x0000000088400000, 0x0000000088400000, 0x0000000088500000|  0%| F|  |TAMS 0x0000000088400000, 0x0000000088400000| Untracked 
|  27|0x0000000088500000, 0x0000000088500000, 0x0000000088600000|  0%| F|  |TAMS 0x0000000088500000, 0x0000000088500000| Untracked 
|  28|0x0000000088600000, 0x0000000088600000, 0x0000000088700000|  0%| F|  |TAMS 0x0000000088600000, 0x0000000088600000| Untracked 
|  29|0x0000000088700000, 0x0000000088700000, 0x0000000088800000|  0%| F|  |TAMS 0x0000000088700000, 0x0000000088700000| Untracked 
|  30|0x0000000088800000, 0x0000000088800000, 0x0000000088900000|  0%| F|  |TAMS 0x0000000088800000, 0x0000000088800000| Untracked 
|  31|0x0000000088900000, 0x0000000088900000, 0x0000000088a00000|  0%| F|  |TAMS 0x0000000088900000, 0x0000000088900000| Untracked 
|  32|0x0000000088a00000, 0x0000000088a00000, 0x0000000088b00000|  0%| F|  |TAMS 0x0000000088a00000, 0x0000000088a00000| Untracked 
|  33|0x0000000088b00000, 0x0000000088b00000, 0x0000000088c00000|  0%| F|  |TAMS 0x0000000088b00000, 0x0000000088b00000| Untracked 
|  34|0x0000000088c00000, 0x0000000088c00000, 0x0000000088d00000|  0%| F|  |TAMS 0x0000000088c00000, 0x0000000088c00000| Untracked 
|  35|0x0000000088d00000, 0x0000000088d00000, 0x0000000088e00000|  0%| F|  |TAMS 0x0000000088d00000, 0x0000000088d00000| Untracked 
|  36|0x0000000088e00000, 0x0000000088e00000, 0x0000000088f00000|  0%| F|  |TAMS 0x0000000088e00000, 0x0000000088e00000| Untracked 
|  37|0x0000000088f00000, 0x0000000088f00000, 0x0000000089000000|  0%| F|  |TAMS 0x0000000088f00000, 0x0000000088f00000| Untracked 
|  38|0x0000000089000000, 0x0000000089000000, 0x0000000089100000|  0%| F|  |TAMS 0x0000000089000000, 0x0000000089000000| Untracked 
|  39|0x0000000089100000, 0x0000000089100000, 0x0000000089200000|  0%| F|  |TAMS 0x0000000089100000, 0x0000000089100000| Untracked 
|  40|0x0000000089200000, 0x0000000089200000, 0x0000000089300000|  0%| F|  |TAMS 0x0000000089200000, 0x0000000089200000| Untracked 
|  41|0x0000000089300000, 0x0000000089300000, 0x0000000089400000|  0%| F|  |TAMS 0x0000000089300000, 0x0000000089300000| Untracked 
|  42|0x0000000089400000, 0x0000000089400000, 0x0000000089500000|  0%| F|  |TAMS 0x0000000089400000, 0x0000000089400000| Untracked 
|  43|0x0000000089500000, 0x0000000089500000, 0x0000000089600000|  0%| F|  |TAMS 0x0000000089500000, 0x0000000089500000| Untracked 
|  44|0x0000000089600000, 0x0000000089600000, 0x0000000089700000|  0%| F|  |TAMS 0x0000000089600000, 0x0000000089600000| Untracked 
|  45|0x0000000089700000, 0x0000000089700000, 0x0000000089800000|  0%| F|  |TAMS 0x0000000089700000, 0x0000000089700000| Untracked 
|  46|0x0000000089800000, 0x0000000089800000, 0x0000000089900000|  0%| F|  |TAMS 0x0000000089800000, 0x0000000089800000| Untracked 
|  47|0x0000000089900000, 0x0000000089900000, 0x0000000089a00000|  0%| F|  |TAMS 0x0000000089900000, 0x0000000089900000| Untracked 
|  48|0x0000000089a00000, 0x0000000089a00000, 0x0000000089b00000|  0%| F|  |TAMS 0x0000000089a00000, 0x0000000089a00000| Untracked 
|  49|0x0000000089b00000, 0x0000000089b00000, 0x0000000089c00000|  0%| F|  |TAMS 0x0000000089b00000, 0x0000000089b00000| Untracked 
|  50|0x0000000089c00000, 0x0000000089c00000, 0x0000000089d00000|  0%| F|  |TAMS 0x0000000089c00000, 0x0000000089c00000| Untracked 
|  51|0x0000000089d00000, 0x0000000089d00000, 0x0000000089e00000|  0%| F|  |TAMS 0x0000000089d00000, 0x0000000089d00000| Untracked 
|  52|0x0000000089e00000, 0x0000000089e00000, 0x0000000089f00000|  0%| F|  |TAMS 0x0000000089e00000, 0x0000000089e00000| Untracked 
|  53|0x0000000089f00000, 0x0000000089f00000, 0x000000008a000000|  0%| F|  |TAMS 0x0000000089f00000, 0x0000000089f00000| Untracked 
|  54|0x000000008a000000, 0x000000008a000000, 0x000000008a100000|  0%| F|  |TAMS 0x000000008a000000, 0x000000008a000000| Untracked 
|  55|0x000000008a100000, 0x000000008a100000, 0x000000008a200000|  0%| F|  |TAMS 0x000000008a100000, 0x000000008a100000| Untracked 
|  56|0x000000008a200000, 0x000000008a200000, 0x000000008a300000|  0%| F|  |TAMS 0x000000008a200000, 0x000000008a200000| Untracked 
|  57|0x000000008a300000, 0x000000008a300000, 0x000000008a400000|  0%| F|  |TAMS 0x000000008a300000, 0x000000008a300000| Untracked 
|  58|0x000000008a400000, 0x000000008a400000, 0x000000008a500000|  0%| F|  |TAMS 0x000000008a400000, 0x000000008a400000| Untracked 
|  59|0x000000008a500000, 0x000000008a500000, 0x000000008a600000|  0%| F|  |TAMS 0x000000008a500000, 0x000000008a500000| Untracked 
|  60|0x000000008a600000, 0x000000008a600000, 0x000000008a700000|  0%| F|  |TAMS 0x000000008a600000, 0x000000008a600000| Untracked 
|  61|0x000000008a700000, 0x000000008a700000, 0x000000008a800000|  0%| F|  |TAMS 0x000000008a700000, 0x000000008a700000| Untracked 
|  62|0x000000008a800000, 0x000000008a800000, 0x000000008a900000|  0%| F|  |TAMS 0x000000008a800000, 0x000000008a800000| Untracked 
|  63|0x000000008a900000, 0x000000008a900000, 0x000000008aa00000|  0%| F|  |TAMS 0x000000008a900000, 0x000000008a900000| Untracked 
|  64|0x000000008aa00000, 0x000000008aa00000, 0x000000008ab00000|  0%| F|  |TAMS 0x000000008aa00000, 0x000000008aa00000| Untracked 
|  65|0x000000008ab00000, 0x000000008ab00000, 0x000000008ac00000|  0%| F|  |TAMS 0x000000008ab00000, 0x000000008ab00000| Untracked 
|  66|0x000000008ac00000, 0x000000008ac00000, 0x000000008ad00000|  0%| F|  |TAMS 0x000000008ac00000, 0x000000008ac00000| Untracked 
|  67|0x000000008ad00000, 0x000000008ad00000, 0x000000008ae00000|  0%| F|  |TAMS 0x000000008ad00000, 0x000000008ad00000| Untracked 
|  68|0x000000008ae00000, 0x000000008ae00000, 0x000000008af00000|  0%| F|  |TAMS 0x000000008ae00000, 0x000000008ae00000| Untracked 
|  69|0x000000008af00000, 0x000000008af00000, 0x000000008b000000|  0%| F|  |TAMS 0x000000008af00000, 0x000000008af00000| Untracked 
|  70|0x000000008b000000, 0x000000008b000000, 0x000000008b100000|  0%| F|  |TAMS 0x000000008b000000, 0x000000008b000000| Untracked 
|  71|0x000000008b100000, 0x000000008b100000, 0x000000008b200000|  0%| F|  |TAMS 0x000000008b100000, 0x000000008b100000| Untracked 
|  72|0x000000008b200000, 0x000000008b200000, 0x000000008b300000|  0%| F|  |TAMS 0x000000008b200000, 0x000000008b200000| Untracked 
|  73|0x000000008b300000, 0x000000008b300000, 0x000000008b400000|  0%| F|  |TAMS 0x000000008b300000, 0x000000008b300000| Untracked 
|  74|0x000000008b400000, 0x000000008b400000, 0x000000008b500000|  0%| F|  |TAMS 0x000000008b400000, 0x000000008b400000| Untracked 
|  75|0x000000008b500000, 0x000000008b500000, 0x000000008b600000|  0%| F|  |TAMS 0x000000008b500000, 0x000000008b500000| Untracked 
|  76|0x000000008b600000, 0x000000008b600000, 0x000000008b700000|  0%| F|  |TAMS 0x000000008b600000, 0x000000008b600000| Untracked 
|  77|0x000000008b700000, 0x000000008b700000, 0x000000008b800000|  0%| F|  |TAMS 0x000000008b700000, 0x000000008b700000| Untracked 
|  78|0x000000008b800000, 0x000000008b800000, 0x000000008b900000|  0%| F|  |TAMS 0x000000008b800000, 0x000000008b800000| Untracked 
|  79|0x000000008b900000, 0x000000008b900000, 0x000000008ba00000|  0%| F|  |TAMS 0x000000008b900000, 0x000000008b900000| Untracked 
|  80|0x000000008ba00000, 0x000000008ba00000, 0x000000008bb00000|  0%| F|  |TAMS 0x000000008ba00000, 0x000000008ba00000| Untracked 
|  81|0x000000008bb00000, 0x000000008bb00000, 0x000000008bc00000|  0%| F|  |TAMS 0x000000008bb00000, 0x000000008bb00000| Untracked 
|  82|0x000000008bc00000, 0x000000008bc00000, 0x000000008bd00000|  0%| F|  |TAMS 0x000000008bc00000, 0x000000008bc00000| Untracked 
|  83|0x000000008bd00000, 0x000000008bd00000, 0x000000008be00000|  0%| F|  |TAMS 0x000000008bd00000, 0x000000008bd00000| Untracked 
|  84|0x000000008be00000, 0x000000008be00000, 0x000000008bf00000|  0%| F|  |TAMS 0x000000008be00000, 0x000000008be00000| Untracked 
|  85|0x000000008bf00000, 0x000000008bf00000, 0x000000008c000000|  0%| F|  |TAMS 0x000000008bf00000, 0x000000008bf00000| Untracked 
|  86|0x000000008c000000, 0x000000008c000000, 0x000000008c100000|  0%| F|  |TAMS 0x000000008c000000, 0x000000008c000000| Untracked 
|  87|0x000000008c100000, 0x000000008c100000, 0x000000008c200000|  0%| F|  |TAMS 0x000000008c100000, 0x000000008c100000| Untracked 
|  88|0x000000008c200000, 0x000000008c200000, 0x000000008c300000|  0%| F|  |TAMS 0x000000008c200000, 0x000000008c200000| Untracked 
|  89|0x000000008c300000, 0x000000008c300000, 0x000000008c400000|  0%| F|  |TAMS 0x000000008c300000, 0x000000008c300000| Untracked 
|  90|0x000000008c400000, 0x000000008c400000, 0x000000008c500000|  0%| F|  |TAMS 0x000000008c400000, 0x000000008c400000| Untracked 
|  91|0x000000008c500000, 0x000000008c500000, 0x000000008c600000|  0%| F|  |TAMS 0x000000008c500000, 0x000000008c500000| Untracked 
|  92|0x000000008c600000, 0x000000008c600000, 0x000000008c700000|  0%| F|  |TAMS 0x000000008c600000, 0x000000008c600000| Untracked 
|  93|0x000000008c700000, 0x000000008c700000, 0x000000008c800000|  0%| F|  |TAMS 0x000000008c700000, 0x000000008c700000| Untracked 
|  94|0x000000008c800000, 0x000000008c800000, 0x000000008c900000|  0%| F|  |TAMS 0x000000008c800000, 0x000000008c800000| Untracked 
|  95|0x000000008c900000, 0x000000008c900000, 0x000000008ca00000|  0%| F|  |TAMS 0x000000008c900000, 0x000000008c900000| Untracked 
|  96|0x000000008ca00000, 0x000000008ca00000, 0x000000008cb00000|  0%| F|  |TAMS 0x000000008ca00000, 0x000000008ca00000| Untracked 
|  97|0x000000008cb00000, 0x000000008cb00000, 0x000000008cc00000|  0%| F|  |TAMS 0x000000008cb00000, 0x000000008cb00000| Untracked 
|  98|0x000000008cc00000, 0x000000008cc00000, 0x000000008cd00000|  0%| F|  |TAMS 0x000000008cc00000, 0x000000008cc00000| Untracked 
|  99|0x000000008cd00000, 0x000000008cd00000, 0x000000008ce00000|  0%| F|  |TAMS 0x000000008cd00000, 0x000000008cd00000| Untracked 
| 100|0x000000008ce00000, 0x000000008ce00000, 0x000000008cf00000|  0%| F|  |TAMS 0x000000008ce00000, 0x000000008ce00000| Untracked 
| 101|0x000000008cf00000, 0x000000008cf00000, 0x000000008d000000|  0%| F|  |TAMS 0x000000008cf00000, 0x000000008cf00000| Untracked 
| 102|0x000000008d000000, 0x000000008d000000, 0x000000008d100000|  0%| F|  |TAMS 0x000000008d000000, 0x000000008d000000| Untracked 
| 103|0x000000008d100000, 0x000000008d100000, 0x000000008d200000|  0%| F|  |TAMS 0x000000008d100000, 0x000000008d100000| Untracked 
| 104|0x000000008d200000, 0x000000008d200000, 0x000000008d300000|  0%| F|  |TAMS 0x000000008d200000, 0x000000008d200000| Untracked 
| 105|0x000000008d300000, 0x000000008d300000, 0x000000008d400000|  0%| F|  |TAMS 0x000000008d300000, 0x000000008d300000| Untracked 
| 106|0x000000008d400000, 0x000000008d47bdf0, 0x000000008d500000| 48%| E|  |TAMS 0x000000008d400000, 0x000000008d400000| Complete 
| 107|0x000000008d500000, 0x000000008d600000, 0x000000008d600000|100%| E|CS|TAMS 0x000000008d500000, 0x000000008d500000| Complete 
| 108|0x000000008d600000, 0x000000008d700000, 0x000000008d700000|100%| E|CS|TAMS 0x000000008d600000, 0x000000008d600000| Complete 
| 109|0x000000008d700000, 0x000000008d800000, 0x000000008d800000|100%| E|CS|TAMS 0x000000008d700000, 0x000000008d700000| Complete 
| 110|0x000000008d800000, 0x000000008d900000, 0x000000008d900000|100%| E|CS|TAMS 0x000000008d800000, 0x000000008d800000| Complete 
| 111|0x000000008d900000, 0x000000008da00000, 0x000000008da00000|100%| E|CS|TAMS 0x000000008d900000, 0x000000008d900000| Complete 
| 112|0x000000008da00000, 0x000000008db00000, 0x000000008db00000|100%| E|CS|TAMS 0x000000008da00000, 0x000000008da00000| Complete 
| 113|0x000000008db00000, 0x000000008dc00000, 0x000000008dc00000|100%| E|CS|TAMS 0x000000008db00000, 0x000000008db00000| Complete 
| 114|0x000000008dc00000, 0x000000008dd00000, 0x000000008dd00000|100%| E|CS|TAMS 0x000000008dc00000, 0x000000008dc00000| Complete 
| 115|0x000000008dd00000, 0x000000008de00000, 0x000000008de00000|100%| E|CS|TAMS 0x000000008dd00000, 0x000000008dd00000| Complete 
| 116|0x000000008de00000, 0x000000008df00000, 0x000000008df00000|100%| E|  |TAMS 0x000000008de00000, 0x000000008de00000| Complete 
| 117|0x000000008df00000, 0x000000008e000000, 0x000000008e000000|100%| E|CS|TAMS 0x000000008df00000, 0x000000008df00000| Complete 
| 118|0x000000008e000000, 0x000000008e100000, 0x000000008e100000|100%| E|CS|TAMS 0x000000008e000000, 0x000000008e000000| Complete 
| 119|0x000000008e100000, 0x000000008e200000, 0x000000008e200000|100%| E|CS|TAMS 0x000000008e100000, 0x000000008e100000| Complete 
| 120|0x000000008e200000, 0x000000008e300000, 0x000000008e300000|100%| E|CS|TAMS 0x000000008e200000, 0x000000008e200000| Complete 
| 121|0x000000008e300000, 0x000000008e400000, 0x000000008e400000|100%| E|CS|TAMS 0x000000008e300000, 0x000000008e300000| Complete 
|1940|0x00000000ffe00000, 0x00000000ffe48000, 0x00000000fff00000| 28%|OA|  |TAMS 0x00000000ffe00000, 0x00000000ffe00000| Untracked 
|1941|0x00000000fff00000, 0x00000000fff6c000, 0x0000000100000000| 42%|CA|  |TAMS 0x00000000fff00000, 0x00000000fff00000| Untracked 

Card table byte_map: [0x00007f73b55ee000,0x00007f73b59b9000] _byte_map_base: 0x00007f73b51b9000

Marking Bits (Prev, Next): (CMBitMap*) 0x00007f73b005e158, (CMBitMap*) 0x00007f73b005e190
 Prev Bits: [0x00007f73921a8000, 0x00007f7394000000)
 Next Bits: [0x00007f7390350000, 0x00007f73921a8000)

Polling page: 0x00007f73b7289000

Metaspace:

Usage:
  Non-class:      5.70 MB capacity,     3.26 MB ( 57%) used,     2.43 MB ( 43%) free+waste,     5.81 KB ( <1%) overhead. 
      Class:    681.00 KB capacity,   403.92 KB ( 59%) used,   274.20 KB ( 40%) free+waste,     2.88 KB ( <1%) overhead. 
       Both:      6.37 MB capacity,     3.66 MB ( 57%) used,     2.70 MB ( 42%) free+waste,     8.69 KB ( <1%) overhead. 

Virtual space:
  Non-class space:        8.00 MB reserved,       5.75 MB ( 72%) committed 
      Class space:        1.00 GB reserved,     768.00 KB ( <1%) committed 
             Both:        1.01 GB reserved,       6.50 MB ( <1%) committed 

Chunk freelists:
   Non-Class:  50.00 KB
       Class:  23.00 KB
        Both:  73.00 KB

MaxMetaspaceSize: unlimited
CompressedClassSpaceSize: 1.00 GB
Initial GC threshold: 20.80 MB
Current GC threshold: 20.80 MB
CDS: on

CodeHeap 'non-profiled nmethods': size=119172Kb used=208Kb max_used=208Kb free=118963Kb
 bounds [0x00007f73a037a000, 0x00007f73a05ea000, 0x00007f73a77db000]
CodeHeap 'profiled nmethods': size=119168Kb used=1538Kb max_used=1538Kb free=117629Kb
 bounds [0x00007f7398f1a000, 0x00007f739918a000, 0x00007f73a037a000]
CodeHeap 'non-nmethods': size=7420Kb used=1762Kb max_used=2344Kb free=5657Kb
 bounds [0x00007f73987db000, 0x00007f7398a4b000, 0x00007f7398f1a000]
 total_blobs=1186 nmethods=794 adapters=313
 compilation: enabled
              stopped_count=0, restarted_count=0
 full_count=0

Compilation events (20 events):
Event: 0.729 Thread 0x00007f73b01af800  785       3       java.lang.Package::isSealed (26 bytes)
Event: 0.730 Thread 0x00007f73b01af800 nmethod 785 0x00007f7399093e10 code [0x00007f7399093fe0, 0x00007f7399094310]
Event: 0.730 Thread 0x00007f73b01af800  786       3       jdk.internal.loader.BuiltinClassLoader::isSealed (70 bytes)
Event: 0.731 Thread 0x00007f73b01af800 nmethod 786 0x00007f7399094410 code [0x00007f73990946a0, 0x00007f73990951e0]
Event: 0.732 Thread 0x00007f7350147800 nmethod 783 0x00007f73a03adb10 code [0x00007f73a03adca0, 0x00007f73a03adeb8]
Event: 0.732 Thread 0x00007f7364056000 nmethod 784 0x00007f7399095690 code [0x00007f73990959a0, 0x00007f7399096b70]
Event: 0.737 Thread 0x00007f7364218000  787       3       sun.reflect.annotation.AnnotationInvocationHandler::invoke (178 bytes)
Event: 0.737 Thread 0x00007f73b01af800  788       3       java.lang.reflect.Method::getParameterCount (6 bytes)
Event: 0.737 Thread 0x00007f7364056000  790       3       java.lang.Character::isSurrogate (18 bytes)
Event: 0.737 Thread 0x00007f73b01af800 nmethod 788 0x00007f7399097110 code [0x00007f73990972c0, 0x00007f73990973f0]
Event: 0.737 Thread 0x00007f73b01af800  793       3       java.util.Arrays::asList (9 bytes)
Event: 0.738 Thread 0x00007f7364056000 nmethod 790 0x00007f7399097490 code [0x00007f7399097640, 0x00007f73990977b0]
Event: 0.738 Thread 0x00007f7364056000  791       3       java.util.regex.Pattern::isSupplementary (20 bytes)
Event: 0.738 Thread 0x00007f73b01af800 nmethod 793 0x00007f7399097810 code [0x00007f7399097a00, 0x00007f7399097ea0]
Event: 0.738 Thread 0x00007f73b01af800  792       3       java.util.regex.Pattern::has (15 bytes)
Event: 0.738 Thread 0x00007f73b01af800 nmethod 792 0x00007f7399098090 code [0x00007f7399098240, 0x00007f73990983b0]
Event: 0.738 Thread 0x00007f73b01af800  794       3       java.util.WeakHashMap::eq (19 bytes)
Event: 0.738 Thread 0x00007f7364056000 nmethod 791 0x00007f7399098410 code [0x00007f73990985c0, 0x00007f7399098830]
Event: 0.739 Thread 0x00007f73b01af800 nmethod 794 0x00007f7399098910 code [0x00007f7399098ae0, 0x00007f7399098d40]
Event: 0.740 Thread 0x00007f7364218000 nmethod 787 0x00007f7399098e10 code [0x00007f7399099120, 0x00007f739909a280]

GC Heap History (0 events):
No events

Deoptimization events (20 events):
Event: 0.601 Thread 0x00007f73b001c000 DEOPT PACKING pc=0x00007f7398fa204f sp=0x00007f73b73d3720
Event: 0.601 Thread 0x00007f73b001c000 DEOPT UNPACKING pc=0x00007f739882564a sp=0x00007f73b73d2bc8 mode 0
Event: 0.603 Thread 0x00007f73b001c000 DEOPT PACKING pc=0x00007f7399000392 sp=0x00007f73b73d3140
Event: 0.603 Thread 0x00007f73b001c000 DEOPT UNPACKING pc=0x00007f739882564a sp=0x00007f73b73d25c0 mode 0
Event: 0.603 Thread 0x00007f73b001c000 DEOPT PACKING pc=0x00007f7398fa204f sp=0x00007f73b73d3720
Event: 0.603 Thread 0x00007f73b001c000 DEOPT UNPACKING pc=0x00007f739882564a sp=0x00007f73b73d2bc8 mode 0
Event: 0.604 Thread 0x00007f73b001c000 DEOPT PACKING pc=0x00007f7398fa204f sp=0x00007f73b73d3720
Event: 0.604 Thread 0x00007f73b001c000 DEOPT UNPACKING pc=0x00007f739882564a sp=0x00007f73b73d2bc8 mode 0
Event: 0.606 Thread 0x00007f73b001c000 DEOPT PACKING pc=0x00007f7399000392 sp=0x00007f73b73d31a0
Event: 0.606 Thread 0x00007f73b001c000 DEOPT UNPACKING pc=0x00007f739882564a sp=0x00007f73b73d2620 mode 0
Event: 0.606 Thread 0x00007f73b001c000 DEOPT PACKING pc=0x00007f7398fa204f sp=0x00007f73b73d3640
Event: 0.606 Thread 0x00007f73b001c000 DEOPT UNPACKING pc=0x00007f739882564a sp=0x00007f73b73d2ae8 mode 0
Event: 0.606 Thread 0x00007f73b001c000 DEOPT PACKING pc=0x00007f7398fa204f sp=0x00007f73b73d3740
Event: 0.606 Thread 0x00007f73b001c000 DEOPT UNPACKING pc=0x00007f739882564a sp=0x00007f73b73d2be8 mode 0
Event: 0.609 Thread 0x00007f73b001c000 DEOPT PACKING pc=0x00007f7399000392 sp=0x00007f73b73d3120
Event: 0.609 Thread 0x00007f73b001c000 DEOPT UNPACKING pc=0x00007f739882564a sp=0x00007f73b73d25a0 mode 0
Event: 0.611 Thread 0x00007f73b001c000 DEOPT PACKING pc=0x00007f7398fa204f sp=0x00007f73b73d3610
Event: 0.611 Thread 0x00007f73b001c000 DEOPT UNPACKING pc=0x00007f739882564a sp=0x00007f73b73d2ab8 mode 0
Event: 0.612 Thread 0x00007f73b001c000 DEOPT PACKING pc=0x00007f7398fa204f sp=0x00007f73b73d3640
Event: 0.612 Thread 0x00007f73b001c000 DEOPT UNPACKING pc=0x00007f739882564a sp=0x00007f73b73d2ae8 mode 0

Classes redefined (0 events):
No events

Internal exceptions (20 events):
Event: 0.551 Thread 0x00007f73b001c000 Exception <a 'java/security/PrivilegedActionException'{0x000000008d8d6c00}> (0x000000008d8d6c00) thrown at [src/hotspot/share/prims/jvm.cpp, line 1304]
Event: 0.551 Thread 0x00007f73b001c000 Exception <a 'java/security/PrivilegedActionException'{0x000000008d8d6ed0}> (0x000000008d8d6ed0) thrown at [src/hotspot/share/prims/jvm.cpp, line 1304]
Event: 0.551 Thread 0x00007f73b001c000 Exception <a 'java/security/PrivilegedActionException'{0x000000008d8d7820}> (0x000000008d8d7820) thrown at [src/hotspot/share/prims/jvm.cpp, line 1304]
Event: 0.551 Thread 0x00007f73b001c000 Exception <a 'java/security/PrivilegedActionException'{0x000000008d8d7af0}> (0x000000008d8d7af0) thrown at [src/hotspot/share/prims/jvm.cpp, line 1304]
Event: 0.551 Thread 0x00007f73b001c000 Exception <a 'java/security/PrivilegedActionException'{0x000000008d8d8478}> (0x000000008d8d8478) thrown at [src/hotspot/share/prims/jvm.cpp, line 1304]
Event: 0.551 Thread 0x00007f73b001c000 Exception <a 'java/security/PrivilegedActionException'{0x000000008d8d8748}> (0x000000008d8d8748) thrown at [src/hotspot/share/prims/jvm.cpp, line 1304]
Event: 0.551 Thread 0x00007f73b001c000 Exception <a 'java/security/PrivilegedActionException'{0x000000008d8d90b8}> (0x000000008d8d90b8) thrown at [src/hotspot/share/prims/jvm.cpp, line 1304]
Event: 0.551 Thread 0x00007f73b001c000 Exception <a 'java/security/PrivilegedActionException'{0x000000008d8d9388}> (0x000000008d8d9388) thrown at [src/hotspot/share/prims/jvm.cpp, line 1304]
Event: 0.551 Thread 0x00007f73b001c000 Exception <a 'java/security/PrivilegedActionException'{0x000000008d8d9cf8}> (0x000000008d8d9cf8) thrown at [src/hotspot/share/prims/jvm.cpp, line 1304]
Event: 0.552 Thread 0x00007f73b001c000 Exception <a 'java/security/PrivilegedActionException'{0x000000008d8d9fc8}> (0x000000008d8d9fc8) thrown at [src/hotspot/share/prims/jvm.cpp, line 1304]
Event: 0.552 Thread 0x00007f73b001c000 Exception <a 'java/security/PrivilegedActionException'{0x000000008d8da950}> (0x000000008d8da950) thrown at [src/hotspot/share/prims/jvm.cpp, line 1304]
Event: 0.552 Thread 0x00007f73b001c000 Exception <a 'java/security/PrivilegedActionException'{0x000000008d8dac20}> (0x000000008d8dac20) thrown at [src/hotspot/share/prims/jvm.cpp, line 1304]
Event: 0.552 Thread 0x00007f73b001c000 Exception <a 'java/security/PrivilegedActionException'{0x000000008d8db5a8}> (0x000000008d8db5a8) thrown at [src/hotspot/share/prims/jvm.cpp, line 1304]
Event: 0.552 Thread 0x00007f73b001c000 Exception <a 'java/security/PrivilegedActionException'{0x000000008d8db878}> (0x000000008d8db878) thrown at [src/hotspot/share/prims/jvm.cpp, line 1304]
Event: 0.552 Thread 0x00007f73b001c000 Exception <a 'java/security/PrivilegedActionException'{0x000000008d8dc200}> (0x000000008d8dc200) thrown at [src/hotspot/share/prims/jvm.cpp, line 1304]
Event: 0.552 Thread 0x00007f73b001c000 Exception <a 'java/security/PrivilegedActionException'{0x000000008d8dc4d0}> (0x000000008d8dc4d0) thrown at [src/hotspot/share/prims/jvm.cpp, line 1304]
Event: 0.552 Thread 0x00007f73b001c000 Exception <a 'java/security/PrivilegedActionException'{0x000000008d8dce40}> (0x000000008d8dce40) thrown at [src/hotspot/share/prims/jvm.cpp, line 1304]
Event: 0.552 Thread 0x00007f73b001c000 Exception <a 'java/security/PrivilegedActionException'{0x000000008d8dd110}> (0x000000008d8dd110) thrown at [src/hotspot/share/prims/jvm.cpp, line 1304]
Event: 0.552 Thread 0x00007f73b001c000 Exception <a 'java/security/PrivilegedActionException'{0x000000008d8dda98}> (0x000000008d8dda98) thrown at [src/hotspot/share/prims/jvm.cpp, line 1304]
Event: 0.552 Thread 0x00007f73b001c000 Exception <a 'java/security/PrivilegedActionException'{0x000000008d8ddd68}> (0x000000008d8ddd68) thrown at [src/hotspot/share/prims/jvm.cpp, line 1304]

Events (20 events):
Event: 5.527 Executing VM operation: GetOrSetLocal
Event: 5.528 Executing VM operation: GetOrSetLocal done
Event: 5.737 Thread 0x00007f7350147800 Thread exited: 0x00007f7350147800
Event: 5.740 Thread 0x00007f7364218000 Thread exited: 0x00007f7364218000
Event: 6.142 Executing VM operation: GetFrameCount
Event: 6.142 Executing VM operation: GetFrameCount done
Event: 6.142 Executing VM operation: SetFramePop
Event: 6.142 Executing VM operation: SetFramePop done
Event: 6.142 Executing VM operation: GetFrameLocation
Event: 6.142 Executing VM operation: GetFrameLocation done
Event: 6.142 Executing VM operation: GetCurrentLocation
Event: 6.142 Executing VM operation: GetCurrentLocation done
Event: 6.142 Executing VM operation: ChangeSingleStep
Event: 6.142 Executing VM operation: ChangeSingleStep done
Event: 6.143 Executing VM operation: ChangeSingleStep
Event: 6.143 Executing VM operation: ChangeSingleStep done
Event: 6.143 Executing VM operation: GetCurrentLocation
Event: 6.143 Executing VM operation: GetCurrentLocation done
Event: 6.143 Executing VM operation: ChangeSingleStep
Event: 6.143 Executing VM operation: ChangeSingleStep done


Dynamic libraries:
86a00000-8e400000 rw-p 00000000 00:00 0 
8e400000-ffe00000 ---p 00000000 00:00 0 
ffe00000-ffe48000 rw-p 00b14000 08:20 43898                              /usr/lib/jvm/java-11-openjdk-amd64/lib/server/classes.jsa
ffe48000-fff00000 rw-p 00000000 00:00 0 
fff00000-fff6c000 rw-p 00aa8000 08:20 43898                              /usr/lib/jvm/java-11-openjdk-amd64/lib/server/classes.jsa
fff6c000-100000000 rw-p 00000000 00:00 0 
800000000-800002000 rwxp 00001000 08:20 43898                            /usr/lib/jvm/java-11-openjdk-amd64/lib/server/classes.jsa
800002000-800aa7000 rw-p 00003000 08:20 43898                            /usr/lib/jvm/java-11-openjdk-amd64/lib/server/classes.jsa
840000000-8400c0000 rw-p 00000000 00:00 0 
8400c0000-880000000 ---p 00000000 00:00 0 
55e1e002d000-55e1e002e000 r--p 00000000 08:20 47754                      /usr/lib/jvm/java-11-openjdk-amd64/bin/java
55e1e002e000-55e1e002f000 r-xp 00001000 08:20 47754                      /usr/lib/jvm/java-11-openjdk-amd64/bin/java
55e1e002f000-55e1e0030000 r--p 00002000 08:20 47754                      /usr/lib/jvm/java-11-openjdk-amd64/bin/java
55e1e0030000-55e1e0031000 r--p 00002000 08:20 47754                      /usr/lib/jvm/java-11-openjdk-amd64/bin/java
55e1e0031000-55e1e0032000 rw-p 00003000 08:20 47754                      /usr/lib/jvm/java-11-openjdk-amd64/bin/java
55e1e0e5d000-55e1e0e7e000 rw-p 00000000 00:00 0                          [heap]
7f733152c000-7f7331e52000 r--p 00000000 08:20 84032                      /home/w/.javacpp/cache/llvm-13.0.1-1.5.7-linux-x86_64.jar/org/bytedeco/llvm/linux-x86_64/libLLVM-13.so
7f7331e52000-7f7335815000 r-xp 00926000 08:20 84032                      /home/w/.javacpp/cache/llvm-13.0.1-1.5.7-linux-x86_64.jar/org/bytedeco/llvm/linux-x86_64/libLLVM-13.so
7f7335815000-7f7337a6a000 r--p 042e9000 08:20 84032                      /home/w/.javacpp/cache/llvm-13.0.1-1.5.7-linux-x86_64.jar/org/bytedeco/llvm/linux-x86_64/libLLVM-13.so
7f7337a6a000-7f7337f7f000 r--p 0653d000 08:20 84032                      /home/w/.javacpp/cache/llvm-13.0.1-1.5.7-linux-x86_64.jar/org/bytedeco/llvm/linux-x86_64/libLLVM-13.so
7f7337f7f000-7f7337f8a000 rw-p 06a52000 08:20 84032                      /home/w/.javacpp/cache/llvm-13.0.1-1.5.7-linux-x86_64.jar/org/bytedeco/llvm/linux-x86_64/libLLVM-13.so
7f7337f8a000-7f7338000000 rw-p 00000000 00:00 0 
7f7338000000-7f7338021000 rw-p 00000000 00:00 0 
7f7338021000-7f733c000000 ---p 00000000 00:00 0 
7f733c000000-7f733c02d000 rw-p 00000000 00:00 0 
7f733c02d000-7f7340000000 ---p 00000000 00:00 0 
7f7340000000-7f7340021000 rw-p 00000000 00:00 0 
7f7340021000-7f7344000000 ---p 00000000 00:00 0 
7f7344000000-7f7344021000 rw-p 00000000 00:00 0 
7f7344021000-7f7348000000 ---p 00000000 00:00 0 
7f7348000000-7f7348021000 rw-p 00000000 00:00 0 
7f7348021000-7f734c000000 ---p 00000000 00:00 0 
7f734c000000-7f734c021000 rw-p 00000000 00:00 0 
7f734c021000-7f7350000000 ---p 00000000 00:00 0 
7f7350000000-7f735014c000 rw-p 00000000 00:00 0 
7f735014c000-7f7354000000 ---p 00000000 00:00 0 
7f7354000000-7f7354028000 rw-p 00000000 00:00 0 
7f7354028000-7f7358000000 ---p 00000000 00:00 0 
7f7358000000-7f7358021000 rw-p 00000000 00:00 0 
7f7358021000-7f735c000000 ---p 00000000 00:00 0 
7f735c000000-7f735c021000 rw-p 00000000 00:00 0 
7f735c021000-7f7360000000 ---p 00000000 00:00 0 
7f7360000000-7f73602fd000 rw-p 00000000 00:00 0 
7f73602fd000-7f7364000000 ---p 00000000 00:00 0 
7f7364000000-7f736428d000 rw-p 00000000 00:00 0 
7f736428d000-7f7368000000 ---p 00000000 00:00 0 
7f7368000000-7f7368021000 rw-p 00000000 00:00 0 
7f7368021000-7f736c000000 ---p 00000000 00:00 0 
7f736c000000-7f736c021000 rw-p 00000000 00:00 0 
7f736c021000-7f7370000000 ---p 00000000 00:00 0 
7f7370000000-7f7370021000 rw-p 00000000 00:00 0 
7f7370021000-7f7374000000 ---p 00000000 00:00 0 
7f7374000000-7f7374021000 rw-p 00000000 00:00 0 
7f7374021000-7f7378000000 ---p 00000000 00:00 0 
7f7378000000-7f7378021000 rw-p 00000000 00:00 0 
7f7378021000-7f737c000000 ---p 00000000 00:00 0 
7f737c000000-7f737c021000 rw-p 00000000 00:00 0 
7f737c021000-7f7380000000 ---p 00000000 00:00 0 
7f7380000000-7f7380021000 rw-p 00000000 00:00 0 
7f7380021000-7f7384000000 ---p 00000000 00:00 0 
7f7384000000-7f7384021000 rw-p 00000000 00:00 0 
7f7384021000-7f7388000000 ---p 00000000 00:00 0 
7f7388ef2000-7f7388f57000 r--p 00000000 08:20 84037                      /home/w/.javacpp/cache/llvm-13.0.1-1.5.7-linux-x86_64.jar/org/bytedeco/llvm/linux-x86_64/libjniLLVM.so
7f7388f57000-7f7388fc5000 r-xp 00065000 08:20 84037                      /home/w/.javacpp/cache/llvm-13.0.1-1.5.7-linux-x86_64.jar/org/bytedeco/llvm/linux-x86_64/libjniLLVM.so
7f7388fc5000-7f7388ff0000 r--p 000d3000 08:20 84037                      /home/w/.javacpp/cache/llvm-13.0.1-1.5.7-linux-x86_64.jar/org/bytedeco/llvm/linux-x86_64/libjniLLVM.so
7f7388ff0000-7f7388ff3000 r--p 000fd000 08:20 84037                      /home/w/.javacpp/cache/llvm-13.0.1-1.5.7-linux-x86_64.jar/org/bytedeco/llvm/linux-x86_64/libjniLLVM.so
7f7388ff3000-7f7388ff6000 rw-p 00100000 08:20 84037                      /home/w/.javacpp/cache/llvm-13.0.1-1.5.7-linux-x86_64.jar/org/bytedeco/llvm/linux-x86_64/libjniLLVM.so
7f7388ff6000-7f7388ff8000 rw-p 00000000 00:00 0 
7f7388ff8000-7f7388ffc000 ---p 00000000 00:00 0 
7f7388ffc000-7f73890f9000 rw-p 00000000 00:00 0 
7f73890f9000-7f73890fd000 ---p 00000000 00:00 0 
7f73890fd000-7f73891fa000 rw-p 00000000 00:00 0 
7f73891fa000-7f73891fe000 ---p 00000000 00:00 0 
7f73891fe000-7f73892fb000 rw-p 00000000 00:00 0 
7f73892fb000-7f73892fc000 ---p 00000000 00:00 0 
7f73892fc000-7f73893fc000 rw-p 00000000 00:00 0 
7f73893fc000-7f7389400000 ---p 00000000 00:00 0 
7f7389400000-7f73894fd000 rw-p 00000000 00:00 0 
7f73894fd000-7f7389501000 ---p 00000000 00:00 0 
7f7389501000-7f73895fe000 rw-p 00000000 00:00 0 
7f73895fe000-7f7389602000 ---p 00000000 00:00 0 
7f7389602000-7f73896ff000 rw-p 00000000 00:00 0 
7f73896ff000-7f7389703000 ---p 00000000 00:00 0 
7f7389703000-7f7389dc0000 rw-p 00000000 00:00 0 
7f7389dc0000-7f738a000000 ---p 00000000 00:00 0 
7f738a000000-7f738c000000 rw-p 00000000 00:00 0 
7f738c000000-7f738c021000 rw-p 00000000 00:00 0 
7f738c021000-7f7390000000 ---p 00000000 00:00 0 
7f739004d000-7f7390051000 ---p 00000000 00:00 0 
7f7390051000-7f739014e000 rw-p 00000000 00:00 0 
7f739014e000-7f7390152000 ---p 00000000 00:00 0 
7f7390152000-7f739024f000 rw-p 00000000 00:00 0 
7f739024f000-7f7390253000 ---p 00000000 00:00 0 
7f7390253000-7f7390538000 rw-p 00000000 00:00 0 
7f7390538000-7f73921a0000 ---p 00000000 00:00 0 
7f73921a0000-7f7392390000 rw-p 00000000 00:00 0 
7f7392390000-7f7393ff8000 ---p 00000000 00:00 0 
7f7393ff8000-7f7394000000 rw-p 00000000 00:00 0 
7f7394000000-7f7394021000 rw-p 00000000 00:00 0 
7f7394021000-7f7398000000 ---p 00000000 00:00 0 
7f73980e6000-7f73980ed000 r--p 00000000 08:20 84033                      /home/w/.javacpp/cache/llvm-13.0.1-1.5.7-linux-x86_64.jar/org/bytedeco/llvm/linux-x86_64/libLTO.so.13
7f73980ed000-7f73980f5000 r-xp 00007000 08:20 84033                      /home/w/.javacpp/cache/llvm-13.0.1-1.5.7-linux-x86_64.jar/org/bytedeco/llvm/linux-x86_64/libLTO.so.13
7f73980f5000-7f73980f7000 r--p 0000f000 08:20 84033                      /home/w/.javacpp/cache/llvm-13.0.1-1.5.7-linux-x86_64.jar/org/bytedeco/llvm/linux-x86_64/libLTO.so.13
7f73980f7000-7f73980f8000 r--p 00010000 08:20 84033                      /home/w/.javacpp/cache/llvm-13.0.1-1.5.7-linux-x86_64.jar/org/bytedeco/llvm/linux-x86_64/libLTO.so.13
7f73980f8000-7f73980f9000 rw-p 00011000 08:20 84033                      /home/w/.javacpp/cache/llvm-13.0.1-1.5.7-linux-x86_64.jar/org/bytedeco/llvm/linux-x86_64/libLTO.so.13
7f73980f9000-7f73980fd000 ---p 00000000 00:00 0 
7f73980fd000-7f73981fa000 rw-p 00000000 00:00 0 
7f73981fa000-7f73981fe000 ---p 00000000 00:00 0 
7f73981fe000-7f73982fb000 rw-p 00000000 00:00 0 
7f73982fb000-7f73982ff000 ---p 00000000 00:00 0 
7f73982ff000-7f73983fc000 rw-p 00000000 00:00 0 
7f73983fc000-7f7398400000 ---p 00000000 00:00 0 
7f7398400000-7f73984fd000 rw-p 00000000 00:00 0 
7f73984fd000-7f7398501000 ---p 00000000 00:00 0 
7f7398501000-7f73985fe000 rw-p 00000000 00:00 0 
7f73985fe000-7f73985ff000 ---p 00000000 00:00 0 
7f73985ff000-7f73987db000 rw-p 00000000 00:00 0 
7f73987db000-7f7398a4b000 rwxp 00000000 00:00 0 
7f7398a4b000-7f7398f1a000 ---p 00000000 00:00 0 
7f7398f1a000-7f739918a000 rwxp 00000000 00:00 0 
7f739918a000-7f73a037a000 ---p 00000000 00:00 0 
7f73a037a000-7f73a05ea000 rwxp 00000000 00:00 0 
7f73a05ea000-7f73a77db000 ---p 00000000 00:00 0 
7f73a77db000-7f73b0000000 r--s 00000000 08:20 47913                      /usr/lib/jvm/java-11-openjdk-amd64/lib/modules
7f73b0000000-7f73b04bb000 rw-p 00000000 00:00 0 
7f73b04bb000-7f73b4000000 ---p 00000000 00:00 0 
7f73b400d000-7f73b400e000 r--p 00000000 08:20 84035                      /home/w/.javacpp/cache/llvm-13.0.1-1.5.7-linux-x86_64.jar/org/bytedeco/llvm/linux-x86_64/libRemarks.so.13
7f73b400e000-7f73b400f000 r-xp 00001000 08:20 84035                      /home/w/.javacpp/cache/llvm-13.0.1-1.5.7-linux-x86_64.jar/org/bytedeco/llvm/linux-x86_64/libRemarks.so.13
7f73b400f000-7f73b4010000 r--p 00002000 08:20 84035                      /home/w/.javacpp/cache/llvm-13.0.1-1.5.7-linux-x86_64.jar/org/bytedeco/llvm/linux-x86_64/libRemarks.so.13
7f73b4010000-7f73b4011000 r--p 00002000 08:20 84035                      /home/w/.javacpp/cache/llvm-13.0.1-1.5.7-linux-x86_64.jar/org/bytedeco/llvm/linux-x86_64/libRemarks.so.13
7f73b4011000-7f73b4012000 rw-p 00003000 08:20 84035                      /home/w/.javacpp/cache/llvm-13.0.1-1.5.7-linux-x86_64.jar/org/bytedeco/llvm/linux-x86_64/libRemarks.so.13
7f73b4012000-7f73b4016000 r--p 00000000 08:20 84026                      /home/w/.javacpp/cache/javacpp-1.5.7-linux-x86_64.jar/org/bytedeco/javacpp/linux-x86_64/libjnijavacpp.so
7f73b4016000-7f73b401d000 r-xp 00004000 08:20 84026                      /home/w/.javacpp/cache/javacpp-1.5.7-linux-x86_64.jar/org/bytedeco/javacpp/linux-x86_64/libjnijavacpp.so
7f73b401d000-7f73b4021000 r--p 0000b000 08:20 84026                      /home/w/.javacpp/cache/javacpp-1.5.7-linux-x86_64.jar/org/bytedeco/javacpp/linux-x86_64/libjnijavacpp.so
7f73b4021000-7f73b4022000 r--p 0000e000 08:20 84026                      /home/w/.javacpp/cache/javacpp-1.5.7-linux-x86_64.jar/org/bytedeco/javacpp/linux-x86_64/libjnijavacpp.so
7f73b4022000-7f73b4023000 rw-p 0000f000 08:20 84026                      /home/w/.javacpp/cache/javacpp-1.5.7-linux-x86_64.jar/org/bytedeco/javacpp/linux-x86_64/libjnijavacpp.so
7f73b4023000-7f73b4027000 r--p 00000000 08:20 47903                      /usr/lib/jvm/java-11-openjdk-amd64/lib/libnet.so
7f73b4027000-7f73b4035000 r-xp 00004000 08:20 47903                      /usr/lib/jvm/java-11-openjdk-amd64/lib/libnet.so
7f73b4035000-7f73b4039000 r--p 00012000 08:20 47903                      /usr/lib/jvm/java-11-openjdk-amd64/lib/libnet.so
7f73b4039000-7f73b403a000 r--p 00015000 08:20 47903                      /usr/lib/jvm/java-11-openjdk-amd64/lib/libnet.so
7f73b403a000-7f73b403b000 rw-p 00016000 08:20 47903                      /usr/lib/jvm/java-11-openjdk-amd64/lib/libnet.so
7f73b403b000-7f73b4042000 r--p 00000000 08:20 47904                      /usr/lib/jvm/java-11-openjdk-amd64/lib/libnio.so
7f73b4042000-7f73b404a000 r-xp 00007000 08:20 47904                      /usr/lib/jvm/java-11-openjdk-amd64/lib/libnio.so
7f73b404a000-7f73b404d000 r--p 0000f000 08:20 47904                      /usr/lib/jvm/java-11-openjdk-amd64/lib/libnio.so
7f73b404d000-7f73b404e000 r--p 00011000 08:20 47904                      /usr/lib/jvm/java-11-openjdk-amd64/lib/libnio.so
7f73b404e000-7f73b404f000 rw-p 00012000 08:20 47904                      /usr/lib/jvm/java-11-openjdk-amd64/lib/libnio.so
7f73b404f000-7f73b4051000 r--p 00000000 08:20 47884                      /usr/lib/jvm/java-11-openjdk-amd64/lib/libdt_socket.so
7f73b4051000-7f73b4054000 r-xp 00002000 08:20 47884                      /usr/lib/jvm/java-11-openjdk-amd64/lib/libdt_socket.so
7f73b4054000-7f73b4055000 r--p 00005000 08:20 47884                      /usr/lib/jvm/java-11-openjdk-amd64/lib/libdt_socket.so
7f73b4055000-7f73b4056000 ---p 00006000 08:20 47884                      /usr/lib/jvm/java-11-openjdk-amd64/lib/libdt_socket.so
7f73b4056000-7f73b4057000 r--p 00006000 08:20 47884                      /usr/lib/jvm/java-11-openjdk-amd64/lib/libdt_socket.so
7f73b4057000-7f73b4058000 rw-p 00007000 08:20 47884                      /usr/lib/jvm/java-11-openjdk-amd64/lib/libdt_socket.so
7f73b4058000-7f73b4059000 ---p 00000000 00:00 0 
7f73b4059000-7f73b4159000 rw-p 00000000 00:00 0 
7f73b4159000-7f73b415a000 ---p 00000000 00:00 0 
7f73b415a000-7f73b4f67000 rw-p 00000000 00:00 0 
7f73b4f67000-7f73b4f68000 ---p 00000000 00:00 0 
7f73b4f68000-7f73b5068000 rw-p 00000000 00:00 0 
7f73b5068000-7f73b5069000 ---p 00000000 00:00 0 
7f73b5069000-7f73b5260000 rw-p 00000000 00:00 0 
7f73b5260000-7f73b55ed000 ---p 00000000 00:00 0 
7f73b55ed000-7f73b562b000 rw-p 00000000 00:00 0 
7f73b562b000-7f73b59b8000 ---p 00000000 00:00 0 
7f73b59b8000-7f73b59f6000 rw-p 00000000 00:00 0 
7f73b59f6000-7f73b5d83000 ---p 00000000 00:00 0 
7f73b5d83000-7f73b6a91000 rw-p 00000000 00:00 0 
7f73b6a91000-7f73b6a92000 ---p 00000000 00:00 0 
7f73b6a92000-7f73b6b97000 rw-p 00000000 00:00 0 
7f73b6b97000-7f73b6c7b000 ---p 00000000 00:00 0 
7f73b6c7b000-7f73b6c80000 rw-p 00000000 00:00 0 
7f73b6c80000-7f73b6d64000 ---p 00000000 00:00 0 
7f73b6d64000-7f73b6d69000 rw-p 00000000 00:00 0 
7f73b6d69000-7f73b6d73000 ---p 00000000 00:00 0 
7f73b6d73000-7f73b6d79000 r--s 000f8000 08:20 55851                      /home/w/.cache/JetBrains/RemoteDev/dist/2b05049c6fa27_ideaIU-232.9921.28/plugins/java/lib/rt/debugger-agent.jar
7f73b6d79000-7f73b6d7b000 r--p 00000000 08:20 47912                      /usr/lib/jvm/java-11-openjdk-amd64/lib/libzip.so
7f73b6d7b000-7f73b6d80000 r-xp 00002000 08:20 47912                      /usr/lib/jvm/java-11-openjdk-amd64/lib/libzip.so
7f73b6d80000-7f73b6d82000 r--p 00007000 08:20 47912                      /usr/lib/jvm/java-11-openjdk-amd64/lib/libzip.so
7f73b6d82000-7f73b6d83000 r--p 00008000 08:20 47912                      /usr/lib/jvm/java-11-openjdk-amd64/lib/libzip.so
7f73b6d83000-7f73b6d84000 rw-p 00009000 08:20 47912                      /usr/lib/jvm/java-11-openjdk-amd64/lib/libzip.so
7f73b6d84000-7f73b6d87000 r--p 00000000 08:20 41808                      /usr/lib/x86_64-linux-gnu/libnss_files-2.31.so
7f73b6d87000-7f73b6d8e000 r-xp 00003000 08:20 41808                      /usr/lib/x86_64-linux-gnu/libnss_files-2.31.so
7f73b6d8e000-7f73b6d90000 r--p 0000a000 08:20 41808                      /usr/lib/x86_64-linux-gnu/libnss_files-2.31.so
7f73b6d90000-7f73b6d91000 r--p 0000b000 08:20 41808                      /usr/lib/x86_64-linux-gnu/libnss_files-2.31.so
7f73b6d91000-7f73b6d92000 rw-p 0000c000 08:20 41808                      /usr/lib/x86_64-linux-gnu/libnss_files-2.31.so
7f73b6d92000-7f73b6d98000 rw-p 00000000 00:00 0 
7f73b6d9a000-7f73b6da2000 rw-s 00000000 08:20 44945                      /tmp/hsperfdata_w/10583
7f73b6da2000-7f73b6dd4000 r--p 00000000 08:20 22158                      /usr/lib/locale/C.UTF-8/LC_CTYPE
7f73b6dd4000-7f73b6dd5000 r--p 00000000 08:20 22164                      /usr/lib/locale/C.UTF-8/LC_NUMERIC
7f73b6dd5000-7f73b6dd6000 r--p 00000000 08:20 22167                      /usr/lib/locale/C.UTF-8/LC_TIME
7f73b6dd6000-7f73b6f49000 r--p 00000000 08:20 22157                      /usr/lib/locale/C.UTF-8/LC_COLLATE
7f73b6f49000-7f73b6f4a000 r--p 00000000 08:20 22162                      /usr/lib/locale/C.UTF-8/LC_MONETARY
7f73b6f4a000-7f73b6f4b000 r--p 00000000 08:20 22161                      /usr/lib/locale/C.UTF-8/LC_MESSAGES/SYS_LC_MESSAGES
7f73b6f4b000-7f73b6f4c000 r--p 00000000 08:20 22165                      /usr/lib/locale/C.UTF-8/LC_PAPER
7f73b6f4c000-7f73b6f4d000 r--p 00000000 08:20 22163                      /usr/lib/locale/C.UTF-8/LC_NAME
7f73b6f4d000-7f73b6f4e000 r--p 00000000 08:20 22156                      /usr/lib/locale/C.UTF-8/LC_ADDRESS
7f73b6f4e000-7f73b6f4f000 r--p 00000000 08:20 22166                      /usr/lib/locale/C.UTF-8/LC_TELEPHONE
7f73b6f4f000-7f73b6f56000 r--s 00000000 08:20 42067                      /usr/lib/x86_64-linux-gnu/gconv/gconv-modules.cache
7f73b6f56000-7f73b723c000 r--p 00000000 08:20 2680                       /usr/lib/locale/locale-archive
7f73b723c000-7f73b723e000 r--p 00000000 08:20 47887                      /usr/lib/jvm/java-11-openjdk-amd64/lib/libinstrument.so
7f73b723e000-7f73b7245000 r-xp 00002000 08:20 47887                      /usr/lib/jvm/java-11-openjdk-amd64/lib/libinstrument.so
7f73b7245000-7f73b7248000 r--p 00009000 08:20 47887                      /usr/lib/jvm/java-11-openjdk-amd64/lib/libinstrument.so
7f73b7248000-7f73b7249000 r--p 0000b000 08:20 47887                      /usr/lib/jvm/java-11-openjdk-amd64/lib/libinstrument.so
7f73b7249000-7f73b724a000 rw-p 0000c000 08:20 47887                      /usr/lib/jvm/java-11-openjdk-amd64/lib/libinstrument.so
7f73b724a000-7f73b724c000 r--p 00000000 08:20 47894                      /usr/lib/jvm/java-11-openjdk-amd64/lib/libjdwp.so
7f73b724c000-7f73b7279000 r-xp 00002000 08:20 47894                      /usr/lib/jvm/java-11-openjdk-amd64/lib/libjdwp.so
7f73b7279000-7f73b7287000 r--p 0002f000 08:20 47894                      /usr/lib/jvm/java-11-openjdk-amd64/lib/libjdwp.so
7f73b7287000-7f73b7288000 r--p 0003c000 08:20 47894                      /usr/lib/jvm/java-11-openjdk-amd64/lib/libjdwp.so
7f73b7288000-7f73b7289000 rw-p 0003d000 08:20 47894                      /usr/lib/jvm/java-11-openjdk-amd64/lib/libjdwp.so
7f73b7289000-7f73b728a000 ---p 00000000 00:00 0 
7f73b728a000-7f73b728b000 r--p 00000000 00:00 0 
7f73b728b000-7f73b7299000 r--p 00000000 08:20 47892                      /usr/lib/jvm/java-11-openjdk-amd64/lib/libjava.so
7f73b7299000-7f73b72af000 r-xp 0000e000 08:20 47892                      /usr/lib/jvm/java-11-openjdk-amd64/lib/libjava.so
7f73b72af000-7f73b72b6000 r--p 00024000 08:20 47892                      /usr/lib/jvm/java-11-openjdk-amd64/lib/libjava.so
7f73b72b6000-7f73b72b7000 r--p 0002a000 08:20 47892                      /usr/lib/jvm/java-11-openjdk-amd64/lib/libjava.so
7f73b72b7000-7f73b72b8000 rw-p 0002b000 08:20 47892                      /usr/lib/jvm/java-11-openjdk-amd64/lib/libjava.so
7f73b72b8000-7f73b72b9000 rw-p 00000000 00:00 0 
7f73b72b9000-7f73b72be000 r--p 00000000 08:20 47911                      /usr/lib/jvm/java-11-openjdk-amd64/lib/libverify.so
7f73b72be000-7f73b72c5000 r-xp 00005000 08:20 47911                      /usr/lib/jvm/java-11-openjdk-amd64/lib/libverify.so
7f73b72c5000-7f73b72c7000 r--p 0000c000 08:20 47911                      /usr/lib/jvm/java-11-openjdk-amd64/lib/libverify.so
7f73b72c7000-7f73b72c8000 ---p 0000e000 08:20 47911                      /usr/lib/jvm/java-11-openjdk-amd64/lib/libverify.so
7f73b72c8000-7f73b72ca000 r--p 0000e000 08:20 47911                      /usr/lib/jvm/java-11-openjdk-amd64/lib/libverify.so
7f73b72ca000-7f73b72cb000 rw-p 00010000 08:20 47911                      /usr/lib/jvm/java-11-openjdk-amd64/lib/libverify.so
7f73b72cb000-7f73b72cd000 r--p 00000000 08:20 41815                      /usr/lib/x86_64-linux-gnu/librt-2.31.so
7f73b72cd000-7f73b72d1000 r-xp 00002000 08:20 41815                      /usr/lib/x86_64-linux-gnu/librt-2.31.so
7f73b72d1000-7f73b72d3000 r--p 00006000 08:20 41815                      /usr/lib/x86_64-linux-gnu/librt-2.31.so
7f73b72d3000-7f73b72d4000 r--p 00007000 08:20 41815                      /usr/lib/x86_64-linux-gnu/librt-2.31.so
7f73b72d4000-7f73b72d5000 rw-p 00008000 08:20 41815                      /usr/lib/x86_64-linux-gnu/librt-2.31.so
7f73b72d5000-7f73b72d9000 ---p 00000000 00:00 0 
7f73b72d9000-7f73b73d6000 rw-p 00000000 00:00 0 
7f73b73d6000-7f73b73d9000 r--p 00000000 08:20 41776                      /usr/lib/x86_64-linux-gnu/libgcc_s.so.1
7f73b73d9000-7f73b73eb000 r-xp 00003000 08:20 41776                      /usr/lib/x86_64-linux-gnu/libgcc_s.so.1
7f73b73eb000-7f73b73ef000 r--p 00015000 08:20 41776                      /usr/lib/x86_64-linux-gnu/libgcc_s.so.1
7f73b73ef000-7f73b73f0000 r--p 00018000 08:20 41776                      /usr/lib/x86_64-linux-gnu/libgcc_s.so.1
7f73b73f0000-7f73b73f1000 rw-p 00019000 08:20 41776                      /usr/lib/x86_64-linux-gnu/libgcc_s.so.1
7f73b73f1000-7f73b73fe000 r--p 00000000 08:20 41802                      /usr/lib/x86_64-linux-gnu/libm-2.31.so
7f73b73fe000-7f73b74a5000 r-xp 0000d000 08:20 41802                      /usr/lib/x86_64-linux-gnu/libm-2.31.so
7f73b74a5000-7f73b753e000 r--p 000b4000 08:20 41802                      /usr/lib/x86_64-linux-gnu/libm-2.31.so
7f73b753e000-7f73b753f000 r--p 0014c000 08:20 41802                      /usr/lib/x86_64-linux-gnu/libm-2.31.so
7f73b753f000-7f73b7540000 rw-p 0014d000 08:20 41802                      /usr/lib/x86_64-linux-gnu/libm-2.31.so
7f73b7540000-7f73b75d6000 r--p 00000000 08:20 40202                      /usr/lib/x86_64-linux-gnu/libstdc++.so.6.0.28
7f73b75d6000-7f73b76c7000 r-xp 00096000 08:20 40202                      /usr/lib/x86_64-linux-gnu/libstdc++.so.6.0.28
7f73b76c7000-7f73b7710000 r--p 00187000 08:20 40202                      /usr/lib/x86_64-linux-gnu/libstdc++.so.6.0.28
7f73b7710000-7f73b7711000 ---p 001d0000 08:20 40202                      /usr/lib/x86_64-linux-gnu/libstdc++.so.6.0.28
7f73b7711000-7f73b771c000 r--p 001d0000 08:20 40202                      /usr/lib/x86_64-linux-gnu/libstdc++.so.6.0.28
7f73b771c000-7f73b771f000 rw-p 001db000 08:20 40202                      /usr/lib/x86_64-linux-gnu/libstdc++.so.6.0.28
7f73b771f000-7f73b7722000 rw-p 00000000 00:00 0 
7f73b7722000-7f73b79a4000 r--p 00000000 08:20 47918                      /usr/lib/jvm/java-11-openjdk-amd64/lib/server/libjvm.so
7f73b79a4000-7f73b8631000 r-xp 00282000 08:20 47918                      /usr/lib/jvm/java-11-openjdk-amd64/lib/server/libjvm.so
7f73b8631000-7f73b8892000 r--p 00f0f000 08:20 47918                      /usr/lib/jvm/java-11-openjdk-amd64/lib/server/libjvm.so
7f73b8892000-7f73b8893000 ---p 01170000 08:20 47918                      /usr/lib/jvm/java-11-openjdk-amd64/lib/server/libjvm.so
7f73b8893000-7f73b8957000 r--p 01170000 08:20 47918                      /usr/lib/jvm/java-11-openjdk-amd64/lib/server/libjvm.so
7f73b8957000-7f73b8992000 rw-p 01234000 08:20 47918                      /usr/lib/jvm/java-11-openjdk-amd64/lib/server/libjvm.so
7f73b8992000-7f73b89eb000 rw-p 00000000 00:00 0 
7f73b89eb000-7f73b8a0d000 r--p 00000000 08:20 41800                      /usr/lib/x86_64-linux-gnu/libc-2.31.so
7f73b8a0d000-7f73b8b85000 r-xp 00022000 08:20 41800                      /usr/lib/x86_64-linux-gnu/libc-2.31.so
7f73b8b85000-7f73b8bd3000 r--p 0019a000 08:20 41800                      /usr/lib/x86_64-linux-gnu/libc-2.31.so
7f73b8bd3000-7f73b8bd7000 r--p 001e7000 08:20 41800                      /usr/lib/x86_64-linux-gnu/libc-2.31.so
7f73b8bd7000-7f73b8bd9000 rw-p 001eb000 08:20 41800                      /usr/lib/x86_64-linux-gnu/libc-2.31.so
7f73b8bd9000-7f73b8bdd000 rw-p 00000000 00:00 0 
7f73b8bdd000-7f73b8bde000 r--p 00000000 08:20 41801                      /usr/lib/x86_64-linux-gnu/libdl-2.31.so
7f73b8bde000-7f73b8be0000 r-xp 00001000 08:20 41801                      /usr/lib/x86_64-linux-gnu/libdl-2.31.so
7f73b8be0000-7f73b8be1000 r--p 00003000 08:20 41801                      /usr/lib/x86_64-linux-gnu/libdl-2.31.so
7f73b8be1000-7f73b8be2000 r--p 00003000 08:20 41801                      /usr/lib/x86_64-linux-gnu/libdl-2.31.so
7f73b8be2000-7f73b8be3000 rw-p 00004000 08:20 41801                      /usr/lib/x86_64-linux-gnu/libdl-2.31.so
7f73b8be3000-7f73b8be6000 r--p 00000000 08:20 47877                      /usr/lib/jvm/java-11-openjdk-amd64/lib/jli/libjli.so
7f73b8be6000-7f73b8bf0000 r-xp 00003000 08:20 47877                      /usr/lib/jvm/java-11-openjdk-amd64/lib/jli/libjli.so
7f73b8bf0000-7f73b8bf3000 r--p 0000d000 08:20 47877                      /usr/lib/jvm/java-11-openjdk-amd64/lib/jli/libjli.so
7f73b8bf3000-7f73b8bf4000 ---p 00010000 08:20 47877                      /usr/lib/jvm/java-11-openjdk-amd64/lib/jli/libjli.so
7f73b8bf4000-7f73b8bf5000 r--p 00010000 08:20 47877                      /usr/lib/jvm/java-11-openjdk-amd64/lib/jli/libjli.so
7f73b8bf5000-7f73b8bf6000 rw-p 00011000 08:20 47877                      /usr/lib/jvm/java-11-openjdk-amd64/lib/jli/libjli.so
7f73b8bf6000-7f73b8bfc000 r--p 00000000 08:20 41813                      /usr/lib/x86_64-linux-gnu/libpthread-2.31.so
7f73b8bfc000-7f73b8c0d000 r-xp 00006000 08:20 41813                      /usr/lib/x86_64-linux-gnu/libpthread-2.31.so
7f73b8c0d000-7f73b8c13000 r--p 00017000 08:20 41813                      /usr/lib/x86_64-linux-gnu/libpthread-2.31.so
7f73b8c13000-7f73b8c14000 r--p 0001c000 08:20 41813                      /usr/lib/x86_64-linux-gnu/libpthread-2.31.so
7f73b8c14000-7f73b8c15000 rw-p 0001d000 08:20 41813                      /usr/lib/x86_64-linux-gnu/libpthread-2.31.so
7f73b8c15000-7f73b8c19000 rw-p 00000000 00:00 0 
7f73b8c19000-7f73b8c1b000 r--p 00000000 08:20 13174                      /usr/lib/x86_64-linux-gnu/libz.so.1.2.11
7f73b8c1b000-7f73b8c2c000 r-xp 00002000 08:20 13174                      /usr/lib/x86_64-linux-gnu/libz.so.1.2.11
7f73b8c2c000-7f73b8c32000 r--p 00013000 08:20 13174                      /usr/lib/x86_64-linux-gnu/libz.so.1.2.11
7f73b8c32000-7f73b8c33000 ---p 00019000 08:20 13174                      /usr/lib/x86_64-linux-gnu/libz.so.1.2.11
7f73b8c33000-7f73b8c34000 r--p 00019000 08:20 13174                      /usr/lib/x86_64-linux-gnu/libz.so.1.2.11
7f73b8c34000-7f73b8c35000 rw-p 0001a000 08:20 13174                      /usr/lib/x86_64-linux-gnu/libz.so.1.2.11
7f73b8c35000-7f73b8c36000 r--p 00000000 08:20 22160                      /usr/lib/locale/C.UTF-8/LC_MEASUREMENT
7f73b8c36000-7f73b8c38000 r--p 00000000 08:20 47895                      /usr/lib/jvm/java-11-openjdk-amd64/lib/libjimage.so
7f73b8c38000-7f73b8c3b000 r-xp 00002000 08:20 47895                      /usr/lib/jvm/java-11-openjdk-amd64/lib/libjimage.so
7f73b8c3b000-7f73b8c3c000 r--p 00005000 08:20 47895                      /usr/lib/jvm/java-11-openjdk-amd64/lib/libjimage.so
7f73b8c3c000-7f73b8c3d000 ---p 00006000 08:20 47895                      /usr/lib/jvm/java-11-openjdk-amd64/lib/libjimage.so
7f73b8c3d000-7f73b8c3e000 r--p 00006000 08:20 47895                      /usr/lib/jvm/java-11-openjdk-amd64/lib/libjimage.so
7f73b8c3e000-7f73b8c3f000 rw-p 00007000 08:20 47895                      /usr/lib/jvm/java-11-openjdk-amd64/lib/libjimage.so
7f73b8c3f000-7f73b8c41000 rw-p 00000000 00:00 0 
7f73b8c41000-7f73b8c42000 r--p 00000000 08:20 40200                      /usr/lib/x86_64-linux-gnu/ld-2.31.so
7f73b8c42000-7f73b8c65000 r-xp 00001000 08:20 40200                      /usr/lib/x86_64-linux-gnu/ld-2.31.so
7f73b8c65000-7f73b8c6d000 r--p 00024000 08:20 40200                      /usr/lib/x86_64-linux-gnu/ld-2.31.so
7f73b8c6d000-7f73b8c6e000 r--p 00000000 08:20 22159                      /usr/lib/locale/C.UTF-8/LC_IDENTIFICATION
7f73b8c6e000-7f73b8c6f000 r--p 0002c000 08:20 40200                      /usr/lib/x86_64-linux-gnu/ld-2.31.so
7f73b8c6f000-7f73b8c70000 rw-p 0002d000 08:20 40200                      /usr/lib/x86_64-linux-gnu/ld-2.31.so
7f73b8c70000-7f73b8c71000 rw-p 00000000 00:00 0 
7ffd99071000-7ffd99092000 rw-p 00000000 00:00 0                          [stack]
7ffd990ec000-7ffd990f0000 r--p 00000000 00:00 0                          [vvar]
7ffd990f0000-7ffd990f2000 r-xp 00000000 00:00 0                          [vdso]


VM Arguments:
jvm_args: -agentlib:jdwp=transport=dt_socket,address=127.0.0.1:60749,suspend=y,server=n -javaagent:/home/w/.cache/JetBrains/RemoteDev/dist/2b05049c6fa27_ideaIU-232.9921.28/plugins/java/lib/rt/debugger-agent.jar -Dfile.encoding=UTF-8 
java_command: Main
java_class_path (initial): /home/w/.cache/JetBrains/RemoteDev/dist/2b05049c6fa27_ideaIU-232.9921.28/plugins/remote-dev-server/selfcontained/fontconfig/out/production/Lab:/usr/local/lib/antlr-4.9.1-complete.jar:/usr/local/lib/javacpp-1.5.7-linux-x86_64.jar:/usr/local/lib/javacpp-1.5.7.jar:/usr/local/lib/llvm-13.0.1-1.5.7-linux-x86_64.jar:/usr/local/lib/llvm-13.0.1-1.5.7.jar:/usr/local/lib/llvm-platform-13.0.1-1.5.7.jar:/home/w/.cache/JetBrains/RemoteDev/dist/2b05049c6fa27_ideaIU-232.9921.28/lib/idea_rt.jar
Launcher Type: SUN_STANDARD

[Global flags]
     intx CICompilerCount                          = 12                                        {product} {ergonomic}
     uint ConcGCThreads                            = 3                                         {product} {ergonomic}
     uint G1ConcRefinementThreads                  = 13                                        {product} {ergonomic}
   size_t G1HeapRegionSize                         = 1048576                                   {product} {ergonomic}
    uintx GCDrainStackTargetSize                   = 64                                        {product} {ergonomic}
   size_t InitialHeapSize                          = 127926272                                 {product} {ergonomic}
   size_t MarkStackSize                            = 4194304                                   {product} {ergonomic}
   size_t MaxHeapSize                              = 2036334592                                {product} {ergonomic}
   size_t MaxNewSize                               = 1221591040                                {product} {ergonomic}
   size_t MinHeapDeltaBytes                        = 1048576                                   {product} {ergonomic}
    uintx NonNMethodCodeHeapSize                   = 7594288                                {pd product} {ergonomic}
    uintx NonProfiledCodeHeapSize                  = 122031976                              {pd product} {ergonomic}
    uintx ProfiledCodeHeapSize                     = 122031976                              {pd product} {ergonomic}
    uintx ReservedCodeCacheSize                    = 251658240                              {pd product} {ergonomic}
     bool SegmentedCodeCache                       = true                                      {product} {ergonomic}
     bool UseCompressedClassPointers               = true                                 {lp64_product} {ergonomic}
     bool UseCompressedOops                        = true                                 {lp64_product} {ergonomic}
     bool UseG1GC                                  = true                                      {product} {ergonomic}

Logging:
Log output configuration:
 #0: stdout all=warning uptime,level,tags
 #1: stderr all=off uptime,level,tags

Environment Variables:
PATH=/usr/local/sbin:/usr/local/bin:/usr/sbin:/usr/bin:/sbin:/bin:/usr/games:/usr/local/games:/usr/lib/wsl/lib:/mnt/c/Python312/Scripts/:/mnt/c/Python312/:/mnt/c/Program Files (x86)/Common Files/Oracle/Java/javapath:/mnt/c/Windows/system32:/mnt/c/Windows:/mnt/c/Windows/System32/Wbem:/mnt/c/Windows/System32/WindowsPowerShell/v1.0/:/mnt/c/Windows/System32/OpenSSH/:/mnt/d/mingw64/bin:/mnt/d/codes/vx/web/dll:/mnt/d/cod:/mnt/c/ProgramData/chocolatey/bin:/mnt/c/Users/anti/AppData/Local/Google/Chrome/Application:/mnt/e/web/dll:/mnt/d/cod:/mnt/d/Git/cmd:/mnt/c/Users/anti/AppData/Local/Programs/Python/Python310/Scripts/:/mnt/c/Users/anti/AppData/Local/Programs/Python/Python310/:/mnt/c/Users/anti/AppData/Local/Microsoft/WindowsApps:/mnt/d/CLion 2022.2.3/bin:/mnt/d/Microsoft VS Code/bin:/mnt/d/mingw64/bin:/mnt/f/QQGameTempest/Hall.57915/:/mnt/c/Users/anti/AppData/Local/JetBrains/Toolbox/scripts:/mnt/c/Users/anti/AppData/Local/Microsoft/WindowsApps:/mnt/c/Users/anti/AppData/Local/Pandoc/:/mnt/c/Users/anti/AppData/Roaming/npm:/mnt/d/code/appium:/mnt/d/code/android-sdk-windows/platform-tools:/mnt/d/code/android-sdk-windows/tools:/mnt/c/Program Files/Java/jdk1.8.0_301/bin:/mnt/c/Program Files/Java/jdk1.8.0_301/bin:/mnt/d/code/android-sdk-windows/build-tools/29.0.3:/mnt/d/code/appium/node/:/mnt/f/pyCharm/PyCharm 2024.1/bin:/mnt/e/WebStorm 2023.3.4/bin:/snap/bin
SHELL=/bin/bash
DISPLAY=:0
HOSTTYPE=x86_64
LANG=C.UTF-8
TERM=xterm-256color

Signal Handlers:
SIGSEGV: [libjvm.so+0xe9cbc0], sa_mask[0]=11111111011111111101111111111110, sa_flags=SA_RESTART|SA_SIGINFO
SIGBUS: [libjvm.so+0xe9cbc0], sa_mask[0]=11111111011111111101111111111110, sa_flags=SA_RESTART|SA_SIGINFO
SIGFPE: [libjvm.so+0xe9cbc0], sa_mask[0]=11111111011111111101111111111110, sa_flags=SA_RESTART|SA_SIGINFO
SIGPIPE: [libjvm.so+0xbe3c50], sa_mask[0]=11111111011111111101111111111110, sa_flags=SA_RESTART|SA_SIGINFO
SIGXFSZ: [libjvm.so+0xbe3c50], sa_mask[0]=11111111011111111101111111111110, sa_flags=SA_RESTART|SA_SIGINFO
SIGILL: [libjvm.so+0xe9cbc0], sa_mask[0]=11111111011111111101111111111110, sa_flags=SA_RESTART|SA_SIGINFO
SIGUSR2: [libjvm.so+0xbe3af0], sa_mask[0]=00100000000000000000000000000000, sa_flags=SA_RESTART|SA_SIGINFO
SIGHUP: [libjvm.so+0xbe42b0], sa_mask[0]=11111111011111111101111111111110, sa_flags=SA_RESTART|SA_SIGINFO
SIGINT: [libjvm.so+0xbe42b0], sa_mask[0]=11111111011111111101111111111110, sa_flags=SA_RESTART|SA_SIGINFO
SIGTERM: [libjvm.so+0xbe42b0], sa_mask[0]=11111111011111111101111111111110, sa_flags=SA_RESTART|SA_SIGINFO
SIGQUIT: [libjvm.so+0xbe42b0], sa_mask[0]=11111111011111111101111111111110, sa_flags=SA_RESTART|SA_SIGINFO


---------------  S Y S T E M  ---------------

OS:DISTRIB_ID=Ubuntu
DISTRIB_RELEASE=20.04
DISTRIB_CODENAME=focal
DISTRIB_DESCRIPTION="Ubuntu 20.04.6 LTS"
uname:Linux 5.15.153.1-microsoft-standard-WSL2 #1 SMP Fri Mar 29 23:14:13 UTC 2024 x86_64
OS uptime: 0 days 0:43 hours
libc:glibc 2.31 NPTL 2.31 
rlimit (soft/hard): STACK 8192k/infinity , CORE 0k/infinity , NPROC 31039/31039 , NOFILE 1048576/1048576 , AS infinity/infinity , CPU infinity/infinity , DATA infinity/infinity , FSIZE infinity/infinity , MEMLOCK 65536k/65536k
load average:3.20 1.94 1.37

/proc/meminfo:
MemTotal:        7952736 kB
MemFree:         2011916 kB
MemAvailable:    2903832 kB
Buffers:            5192 kB
Cached:          1078804 kB
SwapCached:            0 kB
Active:           237472 kB
Inactive:        5107164 kB
Active(anon):       2176 kB
Inactive(anon):  4261828 kB
Active(file):     235296 kB
Inactive(file):   845336 kB
Unevictable:           0 kB
Mlocked:               0 kB
SwapTotal:       2097152 kB
SwapFree:        2097152 kB
Dirty:             17664 kB
Writeback:             0 kB
AnonPages:       4248544 kB
Mapped:           982512 kB
Shmem:              3364 kB
KReclaimable:      53432 kB
Slab:             161368 kB
SReclaimable:      53432 kB
SUnreclaim:       107936 kB
KernelStack:        8064 kB
PageTables:        17212 kB
NFS_Unstable:          0 kB
Bounce:                0 kB
WritebackTmp:          0 kB
CommitLimit:     6073520 kB
Committed_AS:    4718628 kB
VmallocTotal:   34359738367 kB
VmallocUsed:      104548 kB
VmallocChunk:          0 kB
Percpu:            11136 kB
AnonHugePages:   3311616 kB
ShmemHugePages:        0 kB
ShmemPmdMapped:        0 kB
FileHugePages:         0 kB
FilePmdMapped:         0 kB
HugePages_Total:       0
HugePages_Free:        0
HugePages_Rsvd:        0
HugePages_Surp:        0
Hugepagesize:       2048 kB
Hugetlb:               0 kB
DirectMap4k:      113664 kB
DirectMap2M:     4943872 kB
DirectMap1G:    11534336 kB

/sys/kernel/mm/transparent_hugepage/enabled:
[always] madvise never
/sys/kernel/mm/transparent_hugepage/defrag (defrag/compaction efforts parameter):
always defer defer+madvise [madvise] never

Process Memory:
Virtual Size: 5251092K (peak: 13436800K)
Resident Set Size: 103344K (peak: 103496K) (anon: 47592K, file: 55752K, shmem: 0K)
Swapped out: 0K
C-Heap outstanding allocations: 32683K, retained: 8748K
glibc malloc tunables: (default)

/proc/sys/kernel/threads-max (system-wide limit on the number of threads):
62078
/proc/sys/vm/max_map_count (maximum number of memory map areas a process may have):
65530
/proc/sys/kernel/pid_max (system-wide limit on number of process identifiers):
4194304

container (cgroup) information:
container_type: cgroupv1
cpu_cpuset_cpus: 0-15
cpu_memory_nodes: 0
active_processor_count: 16
cpu_quota: no quota
cpu_period: 100000
cpu_shares: no shares
memory_limit_in_bytes: unlimited
memory_and_swap_limit_in_bytes: unlimited
memory_soft_limit_in_bytes: unlimited
memory_usage_in_bytes: 5332348 k
memory_max_usage_in_bytes: 415708 k
kernel_memory_usage_in_bytes: 20628 k
kernel_memory_max_usage_in_bytes: unlimited
kernel_memory_limit_in_bytes: 26748 k
maximum number of tasks: not supported
current number of tasks: not supported

Hyper-V virtualization detected
Steal ticks since vm start: 0
Steal ticks percentage since vm start:  0.000

CPU:total 16 (initial active 16) (8 cores per cpu, 2 threads per core) family 6 model 154 stepping 3 microcode 0xffffffff, cmov, cx8, fxsr, mmx, sse, sse2, sse3, ssse3, sse4.1, sse4.2, popcnt, avx, avx2, aes, clmul, erms, 3dnowpref, lzcnt, ht, tsc, tscinvbit, bmi1, bmi2, adx, sha, fma
CPU Model and flags from /proc/cpuinfo:
model name	: 12th Gen Intel(R) Core(TM) i5-1240P
flags		: fpu vme de pse tsc msr pae mce cx8 apic sep mtrr pge mca cmov pat pse36 clflush mmx fxsr sse sse2 ss ht syscall nx pdpe1gb rdtscp lm constant_tsc rep_good nopl xtopology tsc_reliable nonstop_tsc cpuid pni pclmulqdq ssse3 fma cx16 sse4_1 sse4_2 x2apic movbe popcnt tsc_deadline_timer aes xsave avx f16c rdrand hypervisor lahf_lm abm 3dnowprefetch ssbd ibrs ibpb stibp ibrs_enhanced fsgsbase tsc_adjust bmi1 avx2 smep bmi2 erms invpcid rdseed adx smap clflushopt clwb sha_ni xsaveopt xsavec xgetbv1 xsaves avx_vnni umip waitpkg gfni vaes vpclmulqdq rdpid movdiri movdir64b fsrm md_clear serialize flush_l1d arch_capabilities
Online cpus:
0-15
Offline cpus:

BIOS frequency limitation:
<Not Available>
Frequency switch latency (ns):
<Not Available>
Available cpu frequencies:
<Not Available>
Current governor:
<Not Available>
Core performance/turbo boost:
<Not Available>

Memory: 4k page, physical 7952736k(2011916k free), swap 2097152k(2097152k free)

vm_info: OpenJDK 64-Bit Server VM (11.0.22+7-post-Ubuntu-0ubuntu220.04.1) for linux-amd64 JRE (11.0.22+7-post-Ubuntu-0ubuntu220.04.1), built on Feb  5 2024 20:49:28 by "unknown" with gcc 10.5.0

END.
