#
# A fatal error has been detected by the Java Runtime Environment:
#
#  SIGSEGV (0xb) at pc=0x00007f4506158882, pid=247309, tid=247312
#
# JRE version: OpenJDK Runtime Environment (11.0.22+7) (build 11.0.22+7-post-Ubuntu-0ubuntu220.04.1)
# Java VM: OpenJDK 64-Bit Server VM (11.0.22+7-post-Ubuntu-0ubuntu220.04.1, mixed mode, sharing, tiered, compressed oops, g1 gc, linux-amd64)
# Problematic frame:
# C  [libLLVM-13.so+0xc2c882]  LLVMBuildLoad+0x12
#
# No core dump will be written. Core dumps have been disabled. To enable core dumping, try "ulimit -c unlimited" before starting Java again
#
# If you would like to submit a bug report, please visit:
#   https://bugs.launchpad.net/ubuntu/+source/openjdk-lts
# The crash happened outside the Java Virtual Machine in native code.
# See problematic frame for where to report the bug.
#

---------------  S U M M A R Y ------------

Command Line: -agentlib:jdwp=transport=dt_socket,address=127.0.0.1:60867,suspend=y,server=n -javaagent:/home/w/.cache/JetBrains/RemoteDev/dist/2b05049c6fa27_ideaIU-232.9921.28/plugins/java/lib/rt/debugger-agent.jar -Dfile.encoding=UTF-8 Main

Host: 12th Gen Intel(R) Core(TM) i5-1240P, 16 cores, 7G, Ubuntu 20.04.6 LTS
Time: Mon May 13 20:06:14 2024 HKT elapsed time: 1109.022608 seconds (0d 0h 18m 29s)

---------------  T H R E A D  ---------------

Current thread (0x00007f458401c000):  JavaThread "main" [_thread_in_native, id=247312, stack(0x00007f458aa87000,0x00007f458ab88000)]

Stack: [0x00007f458aa87000,0x00007f458ab88000],  sp=0x00007f458ab85ae0,  free space=1018k
Native frames: (J=compiled Java code, A=aot compiled Java code, j=interpreted, Vv=VM code, C=native code)
C  [libLLVM-13.so+0xc2c882]  LLVMBuildLoad+0x12

Java frames: (J=compiled Java code, j=interpreted, Vv=VM code)
j  org.bytedeco.llvm.global.LLVM.LLVMBuildLoad(Lorg/bytedeco/llvm/LLVM/LLVMBuilderRef;Lorg/bytedeco/llvm/LLVM/LLVMValueRef;Ljava/lang/String;)Lorg/bytedeco/llvm/LLVM/LLVMValueRef;+0
j  LLVMIRVisitor.visitLValExp(LSysYParser$LValExpContext;)Lorg/bytedeco/llvm/LLVM/LLVMValueRef;+32
j  LLVMIRVisitor.visitLValExp(LSysYParser$LValExpContext;)Ljava/lang/Object;+2
j  SysYParser$LValExpContext.accept(Lorg/antlr/v4/runtime/tree/ParseTreeVisitor;)Ljava/lang/Object;+12
j  org.antlr.v4.runtime.tree.AbstractParseTreeVisitor.visit(Lorg/antlr/v4/runtime/tree/ParseTree;)Ljava/lang/Object;+2
j  LLVMIRVisitor.visitStmt(LSysYParser$StmtContext;)Lorg/bytedeco/llvm/LLVM/LLVMValueRef;+13
j  LLVMIRVisitor.visitStmt(LSysYParser$StmtContext;)Ljava/lang/Object;+2
j  SysYParser$StmtContext.accept(Lorg/antlr/v4/runtime/tree/ParseTreeVisitor;)Ljava/lang/Object;+12
j  org.antlr.v4.runtime.tree.AbstractParseTreeVisitor.visitChildren(Lorg/antlr/v4/runtime/tree/RuleNode;)Ljava/lang/Object;+46
j  SysYParserBaseVisitor.visitBlockItem(LSysYParser$BlockItemContext;)Ljava/lang/Object;+2
j  SysYParser$BlockItemContext.accept(Lorg/antlr/v4/runtime/tree/ParseTreeVisitor;)Ljava/lang/Object;+12
j  org.antlr.v4.runtime.tree.AbstractParseTreeVisitor.visit(Lorg/antlr/v4/runtime/tree/ParseTree;)Ljava/lang/Object;+2
j  LLVMIRVisitor$$Lambda$30.accept(Ljava/lang/Object;)V+11
j  java.util.ArrayList.forEach(Ljava/util/function/Consumer;)V+46 java.base@11.0.22
j  LLVMIRVisitor.visitBlock(LSysYParser$BlockContext;)Lorg/bytedeco/llvm/LLVM/LLVMValueRef;+39
j  LLVMIRVisitor.visitBlock(LSysYParser$BlockContext;)Ljava/lang/Object;+2
j  SysYParser$BlockContext.accept(Lorg/antlr/v4/runtime/tree/ParseTreeVisitor;)Ljava/lang/Object;+12
j  org.antlr.v4.runtime.tree.AbstractParseTreeVisitor.visitChildren(Lorg/antlr/v4/runtime/tree/RuleNode;)Ljava/lang/Object;+46
j  SysYParserBaseVisitor.visitFuncDef(LSysYParser$FuncDefContext;)Ljava/lang/Object;+2
j  LLVMIRVisitor.visitFuncDef(LSysYParser$FuncDefContext;)Lorg/bytedeco/llvm/LLVM/LLVMValueRef;+85
j  LLVMIRVisitor.visitFuncDef(LSysYParser$FuncDefContext;)Ljava/lang/Object;+2
j  SysYParser$FuncDefContext.accept(Lorg/antlr/v4/runtime/tree/ParseTreeVisitor;)Ljava/lang/Object;+12
j  org.antlr.v4.runtime.tree.AbstractParseTreeVisitor.visitChildren(Lorg/antlr/v4/runtime/tree/RuleNode;)Ljava/lang/Object;+46
j  SysYParserBaseVisitor.visitCompUnit(LSysYParser$CompUnitContext;)Ljava/lang/Object;+2
j  SysYParser$CompUnitContext.accept(Lorg/antlr/v4/runtime/tree/ParseTreeVisitor;)Ljava/lang/Object;+12
j  org.antlr.v4.runtime.tree.AbstractParseTreeVisitor.visitChildren(Lorg/antlr/v4/runtime/tree/RuleNode;)Ljava/lang/Object;+46
j  SysYParserBaseVisitor.visitProgram(LSysYParser$ProgramContext;)Ljava/lang/Object;+2
j  LLVMIRVisitor.visitProgram(LSysYParser$ProgramContext;)Lorg/bytedeco/llvm/LLVM/LLVMValueRef;+14
j  LLVMIRVisitor.visitProgram(LSysYParser$ProgramContext;)Ljava/lang/Object;+2
j  SysYParser$ProgramContext.accept(Lorg/antlr/v4/runtime/tree/ParseTreeVisitor;)Ljava/lang/Object;+12
j  org.antlr.v4.runtime.tree.AbstractParseTreeVisitor.visit(Lorg/antlr/v4/runtime/tree/ParseTree;)Ljava/lang/Object;+2
j  Main.main([Ljava/lang/String;)V+62
v  ~StubRoutines::call_stub

siginfo: si_signo: 11 (SIGSEGV), si_code: 1 (SEGV_MAPERR), si_addr: 0x0000000000000000

Register to memory mapping:

RAX=0x00007f45200158f0 points into unknown readable memory: 0x00007f4520010061 | 61 00 01 20 45 7f 00 00
RBX=0x0 is NULL
RCX=0x0000000000000061 is an unknown value
RDX=0x00007f45200158f0 points into unknown readable memory: 0x00007f4520010061 | 61 00 01 20 45 7f 00 00
RSP=0x00007f458ab85ae0 is pointing into the stack for thread: 0x00007f458401c000
RBP=0x00007f458449f5c0 points into unknown readable memory: 0x00007f458449f5d0 | d0 f5 49 84 45 7f 00 00
RSI=0x0 is NULL
RDI=0x00007f458449f5c0 points into unknown readable memory: 0x00007f458449f5d0 | d0 f5 49 84 45 7f 00 00
R8 =0x000000008d42c330 points into unknown readable memory: 0x0000000000000061 | 61 00 00 00 00 00 00 00
R9 =0x00007f458401c000 is a thread
R10=0xfffffffffffff55a is an unknown value
R11=0x00007f4506158870: LLVMBuildLoad+0x0000000000000000 in /home/w/.javacpp/cache/llvm-13.0.1-1.5.7-linux-x86_64.jar/org/bytedeco/llvm/linux-x86_64/libLLVM-13.so at 0x00007f450552c000
R12=0x0 is NULL
R13=0x0 is NULL
R14=0x00007f45200158f0 points into unknown readable memory: 0x00007f4520010061 | 61 00 01 20 45 7f 00 00
R15=0x00007f458401c000 is a thread


Registers:
RAX=0x00007f45200158f0, RBX=0x0000000000000000, RCX=0x0000000000000061, RDX=0x00007f45200158f0
RSP=0x00007f458ab85ae0, RBP=0x00007f458449f5c0, RSI=0x0000000000000000, RDI=0x00007f458449f5c0
R8 =0x000000008d42c330, R9 =0x00007f458401c000, R10=0xfffffffffffff55a, R11=0x00007f4506158870
R12=0x0000000000000000, R13=0x0000000000000000, R14=0x00007f45200158f0, R15=0x00007f458401c000
RIP=0x00007f4506158882, EFLAGS=0x0000000000010202, CSGSFS=0x002b000000000033, ERR=0x0000000000000004
  TRAPNO=0x000000000000000e

Top of Stack: (sp=0x00007f458ab85ae0)
0x00007f458ab85ae0:   00007f458401c000 0000000000000000
0x00007f458ab85af0:   00007f458401c000 00007f45841a1520
0x00007f458ab85b00:   0000000000000002 0000000000000001
0x00007f458ab85b10:   00007f45200158f0 00007f45841a1520 

Instructions: (pc=0x00007f4506158882)
0x00007f4506158782:   89 c4 4c 8d 4c 24 40 e8 92 57 09 00 48 8b 7d 50
0x00007f4506158792:   48 8b 4d 30 4c 89 e6 48 8d 54 24 10 4c 8b 45 38
0x00007f45061587a2:   48 8b 07 ff 50 10 48 8b 5d 00 8b 6d 08 5a 59 48
0x00007f45061587b2:   c1 e5 04 48 01 dd 48 39 eb 74 1a 0f 1f 00 48 8b
0x00007f45061587c2:   53 08 8b 33 4c 89 e7 48 83 c3 10 e8 6e 16 0e 00
0x00007f45061587d2:   48 39 dd 75 e9 48 83 c4 68 4c 89 e0 5b 5d 41 5c
0x00007f45061587e2:   41 5d 41 5e 41 5f c3 0f 1f 80 00 00 00 00 41 54
0x00007f45061587f2:   b8 01 01 00 00 55 48 89 fd 48 89 f7 53 48 83 ec
0x00007f4506158802:   30 48 8b 75 30 66 89 44 24 20 e8 ef 24 09 00 48
0x00007f4506158812:   8b 7d 50 48 8b 4d 30 48 89 e2 49 89 c4 4c 8b 45
0x00007f4506158822:   38 48 8b 07 4c 89 e6 ff 50 10 48 8b 5d 00 8b 6d
0x00007f4506158832:   08 48 c1 e5 04 48 01 dd 48 39 eb 74 18 90 48 8b
0x00007f4506158842:   53 08 8b 33 4c 89 e7 48 83 c3 10 e8 ee 15 0e 00
0x00007f4506158852:   48 39 dd 75 e9 48 83 c4 30 4c 89 e0 5b 5d 41 5c
0x00007f4506158862:   c3 66 2e 0f 1f 84 00 00 00 00 00 0f 1f 00 41 56
0x00007f4506158872:   41 55 49 89 f5 41 54 55 48 89 fd 53 48 83 ec 60
0x00007f4506158882:   48 8b 06 80 3a 00 be 01 01 00 00 4c 8b 70 18 66
0x00007f4506158892:   89 74 24 20 74 09 48 89 14 24 c6 44 24 20 03 48
0x00007f45061588a2:   8b 7d 30 e8 d6 15 fc ff 48 89 c7 e8 4e 47 0e 00
0x00007f45061588b2:   4c 89 f6 48 89 c7 e8 b3 46 01 00 be 01 00 00 00
0x00007f45061588c2:   bf 40 00 00 00 89 c3 b8 01 01 00 00 66 89 44 24
0x00007f45061588d2:   50 e8 a8 0a 13 00 48 8d 4c 24 30 41 89 d9 45 31
0x00007f45061588e2:   c0 48 83 ec 08 48 89 c7 4c 89 ea 4c 89 f6 6a 00
0x00007f45061588f2:   49 89 c4 e8 26 5d 09 00 48 8b 7d 50 48 8b 4d 30
0x00007f4506158902:   4c 89 e6 48 8d 54 24 10 4c 8b 45 38 48 8b 07 ff
0x00007f4506158912:   50 10 48 8b 5d 00 8b 6d 08 5a 59 48 c1 e5 04 48
0x00007f4506158922:   01 dd 48 39 eb 74 1e 0f 1f 80 00 00 00 00 48 8b
0x00007f4506158932:   53 08 8b 33 4c 89 e7 48 83 c3 10 e8 fe 14 0e 00
0x00007f4506158942:   48 39 dd 75 e9 48 83 c4 60 4c 89 e0 5b 5d 41 5c
0x00007f4506158952:   41 5d 41 5e c3 66 0f 1f 84 00 00 00 00 00 41 56
0x00007f4506158962:   49 89 d6 41 55 49 89 f5 be 01 01 00 00 41 54 55
0x00007f4506158972:   48 89 fd 53 48 83 ec 60 80 39 00 66 89 74 24 20 


Stack slot to memory mapping:
stack at sp + 0 slots: 0x00007f458401c000 is a thread
stack at sp + 1 slots: 0x0 is NULL
stack at sp + 2 slots: 0x00007f458401c000 is a thread
stack at sp + 3 slots: 0x00007f45841a1520 points into unknown readable memory: 0x000000008d42c320 | 20 c3 42 8d 00 00 00 00
stack at sp + 4 slots: 0x0000000000000002 is an unknown value
stack at sp + 5 slots: 0x0000000000000001 is an unknown value
stack at sp + 6 slots: 0x00007f45200158f0 points into unknown readable memory: 0x00007f4520010061 | 61 00 01 20 45 7f 00 00
stack at sp + 7 slots: 0x00007f45841a1520 points into unknown readable memory: 0x000000008d42c320 | 20 c3 42 8d 00 00 00 00


---------------  P R O C E S S  ---------------

Threads class SMR info:
_java_thread_list=0x00007f45180020b0, length=11, elements={
0x00007f458401c000, 0x00007f45841a3000, 0x00007f45841a5000, 0x00007f45841a9800,
0x00007f45841ab800, 0x00007f45841ad800, 0x00007f45841b7800, 0x00007f45841b9800,
0x00007f45841d7800, 0x00007f4584225800, 0x00007f458442b800
}

Java Threads: ( => current thread )
=>0x00007f458401c000 JavaThread "main" [_thread_in_native, id=247312, stack(0x00007f458aa87000,0x00007f458ab88000)]
  0x00007f45841a3000 JavaThread "Reference Handler" daemon [_thread_blocked, id=247327, stack(0x00007f455d6ff000,0x00007f455d800000)]
  0x00007f45841a5000 JavaThread "Finalizer" daemon [_thread_blocked, id=247328, stack(0x00007f455d5fe000,0x00007f455d6ff000)]
  0x00007f45841a9800 JavaThread "Signal Dispatcher" daemon [_thread_blocked, id=247330, stack(0x00007f455d4fd000,0x00007f455d5fe000)]
  0x00007f45841ab800 JavaThread "Service Thread" daemon [_thread_blocked, id=247331, stack(0x00007f455d3fc000,0x00007f455d4fd000)]
  0x00007f45841ad800 JavaThread "C2 CompilerThread0" daemon [_thread_blocked, id=247332, stack(0x00007f455d2fb000,0x00007f455d3fc000)]
  0x00007f45841b7800 JavaThread "C1 CompilerThread0" daemon [_thread_blocked, id=247333, stack(0x00007f455d1fa000,0x00007f455d2fb000)]
  0x00007f45841b9800 JavaThread "Sweeper thread" daemon [_thread_blocked, id=247334, stack(0x00007f455d0f9000,0x00007f455d1fa000)]
  0x00007f45841d7800 JavaThread "Common-Cleaner" daemon [_thread_blocked, id=247337, stack(0x00007f455cff8000,0x00007f455d0f9000)]
  0x00007f4584225800 JavaThread "JDWP Event Helper Thread" daemon [_thread_blocked, id=247344, stack(0x00007f455caf3000,0x00007f455cbf4000)]
  0x00007f458442b800 JavaThread "JavaCPP Deallocator" daemon [_thread_blocked, id=247352, stack(0x00007f455c7f0000,0x00007f455c8f1000)]

Other Threads:
  0x00007f45841a0000 VMThread "VM Thread" [stack: 0x00007f45640ce000,0x00007f45641ce000] [id=247326]
  0x00007f4584237000 WatcherThread [stack: 0x00007f455c8f2000,0x00007f455c9f2000] [id=247349]
  0x00007f4584035800 GCTaskThread "GC Thread#0" [stack: 0x00007f458a244000,0x00007f458a344000] [id=247314]
  0x00007f4584066800 ConcurrentGCThread "G1 Main Marker" [stack: 0x00007f458881b000,0x00007f458891b000] [id=247316]
  0x00007f4584068800 ConcurrentGCThread "G1 Conc#0" [stack: 0x00007f458871a000,0x00007f458881a000] [id=247317]
  0x00007f4584104800 ConcurrentGCThread "G1 Refine#0" [stack: 0x00007f456c0d5000,0x00007f456c1d5000] [id=247319]
  0x00007f4584106800 ConcurrentGCThread "G1 Young RemSet Sampling" [stack: 0x00007f4564250000,0x00007f4564350000] [id=247320]

Threads with active compile tasks:

VM state:not at safepoint (normal execution)

VM Mutex/Monitor currently owned by a thread: None

Heap address: 0x0000000086a00000, size: 1942 MB, Compressed Oops mode: 32-bit
Narrow klass base: 0x0000000800000000, Narrow klass shift: 3
Compressed class space size: 1073741824 Address: 0x0000000840000000

Heap:
 garbage-first heap   total 126976K, used 15056K [0x0000000086a00000, 0x0000000100000000)
  region size 1024K, 16 young (16384K), 0 survivors (0K)
 Metaspace       used 3801K, capacity 6588K, committed 6912K, reserved 1056768K
  class space    used 406K, capacity 683K, committed 768K, reserved 1048576K
Heap Regions: E=young(eden), S=young(survivor), O=old, HS=humongous(starts), HC=humongous(continues), CS=collection set, F=free, A=archive, TAMS=top-at-mark-start (previous, next)
|   0|0x0000000086a00000, 0x0000000086a00000, 0x0000000086b00000|  0%| F|  |TAMS 0x0000000086a00000, 0x0000000086a00000| Untracked 
|   1|0x0000000086b00000, 0x0000000086b00000, 0x0000000086c00000|  0%| F|  |TAMS 0x0000000086b00000, 0x0000000086b00000| Untracked 
|   2|0x0000000086c00000, 0x0000000086c00000, 0x0000000086d00000|  0%| F|  |TAMS 0x0000000086c00000, 0x0000000086c00000| Untracked 
|   3|0x0000000086d00000, 0x0000000086d00000, 0x0000000086e00000|  0%| F|  |TAMS 0x0000000086d00000, 0x0000000086d00000| Untracked 
|   4|0x0000000086e00000, 0x0000000086e00000, 0x0000000086f00000|  0%| F|  |TAMS 0x0000000086e00000, 0x0000000086e00000| Untracked 
|   5|0x0000000086f00000, 0x0000000086f00000, 0x0000000087000000|  0%| F|  |TAMS 0x0000000086f00000, 0x0000000086f00000| Untracked 
|   6|0x0000000087000000, 0x0000000087000000, 0x0000000087100000|  0%| F|  |TAMS 0x0000000087000000, 0x0000000087000000| Untracked 
|   7|0x0000000087100000, 0x0000000087100000, 0x0000000087200000|  0%| F|  |TAMS 0x0000000087100000, 0x0000000087100000| Untracked 
|   8|0x0000000087200000, 0x0000000087200000, 0x0000000087300000|  0%| F|  |TAMS 0x0000000087200000, 0x0000000087200000| Untracked 
|   9|0x0000000087300000, 0x0000000087300000, 0x0000000087400000|  0%| F|  |TAMS 0x0000000087300000, 0x0000000087300000| Untracked 
|  10|0x0000000087400000, 0x0000000087400000, 0x0000000087500000|  0%| F|  |TAMS 0x0000000087400000, 0x0000000087400000| Untracked 
|  11|0x0000000087500000, 0x0000000087500000, 0x0000000087600000|  0%| F|  |TAMS 0x0000000087500000, 0x0000000087500000| Untracked 
|  12|0x0000000087600000, 0x0000000087600000, 0x0000000087700000|  0%| F|  |TAMS 0x0000000087600000, 0x0000000087600000| Untracked 
|  13|0x0000000087700000, 0x0000000087700000, 0x0000000087800000|  0%| F|  |TAMS 0x0000000087700000, 0x0000000087700000| Untracked 
|  14|0x0000000087800000, 0x0000000087800000, 0x0000000087900000|  0%| F|  |TAMS 0x0000000087800000, 0x0000000087800000| Untracked 
|  15|0x0000000087900000, 0x0000000087900000, 0x0000000087a00000|  0%| F|  |TAMS 0x0000000087900000, 0x0000000087900000| Untracked 
|  16|0x0000000087a00000, 0x0000000087a00000, 0x0000000087b00000|  0%| F|  |TAMS 0x0000000087a00000, 0x0000000087a00000| Untracked 
|  17|0x0000000087b00000, 0x0000000087b00000, 0x0000000087c00000|  0%| F|  |TAMS 0x0000000087b00000, 0x0000000087b00000| Untracked 
|  18|0x0000000087c00000, 0x0000000087c00000, 0x0000000087d00000|  0%| F|  |TAMS 0x0000000087c00000, 0x0000000087c00000| Untracked 
|  19|0x0000000087d00000, 0x0000000087d00000, 0x0000000087e00000|  0%| F|  |TAMS 0x0000000087d00000, 0x0000000087d00000| Untracked 
|  20|0x0000000087e00000, 0x0000000087e00000, 0x0000000087f00000|  0%| F|  |TAMS 0x0000000087e00000, 0x0000000087e00000| Untracked 
|  21|0x0000000087f00000, 0x0000000087f00000, 0x0000000088000000|  0%| F|  |TAMS 0x0000000087f00000, 0x0000000087f00000| Untracked 
|  22|0x0000000088000000, 0x0000000088000000, 0x0000000088100000|  0%| F|  |TAMS 0x0000000088000000, 0x0000000088000000| Untracked 
|  23|0x0000000088100000, 0x0000000088100000, 0x0000000088200000|  0%| F|  |TAMS 0x0000000088100000, 0x0000000088100000| Untracked 
|  24|0x0000000088200000, 0x0000000088200000, 0x0000000088300000|  0%| F|  |TAMS 0x0000000088200000, 0x0000000088200000| Untracked 
|  25|0x0000000088300000, 0x0000000088300000, 0x0000000088400000|  0%| F|  |TAMS 0x0000000088300000, 0x0000000088300000| Untracked 
|  26|0x0000000088400000, 0x0000000088400000, 0x0000000088500000|  0%| F|  |TAMS 0x0000000088400000, 0x0000000088400000| Untracked 
|  27|0x0000000088500000, 0x0000000088500000, 0x0000000088600000|  0%| F|  |TAMS 0x0000000088500000, 0x0000000088500000| Untracked 
|  28|0x0000000088600000, 0x0000000088600000, 0x0000000088700000|  0%| F|  |TAMS 0x0000000088600000, 0x0000000088600000| Untracked 
|  29|0x0000000088700000, 0x0000000088700000, 0x0000000088800000|  0%| F|  |TAMS 0x0000000088700000, 0x0000000088700000| Untracked 
|  30|0x0000000088800000, 0x0000000088800000, 0x0000000088900000|  0%| F|  |TAMS 0x0000000088800000, 0x0000000088800000| Untracked 
|  31|0x0000000088900000, 0x0000000088900000, 0x0000000088a00000|  0%| F|  |TAMS 0x0000000088900000, 0x0000000088900000| Untracked 
|  32|0x0000000088a00000, 0x0000000088a00000, 0x0000000088b00000|  0%| F|  |TAMS 0x0000000088a00000, 0x0000000088a00000| Untracked 
|  33|0x0000000088b00000, 0x0000000088b00000, 0x0000000088c00000|  0%| F|  |TAMS 0x0000000088b00000, 0x0000000088b00000| Untracked 
|  34|0x0000000088c00000, 0x0000000088c00000, 0x0000000088d00000|  0%| F|  |TAMS 0x0000000088c00000, 0x0000000088c00000| Untracked 
|  35|0x0000000088d00000, 0x0000000088d00000, 0x0000000088e00000|  0%| F|  |TAMS 0x0000000088d00000, 0x0000000088d00000| Untracked 
|  36|0x0000000088e00000, 0x0000000088e00000, 0x0000000088f00000|  0%| F|  |TAMS 0x0000000088e00000, 0x0000000088e00000| Untracked 
|  37|0x0000000088f00000, 0x0000000088f00000, 0x0000000089000000|  0%| F|  |TAMS 0x0000000088f00000, 0x0000000088f00000| Untracked 
|  38|0x0000000089000000, 0x0000000089000000, 0x0000000089100000|  0%| F|  |TAMS 0x0000000089000000, 0x0000000089000000| Untracked 
|  39|0x0000000089100000, 0x0000000089100000, 0x0000000089200000|  0%| F|  |TAMS 0x0000000089100000, 0x0000000089100000| Untracked 
|  40|0x0000000089200000, 0x0000000089200000, 0x0000000089300000|  0%| F|  |TAMS 0x0000000089200000, 0x0000000089200000| Untracked 
|  41|0x0000000089300000, 0x0000000089300000, 0x0000000089400000|  0%| F|  |TAMS 0x0000000089300000, 0x0000000089300000| Untracked 
|  42|0x0000000089400000, 0x0000000089400000, 0x0000000089500000|  0%| F|  |TAMS 0x0000000089400000, 0x0000000089400000| Untracked 
|  43|0x0000000089500000, 0x0000000089500000, 0x0000000089600000|  0%| F|  |TAMS 0x0000000089500000, 0x0000000089500000| Untracked 
|  44|0x0000000089600000, 0x0000000089600000, 0x0000000089700000|  0%| F|  |TAMS 0x0000000089600000, 0x0000000089600000| Untracked 
|  45|0x0000000089700000, 0x0000000089700000, 0x0000000089800000|  0%| F|  |TAMS 0x0000000089700000, 0x0000000089700000| Untracked 
|  46|0x0000000089800000, 0x0000000089800000, 0x0000000089900000|  0%| F|  |TAMS 0x0000000089800000, 0x0000000089800000| Untracked 
|  47|0x0000000089900000, 0x0000000089900000, 0x0000000089a00000|  0%| F|  |TAMS 0x0000000089900000, 0x0000000089900000| Untracked 
|  48|0x0000000089a00000, 0x0000000089a00000, 0x0000000089b00000|  0%| F|  |TAMS 0x0000000089a00000, 0x0000000089a00000| Untracked 
|  49|0x0000000089b00000, 0x0000000089b00000, 0x0000000089c00000|  0%| F|  |TAMS 0x0000000089b00000, 0x0000000089b00000| Untracked 
|  50|0x0000000089c00000, 0x0000000089c00000, 0x0000000089d00000|  0%| F|  |TAMS 0x0000000089c00000, 0x0000000089c00000| Untracked 
|  51|0x0000000089d00000, 0x0000000089d00000, 0x0000000089e00000|  0%| F|  |TAMS 0x0000000089d00000, 0x0000000089d00000| Untracked 
|  52|0x0000000089e00000, 0x0000000089e00000, 0x0000000089f00000|  0%| F|  |TAMS 0x0000000089e00000, 0x0000000089e00000| Untracked 
|  53|0x0000000089f00000, 0x0000000089f00000, 0x000000008a000000|  0%| F|  |TAMS 0x0000000089f00000, 0x0000000089f00000| Untracked 
|  54|0x000000008a000000, 0x000000008a000000, 0x000000008a100000|  0%| F|  |TAMS 0x000000008a000000, 0x000000008a000000| Untracked 
|  55|0x000000008a100000, 0x000000008a100000, 0x000000008a200000|  0%| F|  |TAMS 0x000000008a100000, 0x000000008a100000| Untracked 
|  56|0x000000008a200000, 0x000000008a200000, 0x000000008a300000|  0%| F|  |TAMS 0x000000008a200000, 0x000000008a200000| Untracked 
|  57|0x000000008a300000, 0x000000008a300000, 0x000000008a400000|  0%| F|  |TAMS 0x000000008a300000, 0x000000008a300000| Untracked 
|  58|0x000000008a400000, 0x000000008a400000, 0x000000008a500000|  0%| F|  |TAMS 0x000000008a400000, 0x000000008a400000| Untracked 
|  59|0x000000008a500000, 0x000000008a500000, 0x000000008a600000|  0%| F|  |TAMS 0x000000008a500000, 0x000000008a500000| Untracked 
|  60|0x000000008a600000, 0x000000008a600000, 0x000000008a700000|  0%| F|  |TAMS 0x000000008a600000, 0x000000008a600000| Untracked 
|  61|0x000000008a700000, 0x000000008a700000, 0x000000008a800000|  0%| F|  |TAMS 0x000000008a700000, 0x000000008a700000| Untracked 
|  62|0x000000008a800000, 0x000000008a800000, 0x000000008a900000|  0%| F|  |TAMS 0x000000008a800000, 0x000000008a800000| Untracked 
|  63|0x000000008a900000, 0x000000008a900000, 0x000000008aa00000|  0%| F|  |TAMS 0x000000008a900000, 0x000000008a900000| Untracked 
|  64|0x000000008aa00000, 0x000000008aa00000, 0x000000008ab00000|  0%| F|  |TAMS 0x000000008aa00000, 0x000000008aa00000| Untracked 
|  65|0x000000008ab00000, 0x000000008ab00000, 0x000000008ac00000|  0%| F|  |TAMS 0x000000008ab00000, 0x000000008ab00000| Untracked 
|  66|0x000000008ac00000, 0x000000008ac00000, 0x000000008ad00000|  0%| F|  |TAMS 0x000000008ac00000, 0x000000008ac00000| Untracked 
|  67|0x000000008ad00000, 0x000000008ad00000, 0x000000008ae00000|  0%| F|  |TAMS 0x000000008ad00000, 0x000000008ad00000| Untracked 
|  68|0x000000008ae00000, 0x000000008ae00000, 0x000000008af00000|  0%| F|  |TAMS 0x000000008ae00000, 0x000000008ae00000| Untracked 
|  69|0x000000008af00000, 0x000000008af00000, 0x000000008b000000|  0%| F|  |TAMS 0x000000008af00000, 0x000000008af00000| Untracked 
|  70|0x000000008b000000, 0x000000008b000000, 0x000000008b100000|  0%| F|  |TAMS 0x000000008b000000, 0x000000008b000000| Untracked 
|  71|0x000000008b100000, 0x000000008b100000, 0x000000008b200000|  0%| F|  |TAMS 0x000000008b100000, 0x000000008b100000| Untracked 
|  72|0x000000008b200000, 0x000000008b200000, 0x000000008b300000|  0%| F|  |TAMS 0x000000008b200000, 0x000000008b200000| Untracked 
|  73|0x000000008b300000, 0x000000008b300000, 0x000000008b400000|  0%| F|  |TAMS 0x000000008b300000, 0x000000008b300000| Untracked 
|  74|0x000000008b400000, 0x000000008b400000, 0x000000008b500000|  0%| F|  |TAMS 0x000000008b400000, 0x000000008b400000| Untracked 
|  75|0x000000008b500000, 0x000000008b500000, 0x000000008b600000|  0%| F|  |TAMS 0x000000008b500000, 0x000000008b500000| Untracked 
|  76|0x000000008b600000, 0x000000008b600000, 0x000000008b700000|  0%| F|  |TAMS 0x000000008b600000, 0x000000008b600000| Untracked 
|  77|0x000000008b700000, 0x000000008b700000, 0x000000008b800000|  0%| F|  |TAMS 0x000000008b700000, 0x000000008b700000| Untracked 
|  78|0x000000008b800000, 0x000000008b800000, 0x000000008b900000|  0%| F|  |TAMS 0x000000008b800000, 0x000000008b800000| Untracked 
|  79|0x000000008b900000, 0x000000008b900000, 0x000000008ba00000|  0%| F|  |TAMS 0x000000008b900000, 0x000000008b900000| Untracked 
|  80|0x000000008ba00000, 0x000000008ba00000, 0x000000008bb00000|  0%| F|  |TAMS 0x000000008ba00000, 0x000000008ba00000| Untracked 
|  81|0x000000008bb00000, 0x000000008bb00000, 0x000000008bc00000|  0%| F|  |TAMS 0x000000008bb00000, 0x000000008bb00000| Untracked 
|  82|0x000000008bc00000, 0x000000008bc00000, 0x000000008bd00000|  0%| F|  |TAMS 0x000000008bc00000, 0x000000008bc00000| Untracked 
|  83|0x000000008bd00000, 0x000000008bd00000, 0x000000008be00000|  0%| F|  |TAMS 0x000000008bd00000, 0x000000008bd00000| Untracked 
|  84|0x000000008be00000, 0x000000008be00000, 0x000000008bf00000|  0%| F|  |TAMS 0x000000008be00000, 0x000000008be00000| Untracked 
|  85|0x000000008bf00000, 0x000000008bf00000, 0x000000008c000000|  0%| F|  |TAMS 0x000000008bf00000, 0x000000008bf00000| Untracked 
|  86|0x000000008c000000, 0x000000008c000000, 0x000000008c100000|  0%| F|  |TAMS 0x000000008c000000, 0x000000008c000000| Untracked 
|  87|0x000000008c100000, 0x000000008c100000, 0x000000008c200000|  0%| F|  |TAMS 0x000000008c100000, 0x000000008c100000| Untracked 
|  88|0x000000008c200000, 0x000000008c200000, 0x000000008c300000|  0%| F|  |TAMS 0x000000008c200000, 0x000000008c200000| Untracked 
|  89|0x000000008c300000, 0x000000008c300000, 0x000000008c400000|  0%| F|  |TAMS 0x000000008c300000, 0x000000008c300000| Untracked 
|  90|0x000000008c400000, 0x000000008c400000, 0x000000008c500000|  0%| F|  |TAMS 0x000000008c400000, 0x000000008c400000| Untracked 
|  91|0x000000008c500000, 0x000000008c500000, 0x000000008c600000|  0%| F|  |TAMS 0x000000008c500000, 0x000000008c500000| Untracked 
|  92|0x000000008c600000, 0x000000008c600000, 0x000000008c700000|  0%| F|  |TAMS 0x000000008c600000, 0x000000008c600000| Untracked 
|  93|0x000000008c700000, 0x000000008c700000, 0x000000008c800000|  0%| F|  |TAMS 0x000000008c700000, 0x000000008c700000| Untracked 
|  94|0x000000008c800000, 0x000000008c800000, 0x000000008c900000|  0%| F|  |TAMS 0x000000008c800000, 0x000000008c800000| Untracked 
|  95|0x000000008c900000, 0x000000008c900000, 0x000000008ca00000|  0%| F|  |TAMS 0x000000008c900000, 0x000000008c900000| Untracked 
|  96|0x000000008ca00000, 0x000000008ca00000, 0x000000008cb00000|  0%| F|  |TAMS 0x000000008ca00000, 0x000000008ca00000| Untracked 
|  97|0x000000008cb00000, 0x000000008cb00000, 0x000000008cc00000|  0%| F|  |TAMS 0x000000008cb00000, 0x000000008cb00000| Untracked 
|  98|0x000000008cc00000, 0x000000008cc00000, 0x000000008cd00000|  0%| F|  |TAMS 0x000000008cc00000, 0x000000008cc00000| Untracked 
|  99|0x000000008cd00000, 0x000000008cd00000, 0x000000008ce00000|  0%| F|  |TAMS 0x000000008cd00000, 0x000000008cd00000| Untracked 
| 100|0x000000008ce00000, 0x000000008ce00000, 0x000000008cf00000|  0%| F|  |TAMS 0x000000008ce00000, 0x000000008ce00000| Untracked 
| 101|0x000000008cf00000, 0x000000008cf00000, 0x000000008d000000|  0%| F|  |TAMS 0x000000008cf00000, 0x000000008cf00000| Untracked 
| 102|0x000000008d000000, 0x000000008d000000, 0x000000008d100000|  0%| F|  |TAMS 0x000000008d000000, 0x000000008d000000| Untracked 
| 103|0x000000008d100000, 0x000000008d100000, 0x000000008d200000|  0%| F|  |TAMS 0x000000008d100000, 0x000000008d100000| Untracked 
| 104|0x000000008d200000, 0x000000008d200000, 0x000000008d300000|  0%| F|  |TAMS 0x000000008d200000, 0x000000008d200000| Untracked 
| 105|0x000000008d300000, 0x000000008d300000, 0x000000008d400000|  0%| F|  |TAMS 0x000000008d300000, 0x000000008d300000| Untracked 
| 106|0x000000008d400000, 0x000000008d47b648, 0x000000008d500000| 48%| E|  |TAMS 0x000000008d400000, 0x000000008d400000| Complete 
| 107|0x000000008d500000, 0x000000008d600000, 0x000000008d600000|100%| E|CS|TAMS 0x000000008d500000, 0x000000008d500000| Complete 
| 108|0x000000008d600000, 0x000000008d700000, 0x000000008d700000|100%| E|CS|TAMS 0x000000008d600000, 0x000000008d600000| Complete 
| 109|0x000000008d700000, 0x000000008d800000, 0x000000008d800000|100%| E|CS|TAMS 0x000000008d700000, 0x000000008d700000| Complete 
| 110|0x000000008d800000, 0x000000008d900000, 0x000000008d900000|100%| E|CS|TAMS 0x000000008d800000, 0x000000008d800000| Complete 
| 111|0x000000008d900000, 0x000000008da00000, 0x000000008da00000|100%| E|  |TAMS 0x000000008d900000, 0x000000008d900000| Complete 
| 112|0x000000008da00000, 0x000000008db00000, 0x000000008db00000|100%| E|CS|TAMS 0x000000008da00000, 0x000000008da00000| Complete 
| 113|0x000000008db00000, 0x000000008dc00000, 0x000000008dc00000|100%| E|CS|TAMS 0x000000008db00000, 0x000000008db00000| Complete 
| 114|0x000000008dc00000, 0x000000008dd00000, 0x000000008dd00000|100%| E|CS|TAMS 0x000000008dc00000, 0x000000008dc00000| Complete 
| 115|0x000000008dd00000, 0x000000008de00000, 0x000000008de00000|100%| E|CS|TAMS 0x000000008dd00000, 0x000000008dd00000| Complete 
| 116|0x000000008de00000, 0x000000008df00000, 0x000000008df00000|100%| E|CS|TAMS 0x000000008de00000, 0x000000008de00000| Complete 
| 117|0x000000008df00000, 0x000000008e000000, 0x000000008e000000|100%| E|CS|TAMS 0x000000008df00000, 0x000000008df00000| Complete 
| 118|0x000000008e000000, 0x000000008e100000, 0x000000008e100000|100%| E|CS|TAMS 0x000000008e000000, 0x000000008e000000| Complete 
| 119|0x000000008e100000, 0x000000008e200000, 0x000000008e200000|100%| E|CS|TAMS 0x000000008e100000, 0x000000008e100000| Complete 
| 120|0x000000008e200000, 0x000000008e300000, 0x000000008e300000|100%| E|CS|TAMS 0x000000008e200000, 0x000000008e200000| Complete 
| 121|0x000000008e300000, 0x000000008e400000, 0x000000008e400000|100%| E|CS|TAMS 0x000000008e300000, 0x000000008e300000| Complete 
|1940|0x00000000ffe00000, 0x00000000ffe48000, 0x00000000fff00000| 28%|OA|  |TAMS 0x00000000ffe00000, 0x00000000ffe00000| Untracked 
|1941|0x00000000fff00000, 0x00000000fff6c000, 0x0000000100000000| 42%|CA|  |TAMS 0x00000000fff00000, 0x00000000fff00000| Untracked 

Card table byte_map: [0x00007f4588da0000,0x00007f458916b000] _byte_map_base: 0x00007f458896b000

Marking Bits (Prev, Next): (CMBitMap*) 0x00007f458405e338, (CMBitMap*) 0x00007f458405e370
 Prev Bits: [0x00007f45661a8000, 0x00007f4568000000)
 Next Bits: [0x00007f4564350000, 0x00007f45661a8000)

Polling page: 0x00007f458aa3b000

Metaspace:

Usage:
  Non-class:      5.77 MB capacity,     3.32 MB ( 57%) used,     2.45 MB ( 42%) free+waste,     6.06 KB ( <1%) overhead. 
      Class:    683.00 KB capacity,   406.40 KB ( 60%) used,   273.60 KB ( 40%) free+waste,     3.00 KB ( <1%) overhead. 
       Both:      6.43 MB capacity,     3.71 MB ( 58%) used,     2.71 MB ( 42%) free+waste,     9.06 KB ( <1%) overhead. 

Virtual space:
  Non-class space:        8.00 MB reserved,       6.00 MB ( 75%) committed 
      Class space:        1.00 GB reserved,     768.00 KB ( <1%) committed 
             Both:        1.01 GB reserved,       6.75 MB ( <1%) committed 

Chunk freelists:
   Non-Class:  47.00 KB
       Class:  21.00 KB
        Both:  68.00 KB

MaxMetaspaceSize: unlimited
CompressedClassSpaceSize: 1.00 GB
Initial GC threshold: 20.80 MB
Current GC threshold: 20.80 MB
CDS: on

CodeHeap 'non-profiled nmethods': size=119172Kb used=215Kb max_used=215Kb free=118956Kb
 bounds [0x00007f457437a000, 0x00007f45745ea000, 0x00007f457b7db000]
CodeHeap 'profiled nmethods': size=119168Kb used=1627Kb max_used=1627Kb free=117540Kb
 bounds [0x00007f456cf1a000, 0x00007f456d18a000, 0x00007f457437a000]
CodeHeap 'non-nmethods': size=7420Kb used=1198Kb max_used=2348Kb free=6221Kb
 bounds [0x00007f456c7db000, 0x00007f456ca4b000, 0x00007f456cf1a000]
 total_blobs=1216 nmethods=825 adapters=313
 compilation: enabled
              stopped_count=0, restarted_count=0
 full_count=0

Compilation events (20 events):
Event: 0.514 Thread 0x00007f4524001800 nmethod 815 0x00007f456d0a7210 code [0x00007f456d0a73e0, 0x00007f456d0a7710]
Event: 0.514 Thread 0x00007f4524001800  816       3       jdk.internal.loader.BuiltinClassLoader::isSealed (70 bytes)
Event: 0.516 Thread 0x00007f4524001800 nmethod 816 0x00007f456d0a7810 code [0x00007f456d0a7aa0, 0x00007f456d0a85e0]
Event: 0.516 Thread 0x00007f453806e000 nmethod 813 0x00007f456d0a8a90 code [0x00007f456d0a8e40, 0x00007f456d0aad60]
Event: 0.516 Thread 0x00007f45841ad800 nmethod 812 0x00007f45743af310 code [0x00007f45743af4a0, 0x00007f45743af6b8]
Event: 0.525 Thread 0x00007f45841b7800 nmethod 814 0x00007f456d0aba10 code [0x00007f456d0abd20, 0x00007f456d0acef0]
Event: 0.525 Thread 0x00007f45841b7800  817       3       sun.reflect.annotation.AnnotationInvocationHandler::invoke (178 bytes)
Event: 0.527 Thread 0x00007f45841b7800 nmethod 817 0x00007f456d0ad490 code [0x00007f456d0ad7a0, 0x00007f456d0ae900]
Event: 0.527 Thread 0x00007f45841b7800  818       3       java.lang.reflect.Method::getParameterCount (6 bytes)
Event: 0.528 Thread 0x00007f45841b7800 nmethod 818 0x00007f456d0aef10 code [0x00007f456d0af0c0, 0x00007f456d0af1f0]
Event: 0.528 Thread 0x00007f45841b7800  820       3       java.lang.Character::isSurrogate (18 bytes)
Event: 0.528 Thread 0x00007f45841b7800 nmethod 820 0x00007f456d0af290 code [0x00007f456d0af440, 0x00007f456d0af5b0]
Event: 0.528 Thread 0x00007f45841b7800  823       3       java.util.Arrays::asList (9 bytes)
Event: 0.529 Thread 0x00007f45841b7800 nmethod 823 0x00007f456d0af610 code [0x00007f456d0af800, 0x00007f456d0afca0]
Event: 0.529 Thread 0x00007f45841b7800  821       3       java.util.regex.Pattern::isSupplementary (20 bytes)
Event: 0.530 Thread 0x00007f45841b7800 nmethod 821 0x00007f456d0afe90 code [0x00007f456d0b0040, 0x00007f456d0b02b0]
Event: 0.530 Thread 0x00007f45841b7800  822       3       java.util.regex.Pattern::has (15 bytes)
Event: 0.530 Thread 0x00007f45841b7800 nmethod 822 0x00007f456d0b0390 code [0x00007f456d0b0540, 0x00007f456d0b06b0]
Event: 2.847 Thread 0x00007f45841b7800  825       3       jdk.internal.org.objectweb.asm.ByteVector::putInt (74 bytes)
Event: 2.847 Thread 0x00007f45841b7800 nmethod 825 0x00007f456d0b0710 code [0x00007f456d0b08e0, 0x00007f456d0b0b60]

GC Heap History (0 events):
No events

Deoptimization events (20 events):
Event: 0.487 Thread 0x00007f458401c000 DEOPT PACKING pc=0x00007f456d002512 sp=0x00007f458ab85180
Event: 0.487 Thread 0x00007f458401c000 DEOPT UNPACKING pc=0x00007f456c82564a sp=0x00007f458ab84600 mode 0
Event: 0.487 Thread 0x00007f458401c000 DEOPT PACKING pc=0x00007f456cf7fbcf sp=0x00007f458ab85640
Event: 0.487 Thread 0x00007f458401c000 DEOPT UNPACKING pc=0x00007f456c82564a sp=0x00007f458ab84ae8 mode 0
Event: 0.487 Thread 0x00007f458401c000 DEOPT PACKING pc=0x00007f456cf7fbcf sp=0x00007f458ab85740
Event: 0.487 Thread 0x00007f458401c000 DEOPT UNPACKING pc=0x00007f456c82564a sp=0x00007f458ab84be8 mode 0
Event: 0.488 Thread 0x00007f458401c000 DEOPT PACKING pc=0x00007f456d002512 sp=0x00007f458ab85180
Event: 0.488 Thread 0x00007f458401c000 DEOPT UNPACKING pc=0x00007f456c82564a sp=0x00007f458ab84600 mode 0
Event: 0.488 Thread 0x00007f458401c000 DEOPT PACKING pc=0x00007f456cf7fbcf sp=0x00007f458ab85610
Event: 0.488 Thread 0x00007f458401c000 DEOPT UNPACKING pc=0x00007f456c82564a sp=0x00007f458ab84ab8 mode 0
Event: 0.488 Thread 0x00007f458401c000 DEOPT PACKING pc=0x00007f456cf7fbcf sp=0x00007f458ab85640
Event: 0.488 Thread 0x00007f458401c000 DEOPT UNPACKING pc=0x00007f456c82564a sp=0x00007f458ab84ae8 mode 0
Event: 0.489 Thread 0x00007f458401c000 DEOPT PACKING pc=0x00007f456d002512 sp=0x00007f458ab85120
Event: 0.489 Thread 0x00007f458401c000 DEOPT UNPACKING pc=0x00007f456c82564a sp=0x00007f458ab845a0 mode 0
Event: 0.490 Thread 0x00007f458401c000 DEOPT PACKING pc=0x00007f456cf7fbcf sp=0x00007f458ab84520
Event: 0.490 Thread 0x00007f458401c000 DEOPT UNPACKING pc=0x00007f456c82564a sp=0x00007f458ab839c8 mode 0
Event: 0.491 Thread 0x00007f458401c000 DEOPT PACKING pc=0x00007f456cf7fbcf sp=0x00007f458ab84520
Event: 0.491 Thread 0x00007f458401c000 DEOPT UNPACKING pc=0x00007f456c82564a sp=0x00007f458ab839c8 mode 0
Event: 0.492 Thread 0x00007f458401c000 DEOPT PACKING pc=0x00007f456cf7fbcf sp=0x00007f458ab84520
Event: 0.492 Thread 0x00007f458401c000 DEOPT UNPACKING pc=0x00007f456c82564a sp=0x00007f458ab839c8 mode 0

Classes redefined (0 events):
No events

Internal exceptions (20 events):
Event: 0.465 Thread 0x00007f458401c000 Exception <a 'java/security/PrivilegedActionException'{0x000000008d8d6ed0}> (0x000000008d8d6ed0) thrown at [src/hotspot/share/prims/jvm.cpp, line 1304]
Event: 0.465 Thread 0x00007f458401c000 Exception <a 'java/security/PrivilegedActionException'{0x000000008d8d7820}> (0x000000008d8d7820) thrown at [src/hotspot/share/prims/jvm.cpp, line 1304]
Event: 0.465 Thread 0x00007f458401c000 Exception <a 'java/security/PrivilegedActionException'{0x000000008d8d7af0}> (0x000000008d8d7af0) thrown at [src/hotspot/share/prims/jvm.cpp, line 1304]
Event: 0.465 Thread 0x00007f458401c000 Exception <a 'java/security/PrivilegedActionException'{0x000000008d8d8478}> (0x000000008d8d8478) thrown at [src/hotspot/share/prims/jvm.cpp, line 1304]
Event: 0.465 Thread 0x00007f458401c000 Exception <a 'java/security/PrivilegedActionException'{0x000000008d8d8748}> (0x000000008d8d8748) thrown at [src/hotspot/share/prims/jvm.cpp, line 1304]
Event: 0.466 Thread 0x00007f458401c000 Exception <a 'java/security/PrivilegedActionException'{0x000000008d8d90b8}> (0x000000008d8d90b8) thrown at [src/hotspot/share/prims/jvm.cpp, line 1304]
Event: 0.466 Thread 0x00007f458401c000 Exception <a 'java/security/PrivilegedActionException'{0x000000008d8d9388}> (0x000000008d8d9388) thrown at [src/hotspot/share/prims/jvm.cpp, line 1304]
Event: 0.466 Thread 0x00007f458401c000 Exception <a 'java/security/PrivilegedActionException'{0x000000008d8d9cf8}> (0x000000008d8d9cf8) thrown at [src/hotspot/share/prims/jvm.cpp, line 1304]
Event: 0.466 Thread 0x00007f458401c000 Exception <a 'java/security/PrivilegedActionException'{0x000000008d8d9fc8}> (0x000000008d8d9fc8) thrown at [src/hotspot/share/prims/jvm.cpp, line 1304]
Event: 0.466 Thread 0x00007f458401c000 Exception <a 'java/security/PrivilegedActionException'{0x000000008d8da950}> (0x000000008d8da950) thrown at [src/hotspot/share/prims/jvm.cpp, line 1304]
Event: 0.466 Thread 0x00007f458401c000 Exception <a 'java/security/PrivilegedActionException'{0x000000008d8dac20}> (0x000000008d8dac20) thrown at [src/hotspot/share/prims/jvm.cpp, line 1304]
Event: 0.466 Thread 0x00007f458401c000 Exception <a 'java/security/PrivilegedActionException'{0x000000008d8db5a8}> (0x000000008d8db5a8) thrown at [src/hotspot/share/prims/jvm.cpp, line 1304]
Event: 0.466 Thread 0x00007f458401c000 Exception <a 'java/security/PrivilegedActionException'{0x000000008d8db878}> (0x000000008d8db878) thrown at [src/hotspot/share/prims/jvm.cpp, line 1304]
Event: 0.466 Thread 0x00007f458401c000 Exception <a 'java/security/PrivilegedActionException'{0x000000008d8dc200}> (0x000000008d8dc200) thrown at [src/hotspot/share/prims/jvm.cpp, line 1304]
Event: 0.466 Thread 0x00007f458401c000 Exception <a 'java/security/PrivilegedActionException'{0x000000008d8dc4d0}> (0x000000008d8dc4d0) thrown at [src/hotspot/share/prims/jvm.cpp, line 1304]
Event: 0.466 Thread 0x00007f458401c000 Exception <a 'java/security/PrivilegedActionException'{0x000000008d8dce40}> (0x000000008d8dce40) thrown at [src/hotspot/share/prims/jvm.cpp, line 1304]
Event: 0.466 Thread 0x00007f458401c000 Exception <a 'java/security/PrivilegedActionException'{0x000000008d8dd110}> (0x000000008d8dd110) thrown at [src/hotspot/share/prims/jvm.cpp, line 1304]
Event: 0.466 Thread 0x00007f458401c000 Exception <a 'java/security/PrivilegedActionException'{0x000000008d8dda98}> (0x000000008d8dda98) thrown at [src/hotspot/share/prims/jvm.cpp, line 1304]
Event: 0.466 Thread 0x00007f458401c000 Exception <a 'java/security/PrivilegedActionException'{0x000000008d8ddd68}> (0x000000008d8ddd68) thrown at [src/hotspot/share/prims/jvm.cpp, line 1304]
Event: 2.846 Thread 0x00007f458401c000 Exception <a 'java/lang/NoSuchMethodError'{0x000000008d41ada8}: 'java.lang.Object java.lang.invoke.DirectMethodHandle$Holder.invokeVirtual(java.lang.Object, java.lang.Object, java.lang.Object)'> (0x000000008d41ada8) thrown at [src/hotspot/share/interpreter/linkResolver.cpp, line 772]

Events (20 events):
Event: 603.858 Executing VM operation: GetFrameLocation done
Event: 603.858 Executing VM operation: GetOrSetLocal
Event: 603.859 Executing VM operation: GetOrSetLocal done
Event: 1109.018 Executing VM operation: ChangeBreakpoints
Event: 1109.018 Executing VM operation: ChangeBreakpoints done
Event: 1109.018 Executing VM operation: ChangeBreakpoints
Event: 1109.018 Executing VM operation: ChangeBreakpoints done
Event: 1109.018 Executing VM operation: ChangeBreakpoints
Event: 1109.019 Executing VM operation: ChangeBreakpoints done
Event: 1109.019 Executing VM operation: ChangeBreakpoints
Event: 1109.019 Executing VM operation: ChangeBreakpoints done
Event: 1109.019 Executing VM operation: ChangeBreakpoints
Event: 1109.020 Executing VM operation: ChangeBreakpoints done
Event: 1109.020 Executing VM operation: ChangeBreakpoints
Event: 1109.020 Executing VM operation: ChangeBreakpoints done
Event: 1109.020 Executing VM operation: ChangeBreakpoints
Event: 1109.020 Executing VM operation: ChangeBreakpoints done
Event: 1109.020 Executing VM operation: ChangeBreakpoints
Event: 1109.020 Executing VM operation: ChangeBreakpoints done
Event: 1109.020 Thread 0x00007f4520001800 Thread exited: 0x00007f4520001800


Dynamic libraries:
86a00000-8e400000 rw-p 00000000 00:00 0 
8e400000-ffe00000 ---p 00000000 00:00 0 
ffe00000-ffe48000 rw-p 00b14000 08:20 43898                              /usr/lib/jvm/java-11-openjdk-amd64/lib/server/classes.jsa
ffe48000-fff00000 rw-p 00000000 00:00 0 
fff00000-fff6c000 rw-p 00aa8000 08:20 43898                              /usr/lib/jvm/java-11-openjdk-amd64/lib/server/classes.jsa
fff6c000-100000000 rw-p 00000000 00:00 0 
800000000-800002000 rwxp 00001000 08:20 43898                            /usr/lib/jvm/java-11-openjdk-amd64/lib/server/classes.jsa
800002000-800aa7000 rw-p 00003000 08:20 43898                            /usr/lib/jvm/java-11-openjdk-amd64/lib/server/classes.jsa
840000000-8400c0000 rw-p 00000000 00:00 0 
8400c0000-880000000 ---p 00000000 00:00 0 
5629232fc000-5629232fd000 r--p 00000000 08:20 47754                      /usr/lib/jvm/java-11-openjdk-amd64/bin/java
5629232fd000-5629232fe000 r-xp 00001000 08:20 47754                      /usr/lib/jvm/java-11-openjdk-amd64/bin/java
5629232fe000-5629232ff000 r--p 00002000 08:20 47754                      /usr/lib/jvm/java-11-openjdk-amd64/bin/java
5629232ff000-562923300000 r--p 00002000 08:20 47754                      /usr/lib/jvm/java-11-openjdk-amd64/bin/java
562923300000-562923301000 rw-p 00003000 08:20 47754                      /usr/lib/jvm/java-11-openjdk-amd64/bin/java
56292522c000-56292524d000 rw-p 00000000 00:00 0                          [heap]
7f450552c000-7f4505e52000 r--p 00000000 08:20 84032                      /home/w/.javacpp/cache/llvm-13.0.1-1.5.7-linux-x86_64.jar/org/bytedeco/llvm/linux-x86_64/libLLVM-13.so
7f4505e52000-7f4509815000 r-xp 00926000 08:20 84032                      /home/w/.javacpp/cache/llvm-13.0.1-1.5.7-linux-x86_64.jar/org/bytedeco/llvm/linux-x86_64/libLLVM-13.so
7f4509815000-7f450ba6a000 r--p 042e9000 08:20 84032                      /home/w/.javacpp/cache/llvm-13.0.1-1.5.7-linux-x86_64.jar/org/bytedeco/llvm/linux-x86_64/libLLVM-13.so
7f450ba6a000-7f450bf7f000 r--p 0653d000 08:20 84032                      /home/w/.javacpp/cache/llvm-13.0.1-1.5.7-linux-x86_64.jar/org/bytedeco/llvm/linux-x86_64/libLLVM-13.so
7f450bf7f000-7f450bf8a000 rw-p 06a52000 08:20 84032                      /home/w/.javacpp/cache/llvm-13.0.1-1.5.7-linux-x86_64.jar/org/bytedeco/llvm/linux-x86_64/libLLVM-13.so
7f450bf8a000-7f450c000000 rw-p 00000000 00:00 0 
7f450c000000-7f450c021000 rw-p 00000000 00:00 0 
7f450c021000-7f4510000000 ---p 00000000 00:00 0 
7f4510000000-7f4510021000 rw-p 00000000 00:00 0 
7f4510021000-7f4514000000 ---p 00000000 00:00 0 
7f4514000000-7f4514021000 rw-p 00000000 00:00 0 
7f4514021000-7f4518000000 ---p 00000000 00:00 0 
7f4518000000-7f4518021000 rw-p 00000000 00:00 0 
7f4518021000-7f451c000000 ---p 00000000 00:00 0 
7f451c000000-7f451c1d0000 rw-p 00000000 00:00 0 
7f451c1d0000-7f4520000000 ---p 00000000 00:00 0 
7f4520000000-7f4520028000 rw-p 00000000 00:00 0 
7f4520028000-7f4524000000 ---p 00000000 00:00 0 
7f4524000000-7f452410e000 rw-p 00000000 00:00 0 
7f452410e000-7f4528000000 ---p 00000000 00:00 0 
7f4528000000-7f4528205000 rw-p 00000000 00:00 0 
7f4528205000-7f452c000000 ---p 00000000 00:00 0 
7f452c000000-7f452c021000 rw-p 00000000 00:00 0 
7f452c021000-7f4530000000 ---p 00000000 00:00 0 
7f4530000000-7f4530021000 rw-p 00000000 00:00 0 
7f4530021000-7f4534000000 ---p 00000000 00:00 0 
7f4534000000-7f45341b4000 rw-p 00000000 00:00 0 
7f45341b4000-7f4538000000 ---p 00000000 00:00 0 
7f4538000000-7f4538157000 rw-p 00000000 00:00 0 
7f4538157000-7f453c000000 ---p 00000000 00:00 0 
7f453c000000-7f453c021000 rw-p 00000000 00:00 0 
7f453c021000-7f4540000000 ---p 00000000 00:00 0 
7f4540000000-7f4540021000 rw-p 00000000 00:00 0 
7f4540021000-7f4544000000 ---p 00000000 00:00 0 
7f4544000000-7f4544021000 rw-p 00000000 00:00 0 
7f4544021000-7f4548000000 ---p 00000000 00:00 0 
7f4548000000-7f4548021000 rw-p 00000000 00:00 0 
7f4548021000-7f454c000000 ---p 00000000 00:00 0 
7f454c000000-7f454c021000 rw-p 00000000 00:00 0 
7f454c021000-7f4550000000 ---p 00000000 00:00 0 
7f4550000000-7f4550021000 rw-p 00000000 00:00 0 
7f4550021000-7f4554000000 ---p 00000000 00:00 0 
7f4554000000-7f4554021000 rw-p 00000000 00:00 0 
7f4554021000-7f4558000000 ---p 00000000 00:00 0 
7f4558000000-7f4558021000 rw-p 00000000 00:00 0 
7f4558021000-7f455c000000 ---p 00000000 00:00 0 
7f455c6ea000-7f455c74f000 r--p 00000000 08:20 84037                      /home/w/.javacpp/cache/llvm-13.0.1-1.5.7-linux-x86_64.jar/org/bytedeco/llvm/linux-x86_64/libjniLLVM.so
7f455c74f000-7f455c7bd000 r-xp 00065000 08:20 84037                      /home/w/.javacpp/cache/llvm-13.0.1-1.5.7-linux-x86_64.jar/org/bytedeco/llvm/linux-x86_64/libjniLLVM.so
7f455c7bd000-7f455c7e8000 r--p 000d3000 08:20 84037                      /home/w/.javacpp/cache/llvm-13.0.1-1.5.7-linux-x86_64.jar/org/bytedeco/llvm/linux-x86_64/libjniLLVM.so
7f455c7e8000-7f455c7eb000 r--p 000fd000 08:20 84037                      /home/w/.javacpp/cache/llvm-13.0.1-1.5.7-linux-x86_64.jar/org/bytedeco/llvm/linux-x86_64/libjniLLVM.so
7f455c7eb000-7f455c7ee000 rw-p 00100000 08:20 84037                      /home/w/.javacpp/cache/llvm-13.0.1-1.5.7-linux-x86_64.jar/org/bytedeco/llvm/linux-x86_64/libjniLLVM.so
7f455c7ee000-7f455c7f0000 rw-p 00000000 00:00 0 
7f455c7f0000-7f455c7f4000 ---p 00000000 00:00 0 
7f455c7f4000-7f455c8f1000 rw-p 00000000 00:00 0 
7f455c8f1000-7f455c8f2000 ---p 00000000 00:00 0 
7f455c8f2000-7f455c9f2000 rw-p 00000000 00:00 0 
7f455c9f2000-7f455c9f6000 ---p 00000000 00:00 0 
7f455c9f6000-7f455caf3000 rw-p 00000000 00:00 0 
7f455caf3000-7f455caf7000 ---p 00000000 00:00 0 
7f455caf7000-7f455cbf4000 rw-p 00000000 00:00 0 
7f455cbf4000-7f455cbf8000 ---p 00000000 00:00 0 
7f455cbf8000-7f455ccf5000 rw-p 00000000 00:00 0 
7f455ccf5000-7f455ccf9000 ---p 00000000 00:00 0 
7f455ccf9000-7f455cdf6000 rw-p 00000000 00:00 0 
7f455cdf6000-7f455cdfa000 ---p 00000000 00:00 0 
7f455cdfa000-7f455cef7000 rw-p 00000000 00:00 0 
7f455cef7000-7f455cefb000 ---p 00000000 00:00 0 
7f455cefb000-7f455cff8000 rw-p 00000000 00:00 0 
7f455cff8000-7f455cffc000 ---p 00000000 00:00 0 
7f455cffc000-7f455d0f9000 rw-p 00000000 00:00 0 
7f455d0f9000-7f455d0fd000 ---p 00000000 00:00 0 
7f455d0fd000-7f455d1fa000 rw-p 00000000 00:00 0 
7f455d1fa000-7f455d1fe000 ---p 00000000 00:00 0 
7f455d1fe000-7f455d2fb000 rw-p 00000000 00:00 0 
7f455d2fb000-7f455d2ff000 ---p 00000000 00:00 0 
7f455d2ff000-7f455d3fc000 rw-p 00000000 00:00 0 
7f455d3fc000-7f455d400000 ---p 00000000 00:00 0 
7f455d400000-7f455d4fd000 rw-p 00000000 00:00 0 
7f455d4fd000-7f455d501000 ---p 00000000 00:00 0 
7f455d501000-7f455d5fe000 rw-p 00000000 00:00 0 
7f455d5fe000-7f455d602000 ---p 00000000 00:00 0 
7f455d602000-7f455d6ff000 rw-p 00000000 00:00 0 
7f455d6ff000-7f455d703000 ---p 00000000 00:00 0 
7f455d703000-7f455de00000 rw-p 00000000 00:00 0 
7f455de00000-7f455e000000 ---p 00000000 00:00 0 
7f455e000000-7f4560000000 rw-p 00000000 00:00 0 
7f4560000000-7f4560021000 rw-p 00000000 00:00 0 
7f4560021000-7f4564000000 ---p 00000000 00:00 0 
7f45640cd000-7f45640ce000 ---p 00000000 00:00 0 
7f45640ce000-7f456424f000 rw-p 00000000 00:00 0 
7f456424f000-7f4564250000 ---p 00000000 00:00 0 
7f4564250000-7f4564538000 rw-p 00000000 00:00 0 
7f4564538000-7f45661a0000 ---p 00000000 00:00 0 
7f45661a0000-7f4566390000 rw-p 00000000 00:00 0 
7f4566390000-7f4567ff8000 ---p 00000000 00:00 0 
7f4567ff8000-7f4568000000 rw-p 00000000 00:00 0 
7f4568000000-7f4568021000 rw-p 00000000 00:00 0 
7f4568021000-7f456c000000 ---p 00000000 00:00 0 
7f456c029000-7f456c030000 r--p 00000000 08:20 84033                      /home/w/.javacpp/cache/llvm-13.0.1-1.5.7-linux-x86_64.jar/org/bytedeco/llvm/linux-x86_64/libLTO.so.13
7f456c030000-7f456c038000 r-xp 00007000 08:20 84033                      /home/w/.javacpp/cache/llvm-13.0.1-1.5.7-linux-x86_64.jar/org/bytedeco/llvm/linux-x86_64/libLTO.so.13
7f456c038000-7f456c03a000 r--p 0000f000 08:20 84033                      /home/w/.javacpp/cache/llvm-13.0.1-1.5.7-linux-x86_64.jar/org/bytedeco/llvm/linux-x86_64/libLTO.so.13
7f456c03a000-7f456c03b000 r--p 00010000 08:20 84033                      /home/w/.javacpp/cache/llvm-13.0.1-1.5.7-linux-x86_64.jar/org/bytedeco/llvm/linux-x86_64/libLTO.so.13
7f456c03b000-7f456c03c000 rw-p 00011000 08:20 84033                      /home/w/.javacpp/cache/llvm-13.0.1-1.5.7-linux-x86_64.jar/org/bytedeco/llvm/linux-x86_64/libLTO.so.13
7f456c03c000-7f456c040000 r--p 00000000 08:20 84026                      /home/w/.javacpp/cache/javacpp-1.5.7-linux-x86_64.jar/org/bytedeco/javacpp/linux-x86_64/libjnijavacpp.so
7f456c040000-7f456c047000 r-xp 00004000 08:20 84026                      /home/w/.javacpp/cache/javacpp-1.5.7-linux-x86_64.jar/org/bytedeco/javacpp/linux-x86_64/libjnijavacpp.so
7f456c047000-7f456c04b000 r--p 0000b000 08:20 84026                      /home/w/.javacpp/cache/javacpp-1.5.7-linux-x86_64.jar/org/bytedeco/javacpp/linux-x86_64/libjnijavacpp.so
7f456c04b000-7f456c04c000 r--p 0000e000 08:20 84026                      /home/w/.javacpp/cache/javacpp-1.5.7-linux-x86_64.jar/org/bytedeco/javacpp/linux-x86_64/libjnijavacpp.so
7f456c04c000-7f456c04d000 rw-p 0000f000 08:20 84026                      /home/w/.javacpp/cache/javacpp-1.5.7-linux-x86_64.jar/org/bytedeco/javacpp/linux-x86_64/libjnijavacpp.so
7f456c04d000-7f456c051000 r--p 00000000 08:20 47903                      /usr/lib/jvm/java-11-openjdk-amd64/lib/libnet.so
7f456c051000-7f456c05f000 r-xp 00004000 08:20 47903                      /usr/lib/jvm/java-11-openjdk-amd64/lib/libnet.so
7f456c05f000-7f456c063000 r--p 00012000 08:20 47903                      /usr/lib/jvm/java-11-openjdk-amd64/lib/libnet.so
7f456c063000-7f456c064000 r--p 00015000 08:20 47903                      /usr/lib/jvm/java-11-openjdk-amd64/lib/libnet.so
7f456c064000-7f456c065000 rw-p 00016000 08:20 47903                      /usr/lib/jvm/java-11-openjdk-amd64/lib/libnet.so
7f456c065000-7f456c06c000 r--p 00000000 08:20 47904                      /usr/lib/jvm/java-11-openjdk-amd64/lib/libnio.so
7f456c06c000-7f456c074000 r-xp 00007000 08:20 47904                      /usr/lib/jvm/java-11-openjdk-amd64/lib/libnio.so
7f456c074000-7f456c077000 r--p 0000f000 08:20 47904                      /usr/lib/jvm/java-11-openjdk-amd64/lib/libnio.so
7f456c077000-7f456c078000 r--p 00011000 08:20 47904                      /usr/lib/jvm/java-11-openjdk-amd64/lib/libnio.so
7f456c078000-7f456c079000 rw-p 00012000 08:20 47904                      /usr/lib/jvm/java-11-openjdk-amd64/lib/libnio.so
7f456c079000-7f456c0d4000 rw-p 00000000 00:00 0 
7f456c0d4000-7f456c0d5000 ---p 00000000 00:00 0 
7f456c0d5000-7f456c7db000 rw-p 00000000 00:00 0 
7f456c7db000-7f456ca4b000 rwxp 00000000 00:00 0 
7f456ca4b000-7f456cf1a000 ---p 00000000 00:00 0 
7f456cf1a000-7f456d18a000 rwxp 00000000 00:00 0 
7f456d18a000-7f457437a000 ---p 00000000 00:00 0 
7f457437a000-7f45745ea000 rwxp 00000000 00:00 0 
7f45745ea000-7f457b7db000 ---p 00000000 00:00 0 
7f457b7db000-7f4584000000 r--s 00000000 08:20 47913                      /usr/lib/jvm/java-11-openjdk-amd64/lib/modules
7f4584000000-7f45844cb000 rw-p 00000000 00:00 0 
7f45844cb000-7f4588000000 ---p 00000000 00:00 0 
7f4588004000-7f4588005000 r--p 00000000 08:20 84035                      /home/w/.javacpp/cache/llvm-13.0.1-1.5.7-linux-x86_64.jar/org/bytedeco/llvm/linux-x86_64/libRemarks.so.13
7f4588005000-7f4588006000 r-xp 00001000 08:20 84035                      /home/w/.javacpp/cache/llvm-13.0.1-1.5.7-linux-x86_64.jar/org/bytedeco/llvm/linux-x86_64/libRemarks.so.13
7f4588006000-7f4588007000 r--p 00002000 08:20 84035                      /home/w/.javacpp/cache/llvm-13.0.1-1.5.7-linux-x86_64.jar/org/bytedeco/llvm/linux-x86_64/libRemarks.so.13
7f4588007000-7f4588008000 r--p 00002000 08:20 84035                      /home/w/.javacpp/cache/llvm-13.0.1-1.5.7-linux-x86_64.jar/org/bytedeco/llvm/linux-x86_64/libRemarks.so.13
7f4588008000-7f4588009000 rw-p 00003000 08:20 84035                      /home/w/.javacpp/cache/llvm-13.0.1-1.5.7-linux-x86_64.jar/org/bytedeco/llvm/linux-x86_64/libRemarks.so.13
7f4588009000-7f458800b000 r--p 00000000 08:20 47884                      /usr/lib/jvm/java-11-openjdk-amd64/lib/libdt_socket.so
7f458800b000-7f458800e000 r-xp 00002000 08:20 47884                      /usr/lib/jvm/java-11-openjdk-amd64/lib/libdt_socket.so
7f458800e000-7f458800f000 r--p 00005000 08:20 47884                      /usr/lib/jvm/java-11-openjdk-amd64/lib/libdt_socket.so
7f458800f000-7f4588010000 ---p 00006000 08:20 47884                      /usr/lib/jvm/java-11-openjdk-amd64/lib/libdt_socket.so
7f4588010000-7f4588011000 r--p 00006000 08:20 47884                      /usr/lib/jvm/java-11-openjdk-amd64/lib/libdt_socket.so
7f4588011000-7f4588012000 rw-p 00007000 08:20 47884                      /usr/lib/jvm/java-11-openjdk-amd64/lib/libdt_socket.so
7f4588012000-7f4588719000 rw-p 00000000 00:00 0 
7f4588719000-7f458871a000 ---p 00000000 00:00 0 
7f458871a000-7f458881a000 rw-p 00000000 00:00 0 
7f458881a000-7f458881b000 ---p 00000000 00:00 0 
7f458881b000-7f4588a12000 rw-p 00000000 00:00 0 
7f4588a12000-7f4588d9f000 ---p 00000000 00:00 0 
7f4588d9f000-7f4588ddd000 rw-p 00000000 00:00 0 
7f4588ddd000-7f458916a000 ---p 00000000 00:00 0 
7f458916a000-7f45891a8000 rw-p 00000000 00:00 0 
7f45891a8000-7f4589535000 ---p 00000000 00:00 0 
7f4589535000-7f458a243000 rw-p 00000000 00:00 0 
7f458a243000-7f458a244000 ---p 00000000 00:00 0 
7f458a244000-7f458a349000 rw-p 00000000 00:00 0 
7f458a349000-7f458a42d000 ---p 00000000 00:00 0 
7f458a42d000-7f458a432000 rw-p 00000000 00:00 0 
7f458a432000-7f458a516000 ---p 00000000 00:00 0 
7f458a516000-7f458a51b000 rw-p 00000000 00:00 0 
7f458a51b000-7f458a525000 ---p 00000000 00:00 0 
7f458a525000-7f458a52b000 r--s 000f8000 08:20 55851                      /home/w/.cache/JetBrains/RemoteDev/dist/2b05049c6fa27_ideaIU-232.9921.28/plugins/java/lib/rt/debugger-agent.jar
7f458a52b000-7f458a52d000 r--p 00000000 08:20 47912                      /usr/lib/jvm/java-11-openjdk-amd64/lib/libzip.so
7f458a52d000-7f458a532000 r-xp 00002000 08:20 47912                      /usr/lib/jvm/java-11-openjdk-amd64/lib/libzip.so
7f458a532000-7f458a534000 r--p 00007000 08:20 47912                      /usr/lib/jvm/java-11-openjdk-amd64/lib/libzip.so
7f458a534000-7f458a535000 r--p 00008000 08:20 47912                      /usr/lib/jvm/java-11-openjdk-amd64/lib/libzip.so
7f458a535000-7f458a536000 rw-p 00009000 08:20 47912                      /usr/lib/jvm/java-11-openjdk-amd64/lib/libzip.so
7f458a536000-7f458a539000 r--p 00000000 08:20 41808                      /usr/lib/x86_64-linux-gnu/libnss_files-2.31.so
7f458a539000-7f458a540000 r-xp 00003000 08:20 41808                      /usr/lib/x86_64-linux-gnu/libnss_files-2.31.so
7f458a540000-7f458a542000 r--p 0000a000 08:20 41808                      /usr/lib/x86_64-linux-gnu/libnss_files-2.31.so
7f458a542000-7f458a543000 r--p 0000b000 08:20 41808                      /usr/lib/x86_64-linux-gnu/libnss_files-2.31.so
7f458a543000-7f458a544000 rw-p 0000c000 08:20 41808                      /usr/lib/x86_64-linux-gnu/libnss_files-2.31.so
7f458a544000-7f458a54a000 rw-p 00000000 00:00 0 
7f458a54c000-7f458a554000 rw-s 00000000 08:20 84283                      /tmp/hsperfdata_w/247309
7f458a554000-7f458a586000 r--p 00000000 08:20 22158                      /usr/lib/locale/C.UTF-8/LC_CTYPE
7f458a586000-7f458a587000 r--p 00000000 08:20 22164                      /usr/lib/locale/C.UTF-8/LC_NUMERIC
7f458a587000-7f458a588000 r--p 00000000 08:20 22167                      /usr/lib/locale/C.UTF-8/LC_TIME
7f458a588000-7f458a6fb000 r--p 00000000 08:20 22157                      /usr/lib/locale/C.UTF-8/LC_COLLATE
7f458a6fb000-7f458a6fc000 r--p 00000000 08:20 22162                      /usr/lib/locale/C.UTF-8/LC_MONETARY
7f458a6fc000-7f458a6fd000 r--p 00000000 08:20 22161                      /usr/lib/locale/C.UTF-8/LC_MESSAGES/SYS_LC_MESSAGES
7f458a6fd000-7f458a6fe000 r--p 00000000 08:20 22165                      /usr/lib/locale/C.UTF-8/LC_PAPER
7f458a6fe000-7f458a6ff000 r--p 00000000 08:20 22163                      /usr/lib/locale/C.UTF-8/LC_NAME
7f458a6ff000-7f458a700000 r--p 00000000 08:20 22156                      /usr/lib/locale/C.UTF-8/LC_ADDRESS
7f458a700000-7f458a701000 r--p 00000000 08:20 22166                      /usr/lib/locale/C.UTF-8/LC_TELEPHONE
7f458a701000-7f458a708000 r--s 00000000 08:20 42067                      /usr/lib/x86_64-linux-gnu/gconv/gconv-modules.cache
7f458a708000-7f458a9ee000 r--p 00000000 08:20 2680                       /usr/lib/locale/locale-archive
7f458a9ee000-7f458a9f0000 r--p 00000000 08:20 47887                      /usr/lib/jvm/java-11-openjdk-amd64/lib/libinstrument.so
7f458a9f0000-7f458a9f7000 r-xp 00002000 08:20 47887                      /usr/lib/jvm/java-11-openjdk-amd64/lib/libinstrument.so
7f458a9f7000-7f458a9fa000 r--p 00009000 08:20 47887                      /usr/lib/jvm/java-11-openjdk-amd64/lib/libinstrument.so
7f458a9fa000-7f458a9fb000 r--p 0000b000 08:20 47887                      /usr/lib/jvm/java-11-openjdk-amd64/lib/libinstrument.so
7f458a9fb000-7f458a9fc000 rw-p 0000c000 08:20 47887                      /usr/lib/jvm/java-11-openjdk-amd64/lib/libinstrument.so
7f458a9fc000-7f458a9fe000 r--p 00000000 08:20 47894                      /usr/lib/jvm/java-11-openjdk-amd64/lib/libjdwp.so
7f458a9fe000-7f458aa2b000 r-xp 00002000 08:20 47894                      /usr/lib/jvm/java-11-openjdk-amd64/lib/libjdwp.so
7f458aa2b000-7f458aa39000 r--p 0002f000 08:20 47894                      /usr/lib/jvm/java-11-openjdk-amd64/lib/libjdwp.so
7f458aa39000-7f458aa3a000 r--p 0003c000 08:20 47894                      /usr/lib/jvm/java-11-openjdk-amd64/lib/libjdwp.so
7f458aa3a000-7f458aa3b000 rw-p 0003d000 08:20 47894                      /usr/lib/jvm/java-11-openjdk-amd64/lib/libjdwp.so
7f458aa3b000-7f458aa3c000 ---p 00000000 00:00 0 
7f458aa3c000-7f458aa3d000 r--p 00000000 00:00 0 
7f458aa3d000-7f458aa4b000 r--p 00000000 08:20 47892                      /usr/lib/jvm/java-11-openjdk-amd64/lib/libjava.so
7f458aa4b000-7f458aa61000 r-xp 0000e000 08:20 47892                      /usr/lib/jvm/java-11-openjdk-amd64/lib/libjava.so
7f458aa61000-7f458aa68000 r--p 00024000 08:20 47892                      /usr/lib/jvm/java-11-openjdk-amd64/lib/libjava.so
7f458aa68000-7f458aa69000 r--p 0002a000 08:20 47892                      /usr/lib/jvm/java-11-openjdk-amd64/lib/libjava.so
7f458aa69000-7f458aa6a000 rw-p 0002b000 08:20 47892                      /usr/lib/jvm/java-11-openjdk-amd64/lib/libjava.so
7f458aa6a000-7f458aa6b000 rw-p 00000000 00:00 0 
7f458aa6b000-7f458aa70000 r--p 00000000 08:20 47911                      /usr/lib/jvm/java-11-openjdk-amd64/lib/libverify.so
7f458aa70000-7f458aa77000 r-xp 00005000 08:20 47911                      /usr/lib/jvm/java-11-openjdk-amd64/lib/libverify.so
7f458aa77000-7f458aa79000 r--p 0000c000 08:20 47911                      /usr/lib/jvm/java-11-openjdk-amd64/lib/libverify.so
7f458aa79000-7f458aa7a000 ---p 0000e000 08:20 47911                      /usr/lib/jvm/java-11-openjdk-amd64/lib/libverify.so
7f458aa7a000-7f458aa7c000 r--p 0000e000 08:20 47911                      /usr/lib/jvm/java-11-openjdk-amd64/lib/libverify.so
7f458aa7c000-7f458aa7d000 rw-p 00010000 08:20 47911                      /usr/lib/jvm/java-11-openjdk-amd64/lib/libverify.so
7f458aa7d000-7f458aa7f000 r--p 00000000 08:20 41815                      /usr/lib/x86_64-linux-gnu/librt-2.31.so
7f458aa7f000-7f458aa83000 r-xp 00002000 08:20 41815                      /usr/lib/x86_64-linux-gnu/librt-2.31.so
7f458aa83000-7f458aa85000 r--p 00006000 08:20 41815                      /usr/lib/x86_64-linux-gnu/librt-2.31.so
7f458aa85000-7f458aa86000 r--p 00007000 08:20 41815                      /usr/lib/x86_64-linux-gnu/librt-2.31.so
7f458aa86000-7f458aa87000 rw-p 00008000 08:20 41815                      /usr/lib/x86_64-linux-gnu/librt-2.31.so
7f458aa87000-7f458aa8b000 ---p 00000000 00:00 0 
7f458aa8b000-7f458ab88000 rw-p 00000000 00:00 0 
7f458ab88000-7f458ab8b000 r--p 00000000 08:20 41776                      /usr/lib/x86_64-linux-gnu/libgcc_s.so.1
7f458ab8b000-7f458ab9d000 r-xp 00003000 08:20 41776                      /usr/lib/x86_64-linux-gnu/libgcc_s.so.1
7f458ab9d000-7f458aba1000 r--p 00015000 08:20 41776                      /usr/lib/x86_64-linux-gnu/libgcc_s.so.1
7f458aba1000-7f458aba2000 r--p 00018000 08:20 41776                      /usr/lib/x86_64-linux-gnu/libgcc_s.so.1
7f458aba2000-7f458aba3000 rw-p 00019000 08:20 41776                      /usr/lib/x86_64-linux-gnu/libgcc_s.so.1
7f458aba3000-7f458abb0000 r--p 00000000 08:20 41802                      /usr/lib/x86_64-linux-gnu/libm-2.31.so
7f458abb0000-7f458ac57000 r-xp 0000d000 08:20 41802                      /usr/lib/x86_64-linux-gnu/libm-2.31.so
7f458ac57000-7f458acf0000 r--p 000b4000 08:20 41802                      /usr/lib/x86_64-linux-gnu/libm-2.31.so
7f458acf0000-7f458acf1000 r--p 0014c000 08:20 41802                      /usr/lib/x86_64-linux-gnu/libm-2.31.so
7f458acf1000-7f458acf2000 rw-p 0014d000 08:20 41802                      /usr/lib/x86_64-linux-gnu/libm-2.31.so
7f458acf2000-7f458ad88000 r--p 00000000 08:20 40202                      /usr/lib/x86_64-linux-gnu/libstdc++.so.6.0.28
7f458ad88000-7f458ae79000 r-xp 00096000 08:20 40202                      /usr/lib/x86_64-linux-gnu/libstdc++.so.6.0.28
7f458ae79000-7f458aec2000 r--p 00187000 08:20 40202                      /usr/lib/x86_64-linux-gnu/libstdc++.so.6.0.28
7f458aec2000-7f458aec3000 ---p 001d0000 08:20 40202                      /usr/lib/x86_64-linux-gnu/libstdc++.so.6.0.28
7f458aec3000-7f458aece000 r--p 001d0000 08:20 40202                      /usr/lib/x86_64-linux-gnu/libstdc++.so.6.0.28
7f458aece000-7f458aed1000 rw-p 001db000 08:20 40202                      /usr/lib/x86_64-linux-gnu/libstdc++.so.6.0.28
7f458aed1000-7f458aed4000 rw-p 00000000 00:00 0 
7f458aed4000-7f458b156000 r--p 00000000 08:20 47918                      /usr/lib/jvm/java-11-openjdk-amd64/lib/server/libjvm.so
7f458b156000-7f458bde3000 r-xp 00282000 08:20 47918                      /usr/lib/jvm/java-11-openjdk-amd64/lib/server/libjvm.so
7f458bde3000-7f458c044000 r--p 00f0f000 08:20 47918                      /usr/lib/jvm/java-11-openjdk-amd64/lib/server/libjvm.so
7f458c044000-7f458c045000 ---p 01170000 08:20 47918                      /usr/lib/jvm/java-11-openjdk-amd64/lib/server/libjvm.so
7f458c045000-7f458c109000 r--p 01170000 08:20 47918                      /usr/lib/jvm/java-11-openjdk-amd64/lib/server/libjvm.so
7f458c109000-7f458c144000 rw-p 01234000 08:20 47918                      /usr/lib/jvm/java-11-openjdk-amd64/lib/server/libjvm.so
7f458c144000-7f458c19d000 rw-p 00000000 00:00 0 
7f458c19d000-7f458c1bf000 r--p 00000000 08:20 41800                      /usr/lib/x86_64-linux-gnu/libc-2.31.so
7f458c1bf000-7f458c337000 r-xp 00022000 08:20 41800                      /usr/lib/x86_64-linux-gnu/libc-2.31.so
7f458c337000-7f458c385000 r--p 0019a000 08:20 41800                      /usr/lib/x86_64-linux-gnu/libc-2.31.so
7f458c385000-7f458c389000 r--p 001e7000 08:20 41800                      /usr/lib/x86_64-linux-gnu/libc-2.31.so
7f458c389000-7f458c38b000 rw-p 001eb000 08:20 41800                      /usr/lib/x86_64-linux-gnu/libc-2.31.so
7f458c38b000-7f458c38f000 rw-p 00000000 00:00 0 
7f458c38f000-7f458c390000 r--p 00000000 08:20 41801                      /usr/lib/x86_64-linux-gnu/libdl-2.31.so
7f458c390000-7f458c392000 r-xp 00001000 08:20 41801                      /usr/lib/x86_64-linux-gnu/libdl-2.31.so
7f458c392000-7f458c393000 r--p 00003000 08:20 41801                      /usr/lib/x86_64-linux-gnu/libdl-2.31.so
7f458c393000-7f458c394000 r--p 00003000 08:20 41801                      /usr/lib/x86_64-linux-gnu/libdl-2.31.so
7f458c394000-7f458c395000 rw-p 00004000 08:20 41801                      /usr/lib/x86_64-linux-gnu/libdl-2.31.so
7f458c395000-7f458c398000 r--p 00000000 08:20 47877                      /usr/lib/jvm/java-11-openjdk-amd64/lib/jli/libjli.so
7f458c398000-7f458c3a2000 r-xp 00003000 08:20 47877                      /usr/lib/jvm/java-11-openjdk-amd64/lib/jli/libjli.so
7f458c3a2000-7f458c3a5000 r--p 0000d000 08:20 47877                      /usr/lib/jvm/java-11-openjdk-amd64/lib/jli/libjli.so
7f458c3a5000-7f458c3a6000 ---p 00010000 08:20 47877                      /usr/lib/jvm/java-11-openjdk-amd64/lib/jli/libjli.so
7f458c3a6000-7f458c3a7000 r--p 00010000 08:20 47877                      /usr/lib/jvm/java-11-openjdk-amd64/lib/jli/libjli.so
7f458c3a7000-7f458c3a8000 rw-p 00011000 08:20 47877                      /usr/lib/jvm/java-11-openjdk-amd64/lib/jli/libjli.so
7f458c3a8000-7f458c3ae000 r--p 00000000 08:20 41813                      /usr/lib/x86_64-linux-gnu/libpthread-2.31.so
7f458c3ae000-7f458c3bf000 r-xp 00006000 08:20 41813                      /usr/lib/x86_64-linux-gnu/libpthread-2.31.so
7f458c3bf000-7f458c3c5000 r--p 00017000 08:20 41813                      /usr/lib/x86_64-linux-gnu/libpthread-2.31.so
7f458c3c5000-7f458c3c6000 r--p 0001c000 08:20 41813                      /usr/lib/x86_64-linux-gnu/libpthread-2.31.so
7f458c3c6000-7f458c3c7000 rw-p 0001d000 08:20 41813                      /usr/lib/x86_64-linux-gnu/libpthread-2.31.so
7f458c3c7000-7f458c3cb000 rw-p 00000000 00:00 0 
7f458c3cb000-7f458c3cd000 r--p 00000000 08:20 13174                      /usr/lib/x86_64-linux-gnu/libz.so.1.2.11
7f458c3cd000-7f458c3de000 r-xp 00002000 08:20 13174                      /usr/lib/x86_64-linux-gnu/libz.so.1.2.11
7f458c3de000-7f458c3e4000 r--p 00013000 08:20 13174                      /usr/lib/x86_64-linux-gnu/libz.so.1.2.11
7f458c3e4000-7f458c3e5000 ---p 00019000 08:20 13174                      /usr/lib/x86_64-linux-gnu/libz.so.1.2.11
7f458c3e5000-7f458c3e6000 r--p 00019000 08:20 13174                      /usr/lib/x86_64-linux-gnu/libz.so.1.2.11
7f458c3e6000-7f458c3e7000 rw-p 0001a000 08:20 13174                      /usr/lib/x86_64-linux-gnu/libz.so.1.2.11
7f458c3e7000-7f458c3e8000 r--p 00000000 08:20 22160                      /usr/lib/locale/C.UTF-8/LC_MEASUREMENT
7f458c3e8000-7f458c3ea000 r--p 00000000 08:20 47895                      /usr/lib/jvm/java-11-openjdk-amd64/lib/libjimage.so
7f458c3ea000-7f458c3ed000 r-xp 00002000 08:20 47895                      /usr/lib/jvm/java-11-openjdk-amd64/lib/libjimage.so
7f458c3ed000-7f458c3ee000 r--p 00005000 08:20 47895                      /usr/lib/jvm/java-11-openjdk-amd64/lib/libjimage.so
7f458c3ee000-7f458c3ef000 ---p 00006000 08:20 47895                      /usr/lib/jvm/java-11-openjdk-amd64/lib/libjimage.so
7f458c3ef000-7f458c3f0000 r--p 00006000 08:20 47895                      /usr/lib/jvm/java-11-openjdk-amd64/lib/libjimage.so
7f458c3f0000-7f458c3f1000 rw-p 00007000 08:20 47895                      /usr/lib/jvm/java-11-openjdk-amd64/lib/libjimage.so
7f458c3f1000-7f458c3f3000 rw-p 00000000 00:00 0 
7f458c3f3000-7f458c3f4000 r--p 00000000 08:20 40200                      /usr/lib/x86_64-linux-gnu/ld-2.31.so
7f458c3f4000-7f458c417000 r-xp 00001000 08:20 40200                      /usr/lib/x86_64-linux-gnu/ld-2.31.so
7f458c417000-7f458c41f000 r--p 00024000 08:20 40200                      /usr/lib/x86_64-linux-gnu/ld-2.31.so
7f458c41f000-7f458c420000 r--p 00000000 08:20 22159                      /usr/lib/locale/C.UTF-8/LC_IDENTIFICATION
7f458c420000-7f458c421000 r--p 0002c000 08:20 40200                      /usr/lib/x86_64-linux-gnu/ld-2.31.so
7f458c421000-7f458c422000 rw-p 0002d000 08:20 40200                      /usr/lib/x86_64-linux-gnu/ld-2.31.so
7f458c422000-7f458c423000 rw-p 00000000 00:00 0 
7ffcfe6a1000-7ffcfe6c2000 rw-p 00000000 00:00 0                          [stack]
7ffcfe761000-7ffcfe765000 r--p 00000000 00:00 0                          [vvar]
7ffcfe765000-7ffcfe767000 r-xp 00000000 00:00 0                          [vdso]


VM Arguments:
jvm_args: -agentlib:jdwp=transport=dt_socket,address=127.0.0.1:60867,suspend=y,server=n -javaagent:/home/w/.cache/JetBrains/RemoteDev/dist/2b05049c6fa27_ideaIU-232.9921.28/plugins/java/lib/rt/debugger-agent.jar -Dfile.encoding=UTF-8 
java_command: Main
java_class_path (initial): /home/w/.cache/JetBrains/RemoteDev/dist/2b05049c6fa27_ideaIU-232.9921.28/plugins/remote-dev-server/selfcontained/fontconfig/out/production/Lab:/usr/local/lib/antlr-4.9.1-complete.jar:/usr/local/lib/javacpp-1.5.7-linux-x86_64.jar:/usr/local/lib/javacpp-1.5.7.jar:/usr/local/lib/llvm-13.0.1-1.5.7-linux-x86_64.jar:/usr/local/lib/llvm-13.0.1-1.5.7.jar:/usr/local/lib/llvm-platform-13.0.1-1.5.7.jar:/home/w/.cache/JetBrains/RemoteDev/dist/2b05049c6fa27_ideaIU-232.9921.28/lib/idea_rt.jar
Launcher Type: SUN_STANDARD

[Global flags]
     intx CICompilerCount                          = 12                                        {product} {ergonomic}
     uint ConcGCThreads                            = 3                                         {product} {ergonomic}
     uint G1ConcRefinementThreads                  = 13                                        {product} {ergonomic}
   size_t G1HeapRegionSize                         = 1048576                                   {product} {ergonomic}
    uintx GCDrainStackTargetSize                   = 64                                        {product} {ergonomic}
   size_t InitialHeapSize                          = 127926272                                 {product} {ergonomic}
   size_t MarkStackSize                            = 4194304                                   {product} {ergonomic}
   size_t MaxHeapSize                              = 2036334592                                {product} {ergonomic}
   size_t MaxNewSize                               = 1221591040                                {product} {ergonomic}
   size_t MinHeapDeltaBytes                        = 1048576                                   {product} {ergonomic}
    uintx NonNMethodCodeHeapSize                   = 7594288                                {pd product} {ergonomic}
    uintx NonProfiledCodeHeapSize                  = 122031976                              {pd product} {ergonomic}
    uintx ProfiledCodeHeapSize                     = 122031976                              {pd product} {ergonomic}
    uintx ReservedCodeCacheSize                    = 251658240                              {pd product} {ergonomic}
     bool SegmentedCodeCache                       = true                                      {product} {ergonomic}
     bool UseCompressedClassPointers               = true                                 {lp64_product} {ergonomic}
     bool UseCompressedOops                        = true                                 {lp64_product} {ergonomic}
     bool UseG1GC                                  = true                                      {product} {ergonomic}

Logging:
Log output configuration:
 #0: stdout all=warning uptime,level,tags
 #1: stderr all=off uptime,level,tags

Environment Variables:
PATH=/usr/local/sbin:/usr/local/bin:/usr/sbin:/usr/bin:/sbin:/bin:/usr/games:/usr/local/games:/usr/lib/wsl/lib:/mnt/c/Python312/Scripts/:/mnt/c/Python312/:/mnt/c/Program Files (x86)/Common Files/Oracle/Java/javapath:/mnt/c/Windows/system32:/mnt/c/Windows:/mnt/c/Windows/System32/Wbem:/mnt/c/Windows/System32/WindowsPowerShell/v1.0/:/mnt/c/Windows/System32/OpenSSH/:/mnt/d/mingw64/bin:/mnt/d/codes/vx/web/dll:/mnt/d/cod:/mnt/c/ProgramData/chocolatey/bin:/mnt/c/Users/anti/AppData/Local/Google/Chrome/Application:/mnt/e/web/dll:/mnt/d/cod:/mnt/d/Git/cmd:/mnt/c/Users/anti/AppData/Local/Programs/Python/Python310/Scripts/:/mnt/c/Users/anti/AppData/Local/Programs/Python/Python310/:/mnt/c/Users/anti/AppData/Local/Microsoft/WindowsApps:/mnt/d/CLion 2022.2.3/bin:/mnt/d/Microsoft VS Code/bin:/mnt/d/mingw64/bin:/mnt/f/QQGameTempest/Hall.57915/:/mnt/c/Users/anti/AppData/Local/JetBrains/Toolbox/scripts:/mnt/c/Users/anti/AppData/Local/Microsoft/WindowsApps:/mnt/c/Users/anti/AppData/Local/Pandoc/:/mnt/c/Users/anti/AppData/Roaming/npm:/mnt/d/code/appium:/mnt/d/code/android-sdk-windows/platform-tools:/mnt/d/code/android-sdk-windows/tools:/mnt/c/Program Files/Java/jdk1.8.0_301/bin:/mnt/c/Program Files/Java/jdk1.8.0_301/bin:/mnt/d/code/android-sdk-windows/build-tools/29.0.3:/mnt/d/code/appium/node/:/mnt/f/pyCharm/PyCharm 2024.1/bin:/mnt/e/WebStorm 2023.3.4/bin:/snap/bin
SHELL=/bin/bash
DISPLAY=:0
HOSTTYPE=x86_64
LANG=C.UTF-8
TERM=xterm-256color

Signal Handlers:
SIGSEGV: [libjvm.so+0xe9cbc0], sa_mask[0]=11111111011111111101111111111110, sa_flags=SA_RESTART|SA_SIGINFO
SIGBUS: [libjvm.so+0xe9cbc0], sa_mask[0]=11111111011111111101111111111110, sa_flags=SA_RESTART|SA_SIGINFO
SIGFPE: [libjvm.so+0xe9cbc0], sa_mask[0]=11111111011111111101111111111110, sa_flags=SA_RESTART|SA_SIGINFO
SIGPIPE: [libjvm.so+0xbe3c50], sa_mask[0]=11111111011111111101111111111110, sa_flags=SA_RESTART|SA_SIGINFO
SIGXFSZ: [libjvm.so+0xbe3c50], sa_mask[0]=11111111011111111101111111111110, sa_flags=SA_RESTART|SA_SIGINFO
SIGILL: [libjvm.so+0xe9cbc0], sa_mask[0]=11111111011111111101111111111110, sa_flags=SA_RESTART|SA_SIGINFO
SIGUSR2: [libjvm.so+0xbe3af0], sa_mask[0]=00100000000000000000000000000000, sa_flags=SA_RESTART|SA_SIGINFO
SIGHUP: [libjvm.so+0xbe42b0], sa_mask[0]=11111111011111111101111111111110, sa_flags=SA_RESTART|SA_SIGINFO
SIGINT: [libjvm.so+0xbe42b0], sa_mask[0]=11111111011111111101111111111110, sa_flags=SA_RESTART|SA_SIGINFO
SIGTERM: [libjvm.so+0xbe42b0], sa_mask[0]=11111111011111111101111111111110, sa_flags=SA_RESTART|SA_SIGINFO
SIGQUIT: [libjvm.so+0xbe42b0], sa_mask[0]=11111111011111111101111111111110, sa_flags=SA_RESTART|SA_SIGINFO


---------------  S Y S T E M  ---------------

OS:DISTRIB_ID=Ubuntu
DISTRIB_RELEASE=20.04
DISTRIB_CODENAME=focal
DISTRIB_DESCRIPTION="Ubuntu 20.04.6 LTS"
uname:Linux 5.15.153.1-microsoft-standard-WSL2 #1 SMP Fri Mar 29 23:14:13 UTC 2024 x86_64
OS uptime: 0 days 16:17 hours
libc:glibc 2.31 NPTL 2.31 
rlimit (soft/hard): STACK 8192k/infinity , CORE 0k/infinity , NPROC 31039/31039 , NOFILE 1048576/1048576 , AS infinity/infinity , CPU infinity/infinity , DATA infinity/infinity , FSIZE infinity/infinity , MEMLOCK 65536k/65536k
load average:3.22 1.37 1.16

/proc/meminfo:
MemTotal:        7952732 kB
MemFree:          787064 kB
MemAvailable:    3718308 kB
Buffers:           66460 kB
Cached:          3004760 kB
SwapCached:          688 kB
Active:          1213864 kB
Inactive:        5221620 kB
Active(anon):       5540 kB
Inactive(anon):  3362624 kB
Active(file):    1208324 kB
Inactive(file):  1858996 kB
Unevictable:           0 kB
Mlocked:               0 kB
SwapTotal:       2097152 kB
SwapFree:        2070544 kB
Dirty:             11792 kB
Writeback:             0 kB
AnonPages:       3357860 kB
Mapped:           970284 kB
Shmem:              3892 kB
KReclaimable:     159004 kB
Slab:             277932 kB
SReclaimable:     159004 kB
SUnreclaim:       118928 kB
KernelStack:        8272 kB
PageTables:        15744 kB
NFS_Unstable:          0 kB
Bounce:                0 kB
WritebackTmp:          0 kB
CommitLimit:     6073516 kB
Committed_AS:    3865724 kB
VmallocTotal:   34359738367 kB
VmallocUsed:      104804 kB
VmallocChunk:          0 kB
Percpu:            10368 kB
AnonHugePages:   2744320 kB
ShmemHugePages:        0 kB
ShmemPmdMapped:        0 kB
FileHugePages:         0 kB
FilePmdMapped:         0 kB
HugePages_Total:       0
HugePages_Free:        0
HugePages_Rsvd:        0
HugePages_Surp:        0
Hugepagesize:       2048 kB
Hugetlb:               0 kB
DirectMap4k:      166912 kB
DirectMap2M:     6987776 kB
DirectMap1G:     9437184 kB

/sys/kernel/mm/transparent_hugepage/enabled:
[always] madvise never
/sys/kernel/mm/transparent_hugepage/defrag (defrag/compaction efforts parameter):
always defer defer+madvise [madvise] never

Process Memory:
Virtual Size: 5251092K (peak: 13436800K)
Resident Set Size: 127108K (peak: 127172K) (anon: 68880K, file: 58228K, shmem: 0K)
Swapped out: 0K
C-Heap outstanding allocations: 32576K, retained: 8459K
glibc malloc tunables: (default)

/proc/sys/kernel/threads-max (system-wide limit on the number of threads):
62078
/proc/sys/vm/max_map_count (maximum number of memory map areas a process may have):
65530
/proc/sys/kernel/pid_max (system-wide limit on number of process identifiers):
4194304

container (cgroup) information:
container_type: cgroupv1
cpu_cpuset_cpus: 0-15
cpu_memory_nodes: 0
active_processor_count: 16
cpu_quota: no quota
cpu_period: 100000
cpu_shares: no shares
memory_limit_in_bytes: unlimited
memory_and_swap_limit_in_bytes: unlimited
memory_soft_limit_in_bytes: unlimited
memory_usage_in_bytes: 6429112 k
memory_max_usage_in_bytes: 839520 k
kernel_memory_usage_in_bytes: 57700 k
kernel_memory_max_usage_in_bytes: unlimited
kernel_memory_limit_in_bytes: 65672 k
maximum number of tasks: not supported
current number of tasks: not supported

Hyper-V virtualization detected
Steal ticks since vm start: 0
Steal ticks percentage since vm start:  0.000

CPU:total 16 (initial active 16) (8 cores per cpu, 2 threads per core) family 6 model 154 stepping 3 microcode 0xffffffff, cmov, cx8, fxsr, mmx, sse, sse2, sse3, ssse3, sse4.1, sse4.2, popcnt, avx, avx2, aes, clmul, erms, 3dnowpref, lzcnt, ht, tsc, tscinvbit, bmi1, bmi2, adx, sha, fma
CPU Model and flags from /proc/cpuinfo:
model name	: 12th Gen Intel(R) Core(TM) i5-1240P
flags		: fpu vme de pse tsc msr pae mce cx8 apic sep mtrr pge mca cmov pat pse36 clflush mmx fxsr sse sse2 ss ht syscall nx pdpe1gb rdtscp lm constant_tsc rep_good nopl xtopology tsc_reliable nonstop_tsc cpuid pni pclmulqdq ssse3 fma cx16 sse4_1 sse4_2 x2apic movbe popcnt tsc_deadline_timer aes xsave avx f16c rdrand hypervisor lahf_lm abm 3dnowprefetch ssbd ibrs ibpb stibp ibrs_enhanced fsgsbase tsc_adjust bmi1 avx2 smep bmi2 erms invpcid rdseed adx smap clflushopt clwb sha_ni xsaveopt xsavec xgetbv1 xsaves avx_vnni umip waitpkg gfni vaes vpclmulqdq rdpid movdiri movdir64b fsrm md_clear serialize flush_l1d arch_capabilities
Online cpus:
0-15
Offline cpus:

BIOS frequency limitation:
<Not Available>
Frequency switch latency (ns):
<Not Available>
Available cpu frequencies:
<Not Available>
Current governor:
<Not Available>
Core performance/turbo boost:
<Not Available>

Memory: 4k page, physical 7952732k(787064k free), swap 2097152k(2070544k free)

vm_info: OpenJDK 64-Bit Server VM (11.0.22+7-post-Ubuntu-0ubuntu220.04.1) for linux-amd64 JRE (11.0.22+7-post-Ubuntu-0ubuntu220.04.1), built on Feb  5 2024 20:49:28 by "unknown" with gcc 10.5.0

END.
