#
# A fatal error has been detected by the Java Runtime Environment:
#
#  SIGSEGV (0xb) at pc=0x00007ff862158882, pid=228617, tid=228622
#
# JRE version: OpenJDK Runtime Environment (11.0.22+7) (build 11.0.22+7-post-Ubuntu-0ubuntu220.04.1)
# Java VM: OpenJDK 64-Bit Server VM (11.0.22+7-post-Ubuntu-0ubuntu220.04.1, mixed mode, sharing, tiered, compressed oops, g1 gc, linux-amd64)
# Problematic frame:
# C  [libLLVM-13.so+0xc2c882]  LLVMBuildLoad+0x12
#
# No core dump will be written. Core dumps have been disabled. To enable core dumping, try "ulimit -c unlimited" before starting Java again
#
# If you would like to submit a bug report, please visit:
#   https://bugs.launchpad.net/ubuntu/+source/openjdk-lts
# The crash happened outside the Java Virtual Machine in native code.
# See problematic frame for where to report the bug.
#

---------------  S U M M A R Y ------------

Command Line: -javaagent:/home/w/.cache/JetBrains/RemoteDev/dist/1e68f1562c1c7_ideaIU-2023.1.6/lib/idea_rt.jar=60731:/home/w/.cache/JetBrains/RemoteDev/dist/1e68f1562c1c7_ideaIU-2023.1.6/bin -Dfile.encoding=UTF-8 Main

Host: 12th Gen Intel(R) Core(TM) i5-1240P, 16 cores, 7G, Ubuntu 20.04.6 LTS
Time: Mon May 13 15:26:24 2024 HKT elapsed time: 0.575239 seconds (0d 0h 0m 0s)

---------------  T H R E A D  ---------------

Current thread (0x00007ff8dc017800):  JavaThread "main" [_thread_in_native, id=228622, stack(0x00007ff8e1f31000,0x00007ff8e2032000)]

Stack: [0x00007ff8e1f31000,0x00007ff8e2032000],  sp=0x00007ff8e202fcf0,  free space=1019k
Native frames: (J=compiled Java code, A=aot compiled Java code, j=interpreted, Vv=VM code, C=native code)
C  [libLLVM-13.so+0xc2c882]  LLVMBuildLoad+0x12

Java frames: (J=compiled Java code, j=interpreted, Vv=VM code)
j  org.bytedeco.llvm.global.LLVM.LLVMBuildLoad(Lorg/bytedeco/llvm/LLVM/LLVMBuilderRef;Lorg/bytedeco/llvm/LLVM/LLVMValueRef;Ljava/lang/String;)Lorg/bytedeco/llvm/LLVM/LLVMValueRef;+0
j  MyVisitor.visitLValExp(LSysYParser$LValExpContext;)Lorg/bytedeco/llvm/LLVM/LLVMValueRef;+24
j  MyVisitor.visitLValExp(LSysYParser$LValExpContext;)Ljava/lang/Object;+2
j  SysYParser$LValExpContext.accept(Lorg/antlr/v4/runtime/tree/ParseTreeVisitor;)Ljava/lang/Object;+12
j  org.antlr.v4.runtime.tree.AbstractParseTreeVisitor.visit(Lorg/antlr/v4/runtime/tree/ParseTree;)Ljava/lang/Object;+2
j  MyVisitor.visitStmt(LSysYParser$StmtContext;)Lorg/bytedeco/llvm/LLVM/LLVMValueRef;+13
j  MyVisitor.visitStmt(LSysYParser$StmtContext;)Ljava/lang/Object;+2
j  SysYParser$StmtContext.accept(Lorg/antlr/v4/runtime/tree/ParseTreeVisitor;)Ljava/lang/Object;+12
j  org.antlr.v4.runtime.tree.AbstractParseTreeVisitor.visitChildren(Lorg/antlr/v4/runtime/tree/RuleNode;)Ljava/lang/Object;+46
j  SysYParserBaseVisitor.visitBlockItem(LSysYParser$BlockItemContext;)Ljava/lang/Object;+2
j  SysYParser$BlockItemContext.accept(Lorg/antlr/v4/runtime/tree/ParseTreeVisitor;)Ljava/lang/Object;+12
j  org.antlr.v4.runtime.tree.AbstractParseTreeVisitor.visitChildren(Lorg/antlr/v4/runtime/tree/RuleNode;)Ljava/lang/Object;+46
j  SysYParserBaseVisitor.visitBlock(LSysYParser$BlockContext;)Ljava/lang/Object;+2
j  SysYParser$BlockContext.accept(Lorg/antlr/v4/runtime/tree/ParseTreeVisitor;)Ljava/lang/Object;+12
j  org.antlr.v4.runtime.tree.AbstractParseTreeVisitor.visitChildren(Lorg/antlr/v4/runtime/tree/RuleNode;)Ljava/lang/Object;+46
j  SysYParserBaseVisitor.visitFuncDef(LSysYParser$FuncDefContext;)Ljava/lang/Object;+2
j  MyVisitor.visitFuncDef(LSysYParser$FuncDefContext;)Lorg/bytedeco/llvm/LLVM/LLVMValueRef;+68
j  MyVisitor.visitFuncDef(LSysYParser$FuncDefContext;)Ljava/lang/Object;+2
j  SysYParser$FuncDefContext.accept(Lorg/antlr/v4/runtime/tree/ParseTreeVisitor;)Ljava/lang/Object;+12
j  org.antlr.v4.runtime.tree.AbstractParseTreeVisitor.visitChildren(Lorg/antlr/v4/runtime/tree/RuleNode;)Ljava/lang/Object;+46
j  SysYParserBaseVisitor.visitCompUnit(LSysYParser$CompUnitContext;)Ljava/lang/Object;+2
j  SysYParser$CompUnitContext.accept(Lorg/antlr/v4/runtime/tree/ParseTreeVisitor;)Ljava/lang/Object;+12
j  org.antlr.v4.runtime.tree.AbstractParseTreeVisitor.visitChildren(Lorg/antlr/v4/runtime/tree/RuleNode;)Ljava/lang/Object;+46
j  SysYParserBaseVisitor.visitProgram(LSysYParser$ProgramContext;)Ljava/lang/Object;+2
j  SysYParser$ProgramContext.accept(Lorg/antlr/v4/runtime/tree/ParseTreeVisitor;)Ljava/lang/Object;+12
j  org.antlr.v4.runtime.tree.AbstractParseTreeVisitor.visit(Lorg/antlr/v4/runtime/tree/ParseTree;)Ljava/lang/Object;+2
j  Main.main([Ljava/lang/String;)V+62
v  ~StubRoutines::call_stub

siginfo: si_signo: 11 (SIGSEGV), si_code: 1 (SEGV_MAPERR), si_addr: 0x0000000000000000

Register to memory mapping:

RAX=0x00007ff8dc459480 points into unknown readable memory: 0x0000007261765f67 | 67 5f 76 61 72 00 00 00
RBX=0x0 is NULL
RCX=0x000000007261765f is an unknown value
RDX=0x00007ff8dc459480 points into unknown readable memory: 0x0000007261765f67 | 67 5f 76 61 72 00 00 00
RSP=0x00007ff8e202fcf0 is pointing into the stack for thread: 0x00007ff8dc017800
RBP=0x00007ff8dc42e9e0 points into unknown readable memory: 0x00007ff8dc42e9f0 | f0 e9 42 dc f8 7f 00 00
RSI=0x0 is NULL
RDI=0x00007ff8dc42e9e0 points into unknown readable memory: 0x00007ff8dc42e9f0 | f0 e9 42 dc f8 7f 00 00
R8 =0x000000008d7a5520 points into unknown readable memory: 0x0000007261765f67 | 67 5f 76 61 72 00 00 00
R9 =0x00007ff8dc017800 is a thread
R10=0x0 is NULL
R11=0x00000000000003d8 is an unknown value
R12=0x0 is NULL
R13=0x0 is NULL
R14=0x00007ff8dc459480 points into unknown readable memory: 0x0000007261765f67 | 67 5f 76 61 72 00 00 00
R15=0x00007ff8dc017800 is a thread


Registers:
RAX=0x00007ff8dc459480, RBX=0x0000000000000000, RCX=0x000000007261765f, RDX=0x00007ff8dc459480
RSP=0x00007ff8e202fcf0, RBP=0x00007ff8dc42e9e0, RSI=0x0000000000000000, RDI=0x00007ff8dc42e9e0
R8 =0x000000008d7a5520, R9 =0x00007ff8dc017800, R10=0x0000000000000000, R11=0x00000000000003d8
R12=0x0000000000000000, R13=0x0000000000000000, R14=0x00007ff8dc459480, R15=0x00007ff8dc017800
RIP=0x00007ff862158882, EFLAGS=0x0000000000010206, CSGSFS=0x002b000000000033, ERR=0x0000000000000004
  TRAPNO=0x000000000000000e

Top of Stack: (sp=0x00007ff8e202fcf0)
0x00007ff8e202fcf0:   00007ff8dc017800 0000000000000000
0x00007ff8e202fd00:   00007ff8dc017800 00007ff8e36e1299
0x00007ff8e202fd10:   0000000000000006 0000000000000005
0x00007ff8e202fd20:   00007ff8dc459480 00007ff8dc19b6e0 

Instructions: (pc=0x00007ff862158882)
0x00007ff862158782:   89 c4 4c 8d 4c 24 40 e8 92 57 09 00 48 8b 7d 50
0x00007ff862158792:   48 8b 4d 30 4c 89 e6 48 8d 54 24 10 4c 8b 45 38
0x00007ff8621587a2:   48 8b 07 ff 50 10 48 8b 5d 00 8b 6d 08 5a 59 48
0x00007ff8621587b2:   c1 e5 04 48 01 dd 48 39 eb 74 1a 0f 1f 00 48 8b
0x00007ff8621587c2:   53 08 8b 33 4c 89 e7 48 83 c3 10 e8 6e 16 0e 00
0x00007ff8621587d2:   48 39 dd 75 e9 48 83 c4 68 4c 89 e0 5b 5d 41 5c
0x00007ff8621587e2:   41 5d 41 5e 41 5f c3 0f 1f 80 00 00 00 00 41 54
0x00007ff8621587f2:   b8 01 01 00 00 55 48 89 fd 48 89 f7 53 48 83 ec
0x00007ff862158802:   30 48 8b 75 30 66 89 44 24 20 e8 ef 24 09 00 48
0x00007ff862158812:   8b 7d 50 48 8b 4d 30 48 89 e2 49 89 c4 4c 8b 45
0x00007ff862158822:   38 48 8b 07 4c 89 e6 ff 50 10 48 8b 5d 00 8b 6d
0x00007ff862158832:   08 48 c1 e5 04 48 01 dd 48 39 eb 74 18 90 48 8b
0x00007ff862158842:   53 08 8b 33 4c 89 e7 48 83 c3 10 e8 ee 15 0e 00
0x00007ff862158852:   48 39 dd 75 e9 48 83 c4 30 4c 89 e0 5b 5d 41 5c
0x00007ff862158862:   c3 66 2e 0f 1f 84 00 00 00 00 00 0f 1f 00 41 56
0x00007ff862158872:   41 55 49 89 f5 41 54 55 48 89 fd 53 48 83 ec 60
0x00007ff862158882:   48 8b 06 80 3a 00 be 01 01 00 00 4c 8b 70 18 66
0x00007ff862158892:   89 74 24 20 74 09 48 89 14 24 c6 44 24 20 03 48
0x00007ff8621588a2:   8b 7d 30 e8 d6 15 fc ff 48 89 c7 e8 4e 47 0e 00
0x00007ff8621588b2:   4c 89 f6 48 89 c7 e8 b3 46 01 00 be 01 00 00 00
0x00007ff8621588c2:   bf 40 00 00 00 89 c3 b8 01 01 00 00 66 89 44 24
0x00007ff8621588d2:   50 e8 a8 0a 13 00 48 8d 4c 24 30 41 89 d9 45 31
0x00007ff8621588e2:   c0 48 83 ec 08 48 89 c7 4c 89 ea 4c 89 f6 6a 00
0x00007ff8621588f2:   49 89 c4 e8 26 5d 09 00 48 8b 7d 50 48 8b 4d 30
0x00007ff862158902:   4c 89 e6 48 8d 54 24 10 4c 8b 45 38 48 8b 07 ff
0x00007ff862158912:   50 10 48 8b 5d 00 8b 6d 08 5a 59 48 c1 e5 04 48
0x00007ff862158922:   01 dd 48 39 eb 74 1e 0f 1f 80 00 00 00 00 48 8b
0x00007ff862158932:   53 08 8b 33 4c 89 e7 48 83 c3 10 e8 fe 14 0e 00
0x00007ff862158942:   48 39 dd 75 e9 48 83 c4 60 4c 89 e0 5b 5d 41 5c
0x00007ff862158952:   41 5d 41 5e c3 66 0f 1f 84 00 00 00 00 00 41 56
0x00007ff862158962:   49 89 d6 41 55 49 89 f5 be 01 01 00 00 41 54 55
0x00007ff862158972:   48 89 fd 53 48 83 ec 60 80 39 00 66 89 74 24 20 


Stack slot to memory mapping:
stack at sp + 0 slots: 0x00007ff8dc017800 is a thread
stack at sp + 1 slots: 0x0 is NULL
stack at sp + 2 slots: 0x00007ff8dc017800 is a thread
stack at sp + 3 slots: 0x00007ff8e36e1299: __libc_malloc+0x00000000000001b9 in /lib/x86_64-linux-gnu/libc.so.6 at 0x00007ff8e3647000
stack at sp + 4 slots: 0x0000000000000006 is an unknown value
stack at sp + 5 slots: 0x0000000000000005 is an unknown value
stack at sp + 6 slots: 0x00007ff8dc459480 points into unknown readable memory: 0x0000007261765f67 | 67 5f 76 61 72 00 00 00
stack at sp + 7 slots: 0x00007ff8dc19b6e0 points into unknown readable memory: 0x000000008d7a5510 | 10 55 7a 8d 00 00 00 00


---------------  P R O C E S S  ---------------

Threads class SMR info:
_java_thread_list=0x00007ff8dc375380, length=14, elements={
0x00007ff8dc017800, 0x00007ff8dc19d000, 0x00007ff8dc19f000, 0x00007ff8dc1a7000,
0x00007ff8dc1a9000, 0x00007ff8dc1ab800, 0x00007ff8dc1b5800, 0x00007ff8dc1b7800,
0x00007ff890024000, 0x00007ff8dc1d5800, 0x00007ff88c07e000, 0x00007ff88806c000,
0x00007ff8dc27b800, 0x00007ff8dc377000
}

Java Threads: ( => current thread )
=>0x00007ff8dc017800 JavaThread "main" [_thread_in_native, id=228622, stack(0x00007ff8e1f31000,0x00007ff8e2032000)]
  0x00007ff8dc19d000 JavaThread "Reference Handler" daemon [_thread_blocked, id=228636, stack(0x00007ff8b50f9000,0x00007ff8b51fa000)]
  0x00007ff8dc19f000 JavaThread "Finalizer" daemon [_thread_blocked, id=228638, stack(0x00007ff8b4ff8000,0x00007ff8b50f9000)]
  0x00007ff8dc1a7000 JavaThread "Signal Dispatcher" daemon [_thread_blocked, id=228641, stack(0x00007ff8b4a9e000,0x00007ff8b4b9f000)]
  0x00007ff8dc1a9000 JavaThread "Service Thread" daemon [_thread_blocked, id=228642, stack(0x00007ff8b499d000,0x00007ff8b4a9e000)]
  0x00007ff8dc1ab800 JavaThread "C2 CompilerThread0" daemon [_thread_blocked, id=228643, stack(0x00007ff8b489c000,0x00007ff8b499d000)]
  0x00007ff8dc1b5800 JavaThread "C1 CompilerThread0" daemon [_thread_blocked, id=228644, stack(0x00007ff8b479b000,0x00007ff8b489c000)]
  0x00007ff8dc1b7800 JavaThread "Sweeper thread" daemon [_thread_blocked, id=228646, stack(0x00007ff8b469a000,0x00007ff8b479b000)]
  0x00007ff890024000 JavaThread "C1 CompilerThread1" daemon [_thread_blocked, id=228649, stack(0x00007ff8b4599000,0x00007ff8b469a000)]
  0x00007ff8dc1d5800 JavaThread "Common-Cleaner" daemon [_thread_blocked, id=228652, stack(0x00007ff8b4498000,0x00007ff8b4599000)]
  0x00007ff88c07e000 JavaThread "C2 CompilerThread1" daemon [_thread_blocked, id=228655, stack(0x00007ff8b4397000,0x00007ff8b4498000)]
  0x00007ff88806c000 JavaThread "C1 CompilerThread2" daemon [_thread_blocked, id=228656, stack(0x00007ff8b427e000,0x00007ff8b437f000)]
  0x00007ff8dc27b800 JavaThread "Monitor Ctrl-Break" daemon [_thread_in_native, id=228657, stack(0x00007ff8b417d000,0x00007ff8b427e000)]
  0x00007ff8dc377000 JavaThread "JavaCPP Deallocator" daemon [_thread_blocked, id=228659, stack(0x00007ff873eff000,0x00007ff874000000)]

Other Threads:
  0x00007ff8dc19a000 VMThread "VM Thread" [stack: 0x00007ff8b51fb000,0x00007ff8b52fb000] [id=228633]
  0x00007ff8dc27d000 WatcherThread [stack: 0x00007ff8b407d000,0x00007ff8b417d000] [id=228658]
  0x00007ff8dc02f800 GCTaskThread "GC Thread#0" [stack: 0x00007ff8e1bcd000,0x00007ff8e1ccd000] [id=228625]
  0x00007ff8dc060800 ConcurrentGCThread "G1 Main Marker" [stack: 0x00007ff8e01a4000,0x00007ff8e02a4000] [id=228626]
  0x00007ff8dc062800 ConcurrentGCThread "G1 Conc#0" [stack: 0x00007ff8e00a3000,0x00007ff8e01a3000] [id=228627]
  0x00007ff8dc0fe800 ConcurrentGCThread "G1 Refine#0" [stack: 0x00007ff8b5bfd000,0x00007ff8b5cfd000] [id=228628]
  0x00007ff8dc100800 ConcurrentGCThread "G1 Young RemSet Sampling" [stack: 0x00007ff8b5afc000,0x00007ff8b5bfc000] [id=228629]

Threads with active compile tasks:

VM state:not at safepoint (normal execution)

VM Mutex/Monitor currently owned by a thread: None

Heap address: 0x0000000086a00000, size: 1942 MB, Compressed Oops mode: 32-bit
Narrow klass base: 0x0000000800000000, Narrow klass shift: 3
Compressed class space size: 1073741824 Address: 0x0000000840000000

Heap:
 garbage-first heap   total 126976K, used 13008K [0x0000000086a00000, 0x0000000100000000)
  region size 1024K, 13 young (13312K), 0 survivors (0K)
 Metaspace       used 3907K, capacity 6517K, committed 6656K, reserved 1056768K
  class space    used 420K, capacity 682K, committed 768K, reserved 1048576K
Heap Regions: E=young(eden), S=young(survivor), O=old, HS=humongous(starts), HC=humongous(continues), CS=collection set, F=free, A=archive, TAMS=top-at-mark-start (previous, next)
|   0|0x0000000086a00000, 0x0000000086a00000, 0x0000000086b00000|  0%| F|  |TAMS 0x0000000086a00000, 0x0000000086a00000| Untracked 
|   1|0x0000000086b00000, 0x0000000086b00000, 0x0000000086c00000|  0%| F|  |TAMS 0x0000000086b00000, 0x0000000086b00000| Untracked 
|   2|0x0000000086c00000, 0x0000000086c00000, 0x0000000086d00000|  0%| F|  |TAMS 0x0000000086c00000, 0x0000000086c00000| Untracked 
|   3|0x0000000086d00000, 0x0000000086d00000, 0x0000000086e00000|  0%| F|  |TAMS 0x0000000086d00000, 0x0000000086d00000| Untracked 
|   4|0x0000000086e00000, 0x0000000086e00000, 0x0000000086f00000|  0%| F|  |TAMS 0x0000000086e00000, 0x0000000086e00000| Untracked 
|   5|0x0000000086f00000, 0x0000000086f00000, 0x0000000087000000|  0%| F|  |TAMS 0x0000000086f00000, 0x0000000086f00000| Untracked 
|   6|0x0000000087000000, 0x0000000087000000, 0x0000000087100000|  0%| F|  |TAMS 0x0000000087000000, 0x0000000087000000| Untracked 
|   7|0x0000000087100000, 0x0000000087100000, 0x0000000087200000|  0%| F|  |TAMS 0x0000000087100000, 0x0000000087100000| Untracked 
|   8|0x0000000087200000, 0x0000000087200000, 0x0000000087300000|  0%| F|  |TAMS 0x0000000087200000, 0x0000000087200000| Untracked 
|   9|0x0000000087300000, 0x0000000087300000, 0x0000000087400000|  0%| F|  |TAMS 0x0000000087300000, 0x0000000087300000| Untracked 
|  10|0x0000000087400000, 0x0000000087400000, 0x0000000087500000|  0%| F|  |TAMS 0x0000000087400000, 0x0000000087400000| Untracked 
|  11|0x0000000087500000, 0x0000000087500000, 0x0000000087600000|  0%| F|  |TAMS 0x0000000087500000, 0x0000000087500000| Untracked 
|  12|0x0000000087600000, 0x0000000087600000, 0x0000000087700000|  0%| F|  |TAMS 0x0000000087600000, 0x0000000087600000| Untracked 
|  13|0x0000000087700000, 0x0000000087700000, 0x0000000087800000|  0%| F|  |TAMS 0x0000000087700000, 0x0000000087700000| Untracked 
|  14|0x0000000087800000, 0x0000000087800000, 0x0000000087900000|  0%| F|  |TAMS 0x0000000087800000, 0x0000000087800000| Untracked 
|  15|0x0000000087900000, 0x0000000087900000, 0x0000000087a00000|  0%| F|  |TAMS 0x0000000087900000, 0x0000000087900000| Untracked 
|  16|0x0000000087a00000, 0x0000000087a00000, 0x0000000087b00000|  0%| F|  |TAMS 0x0000000087a00000, 0x0000000087a00000| Untracked 
|  17|0x0000000087b00000, 0x0000000087b00000, 0x0000000087c00000|  0%| F|  |TAMS 0x0000000087b00000, 0x0000000087b00000| Untracked 
|  18|0x0000000087c00000, 0x0000000087c00000, 0x0000000087d00000|  0%| F|  |TAMS 0x0000000087c00000, 0x0000000087c00000| Untracked 
|  19|0x0000000087d00000, 0x0000000087d00000, 0x0000000087e00000|  0%| F|  |TAMS 0x0000000087d00000, 0x0000000087d00000| Untracked 
|  20|0x0000000087e00000, 0x0000000087e00000, 0x0000000087f00000|  0%| F|  |TAMS 0x0000000087e00000, 0x0000000087e00000| Untracked 
|  21|0x0000000087f00000, 0x0000000087f00000, 0x0000000088000000|  0%| F|  |TAMS 0x0000000087f00000, 0x0000000087f00000| Untracked 
|  22|0x0000000088000000, 0x0000000088000000, 0x0000000088100000|  0%| F|  |TAMS 0x0000000088000000, 0x0000000088000000| Untracked 
|  23|0x0000000088100000, 0x0000000088100000, 0x0000000088200000|  0%| F|  |TAMS 0x0000000088100000, 0x0000000088100000| Untracked 
|  24|0x0000000088200000, 0x0000000088200000, 0x0000000088300000|  0%| F|  |TAMS 0x0000000088200000, 0x0000000088200000| Untracked 
|  25|0x0000000088300000, 0x0000000088300000, 0x0000000088400000|  0%| F|  |TAMS 0x0000000088300000, 0x0000000088300000| Untracked 
|  26|0x0000000088400000, 0x0000000088400000, 0x0000000088500000|  0%| F|  |TAMS 0x0000000088400000, 0x0000000088400000| Untracked 
|  27|0x0000000088500000, 0x0000000088500000, 0x0000000088600000|  0%| F|  |TAMS 0x0000000088500000, 0x0000000088500000| Untracked 
|  28|0x0000000088600000, 0x0000000088600000, 0x0000000088700000|  0%| F|  |TAMS 0x0000000088600000, 0x0000000088600000| Untracked 
|  29|0x0000000088700000, 0x0000000088700000, 0x0000000088800000|  0%| F|  |TAMS 0x0000000088700000, 0x0000000088700000| Untracked 
|  30|0x0000000088800000, 0x0000000088800000, 0x0000000088900000|  0%| F|  |TAMS 0x0000000088800000, 0x0000000088800000| Untracked 
|  31|0x0000000088900000, 0x0000000088900000, 0x0000000088a00000|  0%| F|  |TAMS 0x0000000088900000, 0x0000000088900000| Untracked 
|  32|0x0000000088a00000, 0x0000000088a00000, 0x0000000088b00000|  0%| F|  |TAMS 0x0000000088a00000, 0x0000000088a00000| Untracked 
|  33|0x0000000088b00000, 0x0000000088b00000, 0x0000000088c00000|  0%| F|  |TAMS 0x0000000088b00000, 0x0000000088b00000| Untracked 
|  34|0x0000000088c00000, 0x0000000088c00000, 0x0000000088d00000|  0%| F|  |TAMS 0x0000000088c00000, 0x0000000088c00000| Untracked 
|  35|0x0000000088d00000, 0x0000000088d00000, 0x0000000088e00000|  0%| F|  |TAMS 0x0000000088d00000, 0x0000000088d00000| Untracked 
|  36|0x0000000088e00000, 0x0000000088e00000, 0x0000000088f00000|  0%| F|  |TAMS 0x0000000088e00000, 0x0000000088e00000| Untracked 
|  37|0x0000000088f00000, 0x0000000088f00000, 0x0000000089000000|  0%| F|  |TAMS 0x0000000088f00000, 0x0000000088f00000| Untracked 
|  38|0x0000000089000000, 0x0000000089000000, 0x0000000089100000|  0%| F|  |TAMS 0x0000000089000000, 0x0000000089000000| Untracked 
|  39|0x0000000089100000, 0x0000000089100000, 0x0000000089200000|  0%| F|  |TAMS 0x0000000089100000, 0x0000000089100000| Untracked 
|  40|0x0000000089200000, 0x0000000089200000, 0x0000000089300000|  0%| F|  |TAMS 0x0000000089200000, 0x0000000089200000| Untracked 
|  41|0x0000000089300000, 0x0000000089300000, 0x0000000089400000|  0%| F|  |TAMS 0x0000000089300000, 0x0000000089300000| Untracked 
|  42|0x0000000089400000, 0x0000000089400000, 0x0000000089500000|  0%| F|  |TAMS 0x0000000089400000, 0x0000000089400000| Untracked 
|  43|0x0000000089500000, 0x0000000089500000, 0x0000000089600000|  0%| F|  |TAMS 0x0000000089500000, 0x0000000089500000| Untracked 
|  44|0x0000000089600000, 0x0000000089600000, 0x0000000089700000|  0%| F|  |TAMS 0x0000000089600000, 0x0000000089600000| Untracked 
|  45|0x0000000089700000, 0x0000000089700000, 0x0000000089800000|  0%| F|  |TAMS 0x0000000089700000, 0x0000000089700000| Untracked 
|  46|0x0000000089800000, 0x0000000089800000, 0x0000000089900000|  0%| F|  |TAMS 0x0000000089800000, 0x0000000089800000| Untracked 
|  47|0x0000000089900000, 0x0000000089900000, 0x0000000089a00000|  0%| F|  |TAMS 0x0000000089900000, 0x0000000089900000| Untracked 
|  48|0x0000000089a00000, 0x0000000089a00000, 0x0000000089b00000|  0%| F|  |TAMS 0x0000000089a00000, 0x0000000089a00000| Untracked 
|  49|0x0000000089b00000, 0x0000000089b00000, 0x0000000089c00000|  0%| F|  |TAMS 0x0000000089b00000, 0x0000000089b00000| Untracked 
|  50|0x0000000089c00000, 0x0000000089c00000, 0x0000000089d00000|  0%| F|  |TAMS 0x0000000089c00000, 0x0000000089c00000| Untracked 
|  51|0x0000000089d00000, 0x0000000089d00000, 0x0000000089e00000|  0%| F|  |TAMS 0x0000000089d00000, 0x0000000089d00000| Untracked 
|  52|0x0000000089e00000, 0x0000000089e00000, 0x0000000089f00000|  0%| F|  |TAMS 0x0000000089e00000, 0x0000000089e00000| Untracked 
|  53|0x0000000089f00000, 0x0000000089f00000, 0x000000008a000000|  0%| F|  |TAMS 0x0000000089f00000, 0x0000000089f00000| Untracked 
|  54|0x000000008a000000, 0x000000008a000000, 0x000000008a100000|  0%| F|  |TAMS 0x000000008a000000, 0x000000008a000000| Untracked 
|  55|0x000000008a100000, 0x000000008a100000, 0x000000008a200000|  0%| F|  |TAMS 0x000000008a100000, 0x000000008a100000| Untracked 
|  56|0x000000008a200000, 0x000000008a200000, 0x000000008a300000|  0%| F|  |TAMS 0x000000008a200000, 0x000000008a200000| Untracked 
|  57|0x000000008a300000, 0x000000008a300000, 0x000000008a400000|  0%| F|  |TAMS 0x000000008a300000, 0x000000008a300000| Untracked 
|  58|0x000000008a400000, 0x000000008a400000, 0x000000008a500000|  0%| F|  |TAMS 0x000000008a400000, 0x000000008a400000| Untracked 
|  59|0x000000008a500000, 0x000000008a500000, 0x000000008a600000|  0%| F|  |TAMS 0x000000008a500000, 0x000000008a500000| Untracked 
|  60|0x000000008a600000, 0x000000008a600000, 0x000000008a700000|  0%| F|  |TAMS 0x000000008a600000, 0x000000008a600000| Untracked 
|  61|0x000000008a700000, 0x000000008a700000, 0x000000008a800000|  0%| F|  |TAMS 0x000000008a700000, 0x000000008a700000| Untracked 
|  62|0x000000008a800000, 0x000000008a800000, 0x000000008a900000|  0%| F|  |TAMS 0x000000008a800000, 0x000000008a800000| Untracked 
|  63|0x000000008a900000, 0x000000008a900000, 0x000000008aa00000|  0%| F|  |TAMS 0x000000008a900000, 0x000000008a900000| Untracked 
|  64|0x000000008aa00000, 0x000000008aa00000, 0x000000008ab00000|  0%| F|  |TAMS 0x000000008aa00000, 0x000000008aa00000| Untracked 
|  65|0x000000008ab00000, 0x000000008ab00000, 0x000000008ac00000|  0%| F|  |TAMS 0x000000008ab00000, 0x000000008ab00000| Untracked 
|  66|0x000000008ac00000, 0x000000008ac00000, 0x000000008ad00000|  0%| F|  |TAMS 0x000000008ac00000, 0x000000008ac00000| Untracked 
|  67|0x000000008ad00000, 0x000000008ad00000, 0x000000008ae00000|  0%| F|  |TAMS 0x000000008ad00000, 0x000000008ad00000| Untracked 
|  68|0x000000008ae00000, 0x000000008ae00000, 0x000000008af00000|  0%| F|  |TAMS 0x000000008ae00000, 0x000000008ae00000| Untracked 
|  69|0x000000008af00000, 0x000000008af00000, 0x000000008b000000|  0%| F|  |TAMS 0x000000008af00000, 0x000000008af00000| Untracked 
|  70|0x000000008b000000, 0x000000008b000000, 0x000000008b100000|  0%| F|  |TAMS 0x000000008b000000, 0x000000008b000000| Untracked 
|  71|0x000000008b100000, 0x000000008b100000, 0x000000008b200000|  0%| F|  |TAMS 0x000000008b100000, 0x000000008b100000| Untracked 
|  72|0x000000008b200000, 0x000000008b200000, 0x000000008b300000|  0%| F|  |TAMS 0x000000008b200000, 0x000000008b200000| Untracked 
|  73|0x000000008b300000, 0x000000008b300000, 0x000000008b400000|  0%| F|  |TAMS 0x000000008b300000, 0x000000008b300000| Untracked 
|  74|0x000000008b400000, 0x000000008b400000, 0x000000008b500000|  0%| F|  |TAMS 0x000000008b400000, 0x000000008b400000| Untracked 
|  75|0x000000008b500000, 0x000000008b500000, 0x000000008b600000|  0%| F|  |TAMS 0x000000008b500000, 0x000000008b500000| Untracked 
|  76|0x000000008b600000, 0x000000008b600000, 0x000000008b700000|  0%| F|  |TAMS 0x000000008b600000, 0x000000008b600000| Untracked 
|  77|0x000000008b700000, 0x000000008b700000, 0x000000008b800000|  0%| F|  |TAMS 0x000000008b700000, 0x000000008b700000| Untracked 
|  78|0x000000008b800000, 0x000000008b800000, 0x000000008b900000|  0%| F|  |TAMS 0x000000008b800000, 0x000000008b800000| Untracked 
|  79|0x000000008b900000, 0x000000008b900000, 0x000000008ba00000|  0%| F|  |TAMS 0x000000008b900000, 0x000000008b900000| Untracked 
|  80|0x000000008ba00000, 0x000000008ba00000, 0x000000008bb00000|  0%| F|  |TAMS 0x000000008ba00000, 0x000000008ba00000| Untracked 
|  81|0x000000008bb00000, 0x000000008bb00000, 0x000000008bc00000|  0%| F|  |TAMS 0x000000008bb00000, 0x000000008bb00000| Untracked 
|  82|0x000000008bc00000, 0x000000008bc00000, 0x000000008bd00000|  0%| F|  |TAMS 0x000000008bc00000, 0x000000008bc00000| Untracked 
|  83|0x000000008bd00000, 0x000000008bd00000, 0x000000008be00000|  0%| F|  |TAMS 0x000000008bd00000, 0x000000008bd00000| Untracked 
|  84|0x000000008be00000, 0x000000008be00000, 0x000000008bf00000|  0%| F|  |TAMS 0x000000008be00000, 0x000000008be00000| Untracked 
|  85|0x000000008bf00000, 0x000000008bf00000, 0x000000008c000000|  0%| F|  |TAMS 0x000000008bf00000, 0x000000008bf00000| Untracked 
|  86|0x000000008c000000, 0x000000008c000000, 0x000000008c100000|  0%| F|  |TAMS 0x000000008c000000, 0x000000008c000000| Untracked 
|  87|0x000000008c100000, 0x000000008c100000, 0x000000008c200000|  0%| F|  |TAMS 0x000000008c100000, 0x000000008c100000| Untracked 
|  88|0x000000008c200000, 0x000000008c200000, 0x000000008c300000|  0%| F|  |TAMS 0x000000008c200000, 0x000000008c200000| Untracked 
|  89|0x000000008c300000, 0x000000008c300000, 0x000000008c400000|  0%| F|  |TAMS 0x000000008c300000, 0x000000008c300000| Untracked 
|  90|0x000000008c400000, 0x000000008c400000, 0x000000008c500000|  0%| F|  |TAMS 0x000000008c400000, 0x000000008c400000| Untracked 
|  91|0x000000008c500000, 0x000000008c500000, 0x000000008c600000|  0%| F|  |TAMS 0x000000008c500000, 0x000000008c500000| Untracked 
|  92|0x000000008c600000, 0x000000008c600000, 0x000000008c700000|  0%| F|  |TAMS 0x000000008c600000, 0x000000008c600000| Untracked 
|  93|0x000000008c700000, 0x000000008c700000, 0x000000008c800000|  0%| F|  |TAMS 0x000000008c700000, 0x000000008c700000| Untracked 
|  94|0x000000008c800000, 0x000000008c800000, 0x000000008c900000|  0%| F|  |TAMS 0x000000008c800000, 0x000000008c800000| Untracked 
|  95|0x000000008c900000, 0x000000008c900000, 0x000000008ca00000|  0%| F|  |TAMS 0x000000008c900000, 0x000000008c900000| Untracked 
|  96|0x000000008ca00000, 0x000000008ca00000, 0x000000008cb00000|  0%| F|  |TAMS 0x000000008ca00000, 0x000000008ca00000| Untracked 
|  97|0x000000008cb00000, 0x000000008cb00000, 0x000000008cc00000|  0%| F|  |TAMS 0x000000008cb00000, 0x000000008cb00000| Untracked 
|  98|0x000000008cc00000, 0x000000008cc00000, 0x000000008cd00000|  0%| F|  |TAMS 0x000000008cc00000, 0x000000008cc00000| Untracked 
|  99|0x000000008cd00000, 0x000000008cd00000, 0x000000008ce00000|  0%| F|  |TAMS 0x000000008cd00000, 0x000000008cd00000| Untracked 
| 100|0x000000008ce00000, 0x000000008ce00000, 0x000000008cf00000|  0%| F|  |TAMS 0x000000008ce00000, 0x000000008ce00000| Untracked 
| 101|0x000000008cf00000, 0x000000008cf00000, 0x000000008d000000|  0%| F|  |TAMS 0x000000008cf00000, 0x000000008cf00000| Untracked 
| 102|0x000000008d000000, 0x000000008d000000, 0x000000008d100000|  0%| F|  |TAMS 0x000000008d000000, 0x000000008d000000| Untracked 
| 103|0x000000008d100000, 0x000000008d100000, 0x000000008d200000|  0%| F|  |TAMS 0x000000008d100000, 0x000000008d100000| Untracked 
| 104|0x000000008d200000, 0x000000008d200000, 0x000000008d300000|  0%| F|  |TAMS 0x000000008d200000, 0x000000008d200000| Untracked 
| 105|0x000000008d300000, 0x000000008d300000, 0x000000008d400000|  0%| F|  |TAMS 0x000000008d300000, 0x000000008d300000| Untracked 
| 106|0x000000008d400000, 0x000000008d400000, 0x000000008d500000|  0%| F|  |TAMS 0x000000008d400000, 0x000000008d400000| Untracked 
| 107|0x000000008d500000, 0x000000008d500000, 0x000000008d600000|  0%| F|  |TAMS 0x000000008d500000, 0x000000008d500000| Untracked 
| 108|0x000000008d600000, 0x000000008d600000, 0x000000008d700000|  0%| F|  |TAMS 0x000000008d600000, 0x000000008d600000| Untracked 
| 109|0x000000008d700000, 0x000000008d7f6798, 0x000000008d800000| 96%| E|  |TAMS 0x000000008d700000, 0x000000008d700000| Complete 
| 110|0x000000008d800000, 0x000000008d900000, 0x000000008d900000|100%| E|CS|TAMS 0x000000008d800000, 0x000000008d800000| Complete 
| 111|0x000000008d900000, 0x000000008da00000, 0x000000008da00000|100%| E|CS|TAMS 0x000000008d900000, 0x000000008d900000| Complete 
| 112|0x000000008da00000, 0x000000008db00000, 0x000000008db00000|100%| E|CS|TAMS 0x000000008da00000, 0x000000008da00000| Complete 
| 113|0x000000008db00000, 0x000000008dc00000, 0x000000008dc00000|100%| E|CS|TAMS 0x000000008db00000, 0x000000008db00000| Complete 
| 114|0x000000008dc00000, 0x000000008dd00000, 0x000000008dd00000|100%| E|CS|TAMS 0x000000008dc00000, 0x000000008dc00000| Complete 
| 115|0x000000008dd00000, 0x000000008de00000, 0x000000008de00000|100%| E|CS|TAMS 0x000000008dd00000, 0x000000008dd00000| Complete 
| 116|0x000000008de00000, 0x000000008df00000, 0x000000008df00000|100%| E|CS|TAMS 0x000000008de00000, 0x000000008de00000| Complete 
| 117|0x000000008df00000, 0x000000008e000000, 0x000000008e000000|100%| E|CS|TAMS 0x000000008df00000, 0x000000008df00000| Complete 
| 118|0x000000008e000000, 0x000000008e100000, 0x000000008e100000|100%| E|CS|TAMS 0x000000008e000000, 0x000000008e000000| Complete 
| 119|0x000000008e100000, 0x000000008e200000, 0x000000008e200000|100%| E|CS|TAMS 0x000000008e100000, 0x000000008e100000| Complete 
| 120|0x000000008e200000, 0x000000008e300000, 0x000000008e300000|100%| E|CS|TAMS 0x000000008e200000, 0x000000008e200000| Complete 
| 121|0x000000008e300000, 0x000000008e400000, 0x000000008e400000|100%| E|CS|TAMS 0x000000008e300000, 0x000000008e300000| Complete 
|1940|0x00000000ffe00000, 0x00000000ffe48000, 0x00000000fff00000| 28%|OA|  |TAMS 0x00000000ffe00000, 0x00000000ffe00000| Untracked 
|1941|0x00000000fff00000, 0x00000000fff6c000, 0x0000000100000000| 42%|CA|  |TAMS 0x00000000fff00000, 0x00000000fff00000| Untracked 

Card table byte_map: [0x00007ff8e0729000,0x00007ff8e0af4000] _byte_map_base: 0x00007ff8e02f4000

Marking Bits (Prev, Next): (CMBitMap*) 0x00007ff8dc0583a8, (CMBitMap*) 0x00007ff8dc0583e0
 Prev Bits: [0x00007ff8be1a8000, 0x00007ff8c0000000)
 Next Bits: [0x00007ff8bc350000, 0x00007ff8be1a8000)

Polling page: 0x00007ff8e1ee5000

Metaspace:

Usage:
  Non-class:      5.70 MB capacity,     3.41 MB ( 60%) used,     2.29 MB ( 40%) free+waste,     5.62 KB ( <1%) overhead. 
      Class:    682.00 KB capacity,   420.11 KB ( 62%) used,   258.95 KB ( 38%) free+waste,     2.94 KB ( <1%) overhead. 
       Both:      6.36 MB capacity,     3.82 MB ( 60%) used,     2.54 MB ( 40%) free+waste,     8.56 KB ( <1%) overhead. 

Virtual space:
  Non-class space:        8.00 MB reserved,       5.75 MB ( 72%) committed 
      Class space:        1.00 GB reserved,     768.00 KB ( <1%) committed 
             Both:        1.01 GB reserved,       6.50 MB ( <1%) committed 

Chunk freelists:
   Non-Class:  9.00 KB
       Class:  22.00 KB
        Both:  31.00 KB

MaxMetaspaceSize: unlimited
CompressedClassSpaceSize: 1.00 GB
Initial GC threshold: 20.80 MB
Current GC threshold: 20.80 MB
CDS: on

CodeHeap 'non-profiled nmethods': size=119172Kb used=198Kb max_used=198Kb free=118973Kb
 bounds [0x00007ff8cc37a000, 0x00007ff8cc5ea000, 0x00007ff8d37db000]
CodeHeap 'profiled nmethods': size=119168Kb used=1555Kb max_used=1555Kb free=117612Kb
 bounds [0x00007ff8c4f1a000, 0x00007ff8c518a000, 0x00007ff8cc37a000]
CodeHeap 'non-nmethods': size=7420Kb used=2271Kb max_used=2285Kb free=5148Kb
 bounds [0x00007ff8c47db000, 0x00007ff8c4a4b000, 0x00007ff8c4f1a000]
 total_blobs=1215 nmethods=811 adapters=316
 compilation: enabled
              stopped_count=0, restarted_count=0
 full_count=0

Compilation events (20 events):
Event: 0.567 Thread 0x00007ff890024000  802       3       jdk.internal.loader.BuiltinClassLoader::isSealed (70 bytes)
Event: 0.568 Thread 0x00007ff88806c000 nmethod 801 0x00007ff8c5097b10 code [0x00007ff8c5097ce0, 0x00007ff8c5098010]
Event: 0.568 Thread 0x00007ff890024000 nmethod 802 0x00007ff8c5098110 code [0x00007ff8c50983a0, 0x00007ff8c5098e80]
Event: 0.569 Thread 0x00007ff88806c000  803       3       sun.reflect.annotation.AnnotationInvocationHandler::invoke (178 bytes)
Event: 0.569 Thread 0x00007ff890024000  804       3       java.lang.reflect.Method::getParameterCount (6 bytes)
Event: 0.570 Thread 0x00007ff890024000 nmethod 804 0x00007ff8c5099290 code [0x00007ff8c5099440, 0x00007ff8c5099570]
Event: 0.570 Thread 0x00007ff890024000  806       3       java.lang.Character::isSurrogate (18 bytes)
Event: 0.570 Thread 0x00007ff8dc1b5800 nmethod 800 0x00007ff8c5099610 code [0x00007ff8c5099920, 0x00007ff8c509aad0]
Event: 0.570 Thread 0x00007ff8dc1b5800  809       3       java.util.Arrays::asList (9 bytes)
Event: 0.571 Thread 0x00007ff890024000 nmethod 806 0x00007ff8c509b010 code [0x00007ff8c509b1c0, 0x00007ff8c509b330]
Event: 0.571 Thread 0x00007ff890024000  810       3       java.util.Arrays$ArrayList::<init> (16 bytes)
Event: 0.571 Thread 0x00007ff88806c000 nmethod 803 0x00007ff8c509b390 code [0x00007ff8c509b6a0, 0x00007ff8c509c7c0]
Event: 0.571 Thread 0x00007ff88806c000  807       3       java.util.regex.Pattern::isSupplementary (20 bytes)
Event: 0.571 Thread 0x00007ff8dc1b5800 nmethod 809 0x00007ff8c509cd10 code [0x00007ff8c509cf00, 0x00007ff8c509d380]
Event: 0.571 Thread 0x00007ff890024000 nmethod 810 0x00007ff8c509d510 code [0x00007ff8c509d700, 0x00007ff8c509db00]
Event: 0.571 Thread 0x00007ff890024000  811       3       org.bytedeco.javacpp.ClassProperties::addAll (14 bytes)
Event: 0.572 Thread 0x00007ff88806c000 nmethod 807 0x00007ff8c509dc90 code [0x00007ff8c509de40, 0x00007ff8c509e0b0]
Event: 0.572 Thread 0x00007ff8dc1b5800  808       3       java.util.regex.Pattern::has (15 bytes)
Event: 0.572 Thread 0x00007ff8dc1b5800 nmethod 808 0x00007ff8c509e190 code [0x00007ff8c509e340, 0x00007ff8c509e4b0]
Event: 0.572 Thread 0x00007ff890024000 nmethod 811 0x00007ff8c509e510 code [0x00007ff8c509e720, 0x00007ff8c509ecd0]

GC Heap History (0 events):
No events

Deoptimization events (20 events):
Event: 0.354 Thread 0x00007ff8dc017800 Uncommon trap: trap_request=0xffffff4d fr.pc=0x00007ff8cc38935c relative=0x0000000000000cdc
Event: 0.354 Thread 0x00007ff8dc017800 Uncommon trap: reason=unstable_if action=reinterpret pc=0x00007ff8cc38935c method=java.util.HashMap.putVal(ILjava/lang/Object;Ljava/lang/Object;ZZ)Ljava/lang/Object; @ 181 c2
Event: 0.354 Thread 0x00007ff8dc017800 DEOPT PACKING pc=0x00007ff8cc38935c sp=0x00007ff8e202f690
Event: 0.354 Thread 0x00007ff8dc017800 DEOPT UNPACKING pc=0x00007ff8c4824ea5 sp=0x00007ff8e202f630 mode 2
Event: 0.402 Thread 0x00007ff8dc017800 Uncommon trap: trap_request=0xffffff4d fr.pc=0x00007ff8cc394630 relative=0x0000000000000270
Event: 0.402 Thread 0x00007ff8dc017800 Uncommon trap: reason=unstable_if action=reinterpret pc=0x00007ff8cc394630 method=java.lang.StringLatin1.indexOf([BI[BII)I @ 80 c2
Event: 0.403 Thread 0x00007ff8dc017800 DEOPT PACKING pc=0x00007ff8cc394630 sp=0x00007ff8e202f3e0
Event: 0.403 Thread 0x00007ff8dc017800 DEOPT UNPACKING pc=0x00007ff8c4824ea5 sp=0x00007ff8e202f360 mode 2
Event: 0.410 Thread 0x00007ff8dc017800 Uncommon trap: trap_request=0xffffff4d fr.pc=0x00007ff8cc391954 relative=0x0000000000000394
Event: 0.410 Thread 0x00007ff8dc017800 Uncommon trap: reason=unstable_if action=reinterpret pc=0x00007ff8cc391954 method=java.lang.StringLatin1.indexOf([BI[BII)I @ 80 c2
Event: 0.410 Thread 0x00007ff8dc017800 DEOPT PACKING pc=0x00007ff8cc391954 sp=0x00007ff8e202f440
Event: 0.410 Thread 0x00007ff8dc017800 DEOPT UNPACKING pc=0x00007ff8c4824ea5 sp=0x00007ff8e202f3c0 mode 2
Event: 0.455 Thread 0x00007ff8dc017800 DEOPT PACKING pc=0x00007ff8c4f6c3a4 sp=0x00007ff8e202de80
Event: 0.455 Thread 0x00007ff8dc017800 DEOPT UNPACKING pc=0x00007ff8c482564a sp=0x00007ff8e202d2f8 mode 0
Event: 0.505 Thread 0x00007ff8dc017800 DEOPT PACKING pc=0x00007ff8c4fe9042 sp=0x00007ff8e202f6c0
Event: 0.505 Thread 0x00007ff8dc017800 DEOPT UNPACKING pc=0x00007ff8c482564a sp=0x00007ff8e202eb48 mode 0
Event: 0.507 Thread 0x00007ff8dc017800 DEOPT PACKING pc=0x00007ff8c4f5f1cf sp=0x00007ff8e202f670
Event: 0.507 Thread 0x00007ff8dc017800 DEOPT UNPACKING pc=0x00007ff8c482564a sp=0x00007ff8e202eb18 mode 0
Event: 0.510 Thread 0x00007ff8dc017800 DEOPT PACKING pc=0x00007ff8c4f5f1cf sp=0x00007ff8e202f770
Event: 0.510 Thread 0x00007ff8dc017800 DEOPT UNPACKING pc=0x00007ff8c482564a sp=0x00007ff8e202ec18 mode 0

Classes redefined (0 events):
No events

Internal exceptions (20 events):
Event: 0.180 Thread 0x00007ff8dc017800 Exception <a 'java/security/PrivilegedActionException'{0x000000008e1b4a90}> (0x000000008e1b4a90) thrown at [src/hotspot/share/prims/jvm.cpp, line 1304]
Event: 0.180 Thread 0x00007ff8dc017800 Exception <a 'java/security/PrivilegedActionException'{0x000000008e1b4d60}> (0x000000008e1b4d60) thrown at [src/hotspot/share/prims/jvm.cpp, line 1304]
Event: 0.180 Thread 0x00007ff8dc017800 Exception <a 'java/security/PrivilegedActionException'{0x000000008e1b56d0}> (0x000000008e1b56d0) thrown at [src/hotspot/share/prims/jvm.cpp, line 1304]
Event: 0.180 Thread 0x00007ff8dc017800 Exception <a 'java/security/PrivilegedActionException'{0x000000008e1b59a0}> (0x000000008e1b59a0) thrown at [src/hotspot/share/prims/jvm.cpp, line 1304]
Event: 0.180 Thread 0x00007ff8dc017800 Exception <a 'java/security/PrivilegedActionException'{0x000000008e1b6310}> (0x000000008e1b6310) thrown at [src/hotspot/share/prims/jvm.cpp, line 1304]
Event: 0.180 Thread 0x00007ff8dc017800 Exception <a 'java/security/PrivilegedActionException'{0x000000008e1b65e0}> (0x000000008e1b65e0) thrown at [src/hotspot/share/prims/jvm.cpp, line 1304]
Event: 0.181 Thread 0x00007ff8dc017800 Exception <a 'java/security/PrivilegedActionException'{0x000000008e1b6f68}> (0x000000008e1b6f68) thrown at [src/hotspot/share/prims/jvm.cpp, line 1304]
Event: 0.181 Thread 0x00007ff8dc017800 Exception <a 'java/security/PrivilegedActionException'{0x000000008e1b7238}> (0x000000008e1b7238) thrown at [src/hotspot/share/prims/jvm.cpp, line 1304]
Event: 0.181 Thread 0x00007ff8dc017800 Exception <a 'java/security/PrivilegedActionException'{0x000000008e1b7bc0}> (0x000000008e1b7bc0) thrown at [src/hotspot/share/prims/jvm.cpp, line 1304]
Event: 0.181 Thread 0x00007ff8dc017800 Exception <a 'java/security/PrivilegedActionException'{0x000000008e1b7e90}> (0x000000008e1b7e90) thrown at [src/hotspot/share/prims/jvm.cpp, line 1304]
Event: 0.181 Thread 0x00007ff8dc017800 Exception <a 'java/security/PrivilegedActionException'{0x000000008e1b8818}> (0x000000008e1b8818) thrown at [src/hotspot/share/prims/jvm.cpp, line 1304]
Event: 0.181 Thread 0x00007ff8dc017800 Exception <a 'java/security/PrivilegedActionException'{0x000000008e1b8ae8}> (0x000000008e1b8ae8) thrown at [src/hotspot/share/prims/jvm.cpp, line 1304]
Event: 0.181 Thread 0x00007ff8dc017800 Exception <a 'java/security/PrivilegedActionException'{0x000000008e1b9458}> (0x000000008e1b9458) thrown at [src/hotspot/share/prims/jvm.cpp, line 1304]
Event: 0.181 Thread 0x00007ff8dc017800 Exception <a 'java/security/PrivilegedActionException'{0x000000008e1b9728}> (0x000000008e1b9728) thrown at [src/hotspot/share/prims/jvm.cpp, line 1304]
Event: 0.181 Thread 0x00007ff8dc017800 Exception <a 'java/security/PrivilegedActionException'{0x000000008e1ba0b0}> (0x000000008e1ba0b0) thrown at [src/hotspot/share/prims/jvm.cpp, line 1304]
Event: 0.181 Thread 0x00007ff8dc017800 Exception <a 'java/security/PrivilegedActionException'{0x000000008e1ba380}> (0x000000008e1ba380) thrown at [src/hotspot/share/prims/jvm.cpp, line 1304]
Event: 0.388 Thread 0x00007ff8dc017800 Exception <a 'java/lang/NoSuchMethodError'{0x000000008db0dfd8}: 'int java.lang.invoke.DirectMethodHandle$Holder.invokeStaticInit(java.lang.Object, java.lang.Object, java.lang.Object, java.lang.Object)'> (0x000000008db0dfd8) thrown at [src/hotspot/share/interpreter/linkResolver.cpp, line 772]
Event: 0.391 Thread 0x00007ff8dc017800 Exception <a 'java/lang/IncompatibleClassChangeError'{0x000000008db17d58}: Found class java.lang.Object, but interface was expected> (0x000000008db17d58) thrown at [src/hotspot/share/interpreter/linkResolver.cpp, line 839]
Event: 0.392 Thread 0x00007ff8dc017800 Exception <a 'java/lang/NoSuchMethodError'{0x000000008db1af08}: 'void java.lang.invoke.DirectMethodHandle$Holder.invokeStaticInit(java.lang.Object, java.lang.Object)'> (0x000000008db1af08) thrown at [src/hotspot/share/interpreter/linkResolver.cpp, line 772]
Event: 0.394 Thread 0x00007ff8dc017800 Exception <a 'java/lang/NoSuchMethodError'{0x000000008db203f8}: 'int java.lang.invoke.DirectMethodHandle$Holder.invokeStaticInit(java.lang.Object, java.lang.Object)'> (0x000000008db203f8) thrown at [src/hotspot/share/interpreter/linkResolver.cpp, line 772]

Events (20 events):
Event: 0.565 loading class org/bytedeco/llvm/LLVM/LLVMRelocationIteratorRef
Event: 0.565 loading class org/bytedeco/llvm/LLVM/LLVMRelocationIteratorRef done
Event: 0.566 loading class org/bytedeco/llvm/LLVM/LLVMObjectFileRef
Event: 0.566 loading class org/bytedeco/llvm/LLVM/LLVMObjectFileRef done
Event: 0.566 loading class org/bytedeco/llvm/LLVM/LLVMTargetRef
Event: 0.566 loading class org/bytedeco/llvm/LLVM/LLVMTargetRef done
Event: 0.566 loading class org/bytedeco/llvm/LLVM/LLVMPassManagerBuilderRef
Event: 0.566 loading class org/bytedeco/llvm/LLVM/LLVMPassManagerBuilderRef done
Event: 0.566 loading class org/bytedeco/llvm/LLVM/LLVMPassBuilderOptionsRef
Event: 0.566 loading class org/bytedeco/llvm/LLVM/LLVMPassBuilderOptionsRef done
Event: 0.566 loading class org/bytedeco/llvm/LLVM/Pass
Event: 0.566 loading class org/bytedeco/llvm/LLVM/Pass done
Event: 0.567 loading class org/bytedeco/llvm/LLVM/LLVMNamedMDNodeRef
Event: 0.567 loading class org/bytedeco/llvm/LLVM/LLVMNamedMDNodeRef done
Event: 0.567 loading class org/bytedeco/llvm/LLVM/LLVMUseRef
Event: 0.567 loading class org/bytedeco/llvm/LLVM/LLVMUseRef done
Event: 0.571 loading class org/bytedeco/javacpp/PointerScope
Event: 0.571 loading class org/bytedeco/javacpp/PointerScope done
Event: 0.572 loading class org/bytedeco/javacpp/PointerScope$1
Event: 0.572 loading class org/bytedeco/javacpp/PointerScope$1 done


Dynamic libraries:
86a00000-8e400000 rw-p 00000000 00:00 0 
8e400000-ffe00000 ---p 00000000 00:00 0 
ffe00000-ffe48000 rw-p 00b14000 08:20 43898                              /usr/lib/jvm/java-11-openjdk-amd64/lib/server/classes.jsa
ffe48000-fff00000 rw-p 00000000 00:00 0 
fff00000-fff6c000 rw-p 00aa8000 08:20 43898                              /usr/lib/jvm/java-11-openjdk-amd64/lib/server/classes.jsa
fff6c000-100000000 rw-p 00000000 00:00 0 
800000000-800002000 rwxp 00001000 08:20 43898                            /usr/lib/jvm/java-11-openjdk-amd64/lib/server/classes.jsa
800002000-8003ce000 rw-p 00003000 08:20 43898                            /usr/lib/jvm/java-11-openjdk-amd64/lib/server/classes.jsa
8003ce000-800aa6000 r--p 003cf000 08:20 43898                            /usr/lib/jvm/java-11-openjdk-amd64/lib/server/classes.jsa
800aa6000-800aa7000 rw-p 00aa7000 08:20 43898                            /usr/lib/jvm/java-11-openjdk-amd64/lib/server/classes.jsa
840000000-8400c0000 rw-p 00000000 00:00 0 
8400c0000-880000000 ---p 00000000 00:00 0 
56271cd15000-56271cd16000 r--p 00000000 08:20 47754                      /usr/lib/jvm/java-11-openjdk-amd64/bin/java
56271cd16000-56271cd17000 r-xp 00001000 08:20 47754                      /usr/lib/jvm/java-11-openjdk-amd64/bin/java
56271cd17000-56271cd18000 r--p 00002000 08:20 47754                      /usr/lib/jvm/java-11-openjdk-amd64/bin/java
56271cd18000-56271cd19000 r--p 00002000 08:20 47754                      /usr/lib/jvm/java-11-openjdk-amd64/bin/java
56271cd19000-56271cd1a000 rw-p 00003000 08:20 47754                      /usr/lib/jvm/java-11-openjdk-amd64/bin/java
56271d744000-56271d765000 rw-p 00000000 00:00 0                          [heap]
7ff86152c000-7ff861e52000 r--p 00000000 08:20 84032                      /home/w/.javacpp/cache/llvm-13.0.1-1.5.7-linux-x86_64.jar/org/bytedeco/llvm/linux-x86_64/libLLVM-13.so
7ff861e52000-7ff865815000 r-xp 00926000 08:20 84032                      /home/w/.javacpp/cache/llvm-13.0.1-1.5.7-linux-x86_64.jar/org/bytedeco/llvm/linux-x86_64/libLLVM-13.so
7ff865815000-7ff867a6a000 r--p 042e9000 08:20 84032                      /home/w/.javacpp/cache/llvm-13.0.1-1.5.7-linux-x86_64.jar/org/bytedeco/llvm/linux-x86_64/libLLVM-13.so
7ff867a6a000-7ff867f7f000 r--p 0653d000 08:20 84032                      /home/w/.javacpp/cache/llvm-13.0.1-1.5.7-linux-x86_64.jar/org/bytedeco/llvm/linux-x86_64/libLLVM-13.so
7ff867f7f000-7ff867f8a000 rw-p 06a52000 08:20 84032                      /home/w/.javacpp/cache/llvm-13.0.1-1.5.7-linux-x86_64.jar/org/bytedeco/llvm/linux-x86_64/libLLVM-13.so
7ff867f8a000-7ff868000000 rw-p 00000000 00:00 0 
7ff868000000-7ff868021000 rw-p 00000000 00:00 0 
7ff868021000-7ff86c000000 ---p 00000000 00:00 0 
7ff86c000000-7ff86c021000 rw-p 00000000 00:00 0 
7ff86c021000-7ff870000000 ---p 00000000 00:00 0 
7ff873df9000-7ff873e5e000 r--p 00000000 08:20 84037                      /home/w/.javacpp/cache/llvm-13.0.1-1.5.7-linux-x86_64.jar/org/bytedeco/llvm/linux-x86_64/libjniLLVM.so
7ff873e5e000-7ff873ecc000 r-xp 00065000 08:20 84037                      /home/w/.javacpp/cache/llvm-13.0.1-1.5.7-linux-x86_64.jar/org/bytedeco/llvm/linux-x86_64/libjniLLVM.so
7ff873ecc000-7ff873ef7000 r--p 000d3000 08:20 84037                      /home/w/.javacpp/cache/llvm-13.0.1-1.5.7-linux-x86_64.jar/org/bytedeco/llvm/linux-x86_64/libjniLLVM.so
7ff873ef7000-7ff873efa000 r--p 000fd000 08:20 84037                      /home/w/.javacpp/cache/llvm-13.0.1-1.5.7-linux-x86_64.jar/org/bytedeco/llvm/linux-x86_64/libjniLLVM.so
7ff873efa000-7ff873efd000 rw-p 00100000 08:20 84037                      /home/w/.javacpp/cache/llvm-13.0.1-1.5.7-linux-x86_64.jar/org/bytedeco/llvm/linux-x86_64/libjniLLVM.so
7ff873efd000-7ff873eff000 rw-p 00000000 00:00 0 
7ff873eff000-7ff873f03000 ---p 00000000 00:00 0 
7ff873f03000-7ff874000000 rw-p 00000000 00:00 0 
7ff874000000-7ff8740cc000 rw-p 00000000 00:00 0 
7ff8740cc000-7ff878000000 ---p 00000000 00:00 0 
7ff878000000-7ff878021000 rw-p 00000000 00:00 0 
7ff878021000-7ff87c000000 ---p 00000000 00:00 0 
7ff87c000000-7ff87c021000 rw-p 00000000 00:00 0 
7ff87c021000-7ff880000000 ---p 00000000 00:00 0 
7ff880000000-7ff880104000 rw-p 00000000 00:00 0 
7ff880104000-7ff884000000 ---p 00000000 00:00 0 
7ff884000000-7ff884021000 rw-p 00000000 00:00 0 
7ff884021000-7ff888000000 ---p 00000000 00:00 0 
7ff888000000-7ff8881e6000 rw-p 00000000 00:00 0 
7ff8881e6000-7ff88c000000 ---p 00000000 00:00 0 
7ff88c000000-7ff88c1ff000 rw-p 00000000 00:00 0 
7ff88c1ff000-7ff890000000 ---p 00000000 00:00 0 
7ff890000000-7ff89019c000 rw-p 00000000 00:00 0 
7ff89019c000-7ff894000000 ---p 00000000 00:00 0 
7ff894000000-7ff894021000 rw-p 00000000 00:00 0 
7ff894021000-7ff898000000 ---p 00000000 00:00 0 
7ff898000000-7ff898021000 rw-p 00000000 00:00 0 
7ff898021000-7ff89c000000 ---p 00000000 00:00 0 
7ff89c000000-7ff89c021000 rw-p 00000000 00:00 0 
7ff89c021000-7ff8a0000000 ---p 00000000 00:00 0 
7ff8a0000000-7ff8a0021000 rw-p 00000000 00:00 0 
7ff8a0021000-7ff8a4000000 ---p 00000000 00:00 0 
7ff8a4000000-7ff8a4021000 rw-p 00000000 00:00 0 
7ff8a4021000-7ff8a8000000 ---p 00000000 00:00 0 
7ff8a8000000-7ff8a8021000 rw-p 00000000 00:00 0 
7ff8a8021000-7ff8ac000000 ---p 00000000 00:00 0 
7ff8ac000000-7ff8ac021000 rw-p 00000000 00:00 0 
7ff8ac021000-7ff8b0000000 ---p 00000000 00:00 0 
7ff8b0000000-7ff8b0021000 rw-p 00000000 00:00 0 
7ff8b0021000-7ff8b4000000 ---p 00000000 00:00 0 
7ff8b407c000-7ff8b407d000 ---p 00000000 00:00 0 
7ff8b407d000-7ff8b417d000 rw-p 00000000 00:00 0 
7ff8b417d000-7ff8b4181000 ---p 00000000 00:00 0 
7ff8b4181000-7ff8b427e000 rw-p 00000000 00:00 0 
7ff8b427e000-7ff8b4282000 ---p 00000000 00:00 0 
7ff8b4282000-7ff8b437f000 rw-p 00000000 00:00 0 
7ff8b437f000-7ff8b4383000 r--p 00000000 08:20 47903                      /usr/lib/jvm/java-11-openjdk-amd64/lib/libnet.so
7ff8b4383000-7ff8b4391000 r-xp 00004000 08:20 47903                      /usr/lib/jvm/java-11-openjdk-amd64/lib/libnet.so
7ff8b4391000-7ff8b4395000 r--p 00012000 08:20 47903                      /usr/lib/jvm/java-11-openjdk-amd64/lib/libnet.so
7ff8b4395000-7ff8b4396000 r--p 00015000 08:20 47903                      /usr/lib/jvm/java-11-openjdk-amd64/lib/libnet.so
7ff8b4396000-7ff8b4397000 rw-p 00016000 08:20 47903                      /usr/lib/jvm/java-11-openjdk-amd64/lib/libnet.so
7ff8b4397000-7ff8b439b000 ---p 00000000 00:00 0 
7ff8b439b000-7ff8b4498000 rw-p 00000000 00:00 0 
7ff8b4498000-7ff8b449c000 ---p 00000000 00:00 0 
7ff8b449c000-7ff8b4599000 rw-p 00000000 00:00 0 
7ff8b4599000-7ff8b459d000 ---p 00000000 00:00 0 
7ff8b459d000-7ff8b469a000 rw-p 00000000 00:00 0 
7ff8b469a000-7ff8b469e000 ---p 00000000 00:00 0 
7ff8b469e000-7ff8b479b000 rw-p 00000000 00:00 0 
7ff8b479b000-7ff8b479f000 ---p 00000000 00:00 0 
7ff8b479f000-7ff8b489c000 rw-p 00000000 00:00 0 
7ff8b489c000-7ff8b48a0000 ---p 00000000 00:00 0 
7ff8b48a0000-7ff8b499d000 rw-p 00000000 00:00 0 
7ff8b499d000-7ff8b49a1000 ---p 00000000 00:00 0 
7ff8b49a1000-7ff8b4a9e000 rw-p 00000000 00:00 0 
7ff8b4a9e000-7ff8b4aa2000 ---p 00000000 00:00 0 
7ff8b4aa2000-7ff8b4b9f000 rw-p 00000000 00:00 0 
7ff8b4b9f000-7ff8b4d12000 r--p 00000000 08:20 22157                      /usr/lib/locale/C.UTF-8/LC_COLLATE
7ff8b4d12000-7ff8b4ff8000 r--p 00000000 08:20 2680                       /usr/lib/locale/locale-archive
7ff8b4ff8000-7ff8b4ffc000 ---p 00000000 00:00 0 
7ff8b4ffc000-7ff8b50f9000 rw-p 00000000 00:00 0 
7ff8b50f9000-7ff8b50fd000 ---p 00000000 00:00 0 
7ff8b50fd000-7ff8b51fa000 rw-p 00000000 00:00 0 
7ff8b51fa000-7ff8b51fb000 ---p 00000000 00:00 0 
7ff8b51fb000-7ff8b58bb000 rw-p 00000000 00:00 0 
7ff8b58bb000-7ff8b5afb000 ---p 00000000 00:00 0 
7ff8b5afb000-7ff8b5afc000 ---p 00000000 00:00 0 
7ff8b5afc000-7ff8b5bfc000 rw-p 00000000 00:00 0 
7ff8b5bfc000-7ff8b5bfd000 ---p 00000000 00:00 0 
7ff8b5bfd000-7ff8b8000000 rw-p 00000000 00:00 0 
7ff8b8000000-7ff8b8021000 rw-p 00000000 00:00 0 
7ff8b8021000-7ff8bc000000 ---p 00000000 00:00 0 
7ff8bc04d000-7ff8bc538000 rw-p 00000000 00:00 0 
7ff8bc538000-7ff8be1a0000 ---p 00000000 00:00 0 
7ff8be1a0000-7ff8be390000 rw-p 00000000 00:00 0 
7ff8be390000-7ff8bfff8000 ---p 00000000 00:00 0 
7ff8bfff8000-7ff8c0000000 rw-p 00000000 00:00 0 
7ff8c0000000-7ff8c0021000 rw-p 00000000 00:00 0 
7ff8c0021000-7ff8c4000000 ---p 00000000 00:00 0 
7ff8c4005000-7ff8c400c000 r--p 00000000 08:20 47904                      /usr/lib/jvm/java-11-openjdk-amd64/lib/libnio.so
7ff8c400c000-7ff8c4014000 r-xp 00007000 08:20 47904                      /usr/lib/jvm/java-11-openjdk-amd64/lib/libnio.so
7ff8c4014000-7ff8c4017000 r--p 0000f000 08:20 47904                      /usr/lib/jvm/java-11-openjdk-amd64/lib/libnio.so
7ff8c4017000-7ff8c4018000 r--p 00011000 08:20 47904                      /usr/lib/jvm/java-11-openjdk-amd64/lib/libnio.so
7ff8c4018000-7ff8c4019000 rw-p 00012000 08:20 47904                      /usr/lib/jvm/java-11-openjdk-amd64/lib/libnio.so
7ff8c402a000-7ff8c402b000 r--p 00000000 08:20 84035                      /home/w/.javacpp/cache/llvm-13.0.1-1.5.7-linux-x86_64.jar/org/bytedeco/llvm/linux-x86_64/libRemarks.so.13
7ff8c402b000-7ff8c402c000 r-xp 00001000 08:20 84035                      /home/w/.javacpp/cache/llvm-13.0.1-1.5.7-linux-x86_64.jar/org/bytedeco/llvm/linux-x86_64/libRemarks.so.13
7ff8c402c000-7ff8c402d000 r--p 00002000 08:20 84035                      /home/w/.javacpp/cache/llvm-13.0.1-1.5.7-linux-x86_64.jar/org/bytedeco/llvm/linux-x86_64/libRemarks.so.13
7ff8c402d000-7ff8c402e000 r--p 00002000 08:20 84035                      /home/w/.javacpp/cache/llvm-13.0.1-1.5.7-linux-x86_64.jar/org/bytedeco/llvm/linux-x86_64/libRemarks.so.13
7ff8c402e000-7ff8c402f000 rw-p 00003000 08:20 84035                      /home/w/.javacpp/cache/llvm-13.0.1-1.5.7-linux-x86_64.jar/org/bytedeco/llvm/linux-x86_64/libRemarks.so.13
7ff8c402f000-7ff8c4036000 r--p 00000000 08:20 84033                      /home/w/.javacpp/cache/llvm-13.0.1-1.5.7-linux-x86_64.jar/org/bytedeco/llvm/linux-x86_64/libLTO.so.13
7ff8c4036000-7ff8c403e000 r-xp 00007000 08:20 84033                      /home/w/.javacpp/cache/llvm-13.0.1-1.5.7-linux-x86_64.jar/org/bytedeco/llvm/linux-x86_64/libLTO.so.13
7ff8c403e000-7ff8c4040000 r--p 0000f000 08:20 84033                      /home/w/.javacpp/cache/llvm-13.0.1-1.5.7-linux-x86_64.jar/org/bytedeco/llvm/linux-x86_64/libLTO.so.13
7ff8c4040000-7ff8c4041000 r--p 00010000 08:20 84033                      /home/w/.javacpp/cache/llvm-13.0.1-1.5.7-linux-x86_64.jar/org/bytedeco/llvm/linux-x86_64/libLTO.so.13
7ff8c4041000-7ff8c4042000 rw-p 00011000 08:20 84033                      /home/w/.javacpp/cache/llvm-13.0.1-1.5.7-linux-x86_64.jar/org/bytedeco/llvm/linux-x86_64/libLTO.so.13
7ff8c4042000-7ff8c4046000 r--p 00000000 08:20 84026                      /home/w/.javacpp/cache/javacpp-1.5.7-linux-x86_64.jar/org/bytedeco/javacpp/linux-x86_64/libjnijavacpp.so
7ff8c4046000-7ff8c404d000 r-xp 00004000 08:20 84026                      /home/w/.javacpp/cache/javacpp-1.5.7-linux-x86_64.jar/org/bytedeco/javacpp/linux-x86_64/libjnijavacpp.so
7ff8c404d000-7ff8c4051000 r--p 0000b000 08:20 84026                      /home/w/.javacpp/cache/javacpp-1.5.7-linux-x86_64.jar/org/bytedeco/javacpp/linux-x86_64/libjnijavacpp.so
7ff8c4051000-7ff8c4052000 r--p 0000e000 08:20 84026                      /home/w/.javacpp/cache/javacpp-1.5.7-linux-x86_64.jar/org/bytedeco/javacpp/linux-x86_64/libjnijavacpp.so
7ff8c4052000-7ff8c4053000 rw-p 0000f000 08:20 84026                      /home/w/.javacpp/cache/javacpp-1.5.7-linux-x86_64.jar/org/bytedeco/javacpp/linux-x86_64/libjnijavacpp.so
7ff8c4053000-7ff8c47db000 rw-p 00000000 00:00 0 
7ff8c47db000-7ff8c4a4b000 rwxp 00000000 00:00 0 
7ff8c4a4b000-7ff8c4f1a000 ---p 00000000 00:00 0 
7ff8c4f1a000-7ff8c518a000 rwxp 00000000 00:00 0 
7ff8c518a000-7ff8cc37a000 ---p 00000000 00:00 0 
7ff8cc37a000-7ff8cc5ea000 rwxp 00000000 00:00 0 
7ff8cc5ea000-7ff8d37db000 ---p 00000000 00:00 0 
7ff8d37db000-7ff8dc000000 r--s 00000000 08:20 47913                      /usr/lib/jvm/java-11-openjdk-amd64/lib/modules
7ff8dc000000-7ff8dc45b000 rw-p 00000000 00:00 0 
7ff8dc45b000-7ff8e0000000 ---p 00000000 00:00 0 
7ff8e0003000-7ff8e0004000 r--p 00000000 08:20 47885                      /usr/lib/jvm/java-11-openjdk-amd64/lib/libextnet.so
7ff8e0004000-7ff8e0005000 r-xp 00001000 08:20 47885                      /usr/lib/jvm/java-11-openjdk-amd64/lib/libextnet.so
7ff8e0005000-7ff8e0006000 r--p 00002000 08:20 47885                      /usr/lib/jvm/java-11-openjdk-amd64/lib/libextnet.so
7ff8e0006000-7ff8e0007000 r--p 00002000 08:20 47885                      /usr/lib/jvm/java-11-openjdk-amd64/lib/libextnet.so
7ff8e0007000-7ff8e0008000 rw-p 00003000 08:20 47885                      /usr/lib/jvm/java-11-openjdk-amd64/lib/libextnet.so
7ff8e0008000-7ff8e003a000 r--p 00000000 08:20 22158                      /usr/lib/locale/C.UTF-8/LC_CTYPE
7ff8e003a000-7ff8e003b000 r--p 00000000 08:20 22164                      /usr/lib/locale/C.UTF-8/LC_NUMERIC
7ff8e003b000-7ff8e003c000 r--p 00000000 08:20 22167                      /usr/lib/locale/C.UTF-8/LC_TIME
7ff8e003c000-7ff8e003d000 r--p 00000000 08:20 22162                      /usr/lib/locale/C.UTF-8/LC_MONETARY
7ff8e003d000-7ff8e003e000 r--p 00000000 08:20 22161                      /usr/lib/locale/C.UTF-8/LC_MESSAGES/SYS_LC_MESSAGES
7ff8e003e000-7ff8e003f000 r--p 00000000 08:20 22165                      /usr/lib/locale/C.UTF-8/LC_PAPER
7ff8e003f000-7ff8e0040000 r--p 00000000 08:20 22163                      /usr/lib/locale/C.UTF-8/LC_NAME
7ff8e0040000-7ff8e0047000 r--s 00000000 08:20 42067                      /usr/lib/x86_64-linux-gnu/gconv/gconv-modules.cache
7ff8e0047000-7ff8e00a2000 rw-p 00000000 00:00 0 
7ff8e00a2000-7ff8e00a3000 ---p 00000000 00:00 0 
7ff8e00a3000-7ff8e01a3000 rw-p 00000000 00:00 0 
7ff8e01a3000-7ff8e01a4000 ---p 00000000 00:00 0 
7ff8e01a4000-7ff8e039b000 rw-p 00000000 00:00 0 
7ff8e039b000-7ff8e0728000 ---p 00000000 00:00 0 
7ff8e0728000-7ff8e0766000 rw-p 00000000 00:00 0 
7ff8e0766000-7ff8e0af3000 ---p 00000000 00:00 0 
7ff8e0af3000-7ff8e0b31000 rw-p 00000000 00:00 0 
7ff8e0b31000-7ff8e0ebe000 ---p 00000000 00:00 0 
7ff8e0ebe000-7ff8e1bcc000 rw-p 00000000 00:00 0 
7ff8e1bcc000-7ff8e1bcd000 ---p 00000000 00:00 0 
7ff8e1bcd000-7ff8e1cd2000 rw-p 00000000 00:00 0 
7ff8e1cd2000-7ff8e1db6000 ---p 00000000 00:00 0 
7ff8e1db6000-7ff8e1dbb000 rw-p 00000000 00:00 0 
7ff8e1dbb000-7ff8e1e9f000 ---p 00000000 00:00 0 
7ff8e1e9f000-7ff8e1ea4000 rw-p 00000000 00:00 0 
7ff8e1ea4000-7ff8e1eae000 ---p 00000000 00:00 0 
7ff8e1eae000-7ff8e1eb0000 r--p 00000000 08:20 47912                      /usr/lib/jvm/java-11-openjdk-amd64/lib/libzip.so
7ff8e1eb0000-7ff8e1eb5000 r-xp 00002000 08:20 47912                      /usr/lib/jvm/java-11-openjdk-amd64/lib/libzip.so
7ff8e1eb5000-7ff8e1eb7000 r--p 00007000 08:20 47912                      /usr/lib/jvm/java-11-openjdk-amd64/lib/libzip.so
7ff8e1eb7000-7ff8e1eb8000 r--p 00008000 08:20 47912                      /usr/lib/jvm/java-11-openjdk-amd64/lib/libzip.so
7ff8e1eb8000-7ff8e1eb9000 rw-p 00009000 08:20 47912                      /usr/lib/jvm/java-11-openjdk-amd64/lib/libzip.so
7ff8e1eb9000-7ff8e1ebc000 r--p 00000000 08:20 41808                      /usr/lib/x86_64-linux-gnu/libnss_files-2.31.so
7ff8e1ebc000-7ff8e1ec3000 r-xp 00003000 08:20 41808                      /usr/lib/x86_64-linux-gnu/libnss_files-2.31.so
7ff8e1ec3000-7ff8e1ec5000 r--p 0000a000 08:20 41808                      /usr/lib/x86_64-linux-gnu/libnss_files-2.31.so
7ff8e1ec5000-7ff8e1ec6000 r--p 0000b000 08:20 41808                      /usr/lib/x86_64-linux-gnu/libnss_files-2.31.so
7ff8e1ec6000-7ff8e1ec7000 rw-p 0000c000 08:20 41808                      /usr/lib/x86_64-linux-gnu/libnss_files-2.31.so
7ff8e1ec7000-7ff8e1ecd000 rw-p 00000000 00:00 0 
7ff8e1ecd000-7ff8e1ece000 r--p 00000000 08:20 22156                      /usr/lib/locale/C.UTF-8/LC_ADDRESS
7ff8e1ece000-7ff8e1ecf000 r--p 00000000 08:20 22166                      /usr/lib/locale/C.UTF-8/LC_TELEPHONE
7ff8e1ecf000-7ff8e1ed7000 rw-s 00000000 08:20 84145                      /tmp/hsperfdata_w/228617
7ff8e1ed7000-7ff8e1ed9000 r--p 00000000 08:20 47887                      /usr/lib/jvm/java-11-openjdk-amd64/lib/libinstrument.so
7ff8e1ed9000-7ff8e1ee0000 r-xp 00002000 08:20 47887                      /usr/lib/jvm/java-11-openjdk-amd64/lib/libinstrument.so
7ff8e1ee0000-7ff8e1ee3000 r--p 00009000 08:20 47887                      /usr/lib/jvm/java-11-openjdk-amd64/lib/libinstrument.so
7ff8e1ee3000-7ff8e1ee4000 r--p 0000b000 08:20 47887                      /usr/lib/jvm/java-11-openjdk-amd64/lib/libinstrument.so
7ff8e1ee4000-7ff8e1ee5000 rw-p 0000c000 08:20 47887                      /usr/lib/jvm/java-11-openjdk-amd64/lib/libinstrument.so
7ff8e1ee5000-7ff8e1ee6000 ---p 00000000 00:00 0 
7ff8e1ee6000-7ff8e1ee7000 r--p 00000000 00:00 0 
7ff8e1ee7000-7ff8e1ef5000 r--p 00000000 08:20 47892                      /usr/lib/jvm/java-11-openjdk-amd64/lib/libjava.so
7ff8e1ef5000-7ff8e1f0b000 r-xp 0000e000 08:20 47892                      /usr/lib/jvm/java-11-openjdk-amd64/lib/libjava.so
7ff8e1f0b000-7ff8e1f12000 r--p 00024000 08:20 47892                      /usr/lib/jvm/java-11-openjdk-amd64/lib/libjava.so
7ff8e1f12000-7ff8e1f13000 r--p 0002a000 08:20 47892                      /usr/lib/jvm/java-11-openjdk-amd64/lib/libjava.so
7ff8e1f13000-7ff8e1f14000 rw-p 0002b000 08:20 47892                      /usr/lib/jvm/java-11-openjdk-amd64/lib/libjava.so
7ff8e1f14000-7ff8e1f15000 rw-p 00000000 00:00 0 
7ff8e1f15000-7ff8e1f1a000 r--p 00000000 08:20 47911                      /usr/lib/jvm/java-11-openjdk-amd64/lib/libverify.so
7ff8e1f1a000-7ff8e1f21000 r-xp 00005000 08:20 47911                      /usr/lib/jvm/java-11-openjdk-amd64/lib/libverify.so
7ff8e1f21000-7ff8e1f23000 r--p 0000c000 08:20 47911                      /usr/lib/jvm/java-11-openjdk-amd64/lib/libverify.so
7ff8e1f23000-7ff8e1f24000 ---p 0000e000 08:20 47911                      /usr/lib/jvm/java-11-openjdk-amd64/lib/libverify.so
7ff8e1f24000-7ff8e1f26000 r--p 0000e000 08:20 47911                      /usr/lib/jvm/java-11-openjdk-amd64/lib/libverify.so
7ff8e1f26000-7ff8e1f27000 rw-p 00010000 08:20 47911                      /usr/lib/jvm/java-11-openjdk-amd64/lib/libverify.so
7ff8e1f27000-7ff8e1f29000 r--p 00000000 08:20 41815                      /usr/lib/x86_64-linux-gnu/librt-2.31.so
7ff8e1f29000-7ff8e1f2d000 r-xp 00002000 08:20 41815                      /usr/lib/x86_64-linux-gnu/librt-2.31.so
7ff8e1f2d000-7ff8e1f2f000 r--p 00006000 08:20 41815                      /usr/lib/x86_64-linux-gnu/librt-2.31.so
7ff8e1f2f000-7ff8e1f30000 r--p 00007000 08:20 41815                      /usr/lib/x86_64-linux-gnu/librt-2.31.so
7ff8e1f30000-7ff8e1f31000 rw-p 00008000 08:20 41815                      /usr/lib/x86_64-linux-gnu/librt-2.31.so
7ff8e1f31000-7ff8e1f35000 ---p 00000000 00:00 0 
7ff8e1f35000-7ff8e2032000 rw-p 00000000 00:00 0 
7ff8e2032000-7ff8e2035000 r--p 00000000 08:20 41776                      /usr/lib/x86_64-linux-gnu/libgcc_s.so.1
7ff8e2035000-7ff8e2047000 r-xp 00003000 08:20 41776                      /usr/lib/x86_64-linux-gnu/libgcc_s.so.1
7ff8e2047000-7ff8e204b000 r--p 00015000 08:20 41776                      /usr/lib/x86_64-linux-gnu/libgcc_s.so.1
7ff8e204b000-7ff8e204c000 r--p 00018000 08:20 41776                      /usr/lib/x86_64-linux-gnu/libgcc_s.so.1
7ff8e204c000-7ff8e204d000 rw-p 00019000 08:20 41776                      /usr/lib/x86_64-linux-gnu/libgcc_s.so.1
7ff8e204d000-7ff8e205a000 r--p 00000000 08:20 41802                      /usr/lib/x86_64-linux-gnu/libm-2.31.so
7ff8e205a000-7ff8e2101000 r-xp 0000d000 08:20 41802                      /usr/lib/x86_64-linux-gnu/libm-2.31.so
7ff8e2101000-7ff8e219a000 r--p 000b4000 08:20 41802                      /usr/lib/x86_64-linux-gnu/libm-2.31.so
7ff8e219a000-7ff8e219b000 r--p 0014c000 08:20 41802                      /usr/lib/x86_64-linux-gnu/libm-2.31.so
7ff8e219b000-7ff8e219c000 rw-p 0014d000 08:20 41802                      /usr/lib/x86_64-linux-gnu/libm-2.31.so
7ff8e219c000-7ff8e2232000 r--p 00000000 08:20 40202                      /usr/lib/x86_64-linux-gnu/libstdc++.so.6.0.28
7ff8e2232000-7ff8e2323000 r-xp 00096000 08:20 40202                      /usr/lib/x86_64-linux-gnu/libstdc++.so.6.0.28
7ff8e2323000-7ff8e236c000 r--p 00187000 08:20 40202                      /usr/lib/x86_64-linux-gnu/libstdc++.so.6.0.28
7ff8e236c000-7ff8e236d000 ---p 001d0000 08:20 40202                      /usr/lib/x86_64-linux-gnu/libstdc++.so.6.0.28
7ff8e236d000-7ff8e2378000 r--p 001d0000 08:20 40202                      /usr/lib/x86_64-linux-gnu/libstdc++.so.6.0.28
7ff8e2378000-7ff8e237b000 rw-p 001db000 08:20 40202                      /usr/lib/x86_64-linux-gnu/libstdc++.so.6.0.28
7ff8e237b000-7ff8e237e000 rw-p 00000000 00:00 0 
7ff8e237e000-7ff8e2600000 r--p 00000000 08:20 47918                      /usr/lib/jvm/java-11-openjdk-amd64/lib/server/libjvm.so
7ff8e2600000-7ff8e328d000 r-xp 00282000 08:20 47918                      /usr/lib/jvm/java-11-openjdk-amd64/lib/server/libjvm.so
7ff8e328d000-7ff8e34ee000 r--p 00f0f000 08:20 47918                      /usr/lib/jvm/java-11-openjdk-amd64/lib/server/libjvm.so
7ff8e34ee000-7ff8e34ef000 ---p 01170000 08:20 47918                      /usr/lib/jvm/java-11-openjdk-amd64/lib/server/libjvm.so
7ff8e34ef000-7ff8e35b3000 r--p 01170000 08:20 47918                      /usr/lib/jvm/java-11-openjdk-amd64/lib/server/libjvm.so
7ff8e35b3000-7ff8e35ee000 rw-p 01234000 08:20 47918                      /usr/lib/jvm/java-11-openjdk-amd64/lib/server/libjvm.so
7ff8e35ee000-7ff8e3647000 rw-p 00000000 00:00 0 
7ff8e3647000-7ff8e3669000 r--p 00000000 08:20 41800                      /usr/lib/x86_64-linux-gnu/libc-2.31.so
7ff8e3669000-7ff8e37e1000 r-xp 00022000 08:20 41800                      /usr/lib/x86_64-linux-gnu/libc-2.31.so
7ff8e37e1000-7ff8e382f000 r--p 0019a000 08:20 41800                      /usr/lib/x86_64-linux-gnu/libc-2.31.so
7ff8e382f000-7ff8e3833000 r--p 001e7000 08:20 41800                      /usr/lib/x86_64-linux-gnu/libc-2.31.so
7ff8e3833000-7ff8e3835000 rw-p 001eb000 08:20 41800                      /usr/lib/x86_64-linux-gnu/libc-2.31.so
7ff8e3835000-7ff8e3839000 rw-p 00000000 00:00 0 
7ff8e3839000-7ff8e383a000 r--p 00000000 08:20 41801                      /usr/lib/x86_64-linux-gnu/libdl-2.31.so
7ff8e383a000-7ff8e383c000 r-xp 00001000 08:20 41801                      /usr/lib/x86_64-linux-gnu/libdl-2.31.so
7ff8e383c000-7ff8e383d000 r--p 00003000 08:20 41801                      /usr/lib/x86_64-linux-gnu/libdl-2.31.so
7ff8e383d000-7ff8e383e000 r--p 00003000 08:20 41801                      /usr/lib/x86_64-linux-gnu/libdl-2.31.so
7ff8e383e000-7ff8e383f000 rw-p 00004000 08:20 41801                      /usr/lib/x86_64-linux-gnu/libdl-2.31.so
7ff8e383f000-7ff8e3842000 r--p 00000000 08:20 47877                      /usr/lib/jvm/java-11-openjdk-amd64/lib/jli/libjli.so
7ff8e3842000-7ff8e384c000 r-xp 00003000 08:20 47877                      /usr/lib/jvm/java-11-openjdk-amd64/lib/jli/libjli.so
7ff8e384c000-7ff8e384f000 r--p 0000d000 08:20 47877                      /usr/lib/jvm/java-11-openjdk-amd64/lib/jli/libjli.so
7ff8e384f000-7ff8e3850000 ---p 00010000 08:20 47877                      /usr/lib/jvm/java-11-openjdk-amd64/lib/jli/libjli.so
7ff8e3850000-7ff8e3851000 r--p 00010000 08:20 47877                      /usr/lib/jvm/java-11-openjdk-amd64/lib/jli/libjli.so
7ff8e3851000-7ff8e3852000 rw-p 00011000 08:20 47877                      /usr/lib/jvm/java-11-openjdk-amd64/lib/jli/libjli.so
7ff8e3852000-7ff8e3858000 r--p 00000000 08:20 41813                      /usr/lib/x86_64-linux-gnu/libpthread-2.31.so
7ff8e3858000-7ff8e3869000 r-xp 00006000 08:20 41813                      /usr/lib/x86_64-linux-gnu/libpthread-2.31.so
7ff8e3869000-7ff8e386f000 r--p 00017000 08:20 41813                      /usr/lib/x86_64-linux-gnu/libpthread-2.31.so
7ff8e386f000-7ff8e3870000 r--p 0001c000 08:20 41813                      /usr/lib/x86_64-linux-gnu/libpthread-2.31.so
7ff8e3870000-7ff8e3871000 rw-p 0001d000 08:20 41813                      /usr/lib/x86_64-linux-gnu/libpthread-2.31.so
7ff8e3871000-7ff8e3875000 rw-p 00000000 00:00 0 
7ff8e3875000-7ff8e3877000 r--p 00000000 08:20 13174                      /usr/lib/x86_64-linux-gnu/libz.so.1.2.11
7ff8e3877000-7ff8e3888000 r-xp 00002000 08:20 13174                      /usr/lib/x86_64-linux-gnu/libz.so.1.2.11
7ff8e3888000-7ff8e388e000 r--p 00013000 08:20 13174                      /usr/lib/x86_64-linux-gnu/libz.so.1.2.11
7ff8e388e000-7ff8e388f000 ---p 00019000 08:20 13174                      /usr/lib/x86_64-linux-gnu/libz.so.1.2.11
7ff8e388f000-7ff8e3890000 r--p 00019000 08:20 13174                      /usr/lib/x86_64-linux-gnu/libz.so.1.2.11
7ff8e3890000-7ff8e3891000 rw-p 0001a000 08:20 13174                      /usr/lib/x86_64-linux-gnu/libz.so.1.2.11
7ff8e3891000-7ff8e3892000 r--p 00000000 08:20 22160                      /usr/lib/locale/C.UTF-8/LC_MEASUREMENT
7ff8e3892000-7ff8e3894000 r--p 00000000 08:20 47895                      /usr/lib/jvm/java-11-openjdk-amd64/lib/libjimage.so
7ff8e3894000-7ff8e3897000 r-xp 00002000 08:20 47895                      /usr/lib/jvm/java-11-openjdk-amd64/lib/libjimage.so
7ff8e3897000-7ff8e3898000 r--p 00005000 08:20 47895                      /usr/lib/jvm/java-11-openjdk-amd64/lib/libjimage.so
7ff8e3898000-7ff8e3899000 ---p 00006000 08:20 47895                      /usr/lib/jvm/java-11-openjdk-amd64/lib/libjimage.so
7ff8e3899000-7ff8e389a000 r--p 00006000 08:20 47895                      /usr/lib/jvm/java-11-openjdk-amd64/lib/libjimage.so
7ff8e389a000-7ff8e389b000 rw-p 00007000 08:20 47895                      /usr/lib/jvm/java-11-openjdk-amd64/lib/libjimage.so
7ff8e389b000-7ff8e389d000 rw-p 00000000 00:00 0 
7ff8e389d000-7ff8e389e000 r--p 00000000 08:20 40200                      /usr/lib/x86_64-linux-gnu/ld-2.31.so
7ff8e389e000-7ff8e38c1000 r-xp 00001000 08:20 40200                      /usr/lib/x86_64-linux-gnu/ld-2.31.so
7ff8e38c1000-7ff8e38c9000 r--p 00024000 08:20 40200                      /usr/lib/x86_64-linux-gnu/ld-2.31.so
7ff8e38c9000-7ff8e38ca000 r--p 00000000 08:20 22159                      /usr/lib/locale/C.UTF-8/LC_IDENTIFICATION
7ff8e38ca000-7ff8e38cb000 r--p 0002c000 08:20 40200                      /usr/lib/x86_64-linux-gnu/ld-2.31.so
7ff8e38cb000-7ff8e38cc000 rw-p 0002d000 08:20 40200                      /usr/lib/x86_64-linux-gnu/ld-2.31.so
7ff8e38cc000-7ff8e38cd000 rw-p 00000000 00:00 0 
7ffced4fd000-7ffced51e000 rw-p 00000000 00:00 0                          [stack]
7ffced584000-7ffced588000 r--p 00000000 00:00 0                          [vvar]
7ffced588000-7ffced58a000 r-xp 00000000 00:00 0                          [vdso]


VM Arguments:
jvm_args: -javaagent:/home/w/.cache/JetBrains/RemoteDev/dist/1e68f1562c1c7_ideaIU-2023.1.6/lib/idea_rt.jar=60731:/home/w/.cache/JetBrains/RemoteDev/dist/1e68f1562c1c7_ideaIU-2023.1.6/bin -Dfile.encoding=UTF-8 
java_command: Main
java_class_path (initial): /home/w/.cache/JetBrains/RemoteDev/dist/1e68f1562c1c7_ideaIU-2023.1.6/plugins/remote-dev-server/selfcontained/fontconfig/out/production/Lab:/usr/local/lib/antlr-4.9.1-complete.jar:/usr/local/lib/javacpp-1.5.7-linux-x86_64.jar:/usr/local/lib/javacpp-1.5.7.jar:/usr/local/lib/llvm-13.0.1-1.5.7-linux-x86_64.jar:/usr/local/lib/llvm-13.0.1-1.5.7.jar:/usr/local/lib/llvm-platform-13.0.1-1.5.7.jar
Launcher Type: SUN_STANDARD

[Global flags]
     intx CICompilerCount                          = 12                                        {product} {ergonomic}
     uint ConcGCThreads                            = 3                                         {product} {ergonomic}
     uint G1ConcRefinementThreads                  = 13                                        {product} {ergonomic}
   size_t G1HeapRegionSize                         = 1048576                                   {product} {ergonomic}
    uintx GCDrainStackTargetSize                   = 64                                        {product} {ergonomic}
   size_t InitialHeapSize                          = 127926272                                 {product} {ergonomic}
   size_t MarkStackSize                            = 4194304                                   {product} {ergonomic}
   size_t MaxHeapSize                              = 2036334592                                {product} {ergonomic}
   size_t MaxNewSize                               = 1221591040                                {product} {ergonomic}
   size_t MinHeapDeltaBytes                        = 1048576                                   {product} {ergonomic}
    uintx NonNMethodCodeHeapSize                   = 7594288                                {pd product} {ergonomic}
    uintx NonProfiledCodeHeapSize                  = 122031976                              {pd product} {ergonomic}
    uintx ProfiledCodeHeapSize                     = 122031976                              {pd product} {ergonomic}
    uintx ReservedCodeCacheSize                    = 251658240                              {pd product} {ergonomic}
     bool SegmentedCodeCache                       = true                                      {product} {ergonomic}
     bool UseCompressedClassPointers               = true                                 {lp64_product} {ergonomic}
     bool UseCompressedOops                        = true                                 {lp64_product} {ergonomic}
     bool UseG1GC                                  = true                                      {product} {ergonomic}

Logging:
Log output configuration:
 #0: stdout all=warning uptime,level,tags
 #1: stderr all=off uptime,level,tags

Environment Variables:
PATH=/usr/local/sbin:/usr/local/bin:/usr/sbin:/usr/bin:/sbin:/bin:/usr/games:/usr/local/games:/usr/lib/wsl/lib:/mnt/c/Python312/Scripts/:/mnt/c/Python312/:/mnt/c/Program Files (x86)/Common Files/Oracle/Java/javapath:/mnt/c/Windows/system32:/mnt/c/Windows:/mnt/c/Windows/System32/Wbem:/mnt/c/Windows/System32/WindowsPowerShell/v1.0/:/mnt/c/Windows/System32/OpenSSH/:/mnt/d/mingw64/bin:/mnt/d/codes/vx/web/dll:/mnt/d/cod:/mnt/c/ProgramData/chocolatey/bin:/mnt/c/Users/anti/AppData/Local/Google/Chrome/Application:/mnt/e/web/dll:/mnt/d/cod:/mnt/d/Git/cmd:/mnt/c/Users/anti/AppData/Local/Programs/Python/Python310/Scripts/:/mnt/c/Users/anti/AppData/Local/Programs/Python/Python310/:/mnt/c/Users/anti/AppData/Local/Microsoft/WindowsApps:/mnt/d/CLion 2022.2.3/bin:/mnt/d/Microsoft VS Code/bin:/mnt/d/mingw64/bin:/mnt/f/QQGameTempest/Hall.57915/:/mnt/c/Users/anti/AppData/Local/JetBrains/Toolbox/scripts:/mnt/c/Users/anti/AppData/Local/Microsoft/WindowsApps:/mnt/c/Users/anti/AppData/Local/Pandoc/:/mnt/c/Users/anti/AppData/Roaming/npm:/mnt/d/code/appium:/mnt/d/code/android-sdk-windows/platform-tools:/mnt/d/code/android-sdk-windows/tools:/mnt/c/Program Files/Java/jdk1.8.0_301/bin:/mnt/c/Program Files/Java/jdk1.8.0_301/bin:/mnt/d/code/android-sdk-windows/build-tools/29.0.3:/mnt/d/code/appium/node/:/mnt/f/pyCharm/PyCharm 2024.1/bin:/mnt/e/WebStorm 2023.3.4/bin:/snap/bin
SHELL=/bin/bash
DISPLAY=:0
HOSTTYPE=x86_64
LANG=C.UTF-8
TERM=xterm-256color

Signal Handlers:
SIGSEGV: [libjvm.so+0xe9cbc0], sa_mask[0]=11111111011111111101111111111110, sa_flags=SA_RESTART|SA_SIGINFO
SIGBUS: [libjvm.so+0xe9cbc0], sa_mask[0]=11111111011111111101111111111110, sa_flags=SA_RESTART|SA_SIGINFO
SIGFPE: [libjvm.so+0xe9cbc0], sa_mask[0]=11111111011111111101111111111110, sa_flags=SA_RESTART|SA_SIGINFO
SIGPIPE: [libjvm.so+0xbe3c50], sa_mask[0]=11111111011111111101111111111110, sa_flags=SA_RESTART|SA_SIGINFO
SIGXFSZ: [libjvm.so+0xbe3c50], sa_mask[0]=11111111011111111101111111111110, sa_flags=SA_RESTART|SA_SIGINFO
SIGILL: [libjvm.so+0xe9cbc0], sa_mask[0]=11111111011111111101111111111110, sa_flags=SA_RESTART|SA_SIGINFO
SIGUSR2: [libjvm.so+0xbe3af0], sa_mask[0]=00100000000000000000000000000000, sa_flags=SA_RESTART|SA_SIGINFO
SIGHUP: [libjvm.so+0xbe42b0], sa_mask[0]=11111111011111111101111111111110, sa_flags=SA_RESTART|SA_SIGINFO
SIGINT: [libjvm.so+0xbe42b0], sa_mask[0]=11111111011111111101111111111110, sa_flags=SA_RESTART|SA_SIGINFO
SIGTERM: [libjvm.so+0xbe42b0], sa_mask[0]=11111111011111111101111111111110, sa_flags=SA_RESTART|SA_SIGINFO
SIGQUIT: [libjvm.so+0xbe42b0], sa_mask[0]=11111111011111111101111111111110, sa_flags=SA_RESTART|SA_SIGINFO


---------------  S Y S T E M  ---------------

OS:DISTRIB_ID=Ubuntu
DISTRIB_RELEASE=20.04
DISTRIB_CODENAME=focal
DISTRIB_DESCRIPTION="Ubuntu 20.04.6 LTS"
uname:Linux 5.15.153.1-microsoft-standard-WSL2 #1 SMP Fri Mar 29 23:14:13 UTC 2024 x86_64
OS uptime: 0 days 14:26 hours
libc:glibc 2.31 NPTL 2.31 
rlimit (soft/hard): STACK 8192k/infinity , CORE 0k/infinity , NPROC 31039/31039 , NOFILE 1048576/1048576 , AS infinity/infinity , CPU infinity/infinity , DATA infinity/infinity , FSIZE infinity/infinity , MEMLOCK 65536k/65536k
load average:1.12 1.01 0.87

/proc/meminfo:
MemTotal:        7952732 kB
MemFree:         2645932 kB
MemAvailable:    3738044 kB
Buffers:           30300 kB
Cached:          1205544 kB
SwapCached:          448 kB
Active:           652052 kB
Inactive:        3944860 kB
Active(anon):       5268 kB
Inactive(anon):  3359548 kB
Active(file):     646784 kB
Inactive(file):   585312 kB
Unevictable:           0 kB
Mlocked:               0 kB
SwapTotal:       2097152 kB
SwapFree:        2068752 kB
Dirty:              3812 kB
Writeback:             0 kB
AnonPages:       3353712 kB
Mapped:           962536 kB
Shmem:              3748 kB
KReclaimable:     151188 kB
Slab:             268804 kB
SReclaimable:     151188 kB
SUnreclaim:       117616 kB
KernelStack:        8464 kB
PageTables:        15488 kB
NFS_Unstable:          0 kB
Bounce:                0 kB
WritebackTmp:          0 kB
CommitLimit:     6073516 kB
Committed_AS:    3950676 kB
VmallocTotal:   34359738367 kB
VmallocUsed:      104924 kB
VmallocChunk:          0 kB
Percpu:            10368 kB
AnonHugePages:   2682880 kB
ShmemHugePages:        0 kB
ShmemPmdMapped:        0 kB
FileHugePages:         0 kB
FilePmdMapped:         0 kB
HugePages_Total:       0
HugePages_Free:        0
HugePages_Rsvd:        0
HugePages_Surp:        0
Hugepagesize:       2048 kB
Hugetlb:               0 kB
DirectMap4k:      134144 kB
DirectMap2M:     7020544 kB
DirectMap1G:     9437184 kB

/sys/kernel/mm/transparent_hugepage/enabled:
[always] madvise never
/sys/kernel/mm/transparent_hugepage/defrag (defrag/compaction efforts parameter):
always defer defer+madvise [madvise] never

Process Memory:
Virtual Size: 5117672K (peak: 13431804K)
Resident Set Size: 103204K (peak: 103204K) (anon: 46956K, file: 56248K, shmem: 0K)
Swapped out: 0K
C-Heap outstanding allocations: 38427K, retained: 3264K
glibc malloc tunables: (default)

/proc/sys/kernel/threads-max (system-wide limit on the number of threads):
62078
/proc/sys/vm/max_map_count (maximum number of memory map areas a process may have):
65530
/proc/sys/kernel/pid_max (system-wide limit on number of process identifiers):
4194304

container (cgroup) information:
container_type: cgroupv1
cpu_cpuset_cpus: 0-15
cpu_memory_nodes: 0
active_processor_count: 16
cpu_quota: no quota
cpu_period: 100000
cpu_shares: no shares
memory_limit_in_bytes: unlimited
memory_and_swap_limit_in_bytes: unlimited
memory_soft_limit_in_bytes: unlimited
memory_usage_in_bytes: 4590140 k
memory_max_usage_in_bytes: 695652 k
kernel_memory_usage_in_bytes: 46964 k
kernel_memory_max_usage_in_bytes: unlimited
kernel_memory_limit_in_bytes: 56988 k
maximum number of tasks: not supported
current number of tasks: not supported

Hyper-V virtualization detected
Steal ticks since vm start: 0
Steal ticks percentage since vm start:  0.000

CPU:total 16 (initial active 16) (8 cores per cpu, 2 threads per core) family 6 model 154 stepping 3 microcode 0xffffffff, cmov, cx8, fxsr, mmx, sse, sse2, sse3, ssse3, sse4.1, sse4.2, popcnt, avx, avx2, aes, clmul, erms, 3dnowpref, lzcnt, ht, tsc, tscinvbit, bmi1, bmi2, adx, sha, fma
CPU Model and flags from /proc/cpuinfo:
model name	: 12th Gen Intel(R) Core(TM) i5-1240P
flags		: fpu vme de pse tsc msr pae mce cx8 apic sep mtrr pge mca cmov pat pse36 clflush mmx fxsr sse sse2 ss ht syscall nx pdpe1gb rdtscp lm constant_tsc rep_good nopl xtopology tsc_reliable nonstop_tsc cpuid pni pclmulqdq ssse3 fma cx16 sse4_1 sse4_2 x2apic movbe popcnt tsc_deadline_timer aes xsave avx f16c rdrand hypervisor lahf_lm abm 3dnowprefetch ssbd ibrs ibpb stibp ibrs_enhanced fsgsbase tsc_adjust bmi1 avx2 smep bmi2 erms invpcid rdseed adx smap clflushopt clwb sha_ni xsaveopt xsavec xgetbv1 xsaves avx_vnni umip waitpkg gfni vaes vpclmulqdq rdpid movdiri movdir64b fsrm md_clear serialize flush_l1d arch_capabilities
Online cpus:
0-15
Offline cpus:

BIOS frequency limitation:
<Not Available>
Frequency switch latency (ns):
<Not Available>
Available cpu frequencies:
<Not Available>
Current governor:
<Not Available>
Core performance/turbo boost:
<Not Available>

Memory: 4k page, physical 7952732k(2645932k free), swap 2097152k(2068752k free)

vm_info: OpenJDK 64-Bit Server VM (11.0.22+7-post-Ubuntu-0ubuntu220.04.1) for linux-amd64 JRE (11.0.22+7-post-Ubuntu-0ubuntu220.04.1), built on Feb  5 2024 20:49:28 by "unknown" with gcc 10.5.0

END.
