#
# A fatal error has been detected by the Java Runtime Environment:
#
#  SIGSEGV (0xb) at pc=0x00007f2f36158882, pid=4789, tid=4791
#
# JRE version: OpenJDK Runtime Environment (11.0.22+7) (build 11.0.22+7-post-Ubuntu-0ubuntu220.04.1)
# Java VM: OpenJDK 64-Bit Server VM (11.0.22+7-post-Ubuntu-0ubuntu220.04.1, mixed mode, sharing, tiered, compressed oops, g1 gc, linux-amd64)
# Problematic frame:
# C  [libLLVM-13.so+0xc2c882]  LLVMBuildLoad+0x12
#
# No core dump will be written. Core dumps have been disabled. To enable core dumping, try "ulimit -c unlimited" before starting Java again
#
# If you would like to submit a bug report, please visit:
#   https://bugs.launchpad.net/ubuntu/+source/openjdk-lts
# The crash happened outside the Java Virtual Machine in native code.
# See problematic frame for where to report the bug.
#

---------------  S U M M A R Y ------------

Command Line: -javaagent:/home/w/.cache/JetBrains/RemoteDev/dist/2b05049c6fa27_ideaIU-232.9921.28/lib/idea_rt.jar=60803:/home/w/.cache/JetBrains/RemoteDev/dist/2b05049c6fa27_ideaIU-232.9921.28/bin -Dfile.encoding=UTF-8 Main

Host: 12th Gen Intel(R) Core(TM) i5-1240P, 16 cores, 7G, Ubuntu 20.04.6 LTS
Time: Mon May 27 14:24:50 2024 CST elapsed time: 0.474372 seconds (0d 0h 0m 0s)

---------------  T H R E A D  ---------------

Current thread (0x00007f2fac017800):  JavaThread "main" [_thread_in_native, id=4791, stack(0x00007f2fb0278000,0x00007f2fb0379000)]

Stack: [0x00007f2fb0278000,0x00007f2fb0379000],  sp=0x00007f2fb0376ad0,  free space=1018k
Native frames: (J=compiled Java code, A=aot compiled Java code, j=interpreted, Vv=VM code, C=native code)
C  [libLLVM-13.so+0xc2c882]  LLVMBuildLoad+0x12

Java frames: (J=compiled Java code, j=interpreted, Vv=VM code)
j  org.bytedeco.llvm.global.LLVM.LLVMBuildLoad(Lorg/bytedeco/llvm/LLVM/LLVMBuilderRef;Lorg/bytedeco/llvm/LLVM/LLVMValueRef;Ljava/lang/String;)Lorg/bytedeco/llvm/LLVM/LLVMValueRef;+0
j  LLVMIRVisitor.visitLValExp(LSysYParser$LValExpContext;)Lorg/bytedeco/llvm/LLVM/LLVMValueRef;+21
j  LLVMIRVisitor.visitLValExp(LSysYParser$LValExpContext;)Ljava/lang/Object;+2
j  SysYParser$LValExpContext.accept(Lorg/antlr/v4/runtime/tree/ParseTreeVisitor;)Ljava/lang/Object;+12
j  org.antlr.v4.runtime.tree.AbstractParseTreeVisitor.visit(Lorg/antlr/v4/runtime/tree/ParseTree;)Ljava/lang/Object;+2
j  LLVMIRVisitor.visitStmt(LSysYParser$StmtContext;)Lorg/bytedeco/llvm/LLVM/LLVMValueRef;+54
j  LLVMIRVisitor.visitStmt(LSysYParser$StmtContext;)Ljava/lang/Object;+2
j  SysYParser$StmtContext.accept(Lorg/antlr/v4/runtime/tree/ParseTreeVisitor;)Ljava/lang/Object;+12
j  org.antlr.v4.runtime.tree.AbstractParseTreeVisitor.visitChildren(Lorg/antlr/v4/runtime/tree/RuleNode;)Ljava/lang/Object;+46
j  SysYParserBaseVisitor.visitBlockItem(LSysYParser$BlockItemContext;)Ljava/lang/Object;+2
j  SysYParser$BlockItemContext.accept(Lorg/antlr/v4/runtime/tree/ParseTreeVisitor;)Ljava/lang/Object;+12
j  org.antlr.v4.runtime.tree.AbstractParseTreeVisitor.visit(Lorg/antlr/v4/runtime/tree/ParseTree;)Ljava/lang/Object;+2
j  LLVMIRVisitor$$Lambda$31.accept(Ljava/lang/Object;)V+11
j  java.util.ArrayList.forEach(Ljava/util/function/Consumer;)V+46 java.base@11.0.22
j  LLVMIRVisitor.visitBlock(LSysYParser$BlockContext;)Lorg/bytedeco/llvm/LLVM/LLVMValueRef;+25
j  LLVMIRVisitor.visitBlock(LSysYParser$BlockContext;)Ljava/lang/Object;+2
j  SysYParser$BlockContext.accept(Lorg/antlr/v4/runtime/tree/ParseTreeVisitor;)Ljava/lang/Object;+12
j  org.antlr.v4.runtime.tree.AbstractParseTreeVisitor.visitChildren(Lorg/antlr/v4/runtime/tree/RuleNode;)Ljava/lang/Object;+46
j  SysYParserBaseVisitor.visitFuncDef(LSysYParser$FuncDefContext;)Ljava/lang/Object;+2
j  LLVMIRVisitor.visitFuncDef(LSysYParser$FuncDefContext;)Lorg/bytedeco/llvm/LLVM/LLVMValueRef;+94
j  LLVMIRVisitor.visitFuncDef(LSysYParser$FuncDefContext;)Ljava/lang/Object;+2
j  SysYParser$FuncDefContext.accept(Lorg/antlr/v4/runtime/tree/ParseTreeVisitor;)Ljava/lang/Object;+12
j  org.antlr.v4.runtime.tree.AbstractParseTreeVisitor.visitChildren(Lorg/antlr/v4/runtime/tree/RuleNode;)Ljava/lang/Object;+46
j  SysYParserBaseVisitor.visitCompUnit(LSysYParser$CompUnitContext;)Ljava/lang/Object;+2
j  SysYParser$CompUnitContext.accept(Lorg/antlr/v4/runtime/tree/ParseTreeVisitor;)Ljava/lang/Object;+12
j  org.antlr.v4.runtime.tree.AbstractParseTreeVisitor.visitChildren(Lorg/antlr/v4/runtime/tree/RuleNode;)Ljava/lang/Object;+46
j  SysYParserBaseVisitor.visitProgram(LSysYParser$ProgramContext;)Ljava/lang/Object;+2
j  LLVMIRVisitor.visitProgram(LSysYParser$ProgramContext;)Lorg/bytedeco/llvm/LLVM/LLVMValueRef;+22
j  LLVMIRVisitor.visitProgram(LSysYParser$ProgramContext;)Ljava/lang/Object;+2
j  SysYParser$ProgramContext.accept(Lorg/antlr/v4/runtime/tree/ParseTreeVisitor;)Ljava/lang/Object;+12
j  org.antlr.v4.runtime.tree.AbstractParseTreeVisitor.visit(Lorg/antlr/v4/runtime/tree/ParseTree;)Ljava/lang/Object;+2
j  Main.main([Ljava/lang/String;)V+62
v  ~StubRoutines::call_stub

siginfo: si_signo: 11 (SIGSEGV), si_code: 1 (SEGV_MAPERR), si_addr: 0x0000000000000000

Register to memory mapping:

RAX=0x00007f2fac426b30 points into unknown readable memory: 0x0000000000000069 | 69 00 00 00 00 00 00 00
RBX=0x0 is NULL
RCX=0x0000000000000069 is an unknown value
RDX=0x00007f2fac426b30 points into unknown readable memory: 0x0000000000000069 | 69 00 00 00 00 00 00 00
RSP=0x00007f2fb0376ad0 is pointing into the stack for thread: 0x00007f2fac017800
RBP=0x00007f2fac3f4440 points into unknown readable memory: 0x00007f2fac3f4450 | 50 44 3f ac 2f 7f 00 00
RSI=0x0 is NULL
RDI=0x00007f2fac3f4440 points into unknown readable memory: 0x00007f2fac3f4450 | 50 44 3f ac 2f 7f 00 00
R8 =0x000000008d816788 points into unknown readable memory: 0x0000000000000069 | 69 00 00 00 00 00 00 00
R9 =0x00007f2fac017800 is a thread
R10=0xfffffffffffff55a is an unknown value
R11=0x00007f2f36158870: LLVMBuildLoad+0x0000000000000000 in /home/w/.javacpp/cache/llvm-13.0.1-1.5.7-linux-x86_64.jar/org/bytedeco/llvm/linux-x86_64/libLLVM-13.so at 0x00007f2f3552c000
R12=0x0 is NULL
R13=0x0 is NULL
R14=0x00007f2fac426b30 points into unknown readable memory: 0x0000000000000069 | 69 00 00 00 00 00 00 00
R15=0x00007f2fac017800 is a thread


Registers:
RAX=0x00007f2fac426b30, RBX=0x0000000000000000, RCX=0x0000000000000069, RDX=0x00007f2fac426b30
RSP=0x00007f2fb0376ad0, RBP=0x00007f2fac3f4440, RSI=0x0000000000000000, RDI=0x00007f2fac3f4440
R8 =0x000000008d816788, R9 =0x00007f2fac017800, R10=0xfffffffffffff55a, R11=0x00007f2f36158870
R12=0x0000000000000000, R13=0x0000000000000000, R14=0x00007f2fac426b30, R15=0x00007f2fac017800
RIP=0x00007f2f36158882, EFLAGS=0x0000000000010202, CSGSFS=0x002b000000000033, ERR=0x0000000000000004
  TRAPNO=0x000000000000000e

Top of Stack: (sp=0x00007f2fb0376ad0)
0x00007f2fb0376ad0:   00007f2fac017800 0000000000000000
0x00007f2fb0376ae0:   00007f2fac017800 00007f2fb1a28299
0x00007f2fb0376af0:   0000000000000002 0000000000000001
0x00007f2fb0376b00:   00007f2fac426b30 00007f2fac19b540 

Instructions: (pc=0x00007f2f36158882)
0x00007f2f36158782:   89 c4 4c 8d 4c 24 40 e8 92 57 09 00 48 8b 7d 50
0x00007f2f36158792:   48 8b 4d 30 4c 89 e6 48 8d 54 24 10 4c 8b 45 38
0x00007f2f361587a2:   48 8b 07 ff 50 10 48 8b 5d 00 8b 6d 08 5a 59 48
0x00007f2f361587b2:   c1 e5 04 48 01 dd 48 39 eb 74 1a 0f 1f 00 48 8b
0x00007f2f361587c2:   53 08 8b 33 4c 89 e7 48 83 c3 10 e8 6e 16 0e 00
0x00007f2f361587d2:   48 39 dd 75 e9 48 83 c4 68 4c 89 e0 5b 5d 41 5c
0x00007f2f361587e2:   41 5d 41 5e 41 5f c3 0f 1f 80 00 00 00 00 41 54
0x00007f2f361587f2:   b8 01 01 00 00 55 48 89 fd 48 89 f7 53 48 83 ec
0x00007f2f36158802:   30 48 8b 75 30 66 89 44 24 20 e8 ef 24 09 00 48
0x00007f2f36158812:   8b 7d 50 48 8b 4d 30 48 89 e2 49 89 c4 4c 8b 45
0x00007f2f36158822:   38 48 8b 07 4c 89 e6 ff 50 10 48 8b 5d 00 8b 6d
0x00007f2f36158832:   08 48 c1 e5 04 48 01 dd 48 39 eb 74 18 90 48 8b
0x00007f2f36158842:   53 08 8b 33 4c 89 e7 48 83 c3 10 e8 ee 15 0e 00
0x00007f2f36158852:   48 39 dd 75 e9 48 83 c4 30 4c 89 e0 5b 5d 41 5c
0x00007f2f36158862:   c3 66 2e 0f 1f 84 00 00 00 00 00 0f 1f 00 41 56
0x00007f2f36158872:   41 55 49 89 f5 41 54 55 48 89 fd 53 48 83 ec 60
0x00007f2f36158882:   48 8b 06 80 3a 00 be 01 01 00 00 4c 8b 70 18 66
0x00007f2f36158892:   89 74 24 20 74 09 48 89 14 24 c6 44 24 20 03 48
0x00007f2f361588a2:   8b 7d 30 e8 d6 15 fc ff 48 89 c7 e8 4e 47 0e 00
0x00007f2f361588b2:   4c 89 f6 48 89 c7 e8 b3 46 01 00 be 01 00 00 00
0x00007f2f361588c2:   bf 40 00 00 00 89 c3 b8 01 01 00 00 66 89 44 24
0x00007f2f361588d2:   50 e8 a8 0a 13 00 48 8d 4c 24 30 41 89 d9 45 31
0x00007f2f361588e2:   c0 48 83 ec 08 48 89 c7 4c 89 ea 4c 89 f6 6a 00
0x00007f2f361588f2:   49 89 c4 e8 26 5d 09 00 48 8b 7d 50 48 8b 4d 30
0x00007f2f36158902:   4c 89 e6 48 8d 54 24 10 4c 8b 45 38 48 8b 07 ff
0x00007f2f36158912:   50 10 48 8b 5d 00 8b 6d 08 5a 59 48 c1 e5 04 48
0x00007f2f36158922:   01 dd 48 39 eb 74 1e 0f 1f 80 00 00 00 00 48 8b
0x00007f2f36158932:   53 08 8b 33 4c 89 e7 48 83 c3 10 e8 fe 14 0e 00
0x00007f2f36158942:   48 39 dd 75 e9 48 83 c4 60 4c 89 e0 5b 5d 41 5c
0x00007f2f36158952:   41 5d 41 5e c3 66 0f 1f 84 00 00 00 00 00 41 56
0x00007f2f36158962:   49 89 d6 41 55 49 89 f5 be 01 01 00 00 41 54 55
0x00007f2f36158972:   48 89 fd 53 48 83 ec 60 80 39 00 66 89 74 24 20 


Stack slot to memory mapping:
stack at sp + 0 slots: 0x00007f2fac017800 is a thread
stack at sp + 1 slots: 0x0 is NULL
stack at sp + 2 slots: 0x00007f2fac017800 is a thread
stack at sp + 3 slots: 0x00007f2fb1a28299: __libc_malloc+0x00000000000001b9 in /lib/x86_64-linux-gnu/libc.so.6 at 0x00007f2fb198e000
stack at sp + 4 slots: 0x0000000000000002 is an unknown value
stack at sp + 5 slots: 0x0000000000000001 is an unknown value
stack at sp + 6 slots: 0x00007f2fac426b30 points into unknown readable memory: 0x0000000000000069 | 69 00 00 00 00 00 00 00
stack at sp + 7 slots: 0x00007f2fac19b540 points into unknown readable memory: 0x000000008d816778 | 78 67 81 8d 00 00 00 00


---------------  P R O C E S S  ---------------

Threads class SMR info:
_java_thread_list=0x00007f2fac335380, length=13, elements={
0x00007f2fac017800, 0x00007f2fac19d000, 0x00007f2fac19f000, 0x00007f2fac1a7000,
0x00007f2fac1a9000, 0x00007f2fac1ab000, 0x00007f2fac1ad800, 0x00007f2fac1af800,
0x00007f2fac1cd000, 0x00007f2f5404e000, 0x00007f2f6009e000, 0x00007f2fac273800,
0x00007f2fac316000
}

Java Threads: ( => current thread )
=>0x00007f2fac017800 JavaThread "main" [_thread_in_native, id=4791, stack(0x00007f2fb0278000,0x00007f2fb0379000)]
  0x00007f2fac19d000 JavaThread "Reference Handler" daemon [_thread_blocked, id=4805, stack(0x00007f2f7b47c000,0x00007f2f7b57d000)]
  0x00007f2fac19f000 JavaThread "Finalizer" daemon [_thread_blocked, id=4806, stack(0x00007f2f7b37b000,0x00007f2f7b47c000)]
  0x00007f2fac1a7000 JavaThread "Signal Dispatcher" daemon [_thread_blocked, id=4809, stack(0x00007f2f7ae21000,0x00007f2f7af22000)]
  0x00007f2fac1a9000 JavaThread "Service Thread" daemon [_thread_blocked, id=4810, stack(0x00007f2f7ad20000,0x00007f2f7ae21000)]
  0x00007f2fac1ab000 JavaThread "C2 CompilerThread0" daemon [_thread_blocked, id=4811, stack(0x00007f2f7ac1f000,0x00007f2f7ad20000)]
  0x00007f2fac1ad800 JavaThread "C1 CompilerThread0" daemon [_thread_blocked, id=4812, stack(0x00007f2f7ab1e000,0x00007f2f7ac1f000)]
  0x00007f2fac1af800 JavaThread "Sweeper thread" daemon [_thread_blocked, id=4813, stack(0x00007f2f7aa1d000,0x00007f2f7ab1e000)]
  0x00007f2fac1cd000 JavaThread "Common-Cleaner" daemon [_thread_blocked, id=4816, stack(0x00007f2f7a91c000,0x00007f2f7aa1d000)]
  0x00007f2f5404e000 JavaThread "C1 CompilerThread1" daemon [_thread_blocked, id=4818, stack(0x00007f2f7a81b000,0x00007f2f7a91c000)]
  0x00007f2f6009e000 JavaThread "C2 CompilerThread1" daemon [_thread_in_native, id=4819, stack(0x00007f2f7a71a000,0x00007f2f7a81b000)]
  0x00007f2fac273800 JavaThread "Monitor Ctrl-Break" daemon [_thread_in_native, id=4820, stack(0x00007f2f7a619000,0x00007f2f7a71a000)]
  0x00007f2fac316000 JavaThread "JavaCPP Deallocator" daemon [_thread_blocked, id=4823, stack(0x00007f2f7a417000,0x00007f2f7a518000)]

Other Threads:
  0x00007f2fac19a000 VMThread "VM Thread" [stack: 0x00007f2f7b57e000,0x00007f2f7b67e000] [id=4804]
  0x00007f2fac275000 WatcherThread [stack: 0x00007f2f7a519000,0x00007f2f7a619000] [id=4821]
  0x00007f2fac02f800 GCTaskThread "GC Thread#0" [stack: 0x00007f2f946db000,0x00007f2f947db000] [id=4794]
  0x00007f2fac060800 ConcurrentGCThread "G1 Main Marker" [stack: 0x00007f2f8afe8000,0x00007f2f8b0e8000] [id=4795]
  0x00007f2fac062800 ConcurrentGCThread "G1 Conc#0" [stack: 0x00007f2f8aee7000,0x00007f2f8afe7000] [id=4796]
  0x00007f2fac0fe800 ConcurrentGCThread "G1 Refine#0" [stack: 0x00007f2f880d9000,0x00007f2f881d9000] [id=4799]
  0x00007f2fac100800 ConcurrentGCThread "G1 Young RemSet Sampling" [stack: 0x00007f2f7bf00000,0x00007f2f7c000000] [id=4801]

Threads with active compile tasks:
C2 CompilerThread1      478  870       4       jdk.internal.org.objectweb.asm.ByteVector::putUTF8 (142 bytes)

VM state:not at safepoint (normal execution)

VM Mutex/Monitor currently owned by a thread: None

Heap address: 0x0000000086a00000, size: 1942 MB, Compressed Oops mode: 32-bit
Narrow klass base: 0x0000000800000000, Narrow klass shift: 3
Compressed class space size: 1073741824 Address: 0x0000000840000000

Heap:
 garbage-first heap   total 126976K, used 10960K [0x0000000086a00000, 0x0000000100000000)
  region size 1024K, 12 young (12288K), 0 survivors (0K)
 Metaspace       used 4041K, capacity 6556K, committed 6912K, reserved 1056768K
  class space    used 438K, capacity 697K, committed 768K, reserved 1048576K
Heap Regions: E=young(eden), S=young(survivor), O=old, HS=humongous(starts), HC=humongous(continues), CS=collection set, F=free, A=archive, TAMS=top-at-mark-start (previous, next)
|   0|0x0000000086a00000, 0x0000000086a00000, 0x0000000086b00000|  0%| F|  |TAMS 0x0000000086a00000, 0x0000000086a00000| Untracked 
|   1|0x0000000086b00000, 0x0000000086b00000, 0x0000000086c00000|  0%| F|  |TAMS 0x0000000086b00000, 0x0000000086b00000| Untracked 
|   2|0x0000000086c00000, 0x0000000086c00000, 0x0000000086d00000|  0%| F|  |TAMS 0x0000000086c00000, 0x0000000086c00000| Untracked 
|   3|0x0000000086d00000, 0x0000000086d00000, 0x0000000086e00000|  0%| F|  |TAMS 0x0000000086d00000, 0x0000000086d00000| Untracked 
|   4|0x0000000086e00000, 0x0000000086e00000, 0x0000000086f00000|  0%| F|  |TAMS 0x0000000086e00000, 0x0000000086e00000| Untracked 
|   5|0x0000000086f00000, 0x0000000086f00000, 0x0000000087000000|  0%| F|  |TAMS 0x0000000086f00000, 0x0000000086f00000| Untracked 
|   6|0x0000000087000000, 0x0000000087000000, 0x0000000087100000|  0%| F|  |TAMS 0x0000000087000000, 0x0000000087000000| Untracked 
|   7|0x0000000087100000, 0x0000000087100000, 0x0000000087200000|  0%| F|  |TAMS 0x0000000087100000, 0x0000000087100000| Untracked 
|   8|0x0000000087200000, 0x0000000087200000, 0x0000000087300000|  0%| F|  |TAMS 0x0000000087200000, 0x0000000087200000| Untracked 
|   9|0x0000000087300000, 0x0000000087300000, 0x0000000087400000|  0%| F|  |TAMS 0x0000000087300000, 0x0000000087300000| Untracked 
|  10|0x0000000087400000, 0x0000000087400000, 0x0000000087500000|  0%| F|  |TAMS 0x0000000087400000, 0x0000000087400000| Untracked 
|  11|0x0000000087500000, 0x0000000087500000, 0x0000000087600000|  0%| F|  |TAMS 0x0000000087500000, 0x0000000087500000| Untracked 
|  12|0x0000000087600000, 0x0000000087600000, 0x0000000087700000|  0%| F|  |TAMS 0x0000000087600000, 0x0000000087600000| Untracked 
|  13|0x0000000087700000, 0x0000000087700000, 0x0000000087800000|  0%| F|  |TAMS 0x0000000087700000, 0x0000000087700000| Untracked 
|  14|0x0000000087800000, 0x0000000087800000, 0x0000000087900000|  0%| F|  |TAMS 0x0000000087800000, 0x0000000087800000| Untracked 
|  15|0x0000000087900000, 0x0000000087900000, 0x0000000087a00000|  0%| F|  |TAMS 0x0000000087900000, 0x0000000087900000| Untracked 
|  16|0x0000000087a00000, 0x0000000087a00000, 0x0000000087b00000|  0%| F|  |TAMS 0x0000000087a00000, 0x0000000087a00000| Untracked 
|  17|0x0000000087b00000, 0x0000000087b00000, 0x0000000087c00000|  0%| F|  |TAMS 0x0000000087b00000, 0x0000000087b00000| Untracked 
|  18|0x0000000087c00000, 0x0000000087c00000, 0x0000000087d00000|  0%| F|  |TAMS 0x0000000087c00000, 0x0000000087c00000| Untracked 
|  19|0x0000000087d00000, 0x0000000087d00000, 0x0000000087e00000|  0%| F|  |TAMS 0x0000000087d00000, 0x0000000087d00000| Untracked 
|  20|0x0000000087e00000, 0x0000000087e00000, 0x0000000087f00000|  0%| F|  |TAMS 0x0000000087e00000, 0x0000000087e00000| Untracked 
|  21|0x0000000087f00000, 0x0000000087f00000, 0x0000000088000000|  0%| F|  |TAMS 0x0000000087f00000, 0x0000000087f00000| Untracked 
|  22|0x0000000088000000, 0x0000000088000000, 0x0000000088100000|  0%| F|  |TAMS 0x0000000088000000, 0x0000000088000000| Untracked 
|  23|0x0000000088100000, 0x0000000088100000, 0x0000000088200000|  0%| F|  |TAMS 0x0000000088100000, 0x0000000088100000| Untracked 
|  24|0x0000000088200000, 0x0000000088200000, 0x0000000088300000|  0%| F|  |TAMS 0x0000000088200000, 0x0000000088200000| Untracked 
|  25|0x0000000088300000, 0x0000000088300000, 0x0000000088400000|  0%| F|  |TAMS 0x0000000088300000, 0x0000000088300000| Untracked 
|  26|0x0000000088400000, 0x0000000088400000, 0x0000000088500000|  0%| F|  |TAMS 0x0000000088400000, 0x0000000088400000| Untracked 
|  27|0x0000000088500000, 0x0000000088500000, 0x0000000088600000|  0%| F|  |TAMS 0x0000000088500000, 0x0000000088500000| Untracked 
|  28|0x0000000088600000, 0x0000000088600000, 0x0000000088700000|  0%| F|  |TAMS 0x0000000088600000, 0x0000000088600000| Untracked 
|  29|0x0000000088700000, 0x0000000088700000, 0x0000000088800000|  0%| F|  |TAMS 0x0000000088700000, 0x0000000088700000| Untracked 
|  30|0x0000000088800000, 0x0000000088800000, 0x0000000088900000|  0%| F|  |TAMS 0x0000000088800000, 0x0000000088800000| Untracked 
|  31|0x0000000088900000, 0x0000000088900000, 0x0000000088a00000|  0%| F|  |TAMS 0x0000000088900000, 0x0000000088900000| Untracked 
|  32|0x0000000088a00000, 0x0000000088a00000, 0x0000000088b00000|  0%| F|  |TAMS 0x0000000088a00000, 0x0000000088a00000| Untracked 
|  33|0x0000000088b00000, 0x0000000088b00000, 0x0000000088c00000|  0%| F|  |TAMS 0x0000000088b00000, 0x0000000088b00000| Untracked 
|  34|0x0000000088c00000, 0x0000000088c00000, 0x0000000088d00000|  0%| F|  |TAMS 0x0000000088c00000, 0x0000000088c00000| Untracked 
|  35|0x0000000088d00000, 0x0000000088d00000, 0x0000000088e00000|  0%| F|  |TAMS 0x0000000088d00000, 0x0000000088d00000| Untracked 
|  36|0x0000000088e00000, 0x0000000088e00000, 0x0000000088f00000|  0%| F|  |TAMS 0x0000000088e00000, 0x0000000088e00000| Untracked 
|  37|0x0000000088f00000, 0x0000000088f00000, 0x0000000089000000|  0%| F|  |TAMS 0x0000000088f00000, 0x0000000088f00000| Untracked 
|  38|0x0000000089000000, 0x0000000089000000, 0x0000000089100000|  0%| F|  |TAMS 0x0000000089000000, 0x0000000089000000| Untracked 
|  39|0x0000000089100000, 0x0000000089100000, 0x0000000089200000|  0%| F|  |TAMS 0x0000000089100000, 0x0000000089100000| Untracked 
|  40|0x0000000089200000, 0x0000000089200000, 0x0000000089300000|  0%| F|  |TAMS 0x0000000089200000, 0x0000000089200000| Untracked 
|  41|0x0000000089300000, 0x0000000089300000, 0x0000000089400000|  0%| F|  |TAMS 0x0000000089300000, 0x0000000089300000| Untracked 
|  42|0x0000000089400000, 0x0000000089400000, 0x0000000089500000|  0%| F|  |TAMS 0x0000000089400000, 0x0000000089400000| Untracked 
|  43|0x0000000089500000, 0x0000000089500000, 0x0000000089600000|  0%| F|  |TAMS 0x0000000089500000, 0x0000000089500000| Untracked 
|  44|0x0000000089600000, 0x0000000089600000, 0x0000000089700000|  0%| F|  |TAMS 0x0000000089600000, 0x0000000089600000| Untracked 
|  45|0x0000000089700000, 0x0000000089700000, 0x0000000089800000|  0%| F|  |TAMS 0x0000000089700000, 0x0000000089700000| Untracked 
|  46|0x0000000089800000, 0x0000000089800000, 0x0000000089900000|  0%| F|  |TAMS 0x0000000089800000, 0x0000000089800000| Untracked 
|  47|0x0000000089900000, 0x0000000089900000, 0x0000000089a00000|  0%| F|  |TAMS 0x0000000089900000, 0x0000000089900000| Untracked 
|  48|0x0000000089a00000, 0x0000000089a00000, 0x0000000089b00000|  0%| F|  |TAMS 0x0000000089a00000, 0x0000000089a00000| Untracked 
|  49|0x0000000089b00000, 0x0000000089b00000, 0x0000000089c00000|  0%| F|  |TAMS 0x0000000089b00000, 0x0000000089b00000| Untracked 
|  50|0x0000000089c00000, 0x0000000089c00000, 0x0000000089d00000|  0%| F|  |TAMS 0x0000000089c00000, 0x0000000089c00000| Untracked 
|  51|0x0000000089d00000, 0x0000000089d00000, 0x0000000089e00000|  0%| F|  |TAMS 0x0000000089d00000, 0x0000000089d00000| Untracked 
|  52|0x0000000089e00000, 0x0000000089e00000, 0x0000000089f00000|  0%| F|  |TAMS 0x0000000089e00000, 0x0000000089e00000| Untracked 
|  53|0x0000000089f00000, 0x0000000089f00000, 0x000000008a000000|  0%| F|  |TAMS 0x0000000089f00000, 0x0000000089f00000| Untracked 
|  54|0x000000008a000000, 0x000000008a000000, 0x000000008a100000|  0%| F|  |TAMS 0x000000008a000000, 0x000000008a000000| Untracked 
|  55|0x000000008a100000, 0x000000008a100000, 0x000000008a200000|  0%| F|  |TAMS 0x000000008a100000, 0x000000008a100000| Untracked 
|  56|0x000000008a200000, 0x000000008a200000, 0x000000008a300000|  0%| F|  |TAMS 0x000000008a200000, 0x000000008a200000| Untracked 
|  57|0x000000008a300000, 0x000000008a300000, 0x000000008a400000|  0%| F|  |TAMS 0x000000008a300000, 0x000000008a300000| Untracked 
|  58|0x000000008a400000, 0x000000008a400000, 0x000000008a500000|  0%| F|  |TAMS 0x000000008a400000, 0x000000008a400000| Untracked 
|  59|0x000000008a500000, 0x000000008a500000, 0x000000008a600000|  0%| F|  |TAMS 0x000000008a500000, 0x000000008a500000| Untracked 
|  60|0x000000008a600000, 0x000000008a600000, 0x000000008a700000|  0%| F|  |TAMS 0x000000008a600000, 0x000000008a600000| Untracked 
|  61|0x000000008a700000, 0x000000008a700000, 0x000000008a800000|  0%| F|  |TAMS 0x000000008a700000, 0x000000008a700000| Untracked 
|  62|0x000000008a800000, 0x000000008a800000, 0x000000008a900000|  0%| F|  |TAMS 0x000000008a800000, 0x000000008a800000| Untracked 
|  63|0x000000008a900000, 0x000000008a900000, 0x000000008aa00000|  0%| F|  |TAMS 0x000000008a900000, 0x000000008a900000| Untracked 
|  64|0x000000008aa00000, 0x000000008aa00000, 0x000000008ab00000|  0%| F|  |TAMS 0x000000008aa00000, 0x000000008aa00000| Untracked 
|  65|0x000000008ab00000, 0x000000008ab00000, 0x000000008ac00000|  0%| F|  |TAMS 0x000000008ab00000, 0x000000008ab00000| Untracked 
|  66|0x000000008ac00000, 0x000000008ac00000, 0x000000008ad00000|  0%| F|  |TAMS 0x000000008ac00000, 0x000000008ac00000| Untracked 
|  67|0x000000008ad00000, 0x000000008ad00000, 0x000000008ae00000|  0%| F|  |TAMS 0x000000008ad00000, 0x000000008ad00000| Untracked 
|  68|0x000000008ae00000, 0x000000008ae00000, 0x000000008af00000|  0%| F|  |TAMS 0x000000008ae00000, 0x000000008ae00000| Untracked 
|  69|0x000000008af00000, 0x000000008af00000, 0x000000008b000000|  0%| F|  |TAMS 0x000000008af00000, 0x000000008af00000| Untracked 
|  70|0x000000008b000000, 0x000000008b000000, 0x000000008b100000|  0%| F|  |TAMS 0x000000008b000000, 0x000000008b000000| Untracked 
|  71|0x000000008b100000, 0x000000008b100000, 0x000000008b200000|  0%| F|  |TAMS 0x000000008b100000, 0x000000008b100000| Untracked 
|  72|0x000000008b200000, 0x000000008b200000, 0x000000008b300000|  0%| F|  |TAMS 0x000000008b200000, 0x000000008b200000| Untracked 
|  73|0x000000008b300000, 0x000000008b300000, 0x000000008b400000|  0%| F|  |TAMS 0x000000008b300000, 0x000000008b300000| Untracked 
|  74|0x000000008b400000, 0x000000008b400000, 0x000000008b500000|  0%| F|  |TAMS 0x000000008b400000, 0x000000008b400000| Untracked 
|  75|0x000000008b500000, 0x000000008b500000, 0x000000008b600000|  0%| F|  |TAMS 0x000000008b500000, 0x000000008b500000| Untracked 
|  76|0x000000008b600000, 0x000000008b600000, 0x000000008b700000|  0%| F|  |TAMS 0x000000008b600000, 0x000000008b600000| Untracked 
|  77|0x000000008b700000, 0x000000008b700000, 0x000000008b800000|  0%| F|  |TAMS 0x000000008b700000, 0x000000008b700000| Untracked 
|  78|0x000000008b800000, 0x000000008b800000, 0x000000008b900000|  0%| F|  |TAMS 0x000000008b800000, 0x000000008b800000| Untracked 
|  79|0x000000008b900000, 0x000000008b900000, 0x000000008ba00000|  0%| F|  |TAMS 0x000000008b900000, 0x000000008b900000| Untracked 
|  80|0x000000008ba00000, 0x000000008ba00000, 0x000000008bb00000|  0%| F|  |TAMS 0x000000008ba00000, 0x000000008ba00000| Untracked 
|  81|0x000000008bb00000, 0x000000008bb00000, 0x000000008bc00000|  0%| F|  |TAMS 0x000000008bb00000, 0x000000008bb00000| Untracked 
|  82|0x000000008bc00000, 0x000000008bc00000, 0x000000008bd00000|  0%| F|  |TAMS 0x000000008bc00000, 0x000000008bc00000| Untracked 
|  83|0x000000008bd00000, 0x000000008bd00000, 0x000000008be00000|  0%| F|  |TAMS 0x000000008bd00000, 0x000000008bd00000| Untracked 
|  84|0x000000008be00000, 0x000000008be00000, 0x000000008bf00000|  0%| F|  |TAMS 0x000000008be00000, 0x000000008be00000| Untracked 
|  85|0x000000008bf00000, 0x000000008bf00000, 0x000000008c000000|  0%| F|  |TAMS 0x000000008bf00000, 0x000000008bf00000| Untracked 
|  86|0x000000008c000000, 0x000000008c000000, 0x000000008c100000|  0%| F|  |TAMS 0x000000008c000000, 0x000000008c000000| Untracked 
|  87|0x000000008c100000, 0x000000008c100000, 0x000000008c200000|  0%| F|  |TAMS 0x000000008c100000, 0x000000008c100000| Untracked 
|  88|0x000000008c200000, 0x000000008c200000, 0x000000008c300000|  0%| F|  |TAMS 0x000000008c200000, 0x000000008c200000| Untracked 
|  89|0x000000008c300000, 0x000000008c300000, 0x000000008c400000|  0%| F|  |TAMS 0x000000008c300000, 0x000000008c300000| Untracked 
|  90|0x000000008c400000, 0x000000008c400000, 0x000000008c500000|  0%| F|  |TAMS 0x000000008c400000, 0x000000008c400000| Untracked 
|  91|0x000000008c500000, 0x000000008c500000, 0x000000008c600000|  0%| F|  |TAMS 0x000000008c500000, 0x000000008c500000| Untracked 
|  92|0x000000008c600000, 0x000000008c600000, 0x000000008c700000|  0%| F|  |TAMS 0x000000008c600000, 0x000000008c600000| Untracked 
|  93|0x000000008c700000, 0x000000008c700000, 0x000000008c800000|  0%| F|  |TAMS 0x000000008c700000, 0x000000008c700000| Untracked 
|  94|0x000000008c800000, 0x000000008c800000, 0x000000008c900000|  0%| F|  |TAMS 0x000000008c800000, 0x000000008c800000| Untracked 
|  95|0x000000008c900000, 0x000000008c900000, 0x000000008ca00000|  0%| F|  |TAMS 0x000000008c900000, 0x000000008c900000| Untracked 
|  96|0x000000008ca00000, 0x000000008ca00000, 0x000000008cb00000|  0%| F|  |TAMS 0x000000008ca00000, 0x000000008ca00000| Untracked 
|  97|0x000000008cb00000, 0x000000008cb00000, 0x000000008cc00000|  0%| F|  |TAMS 0x000000008cb00000, 0x000000008cb00000| Untracked 
|  98|0x000000008cc00000, 0x000000008cc00000, 0x000000008cd00000|  0%| F|  |TAMS 0x000000008cc00000, 0x000000008cc00000| Untracked 
|  99|0x000000008cd00000, 0x000000008cd00000, 0x000000008ce00000|  0%| F|  |TAMS 0x000000008cd00000, 0x000000008cd00000| Untracked 
| 100|0x000000008ce00000, 0x000000008ce00000, 0x000000008cf00000|  0%| F|  |TAMS 0x000000008ce00000, 0x000000008ce00000| Untracked 
| 101|0x000000008cf00000, 0x000000008cf00000, 0x000000008d000000|  0%| F|  |TAMS 0x000000008cf00000, 0x000000008cf00000| Untracked 
| 102|0x000000008d000000, 0x000000008d000000, 0x000000008d100000|  0%| F|  |TAMS 0x000000008d000000, 0x000000008d000000| Untracked 
| 103|0x000000008d100000, 0x000000008d100000, 0x000000008d200000|  0%| F|  |TAMS 0x000000008d100000, 0x000000008d100000| Untracked 
| 104|0x000000008d200000, 0x000000008d200000, 0x000000008d300000|  0%| F|  |TAMS 0x000000008d200000, 0x000000008d200000| Untracked 
| 105|0x000000008d300000, 0x000000008d300000, 0x000000008d400000|  0%| F|  |TAMS 0x000000008d300000, 0x000000008d300000| Untracked 
| 106|0x000000008d400000, 0x000000008d400000, 0x000000008d500000|  0%| F|  |TAMS 0x000000008d400000, 0x000000008d400000| Untracked 
| 107|0x000000008d500000, 0x000000008d500000, 0x000000008d600000|  0%| F|  |TAMS 0x000000008d500000, 0x000000008d500000| Untracked 
| 108|0x000000008d600000, 0x000000008d600000, 0x000000008d700000|  0%| F|  |TAMS 0x000000008d600000, 0x000000008d600000| Untracked 
| 109|0x000000008d700000, 0x000000008d700000, 0x000000008d800000|  0%| F|  |TAMS 0x000000008d700000, 0x000000008d700000| Untracked 
| 110|0x000000008d800000, 0x000000008d87ba20, 0x000000008d900000| 48%| E|  |TAMS 0x000000008d800000, 0x000000008d800000| Complete 
| 111|0x000000008d900000, 0x000000008da00000, 0x000000008da00000|100%| E|CS|TAMS 0x000000008d900000, 0x000000008d900000| Complete 
| 112|0x000000008da00000, 0x000000008db00000, 0x000000008db00000|100%| E|CS|TAMS 0x000000008da00000, 0x000000008da00000| Complete 
| 113|0x000000008db00000, 0x000000008dc00000, 0x000000008dc00000|100%| E|CS|TAMS 0x000000008db00000, 0x000000008db00000| Complete 
| 114|0x000000008dc00000, 0x000000008dd00000, 0x000000008dd00000|100%| E|CS|TAMS 0x000000008dc00000, 0x000000008dc00000| Complete 
| 115|0x000000008dd00000, 0x000000008de00000, 0x000000008de00000|100%| E|CS|TAMS 0x000000008dd00000, 0x000000008dd00000| Complete 
| 116|0x000000008de00000, 0x000000008df00000, 0x000000008df00000|100%| E|CS|TAMS 0x000000008de00000, 0x000000008de00000| Complete 
| 117|0x000000008df00000, 0x000000008e000000, 0x000000008e000000|100%| E|CS|TAMS 0x000000008df00000, 0x000000008df00000| Complete 
| 118|0x000000008e000000, 0x000000008e100000, 0x000000008e100000|100%| E|CS|TAMS 0x000000008e000000, 0x000000008e000000| Complete 
| 119|0x000000008e100000, 0x000000008e200000, 0x000000008e200000|100%| E|  |TAMS 0x000000008e100000, 0x000000008e100000| Complete 
| 120|0x000000008e200000, 0x000000008e300000, 0x000000008e300000|100%| E|CS|TAMS 0x000000008e200000, 0x000000008e200000| Complete 
| 121|0x000000008e300000, 0x000000008e400000, 0x000000008e400000|100%| E|CS|TAMS 0x000000008e300000, 0x000000008e300000| Complete 
|1940|0x00000000ffe00000, 0x00000000ffe48000, 0x00000000fff00000| 28%|OA|  |TAMS 0x00000000ffe00000, 0x00000000ffe00000| Untracked 
|1941|0x00000000fff00000, 0x00000000fff6c000, 0x0000000100000000| 42%|CA|  |TAMS 0x00000000fff00000, 0x00000000fff00000| Untracked 

Card table byte_map: [0x00007f2f8f163000,0x00007f2f8f52e000] _byte_map_base: 0x00007f2f8ed2e000

Marking Bits (Prev, Next): (CMBitMap*) 0x00007f2fac058208, (CMBitMap*) 0x00007f2fac058240
 Prev Bits: [0x00007f2f8cf40000, 0x00007f2f8ed98000)
 Next Bits: [0x00007f2f8b0e8000, 0x00007f2f8cf40000)

Polling page: 0x00007f2fb022c000

Metaspace:

Usage:
  Non-class:      5.72 MB capacity,     3.52 MB ( 61%) used,     2.20 MB ( 38%) free+waste,     7.12 KB ( <1%) overhead. 
      Class:    697.00 KB capacity,   438.95 KB ( 63%) used,   254.17 KB ( 36%) free+waste,     3.88 KB ( <1%) overhead. 
       Both:      6.40 MB capacity,     3.95 MB ( 62%) used,     2.45 MB ( 38%) free+waste,    11.00 KB ( <1%) overhead. 

Virtual space:
  Non-class space:        8.00 MB reserved,       6.00 MB ( 75%) committed 
      Class space:        1.00 GB reserved,     768.00 KB ( <1%) committed 
             Both:        1.01 GB reserved,       6.75 MB ( <1%) committed 

Chunk freelists:
   Non-Class:  33.00 KB
       Class:  7.00 KB
        Both:  40.00 KB

MaxMetaspaceSize: unlimited
CompressedClassSpaceSize: 1.00 GB
Initial GC threshold: 20.80 MB
Current GC threshold: 20.80 MB
CDS: on

CodeHeap 'non-profiled nmethods': size=119172Kb used=231Kb max_used=231Kb free=118940Kb
 bounds [0x00007f2f9c37a000, 0x00007f2f9c5ea000, 0x00007f2fa37db000]
CodeHeap 'profiled nmethods': size=119168Kb used=1654Kb max_used=1654Kb free=117513Kb
 bounds [0x00007f2f94f1a000, 0x00007f2f9518a000, 0x00007f2f9c37a000]
CodeHeap 'non-nmethods': size=7420Kb used=1712Kb max_used=1725Kb free=5707Kb
 bounds [0x00007f2f947db000, 0x00007f2f94a4b000, 0x00007f2f94f1a000]
 total_blobs=1280 nmethods=870 adapters=323
 compilation: enabled
              stopped_count=0, restarted_count=0
 full_count=0

Compilation events (20 events):
Event: 0.469 Thread 0x00007f2f6009e000 nmethod 862 0x00007f2f9c3b2a90 code [0x00007f2f9c3b2c20, 0x00007f2f9c3b2c98]
Event: 0.469 Thread 0x00007f2f5404e000 nmethod 853 0x00007f2f950a8a90 code [0x00007f2f950a8d80, 0x00007f2f950a9c10]
Event: 0.469 Thread 0x00007f2f5404e000  855       3       java.lang.invoke.LambdaForm$NamedFunction::returnType (11 bytes)
Event: 0.470 Thread 0x00007f2f5404e000 nmethod 855 0x00007f2f950aa190 code [0x00007f2f950aa3a0, 0x00007f2f950aa820]
Event: 0.470 Thread 0x00007f2f5404e000  865       3       java.util.ImmutableCollections$ListN::size (6 bytes)
Event: 0.470 Thread 0x00007f2f5404e000 nmethod 865 0x00007f2f950aaa10 code [0x00007f2f950aabc0, 0x00007f2f950aacf0]
Event: 0.470 Thread 0x00007f2f5404e000  861       3       jdk.internal.org.objectweb.asm.Frame::push (110 bytes)
Event: 0.470 Thread 0x00007f2fac1ad800 nmethod 839 0x00007f2f950aad90 code [0x00007f2f950abc20, 0x00007f2f950b28f0]
Event: 0.470 Thread 0x00007f2f5404e000 nmethod 861 0x00007f2f950b4790 code [0x00007f2f950b4980, 0x00007f2f950b4f00]
Event: 0.470 Thread 0x00007f2fac1ad800  867       3       java.lang.invoke.InvokerBytecodeGenerator::emitImplicitConversion (159 bytes)
Event: 0.470 Thread 0x00007f2f5404e000  863       3       java.lang.invoke.MethodType$ConcurrentWeakInternSet$WeakEntry::<init> (15 bytes)
Event: 0.471 Thread 0x00007f2f5404e000 nmethod 863 0x00007f2f950b5110 code [0x00007f2f950b5300, 0x00007f2f950b5720]
Event: 0.471 Thread 0x00007f2f5404e000  857       3       java.lang.invoke.LambdaForm::forceInterpretation (14 bytes)
Event: 0.471 Thread 0x00007f2f5404e000 nmethod 857 0x00007f2f950b5890 code [0x00007f2f950b5a40, 0x00007f2f950b5bb0]
Event: 0.471 Thread 0x00007f2f5404e000  846       1       java.lang.invoke.MethodTypeForm::basicType (5 bytes)
Event: 0.471 Thread 0x00007f2f5404e000 nmethod 846 0x00007f2f9c3b3390 code [0x00007f2f9c3b3540, 0x00007f2f9c3b3610]
Event: 0.472 Thread 0x00007f2fac1ad800 nmethod 867 0x00007f2f950b5c10 code [0x00007f2f950b5f60, 0x00007f2f950b7010]
Event: 0.472 Thread 0x00007f2f6009e000  870       4       jdk.internal.org.objectweb.asm.ByteVector::putUTF8 (142 bytes)
Event: 0.472 Thread 0x00007f2f5404e000  869       3       sun.invoke.util.Wrapper::forBasicType (16 bytes)
Event: 0.472 Thread 0x00007f2f5404e000 nmethod 869 0x00007f2f950b7590 code [0x00007f2f950b7760, 0x00007f2f950b78e0]

GC Heap History (0 events):
No events

Deoptimization events (20 events):
Event: 0.408 Thread 0x00007f2fac017800 DEOPT PACKING pc=0x00007f2f94ff3288 sp=0x00007f2fb03763a0
Event: 0.408 Thread 0x00007f2fac017800 DEOPT UNPACKING pc=0x00007f2f9482564a sp=0x00007f2fb0375810 mode 0
Event: 0.409 Thread 0x00007f2fac017800 DEOPT PACKING pc=0x00007f2f94ff3288 sp=0x00007f2fb0376350
Event: 0.409 Thread 0x00007f2fac017800 DEOPT UNPACKING pc=0x00007f2f9482564a sp=0x00007f2fb03757c0 mode 0
Event: 0.456 Thread 0x00007f2fac017800 Uncommon trap: trap_request=0xffffffc6 fr.pc=0x00007f2f9c384fa4 relative=0x0000000000000084
Event: 0.456 Thread 0x00007f2fac017800 Uncommon trap: reason=bimorphic_or_optimized_type_check action=maybe_recompile pc=0x00007f2f9c384fa4 method=java.util.AbstractCollection.isEmpty()Z @ 1 c2
Event: 0.456 Thread 0x00007f2fac017800 DEOPT PACKING pc=0x00007f2f9c384fa4 sp=0x00007f2fb03762d0
Event: 0.457 Thread 0x00007f2fac017800 DEOPT UNPACKING pc=0x00007f2f94824ea5 sp=0x00007f2fb0376280 mode 2
Event: 0.457 Thread 0x00007f2fac017800 Uncommon trap: trap_request=0xffffffc6 fr.pc=0x00007f2f9c384fa4 relative=0x0000000000000084
Event: 0.457 Thread 0x00007f2fac017800 Uncommon trap: reason=bimorphic_or_optimized_type_check action=maybe_recompile pc=0x00007f2f9c384fa4 method=java.util.AbstractCollection.isEmpty()Z @ 1 c2
Event: 0.457 Thread 0x00007f2fac017800 DEOPT PACKING pc=0x00007f2f9c384fa4 sp=0x00007f2fb03764a0
Event: 0.457 Thread 0x00007f2fac017800 DEOPT UNPACKING pc=0x00007f2f94824ea5 sp=0x00007f2fb0376450 mode 2
Event: 0.458 Thread 0x00007f2fac017800 Uncommon trap: trap_request=0xffffffc6 fr.pc=0x00007f2f9c384fa4 relative=0x0000000000000084
Event: 0.458 Thread 0x00007f2fac017800 Uncommon trap: reason=bimorphic_or_optimized_type_check action=maybe_recompile pc=0x00007f2f9c384fa4 method=java.util.AbstractCollection.isEmpty()Z @ 1 c2
Event: 0.458 Thread 0x00007f2fac017800 DEOPT PACKING pc=0x00007f2f9c384fa4 sp=0x00007f2fb03764c0
Event: 0.458 Thread 0x00007f2fac017800 DEOPT UNPACKING pc=0x00007f2f94824ea5 sp=0x00007f2fb0376470 mode 2
Event: 0.459 Thread 0x00007f2fac017800 Uncommon trap: trap_request=0xffffffc6 fr.pc=0x00007f2f9c384fa4 relative=0x0000000000000084
Event: 0.459 Thread 0x00007f2fac017800 Uncommon trap: reason=bimorphic_or_optimized_type_check action=maybe_recompile pc=0x00007f2f9c384fa4 method=java.util.AbstractCollection.isEmpty()Z @ 1 c2
Event: 0.459 Thread 0x00007f2fac017800 DEOPT PACKING pc=0x00007f2f9c384fa4 sp=0x00007f2fb03762d0
Event: 0.459 Thread 0x00007f2fac017800 DEOPT UNPACKING pc=0x00007f2f94824ea5 sp=0x00007f2fb0376280 mode 2

Classes redefined (0 events):
No events

Internal exceptions (20 events):
Event: 0.150 Thread 0x00007f2fac017800 Exception <a 'java/security/PrivilegedActionException'{0x000000008e26a040}> (0x000000008e26a040) thrown at [src/hotspot/share/prims/jvm.cpp, line 1304]
Event: 0.151 Thread 0x00007f2fac017800 Exception <a 'java/security/PrivilegedActionException'{0x000000008e26a9b0}> (0x000000008e26a9b0) thrown at [src/hotspot/share/prims/jvm.cpp, line 1304]
Event: 0.151 Thread 0x00007f2fac017800 Exception <a 'java/security/PrivilegedActionException'{0x000000008e26ac80}> (0x000000008e26ac80) thrown at [src/hotspot/share/prims/jvm.cpp, line 1304]
Event: 0.151 Thread 0x00007f2fac017800 Exception <a 'java/security/PrivilegedActionException'{0x000000008e26b5f0}> (0x000000008e26b5f0) thrown at [src/hotspot/share/prims/jvm.cpp, line 1304]
Event: 0.151 Thread 0x00007f2fac017800 Exception <a 'java/security/PrivilegedActionException'{0x000000008e26b8c0}> (0x000000008e26b8c0) thrown at [src/hotspot/share/prims/jvm.cpp, line 1304]
Event: 0.151 Thread 0x00007f2fac017800 Exception <a 'java/security/PrivilegedActionException'{0x000000008e26c248}> (0x000000008e26c248) thrown at [src/hotspot/share/prims/jvm.cpp, line 1304]
Event: 0.151 Thread 0x00007f2fac017800 Exception <a 'java/security/PrivilegedActionException'{0x000000008e26c518}> (0x000000008e26c518) thrown at [src/hotspot/share/prims/jvm.cpp, line 1304]
Event: 0.151 Thread 0x00007f2fac017800 Exception <a 'java/security/PrivilegedActionException'{0x000000008e26cea0}> (0x000000008e26cea0) thrown at [src/hotspot/share/prims/jvm.cpp, line 1304]
Event: 0.151 Thread 0x00007f2fac017800 Exception <a 'java/security/PrivilegedActionException'{0x000000008e26d170}> (0x000000008e26d170) thrown at [src/hotspot/share/prims/jvm.cpp, line 1304]
Event: 0.151 Thread 0x00007f2fac017800 Exception <a 'java/security/PrivilegedActionException'{0x000000008e26daf8}> (0x000000008e26daf8) thrown at [src/hotspot/share/prims/jvm.cpp, line 1304]
Event: 0.151 Thread 0x00007f2fac017800 Exception <a 'java/security/PrivilegedActionException'{0x000000008e26ddc8}> (0x000000008e26ddc8) thrown at [src/hotspot/share/prims/jvm.cpp, line 1304]
Event: 0.151 Thread 0x00007f2fac017800 Exception <a 'java/security/PrivilegedActionException'{0x000000008e26e738}> (0x000000008e26e738) thrown at [src/hotspot/share/prims/jvm.cpp, line 1304]
Event: 0.151 Thread 0x00007f2fac017800 Exception <a 'java/security/PrivilegedActionException'{0x000000008e26ea08}> (0x000000008e26ea08) thrown at [src/hotspot/share/prims/jvm.cpp, line 1304]
Event: 0.151 Thread 0x00007f2fac017800 Exception <a 'java/security/PrivilegedActionException'{0x000000008e26f390}> (0x000000008e26f390) thrown at [src/hotspot/share/prims/jvm.cpp, line 1304]
Event: 0.151 Thread 0x00007f2fac017800 Exception <a 'java/security/PrivilegedActionException'{0x000000008e26f660}> (0x000000008e26f660) thrown at [src/hotspot/share/prims/jvm.cpp, line 1304]
Event: 0.308 Thread 0x00007f2fac017800 Exception <a 'java/lang/NoSuchMethodError'{0x000000008dd2ac58}: 'int java.lang.invoke.DirectMethodHandle$Holder.invokeStaticInit(java.lang.Object, java.lang.Object, java.lang.Object, java.lang.Object)'> (0x000000008dd2ac58) thrown at [src/hotspot/share/interpreter/linkResolver.cpp, line 772]
Event: 0.309 Thread 0x00007f2fac017800 Exception <a 'java/lang/IncompatibleClassChangeError'{0x000000008dd349d8}: Found class java.lang.Object, but interface was expected> (0x000000008dd349d8) thrown at [src/hotspot/share/interpreter/linkResolver.cpp, line 839]
Event: 0.310 Thread 0x00007f2fac017800 Exception <a 'java/lang/NoSuchMethodError'{0x000000008dd37b88}: 'void java.lang.invoke.DirectMethodHandle$Holder.invokeStaticInit(java.lang.Object, java.lang.Object)'> (0x000000008dd37b88) thrown at [src/hotspot/share/interpreter/linkResolver.cpp, line 772]
Event: 0.311 Thread 0x00007f2fac017800 Exception <a 'java/lang/NoSuchMethodError'{0x000000008dd3cff8}: 'int java.lang.invoke.DirectMethodHandle$Holder.invokeStaticInit(java.lang.Object, java.lang.Object)'> (0x000000008dd3cff8) thrown at [src/hotspot/share/interpreter/linkResolver.cpp, line 772]
Event: 0.471 Thread 0x00007f2fac017800 Exception <a 'java/lang/NoSuchMethodError'{0x000000008d810568}: 'java.lang.Object java.lang.invoke.DirectMethodHandle$Holder.invokeVirtual(java.lang.Object, java.lang.Object, java.lang.Object)'> (0x000000008d810568) thrown at [src/hotspot/share/interpreter/linkResolver.cpp, line 772]

Events (20 events):
Event: 0.459 loading class java/lang/invoke/BoundMethodHandle$Species_LLL
Event: 0.459 loading class java/lang/invoke/BoundMethodHandle$Species_LLL done
Event: 0.460 loading class java/lang/invoke/BoundMethodHandle$Species_LLLL
Event: 0.460 loading class java/lang/invoke/BoundMethodHandle$Species_LLLL done
Event: 0.462 loading class java/lang/invoke/BoundMethodHandle$Species_LLLLL
Event: 0.462 loading class java/lang/invoke/BoundMethodHandle$Species_LLLLL done
Event: 0.463 loading class java/lang/invoke/BoundMethodHandle$Species_LLLLLL
Event: 0.463 loading class java/lang/invoke/BoundMethodHandle$Species_LLLLLL done
Event: 0.464 loading class java/lang/invoke/BoundMethodHandle$Species_LLLLLLI
Event: 0.464 loading class java/lang/invoke/BoundMethodHandle$Species_LLLLLLI done
Event: 0.466 loading class java/lang/invoke/BoundMethodHandle$Species_LLLLLLII
Event: 0.466 loading class java/lang/invoke/BoundMethodHandle$Species_LLLLLLII done
Event: 0.467 loading class java/lang/invoke/BoundMethodHandle$Species_LLLLLLIIL
Event: 0.467 loading class java/lang/invoke/BoundMethodHandle$Species_LLLLLLIIL done
Event: 0.470 loading class org/antlr/v4/runtime/tree/ParseTree
Event: 0.470 loading class org/antlr/v4/runtime/tree/ParseTree done
Event: 0.471 loading class SysYParser$BlockItemContext
Event: 0.471 loading class SysYParser$BlockItemContext done
Event: 0.471 loading class LLVMIRVisitor
Event: 0.471 loading class LLVMIRVisitor done


Dynamic libraries:
86a00000-8e400000 rw-p 00000000 00:00 0 
8e400000-ffe00000 ---p 00000000 00:00 0 
ffe00000-ffe48000 rw-p 00b14000 08:20 43898                              /usr/lib/jvm/java-11-openjdk-amd64/lib/server/classes.jsa
ffe48000-fff00000 rw-p 00000000 00:00 0 
fff00000-fff6c000 rw-p 00aa8000 08:20 43898                              /usr/lib/jvm/java-11-openjdk-amd64/lib/server/classes.jsa
fff6c000-100000000 rw-p 00000000 00:00 0 
800000000-800002000 rwxp 00001000 08:20 43898                            /usr/lib/jvm/java-11-openjdk-amd64/lib/server/classes.jsa
800002000-8003ce000 rw-p 00003000 08:20 43898                            /usr/lib/jvm/java-11-openjdk-amd64/lib/server/classes.jsa
8003ce000-800aa6000 r--p 003cf000 08:20 43898                            /usr/lib/jvm/java-11-openjdk-amd64/lib/server/classes.jsa
800aa6000-800aa7000 rw-p 00aa7000 08:20 43898                            /usr/lib/jvm/java-11-openjdk-amd64/lib/server/classes.jsa
840000000-8400c0000 rw-p 00000000 00:00 0 
8400c0000-880000000 ---p 00000000 00:00 0 
55e1975ad000-55e1975ae000 r--p 00000000 08:20 47754                      /usr/lib/jvm/java-11-openjdk-amd64/bin/java
55e1975ae000-55e1975af000 r-xp 00001000 08:20 47754                      /usr/lib/jvm/java-11-openjdk-amd64/bin/java
55e1975af000-55e1975b0000 r--p 00002000 08:20 47754                      /usr/lib/jvm/java-11-openjdk-amd64/bin/java
55e1975b0000-55e1975b1000 r--p 00002000 08:20 47754                      /usr/lib/jvm/java-11-openjdk-amd64/bin/java
55e1975b1000-55e1975b2000 rw-p 00003000 08:20 47754                      /usr/lib/jvm/java-11-openjdk-amd64/bin/java
55e198030000-55e198051000 rw-p 00000000 00:00 0                          [heap]
7f2f3552c000-7f2f35e52000 r--p 00000000 08:20 84032                      /home/w/.javacpp/cache/llvm-13.0.1-1.5.7-linux-x86_64.jar/org/bytedeco/llvm/linux-x86_64/libLLVM-13.so
7f2f35e52000-7f2f39815000 r-xp 00926000 08:20 84032                      /home/w/.javacpp/cache/llvm-13.0.1-1.5.7-linux-x86_64.jar/org/bytedeco/llvm/linux-x86_64/libLLVM-13.so
7f2f39815000-7f2f3ba6a000 r--p 042e9000 08:20 84032                      /home/w/.javacpp/cache/llvm-13.0.1-1.5.7-linux-x86_64.jar/org/bytedeco/llvm/linux-x86_64/libLLVM-13.so
7f2f3ba6a000-7f2f3bf7f000 r--p 0653d000 08:20 84032                      /home/w/.javacpp/cache/llvm-13.0.1-1.5.7-linux-x86_64.jar/org/bytedeco/llvm/linux-x86_64/libLLVM-13.so
7f2f3bf7f000-7f2f3bf8a000 rw-p 06a52000 08:20 84032                      /home/w/.javacpp/cache/llvm-13.0.1-1.5.7-linux-x86_64.jar/org/bytedeco/llvm/linux-x86_64/libLLVM-13.so
7f2f3bf8a000-7f2f3c000000 rw-p 00000000 00:00 0 
7f2f3c000000-7f2f3c021000 rw-p 00000000 00:00 0 
7f2f3c021000-7f2f40000000 ---p 00000000 00:00 0 
7f2f40000000-7f2f40021000 rw-p 00000000 00:00 0 
7f2f40021000-7f2f44000000 ---p 00000000 00:00 0 
7f2f44000000-7f2f4411a000 rw-p 00000000 00:00 0 
7f2f4411a000-7f2f48000000 ---p 00000000 00:00 0 
7f2f48000000-7f2f48021000 rw-p 00000000 00:00 0 
7f2f48021000-7f2f4c000000 ---p 00000000 00:00 0 
7f2f4c000000-7f2f4c021000 rw-p 00000000 00:00 0 
7f2f4c021000-7f2f50000000 ---p 00000000 00:00 0 
7f2f50000000-7f2f50146000 rw-p 00000000 00:00 0 
7f2f50146000-7f2f54000000 ---p 00000000 00:00 0 
7f2f54000000-7f2f5422a000 rw-p 00000000 00:00 0 
7f2f5422a000-7f2f58000000 ---p 00000000 00:00 0 
7f2f58000000-7f2f58021000 rw-p 00000000 00:00 0 
7f2f58021000-7f2f5c000000 ---p 00000000 00:00 0 
7f2f5c000000-7f2f5c021000 rw-p 00000000 00:00 0 
7f2f5c021000-7f2f60000000 ---p 00000000 00:00 0 
7f2f60000000-7f2f6023b000 rw-p 00000000 00:00 0 
7f2f6023b000-7f2f64000000 ---p 00000000 00:00 0 
7f2f64000000-7f2f64021000 rw-p 00000000 00:00 0 
7f2f64021000-7f2f68000000 ---p 00000000 00:00 0 
7f2f68000000-7f2f68021000 rw-p 00000000 00:00 0 
7f2f68021000-7f2f6c000000 ---p 00000000 00:00 0 
7f2f6c000000-7f2f6c021000 rw-p 00000000 00:00 0 
7f2f6c021000-7f2f70000000 ---p 00000000 00:00 0 
7f2f70000000-7f2f70021000 rw-p 00000000 00:00 0 
7f2f70021000-7f2f74000000 ---p 00000000 00:00 0 
7f2f74000000-7f2f74021000 rw-p 00000000 00:00 0 
7f2f74021000-7f2f78000000 ---p 00000000 00:00 0 
7f2f7a311000-7f2f7a376000 r--p 00000000 08:20 84037                      /home/w/.javacpp/cache/llvm-13.0.1-1.5.7-linux-x86_64.jar/org/bytedeco/llvm/linux-x86_64/libjniLLVM.so
7f2f7a376000-7f2f7a3e4000 r-xp 00065000 08:20 84037                      /home/w/.javacpp/cache/llvm-13.0.1-1.5.7-linux-x86_64.jar/org/bytedeco/llvm/linux-x86_64/libjniLLVM.so
7f2f7a3e4000-7f2f7a40f000 r--p 000d3000 08:20 84037                      /home/w/.javacpp/cache/llvm-13.0.1-1.5.7-linux-x86_64.jar/org/bytedeco/llvm/linux-x86_64/libjniLLVM.so
7f2f7a40f000-7f2f7a412000 r--p 000fd000 08:20 84037                      /home/w/.javacpp/cache/llvm-13.0.1-1.5.7-linux-x86_64.jar/org/bytedeco/llvm/linux-x86_64/libjniLLVM.so
7f2f7a412000-7f2f7a415000 rw-p 00100000 08:20 84037                      /home/w/.javacpp/cache/llvm-13.0.1-1.5.7-linux-x86_64.jar/org/bytedeco/llvm/linux-x86_64/libjniLLVM.so
7f2f7a415000-7f2f7a417000 rw-p 00000000 00:00 0 
7f2f7a417000-7f2f7a41b000 ---p 00000000 00:00 0 
7f2f7a41b000-7f2f7a518000 rw-p 00000000 00:00 0 
7f2f7a518000-7f2f7a519000 ---p 00000000 00:00 0 
7f2f7a519000-7f2f7a619000 rw-p 00000000 00:00 0 
7f2f7a619000-7f2f7a61d000 ---p 00000000 00:00 0 
7f2f7a61d000-7f2f7a71a000 rw-p 00000000 00:00 0 
7f2f7a71a000-7f2f7a71e000 ---p 00000000 00:00 0 
7f2f7a71e000-7f2f7a81b000 rw-p 00000000 00:00 0 
7f2f7a81b000-7f2f7a81f000 ---p 00000000 00:00 0 
7f2f7a81f000-7f2f7a91c000 rw-p 00000000 00:00 0 
7f2f7a91c000-7f2f7a920000 ---p 00000000 00:00 0 
7f2f7a920000-7f2f7aa1d000 rw-p 00000000 00:00 0 
7f2f7aa1d000-7f2f7aa21000 ---p 00000000 00:00 0 
7f2f7aa21000-7f2f7ab1e000 rw-p 00000000 00:00 0 
7f2f7ab1e000-7f2f7ab22000 ---p 00000000 00:00 0 
7f2f7ab22000-7f2f7ac1f000 rw-p 00000000 00:00 0 
7f2f7ac1f000-7f2f7ac23000 ---p 00000000 00:00 0 
7f2f7ac23000-7f2f7ad20000 rw-p 00000000 00:00 0 
7f2f7ad20000-7f2f7ad24000 ---p 00000000 00:00 0 
7f2f7ad24000-7f2f7ae21000 rw-p 00000000 00:00 0 
7f2f7ae21000-7f2f7ae25000 ---p 00000000 00:00 0 
7f2f7ae25000-7f2f7af22000 rw-p 00000000 00:00 0 
7f2f7af22000-7f2f7b095000 r--p 00000000 08:20 22157                      /usr/lib/locale/C.UTF-8/LC_COLLATE
7f2f7b095000-7f2f7b37b000 r--p 00000000 08:20 2680                       /usr/lib/locale/locale-archive
7f2f7b37b000-7f2f7b37f000 ---p 00000000 00:00 0 
7f2f7b37f000-7f2f7b47c000 rw-p 00000000 00:00 0 
7f2f7b47c000-7f2f7b480000 ---p 00000000 00:00 0 
7f2f7b480000-7f2f7b57d000 rw-p 00000000 00:00 0 
7f2f7b57d000-7f2f7b57e000 ---p 00000000 00:00 0 
7f2f7b57e000-7f2f7bcff000 rw-p 00000000 00:00 0 
7f2f7bcff000-7f2f7beff000 ---p 00000000 00:00 0 
7f2f7beff000-7f2f7bf00000 ---p 00000000 00:00 0 
7f2f7bf00000-7f2f7c000000 rw-p 00000000 00:00 0 
7f2f7c000000-7f2f7c021000 rw-p 00000000 00:00 0 
7f2f7c021000-7f2f80000000 ---p 00000000 00:00 0 
7f2f80000000-7f2f80021000 rw-p 00000000 00:00 0 
7f2f80021000-7f2f84000000 ---p 00000000 00:00 0 
7f2f84000000-7f2f84021000 rw-p 00000000 00:00 0 
7f2f84021000-7f2f88000000 ---p 00000000 00:00 0 
7f2f8800f000-7f2f88016000 r--p 00000000 08:20 84033                      /home/w/.javacpp/cache/llvm-13.0.1-1.5.7-linux-x86_64.jar/org/bytedeco/llvm/linux-x86_64/libLTO.so.13
7f2f88016000-7f2f8801e000 r-xp 00007000 08:20 84033                      /home/w/.javacpp/cache/llvm-13.0.1-1.5.7-linux-x86_64.jar/org/bytedeco/llvm/linux-x86_64/libLTO.so.13
7f2f8801e000-7f2f88020000 r--p 0000f000 08:20 84033                      /home/w/.javacpp/cache/llvm-13.0.1-1.5.7-linux-x86_64.jar/org/bytedeco/llvm/linux-x86_64/libLTO.so.13
7f2f88020000-7f2f88021000 r--p 00010000 08:20 84033                      /home/w/.javacpp/cache/llvm-13.0.1-1.5.7-linux-x86_64.jar/org/bytedeco/llvm/linux-x86_64/libLTO.so.13
7f2f88021000-7f2f88022000 rw-p 00011000 08:20 84033                      /home/w/.javacpp/cache/llvm-13.0.1-1.5.7-linux-x86_64.jar/org/bytedeco/llvm/linux-x86_64/libLTO.so.13
7f2f88022000-7f2f88026000 r--p 00000000 08:20 84026                      /home/w/.javacpp/cache/javacpp-1.5.7-linux-x86_64.jar/org/bytedeco/javacpp/linux-x86_64/libjnijavacpp.so
7f2f88026000-7f2f8802d000 r-xp 00004000 08:20 84026                      /home/w/.javacpp/cache/javacpp-1.5.7-linux-x86_64.jar/org/bytedeco/javacpp/linux-x86_64/libjnijavacpp.so
7f2f8802d000-7f2f88031000 r--p 0000b000 08:20 84026                      /home/w/.javacpp/cache/javacpp-1.5.7-linux-x86_64.jar/org/bytedeco/javacpp/linux-x86_64/libjnijavacpp.so
7f2f88031000-7f2f88032000 r--p 0000e000 08:20 84026                      /home/w/.javacpp/cache/javacpp-1.5.7-linux-x86_64.jar/org/bytedeco/javacpp/linux-x86_64/libjnijavacpp.so
7f2f88032000-7f2f88033000 rw-p 0000f000 08:20 84026                      /home/w/.javacpp/cache/javacpp-1.5.7-linux-x86_64.jar/org/bytedeco/javacpp/linux-x86_64/libjnijavacpp.so
7f2f88033000-7f2f88037000 r--p 00000000 08:20 47903                      /usr/lib/jvm/java-11-openjdk-amd64/lib/libnet.so
7f2f88037000-7f2f88045000 r-xp 00004000 08:20 47903                      /usr/lib/jvm/java-11-openjdk-amd64/lib/libnet.so
7f2f88045000-7f2f88049000 r--p 00012000 08:20 47903                      /usr/lib/jvm/java-11-openjdk-amd64/lib/libnet.so
7f2f88049000-7f2f8804a000 r--p 00015000 08:20 47903                      /usr/lib/jvm/java-11-openjdk-amd64/lib/libnet.so
7f2f8804a000-7f2f8804b000 rw-p 00016000 08:20 47903                      /usr/lib/jvm/java-11-openjdk-amd64/lib/libnet.so
7f2f8804b000-7f2f8807d000 r--p 00000000 08:20 22158                      /usr/lib/locale/C.UTF-8/LC_CTYPE
7f2f8807d000-7f2f880d8000 rw-p 00000000 00:00 0 
7f2f880d8000-7f2f880d9000 ---p 00000000 00:00 0 
7f2f880d9000-7f2f8aee6000 rw-p 00000000 00:00 0 
7f2f8aee6000-7f2f8aee7000 ---p 00000000 00:00 0 
7f2f8aee7000-7f2f8afe7000 rw-p 00000000 00:00 0 
7f2f8afe7000-7f2f8afe8000 ---p 00000000 00:00 0 
7f2f8afe8000-7f2f8b2d0000 rw-p 00000000 00:00 0 
7f2f8b2d0000-7f2f8cf38000 ---p 00000000 00:00 0 
7f2f8cf38000-7f2f8d128000 rw-p 00000000 00:00 0 
7f2f8d128000-7f2f8ed90000 ---p 00000000 00:00 0 
7f2f8ed90000-7f2f8edd5000 rw-p 00000000 00:00 0 
7f2f8edd5000-7f2f8f162000 ---p 00000000 00:00 0 
7f2f8f162000-7f2f8f1a0000 rw-p 00000000 00:00 0 
7f2f8f1a0000-7f2f8f52d000 ---p 00000000 00:00 0 
7f2f8f52d000-7f2f8f56b000 rw-p 00000000 00:00 0 
7f2f8f56b000-7f2f8f8f8000 ---p 00000000 00:00 0 
7f2f8f8f8000-7f2f90000000 rw-p 00000000 00:00 0 
7f2f90000000-7f2f90021000 rw-p 00000000 00:00 0 
7f2f90021000-7f2f94000000 ---p 00000000 00:00 0 
7f2f94001000-7f2f94002000 r--p 00000000 08:20 84035                      /home/w/.javacpp/cache/llvm-13.0.1-1.5.7-linux-x86_64.jar/org/bytedeco/llvm/linux-x86_64/libRemarks.so.13
7f2f94002000-7f2f94003000 r-xp 00001000 08:20 84035                      /home/w/.javacpp/cache/llvm-13.0.1-1.5.7-linux-x86_64.jar/org/bytedeco/llvm/linux-x86_64/libRemarks.so.13
7f2f94003000-7f2f94004000 r--p 00002000 08:20 84035                      /home/w/.javacpp/cache/llvm-13.0.1-1.5.7-linux-x86_64.jar/org/bytedeco/llvm/linux-x86_64/libRemarks.so.13
7f2f94004000-7f2f94005000 r--p 00002000 08:20 84035                      /home/w/.javacpp/cache/llvm-13.0.1-1.5.7-linux-x86_64.jar/org/bytedeco/llvm/linux-x86_64/libRemarks.so.13
7f2f94005000-7f2f94006000 rw-p 00003000 08:20 84035                      /home/w/.javacpp/cache/llvm-13.0.1-1.5.7-linux-x86_64.jar/org/bytedeco/llvm/linux-x86_64/libRemarks.so.13
7f2f94006000-7f2f9400d000 r--p 00000000 08:20 47904                      /usr/lib/jvm/java-11-openjdk-amd64/lib/libnio.so
7f2f9400d000-7f2f94015000 r-xp 00007000 08:20 47904                      /usr/lib/jvm/java-11-openjdk-amd64/lib/libnio.so
7f2f94015000-7f2f94018000 r--p 0000f000 08:20 47904                      /usr/lib/jvm/java-11-openjdk-amd64/lib/libnio.so
7f2f94018000-7f2f94019000 r--p 00011000 08:20 47904                      /usr/lib/jvm/java-11-openjdk-amd64/lib/libnio.so
7f2f94019000-7f2f9401a000 rw-p 00012000 08:20 47904                      /usr/lib/jvm/java-11-openjdk-amd64/lib/libnio.so
7f2f9401a000-7f2f946da000 rw-p 00000000 00:00 0 
7f2f946da000-7f2f946db000 ---p 00000000 00:00 0 
7f2f946db000-7f2f947db000 rw-p 00000000 00:00 0 
7f2f947db000-7f2f94a4b000 rwxp 00000000 00:00 0 
7f2f94a4b000-7f2f94f1a000 ---p 00000000 00:00 0 
7f2f94f1a000-7f2f9518a000 rwxp 00000000 00:00 0 
7f2f9518a000-7f2f9c37a000 ---p 00000000 00:00 0 
7f2f9c37a000-7f2f9c5ea000 rwxp 00000000 00:00 0 
7f2f9c5ea000-7f2fa37db000 ---p 00000000 00:00 0 
7f2fa37db000-7f2fac000000 r--s 00000000 08:20 47913                      /usr/lib/jvm/java-11-openjdk-amd64/lib/modules
7f2fac000000-7f2fac428000 rw-p 00000000 00:00 0 
7f2fac428000-7f2fb0000000 ---p 00000000 00:00 0 
7f2fb0002000-7f2fb0003000 r--p 00000000 08:20 47885                      /usr/lib/jvm/java-11-openjdk-amd64/lib/libextnet.so
7f2fb0003000-7f2fb0004000 r-xp 00001000 08:20 47885                      /usr/lib/jvm/java-11-openjdk-amd64/lib/libextnet.so
7f2fb0004000-7f2fb0005000 r--p 00002000 08:20 47885                      /usr/lib/jvm/java-11-openjdk-amd64/lib/libextnet.so
7f2fb0005000-7f2fb0006000 r--p 00002000 08:20 47885                      /usr/lib/jvm/java-11-openjdk-amd64/lib/libextnet.so
7f2fb0006000-7f2fb0007000 rw-p 00003000 08:20 47885                      /usr/lib/jvm/java-11-openjdk-amd64/lib/libextnet.so
7f2fb0007000-7f2fb0008000 r--p 00000000 08:20 22164                      /usr/lib/locale/C.UTF-8/LC_NUMERIC
7f2fb0008000-7f2fb0009000 r--p 00000000 08:20 22167                      /usr/lib/locale/C.UTF-8/LC_TIME
7f2fb0009000-7f2fb000a000 r--p 00000000 08:20 22162                      /usr/lib/locale/C.UTF-8/LC_MONETARY
7f2fb000a000-7f2fb000b000 r--p 00000000 08:20 22161                      /usr/lib/locale/C.UTF-8/LC_MESSAGES/SYS_LC_MESSAGES
7f2fb000b000-7f2fb000c000 r--p 00000000 08:20 22165                      /usr/lib/locale/C.UTF-8/LC_PAPER
7f2fb000c000-7f2fb000d000 r--p 00000000 08:20 22163                      /usr/lib/locale/C.UTF-8/LC_NAME
7f2fb000d000-7f2fb0014000 r--s 00000000 08:20 42067                      /usr/lib/x86_64-linux-gnu/gconv/gconv-modules.cache
7f2fb0014000-7f2fb0019000 rw-p 00000000 00:00 0 
7f2fb0019000-7f2fb00fd000 ---p 00000000 00:00 0 
7f2fb00fd000-7f2fb0102000 rw-p 00000000 00:00 0 
7f2fb0102000-7f2fb01e6000 ---p 00000000 00:00 0 
7f2fb01e6000-7f2fb01eb000 rw-p 00000000 00:00 0 
7f2fb01eb000-7f2fb01f5000 ---p 00000000 00:00 0 
7f2fb01f5000-7f2fb01f7000 r--p 00000000 08:20 47912                      /usr/lib/jvm/java-11-openjdk-amd64/lib/libzip.so
7f2fb01f7000-7f2fb01fc000 r-xp 00002000 08:20 47912                      /usr/lib/jvm/java-11-openjdk-amd64/lib/libzip.so
7f2fb01fc000-7f2fb01fe000 r--p 00007000 08:20 47912                      /usr/lib/jvm/java-11-openjdk-amd64/lib/libzip.so
7f2fb01fe000-7f2fb01ff000 r--p 00008000 08:20 47912                      /usr/lib/jvm/java-11-openjdk-amd64/lib/libzip.so
7f2fb01ff000-7f2fb0200000 rw-p 00009000 08:20 47912                      /usr/lib/jvm/java-11-openjdk-amd64/lib/libzip.so
7f2fb0200000-7f2fb0203000 r--p 00000000 08:20 41808                      /usr/lib/x86_64-linux-gnu/libnss_files-2.31.so
7f2fb0203000-7f2fb020a000 r-xp 00003000 08:20 41808                      /usr/lib/x86_64-linux-gnu/libnss_files-2.31.so
7f2fb020a000-7f2fb020c000 r--p 0000a000 08:20 41808                      /usr/lib/x86_64-linux-gnu/libnss_files-2.31.so
7f2fb020c000-7f2fb020d000 r--p 0000b000 08:20 41808                      /usr/lib/x86_64-linux-gnu/libnss_files-2.31.so
7f2fb020d000-7f2fb020e000 rw-p 0000c000 08:20 41808                      /usr/lib/x86_64-linux-gnu/libnss_files-2.31.so
7f2fb020e000-7f2fb0214000 rw-p 00000000 00:00 0 
7f2fb0214000-7f2fb0215000 r--p 00000000 08:20 22156                      /usr/lib/locale/C.UTF-8/LC_ADDRESS
7f2fb0215000-7f2fb0216000 r--p 00000000 08:20 22166                      /usr/lib/locale/C.UTF-8/LC_TELEPHONE
7f2fb0216000-7f2fb021e000 rw-s 00000000 08:20 44939                      /tmp/hsperfdata_w/4789
7f2fb021e000-7f2fb0220000 r--p 00000000 08:20 47887                      /usr/lib/jvm/java-11-openjdk-amd64/lib/libinstrument.so
7f2fb0220000-7f2fb0227000 r-xp 00002000 08:20 47887                      /usr/lib/jvm/java-11-openjdk-amd64/lib/libinstrument.so
7f2fb0227000-7f2fb022a000 r--p 00009000 08:20 47887                      /usr/lib/jvm/java-11-openjdk-amd64/lib/libinstrument.so
7f2fb022a000-7f2fb022b000 r--p 0000b000 08:20 47887                      /usr/lib/jvm/java-11-openjdk-amd64/lib/libinstrument.so
7f2fb022b000-7f2fb022c000 rw-p 0000c000 08:20 47887                      /usr/lib/jvm/java-11-openjdk-amd64/lib/libinstrument.so
7f2fb022c000-7f2fb022d000 ---p 00000000 00:00 0 
7f2fb022d000-7f2fb022e000 r--p 00000000 00:00 0 
7f2fb022e000-7f2fb023c000 r--p 00000000 08:20 47892                      /usr/lib/jvm/java-11-openjdk-amd64/lib/libjava.so
7f2fb023c000-7f2fb0252000 r-xp 0000e000 08:20 47892                      /usr/lib/jvm/java-11-openjdk-amd64/lib/libjava.so
7f2fb0252000-7f2fb0259000 r--p 00024000 08:20 47892                      /usr/lib/jvm/java-11-openjdk-amd64/lib/libjava.so
7f2fb0259000-7f2fb025a000 r--p 0002a000 08:20 47892                      /usr/lib/jvm/java-11-openjdk-amd64/lib/libjava.so
7f2fb025a000-7f2fb025b000 rw-p 0002b000 08:20 47892                      /usr/lib/jvm/java-11-openjdk-amd64/lib/libjava.so
7f2fb025b000-7f2fb025c000 rw-p 00000000 00:00 0 
7f2fb025c000-7f2fb0261000 r--p 00000000 08:20 47911                      /usr/lib/jvm/java-11-openjdk-amd64/lib/libverify.so
7f2fb0261000-7f2fb0268000 r-xp 00005000 08:20 47911                      /usr/lib/jvm/java-11-openjdk-amd64/lib/libverify.so
7f2fb0268000-7f2fb026a000 r--p 0000c000 08:20 47911                      /usr/lib/jvm/java-11-openjdk-amd64/lib/libverify.so
7f2fb026a000-7f2fb026b000 ---p 0000e000 08:20 47911                      /usr/lib/jvm/java-11-openjdk-amd64/lib/libverify.so
7f2fb026b000-7f2fb026d000 r--p 0000e000 08:20 47911                      /usr/lib/jvm/java-11-openjdk-amd64/lib/libverify.so
7f2fb026d000-7f2fb026e000 rw-p 00010000 08:20 47911                      /usr/lib/jvm/java-11-openjdk-amd64/lib/libverify.so
7f2fb026e000-7f2fb0270000 r--p 00000000 08:20 41815                      /usr/lib/x86_64-linux-gnu/librt-2.31.so
7f2fb0270000-7f2fb0274000 r-xp 00002000 08:20 41815                      /usr/lib/x86_64-linux-gnu/librt-2.31.so
7f2fb0274000-7f2fb0276000 r--p 00006000 08:20 41815                      /usr/lib/x86_64-linux-gnu/librt-2.31.so
7f2fb0276000-7f2fb0277000 r--p 00007000 08:20 41815                      /usr/lib/x86_64-linux-gnu/librt-2.31.so
7f2fb0277000-7f2fb0278000 rw-p 00008000 08:20 41815                      /usr/lib/x86_64-linux-gnu/librt-2.31.so
7f2fb0278000-7f2fb027c000 ---p 00000000 00:00 0 
7f2fb027c000-7f2fb0379000 rw-p 00000000 00:00 0 
7f2fb0379000-7f2fb037c000 r--p 00000000 08:20 41776                      /usr/lib/x86_64-linux-gnu/libgcc_s.so.1
7f2fb037c000-7f2fb038e000 r-xp 00003000 08:20 41776                      /usr/lib/x86_64-linux-gnu/libgcc_s.so.1
7f2fb038e000-7f2fb0392000 r--p 00015000 08:20 41776                      /usr/lib/x86_64-linux-gnu/libgcc_s.so.1
7f2fb0392000-7f2fb0393000 r--p 00018000 08:20 41776                      /usr/lib/x86_64-linux-gnu/libgcc_s.so.1
7f2fb0393000-7f2fb0394000 rw-p 00019000 08:20 41776                      /usr/lib/x86_64-linux-gnu/libgcc_s.so.1
7f2fb0394000-7f2fb03a1000 r--p 00000000 08:20 41802                      /usr/lib/x86_64-linux-gnu/libm-2.31.so
7f2fb03a1000-7f2fb0448000 r-xp 0000d000 08:20 41802                      /usr/lib/x86_64-linux-gnu/libm-2.31.so
7f2fb0448000-7f2fb04e1000 r--p 000b4000 08:20 41802                      /usr/lib/x86_64-linux-gnu/libm-2.31.so
7f2fb04e1000-7f2fb04e2000 r--p 0014c000 08:20 41802                      /usr/lib/x86_64-linux-gnu/libm-2.31.so
7f2fb04e2000-7f2fb04e3000 rw-p 0014d000 08:20 41802                      /usr/lib/x86_64-linux-gnu/libm-2.31.so
7f2fb04e3000-7f2fb0579000 r--p 00000000 08:20 40202                      /usr/lib/x86_64-linux-gnu/libstdc++.so.6.0.28
7f2fb0579000-7f2fb066a000 r-xp 00096000 08:20 40202                      /usr/lib/x86_64-linux-gnu/libstdc++.so.6.0.28
7f2fb066a000-7f2fb06b3000 r--p 00187000 08:20 40202                      /usr/lib/x86_64-linux-gnu/libstdc++.so.6.0.28
7f2fb06b3000-7f2fb06b4000 ---p 001d0000 08:20 40202                      /usr/lib/x86_64-linux-gnu/libstdc++.so.6.0.28
7f2fb06b4000-7f2fb06bf000 r--p 001d0000 08:20 40202                      /usr/lib/x86_64-linux-gnu/libstdc++.so.6.0.28
7f2fb06bf000-7f2fb06c2000 rw-p 001db000 08:20 40202                      /usr/lib/x86_64-linux-gnu/libstdc++.so.6.0.28
7f2fb06c2000-7f2fb06c5000 rw-p 00000000 00:00 0 
7f2fb06c5000-7f2fb0947000 r--p 00000000 08:20 47918                      /usr/lib/jvm/java-11-openjdk-amd64/lib/server/libjvm.so
7f2fb0947000-7f2fb15d4000 r-xp 00282000 08:20 47918                      /usr/lib/jvm/java-11-openjdk-amd64/lib/server/libjvm.so
7f2fb15d4000-7f2fb1835000 r--p 00f0f000 08:20 47918                      /usr/lib/jvm/java-11-openjdk-amd64/lib/server/libjvm.so
7f2fb1835000-7f2fb1836000 ---p 01170000 08:20 47918                      /usr/lib/jvm/java-11-openjdk-amd64/lib/server/libjvm.so
7f2fb1836000-7f2fb18fa000 r--p 01170000 08:20 47918                      /usr/lib/jvm/java-11-openjdk-amd64/lib/server/libjvm.so
7f2fb18fa000-7f2fb1935000 rw-p 01234000 08:20 47918                      /usr/lib/jvm/java-11-openjdk-amd64/lib/server/libjvm.so
7f2fb1935000-7f2fb198e000 rw-p 00000000 00:00 0 
7f2fb198e000-7f2fb19b0000 r--p 00000000 08:20 41800                      /usr/lib/x86_64-linux-gnu/libc-2.31.so
7f2fb19b0000-7f2fb1b28000 r-xp 00022000 08:20 41800                      /usr/lib/x86_64-linux-gnu/libc-2.31.so
7f2fb1b28000-7f2fb1b76000 r--p 0019a000 08:20 41800                      /usr/lib/x86_64-linux-gnu/libc-2.31.so
7f2fb1b76000-7f2fb1b7a000 r--p 001e7000 08:20 41800                      /usr/lib/x86_64-linux-gnu/libc-2.31.so
7f2fb1b7a000-7f2fb1b7c000 rw-p 001eb000 08:20 41800                      /usr/lib/x86_64-linux-gnu/libc-2.31.so
7f2fb1b7c000-7f2fb1b80000 rw-p 00000000 00:00 0 
7f2fb1b80000-7f2fb1b81000 r--p 00000000 08:20 41801                      /usr/lib/x86_64-linux-gnu/libdl-2.31.so
7f2fb1b81000-7f2fb1b83000 r-xp 00001000 08:20 41801                      /usr/lib/x86_64-linux-gnu/libdl-2.31.so
7f2fb1b83000-7f2fb1b84000 r--p 00003000 08:20 41801                      /usr/lib/x86_64-linux-gnu/libdl-2.31.so
7f2fb1b84000-7f2fb1b85000 r--p 00003000 08:20 41801                      /usr/lib/x86_64-linux-gnu/libdl-2.31.so
7f2fb1b85000-7f2fb1b86000 rw-p 00004000 08:20 41801                      /usr/lib/x86_64-linux-gnu/libdl-2.31.so
7f2fb1b86000-7f2fb1b89000 r--p 00000000 08:20 47877                      /usr/lib/jvm/java-11-openjdk-amd64/lib/jli/libjli.so
7f2fb1b89000-7f2fb1b93000 r-xp 00003000 08:20 47877                      /usr/lib/jvm/java-11-openjdk-amd64/lib/jli/libjli.so
7f2fb1b93000-7f2fb1b96000 r--p 0000d000 08:20 47877                      /usr/lib/jvm/java-11-openjdk-amd64/lib/jli/libjli.so
7f2fb1b96000-7f2fb1b97000 ---p 00010000 08:20 47877                      /usr/lib/jvm/java-11-openjdk-amd64/lib/jli/libjli.so
7f2fb1b97000-7f2fb1b98000 r--p 00010000 08:20 47877                      /usr/lib/jvm/java-11-openjdk-amd64/lib/jli/libjli.so
7f2fb1b98000-7f2fb1b99000 rw-p 00011000 08:20 47877                      /usr/lib/jvm/java-11-openjdk-amd64/lib/jli/libjli.so
7f2fb1b99000-7f2fb1b9f000 r--p 00000000 08:20 41813                      /usr/lib/x86_64-linux-gnu/libpthread-2.31.so
7f2fb1b9f000-7f2fb1bb0000 r-xp 00006000 08:20 41813                      /usr/lib/x86_64-linux-gnu/libpthread-2.31.so
7f2fb1bb0000-7f2fb1bb6000 r--p 00017000 08:20 41813                      /usr/lib/x86_64-linux-gnu/libpthread-2.31.so
7f2fb1bb6000-7f2fb1bb7000 r--p 0001c000 08:20 41813                      /usr/lib/x86_64-linux-gnu/libpthread-2.31.so
7f2fb1bb7000-7f2fb1bb8000 rw-p 0001d000 08:20 41813                      /usr/lib/x86_64-linux-gnu/libpthread-2.31.so
7f2fb1bb8000-7f2fb1bbc000 rw-p 00000000 00:00 0 
7f2fb1bbc000-7f2fb1bbe000 r--p 00000000 08:20 13174                      /usr/lib/x86_64-linux-gnu/libz.so.1.2.11
7f2fb1bbe000-7f2fb1bcf000 r-xp 00002000 08:20 13174                      /usr/lib/x86_64-linux-gnu/libz.so.1.2.11
7f2fb1bcf000-7f2fb1bd5000 r--p 00013000 08:20 13174                      /usr/lib/x86_64-linux-gnu/libz.so.1.2.11
7f2fb1bd5000-7f2fb1bd6000 ---p 00019000 08:20 13174                      /usr/lib/x86_64-linux-gnu/libz.so.1.2.11
7f2fb1bd6000-7f2fb1bd7000 r--p 00019000 08:20 13174                      /usr/lib/x86_64-linux-gnu/libz.so.1.2.11
7f2fb1bd7000-7f2fb1bd8000 rw-p 0001a000 08:20 13174                      /usr/lib/x86_64-linux-gnu/libz.so.1.2.11
7f2fb1bd8000-7f2fb1bd9000 r--p 00000000 08:20 22160                      /usr/lib/locale/C.UTF-8/LC_MEASUREMENT
7f2fb1bd9000-7f2fb1bdb000 r--p 00000000 08:20 47895                      /usr/lib/jvm/java-11-openjdk-amd64/lib/libjimage.so
7f2fb1bdb000-7f2fb1bde000 r-xp 00002000 08:20 47895                      /usr/lib/jvm/java-11-openjdk-amd64/lib/libjimage.so
7f2fb1bde000-7f2fb1bdf000 r--p 00005000 08:20 47895                      /usr/lib/jvm/java-11-openjdk-amd64/lib/libjimage.so
7f2fb1bdf000-7f2fb1be0000 ---p 00006000 08:20 47895                      /usr/lib/jvm/java-11-openjdk-amd64/lib/libjimage.so
7f2fb1be0000-7f2fb1be1000 r--p 00006000 08:20 47895                      /usr/lib/jvm/java-11-openjdk-amd64/lib/libjimage.so
7f2fb1be1000-7f2fb1be2000 rw-p 00007000 08:20 47895                      /usr/lib/jvm/java-11-openjdk-amd64/lib/libjimage.so
7f2fb1be2000-7f2fb1be4000 rw-p 00000000 00:00 0 
7f2fb1be4000-7f2fb1be5000 r--p 00000000 08:20 40200                      /usr/lib/x86_64-linux-gnu/ld-2.31.so
7f2fb1be5000-7f2fb1c08000 r-xp 00001000 08:20 40200                      /usr/lib/x86_64-linux-gnu/ld-2.31.so
7f2fb1c08000-7f2fb1c10000 r--p 00024000 08:20 40200                      /usr/lib/x86_64-linux-gnu/ld-2.31.so
7f2fb1c10000-7f2fb1c11000 r--p 00000000 08:20 22159                      /usr/lib/locale/C.UTF-8/LC_IDENTIFICATION
7f2fb1c11000-7f2fb1c12000 r--p 0002c000 08:20 40200                      /usr/lib/x86_64-linux-gnu/ld-2.31.so
7f2fb1c12000-7f2fb1c13000 rw-p 0002d000 08:20 40200                      /usr/lib/x86_64-linux-gnu/ld-2.31.so
7f2fb1c13000-7f2fb1c14000 rw-p 00000000 00:00 0 
7ffdbe481000-7ffdbe4a2000 rw-p 00000000 00:00 0                          [stack]
7ffdbe518000-7ffdbe51c000 r--p 00000000 00:00 0                          [vvar]
7ffdbe51c000-7ffdbe51e000 r-xp 00000000 00:00 0                          [vdso]


VM Arguments:
jvm_args: -javaagent:/home/w/.cache/JetBrains/RemoteDev/dist/2b05049c6fa27_ideaIU-232.9921.28/lib/idea_rt.jar=60803:/home/w/.cache/JetBrains/RemoteDev/dist/2b05049c6fa27_ideaIU-232.9921.28/bin -Dfile.encoding=UTF-8 
java_command: Main
java_class_path (initial): /home/w/.cache/JetBrains/RemoteDev/dist/2b05049c6fa27_ideaIU-232.9921.28/plugins/remote-dev-server/selfcontained/fontconfig/out/production/Lab:/usr/local/lib/antlr-4.9.1-complete.jar:/usr/local/lib/javacpp-1.5.7-linux-x86_64.jar:/usr/local/lib/javacpp-1.5.7.jar:/usr/local/lib/llvm-13.0.1-1.5.7-linux-x86_64.jar:/usr/local/lib/llvm-13.0.1-1.5.7.jar:/usr/local/lib/llvm-platform-13.0.1-1.5.7.jar
Launcher Type: SUN_STANDARD

[Global flags]
     intx CICompilerCount                          = 12                                        {product} {ergonomic}
     uint ConcGCThreads                            = 3                                         {product} {ergonomic}
     uint G1ConcRefinementThreads                  = 13                                        {product} {ergonomic}
   size_t G1HeapRegionSize                         = 1048576                                   {product} {ergonomic}
    uintx GCDrainStackTargetSize                   = 64                                        {product} {ergonomic}
   size_t InitialHeapSize                          = 127926272                                 {product} {ergonomic}
   size_t MarkStackSize                            = 4194304                                   {product} {ergonomic}
   size_t MaxHeapSize                              = 2036334592                                {product} {ergonomic}
   size_t MaxNewSize                               = 1221591040                                {product} {ergonomic}
   size_t MinHeapDeltaBytes                        = 1048576                                   {product} {ergonomic}
    uintx NonNMethodCodeHeapSize                   = 7594288                                {pd product} {ergonomic}
    uintx NonProfiledCodeHeapSize                  = 122031976                              {pd product} {ergonomic}
    uintx ProfiledCodeHeapSize                     = 122031976                              {pd product} {ergonomic}
    uintx ReservedCodeCacheSize                    = 251658240                              {pd product} {ergonomic}
     bool SegmentedCodeCache                       = true                                      {product} {ergonomic}
     bool UseCompressedClassPointers               = true                                 {lp64_product} {ergonomic}
     bool UseCompressedOops                        = true                                 {lp64_product} {ergonomic}
     bool UseG1GC                                  = true                                      {product} {ergonomic}

Logging:
Log output configuration:
 #0: stdout all=warning uptime,level,tags
 #1: stderr all=off uptime,level,tags

Environment Variables:
PATH=/usr/local/sbin:/usr/local/bin:/usr/sbin:/usr/bin:/sbin:/bin:/usr/games:/usr/local/games:/usr/lib/wsl/lib:/mnt/c/Python312/Scripts/:/mnt/c/Python312/:/mnt/c/Program Files (x86)/Common Files/Oracle/Java/javapath:/mnt/c/Windows/system32:/mnt/c/Windows:/mnt/c/Windows/System32/Wbem:/mnt/c/Windows/System32/WindowsPowerShell/v1.0/:/mnt/c/Windows/System32/OpenSSH/:/mnt/d/mingw64/bin:/mnt/d/codes/vx/web/dll:/mnt/d/cod:/mnt/c/ProgramData/chocolatey/bin:/mnt/c/Users/anti/AppData/Local/Google/Chrome/Application:/mnt/e/web/dll:/mnt/d/cod:/mnt/d/Git/cmd:/mnt/c/Users/anti/AppData/Local/Programs/Python/Python310/Scripts/:/mnt/c/Users/anti/AppData/Local/Programs/Python/Python310/:/mnt/c/Users/anti/AppData/Local/Microsoft/WindowsApps:/mnt/d/CLion 2022.2.3/bin:/mnt/d/Microsoft VS Code/bin:/mnt/d/mingw64/bin:/mnt/f/QQGameTempest/Hall.57915/:/mnt/c/Users/anti/AppData/Local/JetBrains/Toolbox/scripts:/mnt/c/Users/anti/AppData/Local/Microsoft/WindowsApps:/mnt/c/Users/anti/AppData/Local/Pandoc/:/mnt/c/Users/anti/AppData/Roaming/npm:/mnt/d/code/appium:/mnt/d/code/android-sdk-windows/platform-tools:/mnt/d/code/android-sdk-windows/tools:/mnt/c/Program Files/Java/jdk1.8.0_301/bin:/mnt/c/Program Files/Java/jdk1.8.0_301/bin:/mnt/d/code/android-sdk-windows/build-tools/29.0.3:/mnt/d/code/appium/node/:/mnt/f/pyCharm/PyCharm 2024.1/bin:/mnt/e/WebStorm 2023.3.4/bin:/snap/bin
SHELL=/bin/bash
DISPLAY=:0
HOSTTYPE=x86_64
LANG=C.UTF-8
TERM=xterm-256color

Signal Handlers:
SIGSEGV: [libjvm.so+0xe9cbc0], sa_mask[0]=11111111011111111101111111111110, sa_flags=SA_RESTART|SA_SIGINFO
SIGBUS: [libjvm.so+0xe9cbc0], sa_mask[0]=11111111011111111101111111111110, sa_flags=SA_RESTART|SA_SIGINFO
SIGFPE: [libjvm.so+0xe9cbc0], sa_mask[0]=11111111011111111101111111111110, sa_flags=SA_RESTART|SA_SIGINFO
SIGPIPE: [libjvm.so+0xbe3c50], sa_mask[0]=11111111011111111101111111111110, sa_flags=SA_RESTART|SA_SIGINFO
SIGXFSZ: [libjvm.so+0xbe3c50], sa_mask[0]=11111111011111111101111111111110, sa_flags=SA_RESTART|SA_SIGINFO
SIGILL: [libjvm.so+0xe9cbc0], sa_mask[0]=11111111011111111101111111111110, sa_flags=SA_RESTART|SA_SIGINFO
SIGUSR2: [libjvm.so+0xbe3af0], sa_mask[0]=00100000000000000000000000000000, sa_flags=SA_RESTART|SA_SIGINFO
SIGHUP: [libjvm.so+0xbe42b0], sa_mask[0]=11111111011111111101111111111110, sa_flags=SA_RESTART|SA_SIGINFO
SIGINT: [libjvm.so+0xbe42b0], sa_mask[0]=11111111011111111101111111111110, sa_flags=SA_RESTART|SA_SIGINFO
SIGTERM: [libjvm.so+0xbe42b0], sa_mask[0]=11111111011111111101111111111110, sa_flags=SA_RESTART|SA_SIGINFO
SIGQUIT: [libjvm.so+0xbe42b0], sa_mask[0]=11111111011111111101111111111110, sa_flags=SA_RESTART|SA_SIGINFO


---------------  S Y S T E M  ---------------

OS:DISTRIB_ID=Ubuntu
DISTRIB_RELEASE=20.04
DISTRIB_CODENAME=focal
DISTRIB_DESCRIPTION="Ubuntu 20.04.6 LTS"
uname:Linux 5.15.153.1-microsoft-standard-WSL2 #1 SMP Fri Mar 29 23:14:13 UTC 2024 x86_64
OS uptime: 0 days 0:11 hours
libc:glibc 2.31 NPTL 2.31 
rlimit (soft/hard): STACK 8192k/infinity , CORE 0k/infinity , NPROC 31039/31039 , NOFILE 1048576/1048576 , AS infinity/infinity , CPU infinity/infinity , DATA infinity/infinity , FSIZE infinity/infinity , MEMLOCK 65536k/65536k
load average:1.15 0.93 0.59

/proc/meminfo:
MemTotal:        7952736 kB
MemFree:         3094360 kB
MemAvailable:    4597692 kB
Buffers:           35344 kB
Cached:          1659588 kB
SwapCached:            0 kB
Active:           440036 kB
Inactive:        3834920 kB
Active(anon):       3048 kB
Inactive(anon):  2580280 kB
Active(file):     436988 kB
Inactive(file):  1254640 kB
Unevictable:           0 kB
Mlocked:               0 kB
SwapTotal:       2097152 kB
SwapFree:        2097152 kB
Dirty:             17548 kB
Writeback:             0 kB
AnonPages:       2434984 kB
Mapped:           971096 kB
Shmem:              3304 kB
KReclaimable:      54268 kB
Slab:             160448 kB
SReclaimable:      54268 kB
SUnreclaim:       106180 kB
KernelStack:        7856 kB
PageTables:        13460 kB
NFS_Unstable:          0 kB
Bounce:                0 kB
WritebackTmp:          0 kB
CommitLimit:     6073520 kB
Committed_AS:    3060840 kB
VmallocTotal:   34359738367 kB
VmallocUsed:      104340 kB
VmallocChunk:          0 kB
Percpu:            11136 kB
AnonHugePages:    653312 kB
ShmemHugePages:        0 kB
ShmemPmdMapped:        0 kB
FileHugePages:         0 kB
FilePmdMapped:         0 kB
HugePages_Total:       0
HugePages_Free:        0
HugePages_Rsvd:        0
HugePages_Surp:        0
Hugepagesize:       2048 kB
Hugetlb:               0 kB
DirectMap4k:      113664 kB
DirectMap2M:     4943872 kB
DirectMap1G:    11534336 kB

/sys/kernel/mm/transparent_hugepage/enabled:
[always] madvise never
/sys/kernel/mm/transparent_hugepage/defrag (defrag/compaction efforts parameter):
always defer defer+madvise [madvise] never

Process Memory:
Virtual Size: 5051108K (peak: 13431804K)
Resident Set Size: 100176K (peak: 100176K) (anon: 43948K, file: 56228K, shmem: 0K)
Swapped out: 0K
C-Heap outstanding allocations: 37935K, retained: 2616K
glibc malloc tunables: (default)

/proc/sys/kernel/threads-max (system-wide limit on the number of threads):
62078
/proc/sys/vm/max_map_count (maximum number of memory map areas a process may have):
65530
/proc/sys/kernel/pid_max (system-wide limit on number of process identifiers):
4194304

container (cgroup) information:
container_type: cgroupv1
cpu_cpuset_cpus: 0-15
cpu_memory_nodes: 0
active_processor_count: 16
cpu_quota: no quota
cpu_period: 100000
cpu_shares: no shares
memory_limit_in_bytes: unlimited
memory_and_swap_limit_in_bytes: unlimited
memory_soft_limit_in_bytes: unlimited
memory_usage_in_bytes: 4130496 k
memory_max_usage_in_bytes: 407228 k
kernel_memory_usage_in_bytes: 21724 k
kernel_memory_max_usage_in_bytes: unlimited
kernel_memory_limit_in_bytes: 26748 k
maximum number of tasks: not supported
current number of tasks: not supported

Hyper-V virtualization detected
Steal ticks since vm start: 0
Steal ticks percentage since vm start:  0.000

CPU:total 16 (initial active 16) (8 cores per cpu, 2 threads per core) family 6 model 154 stepping 3 microcode 0xffffffff, cmov, cx8, fxsr, mmx, sse, sse2, sse3, ssse3, sse4.1, sse4.2, popcnt, avx, avx2, aes, clmul, erms, 3dnowpref, lzcnt, ht, tsc, tscinvbit, bmi1, bmi2, adx, sha, fma
CPU Model and flags from /proc/cpuinfo:
model name	: 12th Gen Intel(R) Core(TM) i5-1240P
flags		: fpu vme de pse tsc msr pae mce cx8 apic sep mtrr pge mca cmov pat pse36 clflush mmx fxsr sse sse2 ss ht syscall nx pdpe1gb rdtscp lm constant_tsc rep_good nopl xtopology tsc_reliable nonstop_tsc cpuid pni pclmulqdq ssse3 fma cx16 sse4_1 sse4_2 x2apic movbe popcnt tsc_deadline_timer aes xsave avx f16c rdrand hypervisor lahf_lm abm 3dnowprefetch ssbd ibrs ibpb stibp ibrs_enhanced fsgsbase tsc_adjust bmi1 avx2 smep bmi2 erms invpcid rdseed adx smap clflushopt clwb sha_ni xsaveopt xsavec xgetbv1 xsaves avx_vnni umip waitpkg gfni vaes vpclmulqdq rdpid movdiri movdir64b fsrm md_clear serialize flush_l1d arch_capabilities
Online cpus:
0-15
Offline cpus:

BIOS frequency limitation:
<Not Available>
Frequency switch latency (ns):
<Not Available>
Available cpu frequencies:
<Not Available>
Current governor:
<Not Available>
Core performance/turbo boost:
<Not Available>

Memory: 4k page, physical 7952736k(3094360k free), swap 2097152k(2097152k free)

vm_info: OpenJDK 64-Bit Server VM (11.0.22+7-post-Ubuntu-0ubuntu220.04.1) for linux-amd64 JRE (11.0.22+7-post-Ubuntu-0ubuntu220.04.1), built on Feb  5 2024 20:49:28 by "unknown" with gcc 10.5.0

END.
