#
# A fatal error has been detected by the Java Runtime Environment:
#
#  SIGSEGV (0xb) at pc=0x00007fded6119e80, pid=260283, tid=260286
#
# JRE version: OpenJDK Runtime Environment (11.0.22+7) (build 11.0.22+7-post-Ubuntu-0ubuntu220.04.1)
# Java VM: OpenJDK 64-Bit Server VM (11.0.22+7-post-Ubuntu-0ubuntu220.04.1, mixed mode, sharing, tiered, compressed oops, g1 gc, linux-amd64)
# Problematic frame:
# C  [libLLVM-13.so+0xbede80]  llvm::BasicBlock::getModule() const+0x0
#
# No core dump will be written. Core dumps have been disabled. To enable core dumping, try "ulimit -c unlimited" before starting Java again
#
# If you would like to submit a bug report, please visit:
#   https://bugs.launchpad.net/ubuntu/+source/openjdk-lts
# The crash happened outside the Java Virtual Machine in native code.
# See problematic frame for where to report the bug.
#

---------------  S U M M A R Y ------------

Command Line: -agentlib:jdwp=transport=dt_socket,address=127.0.0.1:60853,suspend=y,server=n -javaagent:/home/w/.cache/JetBrains/RemoteDev/dist/2b05049c6fa27_ideaIU-232.9921.28/plugins/java/lib/rt/debugger-agent.jar -Dfile.encoding=UTF-8 Main

Host: 12th Gen Intel(R) Core(TM) i5-1240P, 16 cores, 7G, Ubuntu 20.04.6 LTS
Time: Mon May 13 20:50:33 2024 HKT elapsed time: 4.848662 seconds (0d 0h 0m 4s)

---------------  T H R E A D  ---------------

Current thread (0x00007fdf5401c000):  JavaThread "main" [_thread_in_native, id=260286, stack(0x00007fdf5b27a000,0x00007fdf5b37b000)]

Stack: [0x00007fdf5b27a000,0x00007fdf5b37b000],  sp=0x00007fdf5b378d08,  free space=1019k
Native frames: (J=compiled Java code, A=aot compiled Java code, j=interpreted, Vv=VM code, C=native code)
C  [libLLVM-13.so+0xbede80]  llvm::BasicBlock::getModule() const+0x0

Java frames: (J=compiled Java code, j=interpreted, Vv=VM code)
j  org.bytedeco.llvm.global.LLVM.LLVMBuildLoad(Lorg/bytedeco/llvm/LLVM/LLVMBuilderRef;Lorg/bytedeco/llvm/LLVM/LLVMValueRef;Ljava/lang/String;)Lorg/bytedeco/llvm/LLVM/LLVMValueRef;+0
j  LLVMIRVisitor.visitLValExp(LSysYParser$LValExpContext;)Lorg/bytedeco/llvm/LLVM/LLVMValueRef;+21
j  LLVMIRVisitor.visitLValExp(LSysYParser$LValExpContext;)Ljava/lang/Object;+2
j  SysYParser$LValExpContext.accept(Lorg/antlr/v4/runtime/tree/ParseTreeVisitor;)Ljava/lang/Object;+12
j  org.antlr.v4.runtime.tree.AbstractParseTreeVisitor.visitChildren(Lorg/antlr/v4/runtime/tree/RuleNode;)Ljava/lang/Object;+46
j  SysYParserBaseVisitor.visitInitVal(LSysYParser$InitValContext;)Ljava/lang/Object;+2
j  SysYParser$InitValContext.accept(Lorg/antlr/v4/runtime/tree/ParseTreeVisitor;)Ljava/lang/Object;+12
j  org.antlr.v4.runtime.tree.AbstractParseTreeVisitor.visit(Lorg/antlr/v4/runtime/tree/ParseTree;)Ljava/lang/Object;+2
j  LLVMIRVisitor.visitVarDef(LSysYParser$VarDefContext;)Lorg/bytedeco/llvm/LLVM/LLVMValueRef;+39
j  LLVMIRVisitor.visitVarDef(LSysYParser$VarDefContext;)Ljava/lang/Object;+2
j  SysYParser$VarDefContext.accept(Lorg/antlr/v4/runtime/tree/ParseTreeVisitor;)Ljava/lang/Object;+12
j  org.antlr.v4.runtime.tree.AbstractParseTreeVisitor.visitChildren(Lorg/antlr/v4/runtime/tree/RuleNode;)Ljava/lang/Object;+46
j  SysYParserBaseVisitor.visitVarDecl(LSysYParser$VarDeclContext;)Ljava/lang/Object;+2
j  SysYParser$VarDeclContext.accept(Lorg/antlr/v4/runtime/tree/ParseTreeVisitor;)Ljava/lang/Object;+12
j  org.antlr.v4.runtime.tree.AbstractParseTreeVisitor.visitChildren(Lorg/antlr/v4/runtime/tree/RuleNode;)Ljava/lang/Object;+46
j  SysYParserBaseVisitor.visitDecl(LSysYParser$DeclContext;)Ljava/lang/Object;+2
j  SysYParser$DeclContext.accept(Lorg/antlr/v4/runtime/tree/ParseTreeVisitor;)Ljava/lang/Object;+12
j  org.antlr.v4.runtime.tree.AbstractParseTreeVisitor.visitChildren(Lorg/antlr/v4/runtime/tree/RuleNode;)Ljava/lang/Object;+46
j  SysYParserBaseVisitor.visitCompUnit(LSysYParser$CompUnitContext;)Ljava/lang/Object;+2
j  SysYParser$CompUnitContext.accept(Lorg/antlr/v4/runtime/tree/ParseTreeVisitor;)Ljava/lang/Object;+12
j  org.antlr.v4.runtime.tree.AbstractParseTreeVisitor.visitChildren(Lorg/antlr/v4/runtime/tree/RuleNode;)Ljava/lang/Object;+46
j  SysYParserBaseVisitor.visitProgram(LSysYParser$ProgramContext;)Ljava/lang/Object;+2
j  LLVMIRVisitor.visitProgram(LSysYParser$ProgramContext;)Lorg/bytedeco/llvm/LLVM/LLVMValueRef;+14
j  LLVMIRVisitor.visitProgram(LSysYParser$ProgramContext;)Ljava/lang/Object;+2
j  SysYParser$ProgramContext.accept(Lorg/antlr/v4/runtime/tree/ParseTreeVisitor;)Ljava/lang/Object;+12
j  org.antlr.v4.runtime.tree.AbstractParseTreeVisitor.visit(Lorg/antlr/v4/runtime/tree/ParseTree;)Ljava/lang/Object;+2
j  Main.main([Ljava/lang/String;)V+62
v  ~StubRoutines::call_stub

siginfo: si_signo: 11 (SIGSEGV), si_code: 1 (SEGV_MAPERR), si_addr: 0x0000000000000038

Register to memory mapping:

RAX=0x00007fdf544d0e50 points into unknown readable memory: 0x00007fdf544cab40 | 40 ab 4c 54 df 7f 00 00
RBX=0x00007fdf544b8380 points into unknown readable memory: 0x00007fdf544d0e50 | 50 0e 4d 54 df 7f 00 00
RCX=0x0000000000000067 is an unknown value
RDX=0x00007fdf544b7f40 points into unknown readable memory: 0x0000000000000067 | 67 00 00 00 00 00 00 00
RSP=0x00007fdf5b378d08 is pointing into the stack for thread: 0x00007fdf5401c000
RBP=0x00007fdf544a78e0 points into unknown readable memory: 0x00007fdf544a78f0 | f0 78 4a 54 df 7f 00 00
RSI=0x0000000000000101 is an unknown value
RDI=0x0 is NULL
R8 =0x000000008d523c68 points into unknown readable memory: 0x0000000000000067 | 67 00 00 00 00 00 00 00
R9 =0x00007fdf5401c000 is a thread
R10=0xfffffffffffff55a is an unknown value
R11=0x00007fded6158870: LLVMBuildLoad+0x0000000000000000 in /home/w/.javacpp/cache/llvm-13.0.1-1.5.7-linux-x86_64.jar/org/bytedeco/llvm/linux-x86_64/libLLVM-13.so at 0x00007fded552c000
R12=0x00007fdf5b378e58 is pointing into the stack for thread: 0x00007fdf5401c000
R13=0x00007fdf544b8380 points into unknown readable memory: 0x00007fdf544d0e50 | 50 0e 4d 54 df 7f 00 00
R14=0x00007fdf544cb2c8 points into unknown readable memory: 0x00007fdf544cab40 | 40 ab 4c 54 df 7f 00 00
R15=0x00007fdf5401c000 is a thread


Registers:
RAX=0x00007fdf544d0e50, RBX=0x00007fdf544b8380, RCX=0x0000000000000067, RDX=0x00007fdf544b7f40
RSP=0x00007fdf5b378d08, RBP=0x00007fdf544a78e0, RSI=0x0000000000000101, RDI=0x0000000000000000
R8 =0x000000008d523c68, R9 =0x00007fdf5401c000, R10=0xfffffffffffff55a, R11=0x00007fded6158870
R12=0x00007fdf5b378e58, R13=0x00007fdf544b8380, R14=0x00007fdf544cb2c8, R15=0x00007fdf5401c000
RIP=0x00007fded6119e80, EFLAGS=0x0000000000010202, CSGSFS=0x002b000000000033, ERR=0x0000000000000004
  TRAPNO=0x000000000000000e

Top of Stack: (sp=0x00007fdf5b378d08)
0x00007fdf5b378d08:   00007fded61588aa 00007fdf544b7f40
0x00007fdf5b378d18:   0000000000000000 00007fdf5401c000
0x00007fdf5b378d28:   00007fdf541a1520 0000000000000103
0x00007fdf5b378d38:   0000000000000001 00007fdf544b7f40 

Instructions: (pc=0x00007fded6119e80)
0x00007fded6119d80:   ff 66 0f ef c0 48 89 02 48 89 50 08 41 0f 11 45
0x00007fded6119d90:   00 e8 5a 4b 17 00 4c 39 f3 75 c5 4d 8b 6c 24 30
0x00007fded6119da0:   4c 39 ed 74 3b 0f 1f 00 4c 89 eb 48 89 ef 4d 8b
0x00007fded6119db0:   6d 08 4c 8d 73 e8 4c 89 f6 e8 42 fd ff ff 48 8b
0x00007fded6119dc0:   03 48 8b 53 08 66 0f ef c9 4c 89 f7 48 89 02 48
0x00007fded6119dd0:   89 50 08 0f 11 0b e8 15 4b 17 00 4c 39 ed 75 c8
0x00007fded6119de0:   48 83 c4 08 4c 89 e7 5b 5d 41 5c 41 5d 41 5e 41
0x00007fded6119df0:   5f e9 fa 48 17 00 66 2e 0f 1f 84 00 00 00 00 00
0x00007fded6119e00:   48 8d 4b e8 48 89 c8 48 29 d0 e9 11 ff ff ff 90
0x00007fded6119e10:   48 8b 07 48 8b 38 e8 45 13 16 00 31 d2 be 01 00
0x00007fded6119e20:   00 00 48 89 c7 e8 b6 2a 02 00 48 89 c3 49 8b 44
0x00007fded6119e30:   24 08 48 85 c0 0f 84 a2 fe ff ff 0f 1f 44 00 00
0x00007fded6119e40:   48 8b 68 18 31 d2 48 89 df 48 8b 75 00 e8 ae bc
0x00007fded6119e50:   02 00 48 89 ef 48 89 c6 e8 63 65 17 00 48 89 ef
0x00007fded6119e60:   e8 4b 81 02 00 49 8b 44 24 08 48 85 c0 75 d1 e9
0x00007fded6119e70:   69 fe ff ff 66 2e 0f 1f 84 00 00 00 00 00 66 90
0x00007fded6119e80:   48 8b 47 38 48 8b 40 28 c3 0f 1f 80 00 00 00 00
0x00007fded6119e90:   48 8b 47 28 48 83 c7 28 48 39 f8 74 2b 48 85 c0
0x00007fded6119ea0:   0f 84 9e 9d d3 ff 4c 8d 40 e8 0f b6 40 f8 83 e8
0x00007fded6119eb0:   1b 83 f8 0b b8 00 00 00 00 4c 0f 43 c0 4c 89 c0
0x00007fded6119ec0:   c3 0f 1f 80 00 00 00 00 45 31 c0 eb f0 0f 1f 00
0x00007fded6119ed0:   48 8b 47 28 48 8d 57 28 48 39 d0 0f 84 af 00 00
0x00007fded6119ee0:   00 48 85 c0 0f 84 64 9d d3 ff 45 31 c0 80 78 f8
0x00007fded6119ef0:   1b 75 23 48 8b 57 30 48 8d 48 e8 48 85 d2 74 09
0x00007fded6119f00:   48 83 ea 18 48 39 d1 74 0d 48 8b 50 10 45 31 c0
0x00007fded6119f10:   48 39 42 30 75 0a 4c 89 c0 c3 66 0f 1f 44 00 00
0x00007fded6119f20:   4c 8b 00 4d 85 c0 74 ee 8b 50 fc 49 8d 48 e8 81
0x00007fded6119f30:   e2 ff ff ff 07 74 3e 89 d2 48 f7 da 48 c1 e2 05
0x00007fded6119f40:   48 8b 44 10 e8 48 85 c0 74 2b 48 39 c1 75 41 41
0x00007fded6119f50:   80 78 f8 4b 75 1f 49 8b 40 10 4c 39 40 30 74 30
0x00007fded6119f60:   49 8b 48 c8 4d 8b 00 4d 85 c0 74 aa 49 83 e8 18
0x00007fded6119f70:   4c 39 c1 75 1b 45 31 c0 80 79 10 52 75 98 0f b7 


Stack slot to memory mapping:
stack at sp + 0 slots: 0x00007fded61588aa: LLVMBuildLoad+0x000000000000003a in /home/w/.javacpp/cache/llvm-13.0.1-1.5.7-linux-x86_64.jar/org/bytedeco/llvm/linux-x86_64/libLLVM-13.so at 0x00007fded552c000
stack at sp + 1 slots: 0x00007fdf544b7f40 points into unknown readable memory: 0x0000000000000067 | 67 00 00 00 00 00 00 00
stack at sp + 2 slots: 0x0 is NULL
stack at sp + 3 slots: 0x00007fdf5401c000 is a thread
stack at sp + 4 slots: 0x00007fdf541a1520 points into unknown readable memory: 0x000000008d523c58 | 58 3c 52 8d 00 00 00 00
stack at sp + 5 slots: 0x0000000000000103 is an unknown value
stack at sp + 6 slots: 0x0000000000000001 is an unknown value
stack at sp + 7 slots: 0x00007fdf544b7f40 points into unknown readable memory: 0x0000000000000067 | 67 00 00 00 00 00 00 00


---------------  P R O C E S S  ---------------

Threads class SMR info:
_java_thread_list=0x00007fdf00214c90, length=13, elements={
0x00007fdf5401c000, 0x00007fdf541a3000, 0x00007fdf541a5000, 0x00007fdf541a9800,
0x00007fdf541ab800, 0x00007fdf541ad800, 0x00007fdf541af800, 0x00007fdf541b1800,
0x00007fdf541d0000, 0x00007fdf54218800, 0x00007fdf5421d800, 0x00007fdef0001800,
0x00007fdf54438800
}

Java Threads: ( => current thread )
=>0x00007fdf5401c000 JavaThread "main" [_thread_in_native, id=260286, stack(0x00007fdf5b27a000,0x00007fdf5b37b000)]
  0x00007fdf541a3000 JavaThread "Reference Handler" daemon [_thread_blocked, id=260301, stack(0x00007fdf3c4d8000,0x00007fdf3c5d9000)]
  0x00007fdf541a5000 JavaThread "Finalizer" daemon [_thread_blocked, id=260302, stack(0x00007fdf3c3d7000,0x00007fdf3c4d8000)]
  0x00007fdf541a9800 JavaThread "Signal Dispatcher" daemon [_thread_blocked, id=260304, stack(0x00007fdf3c2d6000,0x00007fdf3c3d7000)]
  0x00007fdf541ab800 JavaThread "Service Thread" daemon [_thread_blocked, id=260305, stack(0x00007fdf3c1d5000,0x00007fdf3c2d6000)]
  0x00007fdf541ad800 JavaThread "C2 CompilerThread0" daemon [_thread_blocked, id=260306, stack(0x00007fdf3c0d4000,0x00007fdf3c1d5000)]
  0x00007fdf541af800 JavaThread "C1 CompilerThread0" daemon [_thread_blocked, id=260307, stack(0x00007fdf3424f000,0x00007fdf34350000)]
  0x00007fdf541b1800 JavaThread "Sweeper thread" daemon [_thread_blocked, id=260308, stack(0x00007fdf3414e000,0x00007fdf3424f000)]
  0x00007fdf541d0000 JavaThread "Common-Cleaner" daemon [_thread_blocked, id=260312, stack(0x00007fdf2d6ff000,0x00007fdf2d800000)]
  0x00007fdf54218800 JavaThread "JDWP Transport Listener: dt_socket" daemon [_thread_blocked, id=260316, stack(0x00007fdf2d3fc000,0x00007fdf2d4fd000)]
  0x00007fdf5421d800 JavaThread "JDWP Event Helper Thread" daemon [_thread_blocked, id=260319, stack(0x00007fdf2d2fb000,0x00007fdf2d3fc000)]
  0x00007fdef0001800 JavaThread "JDWP Command Reader" daemon [_thread_in_native, id=260320, stack(0x00007fdf2d1fa000,0x00007fdf2d2fb000)]
  0x00007fdf54438800 JavaThread "JavaCPP Deallocator" daemon [_thread_blocked, id=260325, stack(0x00007fdf2cff8000,0x00007fdf2d0f9000)]

Other Threads:
  0x00007fdf541a0000 VMThread "VM Thread" [stack: 0x00007fdf3c5da000,0x00007fdf3c6da000] [id=260300]
  0x00007fdf5422e800 WatcherThread [stack: 0x00007fdf2d0fa000,0x00007fdf2d1fa000] [id=260322]
  0x00007fdf54035800 GCTaskThread "GC Thread#0" [stack: 0x00007fdf5aa37000,0x00007fdf5ab37000] [id=260288]
  0x00007fdf54066800 ConcurrentGCThread "G1 Main Marker" [stack: 0x00007fdf5900e000,0x00007fdf5910e000] [id=260289]
  0x00007fdf54068800 ConcurrentGCThread "G1 Conc#0" [stack: 0x00007fdf58f0d000,0x00007fdf5900d000] [id=260290]
  0x00007fdf54104800 ConcurrentGCThread "G1 Refine#0" [stack: 0x00007fdf580ff000,0x00007fdf581ff000] [id=260293]
  0x00007fdf54106800 ConcurrentGCThread "G1 Young RemSet Sampling" [stack: 0x00007fdf3c6db000,0x00007fdf3c7db000] [id=260294]

Threads with active compile tasks:

VM state:not at safepoint (normal execution)

VM Mutex/Monitor currently owned by a thread: None

Heap address: 0x0000000086a00000, size: 1942 MB, Compressed Oops mode: 32-bit
Narrow klass base: 0x0000000800000000, Narrow klass shift: 3
Compressed class space size: 1073741824 Address: 0x0000000840000000

Heap:
 garbage-first heap   total 126976K, used 14032K [0x0000000086a00000, 0x0000000100000000)
  region size 1024K, 15 young (15360K), 0 survivors (0K)
 Metaspace       used 3763K, capacity 6519K, committed 6656K, reserved 1056768K
  class space    used 405K, capacity 681K, committed 768K, reserved 1048576K
Heap Regions: E=young(eden), S=young(survivor), O=old, HS=humongous(starts), HC=humongous(continues), CS=collection set, F=free, A=archive, TAMS=top-at-mark-start (previous, next)
|   0|0x0000000086a00000, 0x0000000086a00000, 0x0000000086b00000|  0%| F|  |TAMS 0x0000000086a00000, 0x0000000086a00000| Untracked 
|   1|0x0000000086b00000, 0x0000000086b00000, 0x0000000086c00000|  0%| F|  |TAMS 0x0000000086b00000, 0x0000000086b00000| Untracked 
|   2|0x0000000086c00000, 0x0000000086c00000, 0x0000000086d00000|  0%| F|  |TAMS 0x0000000086c00000, 0x0000000086c00000| Untracked 
|   3|0x0000000086d00000, 0x0000000086d00000, 0x0000000086e00000|  0%| F|  |TAMS 0x0000000086d00000, 0x0000000086d00000| Untracked 
|   4|0x0000000086e00000, 0x0000000086e00000, 0x0000000086f00000|  0%| F|  |TAMS 0x0000000086e00000, 0x0000000086e00000| Untracked 
|   5|0x0000000086f00000, 0x0000000086f00000, 0x0000000087000000|  0%| F|  |TAMS 0x0000000086f00000, 0x0000000086f00000| Untracked 
|   6|0x0000000087000000, 0x0000000087000000, 0x0000000087100000|  0%| F|  |TAMS 0x0000000087000000, 0x0000000087000000| Untracked 
|   7|0x0000000087100000, 0x0000000087100000, 0x0000000087200000|  0%| F|  |TAMS 0x0000000087100000, 0x0000000087100000| Untracked 
|   8|0x0000000087200000, 0x0000000087200000, 0x0000000087300000|  0%| F|  |TAMS 0x0000000087200000, 0x0000000087200000| Untracked 
|   9|0x0000000087300000, 0x0000000087300000, 0x0000000087400000|  0%| F|  |TAMS 0x0000000087300000, 0x0000000087300000| Untracked 
|  10|0x0000000087400000, 0x0000000087400000, 0x0000000087500000|  0%| F|  |TAMS 0x0000000087400000, 0x0000000087400000| Untracked 
|  11|0x0000000087500000, 0x0000000087500000, 0x0000000087600000|  0%| F|  |TAMS 0x0000000087500000, 0x0000000087500000| Untracked 
|  12|0x0000000087600000, 0x0000000087600000, 0x0000000087700000|  0%| F|  |TAMS 0x0000000087600000, 0x0000000087600000| Untracked 
|  13|0x0000000087700000, 0x0000000087700000, 0x0000000087800000|  0%| F|  |TAMS 0x0000000087700000, 0x0000000087700000| Untracked 
|  14|0x0000000087800000, 0x0000000087800000, 0x0000000087900000|  0%| F|  |TAMS 0x0000000087800000, 0x0000000087800000| Untracked 
|  15|0x0000000087900000, 0x0000000087900000, 0x0000000087a00000|  0%| F|  |TAMS 0x0000000087900000, 0x0000000087900000| Untracked 
|  16|0x0000000087a00000, 0x0000000087a00000, 0x0000000087b00000|  0%| F|  |TAMS 0x0000000087a00000, 0x0000000087a00000| Untracked 
|  17|0x0000000087b00000, 0x0000000087b00000, 0x0000000087c00000|  0%| F|  |TAMS 0x0000000087b00000, 0x0000000087b00000| Untracked 
|  18|0x0000000087c00000, 0x0000000087c00000, 0x0000000087d00000|  0%| F|  |TAMS 0x0000000087c00000, 0x0000000087c00000| Untracked 
|  19|0x0000000087d00000, 0x0000000087d00000, 0x0000000087e00000|  0%| F|  |TAMS 0x0000000087d00000, 0x0000000087d00000| Untracked 
|  20|0x0000000087e00000, 0x0000000087e00000, 0x0000000087f00000|  0%| F|  |TAMS 0x0000000087e00000, 0x0000000087e00000| Untracked 
|  21|0x0000000087f00000, 0x0000000087f00000, 0x0000000088000000|  0%| F|  |TAMS 0x0000000087f00000, 0x0000000087f00000| Untracked 
|  22|0x0000000088000000, 0x0000000088000000, 0x0000000088100000|  0%| F|  |TAMS 0x0000000088000000, 0x0000000088000000| Untracked 
|  23|0x0000000088100000, 0x0000000088100000, 0x0000000088200000|  0%| F|  |TAMS 0x0000000088100000, 0x0000000088100000| Untracked 
|  24|0x0000000088200000, 0x0000000088200000, 0x0000000088300000|  0%| F|  |TAMS 0x0000000088200000, 0x0000000088200000| Untracked 
|  25|0x0000000088300000, 0x0000000088300000, 0x0000000088400000|  0%| F|  |TAMS 0x0000000088300000, 0x0000000088300000| Untracked 
|  26|0x0000000088400000, 0x0000000088400000, 0x0000000088500000|  0%| F|  |TAMS 0x0000000088400000, 0x0000000088400000| Untracked 
|  27|0x0000000088500000, 0x0000000088500000, 0x0000000088600000|  0%| F|  |TAMS 0x0000000088500000, 0x0000000088500000| Untracked 
|  28|0x0000000088600000, 0x0000000088600000, 0x0000000088700000|  0%| F|  |TAMS 0x0000000088600000, 0x0000000088600000| Untracked 
|  29|0x0000000088700000, 0x0000000088700000, 0x0000000088800000|  0%| F|  |TAMS 0x0000000088700000, 0x0000000088700000| Untracked 
|  30|0x0000000088800000, 0x0000000088800000, 0x0000000088900000|  0%| F|  |TAMS 0x0000000088800000, 0x0000000088800000| Untracked 
|  31|0x0000000088900000, 0x0000000088900000, 0x0000000088a00000|  0%| F|  |TAMS 0x0000000088900000, 0x0000000088900000| Untracked 
|  32|0x0000000088a00000, 0x0000000088a00000, 0x0000000088b00000|  0%| F|  |TAMS 0x0000000088a00000, 0x0000000088a00000| Untracked 
|  33|0x0000000088b00000, 0x0000000088b00000, 0x0000000088c00000|  0%| F|  |TAMS 0x0000000088b00000, 0x0000000088b00000| Untracked 
|  34|0x0000000088c00000, 0x0000000088c00000, 0x0000000088d00000|  0%| F|  |TAMS 0x0000000088c00000, 0x0000000088c00000| Untracked 
|  35|0x0000000088d00000, 0x0000000088d00000, 0x0000000088e00000|  0%| F|  |TAMS 0x0000000088d00000, 0x0000000088d00000| Untracked 
|  36|0x0000000088e00000, 0x0000000088e00000, 0x0000000088f00000|  0%| F|  |TAMS 0x0000000088e00000, 0x0000000088e00000| Untracked 
|  37|0x0000000088f00000, 0x0000000088f00000, 0x0000000089000000|  0%| F|  |TAMS 0x0000000088f00000, 0x0000000088f00000| Untracked 
|  38|0x0000000089000000, 0x0000000089000000, 0x0000000089100000|  0%| F|  |TAMS 0x0000000089000000, 0x0000000089000000| Untracked 
|  39|0x0000000089100000, 0x0000000089100000, 0x0000000089200000|  0%| F|  |TAMS 0x0000000089100000, 0x0000000089100000| Untracked 
|  40|0x0000000089200000, 0x0000000089200000, 0x0000000089300000|  0%| F|  |TAMS 0x0000000089200000, 0x0000000089200000| Untracked 
|  41|0x0000000089300000, 0x0000000089300000, 0x0000000089400000|  0%| F|  |TAMS 0x0000000089300000, 0x0000000089300000| Untracked 
|  42|0x0000000089400000, 0x0000000089400000, 0x0000000089500000|  0%| F|  |TAMS 0x0000000089400000, 0x0000000089400000| Untracked 
|  43|0x0000000089500000, 0x0000000089500000, 0x0000000089600000|  0%| F|  |TAMS 0x0000000089500000, 0x0000000089500000| Untracked 
|  44|0x0000000089600000, 0x0000000089600000, 0x0000000089700000|  0%| F|  |TAMS 0x0000000089600000, 0x0000000089600000| Untracked 
|  45|0x0000000089700000, 0x0000000089700000, 0x0000000089800000|  0%| F|  |TAMS 0x0000000089700000, 0x0000000089700000| Untracked 
|  46|0x0000000089800000, 0x0000000089800000, 0x0000000089900000|  0%| F|  |TAMS 0x0000000089800000, 0x0000000089800000| Untracked 
|  47|0x0000000089900000, 0x0000000089900000, 0x0000000089a00000|  0%| F|  |TAMS 0x0000000089900000, 0x0000000089900000| Untracked 
|  48|0x0000000089a00000, 0x0000000089a00000, 0x0000000089b00000|  0%| F|  |TAMS 0x0000000089a00000, 0x0000000089a00000| Untracked 
|  49|0x0000000089b00000, 0x0000000089b00000, 0x0000000089c00000|  0%| F|  |TAMS 0x0000000089b00000, 0x0000000089b00000| Untracked 
|  50|0x0000000089c00000, 0x0000000089c00000, 0x0000000089d00000|  0%| F|  |TAMS 0x0000000089c00000, 0x0000000089c00000| Untracked 
|  51|0x0000000089d00000, 0x0000000089d00000, 0x0000000089e00000|  0%| F|  |TAMS 0x0000000089d00000, 0x0000000089d00000| Untracked 
|  52|0x0000000089e00000, 0x0000000089e00000, 0x0000000089f00000|  0%| F|  |TAMS 0x0000000089e00000, 0x0000000089e00000| Untracked 
|  53|0x0000000089f00000, 0x0000000089f00000, 0x000000008a000000|  0%| F|  |TAMS 0x0000000089f00000, 0x0000000089f00000| Untracked 
|  54|0x000000008a000000, 0x000000008a000000, 0x000000008a100000|  0%| F|  |TAMS 0x000000008a000000, 0x000000008a000000| Untracked 
|  55|0x000000008a100000, 0x000000008a100000, 0x000000008a200000|  0%| F|  |TAMS 0x000000008a100000, 0x000000008a100000| Untracked 
|  56|0x000000008a200000, 0x000000008a200000, 0x000000008a300000|  0%| F|  |TAMS 0x000000008a200000, 0x000000008a200000| Untracked 
|  57|0x000000008a300000, 0x000000008a300000, 0x000000008a400000|  0%| F|  |TAMS 0x000000008a300000, 0x000000008a300000| Untracked 
|  58|0x000000008a400000, 0x000000008a400000, 0x000000008a500000|  0%| F|  |TAMS 0x000000008a400000, 0x000000008a400000| Untracked 
|  59|0x000000008a500000, 0x000000008a500000, 0x000000008a600000|  0%| F|  |TAMS 0x000000008a500000, 0x000000008a500000| Untracked 
|  60|0x000000008a600000, 0x000000008a600000, 0x000000008a700000|  0%| F|  |TAMS 0x000000008a600000, 0x000000008a600000| Untracked 
|  61|0x000000008a700000, 0x000000008a700000, 0x000000008a800000|  0%| F|  |TAMS 0x000000008a700000, 0x000000008a700000| Untracked 
|  62|0x000000008a800000, 0x000000008a800000, 0x000000008a900000|  0%| F|  |TAMS 0x000000008a800000, 0x000000008a800000| Untracked 
|  63|0x000000008a900000, 0x000000008a900000, 0x000000008aa00000|  0%| F|  |TAMS 0x000000008a900000, 0x000000008a900000| Untracked 
|  64|0x000000008aa00000, 0x000000008aa00000, 0x000000008ab00000|  0%| F|  |TAMS 0x000000008aa00000, 0x000000008aa00000| Untracked 
|  65|0x000000008ab00000, 0x000000008ab00000, 0x000000008ac00000|  0%| F|  |TAMS 0x000000008ab00000, 0x000000008ab00000| Untracked 
|  66|0x000000008ac00000, 0x000000008ac00000, 0x000000008ad00000|  0%| F|  |TAMS 0x000000008ac00000, 0x000000008ac00000| Untracked 
|  67|0x000000008ad00000, 0x000000008ad00000, 0x000000008ae00000|  0%| F|  |TAMS 0x000000008ad00000, 0x000000008ad00000| Untracked 
|  68|0x000000008ae00000, 0x000000008ae00000, 0x000000008af00000|  0%| F|  |TAMS 0x000000008ae00000, 0x000000008ae00000| Untracked 
|  69|0x000000008af00000, 0x000000008af00000, 0x000000008b000000|  0%| F|  |TAMS 0x000000008af00000, 0x000000008af00000| Untracked 
|  70|0x000000008b000000, 0x000000008b000000, 0x000000008b100000|  0%| F|  |TAMS 0x000000008b000000, 0x000000008b000000| Untracked 
|  71|0x000000008b100000, 0x000000008b100000, 0x000000008b200000|  0%| F|  |TAMS 0x000000008b100000, 0x000000008b100000| Untracked 
|  72|0x000000008b200000, 0x000000008b200000, 0x000000008b300000|  0%| F|  |TAMS 0x000000008b200000, 0x000000008b200000| Untracked 
|  73|0x000000008b300000, 0x000000008b300000, 0x000000008b400000|  0%| F|  |TAMS 0x000000008b300000, 0x000000008b300000| Untracked 
|  74|0x000000008b400000, 0x000000008b400000, 0x000000008b500000|  0%| F|  |TAMS 0x000000008b400000, 0x000000008b400000| Untracked 
|  75|0x000000008b500000, 0x000000008b500000, 0x000000008b600000|  0%| F|  |TAMS 0x000000008b500000, 0x000000008b500000| Untracked 
|  76|0x000000008b600000, 0x000000008b600000, 0x000000008b700000|  0%| F|  |TAMS 0x000000008b600000, 0x000000008b600000| Untracked 
|  77|0x000000008b700000, 0x000000008b700000, 0x000000008b800000|  0%| F|  |TAMS 0x000000008b700000, 0x000000008b700000| Untracked 
|  78|0x000000008b800000, 0x000000008b800000, 0x000000008b900000|  0%| F|  |TAMS 0x000000008b800000, 0x000000008b800000| Untracked 
|  79|0x000000008b900000, 0x000000008b900000, 0x000000008ba00000|  0%| F|  |TAMS 0x000000008b900000, 0x000000008b900000| Untracked 
|  80|0x000000008ba00000, 0x000000008ba00000, 0x000000008bb00000|  0%| F|  |TAMS 0x000000008ba00000, 0x000000008ba00000| Untracked 
|  81|0x000000008bb00000, 0x000000008bb00000, 0x000000008bc00000|  0%| F|  |TAMS 0x000000008bb00000, 0x000000008bb00000| Untracked 
|  82|0x000000008bc00000, 0x000000008bc00000, 0x000000008bd00000|  0%| F|  |TAMS 0x000000008bc00000, 0x000000008bc00000| Untracked 
|  83|0x000000008bd00000, 0x000000008bd00000, 0x000000008be00000|  0%| F|  |TAMS 0x000000008bd00000, 0x000000008bd00000| Untracked 
|  84|0x000000008be00000, 0x000000008be00000, 0x000000008bf00000|  0%| F|  |TAMS 0x000000008be00000, 0x000000008be00000| Untracked 
|  85|0x000000008bf00000, 0x000000008bf00000, 0x000000008c000000|  0%| F|  |TAMS 0x000000008bf00000, 0x000000008bf00000| Untracked 
|  86|0x000000008c000000, 0x000000008c000000, 0x000000008c100000|  0%| F|  |TAMS 0x000000008c000000, 0x000000008c000000| Untracked 
|  87|0x000000008c100000, 0x000000008c100000, 0x000000008c200000|  0%| F|  |TAMS 0x000000008c100000, 0x000000008c100000| Untracked 
|  88|0x000000008c200000, 0x000000008c200000, 0x000000008c300000|  0%| F|  |TAMS 0x000000008c200000, 0x000000008c200000| Untracked 
|  89|0x000000008c300000, 0x000000008c300000, 0x000000008c400000|  0%| F|  |TAMS 0x000000008c300000, 0x000000008c300000| Untracked 
|  90|0x000000008c400000, 0x000000008c400000, 0x000000008c500000|  0%| F|  |TAMS 0x000000008c400000, 0x000000008c400000| Untracked 
|  91|0x000000008c500000, 0x000000008c500000, 0x000000008c600000|  0%| F|  |TAMS 0x000000008c500000, 0x000000008c500000| Untracked 
|  92|0x000000008c600000, 0x000000008c600000, 0x000000008c700000|  0%| F|  |TAMS 0x000000008c600000, 0x000000008c600000| Untracked 
|  93|0x000000008c700000, 0x000000008c700000, 0x000000008c800000|  0%| F|  |TAMS 0x000000008c700000, 0x000000008c700000| Untracked 
|  94|0x000000008c800000, 0x000000008c800000, 0x000000008c900000|  0%| F|  |TAMS 0x000000008c800000, 0x000000008c800000| Untracked 
|  95|0x000000008c900000, 0x000000008c900000, 0x000000008ca00000|  0%| F|  |TAMS 0x000000008c900000, 0x000000008c900000| Untracked 
|  96|0x000000008ca00000, 0x000000008ca00000, 0x000000008cb00000|  0%| F|  |TAMS 0x000000008ca00000, 0x000000008ca00000| Untracked 
|  97|0x000000008cb00000, 0x000000008cb00000, 0x000000008cc00000|  0%| F|  |TAMS 0x000000008cb00000, 0x000000008cb00000| Untracked 
|  98|0x000000008cc00000, 0x000000008cc00000, 0x000000008cd00000|  0%| F|  |TAMS 0x000000008cc00000, 0x000000008cc00000| Untracked 
|  99|0x000000008cd00000, 0x000000008cd00000, 0x000000008ce00000|  0%| F|  |TAMS 0x000000008cd00000, 0x000000008cd00000| Untracked 
| 100|0x000000008ce00000, 0x000000008ce00000, 0x000000008cf00000|  0%| F|  |TAMS 0x000000008ce00000, 0x000000008ce00000| Untracked 
| 101|0x000000008cf00000, 0x000000008cf00000, 0x000000008d000000|  0%| F|  |TAMS 0x000000008cf00000, 0x000000008cf00000| Untracked 
| 102|0x000000008d000000, 0x000000008d000000, 0x000000008d100000|  0%| F|  |TAMS 0x000000008d000000, 0x000000008d000000| Untracked 
| 103|0x000000008d100000, 0x000000008d100000, 0x000000008d200000|  0%| F|  |TAMS 0x000000008d100000, 0x000000008d100000| Untracked 
| 104|0x000000008d200000, 0x000000008d200000, 0x000000008d300000|  0%| F|  |TAMS 0x000000008d200000, 0x000000008d200000| Untracked 
| 105|0x000000008d300000, 0x000000008d300000, 0x000000008d400000|  0%| F|  |TAMS 0x000000008d300000, 0x000000008d300000| Untracked 
| 106|0x000000008d400000, 0x000000008d400000, 0x000000008d500000|  0%| F|  |TAMS 0x000000008d400000, 0x000000008d400000| Untracked 
| 107|0x000000008d500000, 0x000000008d57b658, 0x000000008d600000| 48%| E|  |TAMS 0x000000008d500000, 0x000000008d500000| Complete 
| 108|0x000000008d600000, 0x000000008d700000, 0x000000008d700000|100%| E|CS|TAMS 0x000000008d600000, 0x000000008d600000| Complete 
| 109|0x000000008d700000, 0x000000008d800000, 0x000000008d800000|100%| E|CS|TAMS 0x000000008d700000, 0x000000008d700000| Complete 
| 110|0x000000008d800000, 0x000000008d900000, 0x000000008d900000|100%| E|CS|TAMS 0x000000008d800000, 0x000000008d800000| Complete 
| 111|0x000000008d900000, 0x000000008da00000, 0x000000008da00000|100%| E|CS|TAMS 0x000000008d900000, 0x000000008d900000| Complete 
| 112|0x000000008da00000, 0x000000008db00000, 0x000000008db00000|100%| E|CS|TAMS 0x000000008da00000, 0x000000008da00000| Complete 
| 113|0x000000008db00000, 0x000000008dc00000, 0x000000008dc00000|100%| E|CS|TAMS 0x000000008db00000, 0x000000008db00000| Complete 
| 114|0x000000008dc00000, 0x000000008dd00000, 0x000000008dd00000|100%| E|  |TAMS 0x000000008dc00000, 0x000000008dc00000| Complete 
| 115|0x000000008dd00000, 0x000000008de00000, 0x000000008de00000|100%| E|CS|TAMS 0x000000008dd00000, 0x000000008dd00000| Complete 
| 116|0x000000008de00000, 0x000000008df00000, 0x000000008df00000|100%| E|CS|TAMS 0x000000008de00000, 0x000000008de00000| Complete 
| 117|0x000000008df00000, 0x000000008e000000, 0x000000008e000000|100%| E|CS|TAMS 0x000000008df00000, 0x000000008df00000| Complete 
| 118|0x000000008e000000, 0x000000008e100000, 0x000000008e100000|100%| E|CS|TAMS 0x000000008e000000, 0x000000008e000000| Complete 
| 119|0x000000008e100000, 0x000000008e200000, 0x000000008e200000|100%| E|CS|TAMS 0x000000008e100000, 0x000000008e100000| Complete 
| 120|0x000000008e200000, 0x000000008e300000, 0x000000008e300000|100%| E|CS|TAMS 0x000000008e200000, 0x000000008e200000| Complete 
| 121|0x000000008e300000, 0x000000008e400000, 0x000000008e400000|100%| E|CS|TAMS 0x000000008e300000, 0x000000008e300000| Complete 
|1940|0x00000000ffe00000, 0x00000000ffe48000, 0x00000000fff00000| 28%|OA|  |TAMS 0x00000000ffe00000, 0x00000000ffe00000| Untracked 
|1941|0x00000000fff00000, 0x00000000fff6c000, 0x0000000100000000| 42%|CA|  |TAMS 0x00000000fff00000, 0x00000000fff00000| Untracked 

Card table byte_map: [0x00007fdf59593000,0x00007fdf5995e000] _byte_map_base: 0x00007fdf5915e000

Marking Bits (Prev, Next): (CMBitMap*) 0x00007fdf5405e338, (CMBitMap*) 0x00007fdf5405e370
 Prev Bits: [0x00007fdf361a8000, 0x00007fdf38000000)
 Next Bits: [0x00007fdf34350000, 0x00007fdf361a8000)

Polling page: 0x00007fdf5b22e000

Metaspace:

Usage:
  Non-class:      5.70 MB capacity,     3.28 MB ( 58%) used,     2.42 MB ( 42%) free+waste,     5.81 KB ( <1%) overhead. 
      Class:    681.00 KB capacity,   405.71 KB ( 60%) used,   272.41 KB ( 40%) free+waste,     2.88 KB ( <1%) overhead. 
       Both:      6.37 MB capacity,     3.68 MB ( 58%) used,     2.68 MB ( 42%) free+waste,     8.69 KB ( <1%) overhead. 

Virtual space:
  Non-class space:        8.00 MB reserved,       5.75 MB ( 72%) committed 
      Class space:        1.00 GB reserved,     768.00 KB ( <1%) committed 
             Both:        1.01 GB reserved,       6.50 MB ( <1%) committed 

Chunk freelists:
   Non-Class:  50.00 KB
       Class:  23.00 KB
        Both:  73.00 KB

MaxMetaspaceSize: unlimited
CompressedClassSpaceSize: 1.00 GB
Initial GC threshold: 20.80 MB
Current GC threshold: 20.80 MB
CDS: on

CodeHeap 'non-profiled nmethods': size=119172Kb used=220Kb max_used=220Kb free=118951Kb
 bounds [0x00007fdf4437a000, 0x00007fdf445ea000, 0x00007fdf4b7db000]
CodeHeap 'profiled nmethods': size=119168Kb used=1611Kb max_used=1611Kb free=117556Kb
 bounds [0x00007fdf3cf1a000, 0x00007fdf3d18a000, 0x00007fdf4437a000]
CodeHeap 'non-nmethods': size=7420Kb used=1199Kb max_used=1803Kb free=6220Kb
 bounds [0x00007fdf3c7db000, 0x00007fdf3ca4b000, 0x00007fdf3cf1a000]
 total_blobs=1208 nmethods=817 adapters=313
 compilation: enabled
              stopped_count=0, restarted_count=0
 full_count=0

Compilation events (20 events):
Event: 0.509 Thread 0x00007fdf0803b800  807       3       jdk.internal.loader.URLClassPath$JarLoader$2::getCodeSourceURL (8 bytes)
Event: 0.509 Thread 0x00007fdf541af800  808       3       jdk.internal.loader.URLClassPath$JarLoader$2::getManifest (26 bytes)
Event: 0.509 Thread 0x00007fdf0803b800 nmethod 807 0x00007fdf3d0a1f90 code [0x00007fdf3d0a2140, 0x00007fdf3d0a2270]
Event: 0.509 Thread 0x00007fdf0803b800  809       3       java.util.jar.JavaUtilJarAccessImpl::ensureInitialization (5 bytes)
Event: 0.509 Thread 0x00007fdf0803b800 nmethod 809 0x00007fdf3d0a2310 code [0x00007fdf3d0a24c0, 0x00007fdf3d0a26a0]
Event: 0.509 Thread 0x00007fdf0803b800  810  s!   3       java.util.jar.JarFile::ensureInitialization (74 bytes)
Event: 0.509 Thread 0x00007fdf541af800 nmethod 808 0x00007fdf3d0a2790 code [0x00007fdf3d0a29a0, 0x00007fdf3d0a2ea0]
Event: 0.509 Thread 0x00007fdf541af800  811       3       jdk.internal.loader.ClassLoaders$AppClassLoader::defineOrCheckPackage (8 bytes)
Event: 0.510 Thread 0x00007fdf541af800 nmethod 811 0x00007fdf3d0a3110 code [0x00007fdf3d0a32c0, 0x00007fdf3d0a3420]
Event: 0.510 Thread 0x00007fdf541af800  812   !   3       jdk.internal.loader.BuiltinClassLoader::defineOrCheckPackage (93 bytes)
Event: 0.510 Thread 0x00007fdf0803b800 nmethod 810 0x00007fdf3d0a3510 code [0x00007fdf3d0a3800, 0x00007fdf3d0a4b40]
Event: 0.510 Thread 0x00007fdf541af800 nmethod 812 0x00007fdf3d0a5090 code [0x00007fdf3d0a5340, 0x00007fdf3d0a5ef0]
Event: 0.512 Thread 0x00007fdf0803b800  813       3       java.util.zip.ZipFile::getZipEntry (325 bytes)
Event: 0.512 Thread 0x00007fdf541af800  814       3       java.lang.ClassLoader::definePackage (84 bytes)
Event: 0.514 Thread 0x00007fdf541af800 nmethod 814 0x00007fdf3d0a6310 code [0x00007fdf3d0a6620, 0x00007fdf3d0a77f0]
Event: 0.514 Thread 0x00007fdf541af800  815       3       java.lang.Package::isSealed (26 bytes)
Event: 0.515 Thread 0x00007fdf0803b800 nmethod 813 0x00007fdf3d0a7d90 code [0x00007fdf3d0a8140, 0x00007fdf3d0aa060]
Event: 0.515 Thread 0x00007fdf541af800 nmethod 815 0x00007fdf3d0aad10 code [0x00007fdf3d0aaee0, 0x00007fdf3d0ab210]
Event: 0.515 Thread 0x00007fdf0803b800  816       3       jdk.internal.loader.BuiltinClassLoader::isSealed (70 bytes)
Event: 0.516 Thread 0x00007fdf0803b800 nmethod 816 0x00007fdf3d0ab310 code [0x00007fdf3d0ab5a0, 0x00007fdf3d0ac0e0]

GC Heap History (0 events):
No events

Deoptimization events (20 events):
Event: 0.461 Thread 0x00007fdf5401c000 DEOPT PACKING pc=0x00007fdf3d038a54 sp=0x00007fdf5b377230
Event: 0.461 Thread 0x00007fdf5401c000 DEOPT UNPACKING pc=0x00007fdf3c82564a sp=0x00007fdf5b376720 mode 1
Event: 0.462 Thread 0x00007fdf5401c000 DEOPT PACKING pc=0x00007fdf3d038a54 sp=0x00007fdf5b377230
Event: 0.462 Thread 0x00007fdf5401c000 DEOPT UNPACKING pc=0x00007fdf3c82564a sp=0x00007fdf5b376720 mode 1
Event: 0.462 Thread 0x00007fdf5401c000 DEOPT PACKING pc=0x00007fdf3d038a54 sp=0x00007fdf5b377230
Event: 0.462 Thread 0x00007fdf5401c000 DEOPT UNPACKING pc=0x00007fdf3c82564a sp=0x00007fdf5b376720 mode 1
Event: 0.472 Thread 0x00007fdf5401c000 DEOPT PACKING pc=0x00007fdf3d00830a sp=0x00007fdf5b378620
Event: 0.472 Thread 0x00007fdf5401c000 DEOPT UNPACKING pc=0x00007fdf3c82564a sp=0x00007fdf5b377ac8 mode 0
Event: 0.472 Thread 0x00007fdf5401c000 DEOPT PACKING pc=0x00007fdf3d00fe12 sp=0x00007fdf5b3781a0
Event: 0.472 Thread 0x00007fdf5401c000 DEOPT UNPACKING pc=0x00007fdf3c82564a sp=0x00007fdf5b377620 mode 0
Event: 0.475 Thread 0x00007fdf5401c000 DEOPT PACKING pc=0x00007fdf3cf80dcf sp=0x00007fdf5b378600
Event: 0.475 Thread 0x00007fdf5401c000 DEOPT UNPACKING pc=0x00007fdf3c82564a sp=0x00007fdf5b377aa8 mode 0
Event: 0.476 Thread 0x00007fdf5401c000 DEOPT PACKING pc=0x00007fdf3d00fe12 sp=0x00007fdf5b378140
Event: 0.476 Thread 0x00007fdf5401c000 DEOPT UNPACKING pc=0x00007fdf3c82564a sp=0x00007fdf5b3775c0 mode 0
Event: 0.478 Thread 0x00007fdf5401c000 DEOPT PACKING pc=0x00007fdf3d00fe12 sp=0x00007fdf5b378140
Event: 0.478 Thread 0x00007fdf5401c000 DEOPT UNPACKING pc=0x00007fdf3c82564a sp=0x00007fdf5b3775c0 mode 0
Event: 0.481 Thread 0x00007fdf5401c000 DEOPT PACKING pc=0x00007fdf3d00fe12 sp=0x00007fdf5b378120
Event: 0.481 Thread 0x00007fdf5401c000 DEOPT UNPACKING pc=0x00007fdf3c82564a sp=0x00007fdf5b3775a0 mode 0
Event: 0.482 Thread 0x00007fdf5401c000 DEOPT PACKING pc=0x00007fdf3d00fe12 sp=0x00007fdf5b378870
Event: 0.482 Thread 0x00007fdf5401c000 DEOPT UNPACKING pc=0x00007fdf3c82564a sp=0x00007fdf5b377cf0 mode 0

Classes redefined (0 events):
No events

Internal exceptions (20 events):
Event: 0.461 Thread 0x00007fdf5401c000 Exception <a 'java/security/PrivilegedActionException'{0x000000008d9f57c8}> (0x000000008d9f57c8) thrown at [src/hotspot/share/prims/jvm.cpp, line 1304]
Event: 0.461 Thread 0x00007fdf5401c000 Exception <a 'java/security/PrivilegedActionException'{0x000000008d9f5a98}> (0x000000008d9f5a98) thrown at [src/hotspot/share/prims/jvm.cpp, line 1304]
Event: 0.461 Thread 0x00007fdf5401c000 Exception <a 'java/security/PrivilegedActionException'{0x000000008d9f63e8}> (0x000000008d9f63e8) thrown at [src/hotspot/share/prims/jvm.cpp, line 1304]
Event: 0.461 Thread 0x00007fdf5401c000 Exception <a 'java/security/PrivilegedActionException'{0x000000008d9f66b8}> (0x000000008d9f66b8) thrown at [src/hotspot/share/prims/jvm.cpp, line 1304]
Event: 0.461 Thread 0x00007fdf5401c000 Exception <a 'java/security/PrivilegedActionException'{0x000000008d9f72f8}> (0x000000008d9f72f8) thrown at [src/hotspot/share/prims/jvm.cpp, line 1304]
Event: 0.461 Thread 0x00007fdf5401c000 Exception <a 'java/security/PrivilegedActionException'{0x000000008d9f75c8}> (0x000000008d9f75c8) thrown at [src/hotspot/share/prims/jvm.cpp, line 1304]
Event: 0.461 Thread 0x00007fdf5401c000 Exception <a 'java/security/PrivilegedActionException'{0x000000008d9f7f38}> (0x000000008d9f7f38) thrown at [src/hotspot/share/prims/jvm.cpp, line 1304]
Event: 0.461 Thread 0x00007fdf5401c000 Exception <a 'java/security/PrivilegedActionException'{0x000000008d9f8208}> (0x000000008d9f8208) thrown at [src/hotspot/share/prims/jvm.cpp, line 1304]
Event: 0.461 Thread 0x00007fdf5401c000 Exception <a 'java/security/PrivilegedActionException'{0x000000008d9f8b78}> (0x000000008d9f8b78) thrown at [src/hotspot/share/prims/jvm.cpp, line 1304]
Event: 0.461 Thread 0x00007fdf5401c000 Exception <a 'java/security/PrivilegedActionException'{0x000000008d9f8e48}> (0x000000008d9f8e48) thrown at [src/hotspot/share/prims/jvm.cpp, line 1304]
Event: 0.461 Thread 0x00007fdf5401c000 Exception <a 'java/security/PrivilegedActionException'{0x000000008d9f97d0}> (0x000000008d9f97d0) thrown at [src/hotspot/share/prims/jvm.cpp, line 1304]
Event: 0.461 Thread 0x00007fdf5401c000 Exception <a 'java/security/PrivilegedActionException'{0x000000008d9f9aa0}> (0x000000008d9f9aa0) thrown at [src/hotspot/share/prims/jvm.cpp, line 1304]
Event: 0.461 Thread 0x00007fdf5401c000 Exception <a 'java/security/PrivilegedActionException'{0x000000008d9fa428}> (0x000000008d9fa428) thrown at [src/hotspot/share/prims/jvm.cpp, line 1304]
Event: 0.461 Thread 0x00007fdf5401c000 Exception <a 'java/security/PrivilegedActionException'{0x000000008d9fa6f8}> (0x000000008d9fa6f8) thrown at [src/hotspot/share/prims/jvm.cpp, line 1304]
Event: 0.461 Thread 0x00007fdf5401c000 Exception <a 'java/security/PrivilegedActionException'{0x000000008d9fb080}> (0x000000008d9fb080) thrown at [src/hotspot/share/prims/jvm.cpp, line 1304]
Event: 0.461 Thread 0x00007fdf5401c000 Exception <a 'java/security/PrivilegedActionException'{0x000000008d9fb350}> (0x000000008d9fb350) thrown at [src/hotspot/share/prims/jvm.cpp, line 1304]
Event: 0.462 Thread 0x00007fdf5401c000 Exception <a 'java/security/PrivilegedActionException'{0x000000008d9fbcc0}> (0x000000008d9fbcc0) thrown at [src/hotspot/share/prims/jvm.cpp, line 1304]
Event: 0.462 Thread 0x00007fdf5401c000 Exception <a 'java/security/PrivilegedActionException'{0x000000008d9fbf90}> (0x000000008d9fbf90) thrown at [src/hotspot/share/prims/jvm.cpp, line 1304]
Event: 0.462 Thread 0x00007fdf5401c000 Exception <a 'java/security/PrivilegedActionException'{0x000000008d9fc918}> (0x000000008d9fc918) thrown at [src/hotspot/share/prims/jvm.cpp, line 1304]
Event: 0.462 Thread 0x00007fdf5401c000 Exception <a 'java/security/PrivilegedActionException'{0x000000008d9fcbe8}> (0x000000008d9fcbe8) thrown at [src/hotspot/share/prims/jvm.cpp, line 1304]

Events (20 events):
Event: 0.810 Executing VM operation: GetFrameLocation done
Event: 0.810 Executing VM operation: GetOrSetLocal
Event: 0.810 Executing VM operation: GetOrSetLocal done
Event: 0.811 Executing VM operation: GetOrSetLocal
Event: 0.811 Executing VM operation: GetOrSetLocal done
Event: 0.811 Executing VM operation: GetOrSetLocal
Event: 0.811 Executing VM operation: GetOrSetLocal done
Event: 0.811 Executing VM operation: GetOrSetLocal
Event: 0.812 Executing VM operation: GetOrSetLocal done
Event: 0.812 Executing VM operation: GetOrSetLocal
Event: 0.812 Executing VM operation: GetOrSetLocal done
Event: 0.812 Executing VM operation: GetOrSetLocal
Event: 0.813 Executing VM operation: GetOrSetLocal done
Event: 0.866 Executing VM operation: GetFrameCount
Event: 0.867 Executing VM operation: GetFrameCount done
Event: 0.868 Executing VM operation: GetFrameCount
Event: 0.868 Executing VM operation: GetFrameCount done
Event: 0.868 Executing VM operation: GetStackTrace
Event: 0.868 Executing VM operation: GetStackTrace done
Event: 4.847 Thread 0x00007fdf0407f800 Thread exited: 0x00007fdf0407f800


Dynamic libraries:
86a00000-8e400000 rw-p 00000000 00:00 0 
8e400000-ffe00000 ---p 00000000 00:00 0 
ffe00000-ffe48000 rw-p 00b14000 08:20 43898                              /usr/lib/jvm/java-11-openjdk-amd64/lib/server/classes.jsa
ffe48000-fff00000 rw-p 00000000 00:00 0 
fff00000-fff6c000 rw-p 00aa8000 08:20 43898                              /usr/lib/jvm/java-11-openjdk-amd64/lib/server/classes.jsa
fff6c000-100000000 rw-p 00000000 00:00 0 
800000000-800002000 rwxp 00001000 08:20 43898                            /usr/lib/jvm/java-11-openjdk-amd64/lib/server/classes.jsa
800002000-800aa7000 rw-p 00003000 08:20 43898                            /usr/lib/jvm/java-11-openjdk-amd64/lib/server/classes.jsa
840000000-8400c0000 rw-p 00000000 00:00 0 
8400c0000-880000000 ---p 00000000 00:00 0 
555f5dab7000-555f5dab8000 r--p 00000000 08:20 47754                      /usr/lib/jvm/java-11-openjdk-amd64/bin/java
555f5dab8000-555f5dab9000 r-xp 00001000 08:20 47754                      /usr/lib/jvm/java-11-openjdk-amd64/bin/java
555f5dab9000-555f5daba000 r--p 00002000 08:20 47754                      /usr/lib/jvm/java-11-openjdk-amd64/bin/java
555f5daba000-555f5dabb000 r--p 00002000 08:20 47754                      /usr/lib/jvm/java-11-openjdk-amd64/bin/java
555f5dabb000-555f5dabc000 rw-p 00003000 08:20 47754                      /usr/lib/jvm/java-11-openjdk-amd64/bin/java
555f5ddeb000-555f5de0c000 rw-p 00000000 00:00 0                          [heap]
7fded552c000-7fded5e52000 r--p 00000000 08:20 84032                      /home/w/.javacpp/cache/llvm-13.0.1-1.5.7-linux-x86_64.jar/org/bytedeco/llvm/linux-x86_64/libLLVM-13.so
7fded5e52000-7fded9815000 r-xp 00926000 08:20 84032                      /home/w/.javacpp/cache/llvm-13.0.1-1.5.7-linux-x86_64.jar/org/bytedeco/llvm/linux-x86_64/libLLVM-13.so
7fded9815000-7fdedba6a000 r--p 042e9000 08:20 84032                      /home/w/.javacpp/cache/llvm-13.0.1-1.5.7-linux-x86_64.jar/org/bytedeco/llvm/linux-x86_64/libLLVM-13.so
7fdedba6a000-7fdedbf7f000 r--p 0653d000 08:20 84032                      /home/w/.javacpp/cache/llvm-13.0.1-1.5.7-linux-x86_64.jar/org/bytedeco/llvm/linux-x86_64/libLLVM-13.so
7fdedbf7f000-7fdedbf8a000 rw-p 06a52000 08:20 84032                      /home/w/.javacpp/cache/llvm-13.0.1-1.5.7-linux-x86_64.jar/org/bytedeco/llvm/linux-x86_64/libLLVM-13.so
7fdedbf8a000-7fdedc000000 rw-p 00000000 00:00 0 
7fdedc000000-7fdedc021000 rw-p 00000000 00:00 0 
7fdedc021000-7fdee0000000 ---p 00000000 00:00 0 
7fdee0000000-7fdee0021000 rw-p 00000000 00:00 0 
7fdee0021000-7fdee4000000 ---p 00000000 00:00 0 
7fdee4000000-7fdee4021000 rw-p 00000000 00:00 0 
7fdee4021000-7fdee8000000 ---p 00000000 00:00 0 
7fdee8000000-7fdee8021000 rw-p 00000000 00:00 0 
7fdee8021000-7fdeec000000 ---p 00000000 00:00 0 
7fdeec000000-7fdeec13b000 rw-p 00000000 00:00 0 
7fdeec13b000-7fdef0000000 ---p 00000000 00:00 0 
7fdef0000000-7fdef0028000 rw-p 00000000 00:00 0 
7fdef0028000-7fdef4000000 ---p 00000000 00:00 0 
7fdef4000000-7fdef4021000 rw-p 00000000 00:00 0 
7fdef4021000-7fdef8000000 ---p 00000000 00:00 0 
7fdef8000000-7fdef8113000 rw-p 00000000 00:00 0 
7fdef8113000-7fdefc000000 ---p 00000000 00:00 0 
7fdefc000000-7fdefc021000 rw-p 00000000 00:00 0 
7fdefc021000-7fdf00000000 ---p 00000000 00:00 0 
7fdf00000000-7fdf0027a000 rw-p 00000000 00:00 0 
7fdf0027a000-7fdf04000000 ---p 00000000 00:00 0 
7fdf04000000-7fdf041a1000 rw-p 00000000 00:00 0 
7fdf041a1000-7fdf08000000 ---p 00000000 00:00 0 
7fdf08000000-7fdf081e5000 rw-p 00000000 00:00 0 
7fdf081e5000-7fdf0c000000 ---p 00000000 00:00 0 
7fdf0c000000-7fdf0c021000 rw-p 00000000 00:00 0 
7fdf0c021000-7fdf10000000 ---p 00000000 00:00 0 
7fdf10000000-7fdf10021000 rw-p 00000000 00:00 0 
7fdf10021000-7fdf14000000 ---p 00000000 00:00 0 
7fdf14000000-7fdf14021000 rw-p 00000000 00:00 0 
7fdf14021000-7fdf18000000 ---p 00000000 00:00 0 
7fdf18000000-7fdf18021000 rw-p 00000000 00:00 0 
7fdf18021000-7fdf1c000000 ---p 00000000 00:00 0 
7fdf1c000000-7fdf1c021000 rw-p 00000000 00:00 0 
7fdf1c021000-7fdf20000000 ---p 00000000 00:00 0 
7fdf20000000-7fdf20021000 rw-p 00000000 00:00 0 
7fdf20021000-7fdf24000000 ---p 00000000 00:00 0 
7fdf24000000-7fdf24021000 rw-p 00000000 00:00 0 
7fdf24021000-7fdf28000000 ---p 00000000 00:00 0 
7fdf28000000-7fdf28021000 rw-p 00000000 00:00 0 
7fdf28021000-7fdf2c000000 ---p 00000000 00:00 0 
7fdf2cef2000-7fdf2cf57000 r--p 00000000 08:20 84037                      /home/w/.javacpp/cache/llvm-13.0.1-1.5.7-linux-x86_64.jar/org/bytedeco/llvm/linux-x86_64/libjniLLVM.so
7fdf2cf57000-7fdf2cfc5000 r-xp 00065000 08:20 84037                      /home/w/.javacpp/cache/llvm-13.0.1-1.5.7-linux-x86_64.jar/org/bytedeco/llvm/linux-x86_64/libjniLLVM.so
7fdf2cfc5000-7fdf2cff0000 r--p 000d3000 08:20 84037                      /home/w/.javacpp/cache/llvm-13.0.1-1.5.7-linux-x86_64.jar/org/bytedeco/llvm/linux-x86_64/libjniLLVM.so
7fdf2cff0000-7fdf2cff3000 r--p 000fd000 08:20 84037                      /home/w/.javacpp/cache/llvm-13.0.1-1.5.7-linux-x86_64.jar/org/bytedeco/llvm/linux-x86_64/libjniLLVM.so
7fdf2cff3000-7fdf2cff6000 rw-p 00100000 08:20 84037                      /home/w/.javacpp/cache/llvm-13.0.1-1.5.7-linux-x86_64.jar/org/bytedeco/llvm/linux-x86_64/libjniLLVM.so
7fdf2cff6000-7fdf2cff8000 rw-p 00000000 00:00 0 
7fdf2cff8000-7fdf2cffc000 ---p 00000000 00:00 0 
7fdf2cffc000-7fdf2d0f9000 rw-p 00000000 00:00 0 
7fdf2d0f9000-7fdf2d0fa000 ---p 00000000 00:00 0 
7fdf2d0fa000-7fdf2d1fa000 rw-p 00000000 00:00 0 
7fdf2d1fa000-7fdf2d1fe000 ---p 00000000 00:00 0 
7fdf2d1fe000-7fdf2d2fb000 rw-p 00000000 00:00 0 
7fdf2d2fb000-7fdf2d2ff000 ---p 00000000 00:00 0 
7fdf2d2ff000-7fdf2d3fc000 rw-p 00000000 00:00 0 
7fdf2d3fc000-7fdf2d400000 ---p 00000000 00:00 0 
7fdf2d400000-7fdf2d4fd000 rw-p 00000000 00:00 0 
7fdf2d4fd000-7fdf2d501000 ---p 00000000 00:00 0 
7fdf2d501000-7fdf2d5fe000 rw-p 00000000 00:00 0 
7fdf2d5fe000-7fdf2d602000 ---p 00000000 00:00 0 
7fdf2d602000-7fdf2d6ff000 rw-p 00000000 00:00 0 
7fdf2d6ff000-7fdf2d703000 ---p 00000000 00:00 0 
7fdf2d703000-7fdf2ddc0000 rw-p 00000000 00:00 0 
7fdf2ddc0000-7fdf2e000000 ---p 00000000 00:00 0 
7fdf2e000000-7fdf30000000 rw-p 00000000 00:00 0 
7fdf30000000-7fdf30021000 rw-p 00000000 00:00 0 
7fdf30021000-7fdf34000000 ---p 00000000 00:00 0 
7fdf3404d000-7fdf34051000 ---p 00000000 00:00 0 
7fdf34051000-7fdf3414e000 rw-p 00000000 00:00 0 
7fdf3414e000-7fdf34152000 ---p 00000000 00:00 0 
7fdf34152000-7fdf3424f000 rw-p 00000000 00:00 0 
7fdf3424f000-7fdf34253000 ---p 00000000 00:00 0 
7fdf34253000-7fdf34538000 rw-p 00000000 00:00 0 
7fdf34538000-7fdf361a0000 ---p 00000000 00:00 0 
7fdf361a0000-7fdf36390000 rw-p 00000000 00:00 0 
7fdf36390000-7fdf37ff8000 ---p 00000000 00:00 0 
7fdf37ff8000-7fdf38000000 rw-p 00000000 00:00 0 
7fdf38000000-7fdf38021000 rw-p 00000000 00:00 0 
7fdf38021000-7fdf3c000000 ---p 00000000 00:00 0 
7fdf3c098000-7fdf3c09f000 r--p 00000000 08:20 84033                      /home/w/.javacpp/cache/llvm-13.0.1-1.5.7-linux-x86_64.jar/org/bytedeco/llvm/linux-x86_64/libLTO.so.13
7fdf3c09f000-7fdf3c0a7000 r-xp 00007000 08:20 84033                      /home/w/.javacpp/cache/llvm-13.0.1-1.5.7-linux-x86_64.jar/org/bytedeco/llvm/linux-x86_64/libLTO.so.13
7fdf3c0a7000-7fdf3c0a9000 r--p 0000f000 08:20 84033                      /home/w/.javacpp/cache/llvm-13.0.1-1.5.7-linux-x86_64.jar/org/bytedeco/llvm/linux-x86_64/libLTO.so.13
7fdf3c0a9000-7fdf3c0aa000 r--p 00010000 08:20 84033                      /home/w/.javacpp/cache/llvm-13.0.1-1.5.7-linux-x86_64.jar/org/bytedeco/llvm/linux-x86_64/libLTO.so.13
7fdf3c0aa000-7fdf3c0ab000 rw-p 00011000 08:20 84033                      /home/w/.javacpp/cache/llvm-13.0.1-1.5.7-linux-x86_64.jar/org/bytedeco/llvm/linux-x86_64/libLTO.so.13
7fdf3c0ab000-7fdf3c0af000 r--p 00000000 08:20 84026                      /home/w/.javacpp/cache/javacpp-1.5.7-linux-x86_64.jar/org/bytedeco/javacpp/linux-x86_64/libjnijavacpp.so
7fdf3c0af000-7fdf3c0b6000 r-xp 00004000 08:20 84026                      /home/w/.javacpp/cache/javacpp-1.5.7-linux-x86_64.jar/org/bytedeco/javacpp/linux-x86_64/libjnijavacpp.so
7fdf3c0b6000-7fdf3c0ba000 r--p 0000b000 08:20 84026                      /home/w/.javacpp/cache/javacpp-1.5.7-linux-x86_64.jar/org/bytedeco/javacpp/linux-x86_64/libjnijavacpp.so
7fdf3c0ba000-7fdf3c0bb000 r--p 0000e000 08:20 84026                      /home/w/.javacpp/cache/javacpp-1.5.7-linux-x86_64.jar/org/bytedeco/javacpp/linux-x86_64/libjnijavacpp.so
7fdf3c0bb000-7fdf3c0bc000 rw-p 0000f000 08:20 84026                      /home/w/.javacpp/cache/javacpp-1.5.7-linux-x86_64.jar/org/bytedeco/javacpp/linux-x86_64/libjnijavacpp.so
7fdf3c0bc000-7fdf3c0c0000 r--p 00000000 08:20 47903                      /usr/lib/jvm/java-11-openjdk-amd64/lib/libnet.so
7fdf3c0c0000-7fdf3c0ce000 r-xp 00004000 08:20 47903                      /usr/lib/jvm/java-11-openjdk-amd64/lib/libnet.so
7fdf3c0ce000-7fdf3c0d2000 r--p 00012000 08:20 47903                      /usr/lib/jvm/java-11-openjdk-amd64/lib/libnet.so
7fdf3c0d2000-7fdf3c0d3000 r--p 00015000 08:20 47903                      /usr/lib/jvm/java-11-openjdk-amd64/lib/libnet.so
7fdf3c0d3000-7fdf3c0d4000 rw-p 00016000 08:20 47903                      /usr/lib/jvm/java-11-openjdk-amd64/lib/libnet.so
7fdf3c0d4000-7fdf3c0d8000 ---p 00000000 00:00 0 
7fdf3c0d8000-7fdf3c1d5000 rw-p 00000000 00:00 0 
7fdf3c1d5000-7fdf3c1d9000 ---p 00000000 00:00 0 
7fdf3c1d9000-7fdf3c2d6000 rw-p 00000000 00:00 0 
7fdf3c2d6000-7fdf3c2da000 ---p 00000000 00:00 0 
7fdf3c2da000-7fdf3c3d7000 rw-p 00000000 00:00 0 
7fdf3c3d7000-7fdf3c3db000 ---p 00000000 00:00 0 
7fdf3c3db000-7fdf3c4d8000 rw-p 00000000 00:00 0 
7fdf3c4d8000-7fdf3c4dc000 ---p 00000000 00:00 0 
7fdf3c4dc000-7fdf3c5d9000 rw-p 00000000 00:00 0 
7fdf3c5d9000-7fdf3c5da000 ---p 00000000 00:00 0 
7fdf3c5da000-7fdf3c6da000 rw-p 00000000 00:00 0 
7fdf3c6da000-7fdf3c6db000 ---p 00000000 00:00 0 
7fdf3c6db000-7fdf3c7db000 rw-p 00000000 00:00 0 
7fdf3c7db000-7fdf3ca4b000 rwxp 00000000 00:00 0 
7fdf3ca4b000-7fdf3cf1a000 ---p 00000000 00:00 0 
7fdf3cf1a000-7fdf3d18a000 rwxp 00000000 00:00 0 
7fdf3d18a000-7fdf4437a000 ---p 00000000 00:00 0 
7fdf4437a000-7fdf445ea000 rwxp 00000000 00:00 0 
7fdf445ea000-7fdf4b7db000 ---p 00000000 00:00 0 
7fdf4b7db000-7fdf54000000 r--s 00000000 08:20 47913                      /usr/lib/jvm/java-11-openjdk-amd64/lib/modules
7fdf54000000-7fdf544d4000 rw-p 00000000 00:00 0 
7fdf544d4000-7fdf58000000 ---p 00000000 00:00 0 
7fdf58000000-7fdf58001000 r--p 00000000 08:20 84035                      /home/w/.javacpp/cache/llvm-13.0.1-1.5.7-linux-x86_64.jar/org/bytedeco/llvm/linux-x86_64/libRemarks.so.13
7fdf58001000-7fdf58002000 r-xp 00001000 08:20 84035                      /home/w/.javacpp/cache/llvm-13.0.1-1.5.7-linux-x86_64.jar/org/bytedeco/llvm/linux-x86_64/libRemarks.so.13
7fdf58002000-7fdf58003000 r--p 00002000 08:20 84035                      /home/w/.javacpp/cache/llvm-13.0.1-1.5.7-linux-x86_64.jar/org/bytedeco/llvm/linux-x86_64/libRemarks.so.13
7fdf58003000-7fdf58004000 r--p 00002000 08:20 84035                      /home/w/.javacpp/cache/llvm-13.0.1-1.5.7-linux-x86_64.jar/org/bytedeco/llvm/linux-x86_64/libRemarks.so.13
7fdf58004000-7fdf58005000 rw-p 00003000 08:20 84035                      /home/w/.javacpp/cache/llvm-13.0.1-1.5.7-linux-x86_64.jar/org/bytedeco/llvm/linux-x86_64/libRemarks.so.13
7fdf58005000-7fdf5800c000 r--p 00000000 08:20 47904                      /usr/lib/jvm/java-11-openjdk-amd64/lib/libnio.so
7fdf5800c000-7fdf58014000 r-xp 00007000 08:20 47904                      /usr/lib/jvm/java-11-openjdk-amd64/lib/libnio.so
7fdf58014000-7fdf58017000 r--p 0000f000 08:20 47904                      /usr/lib/jvm/java-11-openjdk-amd64/lib/libnio.so
7fdf58017000-7fdf58018000 r--p 00011000 08:20 47904                      /usr/lib/jvm/java-11-openjdk-amd64/lib/libnio.so
7fdf58018000-7fdf58019000 rw-p 00012000 08:20 47904                      /usr/lib/jvm/java-11-openjdk-amd64/lib/libnio.so
7fdf58019000-7fdf5801b000 r--p 00000000 08:20 47884                      /usr/lib/jvm/java-11-openjdk-amd64/lib/libdt_socket.so
7fdf5801b000-7fdf5801e000 r-xp 00002000 08:20 47884                      /usr/lib/jvm/java-11-openjdk-amd64/lib/libdt_socket.so
7fdf5801e000-7fdf5801f000 r--p 00005000 08:20 47884                      /usr/lib/jvm/java-11-openjdk-amd64/lib/libdt_socket.so
7fdf5801f000-7fdf58020000 ---p 00006000 08:20 47884                      /usr/lib/jvm/java-11-openjdk-amd64/lib/libdt_socket.so
7fdf58020000-7fdf58021000 r--p 00006000 08:20 47884                      /usr/lib/jvm/java-11-openjdk-amd64/lib/libdt_socket.so
7fdf58021000-7fdf58022000 rw-p 00007000 08:20 47884                      /usr/lib/jvm/java-11-openjdk-amd64/lib/libdt_socket.so
7fdf58022000-7fdf580fe000 rw-p 00000000 00:00 0 
7fdf580fe000-7fdf580ff000 ---p 00000000 00:00 0 
7fdf580ff000-7fdf58f0c000 rw-p 00000000 00:00 0 
7fdf58f0c000-7fdf58f0d000 ---p 00000000 00:00 0 
7fdf58f0d000-7fdf5900d000 rw-p 00000000 00:00 0 
7fdf5900d000-7fdf5900e000 ---p 00000000 00:00 0 
7fdf5900e000-7fdf59205000 rw-p 00000000 00:00 0 
7fdf59205000-7fdf59592000 ---p 00000000 00:00 0 
7fdf59592000-7fdf595d0000 rw-p 00000000 00:00 0 
7fdf595d0000-7fdf5995d000 ---p 00000000 00:00 0 
7fdf5995d000-7fdf5999b000 rw-p 00000000 00:00 0 
7fdf5999b000-7fdf59d28000 ---p 00000000 00:00 0 
7fdf59d28000-7fdf5aa36000 rw-p 00000000 00:00 0 
7fdf5aa36000-7fdf5aa37000 ---p 00000000 00:00 0 
7fdf5aa37000-7fdf5ab3c000 rw-p 00000000 00:00 0 
7fdf5ab3c000-7fdf5ac20000 ---p 00000000 00:00 0 
7fdf5ac20000-7fdf5ac25000 rw-p 00000000 00:00 0 
7fdf5ac25000-7fdf5ad09000 ---p 00000000 00:00 0 
7fdf5ad09000-7fdf5ad0e000 rw-p 00000000 00:00 0 
7fdf5ad0e000-7fdf5ad18000 ---p 00000000 00:00 0 
7fdf5ad18000-7fdf5ad1e000 r--s 000f8000 08:20 55851                      /home/w/.cache/JetBrains/RemoteDev/dist/2b05049c6fa27_ideaIU-232.9921.28/plugins/java/lib/rt/debugger-agent.jar
7fdf5ad1e000-7fdf5ad20000 r--p 00000000 08:20 47912                      /usr/lib/jvm/java-11-openjdk-amd64/lib/libzip.so
7fdf5ad20000-7fdf5ad25000 r-xp 00002000 08:20 47912                      /usr/lib/jvm/java-11-openjdk-amd64/lib/libzip.so
7fdf5ad25000-7fdf5ad27000 r--p 00007000 08:20 47912                      /usr/lib/jvm/java-11-openjdk-amd64/lib/libzip.so
7fdf5ad27000-7fdf5ad28000 r--p 00008000 08:20 47912                      /usr/lib/jvm/java-11-openjdk-amd64/lib/libzip.so
7fdf5ad28000-7fdf5ad29000 rw-p 00009000 08:20 47912                      /usr/lib/jvm/java-11-openjdk-amd64/lib/libzip.so
7fdf5ad29000-7fdf5ad2c000 r--p 00000000 08:20 41808                      /usr/lib/x86_64-linux-gnu/libnss_files-2.31.so
7fdf5ad2c000-7fdf5ad33000 r-xp 00003000 08:20 41808                      /usr/lib/x86_64-linux-gnu/libnss_files-2.31.so
7fdf5ad33000-7fdf5ad35000 r--p 0000a000 08:20 41808                      /usr/lib/x86_64-linux-gnu/libnss_files-2.31.so
7fdf5ad35000-7fdf5ad36000 r--p 0000b000 08:20 41808                      /usr/lib/x86_64-linux-gnu/libnss_files-2.31.so
7fdf5ad36000-7fdf5ad37000 rw-p 0000c000 08:20 41808                      /usr/lib/x86_64-linux-gnu/libnss_files-2.31.so
7fdf5ad37000-7fdf5ad3d000 rw-p 00000000 00:00 0 
7fdf5ad3f000-7fdf5ad47000 rw-s 00000000 08:20 84105                      /tmp/hsperfdata_w/260283
7fdf5ad47000-7fdf5ad79000 r--p 00000000 08:20 22158                      /usr/lib/locale/C.UTF-8/LC_CTYPE
7fdf5ad79000-7fdf5ad7a000 r--p 00000000 08:20 22164                      /usr/lib/locale/C.UTF-8/LC_NUMERIC
7fdf5ad7a000-7fdf5ad7b000 r--p 00000000 08:20 22167                      /usr/lib/locale/C.UTF-8/LC_TIME
7fdf5ad7b000-7fdf5aeee000 r--p 00000000 08:20 22157                      /usr/lib/locale/C.UTF-8/LC_COLLATE
7fdf5aeee000-7fdf5aeef000 r--p 00000000 08:20 22162                      /usr/lib/locale/C.UTF-8/LC_MONETARY
7fdf5aeef000-7fdf5aef0000 r--p 00000000 08:20 22161                      /usr/lib/locale/C.UTF-8/LC_MESSAGES/SYS_LC_MESSAGES
7fdf5aef0000-7fdf5aef1000 r--p 00000000 08:20 22165                      /usr/lib/locale/C.UTF-8/LC_PAPER
7fdf5aef1000-7fdf5aef2000 r--p 00000000 08:20 22163                      /usr/lib/locale/C.UTF-8/LC_NAME
7fdf5aef2000-7fdf5aef3000 r--p 00000000 08:20 22156                      /usr/lib/locale/C.UTF-8/LC_ADDRESS
7fdf5aef3000-7fdf5aef4000 r--p 00000000 08:20 22166                      /usr/lib/locale/C.UTF-8/LC_TELEPHONE
7fdf5aef4000-7fdf5aefb000 r--s 00000000 08:20 42067                      /usr/lib/x86_64-linux-gnu/gconv/gconv-modules.cache
7fdf5aefb000-7fdf5b1e1000 r--p 00000000 08:20 2680                       /usr/lib/locale/locale-archive
7fdf5b1e1000-7fdf5b1e3000 r--p 00000000 08:20 47887                      /usr/lib/jvm/java-11-openjdk-amd64/lib/libinstrument.so
7fdf5b1e3000-7fdf5b1ea000 r-xp 00002000 08:20 47887                      /usr/lib/jvm/java-11-openjdk-amd64/lib/libinstrument.so
7fdf5b1ea000-7fdf5b1ed000 r--p 00009000 08:20 47887                      /usr/lib/jvm/java-11-openjdk-amd64/lib/libinstrument.so
7fdf5b1ed000-7fdf5b1ee000 r--p 0000b000 08:20 47887                      /usr/lib/jvm/java-11-openjdk-amd64/lib/libinstrument.so
7fdf5b1ee000-7fdf5b1ef000 rw-p 0000c000 08:20 47887                      /usr/lib/jvm/java-11-openjdk-amd64/lib/libinstrument.so
7fdf5b1ef000-7fdf5b1f1000 r--p 00000000 08:20 47894                      /usr/lib/jvm/java-11-openjdk-amd64/lib/libjdwp.so
7fdf5b1f1000-7fdf5b21e000 r-xp 00002000 08:20 47894                      /usr/lib/jvm/java-11-openjdk-amd64/lib/libjdwp.so
7fdf5b21e000-7fdf5b22c000 r--p 0002f000 08:20 47894                      /usr/lib/jvm/java-11-openjdk-amd64/lib/libjdwp.so
7fdf5b22c000-7fdf5b22d000 r--p 0003c000 08:20 47894                      /usr/lib/jvm/java-11-openjdk-amd64/lib/libjdwp.so
7fdf5b22d000-7fdf5b22e000 rw-p 0003d000 08:20 47894                      /usr/lib/jvm/java-11-openjdk-amd64/lib/libjdwp.so
7fdf5b22e000-7fdf5b22f000 ---p 00000000 00:00 0 
7fdf5b22f000-7fdf5b230000 r--p 00000000 00:00 0 
7fdf5b230000-7fdf5b23e000 r--p 00000000 08:20 47892                      /usr/lib/jvm/java-11-openjdk-amd64/lib/libjava.so
7fdf5b23e000-7fdf5b254000 r-xp 0000e000 08:20 47892                      /usr/lib/jvm/java-11-openjdk-amd64/lib/libjava.so
7fdf5b254000-7fdf5b25b000 r--p 00024000 08:20 47892                      /usr/lib/jvm/java-11-openjdk-amd64/lib/libjava.so
7fdf5b25b000-7fdf5b25c000 r--p 0002a000 08:20 47892                      /usr/lib/jvm/java-11-openjdk-amd64/lib/libjava.so
7fdf5b25c000-7fdf5b25d000 rw-p 0002b000 08:20 47892                      /usr/lib/jvm/java-11-openjdk-amd64/lib/libjava.so
7fdf5b25d000-7fdf5b25e000 rw-p 00000000 00:00 0 
7fdf5b25e000-7fdf5b263000 r--p 00000000 08:20 47911                      /usr/lib/jvm/java-11-openjdk-amd64/lib/libverify.so
7fdf5b263000-7fdf5b26a000 r-xp 00005000 08:20 47911                      /usr/lib/jvm/java-11-openjdk-amd64/lib/libverify.so
7fdf5b26a000-7fdf5b26c000 r--p 0000c000 08:20 47911                      /usr/lib/jvm/java-11-openjdk-amd64/lib/libverify.so
7fdf5b26c000-7fdf5b26d000 ---p 0000e000 08:20 47911                      /usr/lib/jvm/java-11-openjdk-amd64/lib/libverify.so
7fdf5b26d000-7fdf5b26f000 r--p 0000e000 08:20 47911                      /usr/lib/jvm/java-11-openjdk-amd64/lib/libverify.so
7fdf5b26f000-7fdf5b270000 rw-p 00010000 08:20 47911                      /usr/lib/jvm/java-11-openjdk-amd64/lib/libverify.so
7fdf5b270000-7fdf5b272000 r--p 00000000 08:20 41815                      /usr/lib/x86_64-linux-gnu/librt-2.31.so
7fdf5b272000-7fdf5b276000 r-xp 00002000 08:20 41815                      /usr/lib/x86_64-linux-gnu/librt-2.31.so
7fdf5b276000-7fdf5b278000 r--p 00006000 08:20 41815                      /usr/lib/x86_64-linux-gnu/librt-2.31.so
7fdf5b278000-7fdf5b279000 r--p 00007000 08:20 41815                      /usr/lib/x86_64-linux-gnu/librt-2.31.so
7fdf5b279000-7fdf5b27a000 rw-p 00008000 08:20 41815                      /usr/lib/x86_64-linux-gnu/librt-2.31.so
7fdf5b27a000-7fdf5b27e000 ---p 00000000 00:00 0 
7fdf5b27e000-7fdf5b37b000 rw-p 00000000 00:00 0 
7fdf5b37b000-7fdf5b37e000 r--p 00000000 08:20 41776                      /usr/lib/x86_64-linux-gnu/libgcc_s.so.1
7fdf5b37e000-7fdf5b390000 r-xp 00003000 08:20 41776                      /usr/lib/x86_64-linux-gnu/libgcc_s.so.1
7fdf5b390000-7fdf5b394000 r--p 00015000 08:20 41776                      /usr/lib/x86_64-linux-gnu/libgcc_s.so.1
7fdf5b394000-7fdf5b395000 r--p 00018000 08:20 41776                      /usr/lib/x86_64-linux-gnu/libgcc_s.so.1
7fdf5b395000-7fdf5b396000 rw-p 00019000 08:20 41776                      /usr/lib/x86_64-linux-gnu/libgcc_s.so.1
7fdf5b396000-7fdf5b3a3000 r--p 00000000 08:20 41802                      /usr/lib/x86_64-linux-gnu/libm-2.31.so
7fdf5b3a3000-7fdf5b44a000 r-xp 0000d000 08:20 41802                      /usr/lib/x86_64-linux-gnu/libm-2.31.so
7fdf5b44a000-7fdf5b4e3000 r--p 000b4000 08:20 41802                      /usr/lib/x86_64-linux-gnu/libm-2.31.so
7fdf5b4e3000-7fdf5b4e4000 r--p 0014c000 08:20 41802                      /usr/lib/x86_64-linux-gnu/libm-2.31.so
7fdf5b4e4000-7fdf5b4e5000 rw-p 0014d000 08:20 41802                      /usr/lib/x86_64-linux-gnu/libm-2.31.so
7fdf5b4e5000-7fdf5b57b000 r--p 00000000 08:20 40202                      /usr/lib/x86_64-linux-gnu/libstdc++.so.6.0.28
7fdf5b57b000-7fdf5b66c000 r-xp 00096000 08:20 40202                      /usr/lib/x86_64-linux-gnu/libstdc++.so.6.0.28
7fdf5b66c000-7fdf5b6b5000 r--p 00187000 08:20 40202                      /usr/lib/x86_64-linux-gnu/libstdc++.so.6.0.28
7fdf5b6b5000-7fdf5b6b6000 ---p 001d0000 08:20 40202                      /usr/lib/x86_64-linux-gnu/libstdc++.so.6.0.28
7fdf5b6b6000-7fdf5b6c1000 r--p 001d0000 08:20 40202                      /usr/lib/x86_64-linux-gnu/libstdc++.so.6.0.28
7fdf5b6c1000-7fdf5b6c4000 rw-p 001db000 08:20 40202                      /usr/lib/x86_64-linux-gnu/libstdc++.so.6.0.28
7fdf5b6c4000-7fdf5b6c7000 rw-p 00000000 00:00 0 
7fdf5b6c7000-7fdf5b949000 r--p 00000000 08:20 47918                      /usr/lib/jvm/java-11-openjdk-amd64/lib/server/libjvm.so
7fdf5b949000-7fdf5c5d6000 r-xp 00282000 08:20 47918                      /usr/lib/jvm/java-11-openjdk-amd64/lib/server/libjvm.so
7fdf5c5d6000-7fdf5c837000 r--p 00f0f000 08:20 47918                      /usr/lib/jvm/java-11-openjdk-amd64/lib/server/libjvm.so
7fdf5c837000-7fdf5c838000 ---p 01170000 08:20 47918                      /usr/lib/jvm/java-11-openjdk-amd64/lib/server/libjvm.so
7fdf5c838000-7fdf5c8fc000 r--p 01170000 08:20 47918                      /usr/lib/jvm/java-11-openjdk-amd64/lib/server/libjvm.so
7fdf5c8fc000-7fdf5c937000 rw-p 01234000 08:20 47918                      /usr/lib/jvm/java-11-openjdk-amd64/lib/server/libjvm.so
7fdf5c937000-7fdf5c990000 rw-p 00000000 00:00 0 
7fdf5c990000-7fdf5c9b2000 r--p 00000000 08:20 41800                      /usr/lib/x86_64-linux-gnu/libc-2.31.so
7fdf5c9b2000-7fdf5cb2a000 r-xp 00022000 08:20 41800                      /usr/lib/x86_64-linux-gnu/libc-2.31.so
7fdf5cb2a000-7fdf5cb78000 r--p 0019a000 08:20 41800                      /usr/lib/x86_64-linux-gnu/libc-2.31.so
7fdf5cb78000-7fdf5cb7c000 r--p 001e7000 08:20 41800                      /usr/lib/x86_64-linux-gnu/libc-2.31.so
7fdf5cb7c000-7fdf5cb7e000 rw-p 001eb000 08:20 41800                      /usr/lib/x86_64-linux-gnu/libc-2.31.so
7fdf5cb7e000-7fdf5cb82000 rw-p 00000000 00:00 0 
7fdf5cb82000-7fdf5cb83000 r--p 00000000 08:20 41801                      /usr/lib/x86_64-linux-gnu/libdl-2.31.so
7fdf5cb83000-7fdf5cb85000 r-xp 00001000 08:20 41801                      /usr/lib/x86_64-linux-gnu/libdl-2.31.so
7fdf5cb85000-7fdf5cb86000 r--p 00003000 08:20 41801                      /usr/lib/x86_64-linux-gnu/libdl-2.31.so
7fdf5cb86000-7fdf5cb87000 r--p 00003000 08:20 41801                      /usr/lib/x86_64-linux-gnu/libdl-2.31.so
7fdf5cb87000-7fdf5cb88000 rw-p 00004000 08:20 41801                      /usr/lib/x86_64-linux-gnu/libdl-2.31.so
7fdf5cb88000-7fdf5cb8b000 r--p 00000000 08:20 47877                      /usr/lib/jvm/java-11-openjdk-amd64/lib/jli/libjli.so
7fdf5cb8b000-7fdf5cb95000 r-xp 00003000 08:20 47877                      /usr/lib/jvm/java-11-openjdk-amd64/lib/jli/libjli.so
7fdf5cb95000-7fdf5cb98000 r--p 0000d000 08:20 47877                      /usr/lib/jvm/java-11-openjdk-amd64/lib/jli/libjli.so
7fdf5cb98000-7fdf5cb99000 ---p 00010000 08:20 47877                      /usr/lib/jvm/java-11-openjdk-amd64/lib/jli/libjli.so
7fdf5cb99000-7fdf5cb9a000 r--p 00010000 08:20 47877                      /usr/lib/jvm/java-11-openjdk-amd64/lib/jli/libjli.so
7fdf5cb9a000-7fdf5cb9b000 rw-p 00011000 08:20 47877                      /usr/lib/jvm/java-11-openjdk-amd64/lib/jli/libjli.so
7fdf5cb9b000-7fdf5cba1000 r--p 00000000 08:20 41813                      /usr/lib/x86_64-linux-gnu/libpthread-2.31.so
7fdf5cba1000-7fdf5cbb2000 r-xp 00006000 08:20 41813                      /usr/lib/x86_64-linux-gnu/libpthread-2.31.so
7fdf5cbb2000-7fdf5cbb8000 r--p 00017000 08:20 41813                      /usr/lib/x86_64-linux-gnu/libpthread-2.31.so
7fdf5cbb8000-7fdf5cbb9000 r--p 0001c000 08:20 41813                      /usr/lib/x86_64-linux-gnu/libpthread-2.31.so
7fdf5cbb9000-7fdf5cbba000 rw-p 0001d000 08:20 41813                      /usr/lib/x86_64-linux-gnu/libpthread-2.31.so
7fdf5cbba000-7fdf5cbbe000 rw-p 00000000 00:00 0 
7fdf5cbbe000-7fdf5cbc0000 r--p 00000000 08:20 13174                      /usr/lib/x86_64-linux-gnu/libz.so.1.2.11
7fdf5cbc0000-7fdf5cbd1000 r-xp 00002000 08:20 13174                      /usr/lib/x86_64-linux-gnu/libz.so.1.2.11
7fdf5cbd1000-7fdf5cbd7000 r--p 00013000 08:20 13174                      /usr/lib/x86_64-linux-gnu/libz.so.1.2.11
7fdf5cbd7000-7fdf5cbd8000 ---p 00019000 08:20 13174                      /usr/lib/x86_64-linux-gnu/libz.so.1.2.11
7fdf5cbd8000-7fdf5cbd9000 r--p 00019000 08:20 13174                      /usr/lib/x86_64-linux-gnu/libz.so.1.2.11
7fdf5cbd9000-7fdf5cbda000 rw-p 0001a000 08:20 13174                      /usr/lib/x86_64-linux-gnu/libz.so.1.2.11
7fdf5cbda000-7fdf5cbdb000 r--p 00000000 08:20 22160                      /usr/lib/locale/C.UTF-8/LC_MEASUREMENT
7fdf5cbdb000-7fdf5cbdd000 r--p 00000000 08:20 47895                      /usr/lib/jvm/java-11-openjdk-amd64/lib/libjimage.so
7fdf5cbdd000-7fdf5cbe0000 r-xp 00002000 08:20 47895                      /usr/lib/jvm/java-11-openjdk-amd64/lib/libjimage.so
7fdf5cbe0000-7fdf5cbe1000 r--p 00005000 08:20 47895                      /usr/lib/jvm/java-11-openjdk-amd64/lib/libjimage.so
7fdf5cbe1000-7fdf5cbe2000 ---p 00006000 08:20 47895                      /usr/lib/jvm/java-11-openjdk-amd64/lib/libjimage.so
7fdf5cbe2000-7fdf5cbe3000 r--p 00006000 08:20 47895                      /usr/lib/jvm/java-11-openjdk-amd64/lib/libjimage.so
7fdf5cbe3000-7fdf5cbe4000 rw-p 00007000 08:20 47895                      /usr/lib/jvm/java-11-openjdk-amd64/lib/libjimage.so
7fdf5cbe4000-7fdf5cbe6000 rw-p 00000000 00:00 0 
7fdf5cbe6000-7fdf5cbe7000 r--p 00000000 08:20 40200                      /usr/lib/x86_64-linux-gnu/ld-2.31.so
7fdf5cbe7000-7fdf5cc0a000 r-xp 00001000 08:20 40200                      /usr/lib/x86_64-linux-gnu/ld-2.31.so
7fdf5cc0a000-7fdf5cc12000 r--p 00024000 08:20 40200                      /usr/lib/x86_64-linux-gnu/ld-2.31.so
7fdf5cc12000-7fdf5cc13000 r--p 00000000 08:20 22159                      /usr/lib/locale/C.UTF-8/LC_IDENTIFICATION
7fdf5cc13000-7fdf5cc14000 r--p 0002c000 08:20 40200                      /usr/lib/x86_64-linux-gnu/ld-2.31.so
7fdf5cc14000-7fdf5cc15000 rw-p 0002d000 08:20 40200                      /usr/lib/x86_64-linux-gnu/ld-2.31.so
7fdf5cc15000-7fdf5cc16000 rw-p 00000000 00:00 0 
7ffc2c62b000-7ffc2c64c000 rw-p 00000000 00:00 0                          [stack]
7ffc2c682000-7ffc2c686000 r--p 00000000 00:00 0                          [vvar]
7ffc2c686000-7ffc2c688000 r-xp 00000000 00:00 0                          [vdso]


VM Arguments:
jvm_args: -agentlib:jdwp=transport=dt_socket,address=127.0.0.1:60853,suspend=y,server=n -javaagent:/home/w/.cache/JetBrains/RemoteDev/dist/2b05049c6fa27_ideaIU-232.9921.28/plugins/java/lib/rt/debugger-agent.jar -Dfile.encoding=UTF-8 
java_command: Main
java_class_path (initial): /home/w/.cache/JetBrains/RemoteDev/dist/2b05049c6fa27_ideaIU-232.9921.28/plugins/remote-dev-server/selfcontained/fontconfig/out/production/Lab:/usr/local/lib/antlr-4.9.1-complete.jar:/usr/local/lib/javacpp-1.5.7-linux-x86_64.jar:/usr/local/lib/javacpp-1.5.7.jar:/usr/local/lib/llvm-13.0.1-1.5.7-linux-x86_64.jar:/usr/local/lib/llvm-13.0.1-1.5.7.jar:/usr/local/lib/llvm-platform-13.0.1-1.5.7.jar:/home/w/.cache/JetBrains/RemoteDev/dist/2b05049c6fa27_ideaIU-232.9921.28/lib/idea_rt.jar
Launcher Type: SUN_STANDARD

[Global flags]
     intx CICompilerCount                          = 12                                        {product} {ergonomic}
     uint ConcGCThreads                            = 3                                         {product} {ergonomic}
     uint G1ConcRefinementThreads                  = 13                                        {product} {ergonomic}
   size_t G1HeapRegionSize                         = 1048576                                   {product} {ergonomic}
    uintx GCDrainStackTargetSize                   = 64                                        {product} {ergonomic}
   size_t InitialHeapSize                          = 127926272                                 {product} {ergonomic}
   size_t MarkStackSize                            = 4194304                                   {product} {ergonomic}
   size_t MaxHeapSize                              = 2036334592                                {product} {ergonomic}
   size_t MaxNewSize                               = 1221591040                                {product} {ergonomic}
   size_t MinHeapDeltaBytes                        = 1048576                                   {product} {ergonomic}
    uintx NonNMethodCodeHeapSize                   = 7594288                                {pd product} {ergonomic}
    uintx NonProfiledCodeHeapSize                  = 122031976                              {pd product} {ergonomic}
    uintx ProfiledCodeHeapSize                     = 122031976                              {pd product} {ergonomic}
    uintx ReservedCodeCacheSize                    = 251658240                              {pd product} {ergonomic}
     bool SegmentedCodeCache                       = true                                      {product} {ergonomic}
     bool UseCompressedClassPointers               = true                                 {lp64_product} {ergonomic}
     bool UseCompressedOops                        = true                                 {lp64_product} {ergonomic}
     bool UseG1GC                                  = true                                      {product} {ergonomic}

Logging:
Log output configuration:
 #0: stdout all=warning uptime,level,tags
 #1: stderr all=off uptime,level,tags

Environment Variables:
PATH=/usr/local/sbin:/usr/local/bin:/usr/sbin:/usr/bin:/sbin:/bin:/usr/games:/usr/local/games:/usr/lib/wsl/lib:/mnt/c/Python312/Scripts/:/mnt/c/Python312/:/mnt/c/Program Files (x86)/Common Files/Oracle/Java/javapath:/mnt/c/Windows/system32:/mnt/c/Windows:/mnt/c/Windows/System32/Wbem:/mnt/c/Windows/System32/WindowsPowerShell/v1.0/:/mnt/c/Windows/System32/OpenSSH/:/mnt/d/mingw64/bin:/mnt/d/codes/vx/web/dll:/mnt/d/cod:/mnt/c/ProgramData/chocolatey/bin:/mnt/c/Users/anti/AppData/Local/Google/Chrome/Application:/mnt/e/web/dll:/mnt/d/cod:/mnt/d/Git/cmd:/mnt/c/Users/anti/AppData/Local/Programs/Python/Python310/Scripts/:/mnt/c/Users/anti/AppData/Local/Programs/Python/Python310/:/mnt/c/Users/anti/AppData/Local/Microsoft/WindowsApps:/mnt/d/CLion 2022.2.3/bin:/mnt/d/Microsoft VS Code/bin:/mnt/d/mingw64/bin:/mnt/f/QQGameTempest/Hall.57915/:/mnt/c/Users/anti/AppData/Local/JetBrains/Toolbox/scripts:/mnt/c/Users/anti/AppData/Local/Microsoft/WindowsApps:/mnt/c/Users/anti/AppData/Local/Pandoc/:/mnt/c/Users/anti/AppData/Roaming/npm:/mnt/d/code/appium:/mnt/d/code/android-sdk-windows/platform-tools:/mnt/d/code/android-sdk-windows/tools:/mnt/c/Program Files/Java/jdk1.8.0_301/bin:/mnt/c/Program Files/Java/jdk1.8.0_301/bin:/mnt/d/code/android-sdk-windows/build-tools/29.0.3:/mnt/d/code/appium/node/:/mnt/f/pyCharm/PyCharm 2024.1/bin:/mnt/e/WebStorm 2023.3.4/bin:/snap/bin
SHELL=/bin/bash
DISPLAY=:0
HOSTTYPE=x86_64
LANG=C.UTF-8
TERM=xterm-256color

Signal Handlers:
SIGSEGV: [libjvm.so+0xe9cbc0], sa_mask[0]=11111111011111111101111111111110, sa_flags=SA_RESTART|SA_SIGINFO
SIGBUS: [libjvm.so+0xe9cbc0], sa_mask[0]=11111111011111111101111111111110, sa_flags=SA_RESTART|SA_SIGINFO
SIGFPE: [libjvm.so+0xe9cbc0], sa_mask[0]=11111111011111111101111111111110, sa_flags=SA_RESTART|SA_SIGINFO
SIGPIPE: [libjvm.so+0xbe3c50], sa_mask[0]=11111111011111111101111111111110, sa_flags=SA_RESTART|SA_SIGINFO
SIGXFSZ: [libjvm.so+0xbe3c50], sa_mask[0]=11111111011111111101111111111110, sa_flags=SA_RESTART|SA_SIGINFO
SIGILL: [libjvm.so+0xe9cbc0], sa_mask[0]=11111111011111111101111111111110, sa_flags=SA_RESTART|SA_SIGINFO
SIGUSR2: [libjvm.so+0xbe3af0], sa_mask[0]=00100000000000000000000000000000, sa_flags=SA_RESTART|SA_SIGINFO
SIGHUP: [libjvm.so+0xbe42b0], sa_mask[0]=11111111011111111101111111111110, sa_flags=SA_RESTART|SA_SIGINFO
SIGINT: [libjvm.so+0xbe42b0], sa_mask[0]=11111111011111111101111111111110, sa_flags=SA_RESTART|SA_SIGINFO
SIGTERM: [libjvm.so+0xbe42b0], sa_mask[0]=11111111011111111101111111111110, sa_flags=SA_RESTART|SA_SIGINFO
SIGQUIT: [libjvm.so+0xbe42b0], sa_mask[0]=11111111011111111101111111111110, sa_flags=SA_RESTART|SA_SIGINFO


---------------  S Y S T E M  ---------------

OS:DISTRIB_ID=Ubuntu
DISTRIB_RELEASE=20.04
DISTRIB_CODENAME=focal
DISTRIB_DESCRIPTION="Ubuntu 20.04.6 LTS"
uname:Linux 5.15.153.1-microsoft-standard-WSL2 #1 SMP Fri Mar 29 23:14:13 UTC 2024 x86_64
OS uptime: 0 days 17:01 hours
libc:glibc 2.31 NPTL 2.31 
rlimit (soft/hard): STACK 8192k/infinity , CORE 0k/infinity , NPROC 31039/31039 , NOFILE 1048576/1048576 , AS infinity/infinity , CPU infinity/infinity , DATA infinity/infinity , FSIZE infinity/infinity , MEMLOCK 65536k/65536k
load average:0.12 0.29 0.35

/proc/meminfo:
MemTotal:        7952732 kB
MemFree:         2736868 kB
MemAvailable:    3664824 kB
Buffers:            6380 kB
Cached:          1074392 kB
SwapCached:          688 kB
Active:           249980 kB
Inactive:        4272496 kB
Active(anon):       5092 kB
Inactive(anon):  3440528 kB
Active(file):     244888 kB
Inactive(file):   831968 kB
Unevictable:           0 kB
Mlocked:               0 kB
SwapTotal:       2097152 kB
SwapFree:        2070544 kB
Dirty:              8284 kB
Writeback:             0 kB
AnonPages:       3400016 kB
Mapped:           968124 kB
Shmem:              3896 kB
KReclaimable:     133356 kB
Slab:             251544 kB
SReclaimable:     133356 kB
SUnreclaim:       118188 kB
KernelStack:        8192 kB
PageTables:        15832 kB
NFS_Unstable:          0 kB
Bounce:                0 kB
WritebackTmp:          0 kB
CommitLimit:     6073516 kB
Committed_AS:    3897672 kB
VmallocTotal:   34359738367 kB
VmallocUsed:      104684 kB
VmallocChunk:          0 kB
Percpu:            10368 kB
AnonHugePages:   2813952 kB
ShmemHugePages:        0 kB
ShmemPmdMapped:        0 kB
FileHugePages:         0 kB
FilePmdMapped:         0 kB
HugePages_Total:       0
HugePages_Free:        0
HugePages_Rsvd:        0
HugePages_Surp:        0
Hugepagesize:       2048 kB
Hugetlb:               0 kB
DirectMap4k:      166912 kB
DirectMap2M:     6987776 kB
DirectMap1G:     9437184 kB

/sys/kernel/mm/transparent_hugepage/enabled:
[always] madvise never
/sys/kernel/mm/transparent_hugepage/defrag (defrag/compaction efforts parameter):
always defer defer+madvise [madvise] never

Process Memory:
Virtual Size: 5251092K (peak: 13436800K)
Resident Set Size: 103600K (peak: 103604K) (anon: 48524K, file: 55076K, shmem: 0K)
Swapped out: 0K
C-Heap outstanding allocations: 38764K, retained: 3275K
glibc malloc tunables: (default)

/proc/sys/kernel/threads-max (system-wide limit on the number of threads):
62078
/proc/sys/vm/max_map_count (maximum number of memory map areas a process may have):
65530
/proc/sys/kernel/pid_max (system-wide limit on number of process identifiers):
4194304

container (cgroup) information:
container_type: cgroupv1
cpu_cpuset_cpus: 0-15
cpu_memory_nodes: 0
active_processor_count: 16
cpu_quota: no quota
cpu_period: 100000
cpu_shares: no shares
memory_limit_in_bytes: unlimited
memory_and_swap_limit_in_bytes: unlimited
memory_soft_limit_in_bytes: unlimited
memory_usage_in_bytes: 4480768 k
memory_max_usage_in_bytes: 839520 k
kernel_memory_usage_in_bytes: 50176 k
kernel_memory_max_usage_in_bytes: unlimited
kernel_memory_limit_in_bytes: 65672 k
maximum number of tasks: not supported
current number of tasks: not supported

Hyper-V virtualization detected
Steal ticks since vm start: 0
Steal ticks percentage since vm start:  0.000

CPU:total 16 (initial active 16) (8 cores per cpu, 2 threads per core) family 6 model 154 stepping 3 microcode 0xffffffff, cmov, cx8, fxsr, mmx, sse, sse2, sse3, ssse3, sse4.1, sse4.2, popcnt, avx, avx2, aes, clmul, erms, 3dnowpref, lzcnt, ht, tsc, tscinvbit, bmi1, bmi2, adx, sha, fma
CPU Model and flags from /proc/cpuinfo:
model name	: 12th Gen Intel(R) Core(TM) i5-1240P
flags		: fpu vme de pse tsc msr pae mce cx8 apic sep mtrr pge mca cmov pat pse36 clflush mmx fxsr sse sse2 ss ht syscall nx pdpe1gb rdtscp lm constant_tsc rep_good nopl xtopology tsc_reliable nonstop_tsc cpuid pni pclmulqdq ssse3 fma cx16 sse4_1 sse4_2 x2apic movbe popcnt tsc_deadline_timer aes xsave avx f16c rdrand hypervisor lahf_lm abm 3dnowprefetch ssbd ibrs ibpb stibp ibrs_enhanced fsgsbase tsc_adjust bmi1 avx2 smep bmi2 erms invpcid rdseed adx smap clflushopt clwb sha_ni xsaveopt xsavec xgetbv1 xsaves avx_vnni umip waitpkg gfni vaes vpclmulqdq rdpid movdiri movdir64b fsrm md_clear serialize flush_l1d arch_capabilities
Online cpus:
0-15
Offline cpus:

BIOS frequency limitation:
<Not Available>
Frequency switch latency (ns):
<Not Available>
Available cpu frequencies:
<Not Available>
Current governor:
<Not Available>
Core performance/turbo boost:
<Not Available>

Memory: 4k page, physical 7952732k(2736868k free), swap 2097152k(2070544k free)

vm_info: OpenJDK 64-Bit Server VM (11.0.22+7-post-Ubuntu-0ubuntu220.04.1) for linux-amd64 JRE (11.0.22+7-post-Ubuntu-0ubuntu220.04.1), built on Feb  5 2024 20:49:28 by "unknown" with gcc 10.5.0

END.
