#
# A fatal error has been detected by the Java Runtime Environment:
#
#  SIGSEGV (0xb) at pc=0x00007f148e119e80, pid=260755, tid=260758
#
# JRE version: OpenJDK Runtime Environment (11.0.22+7) (build 11.0.22+7-post-Ubuntu-0ubuntu220.04.1)
# Java VM: OpenJDK 64-Bit Server VM (11.0.22+7-post-Ubuntu-0ubuntu220.04.1, mixed mode, sharing, tiered, compressed oops, g1 gc, linux-amd64)
# Problematic frame:
# C  [libLLVM-13.so+0xbede80]  llvm::BasicBlock::getModule() const+0x0
#
# No core dump will be written. Core dumps have been disabled. To enable core dumping, try "ulimit -c unlimited" before starting Java again
#
# If you would like to submit a bug report, please visit:
#   https://bugs.launchpad.net/ubuntu/+source/openjdk-lts
# The crash happened outside the Java Virtual Machine in native code.
# See problematic frame for where to report the bug.
#

---------------  S U M M A R Y ------------

Command Line: -agentlib:jdwp=transport=dt_socket,address=127.0.0.1:60821,suspend=y,server=n -javaagent:/home/w/.cache/JetBrains/RemoteDev/dist/2b05049c6fa27_ideaIU-232.9921.28/plugins/java/lib/rt/debugger-agent.jar -Dfile.encoding=UTF-8 Main

Host: 12th Gen Intel(R) Core(TM) i5-1240P, 16 cores, 7G, Ubuntu 20.04.6 LTS
Time: Mon May 13 21:01:10 2024 HKT elapsed time: 525.126975 seconds (0d 0h 8m 45s)

---------------  T H R E A D  ---------------

Current thread (0x00007f151801c000):  JavaThread "main" [_thread_in_native, id=260758, stack(0x00007f151c91d000,0x00007f151ca1e000)]

Stack: [0x00007f151c91d000,0x00007f151ca1e000],  sp=0x00007f151ca1bd08,  free space=1019k
Native frames: (J=compiled Java code, A=aot compiled Java code, j=interpreted, Vv=VM code, C=native code)
C  [libLLVM-13.so+0xbede80]  llvm::BasicBlock::getModule() const+0x0

Java frames: (J=compiled Java code, j=interpreted, Vv=VM code)
j  org.bytedeco.llvm.global.LLVM.LLVMBuildLoad(Lorg/bytedeco/llvm/LLVM/LLVMBuilderRef;Lorg/bytedeco/llvm/LLVM/LLVMValueRef;Ljava/lang/String;)Lorg/bytedeco/llvm/LLVM/LLVMValueRef;+0
j  LLVMIRVisitor.visitLValExp(LSysYParser$LValExpContext;)Lorg/bytedeco/llvm/LLVM/LLVMValueRef;+21
j  LLVMIRVisitor.visitLValExp(LSysYParser$LValExpContext;)Ljava/lang/Object;+2
j  SysYParser$LValExpContext.accept(Lorg/antlr/v4/runtime/tree/ParseTreeVisitor;)Ljava/lang/Object;+12
j  org.antlr.v4.runtime.tree.AbstractParseTreeVisitor.visitChildren(Lorg/antlr/v4/runtime/tree/RuleNode;)Ljava/lang/Object;+46
j  SysYParserBaseVisitor.visitInitVal(LSysYParser$InitValContext;)Ljava/lang/Object;+2
j  SysYParser$InitValContext.accept(Lorg/antlr/v4/runtime/tree/ParseTreeVisitor;)Ljava/lang/Object;+12
j  org.antlr.v4.runtime.tree.AbstractParseTreeVisitor.visit(Lorg/antlr/v4/runtime/tree/ParseTree;)Ljava/lang/Object;+2
j  LLVMIRVisitor.visitVarDef(LSysYParser$VarDefContext;)Lorg/bytedeco/llvm/LLVM/LLVMValueRef;+39
j  LLVMIRVisitor.visitVarDef(LSysYParser$VarDefContext;)Ljava/lang/Object;+2
j  SysYParser$VarDefContext.accept(Lorg/antlr/v4/runtime/tree/ParseTreeVisitor;)Ljava/lang/Object;+12
j  org.antlr.v4.runtime.tree.AbstractParseTreeVisitor.visitChildren(Lorg/antlr/v4/runtime/tree/RuleNode;)Ljava/lang/Object;+46
j  SysYParserBaseVisitor.visitVarDecl(LSysYParser$VarDeclContext;)Ljava/lang/Object;+2
j  SysYParser$VarDeclContext.accept(Lorg/antlr/v4/runtime/tree/ParseTreeVisitor;)Ljava/lang/Object;+12
j  org.antlr.v4.runtime.tree.AbstractParseTreeVisitor.visitChildren(Lorg/antlr/v4/runtime/tree/RuleNode;)Ljava/lang/Object;+46
j  SysYParserBaseVisitor.visitDecl(LSysYParser$DeclContext;)Ljava/lang/Object;+2
j  SysYParser$DeclContext.accept(Lorg/antlr/v4/runtime/tree/ParseTreeVisitor;)Ljava/lang/Object;+12
j  org.antlr.v4.runtime.tree.AbstractParseTreeVisitor.visitChildren(Lorg/antlr/v4/runtime/tree/RuleNode;)Ljava/lang/Object;+46
j  SysYParserBaseVisitor.visitCompUnit(LSysYParser$CompUnitContext;)Ljava/lang/Object;+2
j  SysYParser$CompUnitContext.accept(Lorg/antlr/v4/runtime/tree/ParseTreeVisitor;)Ljava/lang/Object;+12
j  org.antlr.v4.runtime.tree.AbstractParseTreeVisitor.visitChildren(Lorg/antlr/v4/runtime/tree/RuleNode;)Ljava/lang/Object;+46
j  SysYParserBaseVisitor.visitProgram(LSysYParser$ProgramContext;)Ljava/lang/Object;+2
j  LLVMIRVisitor.visitProgram(LSysYParser$ProgramContext;)Lorg/bytedeco/llvm/LLVM/LLVMValueRef;+14
j  LLVMIRVisitor.visitProgram(LSysYParser$ProgramContext;)Ljava/lang/Object;+2
j  SysYParser$ProgramContext.accept(Lorg/antlr/v4/runtime/tree/ParseTreeVisitor;)Ljava/lang/Object;+12
j  org.antlr.v4.runtime.tree.AbstractParseTreeVisitor.visit(Lorg/antlr/v4/runtime/tree/ParseTree;)Ljava/lang/Object;+2
j  Main.main([Ljava/lang/String;)V+62
v  ~StubRoutines::call_stub

siginfo: si_signo: 11 (SIGSEGV), si_code: 1 (SEGV_MAPERR), si_addr: 0x0000000000000038

Register to memory mapping:

RAX=0x00007f1518481680 points into unknown readable memory: 0x00007f151847b3f0 | f0 b3 47 18 15 7f 00 00
RBX=0x00007f1518468c30 points into unknown readable memory: 0x00007f1518481680 | 80 16 48 18 15 7f 00 00
RCX=0x0000000000000067 is an unknown value
RDX=0x00007f149c006150 points into unknown readable memory: 0x00007f14a4010067 | 67 00 01 a4 14 7f 00 00
RSP=0x00007f151ca1bd08 is pointing into the stack for thread: 0x00007f151801c000
RBP=0x00007f1518458170 points into unknown readable memory: 0x00007f1518458180 | 80 81 45 18 15 7f 00 00
RSI=0x0000000000000101 is an unknown value
RDI=0x0 is NULL
R8 =0x000000008d435438 points into unknown readable memory: 0x0000000000000067 | 67 00 00 00 00 00 00 00
R9 =0x00007f151801c000 is a thread
R10=0xfffffffffffff55a is an unknown value
R11=0x00007f148e158870: LLVMBuildLoad+0x0000000000000000 in /home/w/.javacpp/cache/llvm-13.0.1-1.5.7-linux-x86_64.jar/org/bytedeco/llvm/linux-x86_64/libLLVM-13.so at 0x00007f148d52c000
R12=0x00007f151ca1be58 is pointing into the stack for thread: 0x00007f151801c000
R13=0x00007f1518468c30 points into unknown readable memory: 0x00007f1518481680 | 80 16 48 18 15 7f 00 00
R14=0x00007f151847bb78 points into unknown readable memory: 0x00007f151847b3f0 | f0 b3 47 18 15 7f 00 00
R15=0x00007f151801c000 is a thread


Registers:
RAX=0x00007f1518481680, RBX=0x00007f1518468c30, RCX=0x0000000000000067, RDX=0x00007f149c006150
RSP=0x00007f151ca1bd08, RBP=0x00007f1518458170, RSI=0x0000000000000101, RDI=0x0000000000000000
R8 =0x000000008d435438, R9 =0x00007f151801c000, R10=0xfffffffffffff55a, R11=0x00007f148e158870
R12=0x00007f151ca1be58, R13=0x00007f1518468c30, R14=0x00007f151847bb78, R15=0x00007f151801c000
RIP=0x00007f148e119e80, EFLAGS=0x0000000000010202, CSGSFS=0x002b000000000033, ERR=0x0000000000000004
  TRAPNO=0x000000000000000e

Top of Stack: (sp=0x00007f151ca1bd08)
0x00007f151ca1bd08:   00007f148e1588aa 00007f149c006150
0x00007f151ca1bd18:   0000000000000000 00007f151801c000
0x00007f151ca1bd28:   00007f15181a1520 0000000000000103
0x00007f151ca1bd38:   0000000000000001 00007f149c006150 

Instructions: (pc=0x00007f148e119e80)
0x00007f148e119d80:   ff 66 0f ef c0 48 89 02 48 89 50 08 41 0f 11 45
0x00007f148e119d90:   00 e8 5a 4b 17 00 4c 39 f3 75 c5 4d 8b 6c 24 30
0x00007f148e119da0:   4c 39 ed 74 3b 0f 1f 00 4c 89 eb 48 89 ef 4d 8b
0x00007f148e119db0:   6d 08 4c 8d 73 e8 4c 89 f6 e8 42 fd ff ff 48 8b
0x00007f148e119dc0:   03 48 8b 53 08 66 0f ef c9 4c 89 f7 48 89 02 48
0x00007f148e119dd0:   89 50 08 0f 11 0b e8 15 4b 17 00 4c 39 ed 75 c8
0x00007f148e119de0:   48 83 c4 08 4c 89 e7 5b 5d 41 5c 41 5d 41 5e 41
0x00007f148e119df0:   5f e9 fa 48 17 00 66 2e 0f 1f 84 00 00 00 00 00
0x00007f148e119e00:   48 8d 4b e8 48 89 c8 48 29 d0 e9 11 ff ff ff 90
0x00007f148e119e10:   48 8b 07 48 8b 38 e8 45 13 16 00 31 d2 be 01 00
0x00007f148e119e20:   00 00 48 89 c7 e8 b6 2a 02 00 48 89 c3 49 8b 44
0x00007f148e119e30:   24 08 48 85 c0 0f 84 a2 fe ff ff 0f 1f 44 00 00
0x00007f148e119e40:   48 8b 68 18 31 d2 48 89 df 48 8b 75 00 e8 ae bc
0x00007f148e119e50:   02 00 48 89 ef 48 89 c6 e8 63 65 17 00 48 89 ef
0x00007f148e119e60:   e8 4b 81 02 00 49 8b 44 24 08 48 85 c0 75 d1 e9
0x00007f148e119e70:   69 fe ff ff 66 2e 0f 1f 84 00 00 00 00 00 66 90
0x00007f148e119e80:   48 8b 47 38 48 8b 40 28 c3 0f 1f 80 00 00 00 00
0x00007f148e119e90:   48 8b 47 28 48 83 c7 28 48 39 f8 74 2b 48 85 c0
0x00007f148e119ea0:   0f 84 9e 9d d3 ff 4c 8d 40 e8 0f b6 40 f8 83 e8
0x00007f148e119eb0:   1b 83 f8 0b b8 00 00 00 00 4c 0f 43 c0 4c 89 c0
0x00007f148e119ec0:   c3 0f 1f 80 00 00 00 00 45 31 c0 eb f0 0f 1f 00
0x00007f148e119ed0:   48 8b 47 28 48 8d 57 28 48 39 d0 0f 84 af 00 00
0x00007f148e119ee0:   00 48 85 c0 0f 84 64 9d d3 ff 45 31 c0 80 78 f8
0x00007f148e119ef0:   1b 75 23 48 8b 57 30 48 8d 48 e8 48 85 d2 74 09
0x00007f148e119f00:   48 83 ea 18 48 39 d1 74 0d 48 8b 50 10 45 31 c0
0x00007f148e119f10:   48 39 42 30 75 0a 4c 89 c0 c3 66 0f 1f 44 00 00
0x00007f148e119f20:   4c 8b 00 4d 85 c0 74 ee 8b 50 fc 49 8d 48 e8 81
0x00007f148e119f30:   e2 ff ff ff 07 74 3e 89 d2 48 f7 da 48 c1 e2 05
0x00007f148e119f40:   48 8b 44 10 e8 48 85 c0 74 2b 48 39 c1 75 41 41
0x00007f148e119f50:   80 78 f8 4b 75 1f 49 8b 40 10 4c 39 40 30 74 30
0x00007f148e119f60:   49 8b 48 c8 4d 8b 00 4d 85 c0 74 aa 49 83 e8 18
0x00007f148e119f70:   4c 39 c1 75 1b 45 31 c0 80 79 10 52 75 98 0f b7 


Stack slot to memory mapping:
stack at sp + 0 slots: 0x00007f148e1588aa: LLVMBuildLoad+0x000000000000003a in /home/w/.javacpp/cache/llvm-13.0.1-1.5.7-linux-x86_64.jar/org/bytedeco/llvm/linux-x86_64/libLLVM-13.so at 0x00007f148d52c000
stack at sp + 1 slots: 0x00007f149c006150 points into unknown readable memory: 0x00007f14a4010067 | 67 00 01 a4 14 7f 00 00
stack at sp + 2 slots: 0x0 is NULL
stack at sp + 3 slots: 0x00007f151801c000 is a thread
stack at sp + 4 slots: 0x00007f15181a1520 points into unknown readable memory: 0x000000008d435428 | 28 54 43 8d 00 00 00 00
stack at sp + 5 slots: 0x0000000000000103 is an unknown value
stack at sp + 6 slots: 0x0000000000000001 is an unknown value
stack at sp + 7 slots: 0x00007f149c006150 points into unknown readable memory: 0x00007f14a4010067 | 67 00 01 a4 14 7f 00 00


---------------  P R O C E S S  ---------------

Threads class SMR info:
_java_thread_list=0x00007f14b4000b60, length=13, elements={
0x00007f151801c000, 0x00007f15181a3000, 0x00007f15181a5000, 0x00007f15181a9800,
0x00007f15181ab800, 0x00007f15181ad800, 0x00007f15181b7800, 0x00007f15181b9800,
0x00007f15181cf800, 0x00007f1518219000, 0x00007f151821e000, 0x00007f14a4001800,
0x00007f15183e5800
}

Java Threads: ( => current thread )
=>0x00007f151801c000 JavaThread "main" [_thread_in_native, id=260758, stack(0x00007f151c91d000,0x00007f151ca1e000)]
  0x00007f15181a3000 JavaThread "Reference Handler" daemon [_thread_blocked, id=260773, stack(0x00007f14e75fe000,0x00007f14e76ff000)]
  0x00007f15181a5000 JavaThread "Finalizer" daemon [_thread_blocked, id=260774, stack(0x00007f14e74fd000,0x00007f14e75fe000)]
  0x00007f15181a9800 JavaThread "Signal Dispatcher" daemon [_thread_blocked, id=260775, stack(0x00007f14e73fc000,0x00007f14e74fd000)]
  0x00007f15181ab800 JavaThread "Service Thread" daemon [_thread_blocked, id=260776, stack(0x00007f14e72fb000,0x00007f14e73fc000)]
  0x00007f15181ad800 JavaThread "C2 CompilerThread0" daemon [_thread_blocked, id=260777, stack(0x00007f14e71fa000,0x00007f14e72fb000)]
  0x00007f15181b7800 JavaThread "C1 CompilerThread0" daemon [_thread_blocked, id=260779, stack(0x00007f14e70f9000,0x00007f14e71fa000)]
  0x00007f15181b9800 JavaThread "Sweeper thread" daemon [_thread_blocked, id=260780, stack(0x00007f14e6ff8000,0x00007f14e70f9000)]
  0x00007f15181cf800 JavaThread "Common-Cleaner" daemon [_thread_blocked, id=260783, stack(0x00007f14e6ef7000,0x00007f14e6ff8000)]
  0x00007f1518219000 JavaThread "JDWP Transport Listener: dt_socket" daemon [_thread_blocked, id=260789, stack(0x00007f14e69f2000,0x00007f14e6af3000)]
  0x00007f151821e000 JavaThread "JDWP Event Helper Thread" daemon [_thread_blocked, id=260791, stack(0x00007f14e68f1000,0x00007f14e69f2000)]
  0x00007f14a4001800 JavaThread "JDWP Command Reader" daemon [_thread_in_native, id=260793, stack(0x00007f14e67f0000,0x00007f14e68f1000)]
  0x00007f15183e5800 JavaThread "JavaCPP Deallocator" daemon [_thread_blocked, id=260800, stack(0x00007f14e65ee000,0x00007f14e66ef000)]

Other Threads:
  0x00007f15181a0000 VMThread "VM Thread" [stack: 0x00007f14e7700000,0x00007f14e7800000] [id=260772]
  0x00007f151822f000 WatcherThread [stack: 0x00007f14e66f0000,0x00007f14e67f0000] [id=260795]
  0x00007f1518035800 GCTaskThread "GC Thread#0" [stack: 0x00007f151c0da000,0x00007f151c1da000] [id=260759]
  0x00007f1518066800 ConcurrentGCThread "G1 Main Marker" [stack: 0x00007f14f70e9000,0x00007f14f71e9000] [id=260761]
  0x00007f1518068800 ConcurrentGCThread "G1 Conc#0" [stack: 0x00007f14f6fe8000,0x00007f14f70e8000] [id=260762]
  0x00007f1518104800 ConcurrentGCThread "G1 Refine#0" [stack: 0x00007f14f41da000,0x00007f14f42da000] [id=260764]
  0x00007f1518106800 ConcurrentGCThread "G1 Young RemSet Sampling" [stack: 0x00007f14f40d9000,0x00007f14f41d9000] [id=260766]

Threads with active compile tasks:

VM state:not at safepoint (normal execution)

VM Mutex/Monitor currently owned by a thread: None

Heap address: 0x0000000086a00000, size: 1942 MB, Compressed Oops mode: 32-bit
Narrow klass base: 0x0000000800000000, Narrow klass shift: 3
Compressed class space size: 1073741824 Address: 0x0000000840000000

Heap:
 garbage-first heap   total 126976K, used 15056K [0x0000000086a00000, 0x0000000100000000)
  region size 1024K, 16 young (16384K), 0 survivors (0K)
 Metaspace       used 3781K, capacity 6519K, committed 6656K, reserved 1056768K
  class space    used 405K, capacity 681K, committed 768K, reserved 1048576K
Heap Regions: E=young(eden), S=young(survivor), O=old, HS=humongous(starts), HC=humongous(continues), CS=collection set, F=free, A=archive, TAMS=top-at-mark-start (previous, next)
|   0|0x0000000086a00000, 0x0000000086a00000, 0x0000000086b00000|  0%| F|  |TAMS 0x0000000086a00000, 0x0000000086a00000| Untracked 
|   1|0x0000000086b00000, 0x0000000086b00000, 0x0000000086c00000|  0%| F|  |TAMS 0x0000000086b00000, 0x0000000086b00000| Untracked 
|   2|0x0000000086c00000, 0x0000000086c00000, 0x0000000086d00000|  0%| F|  |TAMS 0x0000000086c00000, 0x0000000086c00000| Untracked 
|   3|0x0000000086d00000, 0x0000000086d00000, 0x0000000086e00000|  0%| F|  |TAMS 0x0000000086d00000, 0x0000000086d00000| Untracked 
|   4|0x0000000086e00000, 0x0000000086e00000, 0x0000000086f00000|  0%| F|  |TAMS 0x0000000086e00000, 0x0000000086e00000| Untracked 
|   5|0x0000000086f00000, 0x0000000086f00000, 0x0000000087000000|  0%| F|  |TAMS 0x0000000086f00000, 0x0000000086f00000| Untracked 
|   6|0x0000000087000000, 0x0000000087000000, 0x0000000087100000|  0%| F|  |TAMS 0x0000000087000000, 0x0000000087000000| Untracked 
|   7|0x0000000087100000, 0x0000000087100000, 0x0000000087200000|  0%| F|  |TAMS 0x0000000087100000, 0x0000000087100000| Untracked 
|   8|0x0000000087200000, 0x0000000087200000, 0x0000000087300000|  0%| F|  |TAMS 0x0000000087200000, 0x0000000087200000| Untracked 
|   9|0x0000000087300000, 0x0000000087300000, 0x0000000087400000|  0%| F|  |TAMS 0x0000000087300000, 0x0000000087300000| Untracked 
|  10|0x0000000087400000, 0x0000000087400000, 0x0000000087500000|  0%| F|  |TAMS 0x0000000087400000, 0x0000000087400000| Untracked 
|  11|0x0000000087500000, 0x0000000087500000, 0x0000000087600000|  0%| F|  |TAMS 0x0000000087500000, 0x0000000087500000| Untracked 
|  12|0x0000000087600000, 0x0000000087600000, 0x0000000087700000|  0%| F|  |TAMS 0x0000000087600000, 0x0000000087600000| Untracked 
|  13|0x0000000087700000, 0x0000000087700000, 0x0000000087800000|  0%| F|  |TAMS 0x0000000087700000, 0x0000000087700000| Untracked 
|  14|0x0000000087800000, 0x0000000087800000, 0x0000000087900000|  0%| F|  |TAMS 0x0000000087800000, 0x0000000087800000| Untracked 
|  15|0x0000000087900000, 0x0000000087900000, 0x0000000087a00000|  0%| F|  |TAMS 0x0000000087900000, 0x0000000087900000| Untracked 
|  16|0x0000000087a00000, 0x0000000087a00000, 0x0000000087b00000|  0%| F|  |TAMS 0x0000000087a00000, 0x0000000087a00000| Untracked 
|  17|0x0000000087b00000, 0x0000000087b00000, 0x0000000087c00000|  0%| F|  |TAMS 0x0000000087b00000, 0x0000000087b00000| Untracked 
|  18|0x0000000087c00000, 0x0000000087c00000, 0x0000000087d00000|  0%| F|  |TAMS 0x0000000087c00000, 0x0000000087c00000| Untracked 
|  19|0x0000000087d00000, 0x0000000087d00000, 0x0000000087e00000|  0%| F|  |TAMS 0x0000000087d00000, 0x0000000087d00000| Untracked 
|  20|0x0000000087e00000, 0x0000000087e00000, 0x0000000087f00000|  0%| F|  |TAMS 0x0000000087e00000, 0x0000000087e00000| Untracked 
|  21|0x0000000087f00000, 0x0000000087f00000, 0x0000000088000000|  0%| F|  |TAMS 0x0000000087f00000, 0x0000000087f00000| Untracked 
|  22|0x0000000088000000, 0x0000000088000000, 0x0000000088100000|  0%| F|  |TAMS 0x0000000088000000, 0x0000000088000000| Untracked 
|  23|0x0000000088100000, 0x0000000088100000, 0x0000000088200000|  0%| F|  |TAMS 0x0000000088100000, 0x0000000088100000| Untracked 
|  24|0x0000000088200000, 0x0000000088200000, 0x0000000088300000|  0%| F|  |TAMS 0x0000000088200000, 0x0000000088200000| Untracked 
|  25|0x0000000088300000, 0x0000000088300000, 0x0000000088400000|  0%| F|  |TAMS 0x0000000088300000, 0x0000000088300000| Untracked 
|  26|0x0000000088400000, 0x0000000088400000, 0x0000000088500000|  0%| F|  |TAMS 0x0000000088400000, 0x0000000088400000| Untracked 
|  27|0x0000000088500000, 0x0000000088500000, 0x0000000088600000|  0%| F|  |TAMS 0x0000000088500000, 0x0000000088500000| Untracked 
|  28|0x0000000088600000, 0x0000000088600000, 0x0000000088700000|  0%| F|  |TAMS 0x0000000088600000, 0x0000000088600000| Untracked 
|  29|0x0000000088700000, 0x0000000088700000, 0x0000000088800000|  0%| F|  |TAMS 0x0000000088700000, 0x0000000088700000| Untracked 
|  30|0x0000000088800000, 0x0000000088800000, 0x0000000088900000|  0%| F|  |TAMS 0x0000000088800000, 0x0000000088800000| Untracked 
|  31|0x0000000088900000, 0x0000000088900000, 0x0000000088a00000|  0%| F|  |TAMS 0x0000000088900000, 0x0000000088900000| Untracked 
|  32|0x0000000088a00000, 0x0000000088a00000, 0x0000000088b00000|  0%| F|  |TAMS 0x0000000088a00000, 0x0000000088a00000| Untracked 
|  33|0x0000000088b00000, 0x0000000088b00000, 0x0000000088c00000|  0%| F|  |TAMS 0x0000000088b00000, 0x0000000088b00000| Untracked 
|  34|0x0000000088c00000, 0x0000000088c00000, 0x0000000088d00000|  0%| F|  |TAMS 0x0000000088c00000, 0x0000000088c00000| Untracked 
|  35|0x0000000088d00000, 0x0000000088d00000, 0x0000000088e00000|  0%| F|  |TAMS 0x0000000088d00000, 0x0000000088d00000| Untracked 
|  36|0x0000000088e00000, 0x0000000088e00000, 0x0000000088f00000|  0%| F|  |TAMS 0x0000000088e00000, 0x0000000088e00000| Untracked 
|  37|0x0000000088f00000, 0x0000000088f00000, 0x0000000089000000|  0%| F|  |TAMS 0x0000000088f00000, 0x0000000088f00000| Untracked 
|  38|0x0000000089000000, 0x0000000089000000, 0x0000000089100000|  0%| F|  |TAMS 0x0000000089000000, 0x0000000089000000| Untracked 
|  39|0x0000000089100000, 0x0000000089100000, 0x0000000089200000|  0%| F|  |TAMS 0x0000000089100000, 0x0000000089100000| Untracked 
|  40|0x0000000089200000, 0x0000000089200000, 0x0000000089300000|  0%| F|  |TAMS 0x0000000089200000, 0x0000000089200000| Untracked 
|  41|0x0000000089300000, 0x0000000089300000, 0x0000000089400000|  0%| F|  |TAMS 0x0000000089300000, 0x0000000089300000| Untracked 
|  42|0x0000000089400000, 0x0000000089400000, 0x0000000089500000|  0%| F|  |TAMS 0x0000000089400000, 0x0000000089400000| Untracked 
|  43|0x0000000089500000, 0x0000000089500000, 0x0000000089600000|  0%| F|  |TAMS 0x0000000089500000, 0x0000000089500000| Untracked 
|  44|0x0000000089600000, 0x0000000089600000, 0x0000000089700000|  0%| F|  |TAMS 0x0000000089600000, 0x0000000089600000| Untracked 
|  45|0x0000000089700000, 0x0000000089700000, 0x0000000089800000|  0%| F|  |TAMS 0x0000000089700000, 0x0000000089700000| Untracked 
|  46|0x0000000089800000, 0x0000000089800000, 0x0000000089900000|  0%| F|  |TAMS 0x0000000089800000, 0x0000000089800000| Untracked 
|  47|0x0000000089900000, 0x0000000089900000, 0x0000000089a00000|  0%| F|  |TAMS 0x0000000089900000, 0x0000000089900000| Untracked 
|  48|0x0000000089a00000, 0x0000000089a00000, 0x0000000089b00000|  0%| F|  |TAMS 0x0000000089a00000, 0x0000000089a00000| Untracked 
|  49|0x0000000089b00000, 0x0000000089b00000, 0x0000000089c00000|  0%| F|  |TAMS 0x0000000089b00000, 0x0000000089b00000| Untracked 
|  50|0x0000000089c00000, 0x0000000089c00000, 0x0000000089d00000|  0%| F|  |TAMS 0x0000000089c00000, 0x0000000089c00000| Untracked 
|  51|0x0000000089d00000, 0x0000000089d00000, 0x0000000089e00000|  0%| F|  |TAMS 0x0000000089d00000, 0x0000000089d00000| Untracked 
|  52|0x0000000089e00000, 0x0000000089e00000, 0x0000000089f00000|  0%| F|  |TAMS 0x0000000089e00000, 0x0000000089e00000| Untracked 
|  53|0x0000000089f00000, 0x0000000089f00000, 0x000000008a000000|  0%| F|  |TAMS 0x0000000089f00000, 0x0000000089f00000| Untracked 
|  54|0x000000008a000000, 0x000000008a000000, 0x000000008a100000|  0%| F|  |TAMS 0x000000008a000000, 0x000000008a000000| Untracked 
|  55|0x000000008a100000, 0x000000008a100000, 0x000000008a200000|  0%| F|  |TAMS 0x000000008a100000, 0x000000008a100000| Untracked 
|  56|0x000000008a200000, 0x000000008a200000, 0x000000008a300000|  0%| F|  |TAMS 0x000000008a200000, 0x000000008a200000| Untracked 
|  57|0x000000008a300000, 0x000000008a300000, 0x000000008a400000|  0%| F|  |TAMS 0x000000008a300000, 0x000000008a300000| Untracked 
|  58|0x000000008a400000, 0x000000008a400000, 0x000000008a500000|  0%| F|  |TAMS 0x000000008a400000, 0x000000008a400000| Untracked 
|  59|0x000000008a500000, 0x000000008a500000, 0x000000008a600000|  0%| F|  |TAMS 0x000000008a500000, 0x000000008a500000| Untracked 
|  60|0x000000008a600000, 0x000000008a600000, 0x000000008a700000|  0%| F|  |TAMS 0x000000008a600000, 0x000000008a600000| Untracked 
|  61|0x000000008a700000, 0x000000008a700000, 0x000000008a800000|  0%| F|  |TAMS 0x000000008a700000, 0x000000008a700000| Untracked 
|  62|0x000000008a800000, 0x000000008a800000, 0x000000008a900000|  0%| F|  |TAMS 0x000000008a800000, 0x000000008a800000| Untracked 
|  63|0x000000008a900000, 0x000000008a900000, 0x000000008aa00000|  0%| F|  |TAMS 0x000000008a900000, 0x000000008a900000| Untracked 
|  64|0x000000008aa00000, 0x000000008aa00000, 0x000000008ab00000|  0%| F|  |TAMS 0x000000008aa00000, 0x000000008aa00000| Untracked 
|  65|0x000000008ab00000, 0x000000008ab00000, 0x000000008ac00000|  0%| F|  |TAMS 0x000000008ab00000, 0x000000008ab00000| Untracked 
|  66|0x000000008ac00000, 0x000000008ac00000, 0x000000008ad00000|  0%| F|  |TAMS 0x000000008ac00000, 0x000000008ac00000| Untracked 
|  67|0x000000008ad00000, 0x000000008ad00000, 0x000000008ae00000|  0%| F|  |TAMS 0x000000008ad00000, 0x000000008ad00000| Untracked 
|  68|0x000000008ae00000, 0x000000008ae00000, 0x000000008af00000|  0%| F|  |TAMS 0x000000008ae00000, 0x000000008ae00000| Untracked 
|  69|0x000000008af00000, 0x000000008af00000, 0x000000008b000000|  0%| F|  |TAMS 0x000000008af00000, 0x000000008af00000| Untracked 
|  70|0x000000008b000000, 0x000000008b000000, 0x000000008b100000|  0%| F|  |TAMS 0x000000008b000000, 0x000000008b000000| Untracked 
|  71|0x000000008b100000, 0x000000008b100000, 0x000000008b200000|  0%| F|  |TAMS 0x000000008b100000, 0x000000008b100000| Untracked 
|  72|0x000000008b200000, 0x000000008b200000, 0x000000008b300000|  0%| F|  |TAMS 0x000000008b200000, 0x000000008b200000| Untracked 
|  73|0x000000008b300000, 0x000000008b300000, 0x000000008b400000|  0%| F|  |TAMS 0x000000008b300000, 0x000000008b300000| Untracked 
|  74|0x000000008b400000, 0x000000008b400000, 0x000000008b500000|  0%| F|  |TAMS 0x000000008b400000, 0x000000008b400000| Untracked 
|  75|0x000000008b500000, 0x000000008b500000, 0x000000008b600000|  0%| F|  |TAMS 0x000000008b500000, 0x000000008b500000| Untracked 
|  76|0x000000008b600000, 0x000000008b600000, 0x000000008b700000|  0%| F|  |TAMS 0x000000008b600000, 0x000000008b600000| Untracked 
|  77|0x000000008b700000, 0x000000008b700000, 0x000000008b800000|  0%| F|  |TAMS 0x000000008b700000, 0x000000008b700000| Untracked 
|  78|0x000000008b800000, 0x000000008b800000, 0x000000008b900000|  0%| F|  |TAMS 0x000000008b800000, 0x000000008b800000| Untracked 
|  79|0x000000008b900000, 0x000000008b900000, 0x000000008ba00000|  0%| F|  |TAMS 0x000000008b900000, 0x000000008b900000| Untracked 
|  80|0x000000008ba00000, 0x000000008ba00000, 0x000000008bb00000|  0%| F|  |TAMS 0x000000008ba00000, 0x000000008ba00000| Untracked 
|  81|0x000000008bb00000, 0x000000008bb00000, 0x000000008bc00000|  0%| F|  |TAMS 0x000000008bb00000, 0x000000008bb00000| Untracked 
|  82|0x000000008bc00000, 0x000000008bc00000, 0x000000008bd00000|  0%| F|  |TAMS 0x000000008bc00000, 0x000000008bc00000| Untracked 
|  83|0x000000008bd00000, 0x000000008bd00000, 0x000000008be00000|  0%| F|  |TAMS 0x000000008bd00000, 0x000000008bd00000| Untracked 
|  84|0x000000008be00000, 0x000000008be00000, 0x000000008bf00000|  0%| F|  |TAMS 0x000000008be00000, 0x000000008be00000| Untracked 
|  85|0x000000008bf00000, 0x000000008bf00000, 0x000000008c000000|  0%| F|  |TAMS 0x000000008bf00000, 0x000000008bf00000| Untracked 
|  86|0x000000008c000000, 0x000000008c000000, 0x000000008c100000|  0%| F|  |TAMS 0x000000008c000000, 0x000000008c000000| Untracked 
|  87|0x000000008c100000, 0x000000008c100000, 0x000000008c200000|  0%| F|  |TAMS 0x000000008c100000, 0x000000008c100000| Untracked 
|  88|0x000000008c200000, 0x000000008c200000, 0x000000008c300000|  0%| F|  |TAMS 0x000000008c200000, 0x000000008c200000| Untracked 
|  89|0x000000008c300000, 0x000000008c300000, 0x000000008c400000|  0%| F|  |TAMS 0x000000008c300000, 0x000000008c300000| Untracked 
|  90|0x000000008c400000, 0x000000008c400000, 0x000000008c500000|  0%| F|  |TAMS 0x000000008c400000, 0x000000008c400000| Untracked 
|  91|0x000000008c500000, 0x000000008c500000, 0x000000008c600000|  0%| F|  |TAMS 0x000000008c500000, 0x000000008c500000| Untracked 
|  92|0x000000008c600000, 0x000000008c600000, 0x000000008c700000|  0%| F|  |TAMS 0x000000008c600000, 0x000000008c600000| Untracked 
|  93|0x000000008c700000, 0x000000008c700000, 0x000000008c800000|  0%| F|  |TAMS 0x000000008c700000, 0x000000008c700000| Untracked 
|  94|0x000000008c800000, 0x000000008c800000, 0x000000008c900000|  0%| F|  |TAMS 0x000000008c800000, 0x000000008c800000| Untracked 
|  95|0x000000008c900000, 0x000000008c900000, 0x000000008ca00000|  0%| F|  |TAMS 0x000000008c900000, 0x000000008c900000| Untracked 
|  96|0x000000008ca00000, 0x000000008ca00000, 0x000000008cb00000|  0%| F|  |TAMS 0x000000008ca00000, 0x000000008ca00000| Untracked 
|  97|0x000000008cb00000, 0x000000008cb00000, 0x000000008cc00000|  0%| F|  |TAMS 0x000000008cb00000, 0x000000008cb00000| Untracked 
|  98|0x000000008cc00000, 0x000000008cc00000, 0x000000008cd00000|  0%| F|  |TAMS 0x000000008cc00000, 0x000000008cc00000| Untracked 
|  99|0x000000008cd00000, 0x000000008cd00000, 0x000000008ce00000|  0%| F|  |TAMS 0x000000008cd00000, 0x000000008cd00000| Untracked 
| 100|0x000000008ce00000, 0x000000008ce00000, 0x000000008cf00000|  0%| F|  |TAMS 0x000000008ce00000, 0x000000008ce00000| Untracked 
| 101|0x000000008cf00000, 0x000000008cf00000, 0x000000008d000000|  0%| F|  |TAMS 0x000000008cf00000, 0x000000008cf00000| Untracked 
| 102|0x000000008d000000, 0x000000008d000000, 0x000000008d100000|  0%| F|  |TAMS 0x000000008d000000, 0x000000008d000000| Untracked 
| 103|0x000000008d100000, 0x000000008d100000, 0x000000008d200000|  0%| F|  |TAMS 0x000000008d100000, 0x000000008d100000| Untracked 
| 104|0x000000008d200000, 0x000000008d200000, 0x000000008d300000|  0%| F|  |TAMS 0x000000008d200000, 0x000000008d200000| Untracked 
| 105|0x000000008d300000, 0x000000008d300000, 0x000000008d400000|  0%| F|  |TAMS 0x000000008d300000, 0x000000008d300000| Untracked 
| 106|0x000000008d400000, 0x000000008d47b740, 0x000000008d500000| 48%| E|  |TAMS 0x000000008d400000, 0x000000008d400000| Complete 
| 107|0x000000008d500000, 0x000000008d600000, 0x000000008d600000|100%| E|CS|TAMS 0x000000008d500000, 0x000000008d500000| Complete 
| 108|0x000000008d600000, 0x000000008d700000, 0x000000008d700000|100%| E|CS|TAMS 0x000000008d600000, 0x000000008d600000| Complete 
| 109|0x000000008d700000, 0x000000008d800000, 0x000000008d800000|100%| E|CS|TAMS 0x000000008d700000, 0x000000008d700000| Complete 
| 110|0x000000008d800000, 0x000000008d900000, 0x000000008d900000|100%| E|CS|TAMS 0x000000008d800000, 0x000000008d800000| Complete 
| 111|0x000000008d900000, 0x000000008da00000, 0x000000008da00000|100%| E|CS|TAMS 0x000000008d900000, 0x000000008d900000| Complete 
| 112|0x000000008da00000, 0x000000008db00000, 0x000000008db00000|100%| E|CS|TAMS 0x000000008da00000, 0x000000008da00000| Complete 
| 113|0x000000008db00000, 0x000000008dc00000, 0x000000008dc00000|100%| E|  |TAMS 0x000000008db00000, 0x000000008db00000| Complete 
| 114|0x000000008dc00000, 0x000000008dd00000, 0x000000008dd00000|100%| E|CS|TAMS 0x000000008dc00000, 0x000000008dc00000| Complete 
| 115|0x000000008dd00000, 0x000000008de00000, 0x000000008de00000|100%| E|CS|TAMS 0x000000008dd00000, 0x000000008dd00000| Complete 
| 116|0x000000008de00000, 0x000000008df00000, 0x000000008df00000|100%| E|CS|TAMS 0x000000008de00000, 0x000000008de00000| Complete 
| 117|0x000000008df00000, 0x000000008e000000, 0x000000008e000000|100%| E|CS|TAMS 0x000000008df00000, 0x000000008df00000| Complete 
| 118|0x000000008e000000, 0x000000008e100000, 0x000000008e100000|100%| E|CS|TAMS 0x000000008e000000, 0x000000008e000000| Complete 
| 119|0x000000008e100000, 0x000000008e200000, 0x000000008e200000|100%| E|CS|TAMS 0x000000008e100000, 0x000000008e100000| Complete 
| 120|0x000000008e200000, 0x000000008e300000, 0x000000008e300000|100%| E|CS|TAMS 0x000000008e200000, 0x000000008e200000| Complete 
| 121|0x000000008e300000, 0x000000008e400000, 0x000000008e400000|100%| E|CS|TAMS 0x000000008e300000, 0x000000008e300000| Complete 
|1940|0x00000000ffe00000, 0x00000000ffe48000, 0x00000000fff00000| 28%|OA|  |TAMS 0x00000000ffe00000, 0x00000000ffe00000| Untracked 
|1941|0x00000000fff00000, 0x00000000fff6c000, 0x0000000100000000| 42%|CA|  |TAMS 0x00000000fff00000, 0x00000000fff00000| Untracked 

Card table byte_map: [0x00007f14fb264000,0x00007f14fb62f000] _byte_map_base: 0x00007f14fae2f000

Marking Bits (Prev, Next): (CMBitMap*) 0x00007f151805e338, (CMBitMap*) 0x00007f151805e370
 Prev Bits: [0x00007f14f9041000, 0x00007f14fae99000)
 Next Bits: [0x00007f14f71e9000, 0x00007f14f9041000)

Polling page: 0x00007f151c8d1000

Metaspace:

Usage:
  Non-class:      5.70 MB capacity,     3.30 MB ( 58%) used,     2.40 MB ( 42%) free+waste,     5.81 KB ( <1%) overhead. 
      Class:    681.00 KB capacity,   405.71 KB ( 60%) used,   272.41 KB ( 40%) free+waste,     2.88 KB ( <1%) overhead. 
       Both:      6.37 MB capacity,     3.69 MB ( 58%) used,     2.67 MB ( 42%) free+waste,     8.69 KB ( <1%) overhead. 

Virtual space:
  Non-class space:        8.00 MB reserved,       5.75 MB ( 72%) committed 
      Class space:        1.00 GB reserved,     768.00 KB ( <1%) committed 
             Both:        1.01 GB reserved,       6.50 MB ( <1%) committed 

Chunk freelists:
   Non-Class:  50.00 KB
       Class:  23.00 KB
        Both:  73.00 KB

MaxMetaspaceSize: unlimited
CompressedClassSpaceSize: 1.00 GB
Initial GC threshold: 20.80 MB
Current GC threshold: 20.80 MB
CDS: on

CodeHeap 'non-profiled nmethods': size=119172Kb used=217Kb max_used=217Kb free=118954Kb
 bounds [0x00007f150837a000, 0x00007f15085ea000, 0x00007f150f7db000]
CodeHeap 'profiled nmethods': size=119168Kb used=1681Kb max_used=1681Kb free=117486Kb
 bounds [0x00007f1500f1a000, 0x00007f150118a000, 0x00007f150837a000]
CodeHeap 'non-nmethods': size=7420Kb used=1198Kb max_used=2916Kb free=6221Kb
 bounds [0x00007f15007db000, 0x00007f1500abb000, 0x00007f1500f1a000]
 total_blobs=1231 nmethods=840 adapters=313
 compilation: enabled
              stopped_count=0, restarted_count=0
 full_count=0

Compilation events (20 events):
Event: 0.425 Thread 0x00007f14c807d800  833       3       jdk.internal.loader.BuiltinClassLoader::getAndVerifyPackage (109 bytes)
Event: 0.426 Thread 0x00007f15181b7800 nmethod 831 0x00007f15010b2290 code [0x00007f15010b2440, 0x00007f15010b25a0]
Event: 0.426 Thread 0x00007f15181b7800  834       3       java.lang.ClassLoader::getDefinedPackage (35 bytes)
Event: 0.426 Thread 0x00007f15181b7800 nmethod 834 0x00007f15010b2690 code [0x00007f15010b28a0, 0x00007f15010b2e60]
Event: 0.426 Thread 0x00007f14c807f800 nmethod 830 0x00007f15010b3090 code [0x00007f15010b3380, 0x00007f15010b46c0]
Event: 0.426 Thread 0x00007f14c807f800  835       3       java.util.jar.JavaUtilJarAccessImpl::getTrustedAttributes (6 bytes)
Event: 0.426 Thread 0x00007f15181b7800  836       3       java.util.jar.Manifest::getTrustedAttributes (57 bytes)
Event: 0.426 Thread 0x00007f14c807f800 nmethod 835 0x00007f15010b4c10 code [0x00007f15010b4dc0, 0x00007f15010b4f40]
Event: 0.426 Thread 0x00007f14c807f800  837       3       jdk.internal.loader.URLClassPath$JarLoader$2::getBytes (48 bytes)
Event: 0.426 Thread 0x00007f14b4001800 nmethod 832 0x00007f15010b5010 code [0x00007f15010b52c0, 0x00007f15010b5e70]
Event: 0.426 Thread 0x00007f14b4001800  838       3       java.util.zip.CRC32::<init> (5 bytes)
Event: 0.427 Thread 0x00007f14b4001800 nmethod 838 0x00007f15010b6290 code [0x00007f15010b6440, 0x00007f15010b65b0]
Event: 0.427 Thread 0x00007f14c807f800 nmethod 837 0x00007f15010b6690 code [0x00007f15010b68a0, 0x00007f15010b6f00]
Event: 0.427 Thread 0x00007f15181b7800 nmethod 836 0x00007f15010b7190 code [0x00007f15010b7440, 0x00007f15010b8070]
Event: 0.427 Thread 0x00007f14c807d800 nmethod 833 0x00007f15010b8490 code [0x00007f15010b88a0, 0x00007f15010ba380]
Event: 0.428 Thread 0x00007f14b4001800  839       3       java.util.zip.ZipFile::getZipEntry (325 bytes)
Event: 0.430 Thread 0x00007f14b4001800 nmethod 839 0x00007f15010bac90 code [0x00007f15010bb040, 0x00007f15010bcf60]
Event: 0.431 Thread 0x00007f15181ad800 nmethod 751 0x00007f15083af390 code [0x00007f15083af560, 0x00007f15083b01d8]
Event: 2.731 Thread 0x00007f14c807f800  840       3       org.antlr.v4.runtime.misc.Interval::of (54 bytes)
Event: 2.732 Thread 0x00007f14c807f800 nmethod 840 0x00007f15010bdc10 code [0x00007f15010bde00, 0x00007f15010be430]

GC Heap History (0 events):
No events

Deoptimization events (20 events):
Event: 0.378 Thread 0x00007f151801c000 DEOPT PACKING pc=0x00007f15010400d4 sp=0x00007f151ca1a230
Event: 0.378 Thread 0x00007f151801c000 DEOPT UNPACKING pc=0x00007f150082564a sp=0x00007f151ca19720 mode 1
Event: 0.379 Thread 0x00007f151801c000 DEOPT PACKING pc=0x00007f15010400d4 sp=0x00007f151ca1a230
Event: 0.379 Thread 0x00007f151801c000 DEOPT UNPACKING pc=0x00007f150082564a sp=0x00007f151ca19720 mode 1
Event: 0.390 Thread 0x00007f151801c000 DEOPT PACKING pc=0x00007f150100f28a sp=0x00007f151ca1b620
Event: 0.390 Thread 0x00007f151801c000 DEOPT UNPACKING pc=0x00007f150082564a sp=0x00007f151ca1aac8 mode 0
Event: 0.391 Thread 0x00007f151801c000 DEOPT PACKING pc=0x00007f150100da12 sp=0x00007f151ca1b8d0
Event: 0.391 Thread 0x00007f151801c000 DEOPT UNPACKING pc=0x00007f150082564a sp=0x00007f151ca1ad50 mode 0
Event: 0.392 Thread 0x00007f151801c000 DEOPT PACKING pc=0x00007f1500f7bbcf sp=0x00007f151ca1b600
Event: 0.392 Thread 0x00007f151801c000 DEOPT UNPACKING pc=0x00007f150082564a sp=0x00007f151ca1aaa8 mode 0
Event: 0.394 Thread 0x00007f151801c000 DEOPT PACKING pc=0x00007f1500f7bbcf sp=0x00007f151ca1b600
Event: 0.394 Thread 0x00007f151801c000 DEOPT UNPACKING pc=0x00007f150082564a sp=0x00007f151ca1aaa8 mode 0
Event: 0.394 Thread 0x00007f151801c000 DEOPT PACKING pc=0x00007f150100da12 sp=0x00007f151ca1b980
Event: 0.394 Thread 0x00007f151801c000 DEOPT UNPACKING pc=0x00007f150082564a sp=0x00007f151ca1ae00 mode 0
Event: 0.396 Thread 0x00007f151801c000 DEOPT PACKING pc=0x00007f150100da12 sp=0x00007f151ca1b980
Event: 0.396 Thread 0x00007f151801c000 DEOPT UNPACKING pc=0x00007f150082564a sp=0x00007f151ca1ae00 mode 0
Event: 0.397 Thread 0x00007f151801c000 DEOPT PACKING pc=0x00007f150100da12 sp=0x00007f151ca1b140
Event: 0.397 Thread 0x00007f151801c000 DEOPT UNPACKING pc=0x00007f150082564a sp=0x00007f151ca1a5c0 mode 0
Event: 0.398 Thread 0x00007f151801c000 DEOPT PACKING pc=0x00007f150100da12 sp=0x00007f151ca1b8d0
Event: 0.398 Thread 0x00007f151801c000 DEOPT UNPACKING pc=0x00007f150082564a sp=0x00007f151ca1ad50 mode 0

Classes redefined (0 events):
No events

Internal exceptions (20 events):
Event: 0.377 Thread 0x00007f151801c000 Exception <a 'java/security/PrivilegedActionException'{0x000000008d8df750}> (0x000000008d8df750) thrown at [src/hotspot/share/prims/jvm.cpp, line 1304]
Event: 0.377 Thread 0x00007f151801c000 Exception <a 'java/security/PrivilegedActionException'{0x000000008d8dfa20}> (0x000000008d8dfa20) thrown at [src/hotspot/share/prims/jvm.cpp, line 1304]
Event: 0.378 Thread 0x00007f151801c000 Exception <a 'java/security/PrivilegedActionException'{0x000000008d8e0370}> (0x000000008d8e0370) thrown at [src/hotspot/share/prims/jvm.cpp, line 1304]
Event: 0.378 Thread 0x00007f151801c000 Exception <a 'java/security/PrivilegedActionException'{0x000000008d8e0640}> (0x000000008d8e0640) thrown at [src/hotspot/share/prims/jvm.cpp, line 1304]
Event: 0.378 Thread 0x00007f151801c000 Exception <a 'java/security/PrivilegedActionException'{0x000000008d8e0fc8}> (0x000000008d8e0fc8) thrown at [src/hotspot/share/prims/jvm.cpp, line 1304]
Event: 0.378 Thread 0x00007f151801c000 Exception <a 'java/security/PrivilegedActionException'{0x000000008d8e1298}> (0x000000008d8e1298) thrown at [src/hotspot/share/prims/jvm.cpp, line 1304]
Event: 0.378 Thread 0x00007f151801c000 Exception <a 'java/security/PrivilegedActionException'{0x000000008d8e1c08}> (0x000000008d8e1c08) thrown at [src/hotspot/share/prims/jvm.cpp, line 1304]
Event: 0.378 Thread 0x00007f151801c000 Exception <a 'java/security/PrivilegedActionException'{0x000000008d8e1ed8}> (0x000000008d8e1ed8) thrown at [src/hotspot/share/prims/jvm.cpp, line 1304]
Event: 0.378 Thread 0x00007f151801c000 Exception <a 'java/security/PrivilegedActionException'{0x000000008d8e2848}> (0x000000008d8e2848) thrown at [src/hotspot/share/prims/jvm.cpp, line 1304]
Event: 0.378 Thread 0x00007f151801c000 Exception <a 'java/security/PrivilegedActionException'{0x000000008d8e2b18}> (0x000000008d8e2b18) thrown at [src/hotspot/share/prims/jvm.cpp, line 1304]
Event: 0.378 Thread 0x00007f151801c000 Exception <a 'java/security/PrivilegedActionException'{0x000000008d8e34a0}> (0x000000008d8e34a0) thrown at [src/hotspot/share/prims/jvm.cpp, line 1304]
Event: 0.378 Thread 0x00007f151801c000 Exception <a 'java/security/PrivilegedActionException'{0x000000008d8e3770}> (0x000000008d8e3770) thrown at [src/hotspot/share/prims/jvm.cpp, line 1304]
Event: 0.378 Thread 0x00007f151801c000 Exception <a 'java/security/PrivilegedActionException'{0x000000008d8e40f8}> (0x000000008d8e40f8) thrown at [src/hotspot/share/prims/jvm.cpp, line 1304]
Event: 0.378 Thread 0x00007f151801c000 Exception <a 'java/security/PrivilegedActionException'{0x000000008d8e43c8}> (0x000000008d8e43c8) thrown at [src/hotspot/share/prims/jvm.cpp, line 1304]
Event: 0.378 Thread 0x00007f151801c000 Exception <a 'java/security/PrivilegedActionException'{0x000000008d8e4d50}> (0x000000008d8e4d50) thrown at [src/hotspot/share/prims/jvm.cpp, line 1304]
Event: 0.378 Thread 0x00007f151801c000 Exception <a 'java/security/PrivilegedActionException'{0x000000008d8e5020}> (0x000000008d8e5020) thrown at [src/hotspot/share/prims/jvm.cpp, line 1304]
Event: 0.378 Thread 0x00007f151801c000 Exception <a 'java/security/PrivilegedActionException'{0x000000008d8e5990}> (0x000000008d8e5990) thrown at [src/hotspot/share/prims/jvm.cpp, line 1304]
Event: 0.378 Thread 0x00007f151801c000 Exception <a 'java/security/PrivilegedActionException'{0x000000008d8e5c60}> (0x000000008d8e5c60) thrown at [src/hotspot/share/prims/jvm.cpp, line 1304]
Event: 0.378 Thread 0x00007f151801c000 Exception <a 'java/security/PrivilegedActionException'{0x000000008d8e65e8}> (0x000000008d8e65e8) thrown at [src/hotspot/share/prims/jvm.cpp, line 1304]
Event: 0.379 Thread 0x00007f151801c000 Exception <a 'java/security/PrivilegedActionException'{0x000000008d8e68b8}> (0x000000008d8e68b8) thrown at [src/hotspot/share/prims/jvm.cpp, line 1304]

Events (20 events):
Event: 525.123 Executing VM operation: ChangeSingleStep
Event: 525.123 Executing VM operation: ChangeSingleStep done
Event: 525.123 Executing VM operation: ChangeSingleStep
Event: 525.123 Executing VM operation: ChangeSingleStep done
Event: 525.123 Executing VM operation: GetCurrentLocation
Event: 525.124 Executing VM operation: GetCurrentLocation done
Event: 525.124 Executing VM operation: ChangeSingleStep
Event: 525.124 Executing VM operation: ChangeSingleStep done
Event: 525.124 Executing VM operation: ChangeSingleStep
Event: 525.124 Executing VM operation: ChangeSingleStep done
Event: 525.124 Executing VM operation: GetCurrentLocation
Event: 525.124 Executing VM operation: GetCurrentLocation done
Event: 525.124 Executing VM operation: ChangeSingleStep
Event: 525.125 Executing VM operation: ChangeSingleStep done
Event: 525.125 Executing VM operation: ChangeSingleStep
Event: 525.125 Executing VM operation: ChangeSingleStep done
Event: 525.125 Executing VM operation: GetCurrentLocation
Event: 525.125 Executing VM operation: GetCurrentLocation done
Event: 525.125 Executing VM operation: ChangeSingleStep
Event: 525.125 Executing VM operation: ChangeSingleStep done


Dynamic libraries:
86a00000-8e400000 rw-p 00000000 00:00 0 
8e400000-ffe00000 ---p 00000000 00:00 0 
ffe00000-ffe48000 rw-p 00b14000 08:20 43898                              /usr/lib/jvm/java-11-openjdk-amd64/lib/server/classes.jsa
ffe48000-fff00000 rw-p 00000000 00:00 0 
fff00000-fff6c000 rw-p 00aa8000 08:20 43898                              /usr/lib/jvm/java-11-openjdk-amd64/lib/server/classes.jsa
fff6c000-100000000 rw-p 00000000 00:00 0 
800000000-800002000 rwxp 00001000 08:20 43898                            /usr/lib/jvm/java-11-openjdk-amd64/lib/server/classes.jsa
800002000-800aa7000 rw-p 00003000 08:20 43898                            /usr/lib/jvm/java-11-openjdk-amd64/lib/server/classes.jsa
840000000-8400c0000 rw-p 00000000 00:00 0 
8400c0000-880000000 ---p 00000000 00:00 0 
562428f6a000-562428f6b000 r--p 00000000 08:20 47754                      /usr/lib/jvm/java-11-openjdk-amd64/bin/java
562428f6b000-562428f6c000 r-xp 00001000 08:20 47754                      /usr/lib/jvm/java-11-openjdk-amd64/bin/java
562428f6c000-562428f6d000 r--p 00002000 08:20 47754                      /usr/lib/jvm/java-11-openjdk-amd64/bin/java
562428f6d000-562428f6e000 r--p 00002000 08:20 47754                      /usr/lib/jvm/java-11-openjdk-amd64/bin/java
562428f6e000-562428f6f000 rw-p 00003000 08:20 47754                      /usr/lib/jvm/java-11-openjdk-amd64/bin/java
562429369000-56242938a000 rw-p 00000000 00:00 0                          [heap]
7f148d52c000-7f148de52000 r--p 00000000 08:20 84032                      /home/w/.javacpp/cache/llvm-13.0.1-1.5.7-linux-x86_64.jar/org/bytedeco/llvm/linux-x86_64/libLLVM-13.so
7f148de52000-7f1491815000 r-xp 00926000 08:20 84032                      /home/w/.javacpp/cache/llvm-13.0.1-1.5.7-linux-x86_64.jar/org/bytedeco/llvm/linux-x86_64/libLLVM-13.so
7f1491815000-7f1493a6a000 r--p 042e9000 08:20 84032                      /home/w/.javacpp/cache/llvm-13.0.1-1.5.7-linux-x86_64.jar/org/bytedeco/llvm/linux-x86_64/libLLVM-13.so
7f1493a6a000-7f1493f7f000 r--p 0653d000 08:20 84032                      /home/w/.javacpp/cache/llvm-13.0.1-1.5.7-linux-x86_64.jar/org/bytedeco/llvm/linux-x86_64/libLLVM-13.so
7f1493f7f000-7f1493f8a000 rw-p 06a52000 08:20 84032                      /home/w/.javacpp/cache/llvm-13.0.1-1.5.7-linux-x86_64.jar/org/bytedeco/llvm/linux-x86_64/libLLVM-13.so
7f1493f8a000-7f1494000000 rw-p 00000000 00:00 0 
7f1494000000-7f1494021000 rw-p 00000000 00:00 0 
7f1494021000-7f1498000000 ---p 00000000 00:00 0 
7f149c000000-7f149c021000 rw-p 00000000 00:00 0 
7f149c021000-7f14a0000000 ---p 00000000 00:00 0 
7f14a0000000-7f14a0021000 rw-p 00000000 00:00 0 
7f14a0021000-7f14a4000000 ---p 00000000 00:00 0 
7f14a4000000-7f14a402a000 rw-p 00000000 00:00 0 
7f14a402a000-7f14a8000000 ---p 00000000 00:00 0 
7f14a8000000-7f14a8021000 rw-p 00000000 00:00 0 
7f14a8021000-7f14ac000000 ---p 00000000 00:00 0 
7f14ac000000-7f14ac0d6000 rw-p 00000000 00:00 0 
7f14ac0d6000-7f14b0000000 ---p 00000000 00:00 0 
7f14b0000000-7f14b014d000 rw-p 00000000 00:00 0 
7f14b014d000-7f14b4000000 ---p 00000000 00:00 0 
7f14b4000000-7f14b40b8000 rw-p 00000000 00:00 0 
7f14b40b8000-7f14b8000000 ---p 00000000 00:00 0 
7f14b8000000-7f14b8227000 rw-p 00000000 00:00 0 
7f14b8227000-7f14bc000000 ---p 00000000 00:00 0 
7f14bc000000-7f14bc021000 rw-p 00000000 00:00 0 
7f14bc021000-7f14c0000000 ---p 00000000 00:00 0 
7f14c0000000-7f14c0021000 rw-p 00000000 00:00 0 
7f14c0021000-7f14c4000000 ---p 00000000 00:00 0 
7f14c4000000-7f14c41b6000 rw-p 00000000 00:00 0 
7f14c41b6000-7f14c8000000 ---p 00000000 00:00 0 
7f14c8000000-7f14c811b000 rw-p 00000000 00:00 0 
7f14c811b000-7f14cc000000 ---p 00000000 00:00 0 
7f14cc000000-7f14cc021000 rw-p 00000000 00:00 0 
7f14cc021000-7f14d0000000 ---p 00000000 00:00 0 
7f14d0000000-7f14d0021000 rw-p 00000000 00:00 0 
7f14d0021000-7f14d4000000 ---p 00000000 00:00 0 
7f14d4000000-7f14d4021000 rw-p 00000000 00:00 0 
7f14d4021000-7f14d8000000 ---p 00000000 00:00 0 
7f14d8000000-7f14d8021000 rw-p 00000000 00:00 0 
7f14d8021000-7f14dc000000 ---p 00000000 00:00 0 
7f14dc000000-7f14dc032000 rw-p 00000000 00:00 0 
7f14dc032000-7f14e0000000 ---p 00000000 00:00 0 
7f14e0000000-7f14e0021000 rw-p 00000000 00:00 0 
7f14e0021000-7f14e4000000 ---p 00000000 00:00 0 
7f14e64e8000-7f14e654d000 r--p 00000000 08:20 84037                      /home/w/.javacpp/cache/llvm-13.0.1-1.5.7-linux-x86_64.jar/org/bytedeco/llvm/linux-x86_64/libjniLLVM.so
7f14e654d000-7f14e65bb000 r-xp 00065000 08:20 84037                      /home/w/.javacpp/cache/llvm-13.0.1-1.5.7-linux-x86_64.jar/org/bytedeco/llvm/linux-x86_64/libjniLLVM.so
7f14e65bb000-7f14e65e6000 r--p 000d3000 08:20 84037                      /home/w/.javacpp/cache/llvm-13.0.1-1.5.7-linux-x86_64.jar/org/bytedeco/llvm/linux-x86_64/libjniLLVM.so
7f14e65e6000-7f14e65e9000 r--p 000fd000 08:20 84037                      /home/w/.javacpp/cache/llvm-13.0.1-1.5.7-linux-x86_64.jar/org/bytedeco/llvm/linux-x86_64/libjniLLVM.so
7f14e65e9000-7f14e65ec000 rw-p 00100000 08:20 84037                      /home/w/.javacpp/cache/llvm-13.0.1-1.5.7-linux-x86_64.jar/org/bytedeco/llvm/linux-x86_64/libjniLLVM.so
7f14e65ec000-7f14e65ee000 rw-p 00000000 00:00 0 
7f14e65ee000-7f14e65f2000 ---p 00000000 00:00 0 
7f14e65f2000-7f14e66ef000 rw-p 00000000 00:00 0 
7f14e66ef000-7f14e66f0000 ---p 00000000 00:00 0 
7f14e66f0000-7f14e67f0000 rw-p 00000000 00:00 0 
7f14e67f0000-7f14e67f4000 ---p 00000000 00:00 0 
7f14e67f4000-7f14e68f1000 rw-p 00000000 00:00 0 
7f14e68f1000-7f14e68f5000 ---p 00000000 00:00 0 
7f14e68f5000-7f14e69f2000 rw-p 00000000 00:00 0 
7f14e69f2000-7f14e69f6000 ---p 00000000 00:00 0 
7f14e69f6000-7f14e6af3000 rw-p 00000000 00:00 0 
7f14e6af3000-7f14e6af7000 ---p 00000000 00:00 0 
7f14e6af7000-7f14e6bf4000 rw-p 00000000 00:00 0 
7f14e6bf4000-7f14e6bf8000 ---p 00000000 00:00 0 
7f14e6bf8000-7f14e6cf5000 rw-p 00000000 00:00 0 
7f14e6cf5000-7f14e6cf9000 ---p 00000000 00:00 0 
7f14e6cf9000-7f14e6df6000 rw-p 00000000 00:00 0 
7f14e6df6000-7f14e6dfa000 ---p 00000000 00:00 0 
7f14e6dfa000-7f14e6ef7000 rw-p 00000000 00:00 0 
7f14e6ef7000-7f14e6efb000 ---p 00000000 00:00 0 
7f14e6efb000-7f14e6ff8000 rw-p 00000000 00:00 0 
7f14e6ff8000-7f14e6ffc000 ---p 00000000 00:00 0 
7f14e6ffc000-7f14e70f9000 rw-p 00000000 00:00 0 
7f14e70f9000-7f14e70fd000 ---p 00000000 00:00 0 
7f14e70fd000-7f14e71fa000 rw-p 00000000 00:00 0 
7f14e71fa000-7f14e71fe000 ---p 00000000 00:00 0 
7f14e71fe000-7f14e72fb000 rw-p 00000000 00:00 0 
7f14e72fb000-7f14e72ff000 ---p 00000000 00:00 0 
7f14e72ff000-7f14e73fc000 rw-p 00000000 00:00 0 
7f14e73fc000-7f14e7400000 ---p 00000000 00:00 0 
7f14e7400000-7f14e74fd000 rw-p 00000000 00:00 0 
7f14e74fd000-7f14e7501000 ---p 00000000 00:00 0 
7f14e7501000-7f14e75fe000 rw-p 00000000 00:00 0 
7f14e75fe000-7f14e7602000 ---p 00000000 00:00 0 
7f14e7602000-7f14e76ff000 rw-p 00000000 00:00 0 
7f14e76ff000-7f14e7700000 ---p 00000000 00:00 0 
7f14e7700000-7f14e7dc0000 rw-p 00000000 00:00 0 
7f14e7dc0000-7f14e8000000 ---p 00000000 00:00 0 
7f14e8000000-7f14e8021000 rw-p 00000000 00:00 0 
7f14e8021000-7f14ec000000 ---p 00000000 00:00 0 
7f14ec000000-7f14ec021000 rw-p 00000000 00:00 0 
7f14ec021000-7f14f0000000 ---p 00000000 00:00 0 
7f14f0000000-7f14f0021000 rw-p 00000000 00:00 0 
7f14f0021000-7f14f4000000 ---p 00000000 00:00 0 
7f14f4057000-7f14f40d8000 rw-p 00000000 00:00 0 
7f14f40d8000-7f14f40d9000 ---p 00000000 00:00 0 
7f14f40d9000-7f14f41d9000 rw-p 00000000 00:00 0 
7f14f41d9000-7f14f41da000 ---p 00000000 00:00 0 
7f14f41da000-7f14f6fe7000 rw-p 00000000 00:00 0 
7f14f6fe7000-7f14f6fe8000 ---p 00000000 00:00 0 
7f14f6fe8000-7f14f70e8000 rw-p 00000000 00:00 0 
7f14f70e8000-7f14f70e9000 ---p 00000000 00:00 0 
7f14f70e9000-7f14f73d1000 rw-p 00000000 00:00 0 
7f14f73d1000-7f14f9039000 ---p 00000000 00:00 0 
7f14f9039000-7f14f9229000 rw-p 00000000 00:00 0 
7f14f9229000-7f14fae91000 ---p 00000000 00:00 0 
7f14fae91000-7f14faed6000 rw-p 00000000 00:00 0 
7f14faed6000-7f14fb263000 ---p 00000000 00:00 0 
7f14fb263000-7f14fb2a1000 rw-p 00000000 00:00 0 
7f14fb2a1000-7f14fb62e000 ---p 00000000 00:00 0 
7f14fb62e000-7f14fb66c000 rw-p 00000000 00:00 0 
7f14fb66c000-7f14fb9f9000 ---p 00000000 00:00 0 
7f14fb9f9000-7f14fc000000 rw-p 00000000 00:00 0 
7f14fc000000-7f14fc021000 rw-p 00000000 00:00 0 
7f14fc021000-7f1500000000 ---p 00000000 00:00 0 
7f1500038000-7f1500039000 r--p 00000000 08:20 84035                      /home/w/.javacpp/cache/llvm-13.0.1-1.5.7-linux-x86_64.jar/org/bytedeco/llvm/linux-x86_64/libRemarks.so.13
7f1500039000-7f150003a000 r-xp 00001000 08:20 84035                      /home/w/.javacpp/cache/llvm-13.0.1-1.5.7-linux-x86_64.jar/org/bytedeco/llvm/linux-x86_64/libRemarks.so.13
7f150003a000-7f150003b000 r--p 00002000 08:20 84035                      /home/w/.javacpp/cache/llvm-13.0.1-1.5.7-linux-x86_64.jar/org/bytedeco/llvm/linux-x86_64/libRemarks.so.13
7f150003b000-7f150003c000 r--p 00002000 08:20 84035                      /home/w/.javacpp/cache/llvm-13.0.1-1.5.7-linux-x86_64.jar/org/bytedeco/llvm/linux-x86_64/libRemarks.so.13
7f150003c000-7f150003d000 rw-p 00003000 08:20 84035                      /home/w/.javacpp/cache/llvm-13.0.1-1.5.7-linux-x86_64.jar/org/bytedeco/llvm/linux-x86_64/libRemarks.so.13
7f150003d000-7f1500044000 r--p 00000000 08:20 84033                      /home/w/.javacpp/cache/llvm-13.0.1-1.5.7-linux-x86_64.jar/org/bytedeco/llvm/linux-x86_64/libLTO.so.13
7f1500044000-7f150004c000 r-xp 00007000 08:20 84033                      /home/w/.javacpp/cache/llvm-13.0.1-1.5.7-linux-x86_64.jar/org/bytedeco/llvm/linux-x86_64/libLTO.so.13
7f150004c000-7f150004e000 r--p 0000f000 08:20 84033                      /home/w/.javacpp/cache/llvm-13.0.1-1.5.7-linux-x86_64.jar/org/bytedeco/llvm/linux-x86_64/libLTO.so.13
7f150004e000-7f150004f000 r--p 00010000 08:20 84033                      /home/w/.javacpp/cache/llvm-13.0.1-1.5.7-linux-x86_64.jar/org/bytedeco/llvm/linux-x86_64/libLTO.so.13
7f150004f000-7f1500050000 rw-p 00011000 08:20 84033                      /home/w/.javacpp/cache/llvm-13.0.1-1.5.7-linux-x86_64.jar/org/bytedeco/llvm/linux-x86_64/libLTO.so.13
7f1500050000-7f1500054000 r--p 00000000 08:20 84026                      /home/w/.javacpp/cache/javacpp-1.5.7-linux-x86_64.jar/org/bytedeco/javacpp/linux-x86_64/libjnijavacpp.so
7f1500054000-7f150005b000 r-xp 00004000 08:20 84026                      /home/w/.javacpp/cache/javacpp-1.5.7-linux-x86_64.jar/org/bytedeco/javacpp/linux-x86_64/libjnijavacpp.so
7f150005b000-7f150005f000 r--p 0000b000 08:20 84026                      /home/w/.javacpp/cache/javacpp-1.5.7-linux-x86_64.jar/org/bytedeco/javacpp/linux-x86_64/libjnijavacpp.so
7f150005f000-7f1500060000 r--p 0000e000 08:20 84026                      /home/w/.javacpp/cache/javacpp-1.5.7-linux-x86_64.jar/org/bytedeco/javacpp/linux-x86_64/libjnijavacpp.so
7f1500060000-7f1500061000 rw-p 0000f000 08:20 84026                      /home/w/.javacpp/cache/javacpp-1.5.7-linux-x86_64.jar/org/bytedeco/javacpp/linux-x86_64/libjnijavacpp.so
7f1500061000-7f1500065000 r--p 00000000 08:20 47903                      /usr/lib/jvm/java-11-openjdk-amd64/lib/libnet.so
7f1500065000-7f1500073000 r-xp 00004000 08:20 47903                      /usr/lib/jvm/java-11-openjdk-amd64/lib/libnet.so
7f1500073000-7f1500077000 r--p 00012000 08:20 47903                      /usr/lib/jvm/java-11-openjdk-amd64/lib/libnet.so
7f1500077000-7f1500078000 r--p 00015000 08:20 47903                      /usr/lib/jvm/java-11-openjdk-amd64/lib/libnet.so
7f1500078000-7f1500079000 rw-p 00016000 08:20 47903                      /usr/lib/jvm/java-11-openjdk-amd64/lib/libnet.so
7f1500079000-7f15007db000 rw-p 00000000 00:00 0 
7f15007db000-7f1500abb000 rwxp 00000000 00:00 0 
7f1500abb000-7f1500f1a000 ---p 00000000 00:00 0 
7f1500f1a000-7f150118a000 rwxp 00000000 00:00 0 
7f150118a000-7f150837a000 ---p 00000000 00:00 0 
7f150837a000-7f15085ea000 rwxp 00000000 00:00 0 
7f15085ea000-7f150f7db000 ---p 00000000 00:00 0 
7f150f7db000-7f1518000000 r--s 00000000 08:20 47913                      /usr/lib/jvm/java-11-openjdk-amd64/lib/modules
7f1518000000-7f1518483000 rw-p 00000000 00:00 0 
7f1518483000-7f151c000000 ---p 00000000 00:00 0 
7f151c002000-7f151c009000 r--p 00000000 08:20 47904                      /usr/lib/jvm/java-11-openjdk-amd64/lib/libnio.so
7f151c009000-7f151c011000 r-xp 00007000 08:20 47904                      /usr/lib/jvm/java-11-openjdk-amd64/lib/libnio.so
7f151c011000-7f151c014000 r--p 0000f000 08:20 47904                      /usr/lib/jvm/java-11-openjdk-amd64/lib/libnio.so
7f151c014000-7f151c015000 r--p 00011000 08:20 47904                      /usr/lib/jvm/java-11-openjdk-amd64/lib/libnio.so
7f151c015000-7f151c016000 rw-p 00012000 08:20 47904                      /usr/lib/jvm/java-11-openjdk-amd64/lib/libnio.so
7f151c016000-7f151c018000 r--p 00000000 08:20 47884                      /usr/lib/jvm/java-11-openjdk-amd64/lib/libdt_socket.so
7f151c018000-7f151c01b000 r-xp 00002000 08:20 47884                      /usr/lib/jvm/java-11-openjdk-amd64/lib/libdt_socket.so
7f151c01b000-7f151c01c000 r--p 00005000 08:20 47884                      /usr/lib/jvm/java-11-openjdk-amd64/lib/libdt_socket.so
7f151c01c000-7f151c01d000 ---p 00006000 08:20 47884                      /usr/lib/jvm/java-11-openjdk-amd64/lib/libdt_socket.so
7f151c01d000-7f151c01e000 r--p 00006000 08:20 47884                      /usr/lib/jvm/java-11-openjdk-amd64/lib/libdt_socket.so
7f151c01e000-7f151c01f000 rw-p 00007000 08:20 47884                      /usr/lib/jvm/java-11-openjdk-amd64/lib/libdt_socket.so
7f151c01f000-7f151c0d9000 rw-p 00000000 00:00 0 
7f151c0d9000-7f151c0da000 ---p 00000000 00:00 0 
7f151c0da000-7f151c1df000 rw-p 00000000 00:00 0 
7f151c1df000-7f151c2c3000 ---p 00000000 00:00 0 
7f151c2c3000-7f151c2c8000 rw-p 00000000 00:00 0 
7f151c2c8000-7f151c3ac000 ---p 00000000 00:00 0 
7f151c3ac000-7f151c3b2000 rw-p 00000000 00:00 0 
7f151c3b2000-7f151c3bb000 ---p 00000000 00:00 0 
7f151c3bb000-7f151c3c1000 r--s 000f8000 08:20 55851                      /home/w/.cache/JetBrains/RemoteDev/dist/2b05049c6fa27_ideaIU-232.9921.28/plugins/java/lib/rt/debugger-agent.jar
7f151c3c1000-7f151c3c3000 r--p 00000000 08:20 47912                      /usr/lib/jvm/java-11-openjdk-amd64/lib/libzip.so
7f151c3c3000-7f151c3c8000 r-xp 00002000 08:20 47912                      /usr/lib/jvm/java-11-openjdk-amd64/lib/libzip.so
7f151c3c8000-7f151c3ca000 r--p 00007000 08:20 47912                      /usr/lib/jvm/java-11-openjdk-amd64/lib/libzip.so
7f151c3ca000-7f151c3cb000 r--p 00008000 08:20 47912                      /usr/lib/jvm/java-11-openjdk-amd64/lib/libzip.so
7f151c3cb000-7f151c3cc000 rw-p 00009000 08:20 47912                      /usr/lib/jvm/java-11-openjdk-amd64/lib/libzip.so
7f151c3cc000-7f151c3cf000 r--p 00000000 08:20 41808                      /usr/lib/x86_64-linux-gnu/libnss_files-2.31.so
7f151c3cf000-7f151c3d6000 r-xp 00003000 08:20 41808                      /usr/lib/x86_64-linux-gnu/libnss_files-2.31.so
7f151c3d6000-7f151c3d8000 r--p 0000a000 08:20 41808                      /usr/lib/x86_64-linux-gnu/libnss_files-2.31.so
7f151c3d8000-7f151c3d9000 r--p 0000b000 08:20 41808                      /usr/lib/x86_64-linux-gnu/libnss_files-2.31.so
7f151c3d9000-7f151c3da000 rw-p 0000c000 08:20 41808                      /usr/lib/x86_64-linux-gnu/libnss_files-2.31.so
7f151c3da000-7f151c3e0000 rw-p 00000000 00:00 0 
7f151c3e2000-7f151c3ea000 rw-s 00000000 08:20 84105                      /tmp/hsperfdata_w/260755
7f151c3ea000-7f151c41c000 r--p 00000000 08:20 22158                      /usr/lib/locale/C.UTF-8/LC_CTYPE
7f151c41c000-7f151c41d000 r--p 00000000 08:20 22164                      /usr/lib/locale/C.UTF-8/LC_NUMERIC
7f151c41d000-7f151c41e000 r--p 00000000 08:20 22167                      /usr/lib/locale/C.UTF-8/LC_TIME
7f151c41e000-7f151c591000 r--p 00000000 08:20 22157                      /usr/lib/locale/C.UTF-8/LC_COLLATE
7f151c591000-7f151c592000 r--p 00000000 08:20 22162                      /usr/lib/locale/C.UTF-8/LC_MONETARY
7f151c592000-7f151c593000 r--p 00000000 08:20 22161                      /usr/lib/locale/C.UTF-8/LC_MESSAGES/SYS_LC_MESSAGES
7f151c593000-7f151c594000 r--p 00000000 08:20 22165                      /usr/lib/locale/C.UTF-8/LC_PAPER
7f151c594000-7f151c595000 r--p 00000000 08:20 22163                      /usr/lib/locale/C.UTF-8/LC_NAME
7f151c595000-7f151c596000 r--p 00000000 08:20 22156                      /usr/lib/locale/C.UTF-8/LC_ADDRESS
7f151c596000-7f151c597000 r--p 00000000 08:20 22166                      /usr/lib/locale/C.UTF-8/LC_TELEPHONE
7f151c597000-7f151c59e000 r--s 00000000 08:20 42067                      /usr/lib/x86_64-linux-gnu/gconv/gconv-modules.cache
7f151c59e000-7f151c884000 r--p 00000000 08:20 2680                       /usr/lib/locale/locale-archive
7f151c884000-7f151c886000 r--p 00000000 08:20 47887                      /usr/lib/jvm/java-11-openjdk-amd64/lib/libinstrument.so
7f151c886000-7f151c88d000 r-xp 00002000 08:20 47887                      /usr/lib/jvm/java-11-openjdk-amd64/lib/libinstrument.so
7f151c88d000-7f151c890000 r--p 00009000 08:20 47887                      /usr/lib/jvm/java-11-openjdk-amd64/lib/libinstrument.so
7f151c890000-7f151c891000 r--p 0000b000 08:20 47887                      /usr/lib/jvm/java-11-openjdk-amd64/lib/libinstrument.so
7f151c891000-7f151c892000 rw-p 0000c000 08:20 47887                      /usr/lib/jvm/java-11-openjdk-amd64/lib/libinstrument.so
7f151c892000-7f151c894000 r--p 00000000 08:20 47894                      /usr/lib/jvm/java-11-openjdk-amd64/lib/libjdwp.so
7f151c894000-7f151c8c1000 r-xp 00002000 08:20 47894                      /usr/lib/jvm/java-11-openjdk-amd64/lib/libjdwp.so
7f151c8c1000-7f151c8cf000 r--p 0002f000 08:20 47894                      /usr/lib/jvm/java-11-openjdk-amd64/lib/libjdwp.so
7f151c8cf000-7f151c8d0000 r--p 0003c000 08:20 47894                      /usr/lib/jvm/java-11-openjdk-amd64/lib/libjdwp.so
7f151c8d0000-7f151c8d1000 rw-p 0003d000 08:20 47894                      /usr/lib/jvm/java-11-openjdk-amd64/lib/libjdwp.so
7f151c8d1000-7f151c8d2000 ---p 00000000 00:00 0 
7f151c8d2000-7f151c8d3000 r--p 00000000 00:00 0 
7f151c8d3000-7f151c8e1000 r--p 00000000 08:20 47892                      /usr/lib/jvm/java-11-openjdk-amd64/lib/libjava.so
7f151c8e1000-7f151c8f7000 r-xp 0000e000 08:20 47892                      /usr/lib/jvm/java-11-openjdk-amd64/lib/libjava.so
7f151c8f7000-7f151c8fe000 r--p 00024000 08:20 47892                      /usr/lib/jvm/java-11-openjdk-amd64/lib/libjava.so
7f151c8fe000-7f151c8ff000 r--p 0002a000 08:20 47892                      /usr/lib/jvm/java-11-openjdk-amd64/lib/libjava.so
7f151c8ff000-7f151c900000 rw-p 0002b000 08:20 47892                      /usr/lib/jvm/java-11-openjdk-amd64/lib/libjava.so
7f151c900000-7f151c901000 rw-p 00000000 00:00 0 
7f151c901000-7f151c906000 r--p 00000000 08:20 47911                      /usr/lib/jvm/java-11-openjdk-amd64/lib/libverify.so
7f151c906000-7f151c90d000 r-xp 00005000 08:20 47911                      /usr/lib/jvm/java-11-openjdk-amd64/lib/libverify.so
7f151c90d000-7f151c90f000 r--p 0000c000 08:20 47911                      /usr/lib/jvm/java-11-openjdk-amd64/lib/libverify.so
7f151c90f000-7f151c910000 ---p 0000e000 08:20 47911                      /usr/lib/jvm/java-11-openjdk-amd64/lib/libverify.so
7f151c910000-7f151c912000 r--p 0000e000 08:20 47911                      /usr/lib/jvm/java-11-openjdk-amd64/lib/libverify.so
7f151c912000-7f151c913000 rw-p 00010000 08:20 47911                      /usr/lib/jvm/java-11-openjdk-amd64/lib/libverify.so
7f151c913000-7f151c915000 r--p 00000000 08:20 41815                      /usr/lib/x86_64-linux-gnu/librt-2.31.so
7f151c915000-7f151c919000 r-xp 00002000 08:20 41815                      /usr/lib/x86_64-linux-gnu/librt-2.31.so
7f151c919000-7f151c91b000 r--p 00006000 08:20 41815                      /usr/lib/x86_64-linux-gnu/librt-2.31.so
7f151c91b000-7f151c91c000 r--p 00007000 08:20 41815                      /usr/lib/x86_64-linux-gnu/librt-2.31.so
7f151c91c000-7f151c91d000 rw-p 00008000 08:20 41815                      /usr/lib/x86_64-linux-gnu/librt-2.31.so
7f151c91d000-7f151c921000 ---p 00000000 00:00 0 
7f151c921000-7f151ca1e000 rw-p 00000000 00:00 0 
7f151ca1e000-7f151ca21000 r--p 00000000 08:20 41776                      /usr/lib/x86_64-linux-gnu/libgcc_s.so.1
7f151ca21000-7f151ca33000 r-xp 00003000 08:20 41776                      /usr/lib/x86_64-linux-gnu/libgcc_s.so.1
7f151ca33000-7f151ca37000 r--p 00015000 08:20 41776                      /usr/lib/x86_64-linux-gnu/libgcc_s.so.1
7f151ca37000-7f151ca38000 r--p 00018000 08:20 41776                      /usr/lib/x86_64-linux-gnu/libgcc_s.so.1
7f151ca38000-7f151ca39000 rw-p 00019000 08:20 41776                      /usr/lib/x86_64-linux-gnu/libgcc_s.so.1
7f151ca39000-7f151ca46000 r--p 00000000 08:20 41802                      /usr/lib/x86_64-linux-gnu/libm-2.31.so
7f151ca46000-7f151caed000 r-xp 0000d000 08:20 41802                      /usr/lib/x86_64-linux-gnu/libm-2.31.so
7f151caed000-7f151cb86000 r--p 000b4000 08:20 41802                      /usr/lib/x86_64-linux-gnu/libm-2.31.so
7f151cb86000-7f151cb87000 r--p 0014c000 08:20 41802                      /usr/lib/x86_64-linux-gnu/libm-2.31.so
7f151cb87000-7f151cb88000 rw-p 0014d000 08:20 41802                      /usr/lib/x86_64-linux-gnu/libm-2.31.so
7f151cb88000-7f151cc1e000 r--p 00000000 08:20 40202                      /usr/lib/x86_64-linux-gnu/libstdc++.so.6.0.28
7f151cc1e000-7f151cd0f000 r-xp 00096000 08:20 40202                      /usr/lib/x86_64-linux-gnu/libstdc++.so.6.0.28
7f151cd0f000-7f151cd58000 r--p 00187000 08:20 40202                      /usr/lib/x86_64-linux-gnu/libstdc++.so.6.0.28
7f151cd58000-7f151cd59000 ---p 001d0000 08:20 40202                      /usr/lib/x86_64-linux-gnu/libstdc++.so.6.0.28
7f151cd59000-7f151cd64000 r--p 001d0000 08:20 40202                      /usr/lib/x86_64-linux-gnu/libstdc++.so.6.0.28
7f151cd64000-7f151cd67000 rw-p 001db000 08:20 40202                      /usr/lib/x86_64-linux-gnu/libstdc++.so.6.0.28
7f151cd67000-7f151cd6a000 rw-p 00000000 00:00 0 
7f151cd6a000-7f151cfec000 r--p 00000000 08:20 47918                      /usr/lib/jvm/java-11-openjdk-amd64/lib/server/libjvm.so
7f151cfec000-7f151dc79000 r-xp 00282000 08:20 47918                      /usr/lib/jvm/java-11-openjdk-amd64/lib/server/libjvm.so
7f151dc79000-7f151deda000 r--p 00f0f000 08:20 47918                      /usr/lib/jvm/java-11-openjdk-amd64/lib/server/libjvm.so
7f151deda000-7f151dedb000 ---p 01170000 08:20 47918                      /usr/lib/jvm/java-11-openjdk-amd64/lib/server/libjvm.so
7f151dedb000-7f151df9f000 r--p 01170000 08:20 47918                      /usr/lib/jvm/java-11-openjdk-amd64/lib/server/libjvm.so
7f151df9f000-7f151dfda000 rw-p 01234000 08:20 47918                      /usr/lib/jvm/java-11-openjdk-amd64/lib/server/libjvm.so
7f151dfda000-7f151e033000 rw-p 00000000 00:00 0 
7f151e033000-7f151e055000 r--p 00000000 08:20 41800                      /usr/lib/x86_64-linux-gnu/libc-2.31.so
7f151e055000-7f151e1cd000 r-xp 00022000 08:20 41800                      /usr/lib/x86_64-linux-gnu/libc-2.31.so
7f151e1cd000-7f151e21b000 r--p 0019a000 08:20 41800                      /usr/lib/x86_64-linux-gnu/libc-2.31.so
7f151e21b000-7f151e21f000 r--p 001e7000 08:20 41800                      /usr/lib/x86_64-linux-gnu/libc-2.31.so
7f151e21f000-7f151e221000 rw-p 001eb000 08:20 41800                      /usr/lib/x86_64-linux-gnu/libc-2.31.so
7f151e221000-7f151e225000 rw-p 00000000 00:00 0 
7f151e225000-7f151e226000 r--p 00000000 08:20 41801                      /usr/lib/x86_64-linux-gnu/libdl-2.31.so
7f151e226000-7f151e228000 r-xp 00001000 08:20 41801                      /usr/lib/x86_64-linux-gnu/libdl-2.31.so
7f151e228000-7f151e229000 r--p 00003000 08:20 41801                      /usr/lib/x86_64-linux-gnu/libdl-2.31.so
7f151e229000-7f151e22a000 r--p 00003000 08:20 41801                      /usr/lib/x86_64-linux-gnu/libdl-2.31.so
7f151e22a000-7f151e22b000 rw-p 00004000 08:20 41801                      /usr/lib/x86_64-linux-gnu/libdl-2.31.so
7f151e22b000-7f151e22e000 r--p 00000000 08:20 47877                      /usr/lib/jvm/java-11-openjdk-amd64/lib/jli/libjli.so
7f151e22e000-7f151e238000 r-xp 00003000 08:20 47877                      /usr/lib/jvm/java-11-openjdk-amd64/lib/jli/libjli.so
7f151e238000-7f151e23b000 r--p 0000d000 08:20 47877                      /usr/lib/jvm/java-11-openjdk-amd64/lib/jli/libjli.so
7f151e23b000-7f151e23c000 ---p 00010000 08:20 47877                      /usr/lib/jvm/java-11-openjdk-amd64/lib/jli/libjli.so
7f151e23c000-7f151e23d000 r--p 00010000 08:20 47877                      /usr/lib/jvm/java-11-openjdk-amd64/lib/jli/libjli.so
7f151e23d000-7f151e23e000 rw-p 00011000 08:20 47877                      /usr/lib/jvm/java-11-openjdk-amd64/lib/jli/libjli.so
7f151e23e000-7f151e244000 r--p 00000000 08:20 41813                      /usr/lib/x86_64-linux-gnu/libpthread-2.31.so
7f151e244000-7f151e255000 r-xp 00006000 08:20 41813                      /usr/lib/x86_64-linux-gnu/libpthread-2.31.so
7f151e255000-7f151e25b000 r--p 00017000 08:20 41813                      /usr/lib/x86_64-linux-gnu/libpthread-2.31.so
7f151e25b000-7f151e25c000 r--p 0001c000 08:20 41813                      /usr/lib/x86_64-linux-gnu/libpthread-2.31.so
7f151e25c000-7f151e25d000 rw-p 0001d000 08:20 41813                      /usr/lib/x86_64-linux-gnu/libpthread-2.31.so
7f151e25d000-7f151e261000 rw-p 00000000 00:00 0 
7f151e261000-7f151e263000 r--p 00000000 08:20 13174                      /usr/lib/x86_64-linux-gnu/libz.so.1.2.11
7f151e263000-7f151e274000 r-xp 00002000 08:20 13174                      /usr/lib/x86_64-linux-gnu/libz.so.1.2.11
7f151e274000-7f151e27a000 r--p 00013000 08:20 13174                      /usr/lib/x86_64-linux-gnu/libz.so.1.2.11
7f151e27a000-7f151e27b000 ---p 00019000 08:20 13174                      /usr/lib/x86_64-linux-gnu/libz.so.1.2.11
7f151e27b000-7f151e27c000 r--p 00019000 08:20 13174                      /usr/lib/x86_64-linux-gnu/libz.so.1.2.11
7f151e27c000-7f151e27d000 rw-p 0001a000 08:20 13174                      /usr/lib/x86_64-linux-gnu/libz.so.1.2.11
7f151e27d000-7f151e27e000 r--p 00000000 08:20 22160                      /usr/lib/locale/C.UTF-8/LC_MEASUREMENT
7f151e27e000-7f151e280000 r--p 00000000 08:20 47895                      /usr/lib/jvm/java-11-openjdk-amd64/lib/libjimage.so
7f151e280000-7f151e283000 r-xp 00002000 08:20 47895                      /usr/lib/jvm/java-11-openjdk-amd64/lib/libjimage.so
7f151e283000-7f151e284000 r--p 00005000 08:20 47895                      /usr/lib/jvm/java-11-openjdk-amd64/lib/libjimage.so
7f151e284000-7f151e285000 ---p 00006000 08:20 47895                      /usr/lib/jvm/java-11-openjdk-amd64/lib/libjimage.so
7f151e285000-7f151e286000 r--p 00006000 08:20 47895                      /usr/lib/jvm/java-11-openjdk-amd64/lib/libjimage.so
7f151e286000-7f151e287000 rw-p 00007000 08:20 47895                      /usr/lib/jvm/java-11-openjdk-amd64/lib/libjimage.so
7f151e287000-7f151e289000 rw-p 00000000 00:00 0 
7f151e289000-7f151e28a000 r--p 00000000 08:20 40200                      /usr/lib/x86_64-linux-gnu/ld-2.31.so
7f151e28a000-7f151e2ad000 r-xp 00001000 08:20 40200                      /usr/lib/x86_64-linux-gnu/ld-2.31.so
7f151e2ad000-7f151e2b5000 r--p 00024000 08:20 40200                      /usr/lib/x86_64-linux-gnu/ld-2.31.so
7f151e2b5000-7f151e2b6000 r--p 00000000 08:20 22159                      /usr/lib/locale/C.UTF-8/LC_IDENTIFICATION
7f151e2b6000-7f151e2b7000 r--p 0002c000 08:20 40200                      /usr/lib/x86_64-linux-gnu/ld-2.31.so
7f151e2b7000-7f151e2b8000 rw-p 0002d000 08:20 40200                      /usr/lib/x86_64-linux-gnu/ld-2.31.so
7f151e2b8000-7f151e2b9000 rw-p 00000000 00:00 0 
7ffd542ae000-7ffd542cf000 rw-p 00000000 00:00 0                          [stack]
7ffd54360000-7ffd54364000 r--p 00000000 00:00 0                          [vvar]
7ffd54364000-7ffd54366000 r-xp 00000000 00:00 0                          [vdso]


VM Arguments:
jvm_args: -agentlib:jdwp=transport=dt_socket,address=127.0.0.1:60821,suspend=y,server=n -javaagent:/home/w/.cache/JetBrains/RemoteDev/dist/2b05049c6fa27_ideaIU-232.9921.28/plugins/java/lib/rt/debugger-agent.jar -Dfile.encoding=UTF-8 
java_command: Main
java_class_path (initial): /home/w/.cache/JetBrains/RemoteDev/dist/2b05049c6fa27_ideaIU-232.9921.28/plugins/remote-dev-server/selfcontained/fontconfig/out/production/Lab:/usr/local/lib/antlr-4.9.1-complete.jar:/usr/local/lib/javacpp-1.5.7-linux-x86_64.jar:/usr/local/lib/javacpp-1.5.7.jar:/usr/local/lib/llvm-13.0.1-1.5.7-linux-x86_64.jar:/usr/local/lib/llvm-13.0.1-1.5.7.jar:/usr/local/lib/llvm-platform-13.0.1-1.5.7.jar:/home/w/.cache/JetBrains/RemoteDev/dist/2b05049c6fa27_ideaIU-232.9921.28/lib/idea_rt.jar
Launcher Type: SUN_STANDARD

[Global flags]
     intx CICompilerCount                          = 12                                        {product} {ergonomic}
     uint ConcGCThreads                            = 3                                         {product} {ergonomic}
     uint G1ConcRefinementThreads                  = 13                                        {product} {ergonomic}
   size_t G1HeapRegionSize                         = 1048576                                   {product} {ergonomic}
    uintx GCDrainStackTargetSize                   = 64                                        {product} {ergonomic}
   size_t InitialHeapSize                          = 127926272                                 {product} {ergonomic}
   size_t MarkStackSize                            = 4194304                                   {product} {ergonomic}
   size_t MaxHeapSize                              = 2036334592                                {product} {ergonomic}
   size_t MaxNewSize                               = 1221591040                                {product} {ergonomic}
   size_t MinHeapDeltaBytes                        = 1048576                                   {product} {ergonomic}
    uintx NonNMethodCodeHeapSize                   = 7594288                                {pd product} {ergonomic}
    uintx NonProfiledCodeHeapSize                  = 122031976                              {pd product} {ergonomic}
    uintx ProfiledCodeHeapSize                     = 122031976                              {pd product} {ergonomic}
    uintx ReservedCodeCacheSize                    = 251658240                              {pd product} {ergonomic}
     bool SegmentedCodeCache                       = true                                      {product} {ergonomic}
     bool UseCompressedClassPointers               = true                                 {lp64_product} {ergonomic}
     bool UseCompressedOops                        = true                                 {lp64_product} {ergonomic}
     bool UseG1GC                                  = true                                      {product} {ergonomic}

Logging:
Log output configuration:
 #0: stdout all=warning uptime,level,tags
 #1: stderr all=off uptime,level,tags

Environment Variables:
PATH=/usr/local/sbin:/usr/local/bin:/usr/sbin:/usr/bin:/sbin:/bin:/usr/games:/usr/local/games:/usr/lib/wsl/lib:/mnt/c/Python312/Scripts/:/mnt/c/Python312/:/mnt/c/Program Files (x86)/Common Files/Oracle/Java/javapath:/mnt/c/Windows/system32:/mnt/c/Windows:/mnt/c/Windows/System32/Wbem:/mnt/c/Windows/System32/WindowsPowerShell/v1.0/:/mnt/c/Windows/System32/OpenSSH/:/mnt/d/mingw64/bin:/mnt/d/codes/vx/web/dll:/mnt/d/cod:/mnt/c/ProgramData/chocolatey/bin:/mnt/c/Users/anti/AppData/Local/Google/Chrome/Application:/mnt/e/web/dll:/mnt/d/cod:/mnt/d/Git/cmd:/mnt/c/Users/anti/AppData/Local/Programs/Python/Python310/Scripts/:/mnt/c/Users/anti/AppData/Local/Programs/Python/Python310/:/mnt/c/Users/anti/AppData/Local/Microsoft/WindowsApps:/mnt/d/CLion 2022.2.3/bin:/mnt/d/Microsoft VS Code/bin:/mnt/d/mingw64/bin:/mnt/f/QQGameTempest/Hall.57915/:/mnt/c/Users/anti/AppData/Local/JetBrains/Toolbox/scripts:/mnt/c/Users/anti/AppData/Local/Microsoft/WindowsApps:/mnt/c/Users/anti/AppData/Local/Pandoc/:/mnt/c/Users/anti/AppData/Roaming/npm:/mnt/d/code/appium:/mnt/d/code/android-sdk-windows/platform-tools:/mnt/d/code/android-sdk-windows/tools:/mnt/c/Program Files/Java/jdk1.8.0_301/bin:/mnt/c/Program Files/Java/jdk1.8.0_301/bin:/mnt/d/code/android-sdk-windows/build-tools/29.0.3:/mnt/d/code/appium/node/:/mnt/f/pyCharm/PyCharm 2024.1/bin:/mnt/e/WebStorm 2023.3.4/bin:/snap/bin
SHELL=/bin/bash
DISPLAY=:0
HOSTTYPE=x86_64
LANG=C.UTF-8
TERM=xterm-256color

Signal Handlers:
SIGSEGV: [libjvm.so+0xe9cbc0], sa_mask[0]=11111111011111111101111111111110, sa_flags=SA_RESTART|SA_SIGINFO
SIGBUS: [libjvm.so+0xe9cbc0], sa_mask[0]=11111111011111111101111111111110, sa_flags=SA_RESTART|SA_SIGINFO
SIGFPE: [libjvm.so+0xe9cbc0], sa_mask[0]=11111111011111111101111111111110, sa_flags=SA_RESTART|SA_SIGINFO
SIGPIPE: [libjvm.so+0xbe3c50], sa_mask[0]=11111111011111111101111111111110, sa_flags=SA_RESTART|SA_SIGINFO
SIGXFSZ: [libjvm.so+0xbe3c50], sa_mask[0]=11111111011111111101111111111110, sa_flags=SA_RESTART|SA_SIGINFO
SIGILL: [libjvm.so+0xe9cbc0], sa_mask[0]=11111111011111111101111111111110, sa_flags=SA_RESTART|SA_SIGINFO
SIGUSR2: [libjvm.so+0xbe3af0], sa_mask[0]=00100000000000000000000000000000, sa_flags=SA_RESTART|SA_SIGINFO
SIGHUP: [libjvm.so+0xbe42b0], sa_mask[0]=11111111011111111101111111111110, sa_flags=SA_RESTART|SA_SIGINFO
SIGINT: [libjvm.so+0xbe42b0], sa_mask[0]=11111111011111111101111111111110, sa_flags=SA_RESTART|SA_SIGINFO
SIGTERM: [libjvm.so+0xbe42b0], sa_mask[0]=11111111011111111101111111111110, sa_flags=SA_RESTART|SA_SIGINFO
SIGQUIT: [libjvm.so+0xbe42b0], sa_mask[0]=11111111011111111101111111111110, sa_flags=SA_RESTART|SA_SIGINFO


---------------  S Y S T E M  ---------------

OS:DISTRIB_ID=Ubuntu
DISTRIB_RELEASE=20.04
DISTRIB_CODENAME=focal
DISTRIB_DESCRIPTION="Ubuntu 20.04.6 LTS"
uname:Linux 5.15.153.1-microsoft-standard-WSL2 #1 SMP Fri Mar 29 23:14:13 UTC 2024 x86_64
OS uptime: 0 days 17:12 hours
libc:glibc 2.31 NPTL 2.31 
rlimit (soft/hard): STACK 8192k/infinity , CORE 0k/infinity , NPROC 31039/31039 , NOFILE 1048576/1048576 , AS infinity/infinity , CPU infinity/infinity , DATA infinity/infinity , FSIZE infinity/infinity , MEMLOCK 65536k/65536k
load average:0.28 0.26 0.31

/proc/meminfo:
MemTotal:        7952732 kB
MemFree:         2598056 kB
MemAvailable:    3529220 kB
Buffers:            7400 kB
Cached:          1076716 kB
SwapCached:          688 kB
Active:           253036 kB
Inactive:        4395872 kB
Active(anon):       5084 kB
Inactive(anon):  3563604 kB
Active(file):     247952 kB
Inactive(file):   832268 kB
Unevictable:           0 kB
Mlocked:               0 kB
SwapTotal:       2097152 kB
SwapFree:        2070544 kB
Dirty:               256 kB
Writeback:             0 kB
AnonPages:       3558868 kB
Mapped:           968724 kB
Shmem:              3896 kB
KReclaimable:     133048 kB
Slab:             251232 kB
SReclaimable:     133048 kB
SUnreclaim:       118184 kB
KernelStack:        8192 kB
PageTables:        16100 kB
NFS_Unstable:          0 kB
Bounce:                0 kB
WritebackTmp:          0 kB
CommitLimit:     6073516 kB
Committed_AS:    4058120 kB
VmallocTotal:   34359738367 kB
VmallocUsed:      104820 kB
VmallocChunk:          0 kB
Percpu:            10368 kB
AnonHugePages:   3106816 kB
ShmemHugePages:        0 kB
ShmemPmdMapped:        0 kB
FileHugePages:         0 kB
FilePmdMapped:         0 kB
HugePages_Total:       0
HugePages_Free:        0
HugePages_Rsvd:        0
HugePages_Surp:        0
Hugepagesize:       2048 kB
Hugetlb:               0 kB
DirectMap4k:      166912 kB
DirectMap2M:     6987776 kB
DirectMap1G:     9437184 kB

/sys/kernel/mm/transparent_hugepage/enabled:
[always] madvise never
/sys/kernel/mm/transparent_hugepage/defrag (defrag/compaction efforts parameter):
always defer defer+madvise [madvise] never

Process Memory:
Virtual Size: 5317656K (peak: 13436800K)
Resident Set Size: 103384K (peak: 103384K) (anon: 48048K, file: 55336K, shmem: 0K)
Swapped out: 0K
C-Heap outstanding allocations: 32755K, retained: 8584K
glibc malloc tunables: (default)

/proc/sys/kernel/threads-max (system-wide limit on the number of threads):
62078
/proc/sys/vm/max_map_count (maximum number of memory map areas a process may have):
65530
/proc/sys/kernel/pid_max (system-wide limit on number of process identifiers):
4194304

container (cgroup) information:
container_type: cgroupv1
cpu_cpuset_cpus: 0-15
cpu_memory_nodes: 0
active_processor_count: 16
cpu_quota: no quota
cpu_period: 100000
cpu_shares: no shares
memory_limit_in_bytes: unlimited
memory_and_swap_limit_in_bytes: unlimited
memory_soft_limit_in_bytes: unlimited
memory_usage_in_bytes: 4643784 k
memory_max_usage_in_bytes: 839520 k
kernel_memory_usage_in_bytes: 50392 k
kernel_memory_max_usage_in_bytes: unlimited
kernel_memory_limit_in_bytes: 65672 k
maximum number of tasks: not supported
current number of tasks: not supported

Hyper-V virtualization detected
Steal ticks since vm start: 0
Steal ticks percentage since vm start:  0.000

CPU:total 16 (initial active 16) (8 cores per cpu, 2 threads per core) family 6 model 154 stepping 3 microcode 0xffffffff, cmov, cx8, fxsr, mmx, sse, sse2, sse3, ssse3, sse4.1, sse4.2, popcnt, avx, avx2, aes, clmul, erms, 3dnowpref, lzcnt, ht, tsc, tscinvbit, bmi1, bmi2, adx, sha, fma
CPU Model and flags from /proc/cpuinfo:
model name	: 12th Gen Intel(R) Core(TM) i5-1240P
flags		: fpu vme de pse tsc msr pae mce cx8 apic sep mtrr pge mca cmov pat pse36 clflush mmx fxsr sse sse2 ss ht syscall nx pdpe1gb rdtscp lm constant_tsc rep_good nopl xtopology tsc_reliable nonstop_tsc cpuid pni pclmulqdq ssse3 fma cx16 sse4_1 sse4_2 x2apic movbe popcnt tsc_deadline_timer aes xsave avx f16c rdrand hypervisor lahf_lm abm 3dnowprefetch ssbd ibrs ibpb stibp ibrs_enhanced fsgsbase tsc_adjust bmi1 avx2 smep bmi2 erms invpcid rdseed adx smap clflushopt clwb sha_ni xsaveopt xsavec xgetbv1 xsaves avx_vnni umip waitpkg gfni vaes vpclmulqdq rdpid movdiri movdir64b fsrm md_clear serialize flush_l1d arch_capabilities
Online cpus:
0-15
Offline cpus:

BIOS frequency limitation:
<Not Available>
Frequency switch latency (ns):
<Not Available>
Available cpu frequencies:
<Not Available>
Current governor:
<Not Available>
Core performance/turbo boost:
<Not Available>

Memory: 4k page, physical 7952732k(2598056k free), swap 2097152k(2070544k free)

vm_info: OpenJDK 64-Bit Server VM (11.0.22+7-post-Ubuntu-0ubuntu220.04.1) for linux-amd64 JRE (11.0.22+7-post-Ubuntu-0ubuntu220.04.1), built on Feb  5 2024 20:49:28 by "unknown" with gcc 10.5.0

END.
