#
# A fatal error has been detected by the Java Runtime Environment:
#
#  SIGSEGV (0xb) at pc=0x00007f7c5a119e80, pid=267743, tid=267744
#
# JRE version: OpenJDK Runtime Environment (11.0.22+7) (build 11.0.22+7-post-Ubuntu-0ubuntu220.04.1)
# Java VM: OpenJDK 64-Bit Server VM (11.0.22+7-post-Ubuntu-0ubuntu220.04.1, mixed mode, sharing, tiered, compressed oops, g1 gc, linux-amd64)
# Problematic frame:
# C  [libLLVM-13.so+0xbede80]  llvm::BasicBlock::getModule() const+0x0
#
# No core dump will be written. Core dumps have been disabled. To enable core dumping, try "ulimit -c unlimited" before starting Java again
#
# If you would like to submit a bug report, please visit:
#   https://bugs.launchpad.net/ubuntu/+source/openjdk-lts
# The crash happened outside the Java Virtual Machine in native code.
# See problematic frame for where to report the bug.
#

---------------  S U M M A R Y ------------

Command Line: -agentlib:jdwp=transport=dt_socket,address=127.0.0.1:60743,suspend=y,server=n -javaagent:/home/w/.cache/JetBrains/RemoteDev/dist/2b05049c6fa27_ideaIU-232.9921.28/plugins/java/lib/rt/debugger-agent.jar -Dfile.encoding=UTF-8 Main

Host: 12th Gen Intel(R) Core(TM) i5-1240P, 16 cores, 7G, Ubuntu 20.04.6 LTS
Time: Mon May 13 21:31:58 2024 HKT elapsed time: 5.585495 seconds (0d 0h 0m 5s)

---------------  T H R E A D  ---------------

Current thread (0x00007f7ce001c000):  JavaThread "main" [_thread_in_native, id=267744, stack(0x00007f7ce5e57000,0x00007f7ce5f58000)]

Stack: [0x00007f7ce5e57000,0x00007f7ce5f58000],  sp=0x00007f7ce5f55cf8,  free space=1019k
Native frames: (J=compiled Java code, A=aot compiled Java code, j=interpreted, Vv=VM code, C=native code)
C  [libLLVM-13.so+0xbede80]  llvm::BasicBlock::getModule() const+0x0

Java frames: (J=compiled Java code, j=interpreted, Vv=VM code)
j  org.bytedeco.llvm.global.LLVM.LLVMBuildLoad(Lorg/bytedeco/llvm/LLVM/LLVMBuilderRef;Lorg/bytedeco/llvm/LLVM/LLVMValueRef;Ljava/lang/String;)Lorg/bytedeco/llvm/LLVM/LLVMValueRef;+0
j  LLVMIRVisitor.visitLValExp(LSysYParser$LValExpContext;)Lorg/bytedeco/llvm/LLVM/LLVMValueRef;+21
j  LLVMIRVisitor.visitLValExp(LSysYParser$LValExpContext;)Ljava/lang/Object;+2
j  SysYParser$LValExpContext.accept(Lorg/antlr/v4/runtime/tree/ParseTreeVisitor;)Ljava/lang/Object;+12
j  org.antlr.v4.runtime.tree.AbstractParseTreeVisitor.visitChildren(Lorg/antlr/v4/runtime/tree/RuleNode;)Ljava/lang/Object;+46
j  SysYParserBaseVisitor.visitInitVal(LSysYParser$InitValContext;)Ljava/lang/Object;+2
j  SysYParser$InitValContext.accept(Lorg/antlr/v4/runtime/tree/ParseTreeVisitor;)Ljava/lang/Object;+12
j  org.antlr.v4.runtime.tree.AbstractParseTreeVisitor.visit(Lorg/antlr/v4/runtime/tree/ParseTree;)Ljava/lang/Object;+2
j  LLVMIRVisitor.visitVarDef(LSysYParser$VarDefContext;)Lorg/bytedeco/llvm/LLVM/LLVMValueRef;+39
j  LLVMIRVisitor.visitVarDef(LSysYParser$VarDefContext;)Ljava/lang/Object;+2
j  SysYParser$VarDefContext.accept(Lorg/antlr/v4/runtime/tree/ParseTreeVisitor;)Ljava/lang/Object;+12
j  org.antlr.v4.runtime.tree.AbstractParseTreeVisitor.visitChildren(Lorg/antlr/v4/runtime/tree/RuleNode;)Ljava/lang/Object;+46
j  SysYParserBaseVisitor.visitVarDecl(LSysYParser$VarDeclContext;)Ljava/lang/Object;+2
j  SysYParser$VarDeclContext.accept(Lorg/antlr/v4/runtime/tree/ParseTreeVisitor;)Ljava/lang/Object;+12
j  org.antlr.v4.runtime.tree.AbstractParseTreeVisitor.visitChildren(Lorg/antlr/v4/runtime/tree/RuleNode;)Ljava/lang/Object;+46
j  SysYParserBaseVisitor.visitDecl(LSysYParser$DeclContext;)Ljava/lang/Object;+2
j  SysYParser$DeclContext.accept(Lorg/antlr/v4/runtime/tree/ParseTreeVisitor;)Ljava/lang/Object;+12
j  org.antlr.v4.runtime.tree.AbstractParseTreeVisitor.visitChildren(Lorg/antlr/v4/runtime/tree/RuleNode;)Ljava/lang/Object;+46
j  SysYParserBaseVisitor.visitCompUnit(LSysYParser$CompUnitContext;)Ljava/lang/Object;+2
j  SysYParser$CompUnitContext.accept(Lorg/antlr/v4/runtime/tree/ParseTreeVisitor;)Ljava/lang/Object;+12
j  org.antlr.v4.runtime.tree.AbstractParseTreeVisitor.visitChildren(Lorg/antlr/v4/runtime/tree/RuleNode;)Ljava/lang/Object;+46
j  SysYParserBaseVisitor.visitProgram(LSysYParser$ProgramContext;)Ljava/lang/Object;+2
j  LLVMIRVisitor.visitProgram(LSysYParser$ProgramContext;)Lorg/bytedeco/llvm/LLVM/LLVMValueRef;+14
j  LLVMIRVisitor.visitProgram(LSysYParser$ProgramContext;)Ljava/lang/Object;+2
j  SysYParser$ProgramContext.accept(Lorg/antlr/v4/runtime/tree/ParseTreeVisitor;)Ljava/lang/Object;+12
j  org.antlr.v4.runtime.tree.AbstractParseTreeVisitor.visit(Lorg/antlr/v4/runtime/tree/ParseTree;)Ljava/lang/Object;+2
j  Main.main([Ljava/lang/String;)V+62
v  ~StubRoutines::call_stub

siginfo: si_signo: 11 (SIGSEGV), si_code: 1 (SEGV_MAPERR), si_addr: 0x0000000000000038

Register to memory mapping:

RAX=0x00007f7ce0481230 points into unknown readable memory: 0x00007f7ce047aec0 | c0 ae 47 e0 7c 7f 00 00
RBX=0x00007f7ce04686d0 points into unknown readable memory: 0x00007f7ce0481230 | 30 12 48 e0 7c 7f 00 00
RCX=0x0000000000000067 is an unknown value
RDX=0x00007f7ce0468900 points into unknown readable memory: 0x0000000000000067 | 67 00 00 00 00 00 00 00
RSP=0x00007f7ce5f55cf8 is pointing into the stack for thread: 0x00007f7ce001c000
RBP=0x00007f7ce0457c40 points into unknown readable memory: 0x00007f7ce0457c50 | 50 7c 45 e0 7c 7f 00 00
RSI=0x0000000000000101 is an unknown value
RDI=0x0 is NULL
R8 =0x000000008d4239f8 points into unknown readable memory: 0x0000000000000067 | 67 00 00 00 00 00 00 00
R9 =0x00007f7ce001c000 is a thread
R10=0xfffffffffffff55a is an unknown value
R11=0x00007f7c5a158870: LLVMBuildLoad+0x0000000000000000 in /home/w/.javacpp/cache/llvm-13.0.1-1.5.7-linux-x86_64.jar/org/bytedeco/llvm/linux-x86_64/libLLVM-13.so at 0x00007f7c5952c000
R12=0x00007f7ce5f55e50 is pointing into the stack for thread: 0x00007f7ce001c000
R13=0x00007f7ce04686d0 points into unknown readable memory: 0x00007f7ce0481230 | 30 12 48 e0 7c 7f 00 00
R14=0x00007f7ce047b648 points into unknown readable memory: 0x00007f7ce047aec0 | c0 ae 47 e0 7c 7f 00 00
R15=0x00007f7ce001c000 is a thread


Registers:
RAX=0x00007f7ce0481230, RBX=0x00007f7ce04686d0, RCX=0x0000000000000067, RDX=0x00007f7ce0468900
RSP=0x00007f7ce5f55cf8, RBP=0x00007f7ce0457c40, RSI=0x0000000000000101, RDI=0x0000000000000000
R8 =0x000000008d4239f8, R9 =0x00007f7ce001c000, R10=0xfffffffffffff55a, R11=0x00007f7c5a158870
R12=0x00007f7ce5f55e50, R13=0x00007f7ce04686d0, R14=0x00007f7ce047b648, R15=0x00007f7ce001c000
RIP=0x00007f7c5a119e80, EFLAGS=0x0000000000010202, CSGSFS=0x002b000000000033, ERR=0x0000000000000004
  TRAPNO=0x000000000000000e

Top of Stack: (sp=0x00007f7ce5f55cf8)
0x00007f7ce5f55cf8:   00007f7c5a1588aa 00007f7ce0468900
0x00007f7ce5f55d08:   0000000000000000 00007f7ce001c000
0x00007f7ce5f55d18:   00007f7ce01a1520 0000000000000103
0x00007f7ce5f55d28:   0000000000000001 00007f7ce0468900 

Instructions: (pc=0x00007f7c5a119e80)
0x00007f7c5a119d80:   ff 66 0f ef c0 48 89 02 48 89 50 08 41 0f 11 45
0x00007f7c5a119d90:   00 e8 5a 4b 17 00 4c 39 f3 75 c5 4d 8b 6c 24 30
0x00007f7c5a119da0:   4c 39 ed 74 3b 0f 1f 00 4c 89 eb 48 89 ef 4d 8b
0x00007f7c5a119db0:   6d 08 4c 8d 73 e8 4c 89 f6 e8 42 fd ff ff 48 8b
0x00007f7c5a119dc0:   03 48 8b 53 08 66 0f ef c9 4c 89 f7 48 89 02 48
0x00007f7c5a119dd0:   89 50 08 0f 11 0b e8 15 4b 17 00 4c 39 ed 75 c8
0x00007f7c5a119de0:   48 83 c4 08 4c 89 e7 5b 5d 41 5c 41 5d 41 5e 41
0x00007f7c5a119df0:   5f e9 fa 48 17 00 66 2e 0f 1f 84 00 00 00 00 00
0x00007f7c5a119e00:   48 8d 4b e8 48 89 c8 48 29 d0 e9 11 ff ff ff 90
0x00007f7c5a119e10:   48 8b 07 48 8b 38 e8 45 13 16 00 31 d2 be 01 00
0x00007f7c5a119e20:   00 00 48 89 c7 e8 b6 2a 02 00 48 89 c3 49 8b 44
0x00007f7c5a119e30:   24 08 48 85 c0 0f 84 a2 fe ff ff 0f 1f 44 00 00
0x00007f7c5a119e40:   48 8b 68 18 31 d2 48 89 df 48 8b 75 00 e8 ae bc
0x00007f7c5a119e50:   02 00 48 89 ef 48 89 c6 e8 63 65 17 00 48 89 ef
0x00007f7c5a119e60:   e8 4b 81 02 00 49 8b 44 24 08 48 85 c0 75 d1 e9
0x00007f7c5a119e70:   69 fe ff ff 66 2e 0f 1f 84 00 00 00 00 00 66 90
0x00007f7c5a119e80:   48 8b 47 38 48 8b 40 28 c3 0f 1f 80 00 00 00 00
0x00007f7c5a119e90:   48 8b 47 28 48 83 c7 28 48 39 f8 74 2b 48 85 c0
0x00007f7c5a119ea0:   0f 84 9e 9d d3 ff 4c 8d 40 e8 0f b6 40 f8 83 e8
0x00007f7c5a119eb0:   1b 83 f8 0b b8 00 00 00 00 4c 0f 43 c0 4c 89 c0
0x00007f7c5a119ec0:   c3 0f 1f 80 00 00 00 00 45 31 c0 eb f0 0f 1f 00
0x00007f7c5a119ed0:   48 8b 47 28 48 8d 57 28 48 39 d0 0f 84 af 00 00
0x00007f7c5a119ee0:   00 48 85 c0 0f 84 64 9d d3 ff 45 31 c0 80 78 f8
0x00007f7c5a119ef0:   1b 75 23 48 8b 57 30 48 8d 48 e8 48 85 d2 74 09
0x00007f7c5a119f00:   48 83 ea 18 48 39 d1 74 0d 48 8b 50 10 45 31 c0
0x00007f7c5a119f10:   48 39 42 30 75 0a 4c 89 c0 c3 66 0f 1f 44 00 00
0x00007f7c5a119f20:   4c 8b 00 4d 85 c0 74 ee 8b 50 fc 49 8d 48 e8 81
0x00007f7c5a119f30:   e2 ff ff ff 07 74 3e 89 d2 48 f7 da 48 c1 e2 05
0x00007f7c5a119f40:   48 8b 44 10 e8 48 85 c0 74 2b 48 39 c1 75 41 41
0x00007f7c5a119f50:   80 78 f8 4b 75 1f 49 8b 40 10 4c 39 40 30 74 30
0x00007f7c5a119f60:   49 8b 48 c8 4d 8b 00 4d 85 c0 74 aa 49 83 e8 18
0x00007f7c5a119f70:   4c 39 c1 75 1b 45 31 c0 80 79 10 52 75 98 0f b7 


Stack slot to memory mapping:
stack at sp + 0 slots: 0x00007f7c5a1588aa: LLVMBuildLoad+0x000000000000003a in /home/w/.javacpp/cache/llvm-13.0.1-1.5.7-linux-x86_64.jar/org/bytedeco/llvm/linux-x86_64/libLLVM-13.so at 0x00007f7c5952c000
stack at sp + 1 slots: 0x00007f7ce0468900 points into unknown readable memory: 0x0000000000000067 | 67 00 00 00 00 00 00 00
stack at sp + 2 slots: 0x0 is NULL
stack at sp + 3 slots: 0x00007f7ce001c000 is a thread
stack at sp + 4 slots: 0x00007f7ce01a1520 points into unknown readable memory: 0x000000008d4239e8 | e8 39 42 8d 00 00 00 00
stack at sp + 5 slots: 0x0000000000000103 is an unknown value
stack at sp + 6 slots: 0x0000000000000001 is an unknown value
stack at sp + 7 slots: 0x00007f7ce0468900 points into unknown readable memory: 0x0000000000000067 | 67 00 00 00 00 00 00 00


---------------  P R O C E S S  ---------------

Threads class SMR info:
_java_thread_list=0x00007f7c840db5a0, length=14, elements={
0x00007f7ce001c000, 0x00007f7ce01a3000, 0x00007f7ce01a5000, 0x00007f7ce01a9800,
0x00007f7ce01ab800, 0x00007f7ce01ad800, 0x00007f7ce01b7800, 0x00007f7ce01b9800,
0x00007f7ce01df000, 0x00007f7c9406e000, 0x00007f7ce0231000, 0x00007f7ce0235800,
0x00007f7c70001800, 0x00007f7ce0390000
}

Java Threads: ( => current thread )
=>0x00007f7ce001c000 JavaThread "main" [_thread_in_native, id=267744, stack(0x00007f7ce5e57000,0x00007f7ce5f58000)]
  0x00007f7ce01a3000 JavaThread "Reference Handler" daemon [_thread_blocked, id=267759, stack(0x00007f7cb8b73000,0x00007f7cb8c74000)]
  0x00007f7ce01a5000 JavaThread "Finalizer" daemon [_thread_blocked, id=267760, stack(0x00007f7cb8a72000,0x00007f7cb8b73000)]
  0x00007f7ce01a9800 JavaThread "Signal Dispatcher" daemon [_thread_blocked, id=267762, stack(0x00007f7cb8971000,0x00007f7cb8a72000)]
  0x00007f7ce01ab800 JavaThread "Service Thread" daemon [_thread_blocked, id=267763, stack(0x00007f7cb8870000,0x00007f7cb8971000)]
  0x00007f7ce01ad800 JavaThread "C2 CompilerThread0" daemon [_thread_blocked, id=267764, stack(0x00007f7cb876f000,0x00007f7cb8870000)]
  0x00007f7ce01b7800 JavaThread "C1 CompilerThread0" daemon [_thread_blocked, id=267765, stack(0x00007f7cb866e000,0x00007f7cb876f000)]
  0x00007f7ce01b9800 JavaThread "Sweeper thread" daemon [_thread_blocked, id=267766, stack(0x00007f7cb856d000,0x00007f7cb866e000)]
  0x00007f7ce01df000 JavaThread "Common-Cleaner" daemon [_thread_blocked, id=267770, stack(0x00007f7cb846c000,0x00007f7cb856d000)]
  0x00007f7c9406e000 JavaThread "C1 CompilerThread1" daemon [_thread_blocked, id=267771, stack(0x00007f7cb836b000,0x00007f7cb846c000)]
  0x00007f7ce0231000 JavaThread "JDWP Transport Listener: dt_socket" daemon [_thread_blocked, id=267777, stack(0x00007f7c77eff000,0x00007f7c78000000)]
  0x00007f7ce0235800 JavaThread "JDWP Event Helper Thread" daemon [_thread_blocked, id=267779, stack(0x00007f7c77dfe000,0x00007f7c77eff000)]
  0x00007f7c70001800 JavaThread "JDWP Command Reader" daemon [_thread_in_native, id=267781, stack(0x00007f7c77cfd000,0x00007f7c77dfe000)]
  0x00007f7ce0390000 JavaThread "JavaCPP Deallocator" daemon [_thread_blocked, id=267785, stack(0x00007f7c77afb000,0x00007f7c77bfc000)]

Other Threads:
  0x00007f7ce01a0000 VMThread "VM Thread" [stack: 0x00007f7cb8c75000,0x00007f7cb8d75000] [id=267758]
  0x00007f7ce0247000 WatcherThread [stack: 0x00007f7c77bfd000,0x00007f7c77cfd000] [id=267783]
  0x00007f7ce0035800 GCTaskThread "GC Thread#0" [stack: 0x00007f7ce5614000,0x00007f7ce5714000] [id=267748]
  0x00007f7ce0066800 ConcurrentGCThread "G1 Main Marker" [stack: 0x00007f7cc8310000,0x00007f7cc8410000] [id=267749]
  0x00007f7ce0068800 ConcurrentGCThread "G1 Conc#0" [stack: 0x00007f7cc820f000,0x00007f7cc830f000] [id=267750]
  0x00007f7ce0104800 ConcurrentGCThread "G1 Refine#0" [stack: 0x00007f7cb96f8000,0x00007f7cb97f8000] [id=267751]
  0x00007f7ce0106800 ConcurrentGCThread "G1 Young RemSet Sampling" [stack: 0x00007f7cb95f7000,0x00007f7cb96f7000] [id=267752]

Threads with active compile tasks:

VM state:not at safepoint (normal execution)

VM Mutex/Monitor currently owned by a thread: None

Heap address: 0x0000000086a00000, size: 1942 MB, Compressed Oops mode: 32-bit
Narrow klass base: 0x0000000800000000, Narrow klass shift: 3
Compressed class space size: 1073741824 Address: 0x0000000840000000

Heap:
 garbage-first heap   total 126976K, used 15056K [0x0000000086a00000, 0x0000000100000000)
  region size 1024K, 16 young (16384K), 0 survivors (0K)
 Metaspace       used 3768K, capacity 6519K, committed 6656K, reserved 1056768K
  class space    used 405K, capacity 681K, committed 768K, reserved 1048576K
Heap Regions: E=young(eden), S=young(survivor), O=old, HS=humongous(starts), HC=humongous(continues), CS=collection set, F=free, A=archive, TAMS=top-at-mark-start (previous, next)
|   0|0x0000000086a00000, 0x0000000086a00000, 0x0000000086b00000|  0%| F|  |TAMS 0x0000000086a00000, 0x0000000086a00000| Untracked 
|   1|0x0000000086b00000, 0x0000000086b00000, 0x0000000086c00000|  0%| F|  |TAMS 0x0000000086b00000, 0x0000000086b00000| Untracked 
|   2|0x0000000086c00000, 0x0000000086c00000, 0x0000000086d00000|  0%| F|  |TAMS 0x0000000086c00000, 0x0000000086c00000| Untracked 
|   3|0x0000000086d00000, 0x0000000086d00000, 0x0000000086e00000|  0%| F|  |TAMS 0x0000000086d00000, 0x0000000086d00000| Untracked 
|   4|0x0000000086e00000, 0x0000000086e00000, 0x0000000086f00000|  0%| F|  |TAMS 0x0000000086e00000, 0x0000000086e00000| Untracked 
|   5|0x0000000086f00000, 0x0000000086f00000, 0x0000000087000000|  0%| F|  |TAMS 0x0000000086f00000, 0x0000000086f00000| Untracked 
|   6|0x0000000087000000, 0x0000000087000000, 0x0000000087100000|  0%| F|  |TAMS 0x0000000087000000, 0x0000000087000000| Untracked 
|   7|0x0000000087100000, 0x0000000087100000, 0x0000000087200000|  0%| F|  |TAMS 0x0000000087100000, 0x0000000087100000| Untracked 
|   8|0x0000000087200000, 0x0000000087200000, 0x0000000087300000|  0%| F|  |TAMS 0x0000000087200000, 0x0000000087200000| Untracked 
|   9|0x0000000087300000, 0x0000000087300000, 0x0000000087400000|  0%| F|  |TAMS 0x0000000087300000, 0x0000000087300000| Untracked 
|  10|0x0000000087400000, 0x0000000087400000, 0x0000000087500000|  0%| F|  |TAMS 0x0000000087400000, 0x0000000087400000| Untracked 
|  11|0x0000000087500000, 0x0000000087500000, 0x0000000087600000|  0%| F|  |TAMS 0x0000000087500000, 0x0000000087500000| Untracked 
|  12|0x0000000087600000, 0x0000000087600000, 0x0000000087700000|  0%| F|  |TAMS 0x0000000087600000, 0x0000000087600000| Untracked 
|  13|0x0000000087700000, 0x0000000087700000, 0x0000000087800000|  0%| F|  |TAMS 0x0000000087700000, 0x0000000087700000| Untracked 
|  14|0x0000000087800000, 0x0000000087800000, 0x0000000087900000|  0%| F|  |TAMS 0x0000000087800000, 0x0000000087800000| Untracked 
|  15|0x0000000087900000, 0x0000000087900000, 0x0000000087a00000|  0%| F|  |TAMS 0x0000000087900000, 0x0000000087900000| Untracked 
|  16|0x0000000087a00000, 0x0000000087a00000, 0x0000000087b00000|  0%| F|  |TAMS 0x0000000087a00000, 0x0000000087a00000| Untracked 
|  17|0x0000000087b00000, 0x0000000087b00000, 0x0000000087c00000|  0%| F|  |TAMS 0x0000000087b00000, 0x0000000087b00000| Untracked 
|  18|0x0000000087c00000, 0x0000000087c00000, 0x0000000087d00000|  0%| F|  |TAMS 0x0000000087c00000, 0x0000000087c00000| Untracked 
|  19|0x0000000087d00000, 0x0000000087d00000, 0x0000000087e00000|  0%| F|  |TAMS 0x0000000087d00000, 0x0000000087d00000| Untracked 
|  20|0x0000000087e00000, 0x0000000087e00000, 0x0000000087f00000|  0%| F|  |TAMS 0x0000000087e00000, 0x0000000087e00000| Untracked 
|  21|0x0000000087f00000, 0x0000000087f00000, 0x0000000088000000|  0%| F|  |TAMS 0x0000000087f00000, 0x0000000087f00000| Untracked 
|  22|0x0000000088000000, 0x0000000088000000, 0x0000000088100000|  0%| F|  |TAMS 0x0000000088000000, 0x0000000088000000| Untracked 
|  23|0x0000000088100000, 0x0000000088100000, 0x0000000088200000|  0%| F|  |TAMS 0x0000000088100000, 0x0000000088100000| Untracked 
|  24|0x0000000088200000, 0x0000000088200000, 0x0000000088300000|  0%| F|  |TAMS 0x0000000088200000, 0x0000000088200000| Untracked 
|  25|0x0000000088300000, 0x0000000088300000, 0x0000000088400000|  0%| F|  |TAMS 0x0000000088300000, 0x0000000088300000| Untracked 
|  26|0x0000000088400000, 0x0000000088400000, 0x0000000088500000|  0%| F|  |TAMS 0x0000000088400000, 0x0000000088400000| Untracked 
|  27|0x0000000088500000, 0x0000000088500000, 0x0000000088600000|  0%| F|  |TAMS 0x0000000088500000, 0x0000000088500000| Untracked 
|  28|0x0000000088600000, 0x0000000088600000, 0x0000000088700000|  0%| F|  |TAMS 0x0000000088600000, 0x0000000088600000| Untracked 
|  29|0x0000000088700000, 0x0000000088700000, 0x0000000088800000|  0%| F|  |TAMS 0x0000000088700000, 0x0000000088700000| Untracked 
|  30|0x0000000088800000, 0x0000000088800000, 0x0000000088900000|  0%| F|  |TAMS 0x0000000088800000, 0x0000000088800000| Untracked 
|  31|0x0000000088900000, 0x0000000088900000, 0x0000000088a00000|  0%| F|  |TAMS 0x0000000088900000, 0x0000000088900000| Untracked 
|  32|0x0000000088a00000, 0x0000000088a00000, 0x0000000088b00000|  0%| F|  |TAMS 0x0000000088a00000, 0x0000000088a00000| Untracked 
|  33|0x0000000088b00000, 0x0000000088b00000, 0x0000000088c00000|  0%| F|  |TAMS 0x0000000088b00000, 0x0000000088b00000| Untracked 
|  34|0x0000000088c00000, 0x0000000088c00000, 0x0000000088d00000|  0%| F|  |TAMS 0x0000000088c00000, 0x0000000088c00000| Untracked 
|  35|0x0000000088d00000, 0x0000000088d00000, 0x0000000088e00000|  0%| F|  |TAMS 0x0000000088d00000, 0x0000000088d00000| Untracked 
|  36|0x0000000088e00000, 0x0000000088e00000, 0x0000000088f00000|  0%| F|  |TAMS 0x0000000088e00000, 0x0000000088e00000| Untracked 
|  37|0x0000000088f00000, 0x0000000088f00000, 0x0000000089000000|  0%| F|  |TAMS 0x0000000088f00000, 0x0000000088f00000| Untracked 
|  38|0x0000000089000000, 0x0000000089000000, 0x0000000089100000|  0%| F|  |TAMS 0x0000000089000000, 0x0000000089000000| Untracked 
|  39|0x0000000089100000, 0x0000000089100000, 0x0000000089200000|  0%| F|  |TAMS 0x0000000089100000, 0x0000000089100000| Untracked 
|  40|0x0000000089200000, 0x0000000089200000, 0x0000000089300000|  0%| F|  |TAMS 0x0000000089200000, 0x0000000089200000| Untracked 
|  41|0x0000000089300000, 0x0000000089300000, 0x0000000089400000|  0%| F|  |TAMS 0x0000000089300000, 0x0000000089300000| Untracked 
|  42|0x0000000089400000, 0x0000000089400000, 0x0000000089500000|  0%| F|  |TAMS 0x0000000089400000, 0x0000000089400000| Untracked 
|  43|0x0000000089500000, 0x0000000089500000, 0x0000000089600000|  0%| F|  |TAMS 0x0000000089500000, 0x0000000089500000| Untracked 
|  44|0x0000000089600000, 0x0000000089600000, 0x0000000089700000|  0%| F|  |TAMS 0x0000000089600000, 0x0000000089600000| Untracked 
|  45|0x0000000089700000, 0x0000000089700000, 0x0000000089800000|  0%| F|  |TAMS 0x0000000089700000, 0x0000000089700000| Untracked 
|  46|0x0000000089800000, 0x0000000089800000, 0x0000000089900000|  0%| F|  |TAMS 0x0000000089800000, 0x0000000089800000| Untracked 
|  47|0x0000000089900000, 0x0000000089900000, 0x0000000089a00000|  0%| F|  |TAMS 0x0000000089900000, 0x0000000089900000| Untracked 
|  48|0x0000000089a00000, 0x0000000089a00000, 0x0000000089b00000|  0%| F|  |TAMS 0x0000000089a00000, 0x0000000089a00000| Untracked 
|  49|0x0000000089b00000, 0x0000000089b00000, 0x0000000089c00000|  0%| F|  |TAMS 0x0000000089b00000, 0x0000000089b00000| Untracked 
|  50|0x0000000089c00000, 0x0000000089c00000, 0x0000000089d00000|  0%| F|  |TAMS 0x0000000089c00000, 0x0000000089c00000| Untracked 
|  51|0x0000000089d00000, 0x0000000089d00000, 0x0000000089e00000|  0%| F|  |TAMS 0x0000000089d00000, 0x0000000089d00000| Untracked 
|  52|0x0000000089e00000, 0x0000000089e00000, 0x0000000089f00000|  0%| F|  |TAMS 0x0000000089e00000, 0x0000000089e00000| Untracked 
|  53|0x0000000089f00000, 0x0000000089f00000, 0x000000008a000000|  0%| F|  |TAMS 0x0000000089f00000, 0x0000000089f00000| Untracked 
|  54|0x000000008a000000, 0x000000008a000000, 0x000000008a100000|  0%| F|  |TAMS 0x000000008a000000, 0x000000008a000000| Untracked 
|  55|0x000000008a100000, 0x000000008a100000, 0x000000008a200000|  0%| F|  |TAMS 0x000000008a100000, 0x000000008a100000| Untracked 
|  56|0x000000008a200000, 0x000000008a200000, 0x000000008a300000|  0%| F|  |TAMS 0x000000008a200000, 0x000000008a200000| Untracked 
|  57|0x000000008a300000, 0x000000008a300000, 0x000000008a400000|  0%| F|  |TAMS 0x000000008a300000, 0x000000008a300000| Untracked 
|  58|0x000000008a400000, 0x000000008a400000, 0x000000008a500000|  0%| F|  |TAMS 0x000000008a400000, 0x000000008a400000| Untracked 
|  59|0x000000008a500000, 0x000000008a500000, 0x000000008a600000|  0%| F|  |TAMS 0x000000008a500000, 0x000000008a500000| Untracked 
|  60|0x000000008a600000, 0x000000008a600000, 0x000000008a700000|  0%| F|  |TAMS 0x000000008a600000, 0x000000008a600000| Untracked 
|  61|0x000000008a700000, 0x000000008a700000, 0x000000008a800000|  0%| F|  |TAMS 0x000000008a700000, 0x000000008a700000| Untracked 
|  62|0x000000008a800000, 0x000000008a800000, 0x000000008a900000|  0%| F|  |TAMS 0x000000008a800000, 0x000000008a800000| Untracked 
|  63|0x000000008a900000, 0x000000008a900000, 0x000000008aa00000|  0%| F|  |TAMS 0x000000008a900000, 0x000000008a900000| Untracked 
|  64|0x000000008aa00000, 0x000000008aa00000, 0x000000008ab00000|  0%| F|  |TAMS 0x000000008aa00000, 0x000000008aa00000| Untracked 
|  65|0x000000008ab00000, 0x000000008ab00000, 0x000000008ac00000|  0%| F|  |TAMS 0x000000008ab00000, 0x000000008ab00000| Untracked 
|  66|0x000000008ac00000, 0x000000008ac00000, 0x000000008ad00000|  0%| F|  |TAMS 0x000000008ac00000, 0x000000008ac00000| Untracked 
|  67|0x000000008ad00000, 0x000000008ad00000, 0x000000008ae00000|  0%| F|  |TAMS 0x000000008ad00000, 0x000000008ad00000| Untracked 
|  68|0x000000008ae00000, 0x000000008ae00000, 0x000000008af00000|  0%| F|  |TAMS 0x000000008ae00000, 0x000000008ae00000| Untracked 
|  69|0x000000008af00000, 0x000000008af00000, 0x000000008b000000|  0%| F|  |TAMS 0x000000008af00000, 0x000000008af00000| Untracked 
|  70|0x000000008b000000, 0x000000008b000000, 0x000000008b100000|  0%| F|  |TAMS 0x000000008b000000, 0x000000008b000000| Untracked 
|  71|0x000000008b100000, 0x000000008b100000, 0x000000008b200000|  0%| F|  |TAMS 0x000000008b100000, 0x000000008b100000| Untracked 
|  72|0x000000008b200000, 0x000000008b200000, 0x000000008b300000|  0%| F|  |TAMS 0x000000008b200000, 0x000000008b200000| Untracked 
|  73|0x000000008b300000, 0x000000008b300000, 0x000000008b400000|  0%| F|  |TAMS 0x000000008b300000, 0x000000008b300000| Untracked 
|  74|0x000000008b400000, 0x000000008b400000, 0x000000008b500000|  0%| F|  |TAMS 0x000000008b400000, 0x000000008b400000| Untracked 
|  75|0x000000008b500000, 0x000000008b500000, 0x000000008b600000|  0%| F|  |TAMS 0x000000008b500000, 0x000000008b500000| Untracked 
|  76|0x000000008b600000, 0x000000008b600000, 0x000000008b700000|  0%| F|  |TAMS 0x000000008b600000, 0x000000008b600000| Untracked 
|  77|0x000000008b700000, 0x000000008b700000, 0x000000008b800000|  0%| F|  |TAMS 0x000000008b700000, 0x000000008b700000| Untracked 
|  78|0x000000008b800000, 0x000000008b800000, 0x000000008b900000|  0%| F|  |TAMS 0x000000008b800000, 0x000000008b800000| Untracked 
|  79|0x000000008b900000, 0x000000008b900000, 0x000000008ba00000|  0%| F|  |TAMS 0x000000008b900000, 0x000000008b900000| Untracked 
|  80|0x000000008ba00000, 0x000000008ba00000, 0x000000008bb00000|  0%| F|  |TAMS 0x000000008ba00000, 0x000000008ba00000| Untracked 
|  81|0x000000008bb00000, 0x000000008bb00000, 0x000000008bc00000|  0%| F|  |TAMS 0x000000008bb00000, 0x000000008bb00000| Untracked 
|  82|0x000000008bc00000, 0x000000008bc00000, 0x000000008bd00000|  0%| F|  |TAMS 0x000000008bc00000, 0x000000008bc00000| Untracked 
|  83|0x000000008bd00000, 0x000000008bd00000, 0x000000008be00000|  0%| F|  |TAMS 0x000000008bd00000, 0x000000008bd00000| Untracked 
|  84|0x000000008be00000, 0x000000008be00000, 0x000000008bf00000|  0%| F|  |TAMS 0x000000008be00000, 0x000000008be00000| Untracked 
|  85|0x000000008bf00000, 0x000000008bf00000, 0x000000008c000000|  0%| F|  |TAMS 0x000000008bf00000, 0x000000008bf00000| Untracked 
|  86|0x000000008c000000, 0x000000008c000000, 0x000000008c100000|  0%| F|  |TAMS 0x000000008c000000, 0x000000008c000000| Untracked 
|  87|0x000000008c100000, 0x000000008c100000, 0x000000008c200000|  0%| F|  |TAMS 0x000000008c100000, 0x000000008c100000| Untracked 
|  88|0x000000008c200000, 0x000000008c200000, 0x000000008c300000|  0%| F|  |TAMS 0x000000008c200000, 0x000000008c200000| Untracked 
|  89|0x000000008c300000, 0x000000008c300000, 0x000000008c400000|  0%| F|  |TAMS 0x000000008c300000, 0x000000008c300000| Untracked 
|  90|0x000000008c400000, 0x000000008c400000, 0x000000008c500000|  0%| F|  |TAMS 0x000000008c400000, 0x000000008c400000| Untracked 
|  91|0x000000008c500000, 0x000000008c500000, 0x000000008c600000|  0%| F|  |TAMS 0x000000008c500000, 0x000000008c500000| Untracked 
|  92|0x000000008c600000, 0x000000008c600000, 0x000000008c700000|  0%| F|  |TAMS 0x000000008c600000, 0x000000008c600000| Untracked 
|  93|0x000000008c700000, 0x000000008c700000, 0x000000008c800000|  0%| F|  |TAMS 0x000000008c700000, 0x000000008c700000| Untracked 
|  94|0x000000008c800000, 0x000000008c800000, 0x000000008c900000|  0%| F|  |TAMS 0x000000008c800000, 0x000000008c800000| Untracked 
|  95|0x000000008c900000, 0x000000008c900000, 0x000000008ca00000|  0%| F|  |TAMS 0x000000008c900000, 0x000000008c900000| Untracked 
|  96|0x000000008ca00000, 0x000000008ca00000, 0x000000008cb00000|  0%| F|  |TAMS 0x000000008ca00000, 0x000000008ca00000| Untracked 
|  97|0x000000008cb00000, 0x000000008cb00000, 0x000000008cc00000|  0%| F|  |TAMS 0x000000008cb00000, 0x000000008cb00000| Untracked 
|  98|0x000000008cc00000, 0x000000008cc00000, 0x000000008cd00000|  0%| F|  |TAMS 0x000000008cc00000, 0x000000008cc00000| Untracked 
|  99|0x000000008cd00000, 0x000000008cd00000, 0x000000008ce00000|  0%| F|  |TAMS 0x000000008cd00000, 0x000000008cd00000| Untracked 
| 100|0x000000008ce00000, 0x000000008ce00000, 0x000000008cf00000|  0%| F|  |TAMS 0x000000008ce00000, 0x000000008ce00000| Untracked 
| 101|0x000000008cf00000, 0x000000008cf00000, 0x000000008d000000|  0%| F|  |TAMS 0x000000008cf00000, 0x000000008cf00000| Untracked 
| 102|0x000000008d000000, 0x000000008d000000, 0x000000008d100000|  0%| F|  |TAMS 0x000000008d000000, 0x000000008d000000| Untracked 
| 103|0x000000008d100000, 0x000000008d100000, 0x000000008d200000|  0%| F|  |TAMS 0x000000008d100000, 0x000000008d100000| Untracked 
| 104|0x000000008d200000, 0x000000008d200000, 0x000000008d300000|  0%| F|  |TAMS 0x000000008d200000, 0x000000008d200000| Untracked 
| 105|0x000000008d300000, 0x000000008d300000, 0x000000008d400000|  0%| F|  |TAMS 0x000000008d300000, 0x000000008d300000| Untracked 
| 106|0x000000008d400000, 0x000000008d47b658, 0x000000008d500000| 48%| E|  |TAMS 0x000000008d400000, 0x000000008d400000| Complete 
| 107|0x000000008d500000, 0x000000008d600000, 0x000000008d600000|100%| E|CS|TAMS 0x000000008d500000, 0x000000008d500000| Complete 
| 108|0x000000008d600000, 0x000000008d700000, 0x000000008d700000|100%| E|CS|TAMS 0x000000008d600000, 0x000000008d600000| Complete 
| 109|0x000000008d700000, 0x000000008d800000, 0x000000008d800000|100%| E|CS|TAMS 0x000000008d700000, 0x000000008d700000| Complete 
| 110|0x000000008d800000, 0x000000008d900000, 0x000000008d900000|100%| E|CS|TAMS 0x000000008d800000, 0x000000008d800000| Complete 
| 111|0x000000008d900000, 0x000000008da00000, 0x000000008da00000|100%| E|CS|TAMS 0x000000008d900000, 0x000000008d900000| Complete 
| 112|0x000000008da00000, 0x000000008db00000, 0x000000008db00000|100%| E|CS|TAMS 0x000000008da00000, 0x000000008da00000| Complete 
| 113|0x000000008db00000, 0x000000008dc00000, 0x000000008dc00000|100%| E|  |TAMS 0x000000008db00000, 0x000000008db00000| Complete 
| 114|0x000000008dc00000, 0x000000008dd00000, 0x000000008dd00000|100%| E|CS|TAMS 0x000000008dc00000, 0x000000008dc00000| Complete 
| 115|0x000000008dd00000, 0x000000008de00000, 0x000000008de00000|100%| E|CS|TAMS 0x000000008dd00000, 0x000000008dd00000| Complete 
| 116|0x000000008de00000, 0x000000008df00000, 0x000000008df00000|100%| E|CS|TAMS 0x000000008de00000, 0x000000008de00000| Complete 
| 117|0x000000008df00000, 0x000000008e000000, 0x000000008e000000|100%| E|CS|TAMS 0x000000008df00000, 0x000000008df00000| Complete 
| 118|0x000000008e000000, 0x000000008e100000, 0x000000008e100000|100%| E|CS|TAMS 0x000000008e000000, 0x000000008e000000| Complete 
| 119|0x000000008e100000, 0x000000008e200000, 0x000000008e200000|100%| E|CS|TAMS 0x000000008e100000, 0x000000008e100000| Complete 
| 120|0x000000008e200000, 0x000000008e300000, 0x000000008e300000|100%| E|CS|TAMS 0x000000008e200000, 0x000000008e200000| Complete 
| 121|0x000000008e300000, 0x000000008e400000, 0x000000008e400000|100%| E|CS|TAMS 0x000000008e300000, 0x000000008e300000| Complete 
|1940|0x00000000ffe00000, 0x00000000ffe48000, 0x00000000fff00000| 28%|OA|  |TAMS 0x00000000ffe00000, 0x00000000ffe00000| Untracked 
|1941|0x00000000fff00000, 0x00000000fff6c000, 0x0000000100000000| 42%|CA|  |TAMS 0x00000000fff00000, 0x00000000fff00000| Untracked 

Card table byte_map: [0x00007f7ce4170000,0x00007f7ce453b000] _byte_map_base: 0x00007f7ce3d3b000

Marking Bits (Prev, Next): (CMBitMap*) 0x00007f7ce005e338, (CMBitMap*) 0x00007f7ce005e370
 Prev Bits: [0x00007f7cc21a8000, 0x00007f7cc4000000)
 Next Bits: [0x00007f7cc0350000, 0x00007f7cc21a8000)

Polling page: 0x00007f7ce5e0b000

Metaspace:

Usage:
  Non-class:      5.70 MB capacity,     3.28 MB ( 58%) used,     2.41 MB ( 42%) free+waste,     5.81 KB ( <1%) overhead. 
      Class:    681.00 KB capacity,   405.71 KB ( 60%) used,   272.41 KB ( 40%) free+waste,     2.88 KB ( <1%) overhead. 
       Both:      6.37 MB capacity,     3.68 MB ( 58%) used,     2.68 MB ( 42%) free+waste,     8.69 KB ( <1%) overhead. 

Virtual space:
  Non-class space:        8.00 MB reserved,       5.75 MB ( 72%) committed 
      Class space:        1.00 GB reserved,     768.00 KB ( <1%) committed 
             Both:        1.01 GB reserved,       6.50 MB ( <1%) committed 

Chunk freelists:
   Non-Class:  26.00 KB
       Class:  23.00 KB
        Both:  49.00 KB

MaxMetaspaceSize: unlimited
CompressedClassSpaceSize: 1.00 GB
Initial GC threshold: 20.80 MB
Current GC threshold: 20.80 MB
CDS: on

CodeHeap 'non-profiled nmethods': size=119172Kb used=216Kb max_used=216Kb free=118955Kb
 bounds [0x00007f7cd037a000, 0x00007f7cd05ea000, 0x00007f7cd77db000]
CodeHeap 'profiled nmethods': size=119168Kb used=1645Kb max_used=1645Kb free=117522Kb
 bounds [0x00007f7cc8f1a000, 0x00007f7cc918a000, 0x00007f7cd037a000]
CodeHeap 'non-nmethods': size=7420Kb used=1763Kb max_used=2906Kb free=5656Kb
 bounds [0x00007f7cc87db000, 0x00007f7cc8abb000, 0x00007f7cc8f1a000]
 total_blobs=1212 nmethods=820 adapters=313
 compilation: enabled
              stopped_count=0, restarted_count=0
 full_count=0

Compilation events (20 events):
Event: 0.386 Thread 0x00007f7c80001800 nmethod 803 0x00007f7cc90aa010 code [0x00007f7cc90aa380, 0x00007f7cc90ab840]
Event: 0.387 Thread 0x00007f7ce01b7800 nmethod 814 0x00007f7cc90ac010 code [0x00007f7cc90ac1c0, 0x00007f7cc90ac320]
Event: 0.387 Thread 0x00007f7c9406e000 nmethod 811 0x00007f7cc90ac410 code [0x00007f7cc90ac620, 0x00007f7cc90acb20]
Event: 0.387 Thread 0x00007f7c80003000 nmethod 813 0x00007f7cc90acd90 code [0x00007f7cc90ad080, 0x00007f7cc90ae3c0]
Event: 0.388 Thread 0x00007f7c84012000 nmethod 749 0x00007f7cd03ad590 code [0x00007f7cd03ad760, 0x00007f7cd03ae348]
Event: 0.388 Thread 0x00007f7c84012000  794       4       java.util.Objects::requireNonNull (15 bytes)
Event: 0.389 Thread 0x00007f7c84012000 nmethod 794 0x00007f7cd03aea10 code [0x00007f7cd03aeba0, 0x00007f7cd03aebf8]
Event: 0.389 Thread 0x00007f7c84012000  815       4       java.lang.AbstractStringBuilder::<init> (39 bytes)
Event: 0.389 Thread 0x00007f7c80001800  816       3       java.util.zip.ZipFile::getZipEntry (325 bytes)
Event: 0.389 Thread 0x00007f7ce01b7800  817       3       java.lang.ClassLoader::definePackage (84 bytes)
Event: 0.389 Thread 0x00007f7c9406e000  818       3       java.lang.Package::isSealed (26 bytes)
Event: 0.389 Thread 0x00007f7c80003000  819       3       jdk.internal.loader.BuiltinClassLoader::isSealed (70 bytes)
Event: 0.390 Thread 0x00007f7c9406e000 nmethod 818 0x00007f7cc90ae910 code [0x00007f7cc90aeae0, 0x00007f7cc90aee10]
Event: 0.390 Thread 0x00007f7c80003000 nmethod 819 0x00007f7cc90aef10 code [0x00007f7cc90af1a0, 0x00007f7cc90afce0]
Event: 0.391 Thread 0x00007f7c80001800 nmethod 816 0x00007f7cc90b0190 code [0x00007f7cc90b0540, 0x00007f7cc90b2460]
Event: 0.391 Thread 0x00007f7ce01b7800 nmethod 817 0x00007f7cc90b3110 code [0x00007f7cc90b3420, 0x00007f7cc90b45f0]
Event: 0.391 Thread 0x00007f7c84012000 nmethod 815 0x00007f7cd03aed10 code [0x00007f7cd03aeea0, 0x00007f7cd03af0b8]
Event: 0.395 Thread 0x00007f7ce01ad800 nmethod 757 0x00007f7cd03af190 code [0x00007f7cd03af360, 0x00007f7cd03b0018]
Event: 2.199 Thread 0x00007f7c9406e000  820       3       org.antlr.v4.runtime.misc.Interval::of (54 bytes)
Event: 2.201 Thread 0x00007f7c9406e000 nmethod 820 0x00007f7cc90b4b90 code [0x00007f7cc90b4d80, 0x00007f7cc90b53b0]

GC Heap History (0 events):
No events

Deoptimization events (20 events):
Event: 0.349 Thread 0x00007f7ce001c000 DEOPT PACKING pc=0x00007f7cc9019492 sp=0x00007f7ce5f55140
Event: 0.349 Thread 0x00007f7ce001c000 DEOPT UNPACKING pc=0x00007f7cc882564a sp=0x00007f7ce5f545c0 mode 0
Event: 0.358 Thread 0x00007f7ce001c000 DEOPT PACKING pc=0x00007f7cc901168a sp=0x00007f7ce5f55620
Event: 0.358 Thread 0x00007f7ce001c000 DEOPT UNPACKING pc=0x00007f7cc882564a sp=0x00007f7ce5f54ac8 mode 0
Event: 0.359 Thread 0x00007f7ce001c000 DEOPT PACKING pc=0x00007f7cc9019492 sp=0x00007f7ce5f55140
Event: 0.359 Thread 0x00007f7ce001c000 DEOPT UNPACKING pc=0x00007f7cc882564a sp=0x00007f7ce5f545c0 mode 0
Event: 0.359 Thread 0x00007f7ce001c000 DEOPT PACKING pc=0x00007f7cc8f8044f sp=0x00007f7ce5f55600
Event: 0.359 Thread 0x00007f7ce001c000 DEOPT UNPACKING pc=0x00007f7cc882564a sp=0x00007f7ce5f54aa8 mode 0
Event: 0.360 Thread 0x00007f7ce001c000 DEOPT PACKING pc=0x00007f7cc8f8044f sp=0x00007f7ce5f55600
Event: 0.360 Thread 0x00007f7ce001c000 DEOPT UNPACKING pc=0x00007f7cc882564a sp=0x00007f7ce5f54aa8 mode 0
Event: 0.361 Thread 0x00007f7ce001c000 DEOPT PACKING pc=0x00007f7cc9019492 sp=0x00007f7ce5f551a0
Event: 0.361 Thread 0x00007f7ce001c000 DEOPT UNPACKING pc=0x00007f7cc882564a sp=0x00007f7ce5f54620 mode 0
Event: 0.363 Thread 0x00007f7ce001c000 DEOPT PACKING pc=0x00007f7cc9019492 sp=0x00007f7ce5f55120
Event: 0.363 Thread 0x00007f7ce001c000 DEOPT UNPACKING pc=0x00007f7cc882564a sp=0x00007f7ce5f545a0 mode 0
Event: 0.364 Thread 0x00007f7ce001c000 DEOPT PACKING pc=0x00007f7cc9019492 sp=0x00007f7ce5f551a0
Event: 0.364 Thread 0x00007f7ce001c000 DEOPT UNPACKING pc=0x00007f7cc882564a sp=0x00007f7ce5f54620 mode 0
Event: 0.365 Thread 0x00007f7ce001c000 DEOPT PACKING pc=0x00007f7cc9019492 sp=0x00007f7ce5f55180
Event: 0.365 Thread 0x00007f7ce001c000 DEOPT UNPACKING pc=0x00007f7cc882564a sp=0x00007f7ce5f54600 mode 0
Event: 0.366 Thread 0x00007f7ce001c000 DEOPT PACKING pc=0x00007f7cc9019492 sp=0x00007f7ce5f558d0
Event: 0.366 Thread 0x00007f7ce001c000 DEOPT UNPACKING pc=0x00007f7cc882564a sp=0x00007f7ce5f54d50 mode 0

Classes redefined (0 events):
No events

Internal exceptions (20 events):
Event: 0.346 Thread 0x00007f7ce001c000 Exception <a 'java/security/PrivilegedActionException'{0x000000008d8ed420}> (0x000000008d8ed420) thrown at [src/hotspot/share/prims/jvm.cpp, line 1304]
Event: 0.346 Thread 0x00007f7ce001c000 Exception <a 'java/security/PrivilegedActionException'{0x000000008d8ed6f0}> (0x000000008d8ed6f0) thrown at [src/hotspot/share/prims/jvm.cpp, line 1304]
Event: 0.346 Thread 0x00007f7ce001c000 Exception <a 'java/security/PrivilegedActionException'{0x000000008d8ee040}> (0x000000008d8ee040) thrown at [src/hotspot/share/prims/jvm.cpp, line 1304]
Event: 0.346 Thread 0x00007f7ce001c000 Exception <a 'java/security/PrivilegedActionException'{0x000000008d8ee310}> (0x000000008d8ee310) thrown at [src/hotspot/share/prims/jvm.cpp, line 1304]
Event: 0.347 Thread 0x00007f7ce001c000 Exception <a 'java/security/PrivilegedActionException'{0x000000008d8eec98}> (0x000000008d8eec98) thrown at [src/hotspot/share/prims/jvm.cpp, line 1304]
Event: 0.347 Thread 0x00007f7ce001c000 Exception <a 'java/security/PrivilegedActionException'{0x000000008d8eef68}> (0x000000008d8eef68) thrown at [src/hotspot/share/prims/jvm.cpp, line 1304]
Event: 0.347 Thread 0x00007f7ce001c000 Exception <a 'java/security/PrivilegedActionException'{0x000000008d8ef8d8}> (0x000000008d8ef8d8) thrown at [src/hotspot/share/prims/jvm.cpp, line 1304]
Event: 0.347 Thread 0x00007f7ce001c000 Exception <a 'java/security/PrivilegedActionException'{0x000000008d8efba8}> (0x000000008d8efba8) thrown at [src/hotspot/share/prims/jvm.cpp, line 1304]
Event: 0.347 Thread 0x00007f7ce001c000 Exception <a 'java/security/PrivilegedActionException'{0x000000008d8f0518}> (0x000000008d8f0518) thrown at [src/hotspot/share/prims/jvm.cpp, line 1304]
Event: 0.347 Thread 0x00007f7ce001c000 Exception <a 'java/security/PrivilegedActionException'{0x000000008d8f07e8}> (0x000000008d8f07e8) thrown at [src/hotspot/share/prims/jvm.cpp, line 1304]
Event: 0.347 Thread 0x00007f7ce001c000 Exception <a 'java/security/PrivilegedActionException'{0x000000008d8f1170}> (0x000000008d8f1170) thrown at [src/hotspot/share/prims/jvm.cpp, line 1304]
Event: 0.347 Thread 0x00007f7ce001c000 Exception <a 'java/security/PrivilegedActionException'{0x000000008d8f1440}> (0x000000008d8f1440) thrown at [src/hotspot/share/prims/jvm.cpp, line 1304]
Event: 0.347 Thread 0x00007f7ce001c000 Exception <a 'java/security/PrivilegedActionException'{0x000000008d8f1dc8}> (0x000000008d8f1dc8) thrown at [src/hotspot/share/prims/jvm.cpp, line 1304]
Event: 0.347 Thread 0x00007f7ce001c000 Exception <a 'java/security/PrivilegedActionException'{0x000000008d8f2098}> (0x000000008d8f2098) thrown at [src/hotspot/share/prims/jvm.cpp, line 1304]
Event: 0.347 Thread 0x00007f7ce001c000 Exception <a 'java/security/PrivilegedActionException'{0x000000008d8f2a20}> (0x000000008d8f2a20) thrown at [src/hotspot/share/prims/jvm.cpp, line 1304]
Event: 0.347 Thread 0x00007f7ce001c000 Exception <a 'java/security/PrivilegedActionException'{0x000000008d8f2cf0}> (0x000000008d8f2cf0) thrown at [src/hotspot/share/prims/jvm.cpp, line 1304]
Event: 0.347 Thread 0x00007f7ce001c000 Exception <a 'java/security/PrivilegedActionException'{0x000000008d8f3660}> (0x000000008d8f3660) thrown at [src/hotspot/share/prims/jvm.cpp, line 1304]
Event: 0.347 Thread 0x00007f7ce001c000 Exception <a 'java/security/PrivilegedActionException'{0x000000008d8f3930}> (0x000000008d8f3930) thrown at [src/hotspot/share/prims/jvm.cpp, line 1304]
Event: 0.347 Thread 0x00007f7ce001c000 Exception <a 'java/security/PrivilegedActionException'{0x000000008d8f42b8}> (0x000000008d8f42b8) thrown at [src/hotspot/share/prims/jvm.cpp, line 1304]
Event: 0.347 Thread 0x00007f7ce001c000 Exception <a 'java/security/PrivilegedActionException'{0x000000008d8f4588}> (0x000000008d8f4588) thrown at [src/hotspot/share/prims/jvm.cpp, line 1304]

Events (20 events):
Event: 5.581 Executing VM operation: ChangeSingleStep
Event: 5.581 Executing VM operation: ChangeSingleStep done
Event: 5.582 Executing VM operation: ChangeSingleStep
Event: 5.582 Executing VM operation: ChangeSingleStep done
Event: 5.582 Executing VM operation: GetCurrentLocation
Event: 5.582 Executing VM operation: GetCurrentLocation done
Event: 5.582 Executing VM operation: ChangeSingleStep
Event: 5.582 Executing VM operation: ChangeSingleStep done
Event: 5.583 Executing VM operation: ChangeSingleStep
Event: 5.583 Executing VM operation: ChangeSingleStep done
Event: 5.583 Executing VM operation: GetCurrentLocation
Event: 5.583 Executing VM operation: GetCurrentLocation done
Event: 5.583 Executing VM operation: ChangeSingleStep
Event: 5.583 Executing VM operation: ChangeSingleStep done
Event: 5.583 Executing VM operation: ChangeSingleStep
Event: 5.584 Executing VM operation: ChangeSingleStep done
Event: 5.584 Executing VM operation: GetCurrentLocation
Event: 5.584 Executing VM operation: GetCurrentLocation done
Event: 5.584 Executing VM operation: ChangeSingleStep
Event: 5.584 Executing VM operation: ChangeSingleStep done


Dynamic libraries:
86a00000-8e400000 rw-p 00000000 00:00 0 
8e400000-ffe00000 ---p 00000000 00:00 0 
ffe00000-ffe48000 rw-p 00b14000 08:20 43898                              /usr/lib/jvm/java-11-openjdk-amd64/lib/server/classes.jsa
ffe48000-fff00000 rw-p 00000000 00:00 0 
fff00000-fff6c000 rw-p 00aa8000 08:20 43898                              /usr/lib/jvm/java-11-openjdk-amd64/lib/server/classes.jsa
fff6c000-100000000 rw-p 00000000 00:00 0 
800000000-800002000 rwxp 00001000 08:20 43898                            /usr/lib/jvm/java-11-openjdk-amd64/lib/server/classes.jsa
800002000-800aa7000 rw-p 00003000 08:20 43898                            /usr/lib/jvm/java-11-openjdk-amd64/lib/server/classes.jsa
840000000-8400c0000 rw-p 00000000 00:00 0 
8400c0000-880000000 ---p 00000000 00:00 0 
55e4e92a7000-55e4e92a8000 r--p 00000000 08:20 47754                      /usr/lib/jvm/java-11-openjdk-amd64/bin/java
55e4e92a8000-55e4e92a9000 r-xp 00001000 08:20 47754                      /usr/lib/jvm/java-11-openjdk-amd64/bin/java
55e4e92a9000-55e4e92aa000 r--p 00002000 08:20 47754                      /usr/lib/jvm/java-11-openjdk-amd64/bin/java
55e4e92aa000-55e4e92ab000 r--p 00002000 08:20 47754                      /usr/lib/jvm/java-11-openjdk-amd64/bin/java
55e4e92ab000-55e4e92ac000 rw-p 00003000 08:20 47754                      /usr/lib/jvm/java-11-openjdk-amd64/bin/java
55e4e9859000-55e4e987a000 rw-p 00000000 00:00 0                          [heap]
7f7c5952c000-7f7c59e52000 r--p 00000000 08:20 84032                      /home/w/.javacpp/cache/llvm-13.0.1-1.5.7-linux-x86_64.jar/org/bytedeco/llvm/linux-x86_64/libLLVM-13.so
7f7c59e52000-7f7c5d815000 r-xp 00926000 08:20 84032                      /home/w/.javacpp/cache/llvm-13.0.1-1.5.7-linux-x86_64.jar/org/bytedeco/llvm/linux-x86_64/libLLVM-13.so
7f7c5d815000-7f7c5fa6a000 r--p 042e9000 08:20 84032                      /home/w/.javacpp/cache/llvm-13.0.1-1.5.7-linux-x86_64.jar/org/bytedeco/llvm/linux-x86_64/libLLVM-13.so
7f7c5fa6a000-7f7c5ff7f000 r--p 0653d000 08:20 84032                      /home/w/.javacpp/cache/llvm-13.0.1-1.5.7-linux-x86_64.jar/org/bytedeco/llvm/linux-x86_64/libLLVM-13.so
7f7c5ff7f000-7f7c5ff8a000 rw-p 06a52000 08:20 84032                      /home/w/.javacpp/cache/llvm-13.0.1-1.5.7-linux-x86_64.jar/org/bytedeco/llvm/linux-x86_64/libLLVM-13.so
7f7c5ff8a000-7f7c60000000 rw-p 00000000 00:00 0 
7f7c60000000-7f7c60021000 rw-p 00000000 00:00 0 
7f7c60021000-7f7c64000000 ---p 00000000 00:00 0 
7f7c64000000-7f7c64021000 rw-p 00000000 00:00 0 
7f7c64021000-7f7c68000000 ---p 00000000 00:00 0 
7f7c68000000-7f7c68021000 rw-p 00000000 00:00 0 
7f7c68021000-7f7c6c000000 ---p 00000000 00:00 0 
7f7c6c000000-7f7c6c021000 rw-p 00000000 00:00 0 
7f7c6c021000-7f7c70000000 ---p 00000000 00:00 0 
7f7c70000000-7f7c70028000 rw-p 00000000 00:00 0 
7f7c70028000-7f7c74000000 ---p 00000000 00:00 0 
7f7c779f5000-7f7c77a5a000 r--p 00000000 08:20 84037                      /home/w/.javacpp/cache/llvm-13.0.1-1.5.7-linux-x86_64.jar/org/bytedeco/llvm/linux-x86_64/libjniLLVM.so
7f7c77a5a000-7f7c77ac8000 r-xp 00065000 08:20 84037                      /home/w/.javacpp/cache/llvm-13.0.1-1.5.7-linux-x86_64.jar/org/bytedeco/llvm/linux-x86_64/libjniLLVM.so
7f7c77ac8000-7f7c77af3000 r--p 000d3000 08:20 84037                      /home/w/.javacpp/cache/llvm-13.0.1-1.5.7-linux-x86_64.jar/org/bytedeco/llvm/linux-x86_64/libjniLLVM.so
7f7c77af3000-7f7c77af6000 r--p 000fd000 08:20 84037                      /home/w/.javacpp/cache/llvm-13.0.1-1.5.7-linux-x86_64.jar/org/bytedeco/llvm/linux-x86_64/libjniLLVM.so
7f7c77af6000-7f7c77af9000 rw-p 00100000 08:20 84037                      /home/w/.javacpp/cache/llvm-13.0.1-1.5.7-linux-x86_64.jar/org/bytedeco/llvm/linux-x86_64/libjniLLVM.so
7f7c77af9000-7f7c77afb000 rw-p 00000000 00:00 0 
7f7c77afb000-7f7c77aff000 ---p 00000000 00:00 0 
7f7c77aff000-7f7c77bfc000 rw-p 00000000 00:00 0 
7f7c77bfc000-7f7c77bfd000 ---p 00000000 00:00 0 
7f7c77bfd000-7f7c77cfd000 rw-p 00000000 00:00 0 
7f7c77cfd000-7f7c77d01000 ---p 00000000 00:00 0 
7f7c77d01000-7f7c77dfe000 rw-p 00000000 00:00 0 
7f7c77dfe000-7f7c77e02000 ---p 00000000 00:00 0 
7f7c77e02000-7f7c77eff000 rw-p 00000000 00:00 0 
7f7c77eff000-7f7c77f03000 ---p 00000000 00:00 0 
7f7c77f03000-7f7c78000000 rw-p 00000000 00:00 0 
7f7c78000000-7f7c780c7000 rw-p 00000000 00:00 0 
7f7c780c7000-7f7c7c000000 ---p 00000000 00:00 0 
7f7c7c000000-7f7c7c144000 rw-p 00000000 00:00 0 
7f7c7c144000-7f7c80000000 ---p 00000000 00:00 0 
7f7c80000000-7f7c80210000 rw-p 00000000 00:00 0 
7f7c80210000-7f7c84000000 ---p 00000000 00:00 0 
7f7c84000000-7f7c840df000 rw-p 00000000 00:00 0 
7f7c840df000-7f7c88000000 ---p 00000000 00:00 0 
7f7c88000000-7f7c88021000 rw-p 00000000 00:00 0 
7f7c88021000-7f7c8c000000 ---p 00000000 00:00 0 
7f7c8c000000-7f7c8c021000 rw-p 00000000 00:00 0 
7f7c8c021000-7f7c90000000 ---p 00000000 00:00 0 
7f7c90000000-7f7c901df000 rw-p 00000000 00:00 0 
7f7c901df000-7f7c94000000 ---p 00000000 00:00 0 
7f7c94000000-7f7c9410c000 rw-p 00000000 00:00 0 
7f7c9410c000-7f7c98000000 ---p 00000000 00:00 0 
7f7c98000000-7f7c98021000 rw-p 00000000 00:00 0 
7f7c98021000-7f7c9c000000 ---p 00000000 00:00 0 
7f7c9c000000-7f7c9c021000 rw-p 00000000 00:00 0 
7f7c9c021000-7f7ca0000000 ---p 00000000 00:00 0 
7f7ca0000000-7f7ca0021000 rw-p 00000000 00:00 0 
7f7ca0021000-7f7ca4000000 ---p 00000000 00:00 0 
7f7ca4000000-7f7ca4021000 rw-p 00000000 00:00 0 
7f7ca4021000-7f7ca8000000 ---p 00000000 00:00 0 
7f7ca8000000-7f7ca8021000 rw-p 00000000 00:00 0 
7f7ca8021000-7f7cac000000 ---p 00000000 00:00 0 
7f7cac000000-7f7cac021000 rw-p 00000000 00:00 0 
7f7cac021000-7f7cb0000000 ---p 00000000 00:00 0 
7f7cb0000000-7f7cb0021000 rw-p 00000000 00:00 0 
7f7cb0021000-7f7cb4000000 ---p 00000000 00:00 0 
7f7cb4000000-7f7cb4021000 rw-p 00000000 00:00 0 
7f7cb4021000-7f7cb8000000 ---p 00000000 00:00 0 
7f7cb8068000-7f7cb806c000 ---p 00000000 00:00 0 
7f7cb806c000-7f7cb8169000 rw-p 00000000 00:00 0 
7f7cb8169000-7f7cb816d000 ---p 00000000 00:00 0 
7f7cb816d000-7f7cb826a000 rw-p 00000000 00:00 0 
7f7cb826a000-7f7cb826e000 ---p 00000000 00:00 0 
7f7cb826e000-7f7cb836b000 rw-p 00000000 00:00 0 
7f7cb836b000-7f7cb836f000 ---p 00000000 00:00 0 
7f7cb836f000-7f7cb846c000 rw-p 00000000 00:00 0 
7f7cb846c000-7f7cb8470000 ---p 00000000 00:00 0 
7f7cb8470000-7f7cb856d000 rw-p 00000000 00:00 0 
7f7cb856d000-7f7cb8571000 ---p 00000000 00:00 0 
7f7cb8571000-7f7cb866e000 rw-p 00000000 00:00 0 
7f7cb866e000-7f7cb8672000 ---p 00000000 00:00 0 
7f7cb8672000-7f7cb876f000 rw-p 00000000 00:00 0 
7f7cb876f000-7f7cb8773000 ---p 00000000 00:00 0 
7f7cb8773000-7f7cb8870000 rw-p 00000000 00:00 0 
7f7cb8870000-7f7cb8874000 ---p 00000000 00:00 0 
7f7cb8874000-7f7cb8971000 rw-p 00000000 00:00 0 
7f7cb8971000-7f7cb8975000 ---p 00000000 00:00 0 
7f7cb8975000-7f7cb8a72000 rw-p 00000000 00:00 0 
7f7cb8a72000-7f7cb8a76000 ---p 00000000 00:00 0 
7f7cb8a76000-7f7cb8b73000 rw-p 00000000 00:00 0 
7f7cb8b73000-7f7cb8b77000 ---p 00000000 00:00 0 
7f7cb8b77000-7f7cb8c74000 rw-p 00000000 00:00 0 
7f7cb8c74000-7f7cb8c75000 ---p 00000000 00:00 0 
7f7cb8c75000-7f7cb93b6000 rw-p 00000000 00:00 0 
7f7cb93b6000-7f7cb95f6000 ---p 00000000 00:00 0 
7f7cb95f6000-7f7cb95f7000 ---p 00000000 00:00 0 
7f7cb95f7000-7f7cb96f7000 rw-p 00000000 00:00 0 
7f7cb96f7000-7f7cb96f8000 ---p 00000000 00:00 0 
7f7cb96f8000-7f7cbc000000 rw-p 00000000 00:00 0 
7f7cbc000000-7f7cbc021000 rw-p 00000000 00:00 0 
7f7cbc021000-7f7cc0000000 ---p 00000000 00:00 0 
7f7cc004d000-7f7cc0538000 rw-p 00000000 00:00 0 
7f7cc0538000-7f7cc21a0000 ---p 00000000 00:00 0 
7f7cc21a0000-7f7cc2390000 rw-p 00000000 00:00 0 
7f7cc2390000-7f7cc3ff8000 ---p 00000000 00:00 0 
7f7cc3ff8000-7f7cc4000000 rw-p 00000000 00:00 0 
7f7cc4000000-7f7cc4021000 rw-p 00000000 00:00 0 
7f7cc4021000-7f7cc8000000 ---p 00000000 00:00 0 
7f7cc8007000-7f7cc8008000 r--p 00000000 08:20 84035                      /home/w/.javacpp/cache/llvm-13.0.1-1.5.7-linux-x86_64.jar/org/bytedeco/llvm/linux-x86_64/libRemarks.so.13
7f7cc8008000-7f7cc8009000 r-xp 00001000 08:20 84035                      /home/w/.javacpp/cache/llvm-13.0.1-1.5.7-linux-x86_64.jar/org/bytedeco/llvm/linux-x86_64/libRemarks.so.13
7f7cc8009000-7f7cc800a000 r--p 00002000 08:20 84035                      /home/w/.javacpp/cache/llvm-13.0.1-1.5.7-linux-x86_64.jar/org/bytedeco/llvm/linux-x86_64/libRemarks.so.13
7f7cc800a000-7f7cc800b000 r--p 00002000 08:20 84035                      /home/w/.javacpp/cache/llvm-13.0.1-1.5.7-linux-x86_64.jar/org/bytedeco/llvm/linux-x86_64/libRemarks.so.13
7f7cc800b000-7f7cc800c000 rw-p 00003000 08:20 84035                      /home/w/.javacpp/cache/llvm-13.0.1-1.5.7-linux-x86_64.jar/org/bytedeco/llvm/linux-x86_64/libRemarks.so.13
7f7cc800c000-7f7cc820e000 rw-p 00000000 00:00 0 
7f7cc820e000-7f7cc820f000 ---p 00000000 00:00 0 
7f7cc820f000-7f7cc830f000 rw-p 00000000 00:00 0 
7f7cc830f000-7f7cc8310000 ---p 00000000 00:00 0 
7f7cc8310000-7f7cc844d000 rw-p 00000000 00:00 0 
7f7cc844d000-7f7cc87da000 ---p 00000000 00:00 0 
7f7cc87da000-7f7cc87db000 rw-p 00000000 00:00 0 
7f7cc87db000-7f7cc8abb000 rwxp 00000000 00:00 0 
7f7cc8abb000-7f7cc8f1a000 ---p 00000000 00:00 0 
7f7cc8f1a000-7f7cc918a000 rwxp 00000000 00:00 0 
7f7cc918a000-7f7cd037a000 ---p 00000000 00:00 0 
7f7cd037a000-7f7cd05ea000 rwxp 00000000 00:00 0 
7f7cd05ea000-7f7cd77db000 ---p 00000000 00:00 0 
7f7cd77db000-7f7ce0000000 r--s 00000000 08:20 47913                      /usr/lib/jvm/java-11-openjdk-amd64/lib/modules
7f7ce0000000-7f7ce0483000 rw-p 00000000 00:00 0 
7f7ce0483000-7f7ce4000000 ---p 00000000 00:00 0 
7f7ce4002000-7f7ce4009000 r--p 00000000 08:20 84033                      /home/w/.javacpp/cache/llvm-13.0.1-1.5.7-linux-x86_64.jar/org/bytedeco/llvm/linux-x86_64/libLTO.so.13
7f7ce4009000-7f7ce4011000 r-xp 00007000 08:20 84033                      /home/w/.javacpp/cache/llvm-13.0.1-1.5.7-linux-x86_64.jar/org/bytedeco/llvm/linux-x86_64/libLTO.so.13
7f7ce4011000-7f7ce4013000 r--p 0000f000 08:20 84033                      /home/w/.javacpp/cache/llvm-13.0.1-1.5.7-linux-x86_64.jar/org/bytedeco/llvm/linux-x86_64/libLTO.so.13
7f7ce4013000-7f7ce4014000 r--p 00010000 08:20 84033                      /home/w/.javacpp/cache/llvm-13.0.1-1.5.7-linux-x86_64.jar/org/bytedeco/llvm/linux-x86_64/libLTO.so.13
7f7ce4014000-7f7ce4015000 rw-p 00011000 08:20 84033                      /home/w/.javacpp/cache/llvm-13.0.1-1.5.7-linux-x86_64.jar/org/bytedeco/llvm/linux-x86_64/libLTO.so.13
7f7ce4015000-7f7ce4019000 r--p 00000000 08:20 84026                      /home/w/.javacpp/cache/javacpp-1.5.7-linux-x86_64.jar/org/bytedeco/javacpp/linux-x86_64/libjnijavacpp.so
7f7ce4019000-7f7ce4020000 r-xp 00004000 08:20 84026                      /home/w/.javacpp/cache/javacpp-1.5.7-linux-x86_64.jar/org/bytedeco/javacpp/linux-x86_64/libjnijavacpp.so
7f7ce4020000-7f7ce4024000 r--p 0000b000 08:20 84026                      /home/w/.javacpp/cache/javacpp-1.5.7-linux-x86_64.jar/org/bytedeco/javacpp/linux-x86_64/libjnijavacpp.so
7f7ce4024000-7f7ce4025000 r--p 0000e000 08:20 84026                      /home/w/.javacpp/cache/javacpp-1.5.7-linux-x86_64.jar/org/bytedeco/javacpp/linux-x86_64/libjnijavacpp.so
7f7ce4025000-7f7ce4026000 rw-p 0000f000 08:20 84026                      /home/w/.javacpp/cache/javacpp-1.5.7-linux-x86_64.jar/org/bytedeco/javacpp/linux-x86_64/libjnijavacpp.so
7f7ce4026000-7f7ce402a000 r--p 00000000 08:20 47903                      /usr/lib/jvm/java-11-openjdk-amd64/lib/libnet.so
7f7ce402a000-7f7ce4038000 r-xp 00004000 08:20 47903                      /usr/lib/jvm/java-11-openjdk-amd64/lib/libnet.so
7f7ce4038000-7f7ce403c000 r--p 00012000 08:20 47903                      /usr/lib/jvm/java-11-openjdk-amd64/lib/libnet.so
7f7ce403c000-7f7ce403d000 r--p 00015000 08:20 47903                      /usr/lib/jvm/java-11-openjdk-amd64/lib/libnet.so
7f7ce403d000-7f7ce403e000 rw-p 00016000 08:20 47903                      /usr/lib/jvm/java-11-openjdk-amd64/lib/libnet.so
7f7ce403e000-7f7ce4045000 r--p 00000000 08:20 47904                      /usr/lib/jvm/java-11-openjdk-amd64/lib/libnio.so
7f7ce4045000-7f7ce404d000 r-xp 00007000 08:20 47904                      /usr/lib/jvm/java-11-openjdk-amd64/lib/libnio.so
7f7ce404d000-7f7ce4050000 r--p 0000f000 08:20 47904                      /usr/lib/jvm/java-11-openjdk-amd64/lib/libnio.so
7f7ce4050000-7f7ce4051000 r--p 00011000 08:20 47904                      /usr/lib/jvm/java-11-openjdk-amd64/lib/libnio.so
7f7ce4051000-7f7ce4052000 rw-p 00012000 08:20 47904                      /usr/lib/jvm/java-11-openjdk-amd64/lib/libnio.so
7f7ce4052000-7f7ce4054000 r--p 00000000 08:20 47884                      /usr/lib/jvm/java-11-openjdk-amd64/lib/libdt_socket.so
7f7ce4054000-7f7ce4057000 r-xp 00002000 08:20 47884                      /usr/lib/jvm/java-11-openjdk-amd64/lib/libdt_socket.so
7f7ce4057000-7f7ce4058000 r--p 00005000 08:20 47884                      /usr/lib/jvm/java-11-openjdk-amd64/lib/libdt_socket.so
7f7ce4058000-7f7ce4059000 ---p 00006000 08:20 47884                      /usr/lib/jvm/java-11-openjdk-amd64/lib/libdt_socket.so
7f7ce4059000-7f7ce405a000 r--p 00006000 08:20 47884                      /usr/lib/jvm/java-11-openjdk-amd64/lib/libdt_socket.so
7f7ce405a000-7f7ce405b000 rw-p 00007000 08:20 47884                      /usr/lib/jvm/java-11-openjdk-amd64/lib/libdt_socket.so
7f7ce405b000-7f7ce41ad000 rw-p 00000000 00:00 0 
7f7ce41ad000-7f7ce453a000 ---p 00000000 00:00 0 
7f7ce453a000-7f7ce4578000 rw-p 00000000 00:00 0 
7f7ce4578000-7f7ce4905000 ---p 00000000 00:00 0 
7f7ce4905000-7f7ce5613000 rw-p 00000000 00:00 0 
7f7ce5613000-7f7ce5614000 ---p 00000000 00:00 0 
7f7ce5614000-7f7ce5719000 rw-p 00000000 00:00 0 
7f7ce5719000-7f7ce57fd000 ---p 00000000 00:00 0 
7f7ce57fd000-7f7ce5802000 rw-p 00000000 00:00 0 
7f7ce5802000-7f7ce58e6000 ---p 00000000 00:00 0 
7f7ce58e6000-7f7ce58ec000 rw-p 00000000 00:00 0 
7f7ce58ec000-7f7ce58f5000 ---p 00000000 00:00 0 
7f7ce58f5000-7f7ce58fb000 r--s 000f8000 08:20 55851                      /home/w/.cache/JetBrains/RemoteDev/dist/2b05049c6fa27_ideaIU-232.9921.28/plugins/java/lib/rt/debugger-agent.jar
7f7ce58fb000-7f7ce58fd000 r--p 00000000 08:20 47912                      /usr/lib/jvm/java-11-openjdk-amd64/lib/libzip.so
7f7ce58fd000-7f7ce5902000 r-xp 00002000 08:20 47912                      /usr/lib/jvm/java-11-openjdk-amd64/lib/libzip.so
7f7ce5902000-7f7ce5904000 r--p 00007000 08:20 47912                      /usr/lib/jvm/java-11-openjdk-amd64/lib/libzip.so
7f7ce5904000-7f7ce5905000 r--p 00008000 08:20 47912                      /usr/lib/jvm/java-11-openjdk-amd64/lib/libzip.so
7f7ce5905000-7f7ce5906000 rw-p 00009000 08:20 47912                      /usr/lib/jvm/java-11-openjdk-amd64/lib/libzip.so
7f7ce5906000-7f7ce5909000 r--p 00000000 08:20 41808                      /usr/lib/x86_64-linux-gnu/libnss_files-2.31.so
7f7ce5909000-7f7ce5910000 r-xp 00003000 08:20 41808                      /usr/lib/x86_64-linux-gnu/libnss_files-2.31.so
7f7ce5910000-7f7ce5912000 r--p 0000a000 08:20 41808                      /usr/lib/x86_64-linux-gnu/libnss_files-2.31.so
7f7ce5912000-7f7ce5913000 r--p 0000b000 08:20 41808                      /usr/lib/x86_64-linux-gnu/libnss_files-2.31.so
7f7ce5913000-7f7ce5914000 rw-p 0000c000 08:20 41808                      /usr/lib/x86_64-linux-gnu/libnss_files-2.31.so
7f7ce5914000-7f7ce591a000 rw-p 00000000 00:00 0 
7f7ce591c000-7f7ce5924000 rw-s 00000000 08:20 84175                      /tmp/hsperfdata_w/267743
7f7ce5924000-7f7ce5956000 r--p 00000000 08:20 22158                      /usr/lib/locale/C.UTF-8/LC_CTYPE
7f7ce5956000-7f7ce5957000 r--p 00000000 08:20 22164                      /usr/lib/locale/C.UTF-8/LC_NUMERIC
7f7ce5957000-7f7ce5958000 r--p 00000000 08:20 22167                      /usr/lib/locale/C.UTF-8/LC_TIME
7f7ce5958000-7f7ce5acb000 r--p 00000000 08:20 22157                      /usr/lib/locale/C.UTF-8/LC_COLLATE
7f7ce5acb000-7f7ce5acc000 r--p 00000000 08:20 22162                      /usr/lib/locale/C.UTF-8/LC_MONETARY
7f7ce5acc000-7f7ce5acd000 r--p 00000000 08:20 22161                      /usr/lib/locale/C.UTF-8/LC_MESSAGES/SYS_LC_MESSAGES
7f7ce5acd000-7f7ce5ace000 r--p 00000000 08:20 22165                      /usr/lib/locale/C.UTF-8/LC_PAPER
7f7ce5ace000-7f7ce5acf000 r--p 00000000 08:20 22163                      /usr/lib/locale/C.UTF-8/LC_NAME
7f7ce5acf000-7f7ce5ad0000 r--p 00000000 08:20 22156                      /usr/lib/locale/C.UTF-8/LC_ADDRESS
7f7ce5ad0000-7f7ce5ad1000 r--p 00000000 08:20 22166                      /usr/lib/locale/C.UTF-8/LC_TELEPHONE
7f7ce5ad1000-7f7ce5ad8000 r--s 00000000 08:20 42067                      /usr/lib/x86_64-linux-gnu/gconv/gconv-modules.cache
7f7ce5ad8000-7f7ce5dbe000 r--p 00000000 08:20 2680                       /usr/lib/locale/locale-archive
7f7ce5dbe000-7f7ce5dc0000 r--p 00000000 08:20 47887                      /usr/lib/jvm/java-11-openjdk-amd64/lib/libinstrument.so
7f7ce5dc0000-7f7ce5dc7000 r-xp 00002000 08:20 47887                      /usr/lib/jvm/java-11-openjdk-amd64/lib/libinstrument.so
7f7ce5dc7000-7f7ce5dca000 r--p 00009000 08:20 47887                      /usr/lib/jvm/java-11-openjdk-amd64/lib/libinstrument.so
7f7ce5dca000-7f7ce5dcb000 r--p 0000b000 08:20 47887                      /usr/lib/jvm/java-11-openjdk-amd64/lib/libinstrument.so
7f7ce5dcb000-7f7ce5dcc000 rw-p 0000c000 08:20 47887                      /usr/lib/jvm/java-11-openjdk-amd64/lib/libinstrument.so
7f7ce5dcc000-7f7ce5dce000 r--p 00000000 08:20 47894                      /usr/lib/jvm/java-11-openjdk-amd64/lib/libjdwp.so
7f7ce5dce000-7f7ce5dfb000 r-xp 00002000 08:20 47894                      /usr/lib/jvm/java-11-openjdk-amd64/lib/libjdwp.so
7f7ce5dfb000-7f7ce5e09000 r--p 0002f000 08:20 47894                      /usr/lib/jvm/java-11-openjdk-amd64/lib/libjdwp.so
7f7ce5e09000-7f7ce5e0a000 r--p 0003c000 08:20 47894                      /usr/lib/jvm/java-11-openjdk-amd64/lib/libjdwp.so
7f7ce5e0a000-7f7ce5e0b000 rw-p 0003d000 08:20 47894                      /usr/lib/jvm/java-11-openjdk-amd64/lib/libjdwp.so
7f7ce5e0b000-7f7ce5e0c000 ---p 00000000 00:00 0 
7f7ce5e0c000-7f7ce5e0d000 r--p 00000000 00:00 0 
7f7ce5e0d000-7f7ce5e1b000 r--p 00000000 08:20 47892                      /usr/lib/jvm/java-11-openjdk-amd64/lib/libjava.so
7f7ce5e1b000-7f7ce5e31000 r-xp 0000e000 08:20 47892                      /usr/lib/jvm/java-11-openjdk-amd64/lib/libjava.so
7f7ce5e31000-7f7ce5e38000 r--p 00024000 08:20 47892                      /usr/lib/jvm/java-11-openjdk-amd64/lib/libjava.so
7f7ce5e38000-7f7ce5e39000 r--p 0002a000 08:20 47892                      /usr/lib/jvm/java-11-openjdk-amd64/lib/libjava.so
7f7ce5e39000-7f7ce5e3a000 rw-p 0002b000 08:20 47892                      /usr/lib/jvm/java-11-openjdk-amd64/lib/libjava.so
7f7ce5e3a000-7f7ce5e3b000 rw-p 00000000 00:00 0 
7f7ce5e3b000-7f7ce5e40000 r--p 00000000 08:20 47911                      /usr/lib/jvm/java-11-openjdk-amd64/lib/libverify.so
7f7ce5e40000-7f7ce5e47000 r-xp 00005000 08:20 47911                      /usr/lib/jvm/java-11-openjdk-amd64/lib/libverify.so
7f7ce5e47000-7f7ce5e49000 r--p 0000c000 08:20 47911                      /usr/lib/jvm/java-11-openjdk-amd64/lib/libverify.so
7f7ce5e49000-7f7ce5e4a000 ---p 0000e000 08:20 47911                      /usr/lib/jvm/java-11-openjdk-amd64/lib/libverify.so
7f7ce5e4a000-7f7ce5e4c000 r--p 0000e000 08:20 47911                      /usr/lib/jvm/java-11-openjdk-amd64/lib/libverify.so
7f7ce5e4c000-7f7ce5e4d000 rw-p 00010000 08:20 47911                      /usr/lib/jvm/java-11-openjdk-amd64/lib/libverify.so
7f7ce5e4d000-7f7ce5e4f000 r--p 00000000 08:20 41815                      /usr/lib/x86_64-linux-gnu/librt-2.31.so
7f7ce5e4f000-7f7ce5e53000 r-xp 00002000 08:20 41815                      /usr/lib/x86_64-linux-gnu/librt-2.31.so
7f7ce5e53000-7f7ce5e55000 r--p 00006000 08:20 41815                      /usr/lib/x86_64-linux-gnu/librt-2.31.so
7f7ce5e55000-7f7ce5e56000 r--p 00007000 08:20 41815                      /usr/lib/x86_64-linux-gnu/librt-2.31.so
7f7ce5e56000-7f7ce5e57000 rw-p 00008000 08:20 41815                      /usr/lib/x86_64-linux-gnu/librt-2.31.so
7f7ce5e57000-7f7ce5e5b000 ---p 00000000 00:00 0 
7f7ce5e5b000-7f7ce5f58000 rw-p 00000000 00:00 0 
7f7ce5f58000-7f7ce5f5b000 r--p 00000000 08:20 41776                      /usr/lib/x86_64-linux-gnu/libgcc_s.so.1
7f7ce5f5b000-7f7ce5f6d000 r-xp 00003000 08:20 41776                      /usr/lib/x86_64-linux-gnu/libgcc_s.so.1
7f7ce5f6d000-7f7ce5f71000 r--p 00015000 08:20 41776                      /usr/lib/x86_64-linux-gnu/libgcc_s.so.1
7f7ce5f71000-7f7ce5f72000 r--p 00018000 08:20 41776                      /usr/lib/x86_64-linux-gnu/libgcc_s.so.1
7f7ce5f72000-7f7ce5f73000 rw-p 00019000 08:20 41776                      /usr/lib/x86_64-linux-gnu/libgcc_s.so.1
7f7ce5f73000-7f7ce5f80000 r--p 00000000 08:20 41802                      /usr/lib/x86_64-linux-gnu/libm-2.31.so
7f7ce5f80000-7f7ce6027000 r-xp 0000d000 08:20 41802                      /usr/lib/x86_64-linux-gnu/libm-2.31.so
7f7ce6027000-7f7ce60c0000 r--p 000b4000 08:20 41802                      /usr/lib/x86_64-linux-gnu/libm-2.31.so
7f7ce60c0000-7f7ce60c1000 r--p 0014c000 08:20 41802                      /usr/lib/x86_64-linux-gnu/libm-2.31.so
7f7ce60c1000-7f7ce60c2000 rw-p 0014d000 08:20 41802                      /usr/lib/x86_64-linux-gnu/libm-2.31.so
7f7ce60c2000-7f7ce6158000 r--p 00000000 08:20 40202                      /usr/lib/x86_64-linux-gnu/libstdc++.so.6.0.28
7f7ce6158000-7f7ce6249000 r-xp 00096000 08:20 40202                      /usr/lib/x86_64-linux-gnu/libstdc++.so.6.0.28
7f7ce6249000-7f7ce6292000 r--p 00187000 08:20 40202                      /usr/lib/x86_64-linux-gnu/libstdc++.so.6.0.28
7f7ce6292000-7f7ce6293000 ---p 001d0000 08:20 40202                      /usr/lib/x86_64-linux-gnu/libstdc++.so.6.0.28
7f7ce6293000-7f7ce629e000 r--p 001d0000 08:20 40202                      /usr/lib/x86_64-linux-gnu/libstdc++.so.6.0.28
7f7ce629e000-7f7ce62a1000 rw-p 001db000 08:20 40202                      /usr/lib/x86_64-linux-gnu/libstdc++.so.6.0.28
7f7ce62a1000-7f7ce62a4000 rw-p 00000000 00:00 0 
7f7ce62a4000-7f7ce6526000 r--p 00000000 08:20 47918                      /usr/lib/jvm/java-11-openjdk-amd64/lib/server/libjvm.so
7f7ce6526000-7f7ce71b3000 r-xp 00282000 08:20 47918                      /usr/lib/jvm/java-11-openjdk-amd64/lib/server/libjvm.so
7f7ce71b3000-7f7ce7414000 r--p 00f0f000 08:20 47918                      /usr/lib/jvm/java-11-openjdk-amd64/lib/server/libjvm.so
7f7ce7414000-7f7ce7415000 ---p 01170000 08:20 47918                      /usr/lib/jvm/java-11-openjdk-amd64/lib/server/libjvm.so
7f7ce7415000-7f7ce74d9000 r--p 01170000 08:20 47918                      /usr/lib/jvm/java-11-openjdk-amd64/lib/server/libjvm.so
7f7ce74d9000-7f7ce7514000 rw-p 01234000 08:20 47918                      /usr/lib/jvm/java-11-openjdk-amd64/lib/server/libjvm.so
7f7ce7514000-7f7ce756d000 rw-p 00000000 00:00 0 
7f7ce756d000-7f7ce758f000 r--p 00000000 08:20 41800                      /usr/lib/x86_64-linux-gnu/libc-2.31.so
7f7ce758f000-7f7ce7707000 r-xp 00022000 08:20 41800                      /usr/lib/x86_64-linux-gnu/libc-2.31.so
7f7ce7707000-7f7ce7755000 r--p 0019a000 08:20 41800                      /usr/lib/x86_64-linux-gnu/libc-2.31.so
7f7ce7755000-7f7ce7759000 r--p 001e7000 08:20 41800                      /usr/lib/x86_64-linux-gnu/libc-2.31.so
7f7ce7759000-7f7ce775b000 rw-p 001eb000 08:20 41800                      /usr/lib/x86_64-linux-gnu/libc-2.31.so
7f7ce775b000-7f7ce775f000 rw-p 00000000 00:00 0 
7f7ce775f000-7f7ce7760000 r--p 00000000 08:20 41801                      /usr/lib/x86_64-linux-gnu/libdl-2.31.so
7f7ce7760000-7f7ce7762000 r-xp 00001000 08:20 41801                      /usr/lib/x86_64-linux-gnu/libdl-2.31.so
7f7ce7762000-7f7ce7763000 r--p 00003000 08:20 41801                      /usr/lib/x86_64-linux-gnu/libdl-2.31.so
7f7ce7763000-7f7ce7764000 r--p 00003000 08:20 41801                      /usr/lib/x86_64-linux-gnu/libdl-2.31.so
7f7ce7764000-7f7ce7765000 rw-p 00004000 08:20 41801                      /usr/lib/x86_64-linux-gnu/libdl-2.31.so
7f7ce7765000-7f7ce7768000 r--p 00000000 08:20 47877                      /usr/lib/jvm/java-11-openjdk-amd64/lib/jli/libjli.so
7f7ce7768000-7f7ce7772000 r-xp 00003000 08:20 47877                      /usr/lib/jvm/java-11-openjdk-amd64/lib/jli/libjli.so
7f7ce7772000-7f7ce7775000 r--p 0000d000 08:20 47877                      /usr/lib/jvm/java-11-openjdk-amd64/lib/jli/libjli.so
7f7ce7775000-7f7ce7776000 ---p 00010000 08:20 47877                      /usr/lib/jvm/java-11-openjdk-amd64/lib/jli/libjli.so
7f7ce7776000-7f7ce7777000 r--p 00010000 08:20 47877                      /usr/lib/jvm/java-11-openjdk-amd64/lib/jli/libjli.so
7f7ce7777000-7f7ce7778000 rw-p 00011000 08:20 47877                      /usr/lib/jvm/java-11-openjdk-amd64/lib/jli/libjli.so
7f7ce7778000-7f7ce777e000 r--p 00000000 08:20 41813                      /usr/lib/x86_64-linux-gnu/libpthread-2.31.so
7f7ce777e000-7f7ce778f000 r-xp 00006000 08:20 41813                      /usr/lib/x86_64-linux-gnu/libpthread-2.31.so
7f7ce778f000-7f7ce7795000 r--p 00017000 08:20 41813                      /usr/lib/x86_64-linux-gnu/libpthread-2.31.so
7f7ce7795000-7f7ce7796000 r--p 0001c000 08:20 41813                      /usr/lib/x86_64-linux-gnu/libpthread-2.31.so
7f7ce7796000-7f7ce7797000 rw-p 0001d000 08:20 41813                      /usr/lib/x86_64-linux-gnu/libpthread-2.31.so
7f7ce7797000-7f7ce779b000 rw-p 00000000 00:00 0 
7f7ce779b000-7f7ce779d000 r--p 00000000 08:20 13174                      /usr/lib/x86_64-linux-gnu/libz.so.1.2.11
7f7ce779d000-7f7ce77ae000 r-xp 00002000 08:20 13174                      /usr/lib/x86_64-linux-gnu/libz.so.1.2.11
7f7ce77ae000-7f7ce77b4000 r--p 00013000 08:20 13174                      /usr/lib/x86_64-linux-gnu/libz.so.1.2.11
7f7ce77b4000-7f7ce77b5000 ---p 00019000 08:20 13174                      /usr/lib/x86_64-linux-gnu/libz.so.1.2.11
7f7ce77b5000-7f7ce77b6000 r--p 00019000 08:20 13174                      /usr/lib/x86_64-linux-gnu/libz.so.1.2.11
7f7ce77b6000-7f7ce77b7000 rw-p 0001a000 08:20 13174                      /usr/lib/x86_64-linux-gnu/libz.so.1.2.11
7f7ce77b7000-7f7ce77b8000 r--p 00000000 08:20 22160                      /usr/lib/locale/C.UTF-8/LC_MEASUREMENT
7f7ce77b8000-7f7ce77ba000 r--p 00000000 08:20 47895                      /usr/lib/jvm/java-11-openjdk-amd64/lib/libjimage.so
7f7ce77ba000-7f7ce77bd000 r-xp 00002000 08:20 47895                      /usr/lib/jvm/java-11-openjdk-amd64/lib/libjimage.so
7f7ce77bd000-7f7ce77be000 r--p 00005000 08:20 47895                      /usr/lib/jvm/java-11-openjdk-amd64/lib/libjimage.so
7f7ce77be000-7f7ce77bf000 ---p 00006000 08:20 47895                      /usr/lib/jvm/java-11-openjdk-amd64/lib/libjimage.so
7f7ce77bf000-7f7ce77c0000 r--p 00006000 08:20 47895                      /usr/lib/jvm/java-11-openjdk-amd64/lib/libjimage.so
7f7ce77c0000-7f7ce77c1000 rw-p 00007000 08:20 47895                      /usr/lib/jvm/java-11-openjdk-amd64/lib/libjimage.so
7f7ce77c1000-7f7ce77c3000 rw-p 00000000 00:00 0 
7f7ce77c3000-7f7ce77c4000 r--p 00000000 08:20 40200                      /usr/lib/x86_64-linux-gnu/ld-2.31.so
7f7ce77c4000-7f7ce77e7000 r-xp 00001000 08:20 40200                      /usr/lib/x86_64-linux-gnu/ld-2.31.so
7f7ce77e7000-7f7ce77ef000 r--p 00024000 08:20 40200                      /usr/lib/x86_64-linux-gnu/ld-2.31.so
7f7ce77ef000-7f7ce77f0000 r--p 00000000 08:20 22159                      /usr/lib/locale/C.UTF-8/LC_IDENTIFICATION
7f7ce77f0000-7f7ce77f1000 r--p 0002c000 08:20 40200                      /usr/lib/x86_64-linux-gnu/ld-2.31.so
7f7ce77f1000-7f7ce77f2000 rw-p 0002d000 08:20 40200                      /usr/lib/x86_64-linux-gnu/ld-2.31.so
7f7ce77f2000-7f7ce77f3000 rw-p 00000000 00:00 0 
7ffec5cb6000-7ffec5cd7000 rw-p 00000000 00:00 0                          [stack]
7ffec5cdc000-7ffec5ce0000 r--p 00000000 00:00 0                          [vvar]
7ffec5ce0000-7ffec5ce2000 r-xp 00000000 00:00 0                          [vdso]


VM Arguments:
jvm_args: -agentlib:jdwp=transport=dt_socket,address=127.0.0.1:60743,suspend=y,server=n -javaagent:/home/w/.cache/JetBrains/RemoteDev/dist/2b05049c6fa27_ideaIU-232.9921.28/plugins/java/lib/rt/debugger-agent.jar -Dfile.encoding=UTF-8 
java_command: Main
java_class_path (initial): /home/w/.cache/JetBrains/RemoteDev/dist/2b05049c6fa27_ideaIU-232.9921.28/plugins/remote-dev-server/selfcontained/fontconfig/out/production/Lab:/usr/local/lib/antlr-4.9.1-complete.jar:/usr/local/lib/javacpp-1.5.7-linux-x86_64.jar:/usr/local/lib/javacpp-1.5.7.jar:/usr/local/lib/llvm-13.0.1-1.5.7-linux-x86_64.jar:/usr/local/lib/llvm-13.0.1-1.5.7.jar:/usr/local/lib/llvm-platform-13.0.1-1.5.7.jar:/home/w/.cache/JetBrains/RemoteDev/dist/2b05049c6fa27_ideaIU-232.9921.28/lib/idea_rt.jar
Launcher Type: SUN_STANDARD

[Global flags]
     intx CICompilerCount                          = 12                                        {product} {ergonomic}
     uint ConcGCThreads                            = 3                                         {product} {ergonomic}
     uint G1ConcRefinementThreads                  = 13                                        {product} {ergonomic}
   size_t G1HeapRegionSize                         = 1048576                                   {product} {ergonomic}
    uintx GCDrainStackTargetSize                   = 64                                        {product} {ergonomic}
   size_t InitialHeapSize                          = 127926272                                 {product} {ergonomic}
   size_t MarkStackSize                            = 4194304                                   {product} {ergonomic}
   size_t MaxHeapSize                              = 2036334592                                {product} {ergonomic}
   size_t MaxNewSize                               = 1221591040                                {product} {ergonomic}
   size_t MinHeapDeltaBytes                        = 1048576                                   {product} {ergonomic}
    uintx NonNMethodCodeHeapSize                   = 7594288                                {pd product} {ergonomic}
    uintx NonProfiledCodeHeapSize                  = 122031976                              {pd product} {ergonomic}
    uintx ProfiledCodeHeapSize                     = 122031976                              {pd product} {ergonomic}
    uintx ReservedCodeCacheSize                    = 251658240                              {pd product} {ergonomic}
     bool SegmentedCodeCache                       = true                                      {product} {ergonomic}
     bool UseCompressedClassPointers               = true                                 {lp64_product} {ergonomic}
     bool UseCompressedOops                        = true                                 {lp64_product} {ergonomic}
     bool UseG1GC                                  = true                                      {product} {ergonomic}

Logging:
Log output configuration:
 #0: stdout all=warning uptime,level,tags
 #1: stderr all=off uptime,level,tags

Environment Variables:
PATH=/usr/local/sbin:/usr/local/bin:/usr/sbin:/usr/bin:/sbin:/bin:/usr/games:/usr/local/games:/usr/lib/wsl/lib:/mnt/c/Python312/Scripts/:/mnt/c/Python312/:/mnt/c/Program Files (x86)/Common Files/Oracle/Java/javapath:/mnt/c/Windows/system32:/mnt/c/Windows:/mnt/c/Windows/System32/Wbem:/mnt/c/Windows/System32/WindowsPowerShell/v1.0/:/mnt/c/Windows/System32/OpenSSH/:/mnt/d/mingw64/bin:/mnt/d/codes/vx/web/dll:/mnt/d/cod:/mnt/c/ProgramData/chocolatey/bin:/mnt/c/Users/anti/AppData/Local/Google/Chrome/Application:/mnt/e/web/dll:/mnt/d/cod:/mnt/d/Git/cmd:/mnt/c/Users/anti/AppData/Local/Programs/Python/Python310/Scripts/:/mnt/c/Users/anti/AppData/Local/Programs/Python/Python310/:/mnt/c/Users/anti/AppData/Local/Microsoft/WindowsApps:/mnt/d/CLion 2022.2.3/bin:/mnt/d/Microsoft VS Code/bin:/mnt/d/mingw64/bin:/mnt/f/QQGameTempest/Hall.57915/:/mnt/c/Users/anti/AppData/Local/JetBrains/Toolbox/scripts:/mnt/c/Users/anti/AppData/Local/Microsoft/WindowsApps:/mnt/c/Users/anti/AppData/Local/Pandoc/:/mnt/c/Users/anti/AppData/Roaming/npm:/mnt/d/code/appium:/mnt/d/code/android-sdk-windows/platform-tools:/mnt/d/code/android-sdk-windows/tools:/mnt/c/Program Files/Java/jdk1.8.0_301/bin:/mnt/c/Program Files/Java/jdk1.8.0_301/bin:/mnt/d/code/android-sdk-windows/build-tools/29.0.3:/mnt/d/code/appium/node/:/mnt/f/pyCharm/PyCharm 2024.1/bin:/mnt/e/WebStorm 2023.3.4/bin:/snap/bin
SHELL=/bin/bash
DISPLAY=:0
HOSTTYPE=x86_64
LANG=C.UTF-8
TERM=xterm-256color

Signal Handlers:
SIGSEGV: [libjvm.so+0xe9cbc0], sa_mask[0]=11111111011111111101111111111110, sa_flags=SA_RESTART|SA_SIGINFO
SIGBUS: [libjvm.so+0xe9cbc0], sa_mask[0]=11111111011111111101111111111110, sa_flags=SA_RESTART|SA_SIGINFO
SIGFPE: [libjvm.so+0xe9cbc0], sa_mask[0]=11111111011111111101111111111110, sa_flags=SA_RESTART|SA_SIGINFO
SIGPIPE: [libjvm.so+0xbe3c50], sa_mask[0]=11111111011111111101111111111110, sa_flags=SA_RESTART|SA_SIGINFO
SIGXFSZ: [libjvm.so+0xbe3c50], sa_mask[0]=11111111011111111101111111111110, sa_flags=SA_RESTART|SA_SIGINFO
SIGILL: [libjvm.so+0xe9cbc0], sa_mask[0]=11111111011111111101111111111110, sa_flags=SA_RESTART|SA_SIGINFO
SIGUSR2: [libjvm.so+0xbe3af0], sa_mask[0]=00100000000000000000000000000000, sa_flags=SA_RESTART|SA_SIGINFO
SIGHUP: [libjvm.so+0xbe42b0], sa_mask[0]=11111111011111111101111111111110, sa_flags=SA_RESTART|SA_SIGINFO
SIGINT: [libjvm.so+0xbe42b0], sa_mask[0]=11111111011111111101111111111110, sa_flags=SA_RESTART|SA_SIGINFO
SIGTERM: [libjvm.so+0xbe42b0], sa_mask[0]=11111111011111111101111111111110, sa_flags=SA_RESTART|SA_SIGINFO
SIGQUIT: [libjvm.so+0xbe42b0], sa_mask[0]=11111111011111111101111111111110, sa_flags=SA_RESTART|SA_SIGINFO


---------------  S Y S T E M  ---------------

OS:DISTRIB_ID=Ubuntu
DISTRIB_RELEASE=20.04
DISTRIB_CODENAME=focal
DISTRIB_DESCRIPTION="Ubuntu 20.04.6 LTS"
uname:Linux 5.15.153.1-microsoft-standard-WSL2 #1 SMP Fri Mar 29 23:14:13 UTC 2024 x86_64
OS uptime: 0 days 17:43 hours
libc:glibc 2.31 NPTL 2.31 
rlimit (soft/hard): STACK 8192k/infinity , CORE 0k/infinity , NPROC 31039/31039 , NOFILE 1048576/1048576 , AS infinity/infinity , CPU infinity/infinity , DATA infinity/infinity , FSIZE infinity/infinity , MEMLOCK 65536k/65536k
load average:2.39 0.83 0.44

/proc/meminfo:
MemTotal:        7952732 kB
MemFree:         2614808 kB
MemAvailable:    3517004 kB
Buffers:            3560 kB
Cached:          1051560 kB
SwapCached:          688 kB
Active:           234896 kB
Inactive:        4406872 kB
Active(anon):       5092 kB
Inactive(anon):  3585460 kB
Active(file):     229804 kB
Inactive(file):   821412 kB
Unevictable:           0 kB
Mlocked:               0 kB
SwapTotal:       2097152 kB
SwapFree:        2070544 kB
Dirty:              2304 kB
Writeback:             0 kB
AnonPages:       3578948 kB
Mapped:           968880 kB
Shmem:              3896 kB
KReclaimable:     133116 kB
Slab:             251304 kB
SReclaimable:     133116 kB
SUnreclaim:       118188 kB
KernelStack:        8288 kB
PageTables:        16208 kB
NFS_Unstable:          0 kB
Bounce:                0 kB
WritebackTmp:          0 kB
CommitLimit:     6073516 kB
Committed_AS:    4076940 kB
VmallocTotal:   34359738367 kB
VmallocUsed:      104908 kB
VmallocChunk:          0 kB
Percpu:            10368 kB
AnonHugePages:   3147776 kB
ShmemHugePages:        0 kB
ShmemPmdMapped:        0 kB
FileHugePages:         0 kB
FilePmdMapped:         0 kB
HugePages_Total:       0
HugePages_Free:        0
HugePages_Rsvd:        0
HugePages_Surp:        0
Hugepagesize:       2048 kB
Hugetlb:               0 kB
DirectMap4k:      166912 kB
DirectMap2M:     6987776 kB
DirectMap1G:     9437184 kB

/sys/kernel/mm/transparent_hugepage/enabled:
[always] madvise never
/sys/kernel/mm/transparent_hugepage/defrag (defrag/compaction efforts parameter):
always defer defer+madvise [madvise] never

Process Memory:
Virtual Size: 5317656K (peak: 13436800K)
Resident Set Size: 105456K (peak: 105832K) (anon: 50180K, file: 55276K, shmem: 0K)
Swapped out: 0K
C-Heap outstanding allocations: 32730K, retained: 8869K
glibc malloc tunables: (default)

/proc/sys/kernel/threads-max (system-wide limit on the number of threads):
62078
/proc/sys/vm/max_map_count (maximum number of memory map areas a process may have):
65530
/proc/sys/kernel/pid_max (system-wide limit on number of process identifiers):
4194304

container (cgroup) information:
container_type: cgroupv1
cpu_cpuset_cpus: 0-15
cpu_memory_nodes: 0
active_processor_count: 16
cpu_quota: no quota
cpu_period: 100000
cpu_shares: no shares
memory_limit_in_bytes: unlimited
memory_and_swap_limit_in_bytes: unlimited
memory_soft_limit_in_bytes: unlimited
memory_usage_in_bytes: 4634068 k
memory_max_usage_in_bytes: 839520 k
kernel_memory_usage_in_bytes: 50820 k
kernel_memory_max_usage_in_bytes: unlimited
kernel_memory_limit_in_bytes: 65672 k
maximum number of tasks: not supported
current number of tasks: not supported

Hyper-V virtualization detected
Steal ticks since vm start: 0
Steal ticks percentage since vm start:  0.000

CPU:total 16 (initial active 16) (8 cores per cpu, 2 threads per core) family 6 model 154 stepping 3 microcode 0xffffffff, cmov, cx8, fxsr, mmx, sse, sse2, sse3, ssse3, sse4.1, sse4.2, popcnt, avx, avx2, aes, clmul, erms, 3dnowpref, lzcnt, ht, tsc, tscinvbit, bmi1, bmi2, adx, sha, fma
CPU Model and flags from /proc/cpuinfo:
model name	: 12th Gen Intel(R) Core(TM) i5-1240P
flags		: fpu vme de pse tsc msr pae mce cx8 apic sep mtrr pge mca cmov pat pse36 clflush mmx fxsr sse sse2 ss ht syscall nx pdpe1gb rdtscp lm constant_tsc rep_good nopl xtopology tsc_reliable nonstop_tsc cpuid pni pclmulqdq ssse3 fma cx16 sse4_1 sse4_2 x2apic movbe popcnt tsc_deadline_timer aes xsave avx f16c rdrand hypervisor lahf_lm abm 3dnowprefetch ssbd ibrs ibpb stibp ibrs_enhanced fsgsbase tsc_adjust bmi1 avx2 smep bmi2 erms invpcid rdseed adx smap clflushopt clwb sha_ni xsaveopt xsavec xgetbv1 xsaves avx_vnni umip waitpkg gfni vaes vpclmulqdq rdpid movdiri movdir64b fsrm md_clear serialize flush_l1d arch_capabilities
Online cpus:
0-15
Offline cpus:

BIOS frequency limitation:
<Not Available>
Frequency switch latency (ns):
<Not Available>
Available cpu frequencies:
<Not Available>
Current governor:
<Not Available>
Core performance/turbo boost:
<Not Available>

Memory: 4k page, physical 7952732k(2614808k free), swap 2097152k(2070544k free)

vm_info: OpenJDK 64-Bit Server VM (11.0.22+7-post-Ubuntu-0ubuntu220.04.1) for linux-amd64 JRE (11.0.22+7-post-Ubuntu-0ubuntu220.04.1), built on Feb  5 2024 20:49:28 by "unknown" with gcc 10.5.0

END.
