#
# A fatal error has been detected by the Java Runtime Environment:
#
#  SIGSEGV (0xb) at pc=0x00007fd7a2119e80, pid=267521, tid=267525
#
# JRE version: OpenJDK Runtime Environment (11.0.22+7) (build 11.0.22+7-post-Ubuntu-0ubuntu220.04.1)
# Java VM: OpenJDK 64-Bit Server VM (11.0.22+7-post-Ubuntu-0ubuntu220.04.1, mixed mode, sharing, tiered, compressed oops, g1 gc, linux-amd64)
# Problematic frame:
# C  [libLLVM-13.so+0xbede80]  llvm::BasicBlock::getModule() const+0x0
#
# No core dump will be written. Core dumps have been disabled. To enable core dumping, try "ulimit -c unlimited" before starting Java again
#
# If you would like to submit a bug report, please visit:
#   https://bugs.launchpad.net/ubuntu/+source/openjdk-lts
# The crash happened outside the Java Virtual Machine in native code.
# See problematic frame for where to report the bug.
#

---------------  S U M M A R Y ------------

Command Line: -agentlib:jdwp=transport=dt_socket,address=127.0.0.1:60817,suspend=y,server=n -javaagent:/home/w/.cache/JetBrains/RemoteDev/dist/2b05049c6fa27_ideaIU-232.9921.28/plugins/java/lib/rt/debugger-agent.jar -Dfile.encoding=UTF-8 Main

Host: 12th Gen Intel(R) Core(TM) i5-1240P, 16 cores, 7G, Ubuntu 20.04.6 LTS
Time: Mon May 13 21:31:50 2024 HKT elapsed time: 50.104473 seconds (0d 0h 0m 50s)

---------------  T H R E A D  ---------------

Current thread (0x00007fd82c01c000):  JavaThread "main" [_thread_in_native, id=267525, stack(0x00007fd830722000,0x00007fd830823000)]

Stack: [0x00007fd830722000,0x00007fd830823000],  sp=0x00007fd830820d08,  free space=1019k
Native frames: (J=compiled Java code, A=aot compiled Java code, j=interpreted, Vv=VM code, C=native code)
C  [libLLVM-13.so+0xbede80]  llvm::BasicBlock::getModule() const+0x0

Java frames: (J=compiled Java code, j=interpreted, Vv=VM code)
j  org.bytedeco.llvm.global.LLVM.LLVMBuildLoad(Lorg/bytedeco/llvm/LLVM/LLVMBuilderRef;Lorg/bytedeco/llvm/LLVM/LLVMValueRef;Ljava/lang/String;)Lorg/bytedeco/llvm/LLVM/LLVMValueRef;+0
j  LLVMIRVisitor.visitLValExp(LSysYParser$LValExpContext;)Lorg/bytedeco/llvm/LLVM/LLVMValueRef;+21
j  LLVMIRVisitor.visitLValExp(LSysYParser$LValExpContext;)Ljava/lang/Object;+2
j  SysYParser$LValExpContext.accept(Lorg/antlr/v4/runtime/tree/ParseTreeVisitor;)Ljava/lang/Object;+12
j  org.antlr.v4.runtime.tree.AbstractParseTreeVisitor.visitChildren(Lorg/antlr/v4/runtime/tree/RuleNode;)Ljava/lang/Object;+46
j  SysYParserBaseVisitor.visitInitVal(LSysYParser$InitValContext;)Ljava/lang/Object;+2
j  SysYParser$InitValContext.accept(Lorg/antlr/v4/runtime/tree/ParseTreeVisitor;)Ljava/lang/Object;+12
j  org.antlr.v4.runtime.tree.AbstractParseTreeVisitor.visit(Lorg/antlr/v4/runtime/tree/ParseTree;)Ljava/lang/Object;+2
j  LLVMIRVisitor.visitVarDef(LSysYParser$VarDefContext;)Lorg/bytedeco/llvm/LLVM/LLVMValueRef;+39
j  LLVMIRVisitor.visitVarDef(LSysYParser$VarDefContext;)Ljava/lang/Object;+2
j  SysYParser$VarDefContext.accept(Lorg/antlr/v4/runtime/tree/ParseTreeVisitor;)Ljava/lang/Object;+12
j  org.antlr.v4.runtime.tree.AbstractParseTreeVisitor.visitChildren(Lorg/antlr/v4/runtime/tree/RuleNode;)Ljava/lang/Object;+46
j  SysYParserBaseVisitor.visitVarDecl(LSysYParser$VarDeclContext;)Ljava/lang/Object;+2
j  SysYParser$VarDeclContext.accept(Lorg/antlr/v4/runtime/tree/ParseTreeVisitor;)Ljava/lang/Object;+12
j  org.antlr.v4.runtime.tree.AbstractParseTreeVisitor.visitChildren(Lorg/antlr/v4/runtime/tree/RuleNode;)Ljava/lang/Object;+46
j  SysYParserBaseVisitor.visitDecl(LSysYParser$DeclContext;)Ljava/lang/Object;+2
j  SysYParser$DeclContext.accept(Lorg/antlr/v4/runtime/tree/ParseTreeVisitor;)Ljava/lang/Object;+12
j  org.antlr.v4.runtime.tree.AbstractParseTreeVisitor.visitChildren(Lorg/antlr/v4/runtime/tree/RuleNode;)Ljava/lang/Object;+46
j  SysYParserBaseVisitor.visitCompUnit(LSysYParser$CompUnitContext;)Ljava/lang/Object;+2
j  SysYParser$CompUnitContext.accept(Lorg/antlr/v4/runtime/tree/ParseTreeVisitor;)Ljava/lang/Object;+12
j  org.antlr.v4.runtime.tree.AbstractParseTreeVisitor.visitChildren(Lorg/antlr/v4/runtime/tree/RuleNode;)Ljava/lang/Object;+46
j  SysYParserBaseVisitor.visitProgram(LSysYParser$ProgramContext;)Ljava/lang/Object;+2
j  LLVMIRVisitor.visitProgram(LSysYParser$ProgramContext;)Lorg/bytedeco/llvm/LLVM/LLVMValueRef;+14
j  LLVMIRVisitor.visitProgram(LSysYParser$ProgramContext;)Ljava/lang/Object;+2
j  SysYParser$ProgramContext.accept(Lorg/antlr/v4/runtime/tree/ParseTreeVisitor;)Ljava/lang/Object;+12
j  org.antlr.v4.runtime.tree.AbstractParseTreeVisitor.visit(Lorg/antlr/v4/runtime/tree/ParseTree;)Ljava/lang/Object;+2
j  Main.main([Ljava/lang/String;)V+62
v  ~StubRoutines::call_stub

siginfo: si_signo: 11 (SIGSEGV), si_code: 1 (SEGV_MAPERR), si_addr: 0x0000000000000038

Register to memory mapping:

RAX=0x00007fd82c4a8da0 points into unknown readable memory: 0x00007fd82c4a2b10 | 10 2b 4a 2c d8 7f 00 00
RBX=0x00007fd82c490320 points into unknown readable memory: 0x00007fd82c4a8da0 | a0 8d 4a 2c d8 7f 00 00
RCX=0x0000000000000067 is an unknown value
RDX=0x00007fd7b80172e0 points into unknown readable memory: 0x00007fd7b8010067 | 67 00 01 b8 d7 7f 00 00
RSP=0x00007fd830820d08 is pointing into the stack for thread: 0x00007fd82c01c000
RBP=0x00007fd82c47fa30 points into unknown readable memory: 0x00007fd82c47fa40 | 40 fa 47 2c d8 7f 00 00
RSI=0x0000000000000101 is an unknown value
RDI=0x0 is NULL
R8 =0x000000008d42c560 points into unknown readable memory: 0x0000000000000067 | 67 00 00 00 00 00 00 00
R9 =0x00007fd82c01c000 is a thread
R10=0xfffffffffffff55a is an unknown value
R11=0x00007fd7a2158870: LLVMBuildLoad+0x0000000000000000 in /home/w/.javacpp/cache/llvm-13.0.1-1.5.7-linux-x86_64.jar/org/bytedeco/llvm/linux-x86_64/libLLVM-13.so at 0x00007fd7a152c000
R12=0x00007fd830820e58 is pointing into the stack for thread: 0x00007fd82c01c000
R13=0x00007fd82c490320 points into unknown readable memory: 0x00007fd82c4a8da0 | a0 8d 4a 2c d8 7f 00 00
R14=0x00007fd82c4a3298 points into unknown readable memory: 0x00007fd82c4a2b10 | 10 2b 4a 2c d8 7f 00 00
R15=0x00007fd82c01c000 is a thread


Registers:
RAX=0x00007fd82c4a8da0, RBX=0x00007fd82c490320, RCX=0x0000000000000067, RDX=0x00007fd7b80172e0
RSP=0x00007fd830820d08, RBP=0x00007fd82c47fa30, RSI=0x0000000000000101, RDI=0x0000000000000000
R8 =0x000000008d42c560, R9 =0x00007fd82c01c000, R10=0xfffffffffffff55a, R11=0x00007fd7a2158870
R12=0x00007fd830820e58, R13=0x00007fd82c490320, R14=0x00007fd82c4a3298, R15=0x00007fd82c01c000
RIP=0x00007fd7a2119e80, EFLAGS=0x0000000000010202, CSGSFS=0x002b000000000033, ERR=0x0000000000000004
  TRAPNO=0x000000000000000e

Top of Stack: (sp=0x00007fd830820d08)
0x00007fd830820d08:   00007fd7a21588aa 00007fd7b80172e0
0x00007fd830820d18:   0000000000000000 00007fd82c01c000
0x00007fd830820d28:   00007fd82c1a1520 0000000000000103
0x00007fd830820d38:   0000000000000001 00007fd7b80172e0 

Instructions: (pc=0x00007fd7a2119e80)
0x00007fd7a2119d80:   ff 66 0f ef c0 48 89 02 48 89 50 08 41 0f 11 45
0x00007fd7a2119d90:   00 e8 5a 4b 17 00 4c 39 f3 75 c5 4d 8b 6c 24 30
0x00007fd7a2119da0:   4c 39 ed 74 3b 0f 1f 00 4c 89 eb 48 89 ef 4d 8b
0x00007fd7a2119db0:   6d 08 4c 8d 73 e8 4c 89 f6 e8 42 fd ff ff 48 8b
0x00007fd7a2119dc0:   03 48 8b 53 08 66 0f ef c9 4c 89 f7 48 89 02 48
0x00007fd7a2119dd0:   89 50 08 0f 11 0b e8 15 4b 17 00 4c 39 ed 75 c8
0x00007fd7a2119de0:   48 83 c4 08 4c 89 e7 5b 5d 41 5c 41 5d 41 5e 41
0x00007fd7a2119df0:   5f e9 fa 48 17 00 66 2e 0f 1f 84 00 00 00 00 00
0x00007fd7a2119e00:   48 8d 4b e8 48 89 c8 48 29 d0 e9 11 ff ff ff 90
0x00007fd7a2119e10:   48 8b 07 48 8b 38 e8 45 13 16 00 31 d2 be 01 00
0x00007fd7a2119e20:   00 00 48 89 c7 e8 b6 2a 02 00 48 89 c3 49 8b 44
0x00007fd7a2119e30:   24 08 48 85 c0 0f 84 a2 fe ff ff 0f 1f 44 00 00
0x00007fd7a2119e40:   48 8b 68 18 31 d2 48 89 df 48 8b 75 00 e8 ae bc
0x00007fd7a2119e50:   02 00 48 89 ef 48 89 c6 e8 63 65 17 00 48 89 ef
0x00007fd7a2119e60:   e8 4b 81 02 00 49 8b 44 24 08 48 85 c0 75 d1 e9
0x00007fd7a2119e70:   69 fe ff ff 66 2e 0f 1f 84 00 00 00 00 00 66 90
0x00007fd7a2119e80:   48 8b 47 38 48 8b 40 28 c3 0f 1f 80 00 00 00 00
0x00007fd7a2119e90:   48 8b 47 28 48 83 c7 28 48 39 f8 74 2b 48 85 c0
0x00007fd7a2119ea0:   0f 84 9e 9d d3 ff 4c 8d 40 e8 0f b6 40 f8 83 e8
0x00007fd7a2119eb0:   1b 83 f8 0b b8 00 00 00 00 4c 0f 43 c0 4c 89 c0
0x00007fd7a2119ec0:   c3 0f 1f 80 00 00 00 00 45 31 c0 eb f0 0f 1f 00
0x00007fd7a2119ed0:   48 8b 47 28 48 8d 57 28 48 39 d0 0f 84 af 00 00
0x00007fd7a2119ee0:   00 48 85 c0 0f 84 64 9d d3 ff 45 31 c0 80 78 f8
0x00007fd7a2119ef0:   1b 75 23 48 8b 57 30 48 8d 48 e8 48 85 d2 74 09
0x00007fd7a2119f00:   48 83 ea 18 48 39 d1 74 0d 48 8b 50 10 45 31 c0
0x00007fd7a2119f10:   48 39 42 30 75 0a 4c 89 c0 c3 66 0f 1f 44 00 00
0x00007fd7a2119f20:   4c 8b 00 4d 85 c0 74 ee 8b 50 fc 49 8d 48 e8 81
0x00007fd7a2119f30:   e2 ff ff ff 07 74 3e 89 d2 48 f7 da 48 c1 e2 05
0x00007fd7a2119f40:   48 8b 44 10 e8 48 85 c0 74 2b 48 39 c1 75 41 41
0x00007fd7a2119f50:   80 78 f8 4b 75 1f 49 8b 40 10 4c 39 40 30 74 30
0x00007fd7a2119f60:   49 8b 48 c8 4d 8b 00 4d 85 c0 74 aa 49 83 e8 18
0x00007fd7a2119f70:   4c 39 c1 75 1b 45 31 c0 80 79 10 52 75 98 0f b7 


Stack slot to memory mapping:
stack at sp + 0 slots: 0x00007fd7a21588aa: LLVMBuildLoad+0x000000000000003a in /home/w/.javacpp/cache/llvm-13.0.1-1.5.7-linux-x86_64.jar/org/bytedeco/llvm/linux-x86_64/libLLVM-13.so at 0x00007fd7a152c000
stack at sp + 1 slots: 0x00007fd7b80172e0 points into unknown readable memory: 0x00007fd7b8010067 | 67 00 01 b8 d7 7f 00 00
stack at sp + 2 slots: 0x0 is NULL
stack at sp + 3 slots: 0x00007fd82c01c000 is a thread
stack at sp + 4 slots: 0x00007fd82c1a1520 points into unknown readable memory: 0x000000008d42c550 | 50 c5 42 8d 00 00 00 00
stack at sp + 5 slots: 0x0000000000000103 is an unknown value
stack at sp + 6 slots: 0x0000000000000001 is an unknown value
stack at sp + 7 slots: 0x00007fd7b80172e0 points into unknown readable memory: 0x00007fd7b8010067 | 67 00 01 b8 d7 7f 00 00


---------------  P R O C E S S  ---------------

Threads class SMR info:
_java_thread_list=0x00007fd7b0004370, length=11, elements={
0x00007fd82c01c000, 0x00007fd82c1a3000, 0x00007fd82c1a5000, 0x00007fd82c1a9800,
0x00007fd82c1ab800, 0x00007fd82c1ad800, 0x00007fd82c1af800, 0x00007fd82c1b1800,
0x00007fd82c1d7800, 0x00007fd82c226000, 0x00007fd82c3b6800
}

Java Threads: ( => current thread )
=>0x00007fd82c01c000 JavaThread "main" [_thread_in_native, id=267525, stack(0x00007fd830722000,0x00007fd830823000)]
  0x00007fd82c1a3000 JavaThread "Reference Handler" daemon [_thread_blocked, id=267539, stack(0x00007fd8033fc000,0x00007fd8034fd000)]
  0x00007fd82c1a5000 JavaThread "Finalizer" daemon [_thread_blocked, id=267540, stack(0x00007fd8032fb000,0x00007fd8033fc000)]
  0x00007fd82c1a9800 JavaThread "Signal Dispatcher" daemon [_thread_blocked, id=267543, stack(0x00007fd8031fa000,0x00007fd8032fb000)]
  0x00007fd82c1ab800 JavaThread "Service Thread" daemon [_thread_blocked, id=267544, stack(0x00007fd8030f9000,0x00007fd8031fa000)]
  0x00007fd82c1ad800 JavaThread "C2 CompilerThread0" daemon [_thread_blocked, id=267545, stack(0x00007fd802ff8000,0x00007fd8030f9000)]
  0x00007fd82c1af800 JavaThread "C1 CompilerThread0" daemon [_thread_blocked, id=267546, stack(0x00007fd802ef7000,0x00007fd802ff8000)]
  0x00007fd82c1b1800 JavaThread "Sweeper thread" daemon [_thread_blocked, id=267547, stack(0x00007fd802df6000,0x00007fd802ef7000)]
  0x00007fd82c1d7800 JavaThread "Common-Cleaner" daemon [_thread_blocked, id=267548, stack(0x00007fd802cf5000,0x00007fd802df6000)]
  0x00007fd82c226000 JavaThread "JDWP Event Helper Thread" daemon [_thread_blocked, id=267555, stack(0x00007fd8026ef000,0x00007fd8027f0000)]
  0x00007fd82c3b6800 JavaThread "JavaCPP Deallocator" daemon [_thread_blocked, id=267566, stack(0x00007fd8028f1000,0x00007fd8029f2000)]

Other Threads:
  0x00007fd82c1a0000 VMThread "VM Thread" [stack: 0x00007fd8034fe000,0x00007fd8035fe000] [id=267538]
  0x00007fd82c237800 WatcherThread [stack: 0x00007fd8024ee000,0x00007fd8025ee000] [id=267561]
  0x00007fd82c035800 GCTaskThread "GC Thread#0" [stack: 0x00007fd8145f2000,0x00007fd8146f2000] [id=267531]
  0x00007fd82c066800 ConcurrentGCThread "G1 Main Marker" [stack: 0x00007fd80aee7000,0x00007fd80afe7000] [id=267532]
  0x00007fd82c068800 ConcurrentGCThread "G1 Conc#0" [stack: 0x00007fd80ade6000,0x00007fd80aee6000] [id=267533]
  0x00007fd82c104800 ConcurrentGCThread "G1 Refine#0" [stack: 0x00007fd803f00000,0x00007fd804000000] [id=267534]
  0x00007fd82c106800 ConcurrentGCThread "G1 Young RemSet Sampling" [stack: 0x00007fd803dff000,0x00007fd803eff000] [id=267535]

Threads with active compile tasks:

VM state:not at safepoint (normal execution)

VM Mutex/Monitor currently owned by a thread: None

Heap address: 0x0000000086a00000, size: 1942 MB, Compressed Oops mode: 32-bit
Narrow klass base: 0x0000000800000000, Narrow klass shift: 3
Compressed class space size: 1073741824 Address: 0x0000000840000000

Heap:
 garbage-first heap   total 126976K, used 15056K [0x0000000086a00000, 0x0000000100000000)
  region size 1024K, 16 young (16384K), 0 survivors (0K)
 Metaspace       used 3785K, capacity 6519K, committed 6912K, reserved 1056768K
  class space    used 405K, capacity 681K, committed 768K, reserved 1048576K
Heap Regions: E=young(eden), S=young(survivor), O=old, HS=humongous(starts), HC=humongous(continues), CS=collection set, F=free, A=archive, TAMS=top-at-mark-start (previous, next)
|   0|0x0000000086a00000, 0x0000000086a00000, 0x0000000086b00000|  0%| F|  |TAMS 0x0000000086a00000, 0x0000000086a00000| Untracked 
|   1|0x0000000086b00000, 0x0000000086b00000, 0x0000000086c00000|  0%| F|  |TAMS 0x0000000086b00000, 0x0000000086b00000| Untracked 
|   2|0x0000000086c00000, 0x0000000086c00000, 0x0000000086d00000|  0%| F|  |TAMS 0x0000000086c00000, 0x0000000086c00000| Untracked 
|   3|0x0000000086d00000, 0x0000000086d00000, 0x0000000086e00000|  0%| F|  |TAMS 0x0000000086d00000, 0x0000000086d00000| Untracked 
|   4|0x0000000086e00000, 0x0000000086e00000, 0x0000000086f00000|  0%| F|  |TAMS 0x0000000086e00000, 0x0000000086e00000| Untracked 
|   5|0x0000000086f00000, 0x0000000086f00000, 0x0000000087000000|  0%| F|  |TAMS 0x0000000086f00000, 0x0000000086f00000| Untracked 
|   6|0x0000000087000000, 0x0000000087000000, 0x0000000087100000|  0%| F|  |TAMS 0x0000000087000000, 0x0000000087000000| Untracked 
|   7|0x0000000087100000, 0x0000000087100000, 0x0000000087200000|  0%| F|  |TAMS 0x0000000087100000, 0x0000000087100000| Untracked 
|   8|0x0000000087200000, 0x0000000087200000, 0x0000000087300000|  0%| F|  |TAMS 0x0000000087200000, 0x0000000087200000| Untracked 
|   9|0x0000000087300000, 0x0000000087300000, 0x0000000087400000|  0%| F|  |TAMS 0x0000000087300000, 0x0000000087300000| Untracked 
|  10|0x0000000087400000, 0x0000000087400000, 0x0000000087500000|  0%| F|  |TAMS 0x0000000087400000, 0x0000000087400000| Untracked 
|  11|0x0000000087500000, 0x0000000087500000, 0x0000000087600000|  0%| F|  |TAMS 0x0000000087500000, 0x0000000087500000| Untracked 
|  12|0x0000000087600000, 0x0000000087600000, 0x0000000087700000|  0%| F|  |TAMS 0x0000000087600000, 0x0000000087600000| Untracked 
|  13|0x0000000087700000, 0x0000000087700000, 0x0000000087800000|  0%| F|  |TAMS 0x0000000087700000, 0x0000000087700000| Untracked 
|  14|0x0000000087800000, 0x0000000087800000, 0x0000000087900000|  0%| F|  |TAMS 0x0000000087800000, 0x0000000087800000| Untracked 
|  15|0x0000000087900000, 0x0000000087900000, 0x0000000087a00000|  0%| F|  |TAMS 0x0000000087900000, 0x0000000087900000| Untracked 
|  16|0x0000000087a00000, 0x0000000087a00000, 0x0000000087b00000|  0%| F|  |TAMS 0x0000000087a00000, 0x0000000087a00000| Untracked 
|  17|0x0000000087b00000, 0x0000000087b00000, 0x0000000087c00000|  0%| F|  |TAMS 0x0000000087b00000, 0x0000000087b00000| Untracked 
|  18|0x0000000087c00000, 0x0000000087c00000, 0x0000000087d00000|  0%| F|  |TAMS 0x0000000087c00000, 0x0000000087c00000| Untracked 
|  19|0x0000000087d00000, 0x0000000087d00000, 0x0000000087e00000|  0%| F|  |TAMS 0x0000000087d00000, 0x0000000087d00000| Untracked 
|  20|0x0000000087e00000, 0x0000000087e00000, 0x0000000087f00000|  0%| F|  |TAMS 0x0000000087e00000, 0x0000000087e00000| Untracked 
|  21|0x0000000087f00000, 0x0000000087f00000, 0x0000000088000000|  0%| F|  |TAMS 0x0000000087f00000, 0x0000000087f00000| Untracked 
|  22|0x0000000088000000, 0x0000000088000000, 0x0000000088100000|  0%| F|  |TAMS 0x0000000088000000, 0x0000000088000000| Untracked 
|  23|0x0000000088100000, 0x0000000088100000, 0x0000000088200000|  0%| F|  |TAMS 0x0000000088100000, 0x0000000088100000| Untracked 
|  24|0x0000000088200000, 0x0000000088200000, 0x0000000088300000|  0%| F|  |TAMS 0x0000000088200000, 0x0000000088200000| Untracked 
|  25|0x0000000088300000, 0x0000000088300000, 0x0000000088400000|  0%| F|  |TAMS 0x0000000088300000, 0x0000000088300000| Untracked 
|  26|0x0000000088400000, 0x0000000088400000, 0x0000000088500000|  0%| F|  |TAMS 0x0000000088400000, 0x0000000088400000| Untracked 
|  27|0x0000000088500000, 0x0000000088500000, 0x0000000088600000|  0%| F|  |TAMS 0x0000000088500000, 0x0000000088500000| Untracked 
|  28|0x0000000088600000, 0x0000000088600000, 0x0000000088700000|  0%| F|  |TAMS 0x0000000088600000, 0x0000000088600000| Untracked 
|  29|0x0000000088700000, 0x0000000088700000, 0x0000000088800000|  0%| F|  |TAMS 0x0000000088700000, 0x0000000088700000| Untracked 
|  30|0x0000000088800000, 0x0000000088800000, 0x0000000088900000|  0%| F|  |TAMS 0x0000000088800000, 0x0000000088800000| Untracked 
|  31|0x0000000088900000, 0x0000000088900000, 0x0000000088a00000|  0%| F|  |TAMS 0x0000000088900000, 0x0000000088900000| Untracked 
|  32|0x0000000088a00000, 0x0000000088a00000, 0x0000000088b00000|  0%| F|  |TAMS 0x0000000088a00000, 0x0000000088a00000| Untracked 
|  33|0x0000000088b00000, 0x0000000088b00000, 0x0000000088c00000|  0%| F|  |TAMS 0x0000000088b00000, 0x0000000088b00000| Untracked 
|  34|0x0000000088c00000, 0x0000000088c00000, 0x0000000088d00000|  0%| F|  |TAMS 0x0000000088c00000, 0x0000000088c00000| Untracked 
|  35|0x0000000088d00000, 0x0000000088d00000, 0x0000000088e00000|  0%| F|  |TAMS 0x0000000088d00000, 0x0000000088d00000| Untracked 
|  36|0x0000000088e00000, 0x0000000088e00000, 0x0000000088f00000|  0%| F|  |TAMS 0x0000000088e00000, 0x0000000088e00000| Untracked 
|  37|0x0000000088f00000, 0x0000000088f00000, 0x0000000089000000|  0%| F|  |TAMS 0x0000000088f00000, 0x0000000088f00000| Untracked 
|  38|0x0000000089000000, 0x0000000089000000, 0x0000000089100000|  0%| F|  |TAMS 0x0000000089000000, 0x0000000089000000| Untracked 
|  39|0x0000000089100000, 0x0000000089100000, 0x0000000089200000|  0%| F|  |TAMS 0x0000000089100000, 0x0000000089100000| Untracked 
|  40|0x0000000089200000, 0x0000000089200000, 0x0000000089300000|  0%| F|  |TAMS 0x0000000089200000, 0x0000000089200000| Untracked 
|  41|0x0000000089300000, 0x0000000089300000, 0x0000000089400000|  0%| F|  |TAMS 0x0000000089300000, 0x0000000089300000| Untracked 
|  42|0x0000000089400000, 0x0000000089400000, 0x0000000089500000|  0%| F|  |TAMS 0x0000000089400000, 0x0000000089400000| Untracked 
|  43|0x0000000089500000, 0x0000000089500000, 0x0000000089600000|  0%| F|  |TAMS 0x0000000089500000, 0x0000000089500000| Untracked 
|  44|0x0000000089600000, 0x0000000089600000, 0x0000000089700000|  0%| F|  |TAMS 0x0000000089600000, 0x0000000089600000| Untracked 
|  45|0x0000000089700000, 0x0000000089700000, 0x0000000089800000|  0%| F|  |TAMS 0x0000000089700000, 0x0000000089700000| Untracked 
|  46|0x0000000089800000, 0x0000000089800000, 0x0000000089900000|  0%| F|  |TAMS 0x0000000089800000, 0x0000000089800000| Untracked 
|  47|0x0000000089900000, 0x0000000089900000, 0x0000000089a00000|  0%| F|  |TAMS 0x0000000089900000, 0x0000000089900000| Untracked 
|  48|0x0000000089a00000, 0x0000000089a00000, 0x0000000089b00000|  0%| F|  |TAMS 0x0000000089a00000, 0x0000000089a00000| Untracked 
|  49|0x0000000089b00000, 0x0000000089b00000, 0x0000000089c00000|  0%| F|  |TAMS 0x0000000089b00000, 0x0000000089b00000| Untracked 
|  50|0x0000000089c00000, 0x0000000089c00000, 0x0000000089d00000|  0%| F|  |TAMS 0x0000000089c00000, 0x0000000089c00000| Untracked 
|  51|0x0000000089d00000, 0x0000000089d00000, 0x0000000089e00000|  0%| F|  |TAMS 0x0000000089d00000, 0x0000000089d00000| Untracked 
|  52|0x0000000089e00000, 0x0000000089e00000, 0x0000000089f00000|  0%| F|  |TAMS 0x0000000089e00000, 0x0000000089e00000| Untracked 
|  53|0x0000000089f00000, 0x0000000089f00000, 0x000000008a000000|  0%| F|  |TAMS 0x0000000089f00000, 0x0000000089f00000| Untracked 
|  54|0x000000008a000000, 0x000000008a000000, 0x000000008a100000|  0%| F|  |TAMS 0x000000008a000000, 0x000000008a000000| Untracked 
|  55|0x000000008a100000, 0x000000008a100000, 0x000000008a200000|  0%| F|  |TAMS 0x000000008a100000, 0x000000008a100000| Untracked 
|  56|0x000000008a200000, 0x000000008a200000, 0x000000008a300000|  0%| F|  |TAMS 0x000000008a200000, 0x000000008a200000| Untracked 
|  57|0x000000008a300000, 0x000000008a300000, 0x000000008a400000|  0%| F|  |TAMS 0x000000008a300000, 0x000000008a300000| Untracked 
|  58|0x000000008a400000, 0x000000008a400000, 0x000000008a500000|  0%| F|  |TAMS 0x000000008a400000, 0x000000008a400000| Untracked 
|  59|0x000000008a500000, 0x000000008a500000, 0x000000008a600000|  0%| F|  |TAMS 0x000000008a500000, 0x000000008a500000| Untracked 
|  60|0x000000008a600000, 0x000000008a600000, 0x000000008a700000|  0%| F|  |TAMS 0x000000008a600000, 0x000000008a600000| Untracked 
|  61|0x000000008a700000, 0x000000008a700000, 0x000000008a800000|  0%| F|  |TAMS 0x000000008a700000, 0x000000008a700000| Untracked 
|  62|0x000000008a800000, 0x000000008a800000, 0x000000008a900000|  0%| F|  |TAMS 0x000000008a800000, 0x000000008a800000| Untracked 
|  63|0x000000008a900000, 0x000000008a900000, 0x000000008aa00000|  0%| F|  |TAMS 0x000000008a900000, 0x000000008a900000| Untracked 
|  64|0x000000008aa00000, 0x000000008aa00000, 0x000000008ab00000|  0%| F|  |TAMS 0x000000008aa00000, 0x000000008aa00000| Untracked 
|  65|0x000000008ab00000, 0x000000008ab00000, 0x000000008ac00000|  0%| F|  |TAMS 0x000000008ab00000, 0x000000008ab00000| Untracked 
|  66|0x000000008ac00000, 0x000000008ac00000, 0x000000008ad00000|  0%| F|  |TAMS 0x000000008ac00000, 0x000000008ac00000| Untracked 
|  67|0x000000008ad00000, 0x000000008ad00000, 0x000000008ae00000|  0%| F|  |TAMS 0x000000008ad00000, 0x000000008ad00000| Untracked 
|  68|0x000000008ae00000, 0x000000008ae00000, 0x000000008af00000|  0%| F|  |TAMS 0x000000008ae00000, 0x000000008ae00000| Untracked 
|  69|0x000000008af00000, 0x000000008af00000, 0x000000008b000000|  0%| F|  |TAMS 0x000000008af00000, 0x000000008af00000| Untracked 
|  70|0x000000008b000000, 0x000000008b000000, 0x000000008b100000|  0%| F|  |TAMS 0x000000008b000000, 0x000000008b000000| Untracked 
|  71|0x000000008b100000, 0x000000008b100000, 0x000000008b200000|  0%| F|  |TAMS 0x000000008b100000, 0x000000008b100000| Untracked 
|  72|0x000000008b200000, 0x000000008b200000, 0x000000008b300000|  0%| F|  |TAMS 0x000000008b200000, 0x000000008b200000| Untracked 
|  73|0x000000008b300000, 0x000000008b300000, 0x000000008b400000|  0%| F|  |TAMS 0x000000008b300000, 0x000000008b300000| Untracked 
|  74|0x000000008b400000, 0x000000008b400000, 0x000000008b500000|  0%| F|  |TAMS 0x000000008b400000, 0x000000008b400000| Untracked 
|  75|0x000000008b500000, 0x000000008b500000, 0x000000008b600000|  0%| F|  |TAMS 0x000000008b500000, 0x000000008b500000| Untracked 
|  76|0x000000008b600000, 0x000000008b600000, 0x000000008b700000|  0%| F|  |TAMS 0x000000008b600000, 0x000000008b600000| Untracked 
|  77|0x000000008b700000, 0x000000008b700000, 0x000000008b800000|  0%| F|  |TAMS 0x000000008b700000, 0x000000008b700000| Untracked 
|  78|0x000000008b800000, 0x000000008b800000, 0x000000008b900000|  0%| F|  |TAMS 0x000000008b800000, 0x000000008b800000| Untracked 
|  79|0x000000008b900000, 0x000000008b900000, 0x000000008ba00000|  0%| F|  |TAMS 0x000000008b900000, 0x000000008b900000| Untracked 
|  80|0x000000008ba00000, 0x000000008ba00000, 0x000000008bb00000|  0%| F|  |TAMS 0x000000008ba00000, 0x000000008ba00000| Untracked 
|  81|0x000000008bb00000, 0x000000008bb00000, 0x000000008bc00000|  0%| F|  |TAMS 0x000000008bb00000, 0x000000008bb00000| Untracked 
|  82|0x000000008bc00000, 0x000000008bc00000, 0x000000008bd00000|  0%| F|  |TAMS 0x000000008bc00000, 0x000000008bc00000| Untracked 
|  83|0x000000008bd00000, 0x000000008bd00000, 0x000000008be00000|  0%| F|  |TAMS 0x000000008bd00000, 0x000000008bd00000| Untracked 
|  84|0x000000008be00000, 0x000000008be00000, 0x000000008bf00000|  0%| F|  |TAMS 0x000000008be00000, 0x000000008be00000| Untracked 
|  85|0x000000008bf00000, 0x000000008bf00000, 0x000000008c000000|  0%| F|  |TAMS 0x000000008bf00000, 0x000000008bf00000| Untracked 
|  86|0x000000008c000000, 0x000000008c000000, 0x000000008c100000|  0%| F|  |TAMS 0x000000008c000000, 0x000000008c000000| Untracked 
|  87|0x000000008c100000, 0x000000008c100000, 0x000000008c200000|  0%| F|  |TAMS 0x000000008c100000, 0x000000008c100000| Untracked 
|  88|0x000000008c200000, 0x000000008c200000, 0x000000008c300000|  0%| F|  |TAMS 0x000000008c200000, 0x000000008c200000| Untracked 
|  89|0x000000008c300000, 0x000000008c300000, 0x000000008c400000|  0%| F|  |TAMS 0x000000008c300000, 0x000000008c300000| Untracked 
|  90|0x000000008c400000, 0x000000008c400000, 0x000000008c500000|  0%| F|  |TAMS 0x000000008c400000, 0x000000008c400000| Untracked 
|  91|0x000000008c500000, 0x000000008c500000, 0x000000008c600000|  0%| F|  |TAMS 0x000000008c500000, 0x000000008c500000| Untracked 
|  92|0x000000008c600000, 0x000000008c600000, 0x000000008c700000|  0%| F|  |TAMS 0x000000008c600000, 0x000000008c600000| Untracked 
|  93|0x000000008c700000, 0x000000008c700000, 0x000000008c800000|  0%| F|  |TAMS 0x000000008c700000, 0x000000008c700000| Untracked 
|  94|0x000000008c800000, 0x000000008c800000, 0x000000008c900000|  0%| F|  |TAMS 0x000000008c800000, 0x000000008c800000| Untracked 
|  95|0x000000008c900000, 0x000000008c900000, 0x000000008ca00000|  0%| F|  |TAMS 0x000000008c900000, 0x000000008c900000| Untracked 
|  96|0x000000008ca00000, 0x000000008ca00000, 0x000000008cb00000|  0%| F|  |TAMS 0x000000008ca00000, 0x000000008ca00000| Untracked 
|  97|0x000000008cb00000, 0x000000008cb00000, 0x000000008cc00000|  0%| F|  |TAMS 0x000000008cb00000, 0x000000008cb00000| Untracked 
|  98|0x000000008cc00000, 0x000000008cc00000, 0x000000008cd00000|  0%| F|  |TAMS 0x000000008cc00000, 0x000000008cc00000| Untracked 
|  99|0x000000008cd00000, 0x000000008cd00000, 0x000000008ce00000|  0%| F|  |TAMS 0x000000008cd00000, 0x000000008cd00000| Untracked 
| 100|0x000000008ce00000, 0x000000008ce00000, 0x000000008cf00000|  0%| F|  |TAMS 0x000000008ce00000, 0x000000008ce00000| Untracked 
| 101|0x000000008cf00000, 0x000000008cf00000, 0x000000008d000000|  0%| F|  |TAMS 0x000000008cf00000, 0x000000008cf00000| Untracked 
| 102|0x000000008d000000, 0x000000008d000000, 0x000000008d100000|  0%| F|  |TAMS 0x000000008d000000, 0x000000008d000000| Untracked 
| 103|0x000000008d100000, 0x000000008d100000, 0x000000008d200000|  0%| F|  |TAMS 0x000000008d100000, 0x000000008d100000| Untracked 
| 104|0x000000008d200000, 0x000000008d200000, 0x000000008d300000|  0%| F|  |TAMS 0x000000008d200000, 0x000000008d200000| Untracked 
| 105|0x000000008d300000, 0x000000008d300000, 0x000000008d400000|  0%| F|  |TAMS 0x000000008d300000, 0x000000008d300000| Untracked 
| 106|0x000000008d400000, 0x000000008d47b658, 0x000000008d500000| 48%| E|  |TAMS 0x000000008d400000, 0x000000008d400000| Complete 
| 107|0x000000008d500000, 0x000000008d600000, 0x000000008d600000|100%| E|CS|TAMS 0x000000008d500000, 0x000000008d500000| Complete 
| 108|0x000000008d600000, 0x000000008d700000, 0x000000008d700000|100%| E|CS|TAMS 0x000000008d600000, 0x000000008d600000| Complete 
| 109|0x000000008d700000, 0x000000008d800000, 0x000000008d800000|100%| E|CS|TAMS 0x000000008d700000, 0x000000008d700000| Complete 
| 110|0x000000008d800000, 0x000000008d900000, 0x000000008d900000|100%| E|CS|TAMS 0x000000008d800000, 0x000000008d800000| Complete 
| 111|0x000000008d900000, 0x000000008da00000, 0x000000008da00000|100%| E|CS|TAMS 0x000000008d900000, 0x000000008d900000| Complete 
| 112|0x000000008da00000, 0x000000008db00000, 0x000000008db00000|100%| E|CS|TAMS 0x000000008da00000, 0x000000008da00000| Complete 
| 113|0x000000008db00000, 0x000000008dc00000, 0x000000008dc00000|100%| E|  |TAMS 0x000000008db00000, 0x000000008db00000| Complete 
| 114|0x000000008dc00000, 0x000000008dd00000, 0x000000008dd00000|100%| E|CS|TAMS 0x000000008dc00000, 0x000000008dc00000| Complete 
| 115|0x000000008dd00000, 0x000000008de00000, 0x000000008de00000|100%| E|CS|TAMS 0x000000008dd00000, 0x000000008dd00000| Complete 
| 116|0x000000008de00000, 0x000000008df00000, 0x000000008df00000|100%| E|CS|TAMS 0x000000008de00000, 0x000000008de00000| Complete 
| 117|0x000000008df00000, 0x000000008e000000, 0x000000008e000000|100%| E|CS|TAMS 0x000000008df00000, 0x000000008df00000| Complete 
| 118|0x000000008e000000, 0x000000008e100000, 0x000000008e100000|100%| E|CS|TAMS 0x000000008e000000, 0x000000008e000000| Complete 
| 119|0x000000008e100000, 0x000000008e200000, 0x000000008e200000|100%| E|CS|TAMS 0x000000008e100000, 0x000000008e100000| Complete 
| 120|0x000000008e200000, 0x000000008e300000, 0x000000008e300000|100%| E|CS|TAMS 0x000000008e200000, 0x000000008e200000| Complete 
| 121|0x000000008e300000, 0x000000008e400000, 0x000000008e400000|100%| E|CS|TAMS 0x000000008e300000, 0x000000008e300000| Complete 
|1940|0x00000000ffe00000, 0x00000000ffe48000, 0x00000000fff00000| 28%|OA|  |TAMS 0x00000000ffe00000, 0x00000000ffe00000| Untracked 
|1941|0x00000000fff00000, 0x00000000fff6c000, 0x0000000100000000| 42%|CA|  |TAMS 0x00000000fff00000, 0x00000000fff00000| Untracked 

Card table byte_map: [0x00007fd80f062000,0x00007fd80f42d000] _byte_map_base: 0x00007fd80ec2d000

Marking Bits (Prev, Next): (CMBitMap*) 0x00007fd82c05e338, (CMBitMap*) 0x00007fd82c05e370
 Prev Bits: [0x00007fd80ce3f000, 0x00007fd80ec97000)
 Next Bits: [0x00007fd80afe7000, 0x00007fd80ce3f000)

Polling page: 0x00007fd8306d6000

Metaspace:

Usage:
  Non-class:      5.70 MB capacity,     3.30 MB ( 58%) used,     2.40 MB ( 42%) free+waste,     5.81 KB ( <1%) overhead. 
      Class:    681.00 KB capacity,   405.71 KB ( 60%) used,   272.41 KB ( 40%) free+waste,     2.88 KB ( <1%) overhead. 
       Both:      6.37 MB capacity,     3.70 MB ( 58%) used,     2.66 MB ( 42%) free+waste,     8.69 KB ( <1%) overhead. 

Virtual space:
  Non-class space:        8.00 MB reserved,       6.00 MB ( 75%) committed 
      Class space:        1.00 GB reserved,     768.00 KB ( <1%) committed 
             Both:        1.01 GB reserved,       6.75 MB ( <1%) committed 

Chunk freelists:
   Non-Class:  58.00 KB
       Class:  23.00 KB
        Both:  81.00 KB

MaxMetaspaceSize: unlimited
CompressedClassSpaceSize: 1.00 GB
Initial GC threshold: 20.80 MB
Current GC threshold: 20.80 MB
CDS: on

CodeHeap 'non-profiled nmethods': size=119172Kb used=218Kb max_used=218Kb free=118953Kb
 bounds [0x00007fd81c37a000, 0x00007fd81c5ea000, 0x00007fd8237db000]
CodeHeap 'profiled nmethods': size=119168Kb used=1687Kb max_used=1687Kb free=117480Kb
 bounds [0x00007fd814f1a000, 0x00007fd81518a000, 0x00007fd81c37a000]
CodeHeap 'non-nmethods': size=7420Kb used=1199Kb max_used=2908Kb free=6220Kb
 bounds [0x00007fd8147db000, 0x00007fd814abb000, 0x00007fd814f1a000]
 total_blobs=1238 nmethods=847 adapters=313
 compilation: enabled
              stopped_count=0, restarted_count=0
 full_count=0

Compilation events (20 events):
Event: 0.515 Thread 0x00007fd7c8001800  840   !   3       jdk.internal.loader.BuiltinClassLoader::defineOrCheckPackage (93 bytes)
Event: 0.515 Thread 0x00007fd7dc06d800 nmethod 839 0x00007fd8150b5110 code [0x00007fd8150b52c0, 0x00007fd8150b5420]
Event: 0.515 Thread 0x00007fd7dc06d800  841       3       java.util.zip.CRC32::<init> (5 bytes)
Event: 0.516 Thread 0x00007fd7dc06d800 nmethod 841 0x00007fd8150b5510 code [0x00007fd8150b56c0, 0x00007fd8150b5830]
Event: 0.516 Thread 0x00007fd7c8003000 nmethod 836 0x00007fd8150b5910 code [0x00007fd8150b5b20, 0x00007fd8150b6020]
Event: 0.516 Thread 0x00007fd7cc08a800  842       4       java.lang.AbstractStringBuilder::<init> (39 bytes)
Event: 0.516 Thread 0x00007fd82c1af800 nmethod 838 0x00007fd8150b6290 code [0x00007fd8150b6580, 0x00007fd8150b78c0]
Event: 0.516 Thread 0x00007fd7c8001800 nmethod 840 0x00007fd8150b7e10 code [0x00007fd8150b80c0, 0x00007fd8150b8c70]
Event: 0.516 Thread 0x00007fd7dc06d800  843       3       java.util.zip.ZipFile::getZipEntry (325 bytes)
Event: 0.517 Thread 0x00007fd7c8001800  844       3       java.lang.ClassLoader::definePackage (84 bytes)
Event: 0.517 Thread 0x00007fd7c8003000  845       3       java.lang.Package::isSealed (26 bytes)
Event: 0.517 Thread 0x00007fd82c1af800  846       3       jdk.internal.loader.BuiltinClassLoader::isSealed (70 bytes)
Event: 0.517 Thread 0x00007fd7c8003000 nmethod 845 0x00007fd8150b9090 code [0x00007fd8150b9260, 0x00007fd8150b9590]
Event: 0.518 Thread 0x00007fd82c1af800 nmethod 846 0x00007fd8150b9690 code [0x00007fd8150b9920, 0x00007fd8150ba460]
Event: 0.518 Thread 0x00007fd7c8001800 nmethod 844 0x00007fd8150ba910 code [0x00007fd8150bac20, 0x00007fd8150bbdf0]
Event: 0.518 Thread 0x00007fd7cc08a800 nmethod 842 0x00007fd81c3af410 code [0x00007fd81c3af5a0, 0x00007fd81c3af7b8]
Event: 0.519 Thread 0x00007fd82c1ad800 nmethod 758 0x00007fd81c3af890 code [0x00007fd81c3afa60, 0x00007fd81c3b06d8]
Event: 0.519 Thread 0x00007fd7dc06d800 nmethod 843 0x00007fd8150bc390 code [0x00007fd8150bc740, 0x00007fd8150be660]
Event: 2.792 Thread 0x00007fd7c8003000  847       3       org.antlr.v4.runtime.misc.Interval::of (54 bytes)
Event: 2.792 Thread 0x00007fd7c8003000 nmethod 847 0x00007fd8150bf310 code [0x00007fd8150bf500, 0x00007fd8150bfb30]

GC Heap History (0 events):
No events

Deoptimization events (20 events):
Event: 0.472 Thread 0x00007fd82c01c000 DEOPT PACKING pc=0x00007fd81500eb92 sp=0x00007fd830820140
Event: 0.472 Thread 0x00007fd82c01c000 DEOPT UNPACKING pc=0x00007fd81482564a sp=0x00007fd83081f5c0 mode 0
Event: 0.482 Thread 0x00007fd82c01c000 DEOPT PACKING pc=0x00007fd81500ff8a sp=0x00007fd830820620
Event: 0.482 Thread 0x00007fd82c01c000 DEOPT UNPACKING pc=0x00007fd81482564a sp=0x00007fd83081fac8 mode 0
Event: 0.483 Thread 0x00007fd82c01c000 DEOPT PACKING pc=0x00007fd81500eb92 sp=0x00007fd8308201a0
Event: 0.483 Thread 0x00007fd82c01c000 DEOPT UNPACKING pc=0x00007fd81482564a sp=0x00007fd83081f620 mode 0
Event: 0.483 Thread 0x00007fd82c01c000 DEOPT PACKING pc=0x00007fd814f7f2cf sp=0x00007fd830820600
Event: 0.483 Thread 0x00007fd82c01c000 DEOPT UNPACKING pc=0x00007fd81482564a sp=0x00007fd83081faa8 mode 0
Event: 0.484 Thread 0x00007fd82c01c000 DEOPT PACKING pc=0x00007fd814f7f2cf sp=0x00007fd830820600
Event: 0.484 Thread 0x00007fd82c01c000 DEOPT UNPACKING pc=0x00007fd81482564a sp=0x00007fd83081faa8 mode 0
Event: 0.485 Thread 0x00007fd82c01c000 DEOPT PACKING pc=0x00007fd81500eb92 sp=0x00007fd8308201a0
Event: 0.485 Thread 0x00007fd82c01c000 DEOPT UNPACKING pc=0x00007fd81482564a sp=0x00007fd83081f620 mode 0
Event: 0.485 Thread 0x00007fd82c01c000 DEOPT PACKING pc=0x00007fd814f7f2cf sp=0x00007fd830820600
Event: 0.485 Thread 0x00007fd82c01c000 DEOPT UNPACKING pc=0x00007fd81482564a sp=0x00007fd83081faa8 mode 0
Event: 0.487 Thread 0x00007fd82c01c000 DEOPT PACKING pc=0x00007fd81500eb92 sp=0x00007fd830820180
Event: 0.487 Thread 0x00007fd82c01c000 DEOPT UNPACKING pc=0x00007fd81482564a sp=0x00007fd83081f600 mode 0
Event: 0.488 Thread 0x00007fd82c01c000 DEOPT PACKING pc=0x00007fd81500eb92 sp=0x00007fd830820180
Event: 0.488 Thread 0x00007fd82c01c000 DEOPT UNPACKING pc=0x00007fd81482564a sp=0x00007fd83081f600 mode 0
Event: 0.490 Thread 0x00007fd82c01c000 DEOPT PACKING pc=0x00007fd81500eb92 sp=0x00007fd830820120
Event: 0.490 Thread 0x00007fd82c01c000 DEOPT UNPACKING pc=0x00007fd81482564a sp=0x00007fd83081f5a0 mode 0

Classes redefined (0 events):
No events

Internal exceptions (20 events):
Event: 0.470 Thread 0x00007fd82c01c000 Exception <a 'java/security/PrivilegedActionException'{0x000000008d8ed420}> (0x000000008d8ed420) thrown at [src/hotspot/share/prims/jvm.cpp, line 1304]
Event: 0.470 Thread 0x00007fd82c01c000 Exception <a 'java/security/PrivilegedActionException'{0x000000008d8ed6f0}> (0x000000008d8ed6f0) thrown at [src/hotspot/share/prims/jvm.cpp, line 1304]
Event: 0.471 Thread 0x00007fd82c01c000 Exception <a 'java/security/PrivilegedActionException'{0x000000008d8ee040}> (0x000000008d8ee040) thrown at [src/hotspot/share/prims/jvm.cpp, line 1304]
Event: 0.471 Thread 0x00007fd82c01c000 Exception <a 'java/security/PrivilegedActionException'{0x000000008d8ee310}> (0x000000008d8ee310) thrown at [src/hotspot/share/prims/jvm.cpp, line 1304]
Event: 0.471 Thread 0x00007fd82c01c000 Exception <a 'java/security/PrivilegedActionException'{0x000000008d8eec98}> (0x000000008d8eec98) thrown at [src/hotspot/share/prims/jvm.cpp, line 1304]
Event: 0.471 Thread 0x00007fd82c01c000 Exception <a 'java/security/PrivilegedActionException'{0x000000008d8eef68}> (0x000000008d8eef68) thrown at [src/hotspot/share/prims/jvm.cpp, line 1304]
Event: 0.471 Thread 0x00007fd82c01c000 Exception <a 'java/security/PrivilegedActionException'{0x000000008d8ef8d8}> (0x000000008d8ef8d8) thrown at [src/hotspot/share/prims/jvm.cpp, line 1304]
Event: 0.471 Thread 0x00007fd82c01c000 Exception <a 'java/security/PrivilegedActionException'{0x000000008d8efba8}> (0x000000008d8efba8) thrown at [src/hotspot/share/prims/jvm.cpp, line 1304]
Event: 0.471 Thread 0x00007fd82c01c000 Exception <a 'java/security/PrivilegedActionException'{0x000000008d8f0518}> (0x000000008d8f0518) thrown at [src/hotspot/share/prims/jvm.cpp, line 1304]
Event: 0.471 Thread 0x00007fd82c01c000 Exception <a 'java/security/PrivilegedActionException'{0x000000008d8f07e8}> (0x000000008d8f07e8) thrown at [src/hotspot/share/prims/jvm.cpp, line 1304]
Event: 0.471 Thread 0x00007fd82c01c000 Exception <a 'java/security/PrivilegedActionException'{0x000000008d8f1170}> (0x000000008d8f1170) thrown at [src/hotspot/share/prims/jvm.cpp, line 1304]
Event: 0.471 Thread 0x00007fd82c01c000 Exception <a 'java/security/PrivilegedActionException'{0x000000008d8f1440}> (0x000000008d8f1440) thrown at [src/hotspot/share/prims/jvm.cpp, line 1304]
Event: 0.471 Thread 0x00007fd82c01c000 Exception <a 'java/security/PrivilegedActionException'{0x000000008d8f1dc8}> (0x000000008d8f1dc8) thrown at [src/hotspot/share/prims/jvm.cpp, line 1304]
Event: 0.471 Thread 0x00007fd82c01c000 Exception <a 'java/security/PrivilegedActionException'{0x000000008d8f2098}> (0x000000008d8f2098) thrown at [src/hotspot/share/prims/jvm.cpp, line 1304]
Event: 0.471 Thread 0x00007fd82c01c000 Exception <a 'java/security/PrivilegedActionException'{0x000000008d8f2a20}> (0x000000008d8f2a20) thrown at [src/hotspot/share/prims/jvm.cpp, line 1304]
Event: 0.471 Thread 0x00007fd82c01c000 Exception <a 'java/security/PrivilegedActionException'{0x000000008d8f2cf0}> (0x000000008d8f2cf0) thrown at [src/hotspot/share/prims/jvm.cpp, line 1304]
Event: 0.471 Thread 0x00007fd82c01c000 Exception <a 'java/security/PrivilegedActionException'{0x000000008d8f3660}> (0x000000008d8f3660) thrown at [src/hotspot/share/prims/jvm.cpp, line 1304]
Event: 0.471 Thread 0x00007fd82c01c000 Exception <a 'java/security/PrivilegedActionException'{0x000000008d8f3930}> (0x000000008d8f3930) thrown at [src/hotspot/share/prims/jvm.cpp, line 1304]
Event: 0.471 Thread 0x00007fd82c01c000 Exception <a 'java/security/PrivilegedActionException'{0x000000008d8f42b8}> (0x000000008d8f42b8) thrown at [src/hotspot/share/prims/jvm.cpp, line 1304]
Event: 0.471 Thread 0x00007fd82c01c000 Exception <a 'java/security/PrivilegedActionException'{0x000000008d8f4588}> (0x000000008d8f4588) thrown at [src/hotspot/share/prims/jvm.cpp, line 1304]

Events (20 events):
Event: 24.708 Executing VM operation: GetFrameLocation done
Event: 24.708 Executing VM operation: GetOrSetLocal
Event: 24.708 Executing VM operation: GetOrSetLocal done
Event: 24.709 Executing VM operation: GetOrSetLocal
Event: 24.709 Executing VM operation: GetOrSetLocal done
Event: 24.710 Executing VM operation: GetOrSetLocal
Event: 24.710 Executing VM operation: GetOrSetLocal done
Event: 24.762 Executing VM operation: GetFrameCount
Event: 24.762 Executing VM operation: GetFrameCount done
Event: 24.763 Executing VM operation: GetFrameCount
Event: 24.763 Executing VM operation: GetFrameCount done
Event: 24.763 Executing VM operation: GetStackTrace
Event: 24.763 Executing VM operation: GetStackTrace done
Event: 41.363 Executing VM operation: ChangeBreakpoints
Event: 41.363 Executing VM operation: ChangeBreakpoints done
Event: 41.364 Executing VM operation: ChangeBreakpoints
Event: 41.364 Executing VM operation: ChangeBreakpoints done
Event: 50.103 Executing VM operation: ChangeBreakpoints
Event: 50.103 Executing VM operation: ChangeBreakpoints done
Event: 50.103 Thread 0x00007fd7b8001800 Thread exited: 0x00007fd7b8001800


Dynamic libraries:
86a00000-8e400000 rw-p 00000000 00:00 0 
8e400000-ffe00000 ---p 00000000 00:00 0 
ffe00000-ffe48000 rw-p 00b14000 08:20 43898                              /usr/lib/jvm/java-11-openjdk-amd64/lib/server/classes.jsa
ffe48000-fff00000 rw-p 00000000 00:00 0 
fff00000-fff6c000 rw-p 00aa8000 08:20 43898                              /usr/lib/jvm/java-11-openjdk-amd64/lib/server/classes.jsa
fff6c000-100000000 rw-p 00000000 00:00 0 
800000000-800002000 rwxp 00001000 08:20 43898                            /usr/lib/jvm/java-11-openjdk-amd64/lib/server/classes.jsa
800002000-800aa7000 rw-p 00003000 08:20 43898                            /usr/lib/jvm/java-11-openjdk-amd64/lib/server/classes.jsa
840000000-8400c0000 rw-p 00000000 00:00 0 
8400c0000-880000000 ---p 00000000 00:00 0 
55e65298f000-55e652990000 r--p 00000000 08:20 47754                      /usr/lib/jvm/java-11-openjdk-amd64/bin/java
55e652990000-55e652991000 r-xp 00001000 08:20 47754                      /usr/lib/jvm/java-11-openjdk-amd64/bin/java
55e652991000-55e652992000 r--p 00002000 08:20 47754                      /usr/lib/jvm/java-11-openjdk-amd64/bin/java
55e652992000-55e652993000 r--p 00002000 08:20 47754                      /usr/lib/jvm/java-11-openjdk-amd64/bin/java
55e652993000-55e652994000 rw-p 00003000 08:20 47754                      /usr/lib/jvm/java-11-openjdk-amd64/bin/java
55e65326c000-55e65328d000 rw-p 00000000 00:00 0                          [heap]
7fd7a152c000-7fd7a1e52000 r--p 00000000 08:20 84032                      /home/w/.javacpp/cache/llvm-13.0.1-1.5.7-linux-x86_64.jar/org/bytedeco/llvm/linux-x86_64/libLLVM-13.so
7fd7a1e52000-7fd7a5815000 r-xp 00926000 08:20 84032                      /home/w/.javacpp/cache/llvm-13.0.1-1.5.7-linux-x86_64.jar/org/bytedeco/llvm/linux-x86_64/libLLVM-13.so
7fd7a5815000-7fd7a7a6a000 r--p 042e9000 08:20 84032                      /home/w/.javacpp/cache/llvm-13.0.1-1.5.7-linux-x86_64.jar/org/bytedeco/llvm/linux-x86_64/libLLVM-13.so
7fd7a7a6a000-7fd7a7f7f000 r--p 0653d000 08:20 84032                      /home/w/.javacpp/cache/llvm-13.0.1-1.5.7-linux-x86_64.jar/org/bytedeco/llvm/linux-x86_64/libLLVM-13.so
7fd7a7f7f000-7fd7a7f8a000 rw-p 06a52000 08:20 84032                      /home/w/.javacpp/cache/llvm-13.0.1-1.5.7-linux-x86_64.jar/org/bytedeco/llvm/linux-x86_64/libLLVM-13.so
7fd7a7f8a000-7fd7a8000000 rw-p 00000000 00:00 0 
7fd7a8000000-7fd7a8082000 rw-p 00000000 00:00 0 
7fd7a8082000-7fd7ac000000 ---p 00000000 00:00 0 
7fd7b0000000-7fd7b0021000 rw-p 00000000 00:00 0 
7fd7b0021000-7fd7b4000000 ---p 00000000 00:00 0 
7fd7b4000000-7fd7b4021000 rw-p 00000000 00:00 0 
7fd7b4021000-7fd7b8000000 ---p 00000000 00:00 0 
7fd7b8000000-7fd7b8028000 rw-p 00000000 00:00 0 
7fd7b8028000-7fd7bc000000 ---p 00000000 00:00 0 
7fd7bc000000-7fd7bc021000 rw-p 00000000 00:00 0 
7fd7bc021000-7fd7c0000000 ---p 00000000 00:00 0 
7fd7c0000000-7fd7c022b000 rw-p 00000000 00:00 0 
7fd7c022b000-7fd7c4000000 ---p 00000000 00:00 0 
7fd7c4000000-7fd7c4147000 rw-p 00000000 00:00 0 
7fd7c4147000-7fd7c8000000 ---p 00000000 00:00 0 
7fd7c8000000-7fd7c8099000 rw-p 00000000 00:00 0 
7fd7c8099000-7fd7cc000000 ---p 00000000 00:00 0 
7fd7cc000000-7fd7cc090000 rw-p 00000000 00:00 0 
7fd7cc090000-7fd7d0000000 ---p 00000000 00:00 0 
7fd7d0000000-7fd7d0021000 rw-p 00000000 00:00 0 
7fd7d0021000-7fd7d4000000 ---p 00000000 00:00 0 
7fd7d4000000-7fd7d4021000 rw-p 00000000 00:00 0 
7fd7d4021000-7fd7d8000000 ---p 00000000 00:00 0 
7fd7d8000000-7fd7d8235000 rw-p 00000000 00:00 0 
7fd7d8235000-7fd7dc000000 ---p 00000000 00:00 0 
7fd7dc000000-7fd7dc102000 rw-p 00000000 00:00 0 
7fd7dc102000-7fd7e0000000 ---p 00000000 00:00 0 
7fd7e0000000-7fd7e0021000 rw-p 00000000 00:00 0 
7fd7e0021000-7fd7e4000000 ---p 00000000 00:00 0 
7fd7e4000000-7fd7e4021000 rw-p 00000000 00:00 0 
7fd7e4021000-7fd7e8000000 ---p 00000000 00:00 0 
7fd7e8000000-7fd7e8021000 rw-p 00000000 00:00 0 
7fd7e8021000-7fd7ec000000 ---p 00000000 00:00 0 
7fd7ec000000-7fd7ec021000 rw-p 00000000 00:00 0 
7fd7ec021000-7fd7f0000000 ---p 00000000 00:00 0 
7fd7f0000000-7fd7f0021000 rw-p 00000000 00:00 0 
7fd7f0021000-7fd7f4000000 ---p 00000000 00:00 0 
7fd7f4000000-7fd7f4021000 rw-p 00000000 00:00 0 
7fd7f4021000-7fd7f8000000 ---p 00000000 00:00 0 
7fd7f8000000-7fd7f8021000 rw-p 00000000 00:00 0 
7fd7f8021000-7fd7fc000000 ---p 00000000 00:00 0 
7fd7fc000000-7fd7fc021000 rw-p 00000000 00:00 0 
7fd7fc021000-7fd800000000 ---p 00000000 00:00 0 
7fd8022e6000-7fd80234b000 r--p 00000000 08:20 84037                      /home/w/.javacpp/cache/llvm-13.0.1-1.5.7-linux-x86_64.jar/org/bytedeco/llvm/linux-x86_64/libjniLLVM.so
7fd80234b000-7fd8023b9000 r-xp 00065000 08:20 84037                      /home/w/.javacpp/cache/llvm-13.0.1-1.5.7-linux-x86_64.jar/org/bytedeco/llvm/linux-x86_64/libjniLLVM.so
7fd8023b9000-7fd8023e4000 r--p 000d3000 08:20 84037                      /home/w/.javacpp/cache/llvm-13.0.1-1.5.7-linux-x86_64.jar/org/bytedeco/llvm/linux-x86_64/libjniLLVM.so
7fd8023e4000-7fd8023e7000 r--p 000fd000 08:20 84037                      /home/w/.javacpp/cache/llvm-13.0.1-1.5.7-linux-x86_64.jar/org/bytedeco/llvm/linux-x86_64/libjniLLVM.so
7fd8023e7000-7fd8023ea000 rw-p 00100000 08:20 84037                      /home/w/.javacpp/cache/llvm-13.0.1-1.5.7-linux-x86_64.jar/org/bytedeco/llvm/linux-x86_64/libjniLLVM.so
7fd8023ea000-7fd8023ec000 rw-p 00000000 00:00 0 
7fd8023ec000-7fd8023f0000 ---p 00000000 00:00 0 
7fd8023f0000-7fd8024ed000 rw-p 00000000 00:00 0 
7fd8024ed000-7fd8024ee000 ---p 00000000 00:00 0 
7fd8024ee000-7fd8025ee000 rw-p 00000000 00:00 0 
7fd8025ee000-7fd8025f2000 ---p 00000000 00:00 0 
7fd8025f2000-7fd8026ef000 rw-p 00000000 00:00 0 
7fd8026ef000-7fd8026f3000 ---p 00000000 00:00 0 
7fd8026f3000-7fd8027f0000 rw-p 00000000 00:00 0 
7fd8027f0000-7fd8027f4000 ---p 00000000 00:00 0 
7fd8027f4000-7fd8028f1000 rw-p 00000000 00:00 0 
7fd8028f1000-7fd8028f5000 ---p 00000000 00:00 0 
7fd8028f5000-7fd8029f2000 rw-p 00000000 00:00 0 
7fd8029f2000-7fd8029f6000 ---p 00000000 00:00 0 
7fd8029f6000-7fd802af3000 rw-p 00000000 00:00 0 
7fd802af3000-7fd802af7000 ---p 00000000 00:00 0 
7fd802af7000-7fd802bf4000 rw-p 00000000 00:00 0 
7fd802bf4000-7fd802bf8000 ---p 00000000 00:00 0 
7fd802bf8000-7fd802cf5000 rw-p 00000000 00:00 0 
7fd802cf5000-7fd802cf9000 ---p 00000000 00:00 0 
7fd802cf9000-7fd802df6000 rw-p 00000000 00:00 0 
7fd802df6000-7fd802dfa000 ---p 00000000 00:00 0 
7fd802dfa000-7fd802ef7000 rw-p 00000000 00:00 0 
7fd802ef7000-7fd802efb000 ---p 00000000 00:00 0 
7fd802efb000-7fd802ff8000 rw-p 00000000 00:00 0 
7fd802ff8000-7fd802ffc000 ---p 00000000 00:00 0 
7fd802ffc000-7fd8030f9000 rw-p 00000000 00:00 0 
7fd8030f9000-7fd8030fd000 ---p 00000000 00:00 0 
7fd8030fd000-7fd8031fa000 rw-p 00000000 00:00 0 
7fd8031fa000-7fd8031fe000 ---p 00000000 00:00 0 
7fd8031fe000-7fd8032fb000 rw-p 00000000 00:00 0 
7fd8032fb000-7fd8032ff000 ---p 00000000 00:00 0 
7fd8032ff000-7fd8033fc000 rw-p 00000000 00:00 0 
7fd8033fc000-7fd803400000 ---p 00000000 00:00 0 
7fd803400000-7fd8034fd000 rw-p 00000000 00:00 0 
7fd8034fd000-7fd8034fe000 ---p 00000000 00:00 0 
7fd8034fe000-7fd803bfe000 rw-p 00000000 00:00 0 
7fd803bfe000-7fd803dfe000 ---p 00000000 00:00 0 
7fd803dfe000-7fd803dff000 ---p 00000000 00:00 0 
7fd803dff000-7fd803eff000 rw-p 00000000 00:00 0 
7fd803eff000-7fd803f00000 ---p 00000000 00:00 0 
7fd803f00000-7fd804000000 rw-p 00000000 00:00 0 
7fd804000000-7fd804021000 rw-p 00000000 00:00 0 
7fd804021000-7fd808000000 ---p 00000000 00:00 0 
7fd808088000-7fd80808f000 r--p 00000000 08:20 84033                      /home/w/.javacpp/cache/llvm-13.0.1-1.5.7-linux-x86_64.jar/org/bytedeco/llvm/linux-x86_64/libLTO.so.13
7fd80808f000-7fd808097000 r-xp 00007000 08:20 84033                      /home/w/.javacpp/cache/llvm-13.0.1-1.5.7-linux-x86_64.jar/org/bytedeco/llvm/linux-x86_64/libLTO.so.13
7fd808097000-7fd808099000 r--p 0000f000 08:20 84033                      /home/w/.javacpp/cache/llvm-13.0.1-1.5.7-linux-x86_64.jar/org/bytedeco/llvm/linux-x86_64/libLTO.so.13
7fd808099000-7fd80809a000 r--p 00010000 08:20 84033                      /home/w/.javacpp/cache/llvm-13.0.1-1.5.7-linux-x86_64.jar/org/bytedeco/llvm/linux-x86_64/libLTO.so.13
7fd80809a000-7fd80809b000 rw-p 00011000 08:20 84033                      /home/w/.javacpp/cache/llvm-13.0.1-1.5.7-linux-x86_64.jar/org/bytedeco/llvm/linux-x86_64/libLTO.so.13
7fd80809b000-7fd80809f000 r--p 00000000 08:20 84026                      /home/w/.javacpp/cache/javacpp-1.5.7-linux-x86_64.jar/org/bytedeco/javacpp/linux-x86_64/libjnijavacpp.so
7fd80809f000-7fd8080a6000 r-xp 00004000 08:20 84026                      /home/w/.javacpp/cache/javacpp-1.5.7-linux-x86_64.jar/org/bytedeco/javacpp/linux-x86_64/libjnijavacpp.so
7fd8080a6000-7fd8080aa000 r--p 0000b000 08:20 84026                      /home/w/.javacpp/cache/javacpp-1.5.7-linux-x86_64.jar/org/bytedeco/javacpp/linux-x86_64/libjnijavacpp.so
7fd8080aa000-7fd8080ab000 r--p 0000e000 08:20 84026                      /home/w/.javacpp/cache/javacpp-1.5.7-linux-x86_64.jar/org/bytedeco/javacpp/linux-x86_64/libjnijavacpp.so
7fd8080ab000-7fd8080ac000 rw-p 0000f000 08:20 84026                      /home/w/.javacpp/cache/javacpp-1.5.7-linux-x86_64.jar/org/bytedeco/javacpp/linux-x86_64/libjnijavacpp.so
7fd8080ac000-7fd8080b0000 r--p 00000000 08:20 47903                      /usr/lib/jvm/java-11-openjdk-amd64/lib/libnet.so
7fd8080b0000-7fd8080be000 r-xp 00004000 08:20 47903                      /usr/lib/jvm/java-11-openjdk-amd64/lib/libnet.so
7fd8080be000-7fd8080c2000 r--p 00012000 08:20 47903                      /usr/lib/jvm/java-11-openjdk-amd64/lib/libnet.so
7fd8080c2000-7fd8080c3000 r--p 00015000 08:20 47903                      /usr/lib/jvm/java-11-openjdk-amd64/lib/libnet.so
7fd8080c3000-7fd8080c4000 rw-p 00016000 08:20 47903                      /usr/lib/jvm/java-11-openjdk-amd64/lib/libnet.so
7fd8080c4000-7fd8080cb000 r--p 00000000 08:20 47904                      /usr/lib/jvm/java-11-openjdk-amd64/lib/libnio.so
7fd8080cb000-7fd8080d3000 r-xp 00007000 08:20 47904                      /usr/lib/jvm/java-11-openjdk-amd64/lib/libnio.so
7fd8080d3000-7fd8080d6000 r--p 0000f000 08:20 47904                      /usr/lib/jvm/java-11-openjdk-amd64/lib/libnio.so
7fd8080d6000-7fd8080d7000 r--p 00011000 08:20 47904                      /usr/lib/jvm/java-11-openjdk-amd64/lib/libnio.so
7fd8080d7000-7fd8080d8000 rw-p 00012000 08:20 47904                      /usr/lib/jvm/java-11-openjdk-amd64/lib/libnio.so
7fd8080d8000-7fd80ade5000 rw-p 00000000 00:00 0 
7fd80ade5000-7fd80ade6000 ---p 00000000 00:00 0 
7fd80ade6000-7fd80aee6000 rw-p 00000000 00:00 0 
7fd80aee6000-7fd80aee7000 ---p 00000000 00:00 0 
7fd80aee7000-7fd80b1cf000 rw-p 00000000 00:00 0 
7fd80b1cf000-7fd80ce37000 ---p 00000000 00:00 0 
7fd80ce37000-7fd80d027000 rw-p 00000000 00:00 0 
7fd80d027000-7fd80ec8f000 ---p 00000000 00:00 0 
7fd80ec8f000-7fd80ecd4000 rw-p 00000000 00:00 0 
7fd80ecd4000-7fd80f061000 ---p 00000000 00:00 0 
7fd80f061000-7fd80f09f000 rw-p 00000000 00:00 0 
7fd80f09f000-7fd80f42c000 ---p 00000000 00:00 0 
7fd80f42c000-7fd80f46a000 rw-p 00000000 00:00 0 
7fd80f46a000-7fd80f7f7000 ---p 00000000 00:00 0 
7fd80f7f7000-7fd810000000 rw-p 00000000 00:00 0 
7fd810000000-7fd810021000 rw-p 00000000 00:00 0 
7fd810021000-7fd814000000 ---p 00000000 00:00 0 
7fd814010000-7fd8145f1000 rw-p 00000000 00:00 0 
7fd8145f1000-7fd8145f2000 ---p 00000000 00:00 0 
7fd8145f2000-7fd8146f7000 rw-p 00000000 00:00 0 
7fd8146f7000-7fd8147db000 ---p 00000000 00:00 0 
7fd8147db000-7fd814abb000 rwxp 00000000 00:00 0 
7fd814abb000-7fd814f1a000 ---p 00000000 00:00 0 
7fd814f1a000-7fd81518a000 rwxp 00000000 00:00 0 
7fd81518a000-7fd81c37a000 ---p 00000000 00:00 0 
7fd81c37a000-7fd81c5ea000 rwxp 00000000 00:00 0 
7fd81c5ea000-7fd8237db000 ---p 00000000 00:00 0 
7fd8237db000-7fd82c000000 r--s 00000000 08:20 47913                      /usr/lib/jvm/java-11-openjdk-amd64/lib/modules
7fd82c000000-7fd82c4ab000 rw-p 00000000 00:00 0 
7fd82c4ab000-7fd830000000 ---p 00000000 00:00 0 
7fd830000000-7fd830001000 r--p 00000000 08:20 84035                      /home/w/.javacpp/cache/llvm-13.0.1-1.5.7-linux-x86_64.jar/org/bytedeco/llvm/linux-x86_64/libRemarks.so.13
7fd830001000-7fd830002000 r-xp 00001000 08:20 84035                      /home/w/.javacpp/cache/llvm-13.0.1-1.5.7-linux-x86_64.jar/org/bytedeco/llvm/linux-x86_64/libRemarks.so.13
7fd830002000-7fd830003000 r--p 00002000 08:20 84035                      /home/w/.javacpp/cache/llvm-13.0.1-1.5.7-linux-x86_64.jar/org/bytedeco/llvm/linux-x86_64/libRemarks.so.13
7fd830003000-7fd830004000 r--p 00002000 08:20 84035                      /home/w/.javacpp/cache/llvm-13.0.1-1.5.7-linux-x86_64.jar/org/bytedeco/llvm/linux-x86_64/libRemarks.so.13
7fd830004000-7fd830005000 rw-p 00003000 08:20 84035                      /home/w/.javacpp/cache/llvm-13.0.1-1.5.7-linux-x86_64.jar/org/bytedeco/llvm/linux-x86_64/libRemarks.so.13
7fd830005000-7fd830007000 r--p 00000000 08:20 47884                      /usr/lib/jvm/java-11-openjdk-amd64/lib/libdt_socket.so
7fd830007000-7fd83000a000 r-xp 00002000 08:20 47884                      /usr/lib/jvm/java-11-openjdk-amd64/lib/libdt_socket.so
7fd83000a000-7fd83000b000 r--p 00005000 08:20 47884                      /usr/lib/jvm/java-11-openjdk-amd64/lib/libdt_socket.so
7fd83000b000-7fd83000c000 ---p 00006000 08:20 47884                      /usr/lib/jvm/java-11-openjdk-amd64/lib/libdt_socket.so
7fd83000c000-7fd83000d000 r--p 00006000 08:20 47884                      /usr/lib/jvm/java-11-openjdk-amd64/lib/libdt_socket.so
7fd83000d000-7fd83000e000 rw-p 00007000 08:20 47884                      /usr/lib/jvm/java-11-openjdk-amd64/lib/libdt_socket.so
7fd83000e000-7fd8300cd000 rw-p 00000000 00:00 0 
7fd8300cd000-7fd8301b1000 ---p 00000000 00:00 0 
7fd8301b1000-7fd8301b7000 rw-p 00000000 00:00 0 
7fd8301b7000-7fd8301c0000 ---p 00000000 00:00 0 
7fd8301c0000-7fd8301c6000 r--s 000f8000 08:20 55851                      /home/w/.cache/JetBrains/RemoteDev/dist/2b05049c6fa27_ideaIU-232.9921.28/plugins/java/lib/rt/debugger-agent.jar
7fd8301c6000-7fd8301c8000 r--p 00000000 08:20 47912                      /usr/lib/jvm/java-11-openjdk-amd64/lib/libzip.so
7fd8301c8000-7fd8301cd000 r-xp 00002000 08:20 47912                      /usr/lib/jvm/java-11-openjdk-amd64/lib/libzip.so
7fd8301cd000-7fd8301cf000 r--p 00007000 08:20 47912                      /usr/lib/jvm/java-11-openjdk-amd64/lib/libzip.so
7fd8301cf000-7fd8301d0000 r--p 00008000 08:20 47912                      /usr/lib/jvm/java-11-openjdk-amd64/lib/libzip.so
7fd8301d0000-7fd8301d1000 rw-p 00009000 08:20 47912                      /usr/lib/jvm/java-11-openjdk-amd64/lib/libzip.so
7fd8301d1000-7fd8301d4000 r--p 00000000 08:20 41808                      /usr/lib/x86_64-linux-gnu/libnss_files-2.31.so
7fd8301d4000-7fd8301db000 r-xp 00003000 08:20 41808                      /usr/lib/x86_64-linux-gnu/libnss_files-2.31.so
7fd8301db000-7fd8301dd000 r--p 0000a000 08:20 41808                      /usr/lib/x86_64-linux-gnu/libnss_files-2.31.so
7fd8301dd000-7fd8301de000 r--p 0000b000 08:20 41808                      /usr/lib/x86_64-linux-gnu/libnss_files-2.31.so
7fd8301de000-7fd8301df000 rw-p 0000c000 08:20 41808                      /usr/lib/x86_64-linux-gnu/libnss_files-2.31.so
7fd8301df000-7fd8301e5000 rw-p 00000000 00:00 0 
7fd8301e7000-7fd8301ef000 rw-s 00000000 08:20 84175                      /tmp/hsperfdata_w/267521
7fd8301ef000-7fd830221000 r--p 00000000 08:20 22158                      /usr/lib/locale/C.UTF-8/LC_CTYPE
7fd830221000-7fd830222000 r--p 00000000 08:20 22164                      /usr/lib/locale/C.UTF-8/LC_NUMERIC
7fd830222000-7fd830223000 r--p 00000000 08:20 22167                      /usr/lib/locale/C.UTF-8/LC_TIME
7fd830223000-7fd830396000 r--p 00000000 08:20 22157                      /usr/lib/locale/C.UTF-8/LC_COLLATE
7fd830396000-7fd830397000 r--p 00000000 08:20 22162                      /usr/lib/locale/C.UTF-8/LC_MONETARY
7fd830397000-7fd830398000 r--p 00000000 08:20 22161                      /usr/lib/locale/C.UTF-8/LC_MESSAGES/SYS_LC_MESSAGES
7fd830398000-7fd830399000 r--p 00000000 08:20 22165                      /usr/lib/locale/C.UTF-8/LC_PAPER
7fd830399000-7fd83039a000 r--p 00000000 08:20 22163                      /usr/lib/locale/C.UTF-8/LC_NAME
7fd83039a000-7fd83039b000 r--p 00000000 08:20 22156                      /usr/lib/locale/C.UTF-8/LC_ADDRESS
7fd83039b000-7fd83039c000 r--p 00000000 08:20 22166                      /usr/lib/locale/C.UTF-8/LC_TELEPHONE
7fd83039c000-7fd8303a3000 r--s 00000000 08:20 42067                      /usr/lib/x86_64-linux-gnu/gconv/gconv-modules.cache
7fd8303a3000-7fd830689000 r--p 00000000 08:20 2680                       /usr/lib/locale/locale-archive
7fd830689000-7fd83068b000 r--p 00000000 08:20 47887                      /usr/lib/jvm/java-11-openjdk-amd64/lib/libinstrument.so
7fd83068b000-7fd830692000 r-xp 00002000 08:20 47887                      /usr/lib/jvm/java-11-openjdk-amd64/lib/libinstrument.so
7fd830692000-7fd830695000 r--p 00009000 08:20 47887                      /usr/lib/jvm/java-11-openjdk-amd64/lib/libinstrument.so
7fd830695000-7fd830696000 r--p 0000b000 08:20 47887                      /usr/lib/jvm/java-11-openjdk-amd64/lib/libinstrument.so
7fd830696000-7fd830697000 rw-p 0000c000 08:20 47887                      /usr/lib/jvm/java-11-openjdk-amd64/lib/libinstrument.so
7fd830697000-7fd830699000 r--p 00000000 08:20 47894                      /usr/lib/jvm/java-11-openjdk-amd64/lib/libjdwp.so
7fd830699000-7fd8306c6000 r-xp 00002000 08:20 47894                      /usr/lib/jvm/java-11-openjdk-amd64/lib/libjdwp.so
7fd8306c6000-7fd8306d4000 r--p 0002f000 08:20 47894                      /usr/lib/jvm/java-11-openjdk-amd64/lib/libjdwp.so
7fd8306d4000-7fd8306d5000 r--p 0003c000 08:20 47894                      /usr/lib/jvm/java-11-openjdk-amd64/lib/libjdwp.so
7fd8306d5000-7fd8306d6000 rw-p 0003d000 08:20 47894                      /usr/lib/jvm/java-11-openjdk-amd64/lib/libjdwp.so
7fd8306d6000-7fd8306d7000 ---p 00000000 00:00 0 
7fd8306d7000-7fd8306d8000 r--p 00000000 00:00 0 
7fd8306d8000-7fd8306e6000 r--p 00000000 08:20 47892                      /usr/lib/jvm/java-11-openjdk-amd64/lib/libjava.so
7fd8306e6000-7fd8306fc000 r-xp 0000e000 08:20 47892                      /usr/lib/jvm/java-11-openjdk-amd64/lib/libjava.so
7fd8306fc000-7fd830703000 r--p 00024000 08:20 47892                      /usr/lib/jvm/java-11-openjdk-amd64/lib/libjava.so
7fd830703000-7fd830704000 r--p 0002a000 08:20 47892                      /usr/lib/jvm/java-11-openjdk-amd64/lib/libjava.so
7fd830704000-7fd830705000 rw-p 0002b000 08:20 47892                      /usr/lib/jvm/java-11-openjdk-amd64/lib/libjava.so
7fd830705000-7fd830706000 rw-p 00000000 00:00 0 
7fd830706000-7fd83070b000 r--p 00000000 08:20 47911                      /usr/lib/jvm/java-11-openjdk-amd64/lib/libverify.so
7fd83070b000-7fd830712000 r-xp 00005000 08:20 47911                      /usr/lib/jvm/java-11-openjdk-amd64/lib/libverify.so
7fd830712000-7fd830714000 r--p 0000c000 08:20 47911                      /usr/lib/jvm/java-11-openjdk-amd64/lib/libverify.so
7fd830714000-7fd830715000 ---p 0000e000 08:20 47911                      /usr/lib/jvm/java-11-openjdk-amd64/lib/libverify.so
7fd830715000-7fd830717000 r--p 0000e000 08:20 47911                      /usr/lib/jvm/java-11-openjdk-amd64/lib/libverify.so
7fd830717000-7fd830718000 rw-p 00010000 08:20 47911                      /usr/lib/jvm/java-11-openjdk-amd64/lib/libverify.so
7fd830718000-7fd83071a000 r--p 00000000 08:20 41815                      /usr/lib/x86_64-linux-gnu/librt-2.31.so
7fd83071a000-7fd83071e000 r-xp 00002000 08:20 41815                      /usr/lib/x86_64-linux-gnu/librt-2.31.so
7fd83071e000-7fd830720000 r--p 00006000 08:20 41815                      /usr/lib/x86_64-linux-gnu/librt-2.31.so
7fd830720000-7fd830721000 r--p 00007000 08:20 41815                      /usr/lib/x86_64-linux-gnu/librt-2.31.so
7fd830721000-7fd830722000 rw-p 00008000 08:20 41815                      /usr/lib/x86_64-linux-gnu/librt-2.31.so
7fd830722000-7fd830726000 ---p 00000000 00:00 0 
7fd830726000-7fd830823000 rw-p 00000000 00:00 0 
7fd830823000-7fd830826000 r--p 00000000 08:20 41776                      /usr/lib/x86_64-linux-gnu/libgcc_s.so.1
7fd830826000-7fd830838000 r-xp 00003000 08:20 41776                      /usr/lib/x86_64-linux-gnu/libgcc_s.so.1
7fd830838000-7fd83083c000 r--p 00015000 08:20 41776                      /usr/lib/x86_64-linux-gnu/libgcc_s.so.1
7fd83083c000-7fd83083d000 r--p 00018000 08:20 41776                      /usr/lib/x86_64-linux-gnu/libgcc_s.so.1
7fd83083d000-7fd83083e000 rw-p 00019000 08:20 41776                      /usr/lib/x86_64-linux-gnu/libgcc_s.so.1
7fd83083e000-7fd83084b000 r--p 00000000 08:20 41802                      /usr/lib/x86_64-linux-gnu/libm-2.31.so
7fd83084b000-7fd8308f2000 r-xp 0000d000 08:20 41802                      /usr/lib/x86_64-linux-gnu/libm-2.31.so
7fd8308f2000-7fd83098b000 r--p 000b4000 08:20 41802                      /usr/lib/x86_64-linux-gnu/libm-2.31.so
7fd83098b000-7fd83098c000 r--p 0014c000 08:20 41802                      /usr/lib/x86_64-linux-gnu/libm-2.31.so
7fd83098c000-7fd83098d000 rw-p 0014d000 08:20 41802                      /usr/lib/x86_64-linux-gnu/libm-2.31.so
7fd83098d000-7fd830a23000 r--p 00000000 08:20 40202                      /usr/lib/x86_64-linux-gnu/libstdc++.so.6.0.28
7fd830a23000-7fd830b14000 r-xp 00096000 08:20 40202                      /usr/lib/x86_64-linux-gnu/libstdc++.so.6.0.28
7fd830b14000-7fd830b5d000 r--p 00187000 08:20 40202                      /usr/lib/x86_64-linux-gnu/libstdc++.so.6.0.28
7fd830b5d000-7fd830b5e000 ---p 001d0000 08:20 40202                      /usr/lib/x86_64-linux-gnu/libstdc++.so.6.0.28
7fd830b5e000-7fd830b69000 r--p 001d0000 08:20 40202                      /usr/lib/x86_64-linux-gnu/libstdc++.so.6.0.28
7fd830b69000-7fd830b6c000 rw-p 001db000 08:20 40202                      /usr/lib/x86_64-linux-gnu/libstdc++.so.6.0.28
7fd830b6c000-7fd830b6f000 rw-p 00000000 00:00 0 
7fd830b6f000-7fd830df1000 r--p 00000000 08:20 47918                      /usr/lib/jvm/java-11-openjdk-amd64/lib/server/libjvm.so
7fd830df1000-7fd831a7e000 r-xp 00282000 08:20 47918                      /usr/lib/jvm/java-11-openjdk-amd64/lib/server/libjvm.so
7fd831a7e000-7fd831cdf000 r--p 00f0f000 08:20 47918                      /usr/lib/jvm/java-11-openjdk-amd64/lib/server/libjvm.so
7fd831cdf000-7fd831ce0000 ---p 01170000 08:20 47918                      /usr/lib/jvm/java-11-openjdk-amd64/lib/server/libjvm.so
7fd831ce0000-7fd831da4000 r--p 01170000 08:20 47918                      /usr/lib/jvm/java-11-openjdk-amd64/lib/server/libjvm.so
7fd831da4000-7fd831ddf000 rw-p 01234000 08:20 47918                      /usr/lib/jvm/java-11-openjdk-amd64/lib/server/libjvm.so
7fd831ddf000-7fd831e38000 rw-p 00000000 00:00 0 
7fd831e38000-7fd831e5a000 r--p 00000000 08:20 41800                      /usr/lib/x86_64-linux-gnu/libc-2.31.so
7fd831e5a000-7fd831fd2000 r-xp 00022000 08:20 41800                      /usr/lib/x86_64-linux-gnu/libc-2.31.so
7fd831fd2000-7fd832020000 r--p 0019a000 08:20 41800                      /usr/lib/x86_64-linux-gnu/libc-2.31.so
7fd832020000-7fd832024000 r--p 001e7000 08:20 41800                      /usr/lib/x86_64-linux-gnu/libc-2.31.so
7fd832024000-7fd832026000 rw-p 001eb000 08:20 41800                      /usr/lib/x86_64-linux-gnu/libc-2.31.so
7fd832026000-7fd83202a000 rw-p 00000000 00:00 0 
7fd83202a000-7fd83202b000 r--p 00000000 08:20 41801                      /usr/lib/x86_64-linux-gnu/libdl-2.31.so
7fd83202b000-7fd83202d000 r-xp 00001000 08:20 41801                      /usr/lib/x86_64-linux-gnu/libdl-2.31.so
7fd83202d000-7fd83202e000 r--p 00003000 08:20 41801                      /usr/lib/x86_64-linux-gnu/libdl-2.31.so
7fd83202e000-7fd83202f000 r--p 00003000 08:20 41801                      /usr/lib/x86_64-linux-gnu/libdl-2.31.so
7fd83202f000-7fd832030000 rw-p 00004000 08:20 41801                      /usr/lib/x86_64-linux-gnu/libdl-2.31.so
7fd832030000-7fd832033000 r--p 00000000 08:20 47877                      /usr/lib/jvm/java-11-openjdk-amd64/lib/jli/libjli.so
7fd832033000-7fd83203d000 r-xp 00003000 08:20 47877                      /usr/lib/jvm/java-11-openjdk-amd64/lib/jli/libjli.so
7fd83203d000-7fd832040000 r--p 0000d000 08:20 47877                      /usr/lib/jvm/java-11-openjdk-amd64/lib/jli/libjli.so
7fd832040000-7fd832041000 ---p 00010000 08:20 47877                      /usr/lib/jvm/java-11-openjdk-amd64/lib/jli/libjli.so
7fd832041000-7fd832042000 r--p 00010000 08:20 47877                      /usr/lib/jvm/java-11-openjdk-amd64/lib/jli/libjli.so
7fd832042000-7fd832043000 rw-p 00011000 08:20 47877                      /usr/lib/jvm/java-11-openjdk-amd64/lib/jli/libjli.so
7fd832043000-7fd832049000 r--p 00000000 08:20 41813                      /usr/lib/x86_64-linux-gnu/libpthread-2.31.so
7fd832049000-7fd83205a000 r-xp 00006000 08:20 41813                      /usr/lib/x86_64-linux-gnu/libpthread-2.31.so
7fd83205a000-7fd832060000 r--p 00017000 08:20 41813                      /usr/lib/x86_64-linux-gnu/libpthread-2.31.so
7fd832060000-7fd832061000 r--p 0001c000 08:20 41813                      /usr/lib/x86_64-linux-gnu/libpthread-2.31.so
7fd832061000-7fd832062000 rw-p 0001d000 08:20 41813                      /usr/lib/x86_64-linux-gnu/libpthread-2.31.so
7fd832062000-7fd832066000 rw-p 00000000 00:00 0 
7fd832066000-7fd832068000 r--p 00000000 08:20 13174                      /usr/lib/x86_64-linux-gnu/libz.so.1.2.11
7fd832068000-7fd832079000 r-xp 00002000 08:20 13174                      /usr/lib/x86_64-linux-gnu/libz.so.1.2.11
7fd832079000-7fd83207f000 r--p 00013000 08:20 13174                      /usr/lib/x86_64-linux-gnu/libz.so.1.2.11
7fd83207f000-7fd832080000 ---p 00019000 08:20 13174                      /usr/lib/x86_64-linux-gnu/libz.so.1.2.11
7fd832080000-7fd832081000 r--p 00019000 08:20 13174                      /usr/lib/x86_64-linux-gnu/libz.so.1.2.11
7fd832081000-7fd832082000 rw-p 0001a000 08:20 13174                      /usr/lib/x86_64-linux-gnu/libz.so.1.2.11
7fd832082000-7fd832083000 r--p 00000000 08:20 22160                      /usr/lib/locale/C.UTF-8/LC_MEASUREMENT
7fd832083000-7fd832085000 r--p 00000000 08:20 47895                      /usr/lib/jvm/java-11-openjdk-amd64/lib/libjimage.so
7fd832085000-7fd832088000 r-xp 00002000 08:20 47895                      /usr/lib/jvm/java-11-openjdk-amd64/lib/libjimage.so
7fd832088000-7fd832089000 r--p 00005000 08:20 47895                      /usr/lib/jvm/java-11-openjdk-amd64/lib/libjimage.so
7fd832089000-7fd83208a000 ---p 00006000 08:20 47895                      /usr/lib/jvm/java-11-openjdk-amd64/lib/libjimage.so
7fd83208a000-7fd83208b000 r--p 00006000 08:20 47895                      /usr/lib/jvm/java-11-openjdk-amd64/lib/libjimage.so
7fd83208b000-7fd83208c000 rw-p 00007000 08:20 47895                      /usr/lib/jvm/java-11-openjdk-amd64/lib/libjimage.so
7fd83208c000-7fd83208e000 rw-p 00000000 00:00 0 
7fd83208e000-7fd83208f000 r--p 00000000 08:20 40200                      /usr/lib/x86_64-linux-gnu/ld-2.31.so
7fd83208f000-7fd8320b2000 r-xp 00001000 08:20 40200                      /usr/lib/x86_64-linux-gnu/ld-2.31.so
7fd8320b2000-7fd8320ba000 r--p 00024000 08:20 40200                      /usr/lib/x86_64-linux-gnu/ld-2.31.so
7fd8320ba000-7fd8320bb000 r--p 00000000 08:20 22159                      /usr/lib/locale/C.UTF-8/LC_IDENTIFICATION
7fd8320bb000-7fd8320bc000 r--p 0002c000 08:20 40200     