#
# A fatal error has been detected by the Java Runtime Environment:
#
#  SIGSEGV (0xb) at pc=0x00007ff0ae158882, pid=234699, tid=234704
#
# JRE version: OpenJDK Runtime Environment (11.0.22+7) (build 11.0.22+7-post-Ubuntu-0ubuntu220.04.1)
# Java VM: OpenJDK 64-Bit Server VM (11.0.22+7-post-Ubuntu-0ubuntu220.04.1, mixed mode, sharing, tiered, compressed oops, g1 gc, linux-amd64)
# Problematic frame:
# C  [libLLVM-13.so+0xc2c882]  LLVMBuildLoad+0x12
#
# No core dump will be written. Core dumps have been disabled. To enable core dumping, try "ulimit -c unlimited" before starting Java again
#
# If you would like to submit a bug report, please visit:
#   https://bugs.launchpad.net/ubuntu/+source/openjdk-lts
# The crash happened outside the Java Virtual Machine in native code.
# See problematic frame for where to report the bug.
#

---------------  S U M M A R Y ------------

Command Line: -agentlib:jdwp=transport=dt_socket,address=127.0.0.1:60777,suspend=y,server=n -javaagent:/home/w/.cache/JetBrains/RemoteDev/dist/1e68f1562c1c7_ideaIU-2023.1.6/plugins/java/lib/rt/debugger-agent.jar -Dfile.encoding=UTF-8 Main

Host: 12th Gen Intel(R) Core(TM) i5-1240P, 16 cores, 7G, Ubuntu 20.04.6 LTS
Time: Mon May 13 16:57:10 2024 HKT elapsed time: 19.489765 seconds (0d 0h 0m 19s)

---------------  T H R E A D  ---------------

Current thread (0x00007ff12c01c000):  JavaThread "main" [_thread_in_native, id=234704, stack(0x00007ff132acf000,0x00007ff132bd0000)]

Stack: [0x00007ff132acf000,0x00007ff132bd0000],  sp=0x00007ff132bcdcf0,  free space=1019k
Native frames: (J=compiled Java code, A=aot compiled Java code, j=interpreted, Vv=VM code, C=native code)
C  [libLLVM-13.so+0xc2c882]  LLVMBuildLoad+0x12

Java frames: (J=compiled Java code, j=interpreted, Vv=VM code)
j  org.bytedeco.llvm.global.LLVM.LLVMBuildLoad(Lorg/bytedeco/llvm/LLVM/LLVMBuilderRef;Lorg/bytedeco/llvm/LLVM/LLVMValueRef;Ljava/lang/String;)Lorg/bytedeco/llvm/LLVM/LLVMValueRef;+0
j  MyVisitor.visitLValExp(LSysYParser$LValExpContext;)Lorg/bytedeco/llvm/LLVM/LLVMValueRef;+24
j  MyVisitor.visitLValExp(LSysYParser$LValExpContext;)Ljava/lang/Object;+2
j  SysYParser$LValExpContext.accept(Lorg/antlr/v4/runtime/tree/ParseTreeVisitor;)Ljava/lang/Object;+12
j  org.antlr.v4.runtime.tree.AbstractParseTreeVisitor.visit(Lorg/antlr/v4/runtime/tree/ParseTree;)Ljava/lang/Object;+2
j  MyVisitor.visitStmt(LSysYParser$StmtContext;)Lorg/bytedeco/llvm/LLVM/LLVMValueRef;+13
j  MyVisitor.visitStmt(LSysYParser$StmtContext;)Ljava/lang/Object;+2
j  SysYParser$StmtContext.accept(Lorg/antlr/v4/runtime/tree/ParseTreeVisitor;)Ljava/lang/Object;+12
j  org.antlr.v4.runtime.tree.AbstractParseTreeVisitor.visitChildren(Lorg/antlr/v4/runtime/tree/RuleNode;)Ljava/lang/Object;+46
j  SysYParserBaseVisitor.visitBlockItem(LSysYParser$BlockItemContext;)Ljava/lang/Object;+2
j  SysYParser$BlockItemContext.accept(Lorg/antlr/v4/runtime/tree/ParseTreeVisitor;)Ljava/lang/Object;+12
j  org.antlr.v4.runtime.tree.AbstractParseTreeVisitor.visitChildren(Lorg/antlr/v4/runtime/tree/RuleNode;)Ljava/lang/Object;+46
j  SysYParserBaseVisitor.visitBlock(LSysYParser$BlockContext;)Ljava/lang/Object;+2
j  SysYParser$BlockContext.accept(Lorg/antlr/v4/runtime/tree/ParseTreeVisitor;)Ljava/lang/Object;+12
j  org.antlr.v4.runtime.tree.AbstractParseTreeVisitor.visitChildren(Lorg/antlr/v4/runtime/tree/RuleNode;)Ljava/lang/Object;+46
j  SysYParserBaseVisitor.visitFuncDef(LSysYParser$FuncDefContext;)Ljava/lang/Object;+2
j  MyVisitor.visitFuncDef(LSysYParser$FuncDefContext;)Lorg/bytedeco/llvm/LLVM/LLVMValueRef;+68
j  MyVisitor.visitFuncDef(LSysYParser$FuncDefContext;)Ljava/lang/Object;+2
j  SysYParser$FuncDefContext.accept(Lorg/antlr/v4/runtime/tree/ParseTreeVisitor;)Ljava/lang/Object;+12
j  org.antlr.v4.runtime.tree.AbstractParseTreeVisitor.visitChildren(Lorg/antlr/v4/runtime/tree/RuleNode;)Ljava/lang/Object;+46
j  SysYParserBaseVisitor.visitCompUnit(LSysYParser$CompUnitContext;)Ljava/lang/Object;+2
j  SysYParser$CompUnitContext.accept(Lorg/antlr/v4/runtime/tree/ParseTreeVisitor;)Ljava/lang/Object;+12
j  org.antlr.v4.runtime.tree.AbstractParseTreeVisitor.visitChildren(Lorg/antlr/v4/runtime/tree/RuleNode;)Ljava/lang/Object;+46
j  SysYParserBaseVisitor.visitProgram(LSysYParser$ProgramContext;)Ljava/lang/Object;+2
j  SysYParser$ProgramContext.accept(Lorg/antlr/v4/runtime/tree/ParseTreeVisitor;)Ljava/lang/Object;+12
j  org.antlr.v4.runtime.tree.AbstractParseTreeVisitor.visit(Lorg/antlr/v4/runtime/tree/ParseTree;)Ljava/lang/Object;+2
j  Main.main([Ljava/lang/String;)V+62
v  ~StubRoutines::call_stub

siginfo: si_signo: 11 (SIGSEGV), si_code: 1 (SEGV_MAPERR), si_addr: 0x0000000000000000

Register to memory mapping:

RAX=0x00007ff12c4d9680 points into unknown readable memory: 0x0000000000000061 | 61 00 00 00 00 00 00 00
RBX=0x0 is NULL
RCX=0x0000000000000061 is an unknown value
RDX=0x00007ff12c4d9680 points into unknown readable memory: 0x0000000000000061 | 61 00 00 00 00 00 00 00
RSP=0x00007ff132bcdcf0 is pointing into the stack for thread: 0x00007ff12c01c000
RBP=0x00007ff12c4ae660 points into unknown readable memory: 0x00007ff12c4ae670 | 70 e6 4a 2c f1 7f 00 00
RSI=0x0 is NULL
RDI=0x00007ff12c4ae660 points into unknown readable memory: 0x00007ff12c4ae670 | 70 e6 4a 2c f1 7f 00 00
R8 =0x000000008d4195f0 points into unknown readable memory: 0x0000000000000061 | 61 00 00 00 00 00 00 00
R9 =0x00007ff12c01c000 is a thread
R10=0x0 is NULL
R11=0x00000000000003d8 is an unknown value
R12=0x0 is NULL
R13=0x0 is NULL
R14=0x00007ff12c4d9680 points into unknown readable memory: 0x0000000000000061 | 61 00 00 00 00 00 00 00
R15=0x00007ff12c01c000 is a thread


Registers:
RAX=0x00007ff12c4d9680, RBX=0x0000000000000000, RCX=0x0000000000000061, RDX=0x00007ff12c4d9680
RSP=0x00007ff132bcdcf0, RBP=0x00007ff12c4ae660, RSI=0x0000000000000000, RDI=0x00007ff12c4ae660
R8 =0x000000008d4195f0, R9 =0x00007ff12c01c000, R10=0x0000000000000000, R11=0x00000000000003d8
R12=0x0000000000000000, R13=0x0000000000000000, R14=0x00007ff12c4d9680, R15=0x00007ff12c01c000
RIP=0x00007ff0ae158882, EFLAGS=0x0000000000010206, CSGSFS=0x002b000000000033, ERR=0x0000000000000004
  TRAPNO=0x000000000000000e

Top of Stack: (sp=0x00007ff132bcdcf0)
0x00007ff132bcdcf0:   00007ff12c01c000 0000000000000000
0x00007ff132bcdd00:   00007ff12c01c000 00007ff12c1a1510
0x00007ff132bcdd10:   0000000000000002 0000000000000001
0x00007ff132bcdd20:   00007ff12c4d9680 00007ff12c1a1510 

Instructions: (pc=0x00007ff0ae158882)
0x00007ff0ae158782:   89 c4 4c 8d 4c 24 40 e8 92 57 09 00 48 8b 7d 50
0x00007ff0ae158792:   48 8b 4d 30 4c 89 e6 48 8d 54 24 10 4c 8b 45 38
0x00007ff0ae1587a2:   48 8b 07 ff 50 10 48 8b 5d 00 8b 6d 08 5a 59 48
0x00007ff0ae1587b2:   c1 e5 04 48 01 dd 48 39 eb 74 1a 0f 1f 00 48 8b
0x00007ff0ae1587c2:   53 08 8b 33 4c 89 e7 48 83 c3 10 e8 6e 16 0e 00
0x00007ff0ae1587d2:   48 39 dd 75 e9 48 83 c4 68 4c 89 e0 5b 5d 41 5c
0x00007ff0ae1587e2:   41 5d 41 5e 41 5f c3 0f 1f 80 00 00 00 00 41 54
0x00007ff0ae1587f2:   b8 01 01 00 00 55 48 89 fd 48 89 f7 53 48 83 ec
0x00007ff0ae158802:   30 48 8b 75 30 66 89 44 24 20 e8 ef 24 09 00 48
0x00007ff0ae158812:   8b 7d 50 48 8b 4d 30 48 89 e2 49 89 c4 4c 8b 45
0x00007ff0ae158822:   38 48 8b 07 4c 89 e6 ff 50 10 48 8b 5d 00 8b 6d
0x00007ff0ae158832:   08 48 c1 e5 04 48 01 dd 48 39 eb 74 18 90 48 8b
0x00007ff0ae158842:   53 08 8b 33 4c 89 e7 48 83 c3 10 e8 ee 15 0e 00
0x00007ff0ae158852:   48 39 dd 75 e9 48 83 c4 30 4c 89 e0 5b 5d 41 5c
0x00007ff0ae158862:   c3 66 2e 0f 1f 84 00 00 00 00 00 0f 1f 00 41 56
0x00007ff0ae158872:   41 55 49 89 f5 41 54 55 48 89 fd 53 48 83 ec 60
0x00007ff0ae158882:   48 8b 06 80 3a 00 be 01 01 00 00 4c 8b 70 18 66
0x00007ff0ae158892:   89 74 24 20 74 09 48 89 14 24 c6 44 24 20 03 48
0x00007ff0ae1588a2:   8b 7d 30 e8 d6 15 fc ff 48 89 c7 e8 4e 47 0e 00
0x00007ff0ae1588b2:   4c 89 f6 48 89 c7 e8 b3 46 01 00 be 01 00 00 00
0x00007ff0ae1588c2:   bf 40 00 00 00 89 c3 b8 01 01 00 00 66 89 44 24
0x00007ff0ae1588d2:   50 e8 a8 0a 13 00 48 8d 4c 24 30 41 89 d9 45 31
0x00007ff0ae1588e2:   c0 48 83 ec 08 48 89 c7 4c 89 ea 4c 89 f6 6a 00
0x00007ff0ae1588f2:   49 89 c4 e8 26 5d 09 00 48 8b 7d 50 48 8b 4d 30
0x00007ff0ae158902:   4c 89 e6 48 8d 54 24 10 4c 8b 45 38 48 8b 07 ff
0x00007ff0ae158912:   50 10 48 8b 5d 00 8b 6d 08 5a 59 48 c1 e5 04 48
0x00007ff0ae158922:   01 dd 48 39 eb 74 1e 0f 1f 80 00 00 00 00 48 8b
0x00007ff0ae158932:   53 08 8b 33 4c 89 e7 48 83 c3 10 e8 fe 14 0e 00
0x00007ff0ae158942:   48 39 dd 75 e9 48 83 c4 60 4c 89 e0 5b 5d 41 5c
0x00007ff0ae158952:   41 5d 41 5e c3 66 0f 1f 84 00 00 00 00 00 41 56
0x00007ff0ae158962:   49 89 d6 41 55 49 89 f5 be 01 01 00 00 41 54 55
0x00007ff0ae158972:   48 89 fd 53 48 83 ec 60 80 39 00 66 89 74 24 20 


Stack slot to memory mapping:
stack at sp + 0 slots: 0x00007ff12c01c000 is a thread
stack at sp + 1 slots: 0x0 is NULL
stack at sp + 2 slots: 0x00007ff12c01c000 is a thread
stack at sp + 3 slots: 0x00007ff12c1a1510 points into unknown readable memory: 0x000000008d4195e0 | e0 95 41 8d 00 00 00 00
stack at sp + 4 slots: 0x0000000000000002 is an unknown value
stack at sp + 5 slots: 0x0000000000000001 is an unknown value
stack at sp + 6 slots: 0x00007ff12c4d9680 points into unknown readable memory: 0x0000000000000061 | 61 00 00 00 00 00 00 00
stack at sp + 7 slots: 0x00007ff12c1a1510 points into unknown readable memory: 0x000000008d4195e0 | e0 95 41 8d 00 00 00 00


---------------  P R O C E S S  ---------------

Threads class SMR info:
_java_thread_list=0x00007ff0cc044040, length=13, elements={
0x00007ff12c01c000, 0x00007ff12c1a3000, 0x00007ff12c1a5000, 0x00007ff12c1a9800,
0x00007ff12c1ab800, 0x00007ff12c1ad800, 0x00007ff12c1af800, 0x00007ff12c1b1800,
0x00007ff12c1d7800, 0x00007ff12c228800, 0x00007ff12c22d000, 0x00007ff0c4001800,
0x00007ff12c3d4000
}

Java Threads: ( => current thread )
=>0x00007ff12c01c000 JavaThread "main" [_thread_in_native, id=234704, stack(0x00007ff132acf000,0x00007ff132bd0000)]
  0x00007ff12c1a3000 JavaThread "Reference Handler" daemon [_thread_blocked, id=234719, stack(0x00007ff1056ff000,0x00007ff105800000)]
  0x00007ff12c1a5000 JavaThread "Finalizer" daemon [_thread_blocked, id=234720, stack(0x00007ff1055fe000,0x00007ff1056ff000)]
  0x00007ff12c1a9800 JavaThread "Signal Dispatcher" daemon [_thread_blocked, id=234722, stack(0x00007ff1054fd000,0x00007ff1055fe000)]
  0x00007ff12c1ab800 JavaThread "Service Thread" daemon [_thread_blocked, id=234723, stack(0x00007ff1053fc000,0x00007ff1054fd000)]
  0x00007ff12c1ad800 JavaThread "C2 CompilerThread0" daemon [_thread_blocked, id=234724, stack(0x00007ff1052fb000,0x00007ff1053fc000)]
  0x00007ff12c1af800 JavaThread "C1 CompilerThread0" daemon [_thread_blocked, id=234725, stack(0x00007ff1051fa000,0x00007ff1052fb000)]
  0x00007ff12c1b1800 JavaThread "Sweeper thread" daemon [_thread_blocked, id=234726, stack(0x00007ff1050f9000,0x00007ff1051fa000)]
  0x00007ff12c1d7800 JavaThread "Common-Cleaner" daemon [_thread_blocked, id=234734, stack(0x00007ff104ff8000,0x00007ff1050f9000)]
  0x00007ff12c228800 JavaThread "JDWP Transport Listener: dt_socket" daemon [_thread_blocked, id=234738, stack(0x00007ff104cf5000,0x00007ff104df6000)]
  0x00007ff12c22d000 JavaThread "JDWP Event Helper Thread" daemon [_thread_blocked, id=234740, stack(0x00007ff104bf4000,0x00007ff104cf5000)]
  0x00007ff0c4001800 JavaThread "JDWP Command Reader" daemon [_thread_in_native, id=234741, stack(0x00007ff104af3000,0x00007ff104bf4000)]
  0x00007ff12c3d4000 JavaThread "JavaCPP Deallocator" daemon [_thread_blocked, id=234754, stack(0x00007ff104df6000,0x00007ff104ef7000)]

Other Threads:
  0x00007ff12c1a0000 VMThread "VM Thread" [stack: 0x00007ff10c0ce000,0x00007ff10c1ce000] [id=234718]
  0x00007ff12c23e800 WatcherThread [stack: 0x00007ff1049f3000,0x00007ff104af3000] [id=234744]
  0x00007ff12c035800 GCTaskThread "GC Thread#0" [stack: 0x00007ff13228c000,0x00007ff13238c000] [id=234705]
  0x00007ff12c066800 ConcurrentGCThread "G1 Main Marker" [stack: 0x00007ff130863000,0x00007ff130963000] [id=234706]
  0x00007ff12c068800 ConcurrentGCThread "G1 Conc#0" [stack: 0x00007ff130762000,0x00007ff130862000] [id=234707]
  0x00007ff12c104800 ConcurrentGCThread "G1 Refine#0" [stack: 0x00007ff1140d5000,0x00007ff1141d5000] [id=234709]
  0x00007ff12c106800 ConcurrentGCThread "G1 Young RemSet Sampling" [stack: 0x00007ff10c250000,0x00007ff10c350000] [id=234710]

Threads with active compile tasks:

VM state:not at safepoint (normal execution)

VM Mutex/Monitor currently owned by a thread: None

Heap address: 0x0000000086a00000, size: 1942 MB, Compressed Oops mode: 32-bit
Narrow klass base: 0x0000000800000000, Narrow klass shift: 3
Compressed class space size: 1073741824 Address: 0x0000000840000000

Heap:
 garbage-first heap   total 126976K, used 16080K [0x0000000086a00000, 0x0000000100000000)
  region size 1024K, 16 young (16384K), 0 survivors (0K)
 Metaspace       used 3777K, capacity 6519K, committed 6656K, reserved 1056768K
  class space    used 403K, capacity 681K, committed 768K, reserved 1048576K
Heap Regions: E=young(eden), S=young(survivor), O=old, HS=humongous(starts), HC=humongous(continues), CS=collection set, F=free, A=archive, TAMS=top-at-mark-start (previous, next)
|   0|0x0000000086a00000, 0x0000000086a00000, 0x0000000086b00000|  0%| F|  |TAMS 0x0000000086a00000, 0x0000000086a00000| Untracked 
|   1|0x0000000086b00000, 0x0000000086b00000, 0x0000000086c00000|  0%| F|  |TAMS 0x0000000086b00000, 0x0000000086b00000| Untracked 
|   2|0x0000000086c00000, 0x0000000086c00000, 0x0000000086d00000|  0%| F|  |TAMS 0x0000000086c00000, 0x0000000086c00000| Untracked 
|   3|0x0000000086d00000, 0x0000000086d00000, 0x0000000086e00000|  0%| F|  |TAMS 0x0000000086d00000, 0x0000000086d00000| Untracked 
|   4|0x0000000086e00000, 0x0000000086e00000, 0x0000000086f00000|  0%| F|  |TAMS 0x0000000086e00000, 0x0000000086e00000| Untracked 
|   5|0x0000000086f00000, 0x0000000086f00000, 0x0000000087000000|  0%| F|  |TAMS 0x0000000086f00000, 0x0000000086f00000| Untracked 
|   6|0x0000000087000000, 0x0000000087000000, 0x0000000087100000|  0%| F|  |TAMS 0x0000000087000000, 0x0000000087000000| Untracked 
|   7|0x0000000087100000, 0x0000000087100000, 0x0000000087200000|  0%| F|  |TAMS 0x0000000087100000, 0x0000000087100000| Untracked 
|   8|0x0000000087200000, 0x0000000087200000, 0x0000000087300000|  0%| F|  |TAMS 0x0000000087200000, 0x0000000087200000| Untracked 
|   9|0x0000000087300000, 0x0000000087300000, 0x0000000087400000|  0%| F|  |TAMS 0x0000000087300000, 0x0000000087300000| Untracked 
|  10|0x0000000087400000, 0x0000000087400000, 0x0000000087500000|  0%| F|  |TAMS 0x0000000087400000, 0x0000000087400000| Untracked 
|  11|0x0000000087500000, 0x0000000087500000, 0x0000000087600000|  0%| F|  |TAMS 0x0000000087500000, 0x0000000087500000| Untracked 
|  12|0x0000000087600000, 0x0000000087600000, 0x0000000087700000|  0%| F|  |TAMS 0x0000000087600000, 0x0000000087600000| Untracked 
|  13|0x0000000087700000, 0x0000000087700000, 0x0000000087800000|  0%| F|  |TAMS 0x0000000087700000, 0x0000000087700000| Untracked 
|  14|0x0000000087800000, 0x0000000087800000, 0x0000000087900000|  0%| F|  |TAMS 0x0000000087800000, 0x0000000087800000| Untracked 
|  15|0x0000000087900000, 0x0000000087900000, 0x0000000087a00000|  0%| F|  |TAMS 0x0000000087900000, 0x0000000087900000| Untracked 
|  16|0x0000000087a00000, 0x0000000087a00000, 0x0000000087b00000|  0%| F|  |TAMS 0x0000000087a00000, 0x0000000087a00000| Untracked 
|  17|0x0000000087b00000, 0x0000000087b00000, 0x0000000087c00000|  0%| F|  |TAMS 0x0000000087b00000, 0x0000000087b00000| Untracked 
|  18|0x0000000087c00000, 0x0000000087c00000, 0x0000000087d00000|  0%| F|  |TAMS 0x0000000087c00000, 0x0000000087c00000| Untracked 
|  19|0x0000000087d00000, 0x0000000087d00000, 0x0000000087e00000|  0%| F|  |TAMS 0x0000000087d00000, 0x0000000087d00000| Untracked 
|  20|0x0000000087e00000, 0x0000000087e00000, 0x0000000087f00000|  0%| F|  |TAMS 0x0000000087e00000, 0x0000000087e00000| Untracked 
|  21|0x0000000087f00000, 0x0000000087f00000, 0x0000000088000000|  0%| F|  |TAMS 0x0000000087f00000, 0x0000000087f00000| Untracked 
|  22|0x0000000088000000, 0x0000000088000000, 0x0000000088100000|  0%| F|  |TAMS 0x0000000088000000, 0x0000000088000000| Untracked 
|  23|0x0000000088100000, 0x0000000088100000, 0x0000000088200000|  0%| F|  |TAMS 0x0000000088100000, 0x0000000088100000| Untracked 
|  24|0x0000000088200000, 0x0000000088200000, 0x0000000088300000|  0%| F|  |TAMS 0x0000000088200000, 0x0000000088200000| Untracked 
|  25|0x0000000088300000, 0x0000000088300000, 0x0000000088400000|  0%| F|  |TAMS 0x0000000088300000, 0x0000000088300000| Untracked 
|  26|0x0000000088400000, 0x0000000088400000, 0x0000000088500000|  0%| F|  |TAMS 0x0000000088400000, 0x0000000088400000| Untracked 
|  27|0x0000000088500000, 0x0000000088500000, 0x0000000088600000|  0%| F|  |TAMS 0x0000000088500000, 0x0000000088500000| Untracked 
|  28|0x0000000088600000, 0x0000000088600000, 0x0000000088700000|  0%| F|  |TAMS 0x0000000088600000, 0x0000000088600000| Untracked 
|  29|0x0000000088700000, 0x0000000088700000, 0x0000000088800000|  0%| F|  |TAMS 0x0000000088700000, 0x0000000088700000| Untracked 
|  30|0x0000000088800000, 0x0000000088800000, 0x0000000088900000|  0%| F|  |TAMS 0x0000000088800000, 0x0000000088800000| Untracked 
|  31|0x0000000088900000, 0x0000000088900000, 0x0000000088a00000|  0%| F|  |TAMS 0x0000000088900000, 0x0000000088900000| Untracked 
|  32|0x0000000088a00000, 0x0000000088a00000, 0x0000000088b00000|  0%| F|  |TAMS 0x0000000088a00000, 0x0000000088a00000| Untracked 
|  33|0x0000000088b00000, 0x0000000088b00000, 0x0000000088c00000|  0%| F|  |TAMS 0x0000000088b00000, 0x0000000088b00000| Untracked 
|  34|0x0000000088c00000, 0x0000000088c00000, 0x0000000088d00000|  0%| F|  |TAMS 0x0000000088c00000, 0x0000000088c00000| Untracked 
|  35|0x0000000088d00000, 0x0000000088d00000, 0x0000000088e00000|  0%| F|  |TAMS 0x0000000088d00000, 0x0000000088d00000| Untracked 
|  36|0x0000000088e00000, 0x0000000088e00000, 0x0000000088f00000|  0%| F|  |TAMS 0x0000000088e00000, 0x0000000088e00000| Untracked 
|  37|0x0000000088f00000, 0x0000000088f00000, 0x0000000089000000|  0%| F|  |TAMS 0x0000000088f00000, 0x0000000088f00000| Untracked 
|  38|0x0000000089000000, 0x0000000089000000, 0x0000000089100000|  0%| F|  |TAMS 0x0000000089000000, 0x0000000089000000| Untracked 
|  39|0x0000000089100000, 0x0000000089100000, 0x0000000089200000|  0%| F|  |TAMS 0x0000000089100000, 0x0000000089100000| Untracked 
|  40|0x0000000089200000, 0x0000000089200000, 0x0000000089300000|  0%| F|  |TAMS 0x0000000089200000, 0x0000000089200000| Untracked 
|  41|0x0000000089300000, 0x0000000089300000, 0x0000000089400000|  0%| F|  |TAMS 0x0000000089300000, 0x0000000089300000| Untracked 
|  42|0x0000000089400000, 0x0000000089400000, 0x0000000089500000|  0%| F|  |TAMS 0x0000000089400000, 0x0000000089400000| Untracked 
|  43|0x0000000089500000, 0x0000000089500000, 0x0000000089600000|  0%| F|  |TAMS 0x0000000089500000, 0x0000000089500000| Untracked 
|  44|0x0000000089600000, 0x0000000089600000, 0x0000000089700000|  0%| F|  |TAMS 0x0000000089600000, 0x0000000089600000| Untracked 
|  45|0x0000000089700000, 0x0000000089700000, 0x0000000089800000|  0%| F|  |TAMS 0x0000000089700000, 0x0000000089700000| Untracked 
|  46|0x0000000089800000, 0x0000000089800000, 0x0000000089900000|  0%| F|  |TAMS 0x0000000089800000, 0x0000000089800000| Untracked 
|  47|0x0000000089900000, 0x0000000089900000, 0x0000000089a00000|  0%| F|  |TAMS 0x0000000089900000, 0x0000000089900000| Untracked 
|  48|0x0000000089a00000, 0x0000000089a00000, 0x0000000089b00000|  0%| F|  |TAMS 0x0000000089a00000, 0x0000000089a00000| Untracked 
|  49|0x0000000089b00000, 0x0000000089b00000, 0x0000000089c00000|  0%| F|  |TAMS 0x0000000089b00000, 0x0000000089b00000| Untracked 
|  50|0x0000000089c00000, 0x0000000089c00000, 0x0000000089d00000|  0%| F|  |TAMS 0x0000000089c00000, 0x0000000089c00000| Untracked 
|  51|0x0000000089d00000, 0x0000000089d00000, 0x0000000089e00000|  0%| F|  |TAMS 0x0000000089d00000, 0x0000000089d00000| Untracked 
|  52|0x0000000089e00000, 0x0000000089e00000, 0x0000000089f00000|  0%| F|  |TAMS 0x0000000089e00000, 0x0000000089e00000| Untracked 
|  53|0x0000000089f00000, 0x0000000089f00000, 0x000000008a000000|  0%| F|  |TAMS 0x0000000089f00000, 0x0000000089f00000| Untracked 
|  54|0x000000008a000000, 0x000000008a000000, 0x000000008a100000|  0%| F|  |TAMS 0x000000008a000000, 0x000000008a000000| Untracked 
|  55|0x000000008a100000, 0x000000008a100000, 0x000000008a200000|  0%| F|  |TAMS 0x000000008a100000, 0x000000008a100000| Untracked 
|  56|0x000000008a200000, 0x000000008a200000, 0x000000008a300000|  0%| F|  |TAMS 0x000000008a200000, 0x000000008a200000| Untracked 
|  57|0x000000008a300000, 0x000000008a300000, 0x000000008a400000|  0%| F|  |TAMS 0x000000008a300000, 0x000000008a300000| Untracked 
|  58|0x000000008a400000, 0x000000008a400000, 0x000000008a500000|  0%| F|  |TAMS 0x000000008a400000, 0x000000008a400000| Untracked 
|  59|0x000000008a500000, 0x000000008a500000, 0x000000008a600000|  0%| F|  |TAMS 0x000000008a500000, 0x000000008a500000| Untracked 
|  60|0x000000008a600000, 0x000000008a600000, 0x000000008a700000|  0%| F|  |TAMS 0x000000008a600000, 0x000000008a600000| Untracked 
|  61|0x000000008a700000, 0x000000008a700000, 0x000000008a800000|  0%| F|  |TAMS 0x000000008a700000, 0x000000008a700000| Untracked 
|  62|0x000000008a800000, 0x000000008a800000, 0x000000008a900000|  0%| F|  |TAMS 0x000000008a800000, 0x000000008a800000| Untracked 
|  63|0x000000008a900000, 0x000000008a900000, 0x000000008aa00000|  0%| F|  |TAMS 0x000000008a900000, 0x000000008a900000| Untracked 
|  64|0x000000008aa00000, 0x000000008aa00000, 0x000000008ab00000|  0%| F|  |TAMS 0x000000008aa00000, 0x000000008aa00000| Untracked 
|  65|0x000000008ab00000, 0x000000008ab00000, 0x000000008ac00000|  0%| F|  |TAMS 0x000000008ab00000, 0x000000008ab00000| Untracked 
|  66|0x000000008ac00000, 0x000000008ac00000, 0x000000008ad00000|  0%| F|  |TAMS 0x000000008ac00000, 0x000000008ac00000| Untracked 
|  67|0x000000008ad00000, 0x000000008ad00000, 0x000000008ae00000|  0%| F|  |TAMS 0x000000008ad00000, 0x000000008ad00000| Untracked 
|  68|0x000000008ae00000, 0x000000008ae00000, 0x000000008af00000|  0%| F|  |TAMS 0x000000008ae00000, 0x000000008ae00000| Untracked 
|  69|0x000000008af00000, 0x000000008af00000, 0x000000008b000000|  0%| F|  |TAMS 0x000000008af00000, 0x000000008af00000| Untracked 
|  70|0x000000008b000000, 0x000000008b000000, 0x000000008b100000|  0%| F|  |TAMS 0x000000008b000000, 0x000000008b000000| Untracked 
|  71|0x000000008b100000, 0x000000008b100000, 0x000000008b200000|  0%| F|  |TAMS 0x000000008b100000, 0x000000008b100000| Untracked 
|  72|0x000000008b200000, 0x000000008b200000, 0x000000008b300000|  0%| F|  |TAMS 0x000000008b200000, 0x000000008b200000| Untracked 
|  73|0x000000008b300000, 0x000000008b300000, 0x000000008b400000|  0%| F|  |TAMS 0x000000008b300000, 0x000000008b300000| Untracked 
|  74|0x000000008b400000, 0x000000008b400000, 0x000000008b500000|  0%| F|  |TAMS 0x000000008b400000, 0x000000008b400000| Untracked 
|  75|0x000000008b500000, 0x000000008b500000, 0x000000008b600000|  0%| F|  |TAMS 0x000000008b500000, 0x000000008b500000| Untracked 
|  76|0x000000008b600000, 0x000000008b600000, 0x000000008b700000|  0%| F|  |TAMS 0x000000008b600000, 0x000000008b600000| Untracked 
|  77|0x000000008b700000, 0x000000008b700000, 0x000000008b800000|  0%| F|  |TAMS 0x000000008b700000, 0x000000008b700000| Untracked 
|  78|0x000000008b800000, 0x000000008b800000, 0x000000008b900000|  0%| F|  |TAMS 0x000000008b800000, 0x000000008b800000| Untracked 
|  79|0x000000008b900000, 0x000000008b900000, 0x000000008ba00000|  0%| F|  |TAMS 0x000000008b900000, 0x000000008b900000| Untracked 
|  80|0x000000008ba00000, 0x000000008ba00000, 0x000000008bb00000|  0%| F|  |TAMS 0x000000008ba00000, 0x000000008ba00000| Untracked 
|  81|0x000000008bb00000, 0x000000008bb00000, 0x000000008bc00000|  0%| F|  |TAMS 0x000000008bb00000, 0x000000008bb00000| Untracked 
|  82|0x000000008bc00000, 0x000000008bc00000, 0x000000008bd00000|  0%| F|  |TAMS 0x000000008bc00000, 0x000000008bc00000| Untracked 
|  83|0x000000008bd00000, 0x000000008bd00000, 0x000000008be00000|  0%| F|  |TAMS 0x000000008bd00000, 0x000000008bd00000| Untracked 
|  84|0x000000008be00000, 0x000000008be00000, 0x000000008bf00000|  0%| F|  |TAMS 0x000000008be00000, 0x000000008be00000| Untracked 
|  85|0x000000008bf00000, 0x000000008bf00000, 0x000000008c000000|  0%| F|  |TAMS 0x000000008bf00000, 0x000000008bf00000| Untracked 
|  86|0x000000008c000000, 0x000000008c000000, 0x000000008c100000|  0%| F|  |TAMS 0x000000008c000000, 0x000000008c000000| Untracked 
|  87|0x000000008c100000, 0x000000008c100000, 0x000000008c200000|  0%| F|  |TAMS 0x000000008c100000, 0x000000008c100000| Untracked 
|  88|0x000000008c200000, 0x000000008c200000, 0x000000008c300000|  0%| F|  |TAMS 0x000000008c200000, 0x000000008c200000| Untracked 
|  89|0x000000008c300000, 0x000000008c300000, 0x000000008c400000|  0%| F|  |TAMS 0x000000008c300000, 0x000000008c300000| Untracked 
|  90|0x000000008c400000, 0x000000008c400000, 0x000000008c500000|  0%| F|  |TAMS 0x000000008c400000, 0x000000008c400000| Untracked 
|  91|0x000000008c500000, 0x000000008c500000, 0x000000008c600000|  0%| F|  |TAMS 0x000000008c500000, 0x000000008c500000| Untracked 
|  92|0x000000008c600000, 0x000000008c600000, 0x000000008c700000|  0%| F|  |TAMS 0x000000008c600000, 0x000000008c600000| Untracked 
|  93|0x000000008c700000, 0x000000008c700000, 0x000000008c800000|  0%| F|  |TAMS 0x000000008c700000, 0x000000008c700000| Untracked 
|  94|0x000000008c800000, 0x000000008c800000, 0x000000008c900000|  0%| F|  |TAMS 0x000000008c800000, 0x000000008c800000| Untracked 
|  95|0x000000008c900000, 0x000000008c900000, 0x000000008ca00000|  0%| F|  |TAMS 0x000000008c900000, 0x000000008c900000| Untracked 
|  96|0x000000008ca00000, 0x000000008ca00000, 0x000000008cb00000|  0%| F|  |TAMS 0x000000008ca00000, 0x000000008ca00000| Untracked 
|  97|0x000000008cb00000, 0x000000008cb00000, 0x000000008cc00000|  0%| F|  |TAMS 0x000000008cb00000, 0x000000008cb00000| Untracked 
|  98|0x000000008cc00000, 0x000000008cc00000, 0x000000008cd00000|  0%| F|  |TAMS 0x000000008cc00000, 0x000000008cc00000| Untracked 
|  99|0x000000008cd00000, 0x000000008cd00000, 0x000000008ce00000|  0%| F|  |TAMS 0x000000008cd00000, 0x000000008cd00000| Untracked 
| 100|0x000000008ce00000, 0x000000008ce00000, 0x000000008cf00000|  0%| F|  |TAMS 0x000000008ce00000, 0x000000008ce00000| Untracked 
| 101|0x000000008cf00000, 0x000000008cf00000, 0x000000008d000000|  0%| F|  |TAMS 0x000000008cf00000, 0x000000008cf00000| Untracked 
| 102|0x000000008d000000, 0x000000008d000000, 0x000000008d100000|  0%| F|  |TAMS 0x000000008d000000, 0x000000008d000000| Untracked 
| 103|0x000000008d100000, 0x000000008d100000, 0x000000008d200000|  0%| F|  |TAMS 0x000000008d100000, 0x000000008d100000| Untracked 
| 104|0x000000008d200000, 0x000000008d200000, 0x000000008d300000|  0%| F|  |TAMS 0x000000008d200000, 0x000000008d200000| Untracked 
| 105|0x000000008d300000, 0x000000008d300000, 0x000000008d400000|  0%| F|  |TAMS 0x000000008d300000, 0x000000008d300000| Untracked 
| 106|0x000000008d400000, 0x000000008d47c9f0, 0x000000008d500000| 48%| E|  |TAMS 0x000000008d400000, 0x000000008d400000| Complete 
| 107|0x000000008d500000, 0x000000008d600000, 0x000000008d600000|100%| E|CS|TAMS 0x000000008d500000, 0x000000008d500000| Complete 
| 108|0x000000008d600000, 0x000000008d700000, 0x000000008d700000|100%| E|CS|TAMS 0x000000008d600000, 0x000000008d600000| Complete 
| 109|0x000000008d700000, 0x000000008d800000, 0x000000008d800000|100%| E|CS|TAMS 0x000000008d700000, 0x000000008d700000| Complete 
| 110|0x000000008d800000, 0x000000008d900000, 0x000000008d900000|100%| E|CS|TAMS 0x000000008d800000, 0x000000008d800000| Complete 
| 111|0x000000008d900000, 0x000000008da00000, 0x000000008da00000|100%| E|CS|TAMS 0x000000008d900000, 0x000000008d900000| Complete 
| 112|0x000000008da00000, 0x000000008db00000, 0x000000008db00000|100%| E|CS|TAMS 0x000000008da00000, 0x000000008da00000| Complete 
| 113|0x000000008db00000, 0x000000008dc00000, 0x000000008dc00000|100%| E|CS|TAMS 0x000000008db00000, 0x000000008db00000| Complete 
| 114|0x000000008dc00000, 0x000000008dd00000, 0x000000008dd00000|100%| E|CS|TAMS 0x000000008dc00000, 0x000000008dc00000| Complete 
| 115|0x000000008dd00000, 0x000000008de00000, 0x000000008de00000|100%| E|CS|TAMS 0x000000008dd00000, 0x000000008dd00000| Complete 
| 116|0x000000008de00000, 0x000000008df00000, 0x000000008df00000|100%| E|CS|TAMS 0x000000008de00000, 0x000000008de00000| Complete 
| 117|0x000000008df00000, 0x000000008e000000, 0x000000008e000000|100%| E|CS|TAMS 0x000000008df00000, 0x000000008df00000| Complete 
| 118|0x000000008e000000, 0x000000008e100000, 0x000000008e100000|100%| E|CS|TAMS 0x000000008e000000, 0x000000008e000000| Complete 
| 119|0x000000008e100000, 0x000000008e200000, 0x000000008e200000|100%| E|CS|TAMS 0x000000008e100000, 0x000000008e100000| Complete 
| 120|0x000000008e200000, 0x000000008e300000, 0x000000008e300000|100%| E|CS|TAMS 0x000000008e200000, 0x000000008e200000| Complete 
| 121|0x000000008e300000, 0x000000008e400000, 0x000000008e400000|100%| E|CS|TAMS 0x000000008e300000, 0x000000008e300000| Complete 
|1940|0x00000000ffe00000, 0x00000000ffe48000, 0x00000000fff00000| 28%|OA|  |TAMS 0x00000000ffe00000, 0x00000000ffe00000| Untracked 
|1941|0x00000000fff00000, 0x00000000fff6c000, 0x0000000100000000| 42%|CA|  |TAMS 0x00000000fff00000, 0x00000000fff00000| Untracked 

Card table byte_map: [0x00007ff130de8000,0x00007ff1311b3000] _byte_map_base: 0x00007ff1309b3000

Marking Bits (Prev, Next): (CMBitMap*) 0x00007ff12c05e328, (CMBitMap*) 0x00007ff12c05e360
 Prev Bits: [0x00007ff10e1a8000, 0x00007ff110000000)
 Next Bits: [0x00007ff10c350000, 0x00007ff10e1a8000)

Polling page: 0x00007ff132a83000

Metaspace:

Usage:
  Non-class:      5.70 MB capacity,     3.29 MB ( 58%) used,     2.40 MB ( 42%) free+waste,     5.81 KB ( <1%) overhead. 
      Class:    681.00 KB capacity,   403.37 KB ( 59%) used,   274.76 KB ( 40%) free+waste,     2.88 KB ( <1%) overhead. 
       Both:      6.37 MB capacity,     3.69 MB ( 58%) used,     2.67 MB ( 42%) free+waste,     8.69 KB ( <1%) overhead. 

Virtual space:
  Non-class space:        8.00 MB reserved,       5.75 MB ( 72%) committed 
      Class space:        1.00 GB reserved,     768.00 KB ( <1%) committed 
             Both:        1.01 GB reserved,       6.50 MB ( <1%) committed 

Chunk freelists:
   Non-Class:  50.00 KB
       Class:  23.00 KB
        Both:  73.00 KB

MaxMetaspaceSize: unlimited
CompressedClassSpaceSize: 1.00 GB
Initial GC threshold: 20.80 MB
Current GC threshold: 20.80 MB
CDS: on

CodeHeap 'non-profiled nmethods': size=119172Kb used=214Kb max_used=214Kb free=118957Kb
 bounds [0x00007ff11c37a000, 0x00007ff11c5ea000, 0x00007ff1237db000]
CodeHeap 'profiled nmethods': size=119168Kb used=1648Kb max_used=1648Kb free=117519Kb
 bounds [0x00007ff114f1a000, 0x00007ff11518a000, 0x00007ff11c37a000]
CodeHeap 'non-nmethods': size=7420Kb used=1200Kb max_used=2344Kb free=6219Kb
 bounds [0x00007ff1147db000, 0x00007ff114a4b000, 0x00007ff114f1a000]
 total_blobs=1214 nmethods=823 adapters=313
 compilation: enabled
              stopped_count=0, restarted_count=0
 full_count=0

Compilation events (20 events):
Event: 0.914 Thread 0x00007ff12c1ad800 nmethod 725 0x00007ff11c3ae690 code [0x00007ff11c3ae840, 0x00007ff11c3aedf8]
Event: 0.915 Thread 0x00007ff0e02d6800 nmethod 812 0x00007ff11c3af210 code [0x00007ff11c3af3a0, 0x00007ff11c3af5b8]
Event: 0.925 Thread 0x00007ff0e0066000  814       3       sun.reflect.annotation.AnnotationInvocationHandler::invoke (178 bytes)
Event: 0.925 Thread 0x00007ff0e02d0000  815       3       java.lang.reflect.Method::getParameterCount (6 bytes)
Event: 0.926 Thread 0x00007ff0e02d0000 nmethod 815 0x00007ff1150ae810 code [0x00007ff1150ae9c0, 0x00007ff1150aeaf0]
Event: 0.926 Thread 0x00007ff12c1af800  817       3       java.lang.Character::isSurrogate (18 bytes)
Event: 0.926 Thread 0x00007ff12c1af800 nmethod 817 0x00007ff1150aeb90 code [0x00007ff1150aed40, 0x00007ff1150aeeb0]
Event: 0.926 Thread 0x00007ff12c1af800  823       3       org.bytedeco.javacpp.ClassProperties::addAll (199 bytes)
Event: 0.926 Thread 0x00007ff0e02d0000  820       3       java.util.Arrays::asList (9 bytes)
Event: 0.926 Thread 0x00007ff0e02d0000 nmethod 820 0x00007ff1150aef10 code [0x00007ff1150af100, 0x00007ff1150af5a0]
Event: 0.926 Thread 0x00007ff0e02d0000  821       3       java.util.Arrays$ArrayList::<init> (16 bytes)
Event: 0.926 Thread 0x00007ff0e0066000 nmethod 814 0x00007ff1150af790 code [0x00007ff1150afaa0, 0x00007ff1150b0c00]
Event: 0.926 Thread 0x00007ff0e0066000  818       3       java.util.regex.Pattern::isSupplementary (20 bytes)
Event: 0.927 Thread 0x00007ff0e0066000 nmethod 818 0x00007ff1150b1210 code [0x00007ff1150b13c0, 0x00007ff1150b1630]
Event: 0.927 Thread 0x00007ff0e0066000  822       3       org.bytedeco.javacpp.ClassProperties::addAll (14 bytes)
Event: 0.927 Thread 0x00007ff0e02d0000 nmethod 821 0x00007ff1150b1710 code [0x00007ff1150b1900, 0x00007ff1150b1d00]
Event: 0.927 Thread 0x00007ff0e02d0000  819       3       java.util.regex.Pattern::has (15 bytes)
Event: 0.927 Thread 0x00007ff0e02d0000 nmethod 819 0x00007ff1150b1e90 code [0x00007ff1150b2040, 0x00007ff1150b21b0]
Event: 0.927 Thread 0x00007ff0e0066000 nmethod 822 0x00007ff1150b2210 code [0x00007ff1150b2420, 0x00007ff1150b29f0]
Event: 0.928 Thread 0x00007ff12c1af800 nmethod 823 0x00007ff1150b2c90 code [0x00007ff1150b3160, 0x00007ff1150b55a0]

GC Heap History (0 events):
No events

Deoptimization events (20 events):
Event: 0.882 Thread 0x00007ff12c01c000 DEOPT PACKING pc=0x00007ff115000592 sp=0x00007ff132bcd1a0
Event: 0.882 Thread 0x00007ff12c01c000 DEOPT UNPACKING pc=0x00007ff11482564a sp=0x00007ff132bcc620 mode 0
Event: 0.882 Thread 0x00007ff12c01c000 DEOPT PACKING pc=0x00007ff11500280a sp=0x00007ff132bcd640
Event: 0.882 Thread 0x00007ff12c01c000 DEOPT UNPACKING pc=0x00007ff11482564a sp=0x00007ff132bccae8 mode 0
Event: 0.883 Thread 0x00007ff12c01c000 DEOPT PACKING pc=0x00007ff114fa12cf sp=0x00007ff132bcd600
Event: 0.883 Thread 0x00007ff12c01c000 DEOPT UNPACKING pc=0x00007ff11482564a sp=0x00007ff132bccaa8 mode 0
Event: 0.883 Thread 0x00007ff12c01c000 DEOPT PACKING pc=0x00007ff115000592 sp=0x00007ff132bcd1a0
Event: 0.883 Thread 0x00007ff12c01c000 DEOPT UNPACKING pc=0x00007ff11482564a sp=0x00007ff132bcc620 mode 0
Event: 0.883 Thread 0x00007ff12c01c000 DEOPT PACKING pc=0x00007ff114fa12cf sp=0x00007ff132bcd600
Event: 0.883 Thread 0x00007ff12c01c000 DEOPT UNPACKING pc=0x00007ff11482564a sp=0x00007ff132bccaa8 mode 0
Event: 0.884 Thread 0x00007ff12c01c000 DEOPT PACKING pc=0x00007ff114fa12cf sp=0x00007ff132bcd5e0
Event: 0.884 Thread 0x00007ff12c01c000 DEOPT UNPACKING pc=0x00007ff11482564a sp=0x00007ff132bcca88 mode 0
Event: 0.884 Thread 0x00007ff12c01c000 DEOPT PACKING pc=0x00007ff115000592 sp=0x00007ff132bcd140
Event: 0.884 Thread 0x00007ff12c01c000 DEOPT UNPACKING pc=0x00007ff11482564a sp=0x00007ff132bcc5c0 mode 0
Event: 0.886 Thread 0x00007ff12c01c000 DEOPT PACKING pc=0x00007ff115000592 sp=0x00007ff132bcd8d0
Event: 0.886 Thread 0x00007ff12c01c000 DEOPT UNPACKING pc=0x00007ff11482564a sp=0x00007ff132bccd50 mode 0
Event: 0.887 Thread 0x00007ff12c01c000 DEOPT PACKING pc=0x00007ff115000592 sp=0x00007ff132bcd120
Event: 0.887 Thread 0x00007ff12c01c000 DEOPT UNPACKING pc=0x00007ff11482564a sp=0x00007ff132bcc5a0 mode 0
Event: 0.889 Thread 0x00007ff12c01c000 DEOPT PACKING pc=0x00007ff115000592 sp=0x00007ff132bcd120
Event: 0.889 Thread 0x00007ff12c01c000 DEOPT UNPACKING pc=0x00007ff11482564a sp=0x00007ff132bcc5a0 mode 0

Classes redefined (0 events):
No events

Internal exceptions (20 events):
Event: 0.863 Thread 0x00007ff12c01c000 Exception <a 'java/security/PrivilegedActionException'{0x000000008d8d6bc0}> (0x000000008d8d6bc0) thrown at [src/hotspot/share/prims/jvm.cpp, line 1304]
Event: 0.863 Thread 0x00007ff12c01c000 Exception <a 'java/security/PrivilegedActionException'{0x000000008d8d6e90}> (0x000000008d8d6e90) thrown at [src/hotspot/share/prims/jvm.cpp, line 1304]
Event: 0.863 Thread 0x00007ff12c01c000 Exception <a 'java/security/PrivilegedActionException'{0x000000008d8d77e0}> (0x000000008d8d77e0) thrown at [src/hotspot/share/prims/jvm.cpp, line 1304]
Event: 0.863 Thread 0x00007ff12c01c000 Exception <a 'java/security/PrivilegedActionException'{0x000000008d8d7ab0}> (0x000000008d8d7ab0) thrown at [src/hotspot/share/prims/jvm.cpp, line 1304]
Event: 0.863 Thread 0x00007ff12c01c000 Exception <a 'java/security/PrivilegedActionException'{0x000000008d8d8438}> (0x000000008d8d8438) thrown at [src/hotspot/share/prims/jvm.cpp, line 1304]
Event: 0.863 Thread 0x00007ff12c01c000 Exception <a 'java/security/PrivilegedActionException'{0x000000008d8d8708}> (0x000000008d8d8708) thrown at [src/hotspot/share/prims/jvm.cpp, line 1304]
Event: 0.863 Thread 0x00007ff12c01c000 Exception <a 'java/security/PrivilegedActionException'{0x000000008d8d9078}> (0x000000008d8d9078) thrown at [src/hotspot/share/prims/jvm.cpp, line 1304]
Event: 0.863 Thread 0x00007ff12c01c000 Exception <a 'java/security/PrivilegedActionException'{0x000000008d8d9348}> (0x000000008d8d9348) thrown at [src/hotspot/share/prims/jvm.cpp, line 1304]
Event: 0.863 Thread 0x00007ff12c01c000 Exception <a 'java/security/PrivilegedActionException'{0x000000008d8d9cb8}> (0x000000008d8d9cb8) thrown at [src/hotspot/share/prims/jvm.cpp, line 1304]
Event: 0.863 Thread 0x00007ff12c01c000 Exception <a 'java/security/PrivilegedActionException'{0x000000008d8d9f88}> (0x000000008d8d9f88) thrown at [src/hotspot/share/prims/jvm.cpp, line 1304]
Event: 0.863 Thread 0x00007ff12c01c000 Exception <a 'java/security/PrivilegedActionException'{0x000000008d8da910}> (0x000000008d8da910) thrown at [src/hotspot/share/prims/jvm.cpp, line 1304]
Event: 0.863 Thread 0x00007ff12c01c000 Exception <a 'java/security/PrivilegedActionException'{0x000000008d8dabe0}> (0x000000008d8dabe0) thrown at [src/hotspot/share/prims/jvm.cpp, line 1304]
Event: 0.863 Thread 0x00007ff12c01c000 Exception <a 'java/security/PrivilegedActionException'{0x000000008d8db568}> (0x000000008d8db568) thrown at [src/hotspot/share/prims/jvm.cpp, line 1304]
Event: 0.863 Thread 0x00007ff12c01c000 Exception <a 'java/security/PrivilegedActionException'{0x000000008d8db838}> (0x000000008d8db838) thrown at [src/hotspot/share/prims/jvm.cpp, line 1304]
Event: 0.863 Thread 0x00007ff12c01c000 Exception <a 'java/security/PrivilegedActionException'{0x000000008d8dc1c0}> (0x000000008d8dc1c0) thrown at [src/hotspot/share/prims/jvm.cpp, line 1304]
Event: 0.863 Thread 0x00007ff12c01c000 Exception <a 'java/security/PrivilegedActionException'{0x000000008d8dc490}> (0x000000008d8dc490) thrown at [src/hotspot/share/prims/jvm.cpp, line 1304]
Event: 0.863 Thread 0x00007ff12c01c000 Exception <a 'java/security/PrivilegedActionException'{0x000000008d8dce00}> (0x000000008d8dce00) thrown at [src/hotspot/share/prims/jvm.cpp, line 1304]
Event: 0.863 Thread 0x00007ff12c01c000 Exception <a 'java/security/PrivilegedActionException'{0x000000008d8dd0d0}> (0x000000008d8dd0d0) thrown at [src/hotspot/share/prims/jvm.cpp, line 1304]
Event: 0.863 Thread 0x00007ff12c01c000 Exception <a 'java/security/PrivilegedActionException'{0x000000008d8dda58}> (0x000000008d8dda58) thrown at [src/hotspot/share/prims/jvm.cpp, line 1304]
Event: 0.863 Thread 0x00007ff12c01c000 Exception <a 'java/security/PrivilegedActionException'{0x000000008d8ddd28}> (0x000000008d8ddd28) thrown at [src/hotspot/share/prims/jvm.cpp, line 1304]

Events (20 events):
Event: 3.781 Executing VM operation: GetStackTrace done
Event: 3.802 Executing VM operation: GetFrameCount
Event: 3.802 Executing VM operation: GetFrameCount done
Event: 3.803 Executing VM operation: GetFrameCount
Event: 3.803 Executing VM operation: GetFrameCount done
Event: 3.803 Executing VM operation: GetStackTrace
Event: 3.803 Executing VM operation: GetStackTrace done
Event: 3.828 Executing VM operation: GetFrameLocation
Event: 3.828 Executing VM operation: GetFrameLocation done
Event: 3.828 Executing VM operation: GetOrSetLocal
Event: 3.829 Executing VM operation: GetOrSetLocal done
Event: 3.830 Executing VM operation: GetOrSetLocal
Event: 3.830 Executing VM operation: GetOrSetLocal done
Event: 5.926 Thread 0x00007ff0e02d6800 Thread exited: 0x00007ff0e02d6800
Event: 5.927 Thread 0x00007ff0e02d0000 Thread exited: 0x00007ff0e02d0000
Event: 10.927 Thread 0x00007ff0e0066000 Thread exited: 0x00007ff0e0066000
Event: 16.740 Executing VM operation: ChangeBreakpoints
Event: 16.740 Executing VM operation: ChangeBreakpoints done
Event: 17.728 Executing VM operation: ChangeBreakpoints
Event: 17.729 Executing VM operation: ChangeBreakpoints done


Dynamic libraries:
86a00000-8e400000 rw-p 00000000 00:00 0 
8e400000-ffe00000 ---p 00000000 00:00 0 
ffe00000-ffe48000 rw-p 00b14000 08:20 43898                              /usr/lib/jvm/java-11-openjdk-amd64/lib/server/classes.jsa
ffe48000-fff00000 rw-p 00000000 00:00 0 
fff00000-fff6c000 rw-p 00aa8000 08:20 43898                              /usr/lib/jvm/java-11-openjdk-amd64/lib/server/classes.jsa
fff6c000-100000000 rw-p 00000000 00:00 0 
800000000-800002000 rwxp 00001000 08:20 43898                            /usr/lib/jvm/java-11-openjdk-amd64/lib/server/classes.jsa
800002000-800aa7000 rw-p 00003000 08:20 43898                            /usr/lib/jvm/java-11-openjdk-amd64/lib/server/classes.jsa
840000000-8400c0000 rw-p 00000000 00:00 0 
8400c0000-880000000 ---p 00000000 00:00 0 
55c3e68ad000-55c3e68ae000 r--p 00000000 08:20 47754                      /usr/lib/jvm/java-11-openjdk-amd64/bin/java
55c3e68ae000-55c3e68af000 r-xp 00001000 08:20 47754                      /usr/lib/jvm/java-11-openjdk-amd64/bin/java
55c3e68af000-55c3e68b0000 r--p 00002000 08:20 47754                      /usr/lib/jvm/java-11-openjdk-amd64/bin/java
55c3e68b0000-55c3e68b1000 r--p 00002000 08:20 47754                      /usr/lib/jvm/java-11-openjdk-amd64/bin/java
55c3e68b1000-55c3e68b2000 rw-p 00003000 08:20 47754                      /usr/lib/jvm/java-11-openjdk-amd64/bin/java
55c3e77b7000-55c3e77d8000 rw-p 00000000 00:00 0                          [heap]
7ff0ad52c000-7ff0ade52000 r--p 00000000 08:20 84032                      /home/w/.javacpp/cache/llvm-13.0.1-1.5.7-linux-x86_64.jar/org/bytedeco/llvm/linux-x86_64/libLLVM-13.so
7ff0ade52000-7ff0b1815000 r-xp 00926000 08:20 84032                      /home/w/.javacpp/cache/llvm-13.0.1-1.5.7-linux-x86_64.jar/org/bytedeco/llvm/linux-x86_64/libLLVM-13.so
7ff0b1815000-7ff0b3a6a000 r--p 042e9000 08:20 84032                      /home/w/.javacpp/cache/llvm-13.0.1-1.5.7-linux-x86_64.jar/org/bytedeco/llvm/linux-x86_64/libLLVM-13.so
7ff0b3a6a000-7ff0b3f7f000 r--p 0653d000 08:20 84032                      /home/w/.javacpp/cache/llvm-13.0.1-1.5.7-linux-x86_64.jar/org/bytedeco/llvm/linux-x86_64/libLLVM-13.so
7ff0b3f7f000-7ff0b3f8a000 rw-p 06a52000 08:20 84032                      /home/w/.javacpp/cache/llvm-13.0.1-1.5.7-linux-x86_64.jar/org/bytedeco/llvm/linux-x86_64/libLLVM-13.so
7ff0b3f8a000-7ff0b4000000 rw-p 00000000 00:00 0 
7ff0b4000000-7ff0b4021000 rw-p 00000000 00:00 0 
7ff0b4021000-7ff0b8000000 ---p 00000000 00:00 0 
7ff0b8000000-7ff0b80d3000 rw-p 00000000 00:00 0 
7ff0b80d3000-7ff0bc000000 ---p 00000000 00:00 0 
7ff0bc000000-7ff0bc021000 rw-p 00000000 00:00 0 
7ff0bc021000-7ff0c0000000 ---p 00000000 00:00 0 
7ff0c0000000-7ff0c0021000 rw-p 00000000 00:00 0 
7ff0c0021000-7ff0c4000000 ---p 00000000 00:00 0 
7ff0c4000000-7ff0c4028000 rw-p 00000000 00:00 0 
7ff0c4028000-7ff0c8000000 ---p 00000000 00:00 0 
7ff0c8000000-7ff0c8021000 rw-p 00000000 00:00 0 
7ff0c8021000-7ff0cc000000 ---p 00000000 00:00 0 
7ff0cc000000-7ff0cc15c000 rw-p 00000000 00:00 0 
7ff0cc15c000-7ff0d0000000 ---p 00000000 00:00 0 
7ff0d0000000-7ff0d00a5000 rw-p 00000000 00:00 0 
7ff0d00a5000-7ff0d4000000 ---p 00000000 00:00 0 
7ff0d4000000-7ff0d4021000 rw-p 00000000 00:00 0 
7ff0d4021000-7ff0d8000000 ---p 00000000 00:00 0 
7ff0d8000000-7ff0d8021000 rw-p 00000000 00:00 0 
7ff0d8021000-7ff0dc000000 ---p 00000000 00:00 0 
7ff0dc000000-7ff0dc1d8000 rw-p 00000000 00:00 0 
7ff0dc1d8000-7ff0e0000000 ---p 00000000 00:00 0 
7ff0e0000000-7ff0e0316000 rw-p 00000000 00:00 0 
7ff0e0316000-7ff0e4000000 ---p 00000000 00:00 0 
7ff0e4000000-7ff0e4021000 rw-p 00000000 00:00 0 
7ff0e4021000-7ff0e8000000 ---p 00000000 00:00 0 
7ff0e8000000-7ff0e8021000 rw-p 00000000 00:00 0 
7ff0e8021000-7ff0ec000000 ---p 00000000 00:00 0 
7ff0ec000000-7ff0ec021000 rw-p 00000000 00:00 0 
7ff0ec021000-7ff0f0000000 ---p 00000000 00:00 0 
7ff0f0000000-7ff0f0021000 rw-p 00000000 00:00 0 
7ff0f0021000-7ff0f4000000 ---p 00000000 00:00 0 
7ff0f4000000-7ff0f4021000 rw-p 00000000 00:00 0 
7ff0f4021000-7ff0f8000000 ---p 00000000 00:00 0 
7ff0f8000000-7ff0f8021000 rw-p 00000000 00:00 0 
7ff0f8021000-7ff0fc000000 ---p 00000000 00:00 0 
7ff0fc000000-7ff0fc021000 rw-p 00000000 00:00 0 
7ff0fc021000-7ff100000000 ---p 00000000 00:00 0 
7ff100000000-7ff100021000 rw-p 00000000 00:00 0 
7ff100021000-7ff104000000 ---p 00000000 00:00 0 
7ff1046ea000-7ff10474f000 r--p 00000000 08:20 84037                      /home/w/.javacpp/cache/llvm-13.0.1-1.5.7-linux-x86_64.jar/org/bytedeco/llvm/linux-x86_64/libjniLLVM.so
7ff10474f000-7ff1047bd000 r-xp 00065000 08:20 84037                      /home/w/.javacpp/cache/llvm-13.0.1-1.5.7-linux-x86_64.jar/org/bytedeco/llvm/linux-x86_64/libjniLLVM.so
7ff1047bd000-7ff1047e8000 r--p 000d3000 08:20 84037                      /home/w/.javacpp/cache/llvm-13.0.1-1.5.7-linux-x86_64.jar/org/bytedeco/llvm/linux-x86_64/libjniLLVM.so
7ff1047e8000-7ff1047eb000 r--p 000fd000 08:20 84037                      /home/w/.javacpp/cache/llvm-13.0.1-1.5.7-linux-x86_64.jar/org/bytedeco/llvm/linux-x86_64/libjniLLVM.so
7ff1047eb000-7ff1047ee000 rw-p 00100000 08:20 84037                      /home/w/.javacpp/cache/llvm-13.0.1-1.5.7-linux-x86_64.jar/org/bytedeco/llvm/linux-x86_64/libjniLLVM.so
7ff1047ee000-7ff1047f0000 rw-p 00000000 00:00 0 
7ff1047f0000-7ff1047f4000 ---p 00000000 00:00 0 
7ff1047f4000-7ff1048f1000 rw-p 00000000 00:00 0 
7ff1048f1000-7ff1048f5000 ---p 00000000 00:00 0 
7ff1048f5000-7ff1049f2000 rw-p 00000000 00:00 0 
7ff1049f2000-7ff1049f3000 ---p 00000000 00:00 0 
7ff1049f3000-7ff104af3000 rw-p 00000000 00:00 0 
7ff104af3000-7ff104af7000 ---p 00000000 00:00 0 
7ff104af7000-7ff104bf4000 rw-p 00000000 00:00 0 
7ff104bf4000-7ff104bf8000 ---p 00000000 00:00 0 
7ff104bf8000-7ff104cf5000 rw-p 00000000 00:00 0 
7ff104cf5000-7ff104cf9000 ---p 00000000 00:00 0 
7ff104cf9000-7ff104df6000 rw-p 00000000 00:00 0 
7ff104df6000-7ff104dfa000 ---p 00000000 00:00 0 
7ff104dfa000-7ff104ef7000 rw-p 00000000 00:00 0 
7ff104ef7000-7ff104efb000 ---p 00000000 00:00 0 
7ff104efb000-7ff104ff8000 rw-p 00000000 00:00 0 
7ff104ff8000-7ff104ffc000 ---p 00000000 00:00 0 
7ff104ffc000-7ff1050f9000 rw-p 00000000 00:00 0 
7ff1050f9000-7ff1050fd000 ---p 00000000 00:00 0 
7ff1050fd000-7ff1051fa000 rw-p 00000000 00:00 0 
7ff1051fa000-7ff1051fe000 ---p 00000000 00:00 0 
7ff1051fe000-7ff1052fb000 rw-p 00000000 00:00 0 
7ff1052fb000-7ff1052ff000 ---p 00000000 00:00 0 
7ff1052ff000-7ff1053fc000 rw-p 00000000 00:00 0 
7ff1053fc000-7ff105400000 ---p 00000000 00:00 0 
7ff105400000-7ff1054fd000 rw-p 00000000 00:00 0 
7ff1054fd000-7ff105501000 ---p 00000000 00:00 0 
7ff105501000-7ff1055fe000 rw-p 00000000 00:00 0 
7ff1055fe000-7ff105602000 ---p 00000000 00:00 0 
7ff105602000-7ff1056ff000 rw-p 00000000 00:00 0 
7ff1056ff000-7ff105703000 ---p 00000000 00:00 0 
7ff105703000-7ff105dc0000 rw-p 00000000 00:00 0 
7ff105dc0000-7ff106000000 ---p 00000000 00:00 0 
7ff106000000-7ff108000000 rw-p 00000000 00:00 0 
7ff108000000-7ff108021000 rw-p 00000000 00:00 0 
7ff108021000-7ff10c000000 ---p 00000000 00:00 0 
7ff10c0cd000-7ff10c0ce000 ---p 00000000 00:00 0 
7ff10c0ce000-7ff10c24f000 rw-p 00000000 00:00 0 
7ff10c24f000-7ff10c250000 ---p 00000000 00:00 0 
7ff10c250000-7ff10c538000 rw-p 00000000 00:00 0 
7ff10c538000-7ff10e1a0000 ---p 00000000 00:00 0 
7ff10e1a0000-7ff10e390000 rw-p 00000000 00:00 0 
7ff10e390000-7ff10fff8000 ---p 00000000 00:00 0 
7ff10fff8000-7ff110000000 rw-p 00000000 00:00 0 
7ff110000000-7ff110021000 rw-p 00000000 00:00 0 
7ff110021000-7ff114000000 ---p 00000000 00:00 0 
7ff114074000-7ff114075000 r--p 00000000 08:20 84035                      /home/w/.javacpp/cache/llvm-13.0.1-1.5.7-linux-x86_64.jar/org/bytedeco/llvm/linux-x86_64/libRemarks.so.13
7ff114075000-7ff114076000 r-xp 00001000 08:20 84035                      /home/w/.javacpp/cache/llvm-13.0.1-1.5.7-linux-x86_64.jar/org/bytedeco/llvm/linux-x86_64/libRemarks.so.13
7ff114076000-7ff114077000 r--p 00002000 08:20 84035                      /home/w/.javacpp/cache/llvm-13.0.1-1.5.7-linux-x86_64.jar/org/bytedeco/llvm/linux-x86_64/libRemarks.so.13
7ff114077000-7ff114078000 r--p 00002000 08:20 84035                      /home/w/.javacpp/cache/llvm-13.0.1-1.5.7-linux-x86_64.jar/org/bytedeco/llvm/linux-x86_64/libRemarks.so.13
7ff114078000-7ff114079000 rw-p 00003000 08:20 84035                      /home/w/.javacpp/cache/llvm-13.0.1-1.5.7-linux-x86_64.jar/org/bytedeco/llvm/linux-x86_64/libRemarks.so.13
7ff114079000-7ff1140d4000 rw-p 00000000 00:00 0 
7ff1140d4000-7ff1140d5000 ---p 00000000 00:00 0 
7ff1140d5000-7ff1147db000 rw-p 00000000 00:00 0 
7ff1147db000-7ff114a4b000 rwxp 00000000 00:00 0 
7ff114a4b000-7ff114f1a000 ---p 00000000 00:00 0 
7ff114f1a000-7ff11518a000 rwxp 00000000 00:00 0 
7ff11518a000-7ff11c37a000 ---p 00000000 00:00 0 
7ff11c37a000-7ff11c5ea000 rwxp 00000000 00:00 0 
7ff11c5ea000-7ff1237db000 ---p 00000000 00:00 0 
7ff1237db000-7ff12c000000 r--s 00000000 08:20 47913                      /usr/lib/jvm/java-11-openjdk-amd64/lib/modules
7ff12c000000-7ff12c4da000 rw-p 00000000 00:00 0 
7ff12c4da000-7ff130000000 ---p 00000000 00:00 0 
7ff130001000-7ff130008000 r--p 00000000 08:20 84033                      /home/w/.javacpp/cache/llvm-13.0.1-1.5.7-linux-x86_64.jar/org/bytedeco/llvm/linux-x86_64/libLTO.so.13
7ff130008000-7ff130010000 r-xp 00007000 08:20 84033                      /home/w/.javacpp/cache/llvm-13.0.1-1.5.7-linux-x86_64.jar/org/bytedeco/llvm/linux-x86_64/libLTO.so.13
7ff130010000-7ff130012000 r--p 0000f000 08:20 84033                      /home/w/.javacpp/cache/llvm-13.0.1-1.5.7-linux-x86_64.jar/org/bytedeco/llvm/linux-x86_64/libLTO.so.13
7ff130012000-7ff130013000 r--p 00010000 08:20 84033                      /home/w/.javacpp/cache/llvm-13.0.1-1.5.7-linux-x86_64.jar/org/bytedeco/llvm/linux-x86_64/libLTO.so.13
7ff130013000-7ff130014000 rw-p 00011000 08:20 84033                      /home/w/.javacpp/cache/llvm-13.0.1-1.5.7-linux-x86_64.jar/org/bytedeco/llvm/linux-x86_64/libLTO.so.13
7ff130014000-7ff130018000 r--p 00000000 08:20 84026                      /home/w/.javacpp/cache/javacpp-1.5.7-linux-x86_64.jar/org/bytedeco/javacpp/linux-x86_64/libjnijavacpp.so
7ff130018000-7ff13001f000 r-xp 00004000 08:20 84026                      /home/w/.javacpp/cache/javacpp-1.5.7-linux-x86_64.jar/org/bytedeco/javacpp/linux-x86_64/libjnijavacpp.so
7ff13001f000-7ff130023000 r--p 0000b000 08:20 84026                      /home/w/.javacpp/cache/javacpp-1.5.7-linux-x86_64.jar/org/bytedeco/javacpp/linux-x86_64/libjnijavacpp.so
7ff130023000-7ff130024000 r--p 0000e000 08:20 84026                      /home/w/.javacpp/cache/javacpp-1.5.7-linux-x86_64.jar/org/bytedeco/javacpp/linux-x86_64/libjnijavacpp.so
7ff130024000-7ff130025000 rw-p 0000f000 08:20 84026                      /home/w/.javacpp/cache/javacpp-1.5.7-linux-x86_64.jar/org/bytedeco/javacpp/linux-x86_64/libjnijavacpp.so
7ff130025000-7ff130029000 r--p 00000000 08:20 47903                      /usr/lib/jvm/java-11-openjdk-amd64/lib/libnet.so
7ff130029000-7ff130037000 r-xp 00004000 08:20 47903                      /usr/lib/jvm/java-11-openjdk-amd64/lib/libnet.so
7ff130037000-7ff13003b000 r--p 00012000 08:20 47903                      /usr/lib/jvm/java-11-openjdk-amd64/lib/libnet.so
7ff13003b000-7ff13003c000 r--p 00015000 08:20 47903                      /usr/lib/jvm/java-11-openjdk-amd64/lib/libnet.so
7ff13003c000-7ff13003d000 rw-p 00016000 08:20 47903                      /usr/lib/jvm/java-11-openjdk-amd64/lib/libnet.so
7ff13003d000-7ff130044000 r--p 00000000 08:20 47904                      /usr/lib/jvm/java-11-openjdk-amd64/lib/libnio.so
7ff130044000-7ff13004c000 r-xp 00007000 08:20 47904                      /usr/lib/jvm/java-11-openjdk-amd64/lib/libnio.so
7ff13004c000-7ff13004f000 r--p 0000f000 08:20 47904                      /usr/lib/jvm/java-11-openjdk-amd64/lib/libnio.so
7ff13004f000-7ff130050000 r--p 00011000 08:20 47904                      /usr/lib/jvm/java-11-openjdk-amd64/lib/libnio.so
7ff130050000-7ff130051000 rw-p 00012000 08:20 47904                      /usr/lib/jvm/java-11-openjdk-amd64/lib/libnio.so
7ff130051000-7ff130053000 r--p 00000000 08:20 47884                      /usr/lib/jvm/java-11-openjdk-amd64/lib/libdt_socket.so
7ff130053000-7ff130056000 r-xp 00002000 08:20 47884                      /usr/lib/jvm/java-11-openjdk-amd64/lib/libdt_socket.so
7ff130056000-7ff130057000 r--p 00005000 08:20 47884                      /usr/lib/jvm/java-11-openjdk-amd64/lib/libdt_socket.so
7ff130057000-7ff130058000 ---p 00006000 08:20 47884                      /usr/lib/jvm/java-11-openjdk-amd64/lib/libdt_socket.so
7ff130058000-7ff130059000 r--p 00006000 08:20 47884                      /usr/lib/jvm/java-11-openjdk-amd64/lib/libdt_socket.so
7ff130059000-7ff13005a000 rw-p 00007000 08:20 47884                      /usr/lib/jvm/java-11-openjdk-amd64/lib/libdt_socket.so
7ff13005a000-7ff130761000 rw-p 00000000 00:00 0 
7ff130761000-7ff130762000 ---p 00000000 00:00 0 
7ff130762000-7ff130862000 rw-p 00000000 00:00 0 
7ff130862000-7ff130863000 ---p 00000000 00:00 0 
7ff130863000-7ff130a5a000 rw-p 00000000 00:00 0 
7ff130a5a000-7ff130de7000 ---p 00000000 00:00 0 
7ff130de7000-7ff130e25000 rw-p 00000000 00:00 0 
7ff130e25000-7ff1311b2000 ---p 00000000 00:00 0 
7ff1311b2000-7ff1311f0000 rw-p 00000000 00:00 0 
7ff1311f0000-7ff13157d000 ---p 00000000 00:00 0 
7ff13157d000-7ff13228b000 rw-p 00000000 00:00 0 
7ff13228b000-7ff13228c000 ---p 00000000 00:00 0 
7ff13228c000-7ff132391000 rw-p 00000000 00:00 0 
7ff132391000-7ff132475000 ---p 00000000 00:00 0 
7ff132475000-7ff13247a000 rw-p 00000000 00:00 0 
7ff13247a000-7ff13255e000 ---p 00000000 00:00 0 
7ff13255e000-7ff132563000 rw-p 00000000 00:00 0 
7ff132563000-7ff13256d000 ---p 00000000 00:00 0 
7ff13256d000-7ff132573000 r--s 000f8000 08:20 81384                      /home/w/.cache/JetBrains/RemoteDev/dist/1e68f1562c1c7_ideaIU-2023.1.6/plugins/java/lib/rt/debugger-agent.jar
7ff132573000-7ff132575000 r--p 00000000 08:20 47912                      /usr/lib/jvm/java-11-openjdk-amd64/lib/libzip.so
7ff132575000-7ff13257a000 r-xp 00002000 08:20 47912                      /usr/lib/jvm/java-11-openjdk-amd64/lib/libzip.so
7ff13257a000-7ff13257c000 r--p 00007000 08:20 47912                      /usr/lib/jvm/java-11-openjdk-amd64/lib/libzip.so
7ff13257c000-7ff13257d000 r--p 00008000 08:20 47912                      /usr/lib/jvm/java-11-openjdk-amd64/lib/libzip.so
7ff13257d000-7ff13257e000 rw-p 00009000 08:20 47912                      /usr/lib/jvm/java-11-openjdk-amd64/lib/libzip.so
7ff13257e000-7ff132581000 r--p 00000000 08:20 41808                      /usr/lib/x86_64-linux-gnu/libnss_files-2.31.so
7ff132581000-7ff132588000 r-xp 00003000 08:20 41808                      /usr/lib/x86_64-linux-gnu/libnss_files-2.31.so
7ff132588000-7ff13258a000 r--p 0000a000 08:20 41808                      /usr/lib/x86_64-linux-gnu/libnss_files-2.31.so
7ff13258a000-7ff13258b000 r--p 0000b000 08:20 41808                      /usr/lib/x86_64-linux-gnu/libnss_files-2.31.so
7ff13258b000-7ff13258c000 rw-p 0000c000 08:20 41808                      /usr/lib/x86_64-linux-gnu/libnss_files-2.31.so
7ff13258c000-7ff132592000 rw-p 00000000 00:00 0 
7ff132594000-7ff13259c000 rw-s 00000000 08:20 84141                      /tmp/hsperfdata_w/234699
7ff13259c000-7ff1325ce000 r--p 00000000 08:20 22158                      /usr/lib/locale/C.UTF-8/LC_CTYPE
7ff1325ce000-7ff1325cf000 r--p 00000000 08:20 22164                      /usr/lib/locale/C.UTF-8/LC_NUMERIC
7ff1325cf000-7ff1325d0000 r--p 00000000 08:20 22167                      /usr/lib/locale/C.UTF-8/LC_TIME
7ff1325d0000-7ff132743000 r--p 00000000 08:20 22157                      /usr/lib/locale/C.UTF-8/LC_COLLATE
7ff132743000-7ff132744000 r--p 00000000 08:20 22162                      /usr/lib/locale/C.UTF-8/LC_MONETARY
7ff132744000-7ff132745000 r--p 00000000 08:20 22161                      /usr/lib/locale/C.UTF-8/LC_MESSAGES/SYS_LC_MESSAGES
7ff132745000-7ff132746000 r--p 00000000 08:20 22165                      /usr/lib/locale/C.UTF-8/LC_PAPER
7ff132746000-7ff132747000 r--p 00000000 08:20 22163                      /usr/lib/locale/C.UTF-8/LC_NAME
7ff132747000-7ff132748000 r--p 00000000 08:20 22156                      /usr/lib/locale/C.UTF-8/LC_ADDRESS
7ff132748000-7ff132749000 r--p 00000000 08:20 22166                      /usr/lib/locale/C.UTF-8/LC_TELEPHONE
7ff132749000-7ff132750000 r--s 00000000 08:20 42067                      /usr/lib/x86_64-linux-gnu/gconv/gconv-modules.cache
7ff132750000-7ff132a36000 r--p 00000000 08:20 2680                       /usr/lib/locale/locale-archive
7ff132a36000-7ff132a38000 r--p 00000000 08:20 47887                      /usr/lib/jvm/java-11-openjdk-amd64/lib/libinstrument.so
7ff132a38000-7ff132a3f000 r-xp 00002000 08:20 47887                      /usr/lib/jvm/java-11-openjdk-amd64/lib/libinstrument.so
7ff132a3f000-7ff132a42000 r--p 00009000 08:20 47887                      /usr/lib/jvm/java-11-openjdk-amd64/lib/libinstrument.so
7ff132a42000-7ff132a43000 r--p 0000b000 08:20 47887                      /usr/lib/jvm/java-11-openjdk-amd64/lib/libinstrument.so
7ff132a43000-7ff132a44000 rw-p 0000c000 08:20 47887                      /usr/lib/jvm/java-11-openjdk-amd64/lib/libinstrument.so
7ff132a44000-7ff132a46000 r--p 00000000 08:20 47894                      /usr/lib/jvm/java-11-openjdk-amd64/lib/libjdwp.so
7ff132a46000-7ff132a73000 r-xp 00002000 08:20 47894                      /usr/lib/jvm/java-11-openjdk-amd64/lib/libjdwp.so
7ff132a73000-7ff132a81000 r--p 0002f000 08:20 47894                      /usr/lib/jvm/java-11-openjdk-amd64/lib/libjdwp.so
7ff132a81000-7ff132a82000 r--p 0003c000 08:20 47894                      /usr/lib/jvm/java-11-openjdk-amd64/lib/libjdwp.so
7ff132a82000-7ff132a83000 rw-p 0003d000 08:20 47894                      /usr/lib/jvm/java-11-openjdk-amd64/lib/libjdwp.so
7ff132a83000-7ff132a84000 ---p 00000000 00:00 0 
7ff132a84000-7ff132a85000 r--p 00000000 00:00 0 
7ff132a85000-7ff132a93000 r--p 00000000 08:20 47892                      /usr/lib/jvm/java-11-openjdk-amd64/lib/libjava.so
7ff132a93000-7ff132aa9000 r-xp 0000e000 08:20 47892                      /usr/lib/jvm/java-11-openjdk-amd64/lib/libjava.so
7ff132aa9000-7ff132ab0000 r--p 00024000 08:20 47892                      /usr/lib/jvm/java-11-openjdk-amd64/lib/libjava.so
7ff132ab0000-7ff132ab1000 r--p 0002a000 08:20 47892                      /usr/lib/jvm/java-11-openjdk-amd64/lib/libjava.so
7ff132ab1000-7ff132ab2000 rw-p 0002b000 08:20 47892                      /usr/lib/jvm/java-11-openjdk-amd64/lib/libjava.so
7ff132ab2000-7ff132ab3000 rw-p 00000000 00:00 0 
7ff132ab3000-7ff132ab8000 r--p 00000000 08:20 47911                      /usr/lib/jvm/java-11-openjdk-amd64/lib/libverify.so
7ff132ab8000-7ff132abf000 r-xp 00005000 08:20 47911                      /usr/lib/jvm/java-11-openjdk-amd64/lib/libverify.so
7ff132abf000-7ff132ac1000 r--p 0000c000 08:20 47911                      /usr/lib/jvm/java-11-openjdk-amd64/lib/libverify.so
7ff132ac1000-7ff132ac2000 ---p 0000e000 08:20 47911                      /usr/lib/jvm/java-11-openjdk-amd64/lib/libverify.so
7ff132ac2000-7ff132ac4000 r--p 0000e000 08:20 47911                      /usr/lib/jvm/java-11-openjdk-amd64/lib/libverify.so
7ff132ac4000-7ff132ac5000 rw-p 00010000 08:20 47911                      /usr/lib/jvm/java-11-openjdk-amd64/lib/libverify.so
7ff132ac5000-7ff132ac7000 r--p 00000000 08:20 41815                      /usr/lib/x86_64-linux-gnu/librt-2.31.so
7ff132ac7000-7ff132acb000 r-xp 00002000 08:20 41815                      /usr/lib/x86_64-linux-gnu/librt-2.31.so
7ff132acb000-7ff132acd000 r--p 00006000 08:20 41815                      /usr/lib/x86_64-linux-gnu/librt-2.31.so
7ff132acd000-7ff132ace000 r--p 00007000 08:20 41815                      /usr/lib/x86_64-linux-gnu/librt-2.31.so
7ff132ace000-7ff132acf000 rw-p 00008000 08:20 41815                      /usr/lib/x86_64-linux-gnu/librt-2.31.so
7ff132acf000-7ff132ad3000 ---p 00000000 00:00 0 
7ff132ad3000-7ff132bd0000 rw-p 00000000 00:00 0 
7ff132bd0000-7ff132bd3000 r--p 00000000 08:20 41776                      /usr/lib/x86_64-linux-gnu/libgcc_s.so.1
7ff132bd3000-7ff132be5000 r-xp 00003000 08:20 41776                      /usr/lib/x86_64-linux-gnu/libgcc_s.so.1
7ff132be5000-7ff132be9000 r--p 00015000 08:20 41776                      /usr/lib/x86_64-linux-gnu/libgcc_s.so.1
7ff132be9000-7ff132bea000 r--p 00018000 08:20 41776                      /usr/lib/x86_64-linux-gnu/libgcc_s.so.1
7ff132bea000-7ff132beb000 rw-p 00019000 08:20 41776                      /usr/lib/x86_64-linux-gnu/libgcc_s.so.1
7ff132beb000-7ff132bf8000 r--p 00000000 08:20 41802                      /usr/lib/x86_64-linux-gnu/libm-2.31.so
7ff132bf8000-7ff132c9f000 r-xp 0000d000 08:20 41802                      /usr/lib/x86_64-linux-gnu/libm-2.31.so
7ff132c9f000-7ff132d38000 r--p 000b4000 08:20 41802                      /usr/lib/x86_64-linux-gnu/libm-2.31.so
7ff132d38000-7ff132d39000 r--p 0014c000 08:20 41802                      /usr/lib/x86_64-linux-gnu/libm-2.31.so
7ff132d39000-7ff132d3a000 rw-p 0014d000 08:20 41802                      /usr/lib/x86_64-linux-gnu/libm-2.31.so
7ff132d3a000-7ff132dd0000 r--p 00000000 08:20 40202                      /usr/lib/x86_64-linux-gnu/libstdc++.so.6.0.28
7ff132dd0000-7ff132ec1000 r-xp 00096000 08:20 40202                      /usr/lib/x86_64-linux-gnu/libstdc++.so.6.0.28
7ff132ec1000-7ff132f0a000 r--p 00187000 08:20 40202                      /usr/lib/x86_64-linux-gnu/libstdc++.so.6.0.28
7ff132f0a000-7ff132f0b000 ---p 001d0000 08:20 40202                      /usr/lib/x86_64-linux-gnu/libstdc++.so.6.0.28
7ff132f0b000-7ff132f16000 r--p 001d0000 08:20 40202                      /usr/lib/x86_64-linux-gnu/libstdc++.so.6.0.28
7ff132f16000-7ff132f19000 rw-p 001db000 08:20 40202                      /usr/lib/x86_64-linux-gnu/libstdc++.so.6.0.28
7ff132f19000-7ff132f1c000 rw-p 00000000 00:00 0 
7ff132f1c000-7ff13319e000 r--p 00000000 08:20 47918                      /usr/lib/jvm/java-11-openjdk-amd64/lib/server/libjvm.so
7ff13319e000-7ff133e2b000 r-xp 00282000 08:20 47918                      /usr/lib/jvm/java-11-openjdk-amd64/lib/server/libjvm.so
7ff133e2b000-7ff13408c000 r--p 00f0f000 08:20 47918                      /usr/lib/jvm/java-11-openjdk-amd64/lib/server/libjvm.so
7ff13408c000-7ff13408d000 ---p 01170000 08:20 47918                      /usr/lib/jvm/java-11-openjdk-amd64/lib/server/libjvm.so
7ff13408d000-7ff134151000 r--p 01170000 08:20 47918                      /usr/lib/jvm/java-11-openjdk-amd64/lib/server/libjvm.so
7ff134151000-7ff13418c000 rw-p 01234000 08:20 47918                      /usr/lib/jvm/java-11-openjdk-amd64/lib/server/libjvm.so
7ff13418c000-7ff1341e5000 rw-p 00000000 00:00 0 
7ff1341e5000-7ff134207000 r--p 00000000 08:20 41800                      /usr/lib/x86_64-linux-gnu/libc-2.31.so
7ff134207000-7ff13437f000 r-xp 00022000 08:20 41800                      /usr/lib/x86_64-linux-gnu/libc-2.31.so
7ff13437f000-7ff1343cd000 r--p 0019a000 08:20 41800                      /usr/lib/x86_64-linux-gnu/libc-2.31.so
7ff1343cd000-7ff1343d1000 r--p 001e7000 08:20 41800                      /usr/lib/x86_64-linux-gnu/libc-2.31.so
7ff1343d1000-7ff1343d3000 rw-p 001eb000 08:20 41800                      /usr/lib/x86_64-linux-gnu/libc-2.31.so
7ff1343d3000-7ff1343d7000 rw-p 00000000 00:00 0 
7ff1343d7000-7ff1343d8000 r--p 00000000 08:20 41801                      /usr/lib/x86_64-linux-gnu/libdl-2.31.so
7ff1343d8000-7ff1343da000 r-xp 00001000 08:20 41801                      /usr/lib/x86_64-linux-gnu/libdl-2.31.so
7ff1343da000-7ff1343db000 r--p 00003000 08:20 41801                      /usr/lib/x86_64-linux-gnu/libdl-2.31.so
7ff1343db000-7ff1343dc000 r--p 00003000 08:20 41801                      /usr/lib/x86_64-linux-gnu/libdl-2.31.so
7ff1343dc000-7ff1343dd000 rw-p 00004000 08:20 41801                      /usr/lib/x86_64-linux-gnu/libdl-2.31.so
7ff1343dd000-7ff1343e0000 r--p 00000000 08:20 47877                      /usr/lib/jvm/java-11-openjdk-amd64/lib/jli/libjli.so
7ff1343e0000-7ff1343ea000 r-xp 00003000 08:20 47877                      /usr/lib/jvm/java-11-openjdk-amd64/lib/jli/libjli.so
7ff1343ea000-7ff1343ed000 r--p 0000d000 08:20 47877                      /usr/lib/jvm/java-11-openjdk-amd64/lib/jli/libjli.so
7ff1343ed000-7ff1343ee000 ---p 00010000 08:20 47877                      /usr/lib/jvm/java-11-openjdk-amd64/lib/jli/libjli.so
7ff1343ee000-7ff1343ef000 r--p 00010000 08:20 47877                      /usr/lib/jvm/java-11-openjdk-amd64/lib/jli/libjli.so
7ff1343ef000-7ff1343f0000 rw-p 00011000 08:20 47877                      /usr/lib/jvm/java-11-openjdk-amd64/lib/jli/libjli.so
7ff1343f0000-7ff1343f6000 r--p 00000000 08:20 41813                      /usr/lib/x86_64-linux-gnu/libpthread-2.31.so
7ff1343f6000-7ff134407000 r-xp 00006000 08:20 41813                      /usr/lib/x86_64-linux-gnu/libpthread-2.31.so
7ff134407000-7ff13440d000 r--p 00017000 08:20 41813                      /usr/lib/x86_64-linux-gnu/libpthread-2.31.so
7ff13440d000-7ff13440e000 r--p 0001c000 08:20 41813                      /usr/lib/x86_64-linux-gnu/libpthread-2.31.so
7ff13440e000-7ff13440f000 rw-p 0001d000 08:20 41813                      /usr/lib/x86_64-linux-gnu/libpthread-2.31.so
7ff13440f000-7ff134413000 rw-p 00000000 00:00 0 
7ff134413000-7ff134415000 r--p 00000000 08:20 13174                      /usr/lib/x86_64-linux-gnu/libz.so.1.2.11
7ff134415000-7ff134426000 r-xp 00002000 08:20 13174                      /usr/lib/x86_64-linux-gnu/libz.so.1.2.11
7ff134426000-7ff13442c000 r--p 00013000 08:20 13174                      /usr/lib/x86_64-linux-gnu/libz.so.1.2.11
7ff13442c000-7ff13442d000 ---p 00019000 08:20 13174                      /usr/lib/x86_64-linux-gnu/libz.so.1.2.11
7ff13442d000-7ff13442e000 r--p 00019000 08:20 13174                      /usr/lib/x86_64-linux-gnu/libz.so.1.2.11
7ff13442e000-7ff13442f000 rw-p 0001a000 08:20 13174                      /usr/lib/x86_64-linux-gnu/libz.so.1.2.11
7ff13442f000-7ff134430000 r--p 00000000 08:20 22160                      /usr/lib/locale/C.UTF-8/LC_MEASUREMENT
7ff134430000-7ff134432000 r--p 00000000 08:20 47895                      /usr/lib/jvm/java-11-openjdk-amd64/lib/libjimage.so
7ff134432000-7ff134435000 r-xp 00002000 08:20 47895                      /usr/lib/jvm/java-11-openjdk-amd64/lib/libjimage.so
7ff134435000-7ff134436000 r--p 00005000 08:20 47895                      /usr/lib/jvm/java-11-openjdk-amd64/lib/libjimage.so
7ff134436000-7ff134437000 ---p 00006000 08:20 47895                      /usr/lib/jvm/java-11-openjdk-amd64/lib/libjimage.so
7ff134437000-7ff134438000 r--p 00006000 08:20 47895                      /usr/lib/jvm/java-11-openjdk-amd64/lib/libjimage.so
7ff134438000-7ff134439000 rw-p 00007000 08:20 47895                      /usr/lib/jvm/java-11-openjdk-amd64/lib/libjimage.so
7ff134439000-7ff13443b000 rw-p 00000000 00:00 0 
7ff13443b000-7ff13443c000 r--p 00000000 08:20 40200                      /usr/lib/x86_64-linux-gnu/ld-2.31.so
7ff13443c000-7ff13445f000 r-xp 00001000 08:20 40200                      /usr/lib/x86_64-linux-gnu/ld-2.31.so
7ff13445f000-7ff134467000 r--p 00024000 08:20 40200                      /usr/lib/x86_64-linux-gnu/ld-2.31.so
7ff134467000-7ff134468000 r--p 00000000 08:20 22159                      /usr/lib/locale/C.UTF-8/LC_IDENTIFICATION
7ff134468000-7ff134469000 r--p 0002c000 08:20 40200                      /usr/lib/x86_64-linux-gnu/ld-2.31.so
7ff134469000-7ff13446a000 rw-p 0002d000 08:20 40200                      /usr/lib/x86_64-linux-gnu/ld-2.31.so
7ff13446a000-7ff13446b000 rw-p 00000000 00:00 0 
7ffee8520000-7ffee8541000 rw-p 00000000 00:00 0                          [stack]
7ffee8574000-7ffee8578000 r--p 00000000 00:00 0                          [vvar]
7ffee8578000-7ffee857a000 r-xp 00000000 00:00 0                          [vdso]


VM Arguments:
jvm_args: -agentlib:jdwp=transport=dt_socket,address=127.0.0.1:60777,suspend=y,server=n -javaagent:/home/w/.cache/JetBrains/RemoteDev/dist/1e68f1562c1c7_ideaIU-2023.1.6/plugins/java/lib/rt/debugger-agent.jar -Dfile.encoding=UTF-8 
java_command: Main
java_class_path (initial): /home/w/.cache/JetBrains/RemoteDev/dist/1e68f1562c1c7_ideaIU-2023.1.6/plugins/remote-dev-server/selfcontained/fontconfig/out/production/Lab:/usr/local/lib/antlr-4.9.1-complete.jar:/usr/local/lib/javacpp-1.5.7-linux-x86_64.jar:/usr/local/lib/javacpp-1.5.7.jar:/usr/local/lib/llvm-13.0.1-1.5.7-linux-x86_64.jar:/usr/local/lib/llvm-13.0.1-1.5.7.jar:/usr/local/lib/llvm-platform-13.0.1-1.5.7.jar:/home/w/.cache/JetBrains/RemoteDev/dist/1e68f1562c1c7_ideaIU-2023.1.6/lib/idea_rt.jar
Launcher Type: SUN_STANDARD

[Global flags]
     intx CICompilerCount                          = 12                                        {product} {ergonomic}
     uint ConcGCThreads                            = 3                                         {product} {ergonomic}
     uint G1ConcRefinementThreads                  = 13                                        {product} {ergonomic}
   size_t G1HeapRegionSize                         = 1048576                                   {product} {ergonomic}
    uintx GCDrainStackTargetSize                   = 64                                        {product} {ergonomic}
   size_t InitialHeapSize                          = 127926272                                 {product} {ergonomic}
   size_t MarkStackSize                            = 4194304                                   {product} {ergonomic}
   size_t MaxHeapSize                              = 2036334592                                {product} {ergonomic}
   size_t MaxNewSize                               = 1221591040                                {product} {ergonomic}
   size_t MinHeapDeltaBytes                        = 1048576                                   {product} {ergonomic}
    uintx NonNMethodCodeHeapSize                   = 7594288                                {pd product} {ergonomic}
    uintx NonProfiledCodeHeapSize                  = 122031976                              {pd product} {ergonomic}
    uintx ProfiledCodeHeapSize                     = 122031976                              {pd product} {ergonomic}
    uintx ReservedCodeCacheSize                    = 251658240                              {pd product} {ergonomic}
     bool SegmentedCodeCache                       = true                                      {product} {ergonomic}
     bool UseCompressedClassPointers               = true                                 {lp64_product} {ergonomic}
     bool UseCompressedOops                        = true                                 {lp64_product} {ergonomic}
     bool UseG1GC                                  = true                                      {product} {ergonomic}

Logging:
Log output configuration:
 #0: stdout all=warning uptime,level,tags
 #1: stderr all=off uptime,level,tags

Environment Variables:
PATH=/usr/local/sbin:/usr/local/bin:/usr/sbin:/usr/bin:/sbin:/bin:/usr/games:/usr/local/games:/usr/lib/wsl/lib:/mnt/c/Python312/Scripts/:/mnt/c/Python312/:/mnt/c/Program Files (x86)/Common Files/Oracle/Java/javapath:/mnt/c/Windows/system32:/mnt/c/Windows:/mnt/c/Windows/System32/Wbem:/mnt/c/Windows/System32/WindowsPowerShell/v1.0/:/mnt/c/Windows/System32/OpenSSH/:/mnt/d/mingw64/bin:/mnt/d/codes/vx/web/dll:/mnt/d/cod:/mnt/c/ProgramData/chocolatey/bin:/mnt/c/Users/anti/AppData/Local/Google/Chrome/Application:/mnt/e/web/dll:/mnt/d/cod:/mnt/d/Git/cmd:/mnt/c/Users/anti/AppData/Local/Programs/Python/Python310/Scripts/:/mnt/c/Users/anti/AppData/Local/Programs/Python/Python310/:/mnt/c/Users/anti/AppData/Local/Microsoft/WindowsApps:/mnt/d/CLion 2022.2.3/bin:/mnt/d/Microsoft VS Code/bin:/mnt/d/mingw64/bin:/mnt/f/QQGameTempest/Hall.57915/:/mnt/c/Users/anti/AppData/Local/JetBrains/Toolbox/scripts:/mnt/c/Users/anti/AppData/Local/Microsoft/WindowsApps:/mnt/c/Users/anti/AppData/Local/Pandoc/:/mnt/c/Users/anti/AppData/Roaming/npm:/mnt/d/code/appium:/mnt/d/code/android-sdk-windows/platform-tools:/mnt/d/code/android-sdk-windows/tools:/mnt/c/Program Files/Java/jdk1.8.0_301/bin:/mnt/c/Program Files/Java/jdk1.8.0_301/bin:/mnt/d/code/android-sdk-windows/build-tools/29.0.3:/mnt/d/code/appium/node/:/mnt/f/pyCharm/PyCharm 2024.1/bin:/mnt/e/WebStorm 2023.3.4/bin:/snap/bin
SHELL=/bin/bash
DISPLAY=:0
HOSTTYPE=x86_64
LANG=C.UTF-8
TERM=xterm-256color

Signal Handlers:
SIGSEGV: [libjvm.so+0xe9cbc0], sa_mask[0]=11111111011111111101111111111110, sa_flags=SA_RESTART|SA_SIGINFO
SIGBUS: [libjvm.so+0xe9cbc0], sa_mask[0]=11111111011111111101111111111110, sa_flags=SA_RESTART|SA_SIGINFO
SIGFPE: [libjvm.so+0xe9cbc0], sa_mask[0]=11111111011111111101111111111110, sa_flags=SA_RESTART|SA_SIGINFO
SIGPIPE: [libjvm.so+0xbe3c50], sa_mask[0]=11111111011111111101111111111110, sa_flags=SA_RESTART|SA_SIGINFO
SIGXFSZ: [libjvm.so+0xbe3c50], sa_mask[0]=11111111011111111101111111111110, sa_flags=SA_RESTART|SA_SIGINFO
SIGILL: [libjvm.so+0xe9cbc0], sa_mask[0]=11111111011111111101111111111110, sa_flags=SA_RESTART|SA_SIGINFO
SIGUSR2: [libjvm.so+0xbe3af0], sa_mask[0]=00100000000000000000000000000000, sa_flags=SA_RESTART|SA_SIGINFO
SIGHUP: [libjvm.so+0xbe42b0], sa_mask[0]=11111111011111111101111111111110, sa_flags=SA_RESTART|SA_SIGINFO
SIGINT: [libjvm.so+0xbe42b0], sa_mask[0]=11111111011111111101111111111110, sa_flags=SA_RESTART|SA_SIGINFO
SIGTERM: [libjvm.so+0xbe42b0], sa_mask[0]=11111111011111111101111111111110, sa_flags=SA_RESTART|SA_SIGINFO
SIGQUIT: [libjvm.so+0xbe42b0], sa_mask[0]=11111111011111111101111111111110, sa_flags=SA_RESTART|SA_SIGINFO


---------------  S Y S T E M  ---------------

OS:DISTRIB_ID=Ubuntu
DISTRIB_RELEASE=20.04
DISTRIB_CODENAME=focal
DISTRIB_DESCRIPTION="Ubuntu 20.04.6 LTS"
uname:Linux 5.15.153.1-microsoft-standard-WSL2 #1 SMP Fri Mar 29 23:14:13 UTC 2024 x86_64
OS uptime: 0 days 15:00 hours
libc:glibc 2.31 NPTL 2.31 
rlimit (soft/hard): STACK 8192k/infinity , CORE 0k/infinity , NPROC 31039/31039 , NOFILE 1048576/1048576 , AS infinity/infinity , CPU infinity/infinity , DATA infinity/infinity , FSIZE infinity/infinity , MEMLOCK 65536k/65536k
load average:0.34 0.60 0.50

/proc/meminfo:
MemTotal:        7952732 kB
MemFree:         2541076 kB
MemAvailable:    3647340 kB
Buffers:           35032 kB
Cached:          1214788 kB
SwapCached:          448 kB
Active:           659812 kB
Inactive:        4036620 kB
Active(anon):       5300 kB
Inactive(anon):  3445160 kB
Active(file):     654512 kB
Inactive(file):   591460 kB
Unevictable:           0 kB
Mlocked:               0 kB
SwapTotal:       2097152 kB
SwapFree:        2068752 kB
Dirty:               236 kB
Writeback:             0 kB
AnonPages:       3437636 kB
Mapped:           964760 kB
Shmem:              3808 kB
KReclaimable:     151744 kB
Slab:             269464 kB
SReclaimable:     151744 kB
SUnreclaim:       117720 kB
KernelStack:        8304 kB
PageTables:        15772 kB
NFS_Unstable:          0 kB
Bounce:                0 kB
WritebackTmp:          0 kB
CommitLimit:     6073516 kB
Committed_AS:    3986868 kB
VmallocTotal:   34359738367 kB
VmallocUsed:      104908 kB
VmallocChunk:          0 kB
Percpu:            10368 kB
AnonHugePages:   2715648 kB
ShmemHugePages:        0 kB
ShmemPmdMapped:        0 kB
FileHugePages:         0 kB
FilePmdMapped:         0 kB
HugePages_Total:       0
HugePages_Free:        0
HugePages_Rsvd:        0
HugePages_Surp:        0
Hugepagesize:       2048 kB
Hugetlb:               0 kB
DirectMap4k:      134144 kB
DirectMap2M:     7020544 kB
DirectMap1G:     9437184 kB

/sys/kernel/mm/transparent_hugepage/enabled:
[always] madvise never
/sys/kernel/mm/transparent_hugepage/defrag (defrag/compaction efforts parameter):
always defer defer+madvise [madvise] never

Process Memory:
Virtual Size: 5251092K (peak: 13436800K)
Resident Set Size: 105628K (peak: 105628K) (anon: 48936K, file: 56692K, shmem: 0K)
Swapped out: 0K
C-Heap outstanding allocations: 32675K, retained: 9624K
glibc malloc tunables: (default)

/proc/sys/kernel/threads-max (system-wide limit on the number of threads):
62078
/proc/sys/vm/max_map_count (maximum number of memory map areas a process may have):
65530
/proc/sys/kernel/pid_max (system-wide limit on number of process identifiers):
4194304

container (cgroup) information:
container_type: cgroupv1
cpu_cpuset_cpus: 0-15
cpu_memory_nodes: 0
active_processor_count: 16
cpu_quota: no quota
cpu_period: 100000
cpu_shares: no shares
memory_limit_in_bytes: unlimited
memory_and_swap_limit_in_bytes: unlimited
memory_soft_limit_in_bytes: unlimited
memory_usage_in_bytes: 4687360 k
memory_max_usage_in_bytes: 695652 k
kernel_memory_usage_in_bytes: 47524 k
kernel_memory_max_usage_in_bytes: unlimited
kernel_memory_limit_in_bytes: 56988 k
maximum number of tasks: not supported
current number of tasks: not supported

Hyper-V virtualization detected
Steal ticks since vm start: 0
Steal ticks percentage since vm start:  0.000

CPU:total 16 (initial active 16) (8 cores per cpu, 2 threads per core) family 6 model 154 stepping 3 microcode 0xffffffff, cmov, cx8, fxsr, mmx, sse, sse2, sse3, ssse3, sse4.1, sse4.2, popcnt, avx, avx2, aes, clmul, erms, 3dnowpref, lzcnt, ht, tsc, tscinvbit, bmi1, bmi2, adx, sha, fma
CPU Model and flags from /proc/cpuinfo:
model name	: 12th Gen Intel(R) Core(TM) i5-1240P
flags		: fpu vme de pse tsc msr pae mce cx8 apic sep mtrr pge mca cmov pat pse36 clflush mmx fxsr sse sse2 ss ht syscall nx pdpe1gb rdtscp lm constant_tsc rep_good nopl xtopology tsc_reliable nonstop_tsc cpuid pni pclmulqdq ssse3 fma cx16 sse4_1 sse4_2 x2apic movbe popcnt tsc_deadline_timer aes xsave avx f16c rdrand hypervisor lahf_lm abm 3dnowprefetch ssbd ibrs ibpb stibp ibrs_enhanced fsgsbase tsc_adjust bmi1 avx2 smep bmi2 erms invpcid rdseed adx smap clflushopt clwb sha_ni xsaveopt xsavec xgetbv1 xsaves avx_vnni umip waitpkg gfni vaes vpclmulqdq rdpid movdiri movdir64b fsrm md_clear serialize flush_l1d arch_capabilities
Online cpus:
0-15
Offline cpus:

BIOS frequency limitation:
<Not Available>
Frequency switch latency (ns):
<Not Available>
Available cpu frequencies:
<Not Available>
Current governor:
<Not Available>
Core performance/turbo boost:
<Not Available>

Memory: 4k page, physical 7952732k(2541076k free), swap 2097152k(2068752k free)

vm_info: OpenJDK 64-Bit Server VM (11.0.22+7-post-Ubuntu-0ubuntu220.04.1) for linux-amd64 JRE (11.0.22+7-post-Ubuntu-0ubuntu220.04.1), built on Feb  5 2024 20:49:28 by "unknown" with gcc 10.5.0

END.
