#
# A fatal error has been detected by the Java Runtime Environment:
#
#  SIGSEGV (0xb) at pc=0x00007fd346119e80, pid=265857, tid=265858
#
# JRE version: OpenJDK Runtime Environment (11.0.22+7) (build 11.0.22+7-post-Ubuntu-0ubuntu220.04.1)
# Java VM: OpenJDK 64-Bit Server VM (11.0.22+7-post-Ubuntu-0ubuntu220.04.1, mixed mode, sharing, tiered, compressed oops, g1 gc, linux-amd64)
# Problematic frame:
# C  [libLLVM-13.so+0xbede80]  llvm::BasicBlock::getModule() const+0x0
#
# No core dump will be written. Core dumps have been disabled. To enable core dumping, try "ulimit -c unlimited" before starting Java again
#
# If you would like to submit a bug report, please visit:
#   https://bugs.launchpad.net/ubuntu/+source/openjdk-lts
# The crash happened outside the Java Virtual Machine in native code.
# See problematic frame for where to report the bug.
#

---------------  S U M M A R Y ------------

Command Line: -javaagent:/home/w/.cache/JetBrains/RemoteDev/dist/2b05049c6fa27_ideaIU-232.9921.28/lib/idea_rt.jar=60845:/home/w/.cache/JetBrains/RemoteDev/dist/2b05049c6fa27_ideaIU-232.9921.28/bin -Dfile.encoding=UTF-8 Main

Host: 12th Gen Intel(R) Core(TM) i5-1240P, 16 cores, 7G, Ubuntu 20.04.6 LTS
Time: Mon May 13 21:21:56 2024 HKT elapsed time: 0.490343 seconds (0d 0h 0m 0s)

---------------  T H R E A D  ---------------

Current thread (0x00007fd3c4017800):  JavaThread "main" [_thread_in_native, id=265858, stack(0x00007fd3cb4bc000,0x00007fd3cb5bd000)]

Stack: [0x00007fd3cb4bc000,0x00007fd3cb5bd000],  sp=0x00007fd3cb5bad08,  free space=1019k
Native frames: (J=compiled Java code, A=aot compiled Java code, j=interpreted, Vv=VM code, C=native code)
C  [libLLVM-13.so+0xbede80]  llvm::BasicBlock::getModule() const+0x0

Java frames: (J=compiled Java code, j=interpreted, Vv=VM code)
j  org.bytedeco.llvm.global.LLVM.LLVMBuildLoad(Lorg/bytedeco/llvm/LLVM/LLVMBuilderRef;Lorg/bytedeco/llvm/LLVM/LLVMValueRef;Ljava/lang/String;)Lorg/bytedeco/llvm/LLVM/LLVMValueRef;+0
j  LLVMIRVisitor.visitLValExp(LSysYParser$LValExpContext;)Lorg/bytedeco/llvm/LLVM/LLVMValueRef;+21
j  LLVMIRVisitor.visitLValExp(LSysYParser$LValExpContext;)Ljava/lang/Object;+2
j  SysYParser$LValExpContext.accept(Lorg/antlr/v4/runtime/tree/ParseTreeVisitor;)Ljava/lang/Object;+12
j  org.antlr.v4.runtime.tree.AbstractParseTreeVisitor.visitChildren(Lorg/antlr/v4/runtime/tree/RuleNode;)Ljava/lang/Object;+46
j  SysYParserBaseVisitor.visitInitVal(LSysYParser$InitValContext;)Ljava/lang/Object;+2
j  SysYParser$InitValContext.accept(Lorg/antlr/v4/runtime/tree/ParseTreeVisitor;)Ljava/lang/Object;+12
j  org.antlr.v4.runtime.tree.AbstractParseTreeVisitor.visit(Lorg/antlr/v4/runtime/tree/ParseTree;)Ljava/lang/Object;+2
j  LLVMIRVisitor.visitVarDef(LSysYParser$VarDefContext;)Lorg/bytedeco/llvm/LLVM/LLVMValueRef;+39
j  LLVMIRVisitor.visitVarDef(LSysYParser$VarDefContext;)Ljava/lang/Object;+2
j  SysYParser$VarDefContext.accept(Lorg/antlr/v4/runtime/tree/ParseTreeVisitor;)Ljava/lang/Object;+12
j  org.antlr.v4.runtime.tree.AbstractParseTreeVisitor.visitChildren(Lorg/antlr/v4/runtime/tree/RuleNode;)Ljava/lang/Object;+46
j  SysYParserBaseVisitor.visitVarDecl(LSysYParser$VarDeclContext;)Ljava/lang/Object;+2
j  SysYParser$VarDeclContext.accept(Lorg/antlr/v4/runtime/tree/ParseTreeVisitor;)Ljava/lang/Object;+12
j  org.antlr.v4.runtime.tree.AbstractParseTreeVisitor.visitChildren(Lorg/antlr/v4/runtime/tree/RuleNode;)Ljava/lang/Object;+46
j  SysYParserBaseVisitor.visitDecl(LSysYParser$DeclContext;)Ljava/lang/Object;+2
j  SysYParser$DeclContext.accept(Lorg/antlr/v4/runtime/tree/ParseTreeVisitor;)Ljava/lang/Object;+12
j  org.antlr.v4.runtime.tree.AbstractParseTreeVisitor.visitChildren(Lorg/antlr/v4/runtime/tree/RuleNode;)Ljava/lang/Object;+46
j  SysYParserBaseVisitor.visitCompUnit(LSysYParser$CompUnitContext;)Ljava/lang/Object;+2
j  SysYParser$CompUnitContext.accept(Lorg/antlr/v4/runtime/tree/ParseTreeVisitor;)Ljava/lang/Object;+12
j  org.antlr.v4.runtime.tree.AbstractParseTreeVisitor.visitChildren(Lorg/antlr/v4/runtime/tree/RuleNode;)Ljava/lang/Object;+46
j  SysYParserBaseVisitor.visitProgram(LSysYParser$ProgramContext;)Ljava/lang/Object;+2
j  LLVMIRVisitor.visitProgram(LSysYParser$ProgramContext;)Lorg/bytedeco/llvm/LLVM/LLVMValueRef;+14
j  LLVMIRVisitor.visitProgram(LSysYParser$ProgramContext;)Ljava/lang/Object;+2
j  SysYParser$ProgramContext.accept(Lorg/antlr/v4/runtime/tree/ParseTreeVisitor;)Ljava/lang/Object;+12
j  org.antlr.v4.runtime.tree.AbstractParseTreeVisitor.visit(Lorg/antlr/v4/runtime/tree/ParseTree;)Ljava/lang/Object;+2
j  Main.main([Ljava/lang/String;)V+62
v  ~StubRoutines::call_stub

siginfo: si_signo: 11 (SIGSEGV), si_code: 1 (SEGV_MAPERR), si_addr: 0x0000000000000038

Register to memory mapping:

RAX=0x00007fd3c4440520 points into unknown readable memory: 0x00007fd3c443aa90 | 90 aa 43 c4 d3 7f 00 00
RBX=0x00007fd3c4428500 points into unknown readable memory: 0x00007fd3c4440520 | 20 05 44 c4 d3 7f 00 00
RCX=0x0000000000000067 is an unknown value
RDX=0x00007fd3c44284c0 points into unknown readable memory: 0x0000000000000067 | 67 00 00 00 00 00 00 00
RSP=0x00007fd3cb5bad08 is pointing into the stack for thread: 0x00007fd3c4017800
RBP=0x00007fd3c4417ae0 points into unknown readable memory: 0x00007fd3c4417af0 | f0 7a 41 c4 d3 7f 00 00
RSI=0x0000000000000101 is an unknown value
RDI=0x0 is NULL
R8 =0x000000008d7a4908 points into unknown readable memory: 0x0000000000000067 | 67 00 00 00 00 00 00 00
R9 =0x00007fd3c4017800 is a thread
R10=0xfffffffffffff55a is an unknown value
R11=0x00007fd346158870: LLVMBuildLoad+0x0000000000000000 in /home/w/.javacpp/cache/llvm-13.0.1-1.5.7-linux-x86_64.jar/org/bytedeco/llvm/linux-x86_64/libLLVM-13.so at 0x00007fd34552c000
R12=0x00007fd3cb5bae58 is pointing into the stack for thread: 0x00007fd3c4017800
R13=0x00007fd3c4428500 points into unknown readable memory: 0x00007fd3c4440520 | 20 05 44 c4 d3 7f 00 00
R14=0x00007fd3c443b218 points into unknown readable memory: 0x00007fd3c443aa90 | 90 aa 43 c4 d3 7f 00 00
R15=0x00007fd3c4017800 is a thread


Registers:
RAX=0x00007fd3c4440520, RBX=0x00007fd3c4428500, RCX=0x0000000000000067, RDX=0x00007fd3c44284c0
RSP=0x00007fd3cb5bad08, RBP=0x00007fd3c4417ae0, RSI=0x0000000000000101, RDI=0x0000000000000000
R8 =0x000000008d7a4908, R9 =0x00007fd3c4017800, R10=0xfffffffffffff55a, R11=0x00007fd346158870
R12=0x00007fd3cb5bae58, R13=0x00007fd3c4428500, R14=0x00007fd3c443b218, R15=0x00007fd3c4017800
RIP=0x00007fd346119e80, EFLAGS=0x0000000000010202, CSGSFS=0x002b000000000033, ERR=0x0000000000000004
  TRAPNO=0x000000000000000e

Top of Stack: (sp=0x00007fd3cb5bad08)
0x00007fd3cb5bad08:   00007fd3461588aa 00007fd3c44284c0
0x00007fd3cb5bad18:   0000000000000000 00007fd3c4017800
0x00007fd3cb5bad28:   00007fd3c419b720 0000000000000103
0x00007fd3cb5bad38:   0000000000000001 00007fd3c44284c0 

Instructions: (pc=0x00007fd346119e80)
0x00007fd346119d80:   ff 66 0f ef c0 48 89 02 48 89 50 08 41 0f 11 45
0x00007fd346119d90:   00 e8 5a 4b 17 00 4c 39 f3 75 c5 4d 8b 6c 24 30
0x00007fd346119da0:   4c 39 ed 74 3b 0f 1f 00 4c 89 eb 48 89 ef 4d 8b
0x00007fd346119db0:   6d 08 4c 8d 73 e8 4c 89 f6 e8 42 fd ff ff 48 8b
0x00007fd346119dc0:   03 48 8b 53 08 66 0f ef c9 4c 89 f7 48 89 02 48
0x00007fd346119dd0:   89 50 08 0f 11 0b e8 15 4b 17 00 4c 39 ed 75 c8
0x00007fd346119de0:   48 83 c4 08 4c 89 e7 5b 5d 41 5c 41 5d 41 5e 41
0x00007fd346119df0:   5f e9 fa 48 17 00 66 2e 0f 1f 84 00 00 00 00 00
0x00007fd346119e00:   48 8d 4b e8 48 89 c8 48 29 d0 e9 11 ff ff ff 90
0x00007fd346119e10:   48 8b 07 48 8b 38 e8 45 13 16 00 31 d2 be 01 00
0x00007fd346119e20:   00 00 48 89 c7 e8 b6 2a 02 00 48 89 c3 49 8b 44
0x00007fd346119e30:   24 08 48 85 c0 0f 84 a2 fe ff ff 0f 1f 44 00 00
0x00007fd346119e40:   48 8b 68 18 31 d2 48 89 df 48 8b 75 00 e8 ae bc
0x00007fd346119e50:   02 00 48 89 ef 48 89 c6 e8 63 65 17 00 48 89 ef
0x00007fd346119e60:   e8 4b 81 02 00 49 8b 44 24 08 48 85 c0 75 d1 e9
0x00007fd346119e70:   69 fe ff ff 66 2e 0f 1f 84 00 00 00 00 00 66 90
0x00007fd346119e80:   48 8b 47 38 48 8b 40 28 c3 0f 1f 80 00 00 00 00
0x00007fd346119e90:   48 8b 47 28 48 83 c7 28 48 39 f8 74 2b 48 85 c0
0x00007fd346119ea0:   0f 84 9e 9d d3 ff 4c 8d 40 e8 0f b6 40 f8 83 e8
0x00007fd346119eb0:   1b 83 f8 0b b8 00 00 00 00 4c 0f 43 c0 4c 89 c0
0x00007fd346119ec0:   c3 0f 1f 80 00 00 00 00 45 31 c0 eb f0 0f 1f 00
0x00007fd346119ed0:   48 8b 47 28 48 8d 57 28 48 39 d0 0f 84 af 00 00
0x00007fd346119ee0:   00 48 85 c0 0f 84 64 9d d3 ff 45 31 c0 80 78 f8
0x00007fd346119ef0:   1b 75 23 48 8b 57 30 48 8d 48 e8 48 85 d2 74 09
0x00007fd346119f00:   48 83 ea 18 48 39 d1 74 0d 48 8b 50 10 45 31 c0
0x00007fd346119f10:   48 39 42 30 75 0a 4c 89 c0 c3 66 0f 1f 44 00 00
0x00007fd346119f20:   4c 8b 00 4d 85 c0 74 ee 8b 50 fc 49 8d 48 e8 81
0x00007fd346119f30:   e2 ff ff ff 07 74 3e 89 d2 48 f7 da 48 c1 e2 05
0x00007fd346119f40:   48 8b 44 10 e8 48 85 c0 74 2b 48 39 c1 75 41 41
0x00007fd346119f50:   80 78 f8 4b 75 1f 49 8b 40 10 4c 39 40 30 74 30
0x00007fd346119f60:   49 8b 48 c8 4d 8b 00 4d 85 c0 74 aa 49 83 e8 18
0x00007fd346119f70:   4c 39 c1 75 1b 45 31 c0 80 79 10 52 75 98 0f b7 


Stack slot to memory mapping:
stack at sp + 0 slots: 0x00007fd3461588aa: LLVMBuildLoad+0x000000000000003a in /home/w/.javacpp/cache/llvm-13.0.1-1.5.7-linux-x86_64.jar/org/bytedeco/llvm/linux-x86_64/libLLVM-13.so at 0x00007fd34552c000
stack at sp + 1 slots: 0x00007fd3c44284c0 points into unknown readable memory: 0x0000000000000067 | 67 00 00 00 00 00 00 00
stack at sp + 2 slots: 0x0 is NULL
stack at sp + 3 slots: 0x00007fd3c4017800 is a thread
stack at sp + 4 slots: 0x00007fd3c419b720 points into unknown readable memory: 0x000000008d7a48f8 | f8 48 7a 8d 00 00 00 00
stack at sp + 5 slots: 0x0000000000000103 is an unknown value
stack at sp + 6 slots: 0x0000000000000001 is an unknown value
stack at sp + 7 slots: 0x00007fd3c44284c0 points into unknown readable memory: 0x0000000000000067 | 67 00 00 00 00 00 00 00


---------------  P R O C E S S  ---------------

Threads class SMR info:
_java_thread_list=0x00007fd36003a5a0, length=14, elements={
0x00007fd3c4017800, 0x00007fd3c419d000, 0x00007fd3c419f000, 0x00007fd3c41a7000,
0x00007fd3c41a9000, 0x00007fd3c41ab800, 0x00007fd3c41ad800, 0x00007fd3c41af800,
0x00007fd3c41c5800, 0x00007fd378075800, 0x00007fd364001800, 0x00007fd378077800,
0x00007fd3c427c000, 0x00007fd3c4358800
}

Java Threads: ( => current thread )
=>0x00007fd3c4017800 JavaThread "main" [_thread_in_native, id=265858, stack(0x00007fd3cb4bc000,0x00007fd3cb5bd000)]
  0x00007fd3c419d000 JavaThread "Reference Handler" daemon [_thread_blocked, id=265872, stack(0x00007fd3c8440000,0x00007fd3c8541000)]
  0x00007fd3c419f000 JavaThread "Finalizer" daemon [_thread_blocked, id=265875, stack(0x00007fd3c833f000,0x00007fd3c8440000)]
  0x00007fd3c41a7000 JavaThread "Signal Dispatcher" daemon [_thread_blocked, id=265876, stack(0x00007fd3ac567000,0x00007fd3ac668000)]
  0x00007fd3c41a9000 JavaThread "Service Thread" daemon [_thread_blocked, id=265879, stack(0x00007fd3ac466000,0x00007fd3ac567000)]
  0x00007fd3c41ab800 JavaThread "C2 CompilerThread0" daemon [_thread_blocked, id=265881, stack(0x00007fd3ac365000,0x00007fd3ac466000)]
  0x00007fd3c41ad800 JavaThread "C1 CompilerThread0" daemon [_thread_blocked, id=265882, stack(0x00007fd3ac264000,0x00007fd3ac365000)]
  0x00007fd3c41af800 JavaThread "Sweeper thread" daemon [_thread_blocked, id=265883, stack(0x00007fd3ac163000,0x00007fd3ac264000)]
  0x00007fd3c41c5800 JavaThread "Common-Cleaner" daemon [_thread_blocked, id=265889, stack(0x00007fd3ac062000,0x00007fd3ac163000)]
  0x00007fd378075800 JavaThread "C1 CompilerThread1" daemon [_thread_blocked, id=265890, stack(0x00007fd3a424f000,0x00007fd3a4350000)]
  0x00007fd364001800 JavaThread "C1 CompilerThread2" daemon [_thread_blocked, id=265891, stack(0x00007fd3a414e000,0x00007fd3a424f000)]
  0x00007fd378077800 JavaThread "C1 CompilerThread3" daemon [_thread_blocked, id=265892, stack(0x00007fd3a404d000,0x00007fd3a414e000)]
  0x00007fd3c427c000 JavaThread "Monitor Ctrl-Break" daemon [_thread_in_native, id=265896, stack(0x00007fd39d5fe000,0x00007fd39d6ff000)]
  0x00007fd3c4358800 JavaThread "JavaCPP Deallocator" daemon [_thread_blocked, id=265900, stack(0x00007fd39d3fc000,0x00007fd39d4fd000)]

Other Threads:
  0x00007fd3c419a000 VMThread "VM Thread" [stack: 0x00007fd3c8542000,0x00007fd3c8642000] [id=265871]
  0x00007fd3c427d800 WatcherThread [stack: 0x00007fd39d4fe000,0x00007fd39d5fe000] [id=265897]
  0x00007fd3c402f800 GCTaskThread "GC Thread#0" [stack: 0x00007fd3cb158000,0x00007fd3cb258000] [id=265863]
  0x00007fd3c4061000 ConcurrentGCThread "G1 Main Marker" [stack: 0x00007fd3c972f000,0x00007fd3c982f000] [id=265866]
  0x00007fd3c4062800 ConcurrentGCThread "G1 Conc#0" [stack: 0x00007fd3c962e000,0x00007fd3c972e000] [id=265867]
  0x00007fd3c40fe800 ConcurrentGCThread "G1 Refine#0" [stack: 0x00007fd3c8820000,0x00007fd3c8920000] [id=265868]
  0x00007fd3c4100800 ConcurrentGCThread "G1 Young RemSet Sampling" [stack: 0x00007fd3c871f000,0x00007fd3c881f000] [id=265869]

Threads with active compile tasks:

VM state:not at safepoint (normal execution)

VM Mutex/Monitor currently owned by a thread: None

Heap address: 0x0000000086a00000, size: 1942 MB, Compressed Oops mode: 32-bit
Narrow klass base: 0x0000000800000000, Narrow klass shift: 3
Compressed class space size: 1073741824 Address: 0x0000000840000000

Heap:
 garbage-first heap   total 126976K, used 13008K [0x0000000086a00000, 0x0000000100000000)
  region size 1024K, 13 young (13312K), 0 survivors (0K)
 Metaspace       used 3902K, capacity 6517K, committed 6656K, reserved 1056768K
  class space    used 422K, capacity 682K, committed 768K, reserved 1048576K
Heap Regions: E=young(eden), S=young(survivor), O=old, HS=humongous(starts), HC=humongous(continues), CS=collection set, F=free, A=archive, TAMS=top-at-mark-start (previous, next)
|   0|0x0000000086a00000, 0x0000000086a00000, 0x0000000086b00000|  0%| F|  |TAMS 0x0000000086a00000, 0x0000000086a00000| Untracked 
|   1|0x0000000086b00000, 0x0000000086b00000, 0x0000000086c00000|  0%| F|  |TAMS 0x0000000086b00000, 0x0000000086b00000| Untracked 
|   2|0x0000000086c00000, 0x0000000086c00000, 0x0000000086d00000|  0%| F|  |TAMS 0x0000000086c00000, 0x0000000086c00000| Untracked 
|   3|0x0000000086d00000, 0x0000000086d00000, 0x0000000086e00000|  0%| F|  |TAMS 0x0000000086d00000, 0x0000000086d00000| Untracked 
|   4|0x0000000086e00000, 0x0000000086e00000, 0x0000000086f00000|  0%| F|  |TAMS 0x0000000086e00000, 0x0000000086e00000| Untracked 
|   5|0x0000000086f00000, 0x0000000086f00000, 0x0000000087000000|  0%| F|  |TAMS 0x0000000086f00000, 0x0000000086f00000| Untracked 
|   6|0x0000000087000000, 0x0000000087000000, 0x0000000087100000|  0%| F|  |TAMS 0x0000000087000000, 0x0000000087000000| Untracked 
|   7|0x0000000087100000, 0x0000000087100000, 0x0000000087200000|  0%| F|  |TAMS 0x0000000087100000, 0x0000000087100000| Untracked 
|   8|0x0000000087200000, 0x0000000087200000, 0x0000000087300000|  0%| F|  |TAMS 0x0000000087200000, 0x0000000087200000| Untracked 
|   9|0x0000000087300000, 0x0000000087300000, 0x0000000087400000|  0%| F|  |TAMS 0x0000000087300000, 0x0000000087300000| Untracked 
|  10|0x0000000087400000, 0x0000000087400000, 0x0000000087500000|  0%| F|  |TAMS 0x0000000087400000, 0x0000000087400000| Untracked 
|  11|0x0000000087500000, 0x0000000087500000, 0x0000000087600000|  0%| F|  |TAMS 0x0000000087500000, 0x0000000087500000| Untracked 
|  12|0x0000000087600000, 0x0000000087600000, 0x0000000087700000|  0%| F|  |TAMS 0x0000000087600000, 0x0000000087600000| Untracked 
|  13|0x0000000087700000, 0x0000000087700000, 0x0000000087800000|  0%| F|  |TAMS 0x0000000087700000, 0x0000000087700000| Untracked 
|  14|0x0000000087800000, 0x0000000087800000, 0x0000000087900000|  0%| F|  |TAMS 0x0000000087800000, 0x0000000087800000| Untracked 
|  15|0x0000000087900000, 0x0000000087900000, 0x0000000087a00000|  0%| F|  |TAMS 0x0000000087900000, 0x0000000087900000| Untracked 
|  16|0x0000000087a00000, 0x0000000087a00000, 0x0000000087b00000|  0%| F|  |TAMS 0x0000000087a00000, 0x0000000087a00000| Untracked 
|  17|0x0000000087b00000, 0x0000000087b00000, 0x0000000087c00000|  0%| F|  |TAMS 0x0000000087b00000, 0x0000000087b00000| Untracked 
|  18|0x0000000087c00000, 0x0000000087c00000, 0x0000000087d00000|  0%| F|  |TAMS 0x0000000087c00000, 0x0000000087c00000| Untracked 
|  19|0x0000000087d00000, 0x0000000087d00000, 0x0000000087e00000|  0%| F|  |TAMS 0x0000000087d00000, 0x0000000087d00000| Untracked 
|  20|0x0000000087e00000, 0x0000000087e00000, 0x0000000087f00000|  0%| F|  |TAMS 0x0000000087e00000, 0x0000000087e00000| Untracked 
|  21|0x0000000087f00000, 0x0000000087f00000, 0x0000000088000000|  0%| F|  |TAMS 0x0000000087f00000, 0x0000000087f00000| Untracked 
|  22|0x0000000088000000, 0x0000000088000000, 0x0000000088100000|  0%| F|  |TAMS 0x0000000088000000, 0x0000000088000000| Untracked 
|  23|0x0000000088100000, 0x0000000088100000, 0x0000000088200000|  0%| F|  |TAMS 0x0000000088100000, 0x0000000088100000| Untracked 
|  24|0x0000000088200000, 0x0000000088200000, 0x0000000088300000|  0%| F|  |TAMS 0x0000000088200000, 0x0000000088200000| Untracked 
|  25|0x0000000088300000, 0x0000000088300000, 0x0000000088400000|  0%| F|  |TAMS 0x0000000088300000, 0x0000000088300000| Untracked 
|  26|0x0000000088400000, 0x0000000088400000, 0x0000000088500000|  0%| F|  |TAMS 0x0000000088400000, 0x0000000088400000| Untracked 
|  27|0x0000000088500000, 0x0000000088500000, 0x0000000088600000|  0%| F|  |TAMS 0x0000000088500000, 0x0000000088500000| Untracked 
|  28|0x0000000088600000, 0x0000000088600000, 0x0000000088700000|  0%| F|  |TAMS 0x0000000088600000, 0x0000000088600000| Untracked 
|  29|0x0000000088700000, 0x0000000088700000, 0x0000000088800000|  0%| F|  |TAMS 0x0000000088700000, 0x0000000088700000| Untracked 
|  30|0x0000000088800000, 0x0000000088800000, 0x0000000088900000|  0%| F|  |TAMS 0x0000000088800000, 0x0000000088800000| Untracked 
|  31|0x0000000088900000, 0x0000000088900000, 0x0000000088a00000|  0%| F|  |TAMS 0x0000000088900000, 0x0000000088900000| Untracked 
|  32|0x0000000088a00000, 0x0000000088a00000, 0x0000000088b00000|  0%| F|  |TAMS 0x0000000088a00000, 0x0000000088a00000| Untracked 
|  33|0x0000000088b00000, 0x0000000088b00000, 0x0000000088c00000|  0%| F|  |TAMS 0x0000000088b00000, 0x0000000088b00000| Untracked 
|  34|0x0000000088c00000, 0x0000000088c00000, 0x0000000088d00000|  0%| F|  |TAMS 0x0000000088c00000, 0x0000000088c00000| Untracked 
|  35|0x0000000088d00000, 0x0000000088d00000, 0x0000000088e00000|  0%| F|  |TAMS 0x0000000088d00000, 0x0000000088d00000| Untracked 
|  36|0x0000000088e00000, 0x0000000088e00000, 0x0000000088f00000|  0%| F|  |TAMS 0x0000000088e00000, 0x0000000088e00000| Untracked 
|  37|0x0000000088f00000, 0x0000000088f00000, 0x0000000089000000|  0%| F|  |TAMS 0x0000000088f00000, 0x0000000088f00000| Untracked 
|  38|0x0000000089000000, 0x0000000089000000, 0x0000000089100000|  0%| F|  |TAMS 0x0000000089000000, 0x0000000089000000| Untracked 
|  39|0x0000000089100000, 0x0000000089100000, 0x0000000089200000|  0%| F|  |TAMS 0x0000000089100000, 0x0000000089100000| Untracked 
|  40|0x0000000089200000, 0x0000000089200000, 0x0000000089300000|  0%| F|  |TAMS 0x0000000089200000, 0x0000000089200000| Untracked 
|  41|0x0000000089300000, 0x0000000089300000, 0x0000000089400000|  0%| F|  |TAMS 0x0000000089300000, 0x0000000089300000| Untracked 
|  42|0x0000000089400000, 0x0000000089400000, 0x0000000089500000|  0%| F|  |TAMS 0x0000000089400000, 0x0000000089400000| Untracked 
|  43|0x0000000089500000, 0x0000000089500000, 0x0000000089600000|  0%| F|  |TAMS 0x0000000089500000, 0x0000000089500000| Untracked 
|  44|0x0000000089600000, 0x0000000089600000, 0x0000000089700000|  0%| F|  |TAMS 0x0000000089600000, 0x0000000089600000| Untracked 
|  45|0x0000000089700000, 0x0000000089700000, 0x0000000089800000|  0%| F|  |TAMS 0x0000000089700000, 0x0000000089700000| Untracked 
|  46|0x0000000089800000, 0x0000000089800000, 0x0000000089900000|  0%| F|  |TAMS 0x0000000089800000, 0x0000000089800000| Untracked 
|  47|0x0000000089900000, 0x0000000089900000, 0x0000000089a00000|  0%| F|  |TAMS 0x0000000089900000, 0x0000000089900000| Untracked 
|  48|0x0000000089a00000, 0x0000000089a00000, 0x0000000089b00000|  0%| F|  |TAMS 0x0000000089a00000, 0x0000000089a00000| Untracked 
|  49|0x0000000089b00000, 0x0000000089b00000, 0x0000000089c00000|  0%| F|  |TAMS 0x0000000089b00000, 0x0000000089b00000| Untracked 
|  50|0x0000000089c00000, 0x0000000089c00000, 0x0000000089d00000|  0%| F|  |TAMS 0x0000000089c00000, 0x0000000089c00000| Untracked 
|  51|0x0000000089d00000, 0x0000000089d00000, 0x0000000089e00000|  0%| F|  |TAMS 0x0000000089d00000, 0x0000000089d00000| Untracked 
|  52|0x0000000089e00000, 0x0000000089e00000, 0x0000000089f00000|  0%| F|  |TAMS 0x0000000089e00000, 0x0000000089e00000| Untracked 
|  53|0x0000000089f00000, 0x0000000089f00000, 0x000000008a000000|  0%| F|  |TAMS 0x0000000089f00000, 0x0000000089f00000| Untracked 
|  54|0x000000008a000000, 0x000000008a000000, 0x000000008a100000|  0%| F|  |TAMS 0x000000008a000000, 0x000000008a000000| Untracked 
|  55|0x000000008a100000, 0x000000008a100000, 0x000000008a200000|  0%| F|  |TAMS 0x000000008a100000, 0x000000008a100000| Untracked 
|  56|0x000000008a200000, 0x000000008a200000, 0x000000008a300000|  0%| F|  |TAMS 0x000000008a200000, 0x000000008a200000| Untracked 
|  57|0x000000008a300000, 0x000000008a300000, 0x000000008a400000|  0%| F|  |TAMS 0x000000008a300000, 0x000000008a300000| Untracked 
|  58|0x000000008a400000, 0x000000008a400000, 0x000000008a500000|  0%| F|  |TAMS 0x000000008a400000, 0x000000008a400000| Untracked 
|  59|0x000000008a500000, 0x000000008a500000, 0x000000008a600000|  0%| F|  |TAMS 0x000000008a500000, 0x000000008a500000| Untracked 
|  60|0x000000008a600000, 0x000000008a600000, 0x000000008a700000|  0%| F|  |TAMS 0x000000008a600000, 0x000000008a600000| Untracked 
|  61|0x000000008a700000, 0x000000008a700000, 0x000000008a800000|  0%| F|  |TAMS 0x000000008a700000, 0x000000008a700000| Untracked 
|  62|0x000000008a800000, 0x000000008a800000, 0x000000008a900000|  0%| F|  |TAMS 0x000000008a800000, 0x000000008a800000| Untracked 
|  63|0x000000008a900000, 0x000000008a900000, 0x000000008aa00000|  0%| F|  |TAMS 0x000000008a900000, 0x000000008a900000| Untracked 
|  64|0x000000008aa00000, 0x000000008aa00000, 0x000000008ab00000|  0%| F|  |TAMS 0x000000008aa00000, 0x000000008aa00000| Untracked 
|  65|0x000000008ab00000, 0x000000008ab00000, 0x000000008ac00000|  0%| F|  |TAMS 0x000000008ab00000, 0x000000008ab00000| Untracked 
|  66|0x000000008ac00000, 0x000000008ac00000, 0x000000008ad00000|  0%| F|  |TAMS 0x000000008ac00000, 0x000000008ac00000| Untracked 
|  67|0x000000008ad00000, 0x000000008ad00000, 0x000000008ae00000|  0%| F|  |TAMS 0x000000008ad00000, 0x000000008ad00000| Untracked 
|  68|0x000000008ae00000, 0x000000008ae00000, 0x000000008af00000|  0%| F|  |TAMS 0x000000008ae00000, 0x000000008ae00000| Untracked 
|  69|0x000000008af00000, 0x000000008af00000, 0x000000008b000000|  0%| F|  |TAMS 0x000000008af00000, 0x000000008af00000| Untracked 
|  70|0x000000008b000000, 0x000000008b000000, 0x000000008b100000|  0%| F|  |TAMS 0x000000008b000000, 0x000000008b000000| Untracked 
|  71|0x000000008b100000, 0x000000008b100000, 0x000000008b200000|  0%| F|  |TAMS 0x000000008b100000, 0x000000008b100000| Untracked 
|  72|0x000000008b200000, 0x000000008b200000, 0x000000008b300000|  0%| F|  |TAMS 0x000000008b200000, 0x000000008b200000| Untracked 
|  73|0x000000008b300000, 0x000000008b300000, 0x000000008b400000|  0%| F|  |TAMS 0x000000008b300000, 0x000000008b300000| Untracked 
|  74|0x000000008b400000, 0x000000008b400000, 0x000000008b500000|  0%| F|  |TAMS 0x000000008b400000, 0x000000008b400000| Untracked 
|  75|0x000000008b500000, 0x000000008b500000, 0x000000008b600000|  0%| F|  |TAMS 0x000000008b500000, 0x000000008b500000| Untracked 
|  76|0x000000008b600000, 0x000000008b600000, 0x000000008b700000|  0%| F|  |TAMS 0x000000008b600000, 0x000000008b600000| Untracked 
|  77|0x000000008b700000, 0x000000008b700000, 0x000000008b800000|  0%| F|  |TAMS 0x000000008b700000, 0x000000008b700000| Untracked 
|  78|0x000000008b800000, 0x000000008b800000, 0x000000008b900000|  0%| F|  |TAMS 0x000000008b800000, 0x000000008b800000| Untracked 
|  79|0x000000008b900000, 0x000000008b900000, 0x000000008ba00000|  0%| F|  |TAMS 0x000000008b900000, 0x000000008b900000| Untracked 
|  80|0x000000008ba00000, 0x000000008ba00000, 0x000000008bb00000|  0%| F|  |TAMS 0x000000008ba00000, 0x000000008ba00000| Untracked 
|  81|0x000000008bb00000, 0x000000008bb00000, 0x000000008bc00000|  0%| F|  |TAMS 0x000000008bb00000, 0x000000008bb00000| Untracked 
|  82|0x000000008bc00000, 0x000000008bc00000, 0x000000008bd00000|  0%| F|  |TAMS 0x000000008bc00000, 0x000000008bc00000| Untracked 
|  83|0x000000008bd00000, 0x000000008bd00000, 0x000000008be00000|  0%| F|  |TAMS 0x000000008bd00000, 0x000000008bd00000| Untracked 
|  84|0x000000008be00000, 0x000000008be00000, 0x000000008bf00000|  0%| F|  |TAMS 0x000000008be00000, 0x000000008be00000| Untracked 
|  85|0x000000008bf00000, 0x000000008bf00000, 0x000000008c000000|  0%| F|  |TAMS 0x000000008bf00000, 0x000000008bf00000| Untracked 
|  86|0x000000008c000000, 0x000000008c000000, 0x000000008c100000|  0%| F|  |TAMS 0x000000008c000000, 0x000000008c000000| Untracked 
|  87|0x000000008c100000, 0x000000008c100000, 0x000000008c200000|  0%| F|  |TAMS 0x000000008c100000, 0x000000008c100000| Untracked 
|  88|0x000000008c200000, 0x000000008c200000, 0x000000008c300000|  0%| F|  |TAMS 0x000000008c200000, 0x000000008c200000| Untracked 
|  89|0x000000008c300000, 0x000000008c300000, 0x000000008c400000|  0%| F|  |TAMS 0x000000008c300000, 0x000000008c300000| Untracked 
|  90|0x000000008c400000, 0x000000008c400000, 0x000000008c500000|  0%| F|  |TAMS 0x000000008c400000, 0x000000008c400000| Untracked 
|  91|0x000000008c500000, 0x000000008c500000, 0x000000008c600000|  0%| F|  |TAMS 0x000000008c500000, 0x000000008c500000| Untracked 
|  92|0x000000008c600000, 0x000000008c600000, 0x000000008c700000|  0%| F|  |TAMS 0x000000008c600000, 0x000000008c600000| Untracked 
|  93|0x000000008c700000, 0x000000008c700000, 0x000000008c800000|  0%| F|  |TAMS 0x000000008c700000, 0x000000008c700000| Untracked 
|  94|0x000000008c800000, 0x000000008c800000, 0x000000008c900000|  0%| F|  |TAMS 0x000000008c800000, 0x000000008c800000| Untracked 
|  95|0x000000008c900000, 0x000000008c900000, 0x000000008ca00000|  0%| F|  |TAMS 0x000000008c900000, 0x000000008c900000| Untracked 
|  96|0x000000008ca00000, 0x000000008ca00000, 0x000000008cb00000|  0%| F|  |TAMS 0x000000008ca00000, 0x000000008ca00000| Untracked 
|  97|0x000000008cb00000, 0x000000008cb00000, 0x000000008cc00000|  0%| F|  |TAMS 0x000000008cb00000, 0x000000008cb00000| Untracked 
|  98|0x000000008cc00000, 0x000000008cc00000, 0x000000008cd00000|  0%| F|  |TAMS 0x000000008cc00000, 0x000000008cc00000| Untracked 
|  99|0x000000008cd00000, 0x000000008cd00000, 0x000000008ce00000|  0%| F|  |TAMS 0x000000008cd00000, 0x000000008cd00000| Untracked 
| 100|0x000000008ce00000, 0x000000008ce00000, 0x000000008cf00000|  0%| F|  |TAMS 0x000000008ce00000, 0x000000008ce00000| Untracked 
| 101|0x000000008cf00000, 0x000000008cf00000, 0x000000008d000000|  0%| F|  |TAMS 0x000000008cf00000, 0x000000008cf00000| Untracked 
| 102|0x000000008d000000, 0x000000008d000000, 0x000000008d100000|  0%| F|  |TAMS 0x000000008d000000, 0x000000008d000000| Untracked 
| 103|0x000000008d100000, 0x000000008d100000, 0x000000008d200000|  0%| F|  |TAMS 0x000000008d100000, 0x000000008d100000| Untracked 
| 104|0x000000008d200000, 0x000000008d200000, 0x000000008d300000|  0%| F|  |TAMS 0x000000008d200000, 0x000000008d200000| Untracked 
| 105|0x000000008d300000, 0x000000008d300000, 0x000000008d400000|  0%| F|  |TAMS 0x000000008d300000, 0x000000008d300000| Untracked 
| 106|0x000000008d400000, 0x000000008d400000, 0x000000008d500000|  0%| F|  |TAMS 0x000000008d400000, 0x000000008d400000| Untracked 
| 107|0x000000008d500000, 0x000000008d500000, 0x000000008d600000|  0%| F|  |TAMS 0x000000008d500000, 0x000000008d500000| Untracked 
| 108|0x000000008d600000, 0x000000008d600000, 0x000000008d700000|  0%| F|  |TAMS 0x000000008d600000, 0x000000008d600000| Untracked 
| 109|0x000000008d700000, 0x000000008d7f6510, 0x000000008d800000| 96%| E|  |TAMS 0x000000008d700000, 0x000000008d700000| Complete 
| 110|0x000000008d800000, 0x000000008d900000, 0x000000008d900000|100%| E|CS|TAMS 0x000000008d800000, 0x000000008d800000| Complete 
| 111|0x000000008d900000, 0x000000008da00000, 0x000000008da00000|100%| E|CS|TAMS 0x000000008d900000, 0x000000008d900000| Complete 
| 112|0x000000008da00000, 0x000000008db00000, 0x000000008db00000|100%| E|CS|TAMS 0x000000008da00000, 0x000000008da00000| Complete 
| 113|0x000000008db00000, 0x000000008dc00000, 0x000000008dc00000|100%| E|CS|TAMS 0x000000008db00000, 0x000000008db00000| Complete 
| 114|0x000000008dc00000, 0x000000008dd00000, 0x000000008dd00000|100%| E|CS|TAMS 0x000000008dc00000, 0x000000008dc00000| Complete 
| 115|0x000000008dd00000, 0x000000008de00000, 0x000000008de00000|100%| E|CS|TAMS 0x000000008dd00000, 0x000000008dd00000| Complete 
| 116|0x000000008de00000, 0x000000008df00000, 0x000000008df00000|100%| E|CS|TAMS 0x000000008de00000, 0x000000008de00000| Complete 
| 117|0x000000008df00000, 0x000000008e000000, 0x000000008e000000|100%| E|CS|TAMS 0x000000008df00000, 0x000000008df00000| Complete 
| 118|0x000000008e000000, 0x000000008e100000, 0x000000008e100000|100%| E|CS|TAMS 0x000000008e000000, 0x000000008e000000| Complete 
| 119|0x000000008e100000, 0x000000008e200000, 0x000000008e200000|100%| E|CS|TAMS 0x000000008e100000, 0x000000008e100000| Complete 
| 120|0x000000008e200000, 0x000000008e300000, 0x000000008e300000|100%| E|CS|TAMS 0x000000008e200000, 0x000000008e200000| Complete 
| 121|0x000000008e300000, 0x000000008e400000, 0x000000008e400000|100%| E|CS|TAMS 0x000000008e300000, 0x000000008e300000| Complete 
|1940|0x00000000ffe00000, 0x00000000ffe48000, 0x00000000fff00000| 28%|OA|  |TAMS 0x00000000ffe00000, 0x00000000ffe00000| Untracked 
|1941|0x00000000fff00000, 0x00000000fff6c000, 0x0000000100000000| 42%|CA|  |TAMS 0x00000000fff00000, 0x00000000fff00000| Untracked 

Card table byte_map: [0x00007fd3c9cb4000,0x00007fd3ca07f000] _byte_map_base: 0x00007fd3c987f000

Marking Bits (Prev, Next): (CMBitMap*) 0x00007fd3c40583e8, (CMBitMap*) 0x00007fd3c4058420
 Prev Bits: [0x00007fd3a61a8000, 0x00007fd3a8000000)
 Next Bits: [0x00007fd3a4350000, 0x00007fd3a61a8000)

Polling page: 0x00007fd3cb470000

Metaspace:

Usage:
  Non-class:      5.70 MB capacity,     3.40 MB ( 60%) used,     2.29 MB ( 40%) free+waste,     5.62 KB ( <1%) overhead. 
      Class:    682.00 KB capacity,   422.45 KB ( 62%) used,   256.61 KB ( 38%) free+waste,     2.94 KB ( <1%) overhead. 
       Both:      6.36 MB capacity,     3.81 MB ( 60%) used,     2.54 MB ( 40%) free+waste,     8.56 KB ( <1%) overhead. 

Virtual space:
  Non-class space:        8.00 MB reserved,       5.75 MB ( 72%) committed 
      Class space:        1.00 GB reserved,     768.00 KB ( <1%) committed 
             Both:        1.01 GB reserved,       6.50 MB ( <1%) committed 

Chunk freelists:
   Non-Class:  53.00 KB
       Class:  22.00 KB
        Both:  75.00 KB

MaxMetaspaceSize: unlimited
CompressedClassSpaceSize: 1.00 GB
Initial GC threshold: 20.80 MB
Current GC threshold: 20.80 MB
CDS: on

CodeHeap 'non-profiled nmethods': size=119172Kb used=200Kb max_used=200Kb free=118971Kb
 bounds [0x00007fd3b437a000, 0x00007fd3b45ea000, 0x00007fd3bb7db000]
CodeHeap 'profiled nmethods': size=119168Kb used=1572Kb max_used=1572Kb free=117595Kb
 bounds [0x00007fd3acf1a000, 0x00007fd3ad18a000, 0x00007fd3b437a000]
CodeHeap 'non-nmethods': size=7420Kb used=2833Kb max_used=2850Kb free=4587Kb
 bounds [0x00007fd3ac7db000, 0x00007fd3acaab000, 0x00007fd3acf1a000]
 total_blobs=1221 nmethods=816 adapters=316
 compilation: enabled
              stopped_count=0, restarted_count=0
 full_count=0

Compilation events (20 events):
Event: 0.469 Thread 0x00007fd364001800 nmethod 807 0x00007fd3ad09ae90 code [0x00007fd3ad09b040, 0x00007fd3ad09b180]
Event: 0.469 Thread 0x00007fd3c41ab800  750       4       java.util.zip.ZipUtils::get16 (21 bytes)
Event: 0.469 Thread 0x00007fd364001800  810       3       java.lang.ClassLoader::getDefinedPackage (35 bytes)
Event: 0.469 Thread 0x00007fd364001800 nmethod 810 0x00007fd3ad09b210 code [0x00007fd3ad09b420, 0x00007fd3ad09b9c0]
Event: 0.469 Thread 0x00007fd364001800  811       3       java.util.jar.JavaUtilJarAccessImpl::getTrustedAttributes (6 bytes)
Event: 0.470 Thread 0x00007fd3c41ad800 nmethod 806 0x00007fd3ad09bb90 code [0x00007fd3ad09be60, 0x00007fd3ad09d160]
Event: 0.470 Thread 0x00007fd378075800 nmethod 808 0x00007fd3ad09d690 code [0x00007fd3ad09d940, 0x00007fd3ad09e4d0]
Event: 0.470 Thread 0x00007fd3c41ab800 nmethod 750 0x00007fd3b43abb90 code [0x00007fd3b43abd20, 0x00007fd3b43abdb8]
Event: 0.470 Thread 0x00007fd364001800 nmethod 811 0x00007fd3ad09e890 code [0x00007fd3ad09ea40, 0x00007fd3ad09eba0]
Event: 0.470 Thread 0x00007fd364001800  814       3       java.util.zip.ZipFile$Source::getEntryPos (9 bytes)
Event: 0.470 Thread 0x00007fd378075800  812       3       jdk.internal.loader.URLClassPath$JarLoader$2::getInputStream (15 bytes)
Event: 0.470 Thread 0x00007fd3c41ad800  813       3       jdk.internal.loader.URLClassPath$JarLoader$2::getBytes (48 bytes)
Event: 0.470 Thread 0x00007fd364001800 nmethod 814 0x00007fd3ad09ec90 code [0x00007fd3ad09ee40, 0x00007fd3ad09ef90]
Event: 0.470 Thread 0x00007fd378075800 nmethod 812 0x00007fd3ad09f090 code [0x00007fd3ad09f240, 0x00007fd3ad09f420]
Event: 0.471 Thread 0x00007fd3c41ad800 nmethod 813 0x00007fd3ad09f510 code [0x00007fd3ad09f720, 0x00007fd3ad09fd80]
Event: 0.471 Thread 0x00007fd378077800 nmethod 809 0x00007fd3ad0a0010 code [0x00007fd3ad0a0400, 0x00007fd3ad0a1ec0]
Event: 0.471 Thread 0x00007fd3c41ab800  815       4       java.lang.AbstractStringBuilder::<init> (39 bytes)
Event: 0.474 Thread 0x00007fd3c41ab800 nmethod 815 0x00007fd3b43abe90 code [0x00007fd3b43ac020, 0x00007fd3b43ac238]
Event: 0.487 Thread 0x00007fd364001800  816       3       org.antlr.v4.runtime.misc.Interval::of (54 bytes)
Event: 0.487 Thread 0x00007fd364001800 nmethod 816 0x00007fd3ad0a2790 code [0x00007fd3ad0a2980, 0x00007fd3ad0a2fb0]

GC Heap History (0 events):
No events

Deoptimization events (20 events):
Event: 0.301 Thread 0x00007fd3c4017800 DEOPT PACKING pc=0x00007fd3ad006708 sp=0x00007fd3cb5b90c0
Event: 0.301 Thread 0x00007fd3c4017800 DEOPT UNPACKING pc=0x00007fd3ac82564a sp=0x00007fd3cb5b8530 mode 0
Event: 0.312 Thread 0x00007fd3c4017800 DEOPT PACKING pc=0x00007fd3ad006708 sp=0x00007fd3cb5ba4e0
Event: 0.312 Thread 0x00007fd3c4017800 DEOPT UNPACKING pc=0x00007fd3ac82564a sp=0x00007fd3cb5b9950 mode 0
Event: 0.428 Thread 0x00007fd3c4017800 DEOPT PACKING pc=0x00007fd3ad006708 sp=0x00007fd3cb5ba8b0
Event: 0.428 Thread 0x00007fd3c4017800 DEOPT UNPACKING pc=0x00007fd3ac82564a sp=0x00007fd3cb5b9d20 mode 0
Event: 0.430 Thread 0x00007fd3c4017800 DEOPT PACKING pc=0x00007fd3ad006708 sp=0x00007fd3cb5ba360
Event: 0.430 Thread 0x00007fd3c4017800 DEOPT UNPACKING pc=0x00007fd3ac82564a sp=0x00007fd3cb5b97d0 mode 0
Event: 0.431 Thread 0x00007fd3c4017800 DEOPT PACKING pc=0x00007fd3acfeabc2 sp=0x00007fd3cb5ba6c0
Event: 0.431 Thread 0x00007fd3c4017800 DEOPT UNPACKING pc=0x00007fd3ac82564a sp=0x00007fd3cb5b9b48 mode 0
Event: 0.432 Thread 0x00007fd3c4017800 DEOPT PACKING pc=0x00007fd3ad006708 sp=0x00007fd3cb5ba360
Event: 0.432 Thread 0x00007fd3c4017800 DEOPT UNPACKING pc=0x00007fd3ac82564a sp=0x00007fd3cb5b97d0 mode 0
Event: 0.434 Thread 0x00007fd3c4017800 DEOPT PACKING pc=0x00007fd3acf5d84f sp=0x00007fd3cb5ba670
Event: 0.434 Thread 0x00007fd3c4017800 DEOPT UNPACKING pc=0x00007fd3ac82564a sp=0x00007fd3cb5b9b18 mode 0
Event: 0.435 Thread 0x00007fd3c4017800 DEOPT PACKING pc=0x00007fd3acf5d84f sp=0x00007fd3cb5ba6d0
Event: 0.435 Thread 0x00007fd3c4017800 DEOPT UNPACKING pc=0x00007fd3ac82564a sp=0x00007fd3cb5b9b78 mode 0
Event: 0.436 Thread 0x00007fd3c4017800 DEOPT PACKING pc=0x00007fd3acf5d84f sp=0x00007fd3cb5ba6d0
Event: 0.436 Thread 0x00007fd3c4017800 DEOPT UNPACKING pc=0x00007fd3ac82564a sp=0x00007fd3cb5b9b78 mode 0
Event: 0.437 Thread 0x00007fd3c4017800 DEOPT PACKING pc=0x00007fd3acf5d84f sp=0x00007fd3cb5ba6d0
Event: 0.437 Thread 0x00007fd3c4017800 DEOPT UNPACKING pc=0x00007fd3ac82564a sp=0x00007fd3cb5b9b78 mode 0

Classes redefined (0 events):
No events

Internal exceptions (20 events):
Event: 0.112 Thread 0x00007fd3c4017800 Exception <a 'java/security/PrivilegedActionException'{0x000000008e1b4a88}> (0x000000008e1b4a88) thrown at [src/hotspot/share/prims/jvm.cpp, line 1304]
Event: 0.112 Thread 0x00007fd3c4017800 Exception <a 'java/security/PrivilegedActionException'{0x000000008e1b4d58}> (0x000000008e1b4d58) thrown at [src/hotspot/share/prims/jvm.cpp, line 1304]
Event: 0.112 Thread 0x00007fd3c4017800 Exception <a 'java/security/PrivilegedActionException'{0x000000008e1b56c8}> (0x000000008e1b56c8) thrown at [src/hotspot/share/prims/jvm.cpp, line 1304]
Event: 0.112 Thread 0x00007fd3c4017800 Exception <a 'java/security/PrivilegedActionException'{0x000000008e1b5998}> (0x000000008e1b5998) thrown at [src/hotspot/share/prims/jvm.cpp, line 1304]
Event: 0.112 Thread 0x00007fd3c4017800 Exception <a 'java/security/PrivilegedActionException'{0x000000008e1b6308}> (0x000000008e1b6308) thrown at [src/hotspot/share/prims/jvm.cpp, line 1304]
Event: 0.112 Thread 0x00007fd3c4017800 Exception <a 'java/security/PrivilegedActionException'{0x000000008e1b65d8}> (0x000000008e1b65d8) thrown at [src/hotspot/share/prims/jvm.cpp, line 1304]
Event: 0.112 Thread 0x00007fd3c4017800 Exception <a 'java/security/PrivilegedActionException'{0x000000008e1b6f60}> (0x000000008e1b6f60) thrown at [src/hotspot/share/prims/jvm.cpp, line 1304]
Event: 0.112 Thread 0x00007fd3c4017800 Exception <a 'java/security/PrivilegedActionException'{0x000000008e1b7230}> (0x000000008e1b7230) thrown at [src/hotspot/share/prims/jvm.cpp, line 1304]
Event: 0.112 Thread 0x00007fd3c4017800 Exception <a 'java/security/PrivilegedActionException'{0x000000008e1b7bb8}> (0x000000008e1b7bb8) thrown at [src/hotspot/share/prims/jvm.cpp, line 1304]
Event: 0.112 Thread 0x00007fd3c4017800 Exception <a 'java/security/PrivilegedActionException'{0x000000008e1b7e88}> (0x000000008e1b7e88) thrown at [src/hotspot/share/prims/jvm.cpp, line 1304]
Event: 0.112 Thread 0x00007fd3c4017800 Exception <a 'java/security/PrivilegedActionException'{0x000000008e1b8810}> (0x000000008e1b8810) thrown at [src/hotspot/share/prims/jvm.cpp, line 1304]
Event: 0.112 Thread 0x00007fd3c4017800 Exception <a 'java/security/PrivilegedActionException'{0x000000008e1b8ae0}> (0x000000008e1b8ae0) thrown at [src/hotspot/share/prims/jvm.cpp, line 1304]
Event: 0.112 Thread 0x00007fd3c4017800 Exception <a 'java/security/PrivilegedActionException'{0x000000008e1b9450}> (0x000000008e1b9450) thrown at [src/hotspot/share/prims/jvm.cpp, line 1304]
Event: 0.112 Thread 0x00007fd3c4017800 Exception <a 'java/security/PrivilegedActionException'{0x000000008e1b9720}> (0x000000008e1b9720) thrown at [src/hotspot/share/prims/jvm.cpp, line 1304]
Event: 0.112 Thread 0x00007fd3c4017800 Exception <a 'java/security/PrivilegedActionException'{0x000000008e1ba0a8}> (0x000000008e1ba0a8) thrown at [src/hotspot/share/prims/jvm.cpp, line 1304]
Event: 0.112 Thread 0x00007fd3c4017800 Exception <a 'java/security/PrivilegedActionException'{0x000000008e1ba378}> (0x000000008e1ba378) thrown at [src/hotspot/share/prims/jvm.cpp, line 1304]
Event: 0.251 Thread 0x00007fd3c4017800 Exception <a 'java/lang/NoSuchMethodError'{0x000000008db1bf98}: 'int java.lang.invoke.DirectMethodHandle$Holder.invokeStaticInit(java.lang.Object, java.lang.Object, java.lang.Object, java.lang.Object)'> (0x000000008db1bf98) thrown at [src/hotspot/share/interpreter/linkResolver.cpp, line 772]
Event: 0.252 Thread 0x00007fd3c4017800 Exception <a 'java/lang/IncompatibleClassChangeError'{0x000000008db25d18}: Found class java.lang.Object, but interface was expected> (0x000000008db25d18) thrown at [src/hotspot/share/interpreter/linkResolver.cpp, line 839]
Event: 0.253 Thread 0x00007fd3c4017800 Exception <a 'java/lang/NoSuchMethodError'{0x000000008db28ec8}: 'void java.lang.invoke.DirectMethodHandle$Holder.invokeStaticInit(java.lang.Object, java.lang.Object)'> (0x000000008db28ec8) thrown at [src/hotspot/share/interpreter/linkResolver.cpp, line 772]
Event: 0.254 Thread 0x00007fd3c4017800 Exception <a 'java/lang/NoSuchMethodError'{0x000000008db2e338}: 'int java.lang.invoke.DirectMethodHandle$Holder.invokeStaticInit(java.lang.Object, java.lang.Object)'> (0x000000008db2e338) thrown at [src/hotspot/share/interpreter/linkResolver.cpp, line 772]

Events (20 events):
Event: 0.472 loading class org/bytedeco/llvm/LLVM/LLVMObjectFileRef
Event: 0.472 loading class org/bytedeco/llvm/LLVM/LLVMObjectFileRef done
Event: 0.472 loading class org/bytedeco/llvm/LLVM/LLVMTargetRef
Event: 0.472 loading class org/bytedeco/llvm/LLVM/LLVMTargetRef done
Event: 0.472 loading class org/bytedeco/llvm/LLVM/LLVMPassManagerBuilderRef
Event: 0.472 loading class org/bytedeco/llvm/LLVM/LLVMPassManagerBuilderRef done
Event: 0.472 loading class org/bytedeco/llvm/LLVM/LLVMPassBuilderOptionsRef
Event: 0.472 loading class org/bytedeco/llvm/LLVM/LLVMPassBuilderOptionsRef done
Event: 0.472 loading class org/bytedeco/llvm/LLVM/Pass
Event: 0.472 loading class org/bytedeco/llvm/LLVM/Pass done
Event: 0.472 loading class org/bytedeco/llvm/LLVM/LLVMNamedMDNodeRef
Event: 0.472 loading class org/bytedeco/llvm/LLVM/LLVMNamedMDNodeRef done
Event: 0.472 loading class org/bytedeco/llvm/LLVM/LLVMUseRef
Event: 0.472 loading class org/bytedeco/llvm/LLVM/LLVMUseRef done
Event: 0.476 loading class java/util/Stack
Event: 0.476 loading class java/util/Stack done
Event: 0.476 Executing VM operation: Deoptimize
Event: 0.476 Executing VM operation: Deoptimize done
Event: 0.477 loading class Scope
Event: 0.477 loading class Scope done


Dynamic libraries:
86a00000-8e400000 rw-p 00000000 00:00 0 
8e400000-ffe00000 ---p 00000000 00:00 0 
ffe00000-ffe48000 rw-p 00b14000 08:20 43898                              /usr/lib/jvm/java-11-openjdk-amd64/lib/server/classes.jsa
ffe48000-fff00000 rw-p 00000000 00:00 0 
fff00000-fff6c000 rw-p 00aa8000 08:20 43898                              /usr/lib/jvm/java-11-openjdk-amd64/lib/server/classes.jsa
fff6c000-100000000 rw-p 00000000 00:00 0 
800000000-800002000 rwxp 00001000 08:20 43898                            /usr/lib/jvm/java-11-openjdk-amd64/lib/server/classes.jsa
800002000-8003ce000 rw-p 00003000 08:20 43898                            /usr/lib/jvm/java-11-openjdk-amd64/lib/server/classes.jsa
8003ce000-800aa6000 r--p 003cf000 08:20 43898                            /usr/lib/jvm/java-11-openjdk-amd64/lib/server/classes.jsa
800aa6000-800aa7000 rw-p 00aa7000 08:20 43898                            /usr/lib/jvm/java-11-openjdk-amd64/lib/server/classes.jsa
840000000-8400c0000 rw-p 00000000 00:00 0 
8400c0000-880000000 ---p 00000000 00:00 0 
561e3f7c2000-561e3f7c3000 r--p 00000000 08:20 47754                      /usr/lib/jvm/java-11-openjdk-amd64/bin/java
561e3f7c3000-561e3f7c4000 r-xp 00001000 08:20 47754                      /usr/lib/jvm/java-11-openjdk-amd64/bin/java
561e3f7c4000-561e3f7c5000 r--p 00002000 08:20 47754                      /usr/lib/jvm/java-11-openjdk-amd64/bin/java
561e3f7c5000-561e3f7c6000 r--p 00002000 08:20 47754                      /usr/lib/jvm/java-11-openjdk-amd64/bin/java
561e3f7c6000-561e3f7c7000 rw-p 00003000 08:20 47754                      /usr/lib/jvm/java-11-openjdk-amd64/bin/java
561e40a02000-561e40a23000 rw-p 00000000 00:00 0                          [heap]
7fd34552c000-7fd345e52000 r--p 00000000 08:20 84032                      /home/w/.javacpp/cache/llvm-13.0.1-1.5.7-linux-x86_64.jar/org/bytedeco/llvm/linux-x86_64/libLLVM-13.so
7fd345e52000-7fd349815000 r-xp 00926000 08:20 84032                      /home/w/.javacpp/cache/llvm-13.0.1-1.5.7-linux-x86_64.jar/org/bytedeco/llvm/linux-x86_64/libLLVM-13.so
7fd349815000-7fd34ba6a000 r--p 042e9000 08:20 84032                      /home/w/.javacpp/cache/llvm-13.0.1-1.5.7-linux-x86_64.jar/org/bytedeco/llvm/linux-x86_64/libLLVM-13.so
7fd34ba6a000-7fd34bf7f000 r--p 0653d000 08:20 84032                      /home/w/.javacpp/cache/llvm-13.0.1-1.5.7-linux-x86_64.jar/org/bytedeco/llvm/linux-x86_64/libLLVM-13.so
7fd34bf7f000-7fd34bf8a000 rw-p 06a52000 08:20 84032                      /home/w/.javacpp/cache/llvm-13.0.1-1.5.7-linux-x86_64.jar/org/bytedeco/llvm/linux-x86_64/libLLVM-13.so
7fd34bf8a000-7fd34c000000 rw-p 00000000 00:00 0 
7fd34c000000-7fd34c021000 rw-p 00000000 00:00 0 
7fd34c021000-7fd350000000 ---p 00000000 00:00 0 
7fd354000000-7fd354021000 rw-p 00000000 00:00 0 
7fd354021000-7fd358000000 ---p 00000000 00:00 0 
7fd358000000-7fd358021000 rw-p 00000000 00:00 0 
7fd358021000-7fd35c000000 ---p 00000000 00:00 0 
7fd35c000000-7fd35c086000 rw-p 00000000 00:00 0 
7fd35c086000-7fd360000000 ---p 00000000 00:00 0 
7fd360000000-7fd3600ed000 rw-p 00000000 00:00 0 
7fd3600ed000-7fd364000000 ---p 00000000 00:00 0 
7fd364000000-7fd3642d5000 rw-p 00000000 00:00 0 
7fd3642d5000-7fd368000000 ---p 00000000 00:00 0 
7fd368000000-7fd368051000 rw-p 00000000 00:00 0 
7fd368051000-7fd36c000000 ---p 00000000 00:00 0 
7fd36c000000-7fd36c021000 rw-p 00000000 00:00 0 
7fd36c021000-7fd370000000 ---p 00000000 00:00 0 
7fd370000000-7fd370021000 rw-p 00000000 00:00 0 
7fd370021000-7fd374000000 ---p 00000000 00:00 0 
7fd374000000-7fd374159000 rw-p 00000000 00:00 0 
7fd374159000-7fd378000000 ---p 00000000 00:00 0 
7fd378000000-7fd37810a000 rw-p 00000000 00:00 0 
7fd37810a000-7fd37c000000 ---p 00000000 00:00 0 
7fd37c000000-7fd37c021000 rw-p 00000000 00:00 0 
7fd37c021000-7fd380000000 ---p 00000000 00:00 0 
7fd380000000-7fd380021000 rw-p 00000000 00:00 0 
7fd380021000-7fd384000000 ---p 00000000 00:00 0 
7fd384000000-7fd384021000 rw-p 00000000 00:00 0 
7fd384021000-7fd388000000 ---p 00000000 00:00 0 
7fd388000000-7fd388021000 rw-p 00000000 00:00 0 
7fd388021000-7fd38c000000 ---p 00000000 00:00 0 
7fd38c000000-7fd38c021000 rw-p 00000000 00:00 0 
7fd38c021000-7fd390000000 ---p 00000000 00:00 0 
7fd390000000-7fd390021000 rw-p 00000000 00:00 0 
7fd390021000-7fd394000000 ---p 00000000 00:00 0 
7fd394000000-7fd394021000 rw-p 00000000 00:00 0 
7fd394021000-7fd398000000 ---p 00000000 00:00 0 
7fd398000000-7fd398021000 rw-p 00000000 00:00 0 
7fd398021000-7fd39c000000 ---p 00000000 00:00 0 
7fd39d2f6000-7fd39d35b000 r--p 00000000 08:20 84037                      /home/w/.javacpp/cache/llvm-13.0.1-1.5.7-linux-x86_64.jar/org/bytedeco/llvm/linux-x86_64/libjniLLVM.so
7fd39d35b000-7fd39d3c9000 r-xp 00065000 08:20 84037                      /home/w/.javacpp/cache/llvm-13.0.1-1.5.7-linux-x86_64.jar/org/bytedeco/llvm/linux-x86_64/libjniLLVM.so
7fd39d3c9000-7fd39d3f4000 r--p 000d3000 08:20 84037                      /home/w/.javacpp/cache/llvm-13.0.1-1.5.7-linux-x86_64.jar/org/bytedeco/llvm/linux-x86_64/libjniLLVM.so
7fd39d3f4000-7fd39d3f7000 r--p 000fd000 08:20 84037                      /home/w/.javacpp/cache/llvm-13.0.1-1.5.7-linux-x86_64.jar/org/bytedeco/llvm/linux-x86_64/libjniLLVM.so
7fd39d3f7000-7fd39d3fa000 rw-p 00100000 08:20 84037                      /home/w/.javacpp/cache/llvm-13.0.1-1.5.7-linux-x86_64.jar/org/bytedeco/llvm/linux-x86_64/libjniLLVM.so
7fd39d3fa000-7fd39d3fc000 rw-p 00000000 00:00 0 
7fd39d3fc000-7fd39d400000 ---p 00000000 00:00 0 
7fd39d400000-7fd39d4fd000 rw-p 00000000 00:00 0 
7fd39d4fd000-7fd39d4fe000 ---p 00000000 00:00 0 
7fd39d4fe000-7fd39d5fe000 rw-p 00000000 00:00 0 
7fd39d5fe000-7fd39d602000 ---p 00000000 00:00 0 
7fd39d602000-7fd39d6ff000 rw-p 00000000 00:00 0 
7fd39d6ff000-7fd39d703000 ---p 00000000 00:00 0 
7fd39d703000-7fd39ddc0000 rw-p 00000000 00:00 0 
7fd39ddc0000-7fd39e000000 ---p 00000000 00:00 0 
7fd39e000000-7fd3a0000000 rw-p 00000000 00:00 0 
7fd3a0000000-7fd3a0021000 rw-p 00000000 00:00 0 
7fd3a0021000-7fd3a4000000 ---p 00000000 00:00 0 
7fd3a404d000-7fd3a4051000 ---p 00000000 00:00 0 
7fd3a4051000-7fd3a414e000 rw-p 00000000 00:00 0 
7fd3a414e000-7fd3a4152000 ---p 00000000 00:00 0 
7fd3a4152000-7fd3a424f000 rw-p 00000000 00:00 0 
7fd3a424f000-7fd3a4253000 ---p 00000000 00:00 0 
7fd3a4253000-7fd3a4538000 rw-p 00000000 00:00 0 
7fd3a4538000-7fd3a61a0000 ---p 00000000 00:00 0 
7fd3a61a0000-7fd3a6390000 rw-p 00000000 00:00 0 
7fd3a6390000-7fd3a7ff8000 ---p 00000000 00:00 0 
7fd3a7ff8000-7fd3a8000000 rw-p 00000000 00:00 0 
7fd3a8000000-7fd3a8021000 rw-p 00000000 00:00 0 
7fd3a8021000-7fd3ac000000 ---p 00000000 00:00 0 
7fd3ac010000-7fd3ac014000 r--p 00000000 08:20 47903                      /usr/lib/jvm/java-11-openjdk-amd64/lib/libnet.so
7fd3ac014000-7fd3ac022000 r-xp 00004000 08:20 47903                      /usr/lib/jvm/java-11-openjdk-amd64/lib/libnet.so
7fd3ac022000-7fd3ac026000 r--p 00012000 08:20 47903                      /usr/lib/jvm/java-11-openjdk-amd64/lib/libnet.so
7fd3ac026000-7fd3ac027000 r--p 00015000 08:20 47903                      /usr/lib/jvm/java-11-openjdk-amd64/lib/libnet.so
7fd3ac027000-7fd3ac028000 rw-p 00016000 08:20 47903                      /usr/lib/jvm/java-11-openjdk-amd64/lib/libnet.so
7fd3ac039000-7fd3ac03a000 r--p 00000000 08:20 84035                      /home/w/.javacpp/cache/llvm-13.0.1-1.5.7-linux-x86_64.jar/org/bytedeco/llvm/linux-x86_64/libRemarks.so.13
7fd3ac03a000-7fd3ac03b000 r-xp 00001000 08:20 84035                      /home/w/.javacpp/cache/llvm-13.0.1-1.5.7-linux-x86_64.jar/org/bytedeco/llvm/linux-x86_64/libRemarks.so.13
7fd3ac03b000-7fd3ac03c000 r--p 00002000 08:20 84035                      /home/w/.javacpp/cache/llvm-13.0.1-1.5.7-linux-x86_64.jar/org/bytedeco/llvm/linux-x86_64/libRemarks.so.13
7fd3ac03c000-7fd3ac03d000 r--p 00002000 08:20 84035                      /home/w/.javacpp/cache/llvm-13.0.1-1.5.7-linux-x86_64.jar/org/bytedeco/llvm/linux-x86_64/libRemarks.so.13
7fd3ac03d000-7fd3ac03e000 rw-p 00003000 08:20 84035                      /home/w/.javacpp/cache/llvm-13.0.1-1.5.7-linux-x86_64.jar/org/bytedeco/llvm/linux-x86_64/libRemarks.so.13
7fd3ac03e000-7fd3ac045000 r--p 00000000 08:20 84033                      /home/w/.javacpp/cache/llvm-13.0.1-1.5.7-linux-x86_64.jar/org/bytedeco/llvm/linux-x86_64/libLTO.so.13
7fd3ac045000-7fd3ac04d000 r-xp 00007000 08:20 84033                      /home/w/.javacpp/cache/llvm-13.0.1-1.5.7-linux-x86_64.jar/org/bytedeco/llvm/linux-x86_64/libLTO.so.13
7fd3ac04d000-7fd3ac04f000 r--p 0000f000 08:20 84033                      /home/w/.javacpp/cache/llvm-13.0.1-1.5.7-linux-x86_64.jar/org/bytedeco/llvm/linux-x86_64/libLTO.so.13
7fd3ac04f000-7fd3ac050000 r--p 00010000 08:20 84033                      /home/w/.javacpp/cache/llvm-13.0.1-1.5.7-linux-x86_64.jar/org/bytedeco/llvm/linux-x86_64/libLTO.so.13
7fd3ac050000-7fd3ac051000 rw-p 00011000 08:20 84033                      /home/w/.javacpp/cache/llvm-13.0.1-1.5.7-linux-x86_64.jar/org/bytedeco/llvm/linux-x86_64/libLTO.so.13
7fd3ac051000-7fd3ac055000 r--p 00000000 08:20 84026                      /home/w/.javacpp/cache/javacpp-1.5.7-linux-x86_64.jar/org/bytedeco/javacpp/linux-x86_64/libjnijavacpp.so
7fd3ac055000-7fd3ac05c000 r-xp 00004000 08:20 84026                      /home/w/.javacpp/cache/javacpp-1.5.7-linux-x86_64.jar/org/bytedeco/javacpp/linux-x86_64/libjnijavacpp.so
7fd3ac05c000-7fd3ac060000 r--p 0000b000 08:20 84026                      /home/w/.javacpp/cache/javacpp-1.5.7-linux-x86_64.jar/org/bytedeco/javacpp/linux-x86_64/libjnijavacpp.so
7fd3ac060000-7fd3ac061000 r--p 0000e000 08:20 84026                      /home/w/.javacpp/cache/javacpp-1.5.7-linux-x86_64.jar/org/bytedeco/javacpp/linux-x86_64/libjnijavacpp.so
7fd3ac061000-7fd3ac062000 rw-p 0000f000 08:20 84026                      /home/w/.javacpp/cache/javacpp-1.5.7-linux-x86_64.jar/org/bytedeco/javacpp/linux-x86_64/libjnijavacpp.so
7fd3ac062000-7fd3ac066000 ---p 00000000 00:00 0 
7fd3ac066000-7fd3ac163000 rw-p 00000000 00:00 0 
7fd3ac163000-7fd3ac167000 ---p 00000000 00:00 0 
7fd3ac167000-7fd3ac264000 rw-p 00000000 00:00 0 
7fd3ac264000-7fd3ac268000 ---p 00000000 00:00 0 
7fd3ac268000-7fd3ac365000 rw-p 00000000 00:00 0 
7fd3ac365000-7fd3ac369000 ---p 00000000 00:00 0 
7fd3ac369000-7fd3ac466000 rw-p 00000000 00:00 0 
7fd3ac466000-7fd3ac46a000 ---p 00000000 00:00 0 
7fd3ac46a000-7fd3ac567000 rw-p 00000000 00:00 0 
7fd3ac567000-7fd3ac56b000 ---p 00000000 00:00 0 
7fd3ac56b000-7fd3ac668000 rw-p 00000000 00:00 0 
7fd3ac668000-7fd3ac7db000 r--p 00000000 08:20 22157                      /usr/lib/locale/C.UTF-8/LC_COLLATE
7fd3ac7db000-7fd3acaab000 rwxp 00000000 00:00 0 
7fd3acaab000-7fd3acf1a000 ---p 00000000 00:00 0 
7fd3acf1a000-7fd3ad18a000 rwxp 00000000 00:00 0 
7fd3ad18a000-7fd3b437a000 ---p 00000000 00:00 0 
7fd3b437a000-7fd3b45ea000 rwxp 00000000 00:00 0 
7fd3b45ea000-7fd3bb7db000 ---p 00000000 00:00 0 
7fd3bb7db000-7fd3c4000000 r--s 00000000 08:20 47913                      /usr/lib/jvm/java-11-openjdk-amd64/lib/modules
7fd3c4000000-7fd3c4443000 rw-p 00000000 00:00 0 
7fd3c4443000-7fd3c8000000 ---p 00000000 00:00 0 
7fd3c8001000-7fd3c8002000 r--p 00000000 08:20 47885                      /usr/lib/jvm/java-11-openjdk-amd64/lib/libextnet.so
7fd3c8002000-7fd3c8003000 r-xp 00001000 08:20 47885                      /usr/lib/jvm/java-11-openjdk-amd64/lib/libextnet.so
7fd3c8003000-7fd3c8004000 r--p 00002000 08:20 47885                      /usr/lib/jvm/java-11-openjdk-amd64/lib/libextnet.so
7fd3c8004000-7fd3c8005000 r--p 00002000 08:20 47885                      /usr/lib/jvm/java-11-openjdk-amd64/lib/libextnet.so
7fd3c8005000-7fd3c8006000 rw-p 00003000 08:20 47885                      /usr/lib/jvm/java-11-openjdk-amd64/lib/libextnet.so
7fd3c8006000-7fd3c800d000 r--p 00000000 08:20 47904                      /usr/lib/jvm/java-11-openjdk-amd64/lib/libnio.so
7fd3c800d000-7fd3c8015000 r-xp 00007000 08:20 47904                      /usr/lib/jvm/java-11-openjdk-amd64/lib/libnio.so
7fd3c8015000-7fd3c8018000 r--p 0000f000 08:20 47904                      /usr/lib/jvm/java-11-openjdk-amd64/lib/libnio.so
7fd3c8018000-7fd3c8019000 r--p 00011000 08:20 47904                      /usr/lib/jvm/java-11-openjdk-amd64/lib/libnio.so
7fd3c8019000-7fd3c801a000 rw-p 00012000 08:20 47904                      /usr/lib/jvm/java-11-openjdk-amd64/lib/libnio.so
7fd3c801a000-7fd3c804c000 r--p 00000000 08:20 22158                      /usr/lib/locale/C.UTF-8/LC_CTYPE
7fd3c804c000-7fd3c804d000 r--p 00000000 08:20 22164                      /usr/lib/locale/C.UTF-8/LC_NUMERIC
7fd3c804d000-7fd3c804e000 r--p 00000000 08:20 22167                      /usr/lib/locale/C.UTF-8/LC_TIME
7fd3c804e000-7fd3c804f000 r--p 00000000 08:20 22162                      /usr/lib/locale/C.UTF-8/LC_MONETARY
7fd3c804f000-7fd3c8050000 r--p 00000000 08:20 22161                      /usr/lib/locale/C.UTF-8/LC_MESSAGES/SYS_LC_MESSAGES
7fd3c8050000-7fd3c8051000 r--p 00000000 08:20 22165                      /usr/lib/locale/C.UTF-8/LC_PAPER
7fd3c8051000-7fd3c8052000 r--p 00000000 08:20 22163                      /usr/lib/locale/C.UTF-8/LC_NAME
7fd3c8052000-7fd3c8059000 r--s 00000000 08:20 42067                      /usr/lib/x86_64-linux-gnu/gconv/gconv-modules.cache
7fd3c8059000-7fd3c833f000 r--p 00000000 08:20 2680                       /usr/lib/locale/locale-archive
7fd3c833f000-7fd3c8343000 ---p 00000000 00:00 0 
7fd3c8343000-7fd3c8440000 rw-p 00000000 00:00 0 
7fd3c8440000-7fd3c8444000 ---p 00000000 00:00 0 
7fd3c8444000-7fd3c8541000 rw-p 00000000 00:00 0 
7fd3c8541000-7fd3c8542000 ---p 00000000 00:00 0 
7fd3c8542000-7fd3c871e000 rw-p 00000000 00:00 0 
7fd3c871e000-7fd3c871f000 ---p 00000000 00:00 0 
7fd3c871f000-7fd3c881f000 rw-p 00000000 00:00 0 
7fd3c881f000-7fd3c8820000 ---p 00000000 00:00 0 
7fd3c8820000-7fd3c962d000 rw-p 00000000 00:00 0 
7fd3c962d000-7fd3c962e000 ---p 00000000 00:00 0 
7fd3c962e000-7fd3c972e000 rw-p 00000000 00:00 0 
7fd3c972e000-7fd3c972f000 ---p 00000000 00:00 0 
7fd3c972f000-7fd3c9926000 rw-p 00000000 00:00 0 
7fd3c9926000-7fd3c9cb3000 ---p 00000000 00:00 0 
7fd3c9cb3000-7fd3c9cf1000 rw-p 00000000 00:00 0 
7fd3c9cf1000-7fd3ca07e000 ---p 00000000 00:00 0 
7fd3ca07e000-7fd3ca0bc000 rw-p 00000000 00:00 0 
7fd3ca0bc000-7fd3ca449000 ---p 00000000 00:00 0 
7fd3ca449000-7fd3cb157000 rw-p 00000000 00:00 0 
7fd3cb157000-7fd3cb158000 ---p 00000000 00:00 0 
7fd3cb158000-7fd3cb25d000 rw-p 00000000 00:00 0 
7fd3cb25d000-7fd3cb341000 ---p 00000000 00:00 0 
7fd3cb341000-7fd3cb346000 rw-p 00000000 00:00 0 
7fd3cb346000-7fd3cb42a000 ---p 00000000 00:00 0 
7fd3cb42a000-7fd3cb430000 rw-p 00000000 00:00 0 
7fd3cb430000-7fd3cb439000 ---p 00000000 00:00 0 
7fd3cb439000-7fd3cb43b000 r--p 00000000 08:20 47912                      /usr/lib/jvm/java-11-openjdk-amd64/lib/libzip.so
7fd3cb43b000-7fd3cb440000 r-xp 00002000 08:20 47912                      /usr/lib/jvm/java-11-openjdk-amd64/lib/libzip.so
7fd3cb440000-7fd3cb442000 r--p 00007000 08:20 47912                      /usr/lib/jvm/java-11-openjdk-amd64/lib/libzip.so
7fd3cb442000-7fd3cb443000 r--p 00008000 08:20 47912                      /usr/lib/jvm/java-11-openjdk-amd64/lib/libzip.so
7fd3cb443000-7fd3cb444000 rw-p 00009000 08:20 47912                      /usr/lib/jvm/java-11-openjdk-amd64/lib/libzip.so
7fd3cb444000-7fd3cb447000 r--p 00000000 08:20 41808                      /usr/lib/x86_64-linux-gnu/libnss_files-2.31.so
7fd3cb447000-7fd3cb44e000 r-xp 00003000 08:20 41808                      /usr/lib/x86_64-linux-gnu/libnss_files-2.31.so
7fd3cb44e000-7fd3cb450000 r--p 0000a000 08:20 41808                      /usr/lib/x86_64-linux-gnu/libnss_files-2.31.so
7fd3cb450000-7fd3cb451000 r--p 0000b000 08:20 41808                      /usr/lib/x86_64-linux-gnu/libnss_files-2.31.so
7fd3cb451000-7fd3cb452000 rw-p 0000c000 08:20 41808                      /usr/lib/x86_64-linux-gnu/libnss_files-2.31.so
7fd3cb452000-7fd3cb458000 rw-p 00000000 00:00 0 
7fd3cb458000-7fd3cb459000 r--p 00000000 08:20 22156                      /usr/lib/locale/C.UTF-8/LC_ADDRESS
7fd3cb459000-7fd3cb45a000 r--p 00000000 08:20 22166                      /usr/lib/locale/C.UTF-8/LC_TELEPHONE
7fd3cb45a000-7fd3cb462000 rw-s 00000000 08:20 84175                      /tmp/hsperfdata_w/265857
7fd3cb462000-7fd3cb464000 r--p 00000000 08:20 47887                      /usr/lib/jvm/java-11-openjdk-amd64/lib/libinstrument.so
7fd3cb464000-7fd3cb46b000 r-xp 00002000 08:20 47887                      /usr/lib/jvm/java-11-openjdk-amd64/lib/libinstrument.so
7fd3cb46b000-7fd3cb46e000 r--p 00009000 08:20 47887                      /usr/lib/jvm/java-11-openjdk-amd64/lib/libinstrument.so
7fd3cb46e000-7fd3cb46f000 r--p 0000b000 08:20 47887                      /usr/lib/jvm/java-11-openjdk-amd64/lib/libinstrument.so
7fd3cb46f000-7fd3cb470000 rw-p 0000c000 08:20 47887                      /usr/lib/jvm/java-11-openjdk-amd64/lib/libinstrument.so
7fd3cb470000-7fd3cb471000 ---p 00000000 00:00 0 
7fd3cb471000-7fd3cb472000 r--p 00000000 00:00 0 
7fd3cb472000-7fd3cb480000 r--p 00000000 08:20 47892                      /usr/lib/jvm/java-11-openjdk-amd64/lib/libjava.so
7fd3cb480000-7fd3cb496000 r-xp 0000e000 08:20 47892                      /usr/lib/jvm/java-11-openjdk-amd64/lib/libjava.so
7fd3cb496000-7fd3cb49d000 r--p 00024000 08:20 47892                      /usr/lib/jvm/java-11-openjdk-amd64/lib/libjava.so
7fd3cb49d000-7fd3cb49e000 r--p 0002a000 08:20 47892                      /usr/lib/jvm/java-11-openjdk-amd64/lib/libjava.so
7fd3cb49e000-7fd3cb49f000 rw-p 0002b000 08:20 47892                      /usr/lib/jvm/java-11-openjdk-amd64/lib/libjava.so
7fd3cb49f000-7fd3cb4a0000 rw-p 00000000 00:00 0 
7fd3cb4a0000-7fd3cb4a5000 r--p 00000000 08:20 47911                      /usr/lib/jvm/java-11-openjdk-amd64/lib/libverify.so
7fd3cb4a5000-7fd3cb4ac000 r-xp 00005000 08:20 47911                      /usr/lib/jvm/java-11-openjdk-amd64/lib/libverify.so
7fd3cb4ac000-7fd3cb4ae000 r--p 0000c000 08:20 47911                      /usr/lib/jvm/java-11-openjdk-amd64/lib/libverify.so
7fd3cb4ae000-7fd3cb4af000 ---p 0000e000 08:20 47911                      /usr/lib/jvm/java-11-openjdk-amd64/lib/libverify.so
7fd3cb4af000-7fd3cb4b1000 r--p 0000e000 08:20 47911                      /usr/lib/jvm/java-11-openjdk-amd64/lib/libverify.so
7fd3cb4b1000-7fd3cb4b2000 rw-p 00010000 08:20 47911                      /usr/lib/jvm/java-11-openjdk-amd64/lib/libverify.so
7fd3cb4b2000-7fd3cb4b4000 r--p 00000000 08:20 41815                      /usr/lib/x86_64-linux-gnu/librt-2.31.so
7fd3cb4b4000-7fd3cb4b8000 r-xp 00002000 08:20 41815                      /usr/lib/x86_64-linux-gnu/librt-2.31.so
7fd3cb4b8000-7fd3cb4ba000 r--p 00006000 08:20 41815                      /usr/lib/x86_64-linux-gnu/librt-2.31.so
7fd3cb4ba000-7fd3cb4bb000 r--p 00007000 08:20 41815                      /usr/lib/x86_64-linux-gnu/librt-2.31.so
7fd3cb4bb000-7fd3cb4bc000 rw-p 00008000 08:20 41815                      /usr/lib/x86_64-linux-gnu/librt-2.31.so
7fd3cb4bc000-7fd3cb4c0000 ---p 00000000 00:00 0 
7fd3cb4c0000-7fd3cb5bd000 rw-p 00000000 00:00 0 
7fd3cb5bd000-7fd3cb5c0000 r--p 00000000 08:20 41776                      /usr/lib/x86_64-linux-gnu/libgcc_s.so.1
7fd3cb5c0000-7fd3cb5d2000 r-xp 00003000 08:20 41776                      /usr/lib/x86_64-linux-gnu/libgcc_s.so.1
7fd3cb5d2000-7fd3cb5d6000 r--p 00015000 08:20 41776                      /usr/lib/x86_64-linux-gnu/libgcc_s.so.1
7fd3cb5d6000-7fd3cb5d7000 r--p 00018000 08:20 41776                      /usr/lib/x86_64-linux-gnu/libgcc_s.so.1
7fd3cb5d7000-7fd3cb5d8000 rw-p 00019000 08:20 41776                      /usr/lib/x86_64-linux-gnu/libgcc_s.so.1
7fd3cb5d8000-7fd3cb5e5000 r--p 00000000 08:20 41802                      /usr/lib/x86_64-linux-gnu/libm-2.31.so
7fd3cb5e5000-7fd3cb68c000 r-xp 0000d000 08:20 41802                      /usr/lib/x86_64-linux-gnu/libm-2.31.so
7fd3cb68c000-7fd3cb725000 r--p 000b4000 08:20 41802                      /usr/lib/x86_64-linux-gnu/libm-2.31.so
7fd3cb725000-7fd3cb726000 r--p 0014c000 08:20 41802                      /usr/lib/x86_64-linux-gnu/libm-2.31.so
7fd3cb726000-7fd3cb727000 rw-p 0014d000 08:20 41802                      /usr/lib/x86_64-linux-gnu/libm-2.31.so
7fd3cb727000-7fd3cb7bd000 r--p 00000000 08:20 40202                      /usr/lib/x86_64-linux-gnu/libstdc++.so.6.0.28
7fd3cb7bd000-7fd3cb8ae000 r-xp 00096000 08:20 40202                      /usr/lib/x86_64-linux-gnu/libstdc++.so.6.0.28
7fd3cb8ae000-7fd3cb8f7000 r--p 00187000 08:20 40202                      /usr/lib/x86_64-linux-gnu/libstdc++.so.6.0.28
7fd3cb8f7000-7fd3cb8f8000 ---p 001d0000 08:20 40202                      /usr/lib/x86_64-linux-gnu/libstdc++.so.6.0.28
7fd3cb8f8000-7fd3cb903000 r--p 001d0000 08:20 40202                      /usr/lib/x86_64-linux-gnu/libstdc++.so.6.0.28
7fd3cb903000-7fd3cb906000 rw-p 001db000 08:20 40202                      /usr/lib/x86_64-linux-gnu/libstdc++.so.6.0.28
7fd3cb906000-7fd3cb909000 rw-p 00000000 00:00 0 
7fd3cb909000-7fd3cbb8b000 r--p 00000000 08:20 47918                      /usr/lib/jvm/java-11-openjdk-amd64/lib/server/libjvm.so
7fd3cbb8b000-7fd3cc818000 r-xp 00282000 08:20 47918                      /usr/lib/jvm/java-11-openjdk-amd64/lib/server/libjvm.so
7fd3cc818000-7fd3cca79000 r--p 00f0f000 08:20 47918                      /usr/lib/jvm/java-11-openjdk-amd64/lib/server/libjvm.so
7fd3cca79000-7fd3cca7a000 ---p 01170000 08:20 47918                      /usr/lib/jvm/java-11-openjdk-amd64/lib/server/libjvm.so
7fd3cca7a000-7fd3ccb3e000 r--p 01170000 08:20 47918                      /usr/lib/jvm/java-11-openjdk-amd64/lib/server/libjvm.so
7fd3ccb3e000-7fd3ccb79000 rw-p 01234000 08:20 47918                      /usr/lib/jvm/java-11-openjdk-amd64/lib/server/libjvm.so
7fd3ccb79000-7fd3ccbd2000 rw-p 00000000 00:00 0 
7fd3ccbd2000-7fd3ccbf4000 r--p 00000000 08:20 41800                      /usr/lib/x86_64-linux-gnu/libc-2.31.so
7fd3ccbf4000-7fd3ccd6c000 r-xp 00022000 08:20 41800                      /usr/lib/x86_64-linux-gnu/libc-2.31.so
7fd3ccd6c000-7fd3ccdba000 r--p 0019a000 08:20 41800                      /usr/lib/x86_64-linux-gnu/libc-2.31.so
7fd3ccdba000-7fd3ccdbe000 r--p 001e7000 08:20 41800                      /usr/lib/x86_64-linux-gnu/libc-2.31.so
7fd3ccdbe000-7fd3ccdc0000 rw-p 001eb000 08:20 41800                      /usr/lib/x86_64-linux-gnu/libc-2.31.so
7fd3ccdc0000-7fd3ccdc4000 rw-p 00000000 00:00 0 
7fd3ccdc4000-7fd3ccdc5000 r--p 00000000 08:20 41801                      /usr/lib/x86_64-linux-gnu/libdl-2.31.so
7fd3ccdc5000-7fd3ccdc7000 r-xp 00001000 08:20 41801                      /usr/lib/x86_64-linux-gnu/libdl-2.31.so
7fd3ccdc7000-7fd3ccdc8000 r--p 00003000 08:20 41801                      /usr/lib/x86_64-linux-gnu/libdl-2.31.so
7fd3ccdc8000-7fd3ccdc9000 r--p 00003000 08:20 41801                      /usr/lib/x86_64-linux-gnu/libdl-2.31.so
7fd3ccdc9000-7fd3ccdca000 rw-p 00004000 08:20 41801                      /usr/lib/x86_64-linux-gnu/libdl-2.31.so
7fd3ccdca000-7fd3ccdcd000 r--p 00000000 08:20 47877                      /usr/lib/jvm/java-11-openjdk-amd64/lib/jli/libjli.so
7fd3ccdcd000-7fd3ccdd7000 r-xp 00003000 08:20 47877                      /usr/lib/jvm/java-11-openjdk-amd64/lib/jli/libjli.so
7fd3ccdd7000-7fd3ccdda000 r--p 0000d000 08:20 47877                      /usr/lib/jvm/java-11-openjdk-amd64/lib/jli/libjli.so
7fd3ccdda000-7fd3ccddb000 ---p 00010000 08:20 47877                      /usr/lib/jvm/java-11-openjdk-amd64/lib/jli/libjli.so
7fd3ccddb000-7fd3ccddc000 r--p 00010000 08:20 47877                      /usr/lib/jvm/java-11-openjdk-amd64/lib/jli/libjli.so
7fd3ccddc000-7fd3ccddd000 rw-p 00011000 08:20 47877                      /usr/lib/jvm/java-11-openjdk-amd64/lib/jli/libjli.so
7fd3ccddd000-7fd3ccde3000 r--p 00000000 08:20 41813                      /usr/lib/x86_64-linux-gnu/libpthread-2.31.so
7fd3ccde3000-7fd3ccdf4000 r-xp 00006000 08:20 41813                      /usr/lib/x86_64-linux-gnu/libpthread-2.31.so
7fd3ccdf4000-7fd3ccdfa000 r--p 00017000 08:20 41813                      /usr/lib/x86_64-linux-gnu/libpthread-2.31.so
7fd3ccdfa000-7fd3ccdfb000 r--p 0001c000 08:20 41813                      /usr/lib/x86_64-linux-gnu/libpthread-2.31.so
7fd3ccdfb000-7fd3ccdfc000 rw-p 0001d000 08:20 41813                      /usr/lib/x86_64-linux-gnu/libpthread-2.31.so
7fd3ccdfc000-7fd3cce00000 rw-p 00000000 00:00 0 
7fd3cce00000-7fd3cce02000 r--p 00000000 08:20 13174                      /usr/lib/x86_64-linux-gnu/libz.so.1.2.11
7fd3cce02000-7fd3cce13000 r-xp 00002000 08:20 13174                      /usr/lib/x86_64-linux-gnu/libz.so.1.2.11
7fd3cce13000-7fd3cce19000 r--p 00013000 08:20 13174                      /usr/lib/x86_64-linux-gnu/libz.so.1.2.11
7fd3cce19000-7fd3cce1a000 ---p 00019000 08:20 13174                      /usr/lib/x86_64-linux-gnu/libz.so.1.2.11
7fd3cce1a000-7fd3cce1b000 r--p 00019000 08:20 13174                      /usr/lib/x86_64-linux-gnu/libz.so.1.2.11
7fd3cce1b000-7fd3cce1c000 rw-p 0001a000 08:20 13174                      /usr/lib/x86_64-linux-gnu/libz.so.1.2.11
7fd3cce1c000-7fd3cce1d000 r--p 00000000 08:20 22160                      /usr/lib/locale/C.UTF-8/LC_MEASUREMENT
7fd3cce1d000-7fd3cce1f000 r--p 00000000 08:20 47895                      /usr/lib/jvm/java-11-openjdk-amd64/lib/libjimage.so
7fd3cce1f000-7fd3cce22000 r-xp 00002000 08:20 47895                      /usr/lib/jvm/java-11-openjdk-amd64/lib/libjimage.so
7fd3cce22000-7fd3cce23000 r--p 00005000 08:20 47895                      /usr/lib/jvm/java-11-openjdk-amd64/lib/libjimage.so
7fd3cce23000-7fd3cce24000 ---p 00006000 08:20 47895                      /usr/lib/jvm/java-11-openjdk-amd64/lib/libjimage.so
7fd3cce24000-7fd3cce25000 r--p 00006000 08:20 47895                      /usr/lib/jvm/java-11-openjdk-amd64/lib/libjimage.so
7fd3cce25000-7fd3cce26000 rw-p 00007000 08:20 47895                      /usr/lib/jvm/java-11-openjdk-amd64/lib/libjimage.so
7fd3cce26000-7fd3cce28000 rw-p 00000000 00:00 0 
7fd3cce28000-7fd3cce29000 r--p 00000000 08:20 40200                      /usr/lib/x86_64-linux-gnu/ld-2.31.so
7fd3cce29000-7fd3cce4c000 r-xp 00001000 08:20 40200                      /usr/lib/x86_64-linux-gnu/ld-2.31.so
7fd3cce4c000-7fd3cce54000 r--p 00024000 08:20 40200                      /usr/lib/x86_64-linux-gnu/ld-2.31.so
7fd3cce54000-7fd3cce55000 r--p 00000000 08:20 22159                      /usr/lib/locale/C.UTF-8/LC_IDENTIFICATION
7fd3cce55000-7fd3cce56000 r--p 0002c000 08:20 40200                      /usr/lib/x86_64-linux-gnu/ld-2.31.so
7fd3cce56000-7fd3cce57000 rw-p 0002d000 08:20 40200                      /usr/lib/x86_64-linux-gnu/ld-2.31.so
7fd3cce57000-7fd3cce58000 rw-p 00000000 00:00 0 
7ffd8061a000-7ffd8063b000 rw-p 00000000 00:00 0                          [stack]
7ffd807ca000-7ffd807ce000 r--p 00000000 00:00 0                          [vvar]
7ffd807ce000-7ffd807d0000 r-xp 00000000 00:00 0                          [vdso]


VM Arguments:
jvm_args: -javaagent:/home/w/.cache/JetBrains/RemoteDev/dist/2b05049c6fa27_ideaIU-232.9921.28/lib/idea_rt.jar=60845:/home/w/.cache/JetBrains/RemoteDev/dist/2b05049c6fa27_ideaIU-232.9921.28/bin -Dfile.encoding=UTF-8 
java_command: Main
java_class_path (initial): /home/w/.cache/JetBrains/RemoteDev/dist/2b05049c6fa27_ideaIU-232.9921.28/plugins/remote-dev-server/selfcontained/fontconfig/out/production/Lab:/usr/local/lib/antlr-4.9.1-complete.jar:/usr/local/lib/javacpp-1.5.7-linux-x86_64.jar:/usr/local/lib/javacpp-1.5.7.jar:/usr/local/lib/llvm-13.0.1-1.5.7-linux-x86_64.jar:/usr/local/lib/llvm-13.0.1-1.5.7.jar:/usr/local/lib/llvm-platform-13.0.1-1.5.7.jar
Launcher Type: SUN_STANDARD

[Global flags]
     intx CICompilerCount                          = 12                                        {product} {ergonomic}
     uint ConcGCThreads                            = 3                                         {product} {ergonomic}
     uint G1ConcRefinementThreads                  = 13                                        {product} {ergonomic}
   size_t G1HeapRegionSize                         = 1048576                                   {product} {ergonomic}
    uintx GCDrainStackTargetSize                   = 64                                        {product} {ergonomic}
   size_t InitialHeapSize                          = 127926272                                 {product} {ergonomic}
   size_t MarkStackSize                            = 4194304                                   {product} {ergonomic}
   size_t MaxHeapSize                              = 2036334592                                {product} {ergonomic}
   size_t MaxNewSize                               = 1221591040                                {product} {ergonomic}
   size_t MinHeapDeltaBytes                        = 1048576                                   {product} {ergonomic}
    uintx NonNMethodCodeHeapSize                   = 7594288                                {pd product} {ergonomic}
    uintx NonProfiledCodeHeapSize                  = 122031976                              {pd product} {ergonomic}
    uintx ProfiledCodeHeapSize                     = 122031976                              {pd product} {ergonomic}
    uintx ReservedCodeCacheSize                    = 251658240                              {pd product} {ergonomic}
     bool SegmentedCodeCache                       = true                                      {product} {ergonomic}
     bool UseCompressedClassPointers               = true                                 {lp64_product} {ergonomic}
     bool UseCompressedOops                        = true                                 {lp64_product} {ergonomic}
     bool UseG1GC                                  = true                                      {product} {ergonomic}

Logging:
Log output configuration:
 #0: stdout all=warning uptime,level,tags
 #1: stderr all=off uptime,level,tags

Environment Variables:
PATH=/usr/local/sbin:/usr/local/bin:/usr/sbin:/usr/bin:/sbin:/bin:/usr/games:/usr/local/games:/usr/lib/wsl/lib:/mnt/c/Python312/Scripts/:/mnt/c/Python312/:/mnt/c/Program Files (x86)/Common Files/Oracle/Java/javapath:/mnt/c/Windows/system32:/mnt/c/Windows:/mnt/c/Windows/System32/Wbem:/mnt/c/Windows/System32/WindowsPowerShell/v1.0/:/mnt/c/Windows/System32/OpenSSH/:/mnt/d/mingw64/bin:/mnt/d/codes/vx/web/dll:/mnt/d/cod:/mnt/c/ProgramData/chocolatey/bin:/mnt/c/Users/anti/AppData/Local/Google/Chrome/Application:/mnt/e/web/dll:/mnt/d/cod:/mnt/d/Git/cmd:/mnt/c/Users/anti/AppData/Local/Programs/Python/Python310/Scripts/:/mnt/c/Users/anti/AppData/Local/Programs/Python/Python310/:/mnt/c/Users/anti/AppData/Local/Microsoft/WindowsApps:/mnt/d/CLion 2022.2.3/bin:/mnt/d/Microsoft VS Code/bin:/mnt/d/mingw64/bin:/mnt/f/QQGameTempest/Hall.57915/:/mnt/c/Users/anti/AppData/Local/JetBrains/Toolbox/scripts:/mnt/c/Users/anti/AppData/Local/Microsoft/WindowsApps:/mnt/c/Users/anti/AppData/Local/Pandoc/:/mnt/c/Users/anti/AppData/Roaming/npm:/mnt/d/code/appium:/mnt/d/code/android-sdk-windows/platform-tools:/mnt/d/code/android-sdk-windows/tools:/mnt/c/Program Files/Java/jdk1.8.0_301/bin:/mnt/c/Program Files/Java/jdk1.8.0_301/bin:/mnt/d/code/android-sdk-windows/build-tools/29.0.3:/mnt/d/code/appium/node/:/mnt/f/pyCharm/PyCharm 2024.1/bin:/mnt/e/WebStorm 2023.3.4/bin:/snap/bin
SHELL=/bin/bash
DISPLAY=:0
HOSTTYPE=x86_64
LANG=C.UTF-8
TERM=xterm-256color

Signal Handlers:
SIGSEGV: [libjvm.so+0xe9cbc0], sa_mask[0]=11111111011111111101111111111110, sa_flags=SA_RESTART|SA_SIGINFO
SIGBUS: [libjvm.so+0xe9cbc0], sa_mask[0]=11111111011111111101111111111110, sa_flags=SA_RESTART|SA_SIGINFO
SIGFPE: [libjvm.so+0xe9cbc0], sa_mask[0]=11111111011111111101111111111110, sa_flags=SA_RESTART|SA_SIGINFO
SIGPIPE: [libjvm.so+0xbe3c50], sa_mask[0]=11111111011111111101111111111110, sa_flags=SA_RESTART|SA_SIGINFO
SIGXFSZ: [libjvm.so+0xbe3c50], sa_mask[0]=11111111011111111101111111111110, sa_flags=SA_RESTART|SA_SIGINFO
SIGILL: [libjvm.so+0xe9cbc0], sa_mask[0]=11111111011111111101111111111110, sa_flags=SA_RESTART|SA_SIGINFO
SIGUSR2: [libjvm.so+0xbe3af0], sa_mask[0]=00100000000000000000000000000000, sa_flags=SA_RESTART|SA_SIGINFO
SIGHUP: [libjvm.so+0xbe42b0], sa_mask[0]=11111111011111111101111111111110, sa_flags=SA_RESTART|SA_SIGINFO
SIGINT: [libjvm.so+0xbe42b0], sa_mask[0]=11111111011111111101111111111110, sa_flags=SA_RESTART|SA_SIGINFO
SIGTERM: [libjvm.so+0xbe42b0], sa_mask[0]=11111111011111111101111111111110, sa_flags=SA_RESTART|SA_SIGINFO
SIGQUIT: [libjvm.so+0xbe42b0], sa_mask[0]=11111111011111111101111111111110, sa_flags=SA_RESTART|SA_SIGINFO


---------------  S Y S T E M  ---------------

OS:DISTRIB_ID=Ubuntu
DISTRIB_RELEASE=20.04
DISTRIB_CODENAME=focal
DISTRIB_DESCRIPTION="Ubuntu 20.04.6 LTS"
uname:Linux 5.15.153.1-microsoft-standard-WSL2 #1 SMP Fri Mar 29 23:14:13 UTC 2024 x86_64
OS uptime: 0 days 17:33 hours
libc:glibc 2.31 NPTL 2.31 
rlimit (soft/hard): STACK 8192k/infinity , CORE 0k/infinity , NPROC 31039/31039 , NOFILE 1048576/1048576 , AS infinity/infinity , CPU infinity/infinity , DATA infinity/infinity , FSIZE infinity/infinity , MEMLOCK 65536k/65536k
load average:0.86 0.29 0.25

/proc/meminfo:
MemTotal:        7952732 kB
MemFree:         2715140 kB
MemAvailable:    3599628 kB
Buffers:            2464 kB
Cached:          1035064 kB
SwapCached:          688 kB
Active:           179472 kB
Inactive:        4361088 kB
Active(anon):       5080 kB
Inactive(anon):  3501884 kB
Active(file):     174392 kB
Inactive(file):   859204 kB
Unevictable:           0 kB
Mlocked:               0 kB
SwapTotal:       2097152 kB
SwapFree:        2070544 kB
Dirty:             10616 kB
Writeback:            44 kB
AnonPages:       3497340 kB
Mapped:           967020 kB
Shmem:              3896 kB
KReclaimable:     132944 kB
Slab:             251124 kB
SReclaimable:     132944 kB
SUnreclaim:       118180 kB
KernelStack:        8064 kB
PageTables:        15672 kB
NFS_Unstable:          0 kB
Bounce:                0 kB
WritebackTmp:          0 kB
CommitLimit:     6073516 kB
Committed_AS:    4045120 kB
VmallocTotal:   34359738367 kB
VmallocUsed:      104524 kB
VmallocChunk:          0 kB
Percpu:            10368 kB
AnonHugePages:   3119104 kB
ShmemHugePages:        0 kB
ShmemPmdMapped:        0 kB
FileHugePages:         0 kB
FilePmdMapped:         0 kB
HugePages_Total:       0
HugePages_Free:        0
HugePages_Rsvd:        0
HugePages_Surp:        0
Hugepagesize:       2048 kB
Hugetlb:               0 kB
DirectMap4k:      166912 kB
DirectMap2M:     6987776 kB
DirectMap1G:     9437184 kB

/sys/kernel/mm/transparent_hugepage/enabled:
[always] madvise never
/sys/kernel/mm/transparent_hugepage/defrag (defrag/compaction efforts parameter):
always defer defer+madvise [madvise] never

Process Memory:
Virtual Size: 5184236K (peak: 13431804K)
Resident Set Size: 100472K (peak: 100472K) (anon: 45140K, file: 55332K, shmem: 0K)
Swapped out: 0K
C-Heap outstanding allocations: 38179K, retained: 2736K
glibc malloc tunables: (default)

/proc/sys/kernel/threads-max (system-wide limit on the number of threads):
62078
/proc/sys/vm/max_map_count (maximum number of memory map areas a process may have):
65530
/proc/sys/kernel/pid_max (system-wide limit on number of process identifiers):
4194304

container (cgroup) information:
container_type: cgroupv1
cpu_cpuset_cpus: 0-15
cpu_memory_nodes: 0
active_processor_count: 16
cpu_quota: no quota
cpu_period: 100000
cpu_shares: no shares
memory_limit_in_bytes: unlimited
memory_and_swap_limit_in_bytes: unlimited
memory_soft_limit_in_bytes: unlimited
memory_usage_in_bytes: 4535788 k
memory_max_usage_in_bytes: 839520 k
kernel_memory_usage_in_bytes: 50664 k
kernel_memory_max_usage_in_bytes: unlimited
kernel_memory_limit_in_bytes: 65672 k
maximum number of tasks: not supported
current number of tasks: not supported

Hyper-V virtualization detected
Steal ticks since vm start: 0
Steal ticks percentage since vm start:  0.000

CPU:total 16 (initial active 16) (8 cores per cpu, 2 threads per core) family 6 model 154 stepping 3 microcode 0xffffffff, cmov, cx8, fxsr, mmx, sse, sse2, sse3, ssse3, sse4.1, sse4.2, popcnt, avx, avx2, aes, clmul, erms, 3dnowpref, lzcnt, ht, tsc, tscinvbit, bmi1, bmi2, adx, sha, fma
CPU Model and flags from /proc/cpuinfo:
model name	: 12th Gen Intel(R) Core(TM) i5-1240P
flags		: fpu vme de pse tsc msr pae mce cx8 apic sep mtrr pge mca cmov pat pse36 clflush mmx fxsr sse sse2 ss ht syscall nx pdpe1gb rdtscp lm constant_tsc rep_good nopl xtopology tsc_reliable nonstop_tsc cpuid pni pclmulqdq ssse3 fma cx16 sse4_1 sse4_2 x2apic movbe popcnt tsc_deadline_timer aes xsave avx f16c rdrand hypervisor lahf_lm abm 3dnowprefetch ssbd ibrs ibpb stibp ibrs_enhanced fsgsbase tsc_adjust bmi1 avx2 smep bmi2 erms invpcid rdseed adx smap clflushopt clwb sha_ni xsaveopt xsavec xgetbv1 xsaves avx_vnni umip waitpkg gfni vaes vpclmulqdq rdpid movdiri movdir64b fsrm md_clear serialize flush_l1d arch_capabilities
Online cpus:
0-15
Offline cpus:

BIOS frequency limitation:
<Not Available>
Frequency switch latency (ns):
<Not Available>
Available cpu frequencies:
<Not Available>
Current governor:
<Not Available>
Core performance/turbo boost:
<Not Available>

Memory: 4k page, physical 7952732k(2715140k free), swap 2097152k(2070544k free)

vm_info: OpenJDK 64-Bit Server VM (11.0.22+7-post-Ubuntu-0ubuntu220.04.1) for linux-amd64 JRE (11.0.22+7-post-Ubuntu-0ubuntu220.04.1), built on Feb  5 2024 20:49:28 by "unknown" with gcc 10.5.0

END.
