#
# A fatal error has been detected by the Java Runtime Environment:
#
#  SIGSEGV (0xb) at pc=0x00007fec22152ce0, pid=58891, tid=58892
#
# JRE version: OpenJDK Runtime Environment (11.0.23+9) (build 11.0.23+9-post-Ubuntu-1ubuntu120.04.2)
# Java VM: OpenJDK 64-Bit Server VM (11.0.23+9-post-Ubuntu-1ubuntu120.04.2, mixed mode, sharing, tiered, compressed oops, g1 gc, linux-amd64)
# Problematic frame:
# C  [libLLVM-13.so+0xc26ce0]  LLVMGetFirstBasicBlock+0x0
#
# No core dump will be written. Core dumps have been disabled. To enable core dumping, try "ulimit -c unlimited" before starting Java again
#
# If you would like to submit a bug report, please visit:
#   https://bugs.launchpad.net/ubuntu/+source/openjdk-lts
# The crash happened outside the Java Virtual Machine in native code.
# See problematic frame for where to report the bug.
#

---------------  S U M M A R Y ------------

Command Line: -agentlib:jdwp=transport=dt_socket,address=127.0.0.1:60763,suspend=y,server=n -javaagent:/home/w/.cache/JetBrains/RemoteDev/dist/2b05049c6fa27_ideaIU-232.9921.28/plugins/java/lib/rt/debugger-agent.jar -Dfile.encoding=UTF-8 Main

Host: 12th Gen Intel(R) Core(TM) i5-1240P, 16 cores, 7G, Ubuntu 20.04.6 LTS
Time: Sun Jun 30 12:15:39 2024 HKT elapsed time: 110.563997 seconds (0d 0h 1m 50s)

---------------  T H R E A D  ---------------

Current thread (0x00007feca001c000):  JavaThread "main" [_thread_in_native, id=58892, stack(0x00007feca65d5000,0x00007feca66d6000)]

Stack: [0x00007feca65d5000,0x00007feca66d6000],  sp=0x00007feca66d4878,  free space=1022k
Native frames: (J=compiled Java code, A=aot compiled Java code, j=interpreted, Vv=VM code, C=native code)
C  [libLLVM-13.so+0xc26ce0]  LLVMGetFirstBasicBlock+0x0

Java frames: (J=compiled Java code, j=interpreted, Vv=VM code)
j  org.bytedeco.llvm.global.LLVM.LLVMGetFirstBasicBlock(Lorg/bytedeco/llvm/LLVM/LLVMValueRef;)Lorg/bytedeco/llvm/LLVM/LLVMBasicBlockRef;+0
j  Main.main([Ljava/lang/String;)V+138
v  ~StubRoutines::call_stub

siginfo: si_signo: 11 (SIGSEGV), si_code: 1 (SEGV_MAPERR), si_addr: 0x0000000000000050

Register to memory mapping:

RAX=0x00007fec7848b090: Java_org_bytedeco_llvm_global_LLVM_LLVMGetFirstBasicBlock+0x0000000000000000 in /home/w/.javacpp/cache/llvm-13.0.1-1.5.7-linux-x86_64.jar/org/bytedeco/llvm/linux-x86_64/libjniLLVM.so at 0x00007fec783e7000
RBX={method} {0x00007fec79a15298} 'LLVMGetFirstBasicBlock' '(Lorg/bytedeco/llvm/LLVM/LLVMValueRef;)Lorg/bytedeco/llvm/LLVM/LLVMBasicBlockRef;' in 'org/bytedeco/llvm/global/LLVM'
RCX=0x0000000000000001 is an unknown value
RDX=0x0 is NULL
RSP=0x00007feca66d4878 is pointing into the stack for thread: 0x00007feca001c000
RBP=0x00007feca001c350 points into unknown readable memory: 0x00007feca7c5fb40 | 40 fb c5 a7 ec 7f 00 00
RSI=0x00007feca66d4908 is pointing into the stack for thread: 0x00007feca001c000
RDI=0x0 is NULL
R8 =0x00007feca01bdf90 points into unknown readable memory: 0x00007fec79904fa0 | a0 4f 90 79 ec 7f 00 00
R9 =0x0000000000000002 is an unknown value
R10=0xfffffffffffff55a is an unknown value
R11=0x00007fec22152ce0: LLVMGetFirstBasicBlock+0x0000000000000000 in /home/w/.javacpp/cache/llvm-13.0.1-1.5.7-linux-x86_64.jar/org/bytedeco/llvm/linux-x86_64/libLLVM-13.so at 0x00007fec2152c000
R12=0x0 is NULL
R13={method} {0x00007fec79a15298} 'LLVMGetFirstBasicBlock' '(Lorg/bytedeco/llvm/LLVM/LLVMValueRef;)Lorg/bytedeco/llvm/LLVM/LLVMBasicBlockRef;' in 'org/bytedeco/llvm/global/LLVM'
R14=0x00007feca66d4918 is pointing into the stack for thread: 0x00007feca001c000
R15=0x00007feca001c000 is a thread


Registers:
RAX=0x00007fec7848b090, RBX=0x00007fec79a15298, RCX=0x0000000000000001, RDX=0x0000000000000000
RSP=0x00007feca66d4878, RBP=0x00007feca001c350, RSI=0x00007feca66d4908, RDI=0x0000000000000000
R8 =0x00007feca01bdf90, R9 =0x0000000000000002, R10=0xfffffffffffff55a, R11=0x00007fec22152ce0
R12=0x0000000000000000, R13=0x00007fec79a15298, R14=0x00007feca66d4918, R15=0x00007feca001c000
RIP=0x00007fec22152ce0, EFLAGS=0x0000000000010206, CSGSFS=0x002b000000000033, ERR=0x0000000000000004
  TRAPNO=0x000000000000000e

Top of Stack: (sp=0x00007feca66d4878)
0x00007feca66d4878:   00007fec7848b0bf 00007feca66d48f8
0x00007feca66d4888:   0000000000000000 00007fec79a15298
0x00007feca66d4898:   00007fec887e5503 00007feca66d4968
0x00007feca66d48a8:   00007fec887e5084 00007feca66d48b0 

Instructions: (pc=0x00007fec22152ce0)
0x00007fec22152be0:   e9 7b f5 07 00 66 2e 0f 1f 84 00 00 00 00 00 90
0x00007fec22152bf0:   48 89 f8 c3 66 2e 0f 1f 84 00 00 00 00 00 66 90
0x00007fec22152c00:   31 c0 80 7f 10 14 0f 94 c0 c3 66 0f 1f 44 00 00
0x00007fec22152c10:   48 89 f8 c3 66 2e 0f 1f 84 00 00 00 00 00 66 90
0x00007fec22152c20:   48 83 ec 08 e8 17 be 13 00 48 83 c4 08 c3 66 90
0x00007fec22152c30:   48 8b 47 38 c3 66 2e 0f 1f 84 00 00 00 00 00 90
0x00007fec22152c40:   e9 4b 72 fc ff 66 2e 0f 1f 84 00 00 00 00 00 90
0x00007fec22152c50:   48 8b 57 50 48 8d 4f 48 48 39 ca 74 13 31 c0 90
0x00007fec22152c60:   48 8b 52 08 48 83 c0 01 48 39 d1 75 f3 c3 66 90
0x00007fec22152c70:   31 c0 c3 66 2e 0f 1f 84 00 00 00 00 00 0f 1f 00
0x00007fec22152c80:   48 8b 47 50 48 83 c7 48 48 39 f8 74 34 0f 1f 00
0x00007fec22152c90:   48 83 c6 08 48 85 c0 74 17 48 8d 50 e8 48 8b 40
0x00007fec22152ca0:   08 48 89 56 f8 48 39 c7 75 e6 c3 0f 1f 44 00 00
0x00007fec22152cb0:   48 8b 40 08 48 c7 46 f8 00 00 00 00 48 39 c7 75
0x00007fec22152cc0:   cf c3 66 2e 0f 1f 84 00 00 00 00 00 0f 1f 40 00
0x00007fec22152cd0:   48 8b 47 50 48 8d 50 e8 48 85 c0 48 0f 45 c2 c3
0x00007fec22152ce0:   48 8b 47 50 48 83 c7 48 48 39 f8 74 13 48 85 c0
0x00007fec22152cf0:   74 0e 48 83 e8 18 c3 66 0f 1f 84 00 00 00 00 00
0x00007fec22152d00:   31 c0 c3 66 2e 0f 1f 84 00 00 00 00 00 0f 1f 00
0x00007fec22152d10:   48 8d 47 48 48 39 47 50 74 16 48 8b 47 48 48 8d
0x00007fec22152d20:   50 e8 48 85 c0 48 0f 45 c2 c3 66 0f 1f 44 00 00
0x00007fec22152d30:   31 c0 c3 66 2e 0f 1f 84 00 00 00 00 00 0f 1f 00
0x00007fec22152d40:   48 85 ff 0f 84 9e 10 d0 ff 48 8b 57 38 48 8b 47
0x00007fec22152d50:   20 48 83 c2 48 48 39 d0 74 0e 48 85 c0 74 09 48
0x00007fec22152d60:   83 e8 18 c3 0f 1f 40 00 31 c0 c3 0f 1f 44 00 00
0x00007fec22152d70:   ba 00 00 00 00 48 8d 47 18 48 85 ff 48 0f 44 c2
0x00007fec22152d80:   48 8b 57 38 48 39 42 50 74 16 48 8b 00 48 8d 50
0x00007fec22152d90:   e8 48 85 c0 48 0f 45 c2 c3 0f 1f 80 00 00 00 00
0x00007fec22152da0:   31 c0 c3 66 2e 0f 1f 84 00 00 00 00 00 0f 1f 00
0x00007fec22152db0:   41 54 b8 01 01 00 00 55 48 89 fd 48 83 ec 38 80
0x00007fec22152dc0:   3e 00 66 89 44 24 20 74 09 48 89 34 24 c6 44 24
0x00007fec22152dd0:   20 03 bf 40 00 00 00 e8 64 f4 cf ff 48 89 e2 48 


Stack slot to memory mapping:
stack at sp + 0 slots: 0x00007fec7848b0bf: Java_org_bytedeco_llvm_global_LLVM_LLVMGetFirstBasicBlock+0x000000000000002f in /home/w/.javacpp/cache/llvm-13.0.1-1.5.7-linux-x86_64.jar/org/bytedeco/llvm/linux-x86_64/libjniLLVM.so at 0x00007fec783e7000
stack at sp + 1 slots: 0x00007feca66d48f8 is pointing into the stack for thread: 0x00007feca001c000
stack at sp + 2 slots: 0x0 is NULL
stack at sp + 3 slots: {method} {0x00007fec79a15298} 'LLVMGetFirstBasicBlock' '(Lorg/bytedeco/llvm/LLVM/LLVMValueRef;)Lorg/bytedeco/llvm/LLVM/LLVMBasicBlockRef;' in 'org/bytedeco/llvm/global/LLVM'
stack at sp + 4 slots: 0x00007fec887e5503 is at code_begin+1699 in an Interpreter codelet
method entry point (kind = native)  [0x00007fec887e4e60, 0x00007fec887e5e60]  4096 bytes
stack at sp + 5 slots: 0x00007feca66d4968 is pointing into the stack for thread: 0x00007feca001c000
stack at sp + 6 slots: 0x00007fec887e5084 is at code_begin+548 in an Interpreter codelet
method entry point (kind = native)  [0x00007fec887e4e60, 0x00007fec887e5e60]  4096 bytes
stack at sp + 7 slots: 0x00007feca66d48b0 is pointing into the stack for thread: 0x00007feca001c000


---------------  P R O C E S S  ---------------

Threads class SMR info:
_java_thread_list=0x00007fec300036b0, length=11, elements={
0x00007feca001c000, 0x00007feca01a3000, 0x00007feca01a5000, 0x00007feca01a9800,
0x00007feca01ab800, 0x00007feca01ad800, 0x00007feca01af800, 0x00007feca01b1800,
0x00007feca01c7800, 0x00007feca0215000, 0x00007feca03ef000
}

Java Threads: ( => current thread )
=>0x00007feca001c000 JavaThread "main" [_thread_in_native, id=58892, stack(0x00007feca65d5000,0x00007feca66d6000)]
  0x00007feca01a3000 JavaThread "Reference Handler" daemon [_thread_blocked, id=58913, stack(0x00007fec792fb000,0x00007fec793fc000)]
  0x00007feca01a5000 JavaThread "Finalizer" daemon [_thread_blocked, id=58914, stack(0x00007fec791fa000,0x00007fec792fb000)]
  0x00007feca01a9800 JavaThread "Signal Dispatcher" daemon [_thread_blocked, id=58915, stack(0x00007fec790f9000,0x00007fec791fa000)]
  0x00007feca01ab800 JavaThread "Service Thread" daemon [_thread_blocked, id=58916, stack(0x00007fec78ff8000,0x00007fec790f9000)]
  0x00007feca01ad800 JavaThread "C2 CompilerThread0" daemon [_thread_blocked, id=58917, stack(0x00007fec78ef7000,0x00007fec78ff8000)]
  0x00007feca01af800 JavaThread "C1 CompilerThread0" daemon [_thread_blocked, id=58918, stack(0x00007fec78df6000,0x00007fec78ef7000)]
  0x00007feca01b1800 JavaThread "Sweeper thread" daemon [_thread_blocked, id=58919, stack(0x00007fec78cf5000,0x00007fec78df6000)]
  0x00007feca01c7800 JavaThread "Common-Cleaner" daemon [_thread_blocked, id=58922, stack(0x00007fec78bf4000,0x00007fec78cf5000)]
  0x00007feca0215000 JavaThread "JDWP Event Helper Thread" daemon [_thread_blocked, id=58927, stack(0x00007fec787f0000,0x00007fec788f1000)]
  0x00007feca03ef000 JavaThread "JavaCPP Deallocator" daemon [_thread_blocked, id=58935, stack(0x00007fec784ed000,0x00007fec785ee000)]

Other Threads:
  0x00007feca01a0000 VMThread "VM Thread" [stack: 0x00007fec793fd000,0x00007fec794fd000] [id=58911]
  0x00007feca0226800 WatcherThread [stack: 0x00007fec785ef000,0x00007fec786ef000] [id=58932]
  0x00007feca0035800 GCTaskThread "GC Thread#0" [stack: 0x00007feca5d92000,0x00007feca5e92000] [id=58895]
  0x00007feca0066800 ConcurrentGCThread "G1 Main Marker" [stack: 0x00007feca4369000,0x00007feca4469000] [id=58897]
  0x00007feca0068800 ConcurrentGCThread "G1 Conc#0" [stack: 0x00007feca4268000,0x00007feca4368000] [id=58898]
  0x00007feca0104800 ConcurrentGCThread "G1 Refine#0" [stack: 0x00007fec79dff000,0x00007fec79eff000] [id=58904]
  0x00007feca0106800 ConcurrentGCThread "G1 Young RemSet Sampling" [stack: 0x00007fec79cfe000,0x00007fec79dfe000] [id=58905]

Threads with active compile tasks:

VM state:not at safepoint (normal execution)

VM Mutex/Monitor currently owned by a thread: None

Heap address: 0x0000000086a00000, size: 1942 MB, Compressed Oops mode: 32-bit
Narrow klass base: 0x0000000800000000, Narrow klass shift: 3
Compressed class space size: 1073741824 Address: 0x0000000840000000

Heap:
 garbage-first heap   total 126976K, used 16080K [0x0000000086a00000, 0x0000000100000000)
  region size 1024K, 16 young (16384K), 0 survivors (0K)
 Metaspace       used 3963K, capacity 6623K, committed 6912K, reserved 1056768K
  class space    used 436K, capacity 696K, committed 768K, reserved 1048576K
Heap Regions: E=young(eden), S=young(survivor), O=old, HS=humongous(starts), HC=humongous(continues), CS=collection set, F=free, A=archive, TAMS=top-at-mark-start (previous, next)
|   0|0x0000000086a00000, 0x0000000086a00000, 0x0000000086b00000|  0%| F|  |TAMS 0x0000000086a00000, 0x0000000086a00000| Untracked 
|   1|0x0000000086b00000, 0x0000000086b00000, 0x0000000086c00000|  0%| F|  |TAMS 0x0000000086b00000, 0x0000000086b00000| Untracked 
|   2|0x0000000086c00000, 0x0000000086c00000, 0x0000000086d00000|  0%| F|  |TAMS 0x0000000086c00000, 0x0000000086c00000| Untracked 
|   3|0x0000000086d00000, 0x0000000086d00000, 0x0000000086e00000|  0%| F|  |TAMS 0x0000000086d00000, 0x0000000086d00000| Untracked 
|   4|0x0000000086e00000, 0x0000000086e00000, 0x0000000086f00000|  0%| F|  |TAMS 0x0000000086e00000, 0x0000000086e00000| Untracked 
|   5|0x0000000086f00000, 0x0000000086f00000, 0x0000000087000000|  0%| F|  |TAMS 0x0000000086f00000, 0x0000000086f00000| Untracked 
|   6|0x0000000087000000, 0x0000000087000000, 0x0000000087100000|  0%| F|  |TAMS 0x0000000087000000, 0x0000000087000000| Untracked 
|   7|0x0000000087100000, 0x0000000087100000, 0x0000000087200000|  0%| F|  |TAMS 0x0000000087100000, 0x0000000087100000| Untracked 
|   8|0x0000000087200000, 0x0000000087200000, 0x0000000087300000|  0%| F|  |TAMS 0x0000000087200000, 0x0000000087200000| Untracked 
|   9|0x0000000087300000, 0x0000000087300000, 0x0000000087400000|  0%| F|  |TAMS 0x0000000087300000, 0x0000000087300000| Untracked 
|  10|0x0000000087400000, 0x0000000087400000, 0x0000000087500000|  0%| F|  |TAMS 0x0000000087400000, 0x0000000087400000| Untracked 
|  11|0x0000000087500000, 0x0000000087500000, 0x0000000087600000|  0%| F|  |TAMS 0x0000000087500000, 0x0000000087500000| Untracked 
|  12|0x0000000087600000, 0x0000000087600000, 0x0000000087700000|  0%| F|  |TAMS 0x0000000087600000, 0x0000000087600000| Untracked 
|  13|0x0000000087700000, 0x0000000087700000, 0x0000000087800000|  0%| F|  |TAMS 0x0000000087700000, 0x0000000087700000| Untracked 
|  14|0x0000000087800000, 0x0000000087800000, 0x0000000087900000|  0%| F|  |TAMS 0x0000000087800000, 0x0000000087800000| Untracked 
|  15|0x0000000087900000, 0x0000000087900000, 0x0000000087a00000|  0%| F|  |TAMS 0x0000000087900000, 0x0000000087900000| Untracked 
|  16|0x0000000087a00000, 0x0000000087a00000, 0x0000000087b00000|  0%| F|  |TAMS 0x0000000087a00000, 0x0000000087a00000| Untracked 
|  17|0x0000000087b00000, 0x0000000087b00000, 0x0000000087c00000|  0%| F|  |TAMS 0x0000000087b00000, 0x0000000087b00000| Untracked 
|  18|0x0000000087c00000, 0x0000000087c00000, 0x0000000087d00000|  0%| F|  |TAMS 0x0000000087c00000, 0x0000000087c00000| Untracked 
|  19|0x0000000087d00000, 0x0000000087d00000, 0x0000000087e00000|  0%| F|  |TAMS 0x0000000087d00000, 0x0000000087d00000| Untracked 
|  20|0x0000000087e00000, 0x0000000087e00000, 0x0000000087f00000|  0%| F|  |TAMS 0x0000000087e00000, 0x0000000087e00000| Untracked 
|  21|0x0000000087f00000, 0x0000000087f00000, 0x0000000088000000|  0%| F|  |TAMS 0x0000000087f00000, 0x0000000087f00000| Untracked 
|  22|0x0000000088000000, 0x0000000088000000, 0x0000000088100000|  0%| F|  |TAMS 0x0000000088000000, 0x0000000088000000| Untracked 
|  23|0x0000000088100000, 0x0000000088100000, 0x0000000088200000|  0%| F|  |TAMS 0x0000000088100000, 0x0000000088100000| Untracked 
|  24|0x0000000088200000, 0x0000000088200000, 0x0000000088300000|  0%| F|  |TAMS 0x0000000088200000, 0x0000000088200000| Untracked 
|  25|0x0000000088300000, 0x0000000088300000, 0x0000000088400000|  0%| F|  |TAMS 0x0000000088300000, 0x0000000088300000| Untracked 
|  26|0x0000000088400000, 0x0000000088400000, 0x0000000088500000|  0%| F|  |TAMS 0x0000000088400000, 0x0000000088400000| Untracked 
|  27|0x0000000088500000, 0x0000000088500000, 0x0000000088600000|  0%| F|  |TAMS 0x0000000088500000, 0x0000000088500000| Untracked 
|  28|0x0000000088600000, 0x0000000088600000, 0x0000000088700000|  0%| F|  |TAMS 0x0000000088600000, 0x0000000088600000| Untracked 
|  29|0x0000000088700000, 0x0000000088700000, 0x0000000088800000|  0%| F|  |TAMS 0x0000000088700000, 0x0000000088700000| Untracked 
|  30|0x0000000088800000, 0x0000000088800000, 0x0000000088900000|  0%| F|  |TAMS 0x0000000088800000, 0x0000000088800000| Untracked 
|  31|0x0000000088900000, 0x0000000088900000, 0x0000000088a00000|  0%| F|  |TAMS 0x0000000088900000, 0x0000000088900000| Untracked 
|  32|0x0000000088a00000, 0x0000000088a00000, 0x0000000088b00000|  0%| F|  |TAMS 0x0000000088a00000, 0x0000000088a00000| Untracked 
|  33|0x0000000088b00000, 0x0000000088b00000, 0x0000000088c00000|  0%| F|  |TAMS 0x0000000088b00000, 0x0000000088b00000| Untracked 
|  34|0x0000000088c00000, 0x0000000088c00000, 0x0000000088d00000|  0%| F|  |TAMS 0x0000000088c00000, 0x0000000088c00000| Untracked 
|  35|0x0000000088d00000, 0x0000000088d00000, 0x0000000088e00000|  0%| F|  |TAMS 0x0000000088d00000, 0x0000000088d00000| Untracked 
|  36|0x0000000088e00000, 0x0000000088e00000, 0x0000000088f00000|  0%| F|  |TAMS 0x0000000088e00000, 0x0000000088e00000| Untracked 
|  37|0x0000000088f00000, 0x0000000088f00000, 0x0000000089000000|  0%| F|  |TAMS 0x0000000088f00000, 0x0000000088f00000| Untracked 
|  38|0x0000000089000000, 0x0000000089000000, 0x0000000089100000|  0%| F|  |TAMS 0x0000000089000000, 0x0000000089000000| Untracked 
|  39|0x0000000089100000, 0x0000000089100000, 0x0000000089200000|  0%| F|  |TAMS 0x0000000089100000, 0x0000000089100000| Untracked 
|  40|0x0000000089200000, 0x0000000089200000, 0x0000000089300000|  0%| F|  |TAMS 0x0000000089200000, 0x0000000089200000| Untracked 
|  41|0x0000000089300000, 0x0000000089300000, 0x0000000089400000|  0%| F|  |TAMS 0x0000000089300000, 0x0000000089300000| Untracked 
|  42|0x0000000089400000, 0x0000000089400000, 0x0000000089500000|  0%| F|  |TAMS 0x0000000089400000, 0x0000000089400000| Untracked 
|  43|0x0000000089500000, 0x0000000089500000, 0x0000000089600000|  0%| F|  |TAMS 0x0000000089500000, 0x0000000089500000| Untracked 
|  44|0x0000000089600000, 0x0000000089600000, 0x0000000089700000|  0%| F|  |TAMS 0x0000000089600000, 0x0000000089600000| Untracked 
|  45|0x0000000089700000, 0x0000000089700000, 0x0000000089800000|  0%| F|  |TAMS 0x0000000089700000, 0x0000000089700000| Untracked 
|  46|0x0000000089800000, 0x0000000089800000, 0x0000000089900000|  0%| F|  |TAMS 0x0000000089800000, 0x0000000089800000| Untracked 
|  47|0x0000000089900000, 0x0000000089900000, 0x0000000089a00000|  0%| F|  |TAMS 0x0000000089900000, 0x0000000089900000| Untracked 
|  48|0x0000000089a00000, 0x0000000089a00000, 0x0000000089b00000|  0%| F|  |TAMS 0x0000000089a00000, 0x0000000089a00000| Untracked 
|  49|0x0000000089b00000, 0x0000000089b00000, 0x0000000089c00000|  0%| F|  |TAMS 0x0000000089b00000, 0x0000000089b00000| Untracked 
|  50|0x0000000089c00000, 0x0000000089c00000, 0x0000000089d00000|  0%| F|  |TAMS 0x0000000089c00000, 0x0000000089c00000| Untracked 
|  51|0x0000000089d00000, 0x0000000089d00000, 0x0000000089e00000|  0%| F|  |TAMS 0x0000000089d00000, 0x0000000089d00000| Untracked 
|  52|0x0000000089e00000, 0x0000000089e00000, 0x0000000089f00000|  0%| F|  |TAMS 0x0000000089e00000, 0x0000000089e00000| Untracked 
|  53|0x0000000089f00000, 0x0000000089f00000, 0x000000008a000000|  0%| F|  |TAMS 0x0000000089f00000, 0x0000000089f00000| Untracked 
|  54|0x000000008a000000, 0x000000008a000000, 0x000000008a100000|  0%| F|  |TAMS 0x000000008a000000, 0x000000008a000000| Untracked 
|  55|0x000000008a100000, 0x000000008a100000, 0x000000008a200000|  0%| F|  |TAMS 0x000000008a100000, 0x000000008a100000| Untracked 
|  56|0x000000008a200000, 0x000000008a200000, 0x000000008a300000|  0%| F|  |TAMS 0x000000008a200000, 0x000000008a200000| Untracked 
|  57|0x000000008a300000, 0x000000008a300000, 0x000000008a400000|  0%| F|  |TAMS 0x000000008a300000, 0x000000008a300000| Untracked 
|  58|0x000000008a400000, 0x000000008a400000, 0x000000008a500000|  0%| F|  |TAMS 0x000000008a400000, 0x000000008a400000| Untracked 
|  59|0x000000008a500000, 0x000000008a500000, 0x000000008a600000|  0%| F|  |TAMS 0x000000008a500000, 0x000000008a500000| Untracked 
|  60|0x000000008a600000, 0x000000008a600000, 0x000000008a700000|  0%| F|  |TAMS 0x000000008a600000, 0x000000008a600000| Untracked 
|  61|0x000000008a700000, 0x000000008a700000, 0x000000008a800000|  0%| F|  |TAMS 0x000000008a700000, 0x000000008a700000| Untracked 
|  62|0x000000008a800000, 0x000000008a800000, 0x000000008a900000|  0%| F|  |TAMS 0x000000008a800000, 0x000000008a800000| Untracked 
|  63|0x000000008a900000, 0x000000008a900000, 0x000000008aa00000|  0%| F|  |TAMS 0x000000008a900000, 0x000000008a900000| Untracked 
|  64|0x000000008aa00000, 0x000000008aa00000, 0x000000008ab00000|  0%| F|  |TAMS 0x000000008aa00000, 0x000000008aa00000| Untracked 
|  65|0x000000008ab00000, 0x000000008ab00000, 0x000000008ac00000|  0%| F|  |TAMS 0x000000008ab00000, 0x000000008ab00000| Untracked 
|  66|0x000000008ac00000, 0x000000008ac00000, 0x000000008ad00000|  0%| F|  |TAMS 0x000000008ac00000, 0x000000008ac00000| Untracked 
|  67|0x000000008ad00000, 0x000000008ad00000, 0x000000008ae00000|  0%| F|  |TAMS 0x000000008ad00000, 0x000000008ad00000| Untracked 
|  68|0x000000008ae00000, 0x000000008ae00000, 0x000000008af00000|  0%| F|  |TAMS 0x000000008ae00000, 0x000000008ae00000| Untracked 
|  69|0x000000008af00000, 0x000000008af00000, 0x000000008b000000|  0%| F|  |TAMS 0x000000008af00000, 0x000000008af00000| Untracked 
|  70|0x000000008b000000, 0x000000008b000000, 0x000000008b100000|  0%| F|  |TAMS 0x000000008b000000, 0x000000008b000000| Untracked 
|  71|0x000000008b100000, 0x000000008b100000, 0x000000008b200000|  0%| F|  |TAMS 0x000000008b100000, 0x000000008b100000| Untracked 
|  72|0x000000008b200000, 0x000000008b200000, 0x000000008b300000|  0%| F|  |TAMS 0x000000008b200000, 0x000000008b200000| Untracked 
|  73|0x000000008b300000, 0x000000008b300000, 0x000000008b400000|  0%| F|  |TAMS 0x000000008b300000, 0x000000008b300000| Untracked 
|  74|0x000000008b400000, 0x000000008b400000, 0x000000008b500000|  0%| F|  |TAMS 0x000000008b400000, 0x000000008b400000| Untracked 
|  75|0x000000008b500000, 0x000000008b500000, 0x000000008b600000|  0%| F|  |TAMS 0x000000008b500000, 0x000000008b500000| Untracked 
|  76|0x000000008b600000, 0x000000008b600000, 0x000000008b700000|  0%| F|  |TAMS 0x000000008b600000, 0x000000008b600000| Untracked 
|  77|0x000000008b700000, 0x000000008b700000, 0x000000008b800000|  0%| F|  |TAMS 0x000000008b700000, 0x000000008b700000| Untracked 
|  78|0x000000008b800000, 0x000000008b800000, 0x000000008b900000|  0%| F|  |TAMS 0x000000008b800000, 0x000000008b800000| Untracked 
|  79|0x000000008b900000, 0x000000008b900000, 0x000000008ba00000|  0%| F|  |TAMS 0x000000008b900000, 0x000000008b900000| Untracked 
|  80|0x000000008ba00000, 0x000000008ba00000, 0x000000008bb00000|  0%| F|  |TAMS 0x000000008ba00000, 0x000000008ba00000| Untracked 
|  81|0x000000008bb00000, 0x000000008bb00000, 0x000000008bc00000|  0%| F|  |TAMS 0x000000008bb00000, 0x000000008bb00000| Untracked 
|  82|0x000000008bc00000, 0x000000008bc00000, 0x000000008bd00000|  0%| F|  |TAMS 0x000000008bc00000, 0x000000008bc00000| Untracked 
|  83|0x000000008bd00000, 0x000000008bd00000, 0x000000008be00000|  0%| F|  |TAMS 0x000000008bd00000, 0x000000008bd00000| Untracked 
|  84|0x000000008be00000, 0x000000008be00000, 0x000000008bf00000|  0%| F|  |TAMS 0x000000008be00000, 0x000000008be00000| Untracked 
|  85|0x000000008bf00000, 0x000000008bf00000, 0x000000008c000000|  0%| F|  |TAMS 0x000000008bf00000, 0x000000008bf00000| Untracked 
|  86|0x000000008c000000, 0x000000008c000000, 0x000000008c100000|  0%| F|  |TAMS 0x000000008c000000, 0x000000008c000000| Untracked 
|  87|0x000000008c100000, 0x000000008c100000, 0x000000008c200000|  0%| F|  |TAMS 0x000000008c100000, 0x000000008c100000| Untracked 
|  88|0x000000008c200000, 0x000000008c200000, 0x000000008c300000|  0%| F|  |TAMS 0x000000008c200000, 0x000000008c200000| Untracked 
|  89|0x000000008c300000, 0x000000008c300000, 0x000000008c400000|  0%| F|  |TAMS 0x000000008c300000, 0x000000008c300000| Untracked 
|  90|0x000000008c400000, 0x000000008c400000, 0x000000008c500000|  0%| F|  |TAMS 0x000000008c400000, 0x000000008c400000| Untracked 
|  91|0x000000008c500000, 0x000000008c500000, 0x000000008c600000|  0%| F|  |TAMS 0x000000008c500000, 0x000000008c500000| Untracked 
|  92|0x000000008c600000, 0x000000008c600000, 0x000000008c700000|  0%| F|  |TAMS 0x000000008c600000, 0x000000008c600000| Untracked 
|  93|0x000000008c700000, 0x000000008c700000, 0x000000008c800000|  0%| F|  |TAMS 0x000000008c700000, 0x000000008c700000| Untracked 
|  94|0x000000008c800000, 0x000000008c800000, 0x000000008c900000|  0%| F|  |TAMS 0x000000008c800000, 0x000000008c800000| Untracked 
|  95|0x000000008c900000, 0x000000008c900000, 0x000000008ca00000|  0%| F|  |TAMS 0x000000008c900000, 0x000000008c900000| Untracked 
|  96|0x000000008ca00000, 0x000000008ca00000, 0x000000008cb00000|  0%| F|  |TAMS 0x000000008ca00000, 0x000000008ca00000| Untracked 
|  97|0x000000008cb00000, 0x000000008cb00000, 0x000000008cc00000|  0%| F|  |TAMS 0x000000008cb00000, 0x000000008cb00000| Untracked 
|  98|0x000000008cc00000, 0x000000008cc00000, 0x000000008cd00000|  0%| F|  |TAMS 0x000000008cc00000, 0x000000008cc00000| Untracked 
|  99|0x000000008cd00000, 0x000000008cd00000, 0x000000008ce00000|  0%| F|  |TAMS 0x000000008cd00000, 0x000000008cd00000| Untracked 
| 100|0x000000008ce00000, 0x000000008ce00000, 0x000000008cf00000|  0%| F|  |TAMS 0x000000008ce00000, 0x000000008ce00000| Untracked 
| 101|0x000000008cf00000, 0x000000008cf00000, 0x000000008d000000|  0%| F|  |TAMS 0x000000008cf00000, 0x000000008cf00000| Untracked 
| 102|0x000000008d000000, 0x000000008d000000, 0x000000008d100000|  0%| F|  |TAMS 0x000000008d000000, 0x000000008d000000| Untracked 
| 103|0x000000008d100000, 0x000000008d100000, 0x000000008d200000|  0%| F|  |TAMS 0x000000008d100000, 0x000000008d100000| Untracked 
| 104|0x000000008d200000, 0x000000008d200000, 0x000000008d300000|  0%| F|  |TAMS 0x000000008d200000, 0x000000008d200000| Untracked 
| 105|0x000000008d300000, 0x000000008d300000, 0x000000008d400000|  0%| F|  |TAMS 0x000000008d300000, 0x000000008d300000| Untracked 
| 106|0x000000008d400000, 0x000000008d47b630, 0x000000008d500000| 48%| E|  |TAMS 0x000000008d400000, 0x000000008d400000| Complete 
| 107|0x000000008d500000, 0x000000008d600000, 0x000000008d600000|100%| E|CS|TAMS 0x000000008d500000, 0x000000008d500000| Complete 
| 108|0x000000008d600000, 0x000000008d700000, 0x000000008d700000|100%| E|CS|TAMS 0x000000008d600000, 0x000000008d600000| Complete 
| 109|0x000000008d700000, 0x000000008d800000, 0x000000008d800000|100%| E|CS|TAMS 0x000000008d700000, 0x000000008d700000| Complete 
| 110|0x000000008d800000, 0x000000008d900000, 0x000000008d900000|100%| E|CS|TAMS 0x000000008d800000, 0x000000008d800000| Complete 
| 111|0x000000008d900000, 0x000000008da00000, 0x000000008da00000|100%| E|CS|TAMS 0x000000008d900000, 0x000000008d900000| Complete 
| 112|0x000000008da00000, 0x000000008db00000, 0x000000008db00000|100%| E|CS|TAMS 0x000000008da00000, 0x000000008da00000| Complete 
| 113|0x000000008db00000, 0x000000008dc00000, 0x000000008dc00000|100%| E|CS|TAMS 0x000000008db00000, 0x000000008db00000| Complete 
| 114|0x000000008dc00000, 0x000000008dd00000, 0x000000008dd00000|100%| E|CS|TAMS 0x000000008dc00000, 0x000000008dc00000| Complete 
| 115|0x000000008dd00000, 0x000000008de00000, 0x000000008de00000|100%| E|CS|TAMS 0x000000008dd00000, 0x000000008dd00000| Complete 
| 116|0x000000008de00000, 0x000000008df00000, 0x000000008df00000|100%| E|CS|TAMS 0x000000008de00000, 0x000000008de00000| Complete 
| 117|0x000000008df00000, 0x000000008e000000, 0x000000008e000000|100%| E|CS|TAMS 0x000000008df00000, 0x000000008df00000| Complete 
| 118|0x000000008e000000, 0x000000008e100000, 0x000000008e100000|100%| E|CS|TAMS 0x000000008e000000, 0x000000008e000000| Complete 
| 119|0x000000008e100000, 0x000000008e200000, 0x000000008e200000|100%| E|CS|TAMS 0x000000008e100000, 0x000000008e100000| Complete 
| 120|0x000000008e200000, 0x000000008e300000, 0x000000008e300000|100%| E|CS|TAMS 0x000000008e200000, 0x000000008e200000| Complete 
| 121|0x000000008e300000, 0x000000008e400000, 0x000000008e400000|100%| E|CS|TAMS 0x000000008e300000, 0x000000008e300000| Complete 
|1940|0x00000000ffe00000, 0x00000000ffe48000, 0x00000000fff00000| 28%|OA|  |TAMS 0x00000000ffe00000, 0x00000000ffe00000| Untracked 
|1941|0x00000000fff00000, 0x00000000fff6c000, 0x0000000100000000| 42%|CA|  |TAMS 0x00000000fff00000, 0x00000000fff00000| Untracked 

Card table byte_map: [0x00007feca48ee000,0x00007feca4cb9000] _byte_map_base: 0x00007feca44b9000

Marking Bits (Prev, Next): (CMBitMap*) 0x00007feca005e3d8, (CMBitMap*) 0x00007feca005e410
 Prev Bits: [0x00007fec821a8000, 0x00007fec84000000)
 Next Bits: [0x00007fec80350000, 0x00007fec821a8000)

Polling page: 0x00007feca6589000

Metaspace:

Usage:
  Non-class:      5.79 MB capacity,     3.44 MB ( 60%) used,     2.34 MB ( 40%) free+waste,     7.44 KB ( <1%) overhead. 
      Class:    696.00 KB capacity,   436.52 KB ( 63%) used,   255.66 KB ( 37%) free+waste,     3.81 KB ( <1%) overhead. 
       Both:      6.47 MB capacity,     3.87 MB ( 60%) used,     2.59 MB ( 40%) free+waste,    11.25 KB ( <1%) overhead. 

Virtual space:
  Non-class space:        8.00 MB reserved,       6.00 MB ( 75%) committed 
      Class space:        1.00 GB reserved,     768.00 KB ( <1%) committed 
             Both:        1.01 GB reserved,       6.75 MB ( <1%) committed 

Chunk freelists:
   Non-Class:  37.00 KB
       Class:  8.00 KB
        Both:  45.00 KB

MaxMetaspaceSize: unlimited
CompressedClassSpaceSize: 1.00 GB
Initial GC threshold: 20.80 MB
Current GC threshold: 20.80 MB
CDS: on

CodeHeap 'non-profiled nmethods': size=119172Kb used=242Kb max_used=242Kb free=118929Kb
 bounds [0x00007fec9036f000, 0x00007fec905df000, 0x00007fec977d0000]
CodeHeap 'profiled nmethods': size=119168Kb used=1639Kb max_used=1639Kb free=117528Kb
 bounds [0x00007fec88f0f000, 0x00007fec8917f000, 0x00007fec9036f000]
CodeHeap 'non-nmethods': size=7420Kb used=1205Kb max_used=1783Kb free=6215Kb
 bounds [0x00007fec887d0000, 0x00007fec88a40000, 0x00007fec88f0f000]
 total_blobs=1256 nmethods=858 adapters=320
 compilation: enabled
              stopped_count=0, restarted_count=0
 full_count=0

Compilation events (20 events):
Event: 0.622 Thread 0x00007fec5407e000 nmethod 846 0x00007fec89099190 code [0x00007fec89099440, 0x00007fec8909a040]
Event: 0.622 Thread 0x00007fec5407e000  854       3       java.util.ImmutableCollections$ListN::size (6 bytes)
Event: 0.622 Thread 0x00007fec5407e000 nmethod 854 0x00007fec8909a590 code [0x00007fec8909a740, 0x00007fec8909a870]
Event: 0.622 Thread 0x00007fec5407e000  850       3       jdk.internal.org.objectweb.asm.Frame::push (110 bytes)
Event: 0.623 Thread 0x00007fec5407e000 nmethod 850 0x00007fec8909a910 code [0x00007fec8909ab00, 0x00007fec8909b0a0]
Event: 0.623 Thread 0x00007fec5407e000  831       3       sun.invoke.util.Wrapper::forPrimitiveType (49 bytes)
Event: 0.624 Thread 0x00007feca01af800 nmethod 832 0x00007fec8909b290 code [0x00007fec8909c140, 0x00007fec890a2ed0]
Event: 0.624 Thread 0x00007feca01af800  833       3       jdk.internal.org.objectweb.asm.ClassWriter::put122 (15 bytes)
Event: 0.624 Thread 0x00007feca01af800 nmethod 833 0x00007fec890a4f10 code [0x00007fec890a50e0, 0x00007fec890a52b0]
Event: 0.624 Thread 0x00007feca01af800  855       3       java.lang.invoke.LambdaForm$Name::<init> (54 bytes)
Event: 0.624 Thread 0x00007feca01af800 nmethod 855 0x00007fec890a5410 code [0x00007fec890a55e0, 0x00007fec890a58b0]
Event: 0.624 Thread 0x00007feca01af800  851       3       sun.invoke.util.Wrapper::findPrimitiveType (25 bytes)
Event: 0.625 Thread 0x00007fec54080800  858       4       java.lang.String::indexOf (7 bytes)
Event: 0.626 Thread 0x00007feca01af800 nmethod 851 0x00007fec890a5990 code [0x00007fec890a5c20, 0x00007fec890a6700]
Event: 0.626 Thread 0x00007feca01af800  843       1       java.lang.invoke.LambdaForm$Name::type (5 bytes)
Event: 0.626 Thread 0x00007fec5407e000 nmethod 831 0x00007fec890a6b90 code [0x00007fec890a6f40, 0x00007fec890a8520]
Event: 0.626 Thread 0x00007feca01af800 nmethod 843 0x00007fec903aae90 code [0x00007fec903ab040, 0x00007fec903ab110]
Event: 0.626 Thread 0x00007fec5407e000  839       1       java.lang.invoke.MethodTypeForm::basicType (5 bytes)
Event: 0.626 Thread 0x00007fec5407e000 nmethod 839 0x00007fec903ab190 code [0x00007fec903ab340, 0x00007fec903ab410]
Event: 0.630 Thread 0x00007fec54080800 nmethod 858 0x00007fec903ab490 code [0x00007fec903ab620, 0x00007fec903ab818]

GC Heap History (0 events):
No events

Deoptimization events (20 events):
Event: 0.515 Thread 0x00007feca001c000 DEOPT PACKING pc=0x00007fec88ff7c92 sp=0x00007feca66d30c0
Event: 0.515 Thread 0x00007feca001c000 DEOPT UNPACKING pc=0x00007fec8881a64a sp=0x00007feca66d2540 mode 0
Event: 0.517 Thread 0x00007feca001c000 DEOPT PACKING pc=0x00007fec88ff7c92 sp=0x00007feca66d3120
Event: 0.517 Thread 0x00007feca001c000 DEOPT UNPACKING pc=0x00007fec8881a64a sp=0x00007feca66d25a0 mode 0
Event: 0.591 Thread 0x00007feca001c000 Uncommon trap: trap_request=0xffffffc6 fr.pc=0x00007fec90378c24 relative=0x0000000000000084
Event: 0.591 Thread 0x00007feca001c000 Uncommon trap: reason=bimorphic_or_optimized_type_check action=maybe_recompile pc=0x00007fec90378c24 method=java.util.AbstractCollection.isEmpty()Z @ 1 c2
Event: 0.591 Thread 0x00007feca001c000 DEOPT PACKING pc=0x00007fec90378c24 sp=0x00007feca66d3240
Event: 0.591 Thread 0x00007feca001c000 DEOPT UNPACKING pc=0x00007fec88819ea5 sp=0x00007feca66d3200 mode 2
Event: 0.591 Thread 0x00007feca001c000 Uncommon trap: trap_request=0xffffffc6 fr.pc=0x00007fec90378c24 relative=0x0000000000000084
Event: 0.591 Thread 0x00007feca001c000 Uncommon trap: reason=bimorphic_or_optimized_type_check action=maybe_recompile pc=0x00007fec90378c24 method=java.util.AbstractCollection.isEmpty()Z @ 1 c2
Event: 0.591 Thread 0x00007feca001c000 DEOPT PACKING pc=0x00007fec90378c24 sp=0x00007feca66d3410
Event: 0.591 Thread 0x00007feca001c000 DEOPT UNPACKING pc=0x00007fec88819ea5 sp=0x00007feca66d33d0 mode 2
Event: 0.598 Thread 0x00007feca001c000 Uncommon trap: trap_request=0xffffffc6 fr.pc=0x00007fec90378c24 relative=0x0000000000000084
Event: 0.598 Thread 0x00007feca001c000 Uncommon trap: reason=bimorphic_or_optimized_type_check action=maybe_recompile pc=0x00007fec90378c24 method=java.util.AbstractCollection.isEmpty()Z @ 1 c2
Event: 0.598 Thread 0x00007feca001c000 DEOPT PACKING pc=0x00007fec90378c24 sp=0x00007feca66d3430
Event: 0.598 Thread 0x00007feca001c000 DEOPT UNPACKING pc=0x00007fec88819ea5 sp=0x00007feca66d33f0 mode 2
Event: 0.601 Thread 0x00007feca001c000 Uncommon trap: trap_request=0xffffffc6 fr.pc=0x00007fec90378c24 relative=0x0000000000000084
Event: 0.601 Thread 0x00007feca001c000 Uncommon trap: reason=bimorphic_or_optimized_type_check action=maybe_recompile pc=0x00007fec90378c24 method=java.util.AbstractCollection.isEmpty()Z @ 1 c2
Event: 0.601 Thread 0x00007feca001c000 DEOPT PACKING pc=0x00007fec90378c24 sp=0x00007feca66d3240
Event: 0.601 Thread 0x00007feca001c000 DEOPT UNPACKING pc=0x00007fec88819ea5 sp=0x00007feca66d3200 mode 2

Classes redefined (0 events):
No events

Internal exceptions (20 events):
Event: 0.488 Thread 0x00007feca001c000 Exception <a 'java/security/PrivilegedActionException'{0x000000008d87a098}> (0x000000008d87a098) thrown at [src/hotspot/share/prims/jvm.cpp, line 1304]
Event: 0.489 Thread 0x00007feca001c000 Exception <a 'java/security/PrivilegedActionException'{0x000000008d87a9e8}> (0x000000008d87a9e8) thrown at [src/hotspot/share/prims/jvm.cpp, line 1304]
Event: 0.489 Thread 0x00007feca001c000 Exception <a 'java/security/PrivilegedActionException'{0x000000008d87acb8}> (0x000000008d87acb8) thrown at [src/hotspot/share/prims/jvm.cpp, line 1304]
Event: 0.489 Thread 0x00007feca001c000 Exception <a 'java/security/PrivilegedActionException'{0x000000008d87b640}> (0x000000008d87b640) thrown at [src/hotspot/share/prims/jvm.cpp, line 1304]
Event: 0.489 Thread 0x00007feca001c000 Exception <a 'java/security/PrivilegedActionException'{0x000000008d87b910}> (0x000000008d87b910) thrown at [src/hotspot/share/prims/jvm.cpp, line 1304]
Event: 0.489 Thread 0x00007feca001c000 Exception <a 'java/security/PrivilegedActionException'{0x000000008d87c280}> (0x000000008d87c280) thrown at [src/hotspot/share/prims/jvm.cpp, line 1304]
Event: 0.489 Thread 0x00007feca001c000 Exception <a 'java/security/PrivilegedActionException'{0x000000008d87c550}> (0x000000008d87c550) thrown at [src/hotspot/share/prims/jvm.cpp, line 1304]
Event: 0.489 Thread 0x00007feca001c000 Exception <a 'java/security/PrivilegedActionException'{0x000000008d87d110}> (0x000000008d87d110) thrown at [src/hotspot/share/prims/jvm.cpp, line 1304]
Event: 0.489 Thread 0x00007feca001c000 Exception <a 'java/security/PrivilegedActionException'{0x000000008d87d3e0}> (0x000000008d87d3e0) thrown at [src/hotspot/share/prims/jvm.cpp, line 1304]
Event: 0.489 Thread 0x00007feca001c000 Exception <a 'java/security/PrivilegedActionException'{0x000000008d87dd68}> (0x000000008d87dd68) thrown at [src/hotspot/share/prims/jvm.cpp, line 1304]
Event: 0.489 Thread 0x00007feca001c000 Exception <a 'java/security/PrivilegedActionException'{0x000000008d87e038}> (0x000000008d87e038) thrown at [src/hotspot/share/prims/jvm.cpp, line 1304]
Event: 0.489 Thread 0x00007feca001c000 Exception <a 'java/security/PrivilegedActionException'{0x000000008d87e9c0}> (0x000000008d87e9c0) thrown at [src/hotspot/share/prims/jvm.cpp, line 1304]
Event: 0.489 Thread 0x00007feca001c000 Exception <a 'java/security/PrivilegedActionException'{0x000000008d87ec90}> (0x000000008d87ec90) thrown at [src/hotspot/share/prims/jvm.cpp, line 1304]
Event: 0.489 Thread 0x00007feca001c000 Exception <a 'java/security/PrivilegedActionException'{0x000000008d87f618}> (0x000000008d87f618) thrown at [src/hotspot/share/prims/jvm.cpp, line 1304]
Event: 0.489 Thread 0x00007feca001c000 Exception <a 'java/security/PrivilegedActionException'{0x000000008d87f8e8}> (0x000000008d87f8e8) thrown at [src/hotspot/share/prims/jvm.cpp, line 1304]
Event: 0.489 Thread 0x00007feca001c000 Exception <a 'java/security/PrivilegedActionException'{0x000000008d880258}> (0x000000008d880258) thrown at [src/hotspot/share/prims/jvm.cpp, line 1304]
Event: 0.489 Thread 0x00007feca001c000 Exception <a 'java/security/PrivilegedActionException'{0x000000008d880528}> (0x000000008d880528) thrown at [src/hotspot/share/prims/jvm.cpp, line 1304]
Event: 0.489 Thread 0x00007feca001c000 Exception <a 'java/security/PrivilegedActionException'{0x000000008d880eb0}> (0x000000008d880eb0) thrown at [src/hotspot/share/prims/jvm.cpp, line 1304]
Event: 0.489 Thread 0x00007feca001c000 Exception <a 'java/security/PrivilegedActionException'{0x000000008d881180}> (0x000000008d881180) thrown at [src/hotspot/share/prims/jvm.cpp, line 1304]
Event: 0.622 Thread 0x00007feca001c000 Exception <a 'java/lang/NoSuchMethodError'{0x000000008d40e188}: 'java.lang.Object java.lang.invoke.DirectMethodHandle$Holder.invokeVirtual(java.lang.Object, java.lang.Object, java.lang.Object)'> (0x000000008d40e188) thrown at [src/hotspot/share/interpreter/linkResolver.cpp, line 772]

Events (20 events):
Event: 80.422 Executing VM operation: GetOrSetLocal
Event: 80.422 Executing VM operation: GetOrSetLocal done
Event: 80.422 Executing VM operation: GetOrSetLocal
Event: 80.423 Executing VM operation: GetOrSetLocal done
Event: 80.423 Executing VM operation: GetOrSetLocal
Event: 80.423 Executing VM operation: GetOrSetLocal done
Event: 80.423 Executing VM operation: GetOrSetLocal
Event: 80.423 Executing VM operation: GetOrSetLocal done
Event: 80.423 Executing VM operation: GetOrSetLocal
Event: 80.423 Executing VM operation: GetOrSetLocal done
Event: 80.423 Executing VM operation: GetOrSetLocal
Event: 80.423 Executing VM operation: GetOrSetLocal done
Event: 80.424 Executing VM operation: GetOrSetLocal
Event: 80.424 Executing VM operation: GetOrSetLocal done
Event: 80.424 Executing VM operation: GetOrSetLocal
Event: 80.424 Executing VM operation: GetOrSetLocal done
Event: 80.424 Executing VM operation: GetOrSetLocal
Event: 80.424 Executing VM operation: GetOrSetLocal done
Event: 80.424 Executing VM operation: GetOrSetLocal
Event: 80.424 Executing VM operation: GetOrSetLocal done


Dynamic libraries:
86a00000-8e400000 rw-p 00000000 00:00 0 
8e400000-ffe00000 ---p 00000000 00:00 0 
ffe00000-ffe48000 rw-p 00b14000 08:20 42002                              /usr/lib/jvm/java-11-openjdk-amd64/lib/server/classes.jsa
ffe48000-fff00000 rw-p 00000000 00:00 0 
fff00000-fff6c000 rw-p 00aa8000 08:20 42002                              /usr/lib/jvm/java-11-openjdk-amd64/lib/server/classes.jsa
fff6c000-100000000 rw-p 00000000 00:00 0 
800000000-800002000 rwxp 00001000 08:20 42002                            /usr/lib/jvm/java-11-openjdk-amd64/lib/server/classes.jsa
800002000-800aa7000 rw-p 00003000 08:20 42002                            /usr/lib/jvm/java-11-openjdk-amd64/lib/server/classes.jsa
840000000-8400c0000 rw-p 00000000 00:00 0 
8400c0000-880000000 ---p 00000000 00:00 0 
55b7646bf000-55b7646c0000 r--p 00000000 08:20 42022                      /usr/lib/jvm/java-11-openjdk-amd64/bin/java
55b7646c0000-55b7646c1000 r-xp 00001000 08:20 42022                      /usr/lib/jvm/java-11-openjdk-amd64/bin/java
55b7646c1000-55b7646c2000 r--p 00002000 08:20 42022                      /usr/lib/jvm/java-11-openjdk-amd64/bin/java
55b7646c2000-55b7646c3000 r--p 00002000 08:20 42022                      /usr/lib/jvm/java-11-openjdk-amd64/bin/java
55b7646c3000-55b7646c4000 rw-p 00003000 08:20 42022                      /usr/lib/jvm/java-11-openjdk-amd64/bin/java
55b7665e4000-55b766605000 rw-p 00000000 00:00 0                          [heap]
7fec2152c000-7fec21e52000 r--p 00000000 08:20 84032                      /home/w/.javacpp/cache/llvm-13.0.1-1.5.7-linux-x86_64.jar/org/bytedeco/llvm/linux-x86_64/libLLVM-13.so
7fec21e52000-7fec25815000 r-xp 00926000 08:20 84032                      /home/w/.javacpp/cache/llvm-13.0.1-1.5.7-linux-x86_64.jar/org/bytedeco/llvm/linux-x86_64/libLLVM-13.so
7fec25815000-7fec27a6a000 r--p 042e9000 08:20 84032                      /home/w/.javacpp/cache/llvm-13.0.1-1.5.7-linux-x86_64.jar/org/bytedeco/llvm/linux-x86_64/libLLVM-13.so
7fec27a6a000-7fec27f7f000 r--p 0653d000 08:20 84032                      /home/w/.javacpp/cache/llvm-13.0.1-1.5.7-linux-x86_64.jar/org/bytedeco/llvm/linux-x86_64/libLLVM-13.so
7fec27f7f000-7fec27f8a000 rw-p 06a52000 08:20 84032                      /home/w/.javacpp/cache/llvm-13.0.1-1.5.7-linux-x86_64.jar/org/bytedeco/llvm/linux-x86_64/libLLVM-13.so
7fec27f8a000-7fec28000000 rw-p 00000000 00:00 0 
7fec28000000-7fec28021000 rw-p 00000000 00:00 0 
7fec28021000-7fec2c000000 ---p 00000000 00:00 0 
7fec30000000-7fec30021000 rw-p 00000000 00:00 0 
7fec30021000-7fec34000000 ---p 00000000 00:00 0 
7fec34000000-7fec34021000 rw-p 00000000 00:00 0 
7fec34021000-7fec38000000 ---p 00000000 00:00 0 
7fec38000000-7fec38028000 rw-p 00000000 00:00 0 
7fec38028000-7fec3c000000 ---p 00000000 