#
# A fatal error has been detected by the Java Runtime Environment:
#
#  SIGSEGV (0xb) at pc=0x00007fc156158882, pid=4702, tid=4704
#
# JRE version: OpenJDK Runtime Environment (11.0.22+7) (build 11.0.22+7-post-Ubuntu-0ubuntu220.04.1)
# Java VM: OpenJDK 64-Bit Server VM (11.0.22+7-post-Ubuntu-0ubuntu220.04.1, mixed mode, sharing, tiered, compressed oops, g1 gc, linux-amd64)
# Problematic frame:
# C  [libLLVM-13.so+0xc2c882]  LLVMBuildLoad+0x12
#
# No core dump will be written. Core dumps have been disabled. To enable core dumping, try "ulimit -c unlimited" before starting Java again
#
# If you would like to submit a bug report, please visit:
#   https://bugs.launchpad.net/ubuntu/+source/openjdk-lts
# The crash happened outside the Java Virtual Machine in native code.
# See problematic frame for where to report the bug.
#

---------------  S U M M A R Y ------------

Command Line: -javaagent:/home/w/.cache/JetBrains/RemoteDev/dist/2b05049c6fa27_ideaIU-232.9921.28/lib/idea_rt.jar=60749:/home/w/.cache/JetBrains/RemoteDev/dist/2b05049c6fa27_ideaIU-232.9921.28/bin -Dfile.encoding=UTF-8 Main

Host: 12th Gen Intel(R) Core(TM) i5-1240P, 16 cores, 7G, Ubuntu 20.04.6 LTS
Time: Mon May 27 14:24:41 2024 CST elapsed time: 0.451440 seconds (0d 0h 0m 0s)

---------------  T H R E A D  ---------------

Current thread (0x00007fc1cc017800):  JavaThread "main" [_thread_in_native, id=4704, stack(0x00007fc1d3617000,0x00007fc1d3718000)]

Stack: [0x00007fc1d3617000,0x00007fc1d3718000],  sp=0x00007fc1d3715ad0,  free space=1018k
Native frames: (J=compiled Java code, A=aot compiled Java code, j=interpreted, Vv=VM code, C=native code)
C  [libLLVM-13.so+0xc2c882]  LLVMBuildLoad+0x12

Java frames: (J=compiled Java code, j=interpreted, Vv=VM code)
j  org.bytedeco.llvm.global.LLVM.LLVMBuildLoad(Lorg/bytedeco/llvm/LLVM/LLVMBuilderRef;Lorg/bytedeco/llvm/LLVM/LLVMValueRef;Ljava/lang/String;)Lorg/bytedeco/llvm/LLVM/LLVMValueRef;+0
j  LLVMIRVisitor.visitLValExp(LSysYParser$LValExpContext;)Lorg/bytedeco/llvm/LLVM/LLVMValueRef;+21
j  LLVMIRVisitor.visitLValExp(LSysYParser$LValExpContext;)Ljava/lang/Object;+2
j  SysYParser$LValExpContext.accept(Lorg/antlr/v4/runtime/tree/ParseTreeVisitor;)Ljava/lang/Object;+12
j  org.antlr.v4.runtime.tree.AbstractParseTreeVisitor.visit(Lorg/antlr/v4/runtime/tree/ParseTree;)Ljava/lang/Object;+2
j  LLVMIRVisitor.visitStmt(LSysYParser$StmtContext;)Lorg/bytedeco/llvm/LLVM/LLVMValueRef;+54
j  LLVMIRVisitor.visitStmt(LSysYParser$StmtContext;)Ljava/lang/Object;+2
j  SysYParser$StmtContext.accept(Lorg/antlr/v4/runtime/tree/ParseTreeVisitor;)Ljava/lang/Object;+12
j  org.antlr.v4.runtime.tree.AbstractParseTreeVisitor.visitChildren(Lorg/antlr/v4/runtime/tree/RuleNode;)Ljava/lang/Object;+46
j  SysYParserBaseVisitor.visitBlockItem(LSysYParser$BlockItemContext;)Ljava/lang/Object;+2
j  SysYParser$BlockItemContext.accept(Lorg/antlr/v4/runtime/tree/ParseTreeVisitor;)Ljava/lang/Object;+12
j  org.antlr.v4.runtime.tree.AbstractParseTreeVisitor.visit(Lorg/antlr/v4/runtime/tree/ParseTree;)Ljava/lang/Object;+2
j  LLVMIRVisitor$$Lambda$31.accept(Ljava/lang/Object;)V+11
j  java.util.ArrayList.forEach(Ljava/util/function/Consumer;)V+46 java.base@11.0.22
j  LLVMIRVisitor.visitBlock(LSysYParser$BlockContext;)Lorg/bytedeco/llvm/LLVM/LLVMValueRef;+25
j  LLVMIRVisitor.visitBlock(LSysYParser$BlockContext;)Ljava/lang/Object;+2
j  SysYParser$BlockContext.accept(Lorg/antlr/v4/runtime/tree/ParseTreeVisitor;)Ljava/lang/Object;+12
j  org.antlr.v4.runtime.tree.AbstractParseTreeVisitor.visitChildren(Lorg/antlr/v4/runtime/tree/RuleNode;)Ljava/lang/Object;+46
j  SysYParserBaseVisitor.visitFuncDef(LSysYParser$FuncDefContext;)Ljava/lang/Object;+2
j  LLVMIRVisitor.visitFuncDef(LSysYParser$FuncDefContext;)Lorg/bytedeco/llvm/LLVM/LLVMValueRef;+94
j  LLVMIRVisitor.visitFuncDef(LSysYParser$FuncDefContext;)Ljava/lang/Object;+2
j  SysYParser$FuncDefContext.accept(Lorg/antlr/v4/runtime/tree/ParseTreeVisitor;)Ljava/lang/Object;+12
j  org.antlr.v4.runtime.tree.AbstractParseTreeVisitor.visitChildren(Lorg/antlr/v4/runtime/tree/RuleNode;)Ljava/lang/Object;+46
j  SysYParserBaseVisitor.visitCompUnit(LSysYParser$CompUnitContext;)Ljava/lang/Object;+2
j  SysYParser$CompUnitContext.accept(Lorg/antlr/v4/runtime/tree/ParseTreeVisitor;)Ljava/lang/Object;+12
j  org.antlr.v4.runtime.tree.AbstractParseTreeVisitor.visitChildren(Lorg/antlr/v4/runtime/tree/RuleNode;)Ljava/lang/Object;+46
j  SysYParserBaseVisitor.visitProgram(LSysYParser$ProgramContext;)Ljava/lang/Object;+2
j  LLVMIRVisitor.visitProgram(LSysYParser$ProgramContext;)Lorg/bytedeco/llvm/LLVM/LLVMValueRef;+22
j  LLVMIRVisitor.visitProgram(LSysYParser$ProgramContext;)Ljava/lang/Object;+2
j  SysYParser$ProgramContext.accept(Lorg/antlr/v4/runtime/tree/ParseTreeVisitor;)Ljava/lang/Object;+12
j  org.antlr.v4.runtime.tree.AbstractParseTreeVisitor.visit(Lorg/antlr/v4/runtime/tree/ParseTree;)Ljava/lang/Object;+2
j  Main.main([Ljava/lang/String;)V+62
v  ~StubRoutines::call_stub

siginfo: si_signo: 11 (SIGSEGV), si_code: 1 (SEGV_MAPERR), si_addr: 0x0000000000000000

Register to memory mapping:

RAX=0x00007fc1cc479640 points into unknown readable memory: 0x0000000000000069 | 69 00 00 00 00 00 00 00
RBX=0x0 is NULL
RCX=0x0000000000000069 is an unknown value
RDX=0x00007fc1cc479640 points into unknown readable memory: 0x0000000000000069 | 69 00 00 00 00 00 00 00
RSP=0x00007fc1d3715ad0 is pointing into the stack for thread: 0x00007fc1cc017800
RBP=0x00007fc1cc446f60 points into unknown readable memory: 0x00007fc1cc446f70 | 70 6f 44 cc c1 7f 00 00
RSI=0x0 is NULL
RDI=0x00007fc1cc446f60 points into unknown readable memory: 0x00007fc1cc446f70 | 70 6f 44 cc c1 7f 00 00
R8 =0x000000008d70f918 points into unknown readable memory: 0x0000000000000069 | 69 00 00 00 00 00 00 00
R9 =0x00007fc1cc017800 is a thread
R10=0xfffffffffffff55a is an unknown value
R11=0x00007fc156158870: LLVMBuildLoad+0x0000000000000000 in /home/w/.javacpp/cache/llvm-13.0.1-1.5.7-linux-x86_64.jar/org/bytedeco/llvm/linux-x86_64/libLLVM-13.so at 0x00007fc15552c000
R12=0x0 is NULL
R13=0x0 is NULL
R14=0x00007fc1cc479640 points into unknown readable memory: 0x0000000000000069 | 69 00 00 00 00 00 00 00
R15=0x00007fc1cc017800 is a thread


Registers:
RAX=0x00007fc1cc479640, RBX=0x0000000000000000, RCX=0x0000000000000069, RDX=0x00007fc1cc479640
RSP=0x00007fc1d3715ad0, RBP=0x00007fc1cc446f60, RSI=0x0000000000000000, RDI=0x00007fc1cc446f60
R8 =0x000000008d70f918, R9 =0x00007fc1cc017800, R10=0xfffffffffffff55a, R11=0x00007fc156158870
R12=0x0000000000000000, R13=0x0000000000000000, R14=0x00007fc1cc479640, R15=0x00007fc1cc017800
RIP=0x00007fc156158882, EFLAGS=0x0000000000010202, CSGSFS=0x002b000000000033, ERR=0x0000000000000004
  TRAPNO=0x000000000000000e

Top of Stack: (sp=0x00007fc1d3715ad0)
0x00007fc1d3715ad0:   00007fc1cc017800 0000000000000000
0x00007fc1d3715ae0:   00007fc1cc017800 00007fc1d4dc7299
0x00007fc1d3715af0:   0000000000000002 0000000000000001
0x00007fc1d3715b00:   00007fc1cc479640 00007fc1cc19b540 

Instructions: (pc=0x00007fc156158882)
0x00007fc156158782:   89 c4 4c 8d 4c 24 40 e8 92 57 09 00 48 8b 7d 50
0x00007fc156158792:   48 8b 4d 30 4c 89 e6 48 8d 54 24 10 4c 8b 45 38
0x00007fc1561587a2:   48 8b 07 ff 50 10 48 8b 5d 00 8b 6d 08 5a 59 48
0x00007fc1561587b2:   c1 e5 04 48 01 dd 48 39 eb 74 1a 0f 1f 00 48 8b
0x00007fc1561587c2:   53 08 8b 33 4c 89 e7 48 83 c3 10 e8 6e 16 0e 00
0x00007fc1561587d2:   48 39 dd 75 e9 48 83 c4 68 4c 89 e0 5b 5d 41 5c
0x00007fc1561587e2:   41 5d 41 5e 41 5f c3 0f 1f 80 00 00 00 00 41 54
0x00007fc1561587f2:   b8 01 01 00 00 55 48 89 fd 48 89 f7 53 48 83 ec
0x00007fc156158802:   30 48 8b 75 30 66 89 44 24 20 e8 ef 24 09 00 48
0x00007fc156158812:   8b 7d 50 48 8b 4d 30 48 89 e2 49 89 c4 4c 8b 45
0x00007fc156158822:   38 48 8b 07 4c 89 e6 ff 50 10 48 8b 5d 00 8b 6d
0x00007fc156158832:   08 48 c1 e5 04 48 01 dd 48 39 eb 74 18 90 48 8b
0x00007fc156158842:   53 08 8b 33 4c 89 e7 48 83 c3 10 e8 ee 15 0e 00
0x00007fc156158852:   48 39 dd 75 e9 48 83 c4 30 4c 89 e0 5b 5d 41 5c
0x00007fc156158862:   c3 66 2e 0f 1f 84 00 00 00 00 00 0f 1f 00 41 56
0x00007fc156158872:   41 55 49 89 f5 41 54 55 48 89 fd 53 48 83 ec 60
0x00007fc156158882:   48 8b 06 80 3a 00 be 01 01 00 00 4c 8b 70 18 66
0x00007fc156158892:   89 74 24 20 74 09 48 89 14 24 c6 44 24 20 03 48
0x00007fc1561588a2:   8b 7d 30 e8 d6 15 fc ff 48 89 c7 e8 4e 47 0e 00
0x00007fc1561588b2:   4c 89 f6 48 89 c7 e8 b3 46 01 00 be 01 00 00 00
0x00007fc1561588c2:   bf 40 00 00 00 89 c3 b8 01 01 00 00 66 89 44 24
0x00007fc1561588d2:   50 e8 a8 0a 13 00 48 8d 4c 24 30 41 89 d9 45 31
0x00007fc1561588e2:   c0 48 83 ec 08 48 89 c7 4c 89 ea 4c 89 f6 6a 00
0x00007fc1561588f2:   49 89 c4 e8 26 5d 09 00 48 8b 7d 50 48 8b 4d 30
0x00007fc156158902:   4c 89 e6 48 8d 54 24 10 4c 8b 45 38 48 8b 07 ff
0x00007fc156158912:   50 10 48 8b 5d 00 8b 6d 08 5a 59 48 c1 e5 04 48
0x00007fc156158922:   01 dd 48 39 eb 74 1e 0f 1f 80 00 00 00 00 48 8b
0x00007fc156158932:   53 08 8b 33 4c 89 e7 48 83 c3 10 e8 fe 14 0e 00
0x00007fc156158942:   48 39 dd 75 e9 48 83 c4 60 4c 89 e0 5b 5d 41 5c
0x00007fc156158952:   41 5d 41 5e c3 66 0f 1f 84 00 00 00 00 00 41 56
0x00007fc156158962:   49 89 d6 41 55 49 89 f5 be 01 01 00 00 41 54 55
0x00007fc156158972:   48 89 fd 53 48 83 ec 60 80 39 00 66 89 74 24 20 


Stack slot to memory mapping:
stack at sp + 0 slots: 0x00007fc1cc017800 is a thread
stack at sp + 1 slots: 0x0 is NULL
stack at sp + 2 slots: 0x00007fc1cc017800 is a thread
stack at sp + 3 slots: 0x00007fc1d4dc7299: __libc_malloc+0x00000000000001b9 in /lib/x86_64-linux-gnu/libc.so.6 at 0x00007fc1d4d2d000
stack at sp + 4 slots: 0x0000000000000002 is an unknown value
stack at sp + 5 slots: 0x0000000000000001 is an unknown value
stack at sp + 6 slots: 0x00007fc1cc479640 points into unknown readable memory: 0x0000000000000069 | 69 00 00 00 00 00 00 00
stack at sp + 7 slots: 0x00007fc1cc19b540 points into unknown readable memory: 0x000000008d70f908 | 08 f9 70 8d 00 00 00 00


---------------  P R O C E S S  ---------------

Threads class SMR info:
_java_thread_list=0x00007fc1cc38edf0, length=14, elements={
0x00007fc1cc017800, 0x00007fc1cc19d000, 0x00007fc1cc19f000, 0x00007fc1cc1a7000,
0x00007fc1cc1a9000, 0x00007fc1cc1ab000, 0x00007fc1cc1b5800, 0x00007fc1cc1b7800,
0x00007fc1cc1d5000, 0x00007fc18006d800, 0x00007fc16c001800, 0x00007fc170001800,
0x00007fc1cc283800, 0x00007fc1cc38d800
}

Java Threads: ( => current thread )
=>0x00007fc1cc017800 JavaThread "main" [_thread_in_native, id=4704, stack(0x00007fc1d3617000,0x00007fc1d3718000)]
  0x00007fc1cc19d000 JavaThread "Reference Handler" daemon [_thread_blocked, id=4718, stack(0x00007fc1b4558000,0x00007fc1b4659000)]
  0x00007fc1cc19f000 JavaThread "Finalizer" daemon [_thread_blocked, id=4719, stack(0x00007fc1b4457000,0x00007fc1b4558000)]
  0x00007fc1cc1a7000 JavaThread "Signal Dispatcher" daemon [_thread_blocked, id=4722, stack(0x00007fc1b403e000,0x00007fc1b413f000)]
  0x00007fc1cc1a9000 JavaThread "Service Thread" daemon [_thread_blocked, id=4723, stack(0x00007fc1ac0dc000,0x00007fc1ac1dd000)]
  0x00007fc1cc1ab000 JavaThread "C2 CompilerThread0" daemon [_thread_in_native, id=4724, stack(0x00007fc1a5eff000,0x00007fc1a6000000)]
  0x00007fc1cc1b5800 JavaThread "C1 CompilerThread0" daemon [_thread_blocked, id=4725, stack(0x00007fc1a5dfe000,0x00007fc1a5eff000)]
  0x00007fc1cc1b7800 JavaThread "Sweeper thread" daemon [_thread_blocked, id=4726, stack(0x00007fc1a5cfd000,0x00007fc1a5dfe000)]
  0x00007fc1cc1d5000 JavaThread "Common-Cleaner" daemon [_thread_blocked, id=4729, stack(0x00007fc1a5bfc000,0x00007fc1a5cfd000)]
  0x00007fc18006d800 JavaThread "C1 CompilerThread1" daemon [_thread_blocked, id=4730, stack(0x00007fc1a5afb000,0x00007fc1a5bfc000)]
  0x00007fc16c001800 JavaThread "C1 CompilerThread2" daemon [_thread_blocked, id=4731, stack(0x00007fc1a59fa000,0x00007fc1a5afb000)]
  0x00007fc170001800 JavaThread "C2 CompilerThread1" daemon [_thread_blocked, id=4732, stack(0x00007fc1a58f9000,0x00007fc1a59fa000)]
  0x00007fc1cc283800 JavaThread "Monitor Ctrl-Break" daemon [_thread_in_native, id=4735, stack(0x00007fc1a57f8000,0x00007fc1a58f9000)]
  0x00007fc1cc38d800 JavaThread "JavaCPP Deallocator" daemon [_thread_blocked, id=4738, stack(0x00007fc1a55f6000,0x00007fc1a56f7000)]

Other Threads:
  0x00007fc1cc19a000 VMThread "VM Thread" [stack: 0x00007fc1b465a000,0x00007fc1b475a000] [id=4717]
  0x00007fc1cc285000 WatcherThread [stack: 0x00007fc1a56f8000,0x00007fc1a57f8000] [id=4736]
  0x00007fc1cc02f800 GCTaskThread "GC Thread#0" [stack: 0x00007fc1d32b3000,0x00007fc1d33b3000] [id=4707]
  0x00007fc1cc060800 ConcurrentGCThread "G1 Main Marker" [stack: 0x00007fc1d188a000,0x00007fc1d198a000] [id=4708]
  0x00007fc1cc062800 ConcurrentGCThread "G1 Conc#0" [stack: 0x00007fc1d1789000,0x00007fc1d1889000] [id=4709]
  0x00007fc1cc0fe800 ConcurrentGCThread "G1 Refine#0" [stack: 0x00007fc1d097b000,0x00007fc1d0a7b000] [id=4710]
  0x00007fc1cc100800 ConcurrentGCThread "G1 Young RemSet Sampling" [stack: 0x00007fc1d087a000,0x00007fc1d097a000] [id=4711]

Threads with active compile tasks:
C2 CompilerThread0      454  920       4       jdk.internal.org.objectweb.asm.ByteVector::putUTF8 (142 bytes)

VM state:not at safepoint (normal execution)

VM Mutex/Monitor currently owned by a thread: None

Heap address: 0x0000000086a00000, size: 1942 MB, Compressed Oops mode: 32-bit
Narrow klass base: 0x0000000800000000, Narrow klass shift: 3
Compressed class space size: 1073741824 Address: 0x0000000840000000

Heap:
 garbage-first heap   total 126976K, used 13008K [0x0000000086a00000, 0x0000000100000000)
  region size 1024K, 13 young (13312K), 0 survivors (0K)
 Metaspace       used 4086K, capacity 6556K, committed 6656K, reserved 1056768K
  class space    used 438K, capacity 697K, committed 768K, reserved 1048576K
Heap Regions: E=young(eden), S=young(survivor), O=old, HS=humongous(starts), HC=humongous(continues), CS=collection set, F=free, A=archive, TAMS=top-at-mark-start (previous, next)
|   0|0x0000000086a00000, 0x0000000086a00000, 0x0000000086b00000|  0%| F|  |TAMS 0x0000000086a00000, 0x0000000086a00000| Untracked 
|   1|0x0000000086b00000, 0x0000000086b00000, 0x0000000086c00000|  0%| F|  |TAMS 0x0000000086b00000, 0x0000000086b00000| Untracked 
|   2|0x0000000086c00000, 0x0000000086c00000, 0x0000000086d00000|  0%| F|  |TAMS 0x0000000086c00000, 0x0000000086c00000| Untracked 
|   3|0x0000000086d00000, 0x0000000086d00000, 0x0000000086e00000|  0%| F|  |TAMS 0x0000000086d00000, 0x0000000086d00000| Untracked 
|   4|0x0000000086e00000, 0x0000000086e00000, 0x0000000086f00000|  0%| F|  |TAMS 0x0000000086e00000, 0x0000000086e00000| Untracked 
|   5|0x0000000086f00000, 0x0000000086f00000, 0x0000000087000000|  0%| F|  |TAMS 0x0000000086f00000, 0x0000000086f00000| Untracked 
|   6|0x0000000087000000, 0x0000000087000000, 0x0000000087100000|  0%| F|  |TAMS 0x0000000087000000, 0x0000000087000000| Untracked 
|   7|0x0000000087100000, 0x0000000087100000, 0x0000000087200000|  0%| F|  |TAMS 0x0000000087100000, 0x0000000087100000| Untracked 
|   8|0x0000000087200000, 0x0000000087200000, 0x0000000087300000|  0%| F|  |TAMS 0x0000000087200000, 0x0000000087200000| Untracked 
|   9|0x0000000087300000, 0x0000000087300000, 0x0000000087400000|  0%| F|  |TAMS 0x0000000087300000, 0x0000000087300000| Untracked 
|  10|0x0000000087400000, 0x0000000087400000, 0x0000000087500000|  0%| F|  |TAMS 0x0000000087400000, 0x0000000087400000| Untracked 
|  11|0x0000000087500000, 0x0000000087500000, 0x0000000087600000|  0%| F|  |TAMS 0x0000000087500000, 0x0000000087500000| Untracked 
|  12|0x0000000087600000, 0x0000000087600000, 0x0000000087700000|  0%| F|  |TAMS 0x0000000087600000, 0x0000000087600000| Untracked 
|  13|0x0000000087700000, 0x0000000087700000, 0x0000000087800000|  0%| F|  |TAMS 0x0000000087700000, 0x0000000087700000| Untracked 
|  14|0x0000000087800000, 0x0000000087800000, 0x0000000087900000|  0%| F|  |TAMS 0x0000000087800000, 0x0000000087800000| Untracked 
|  15|0x0000000087900000, 0x0000000087900000, 0x0000000087a00000|  0%| F|  |TAMS 0x0000000087900000, 0x0000000087900000| Untracked 
|  16|0x0000000087a00000, 0x0000000087a00000, 0x0000000087b00000|  0%| F|  |TAMS 0x0000000087a00000, 0x0000000087a00000| Untracked 
|  17|0x0000000087b00000, 0x0000000087b00000, 0x0000000087c00000|  0%| F|  |TAMS 0x0000000087b00000, 0x0000000087b00000| Untracked 
|  18|0x0000000087c00000, 0x0000000087c00000, 0x0000000087d00000|  0%| F|  |TAMS 0x0000000087c00000, 0x0000000087c00000| Untracked 
|  19|0x0000000087d00000, 0x0000000087d00000, 0x0000000087e00000|  0%| F|  |TAMS 0x0000000087d00000, 0x0000000087d00000| Untracked 
|  20|0x0000000087e00000, 0x0000000087e00000, 0x0000000087f00000|  0%| F|  |TAMS 0x0000000087e00000, 0x0000000087e00000| Untracked 
|  21|0x0000000087f00000, 0x0000000087f00000, 0x0000000088000000|  0%| F|  |TAMS 0x0000000087f00000, 0x0000000087f00000| Untracked 
|  22|0x0000000088000000, 0x0000000088000000, 0x0000000088100000|  0%| F|  |TAMS 0x0000000088000000, 0x0000000088000000| Untracked 
|  23|0x0000000088100000, 0x0000000088100000, 0x0000000088200000|  0%| F|  |TAMS 0x0000000088100000, 0x0000000088100000| Untracked 
|  24|0x0000000088200000, 0x0000000088200000, 0x0000000088300000|  0%| F|  |TAMS 0x0000000088200000, 0x0000000088200000| Untracked 
|  25|0x0000000088300000, 0x0000000088300000, 0x0000000088400000|  0%| F|  |TAMS 0x0000000088300000, 0x0000000088300000| Untracked 
|  26|0x0000000088400000, 0x0000000088400000, 0x0000000088500000|  0%| F|  |TAMS 0x0000000088400000, 0x0000000088400000| Untracked 
|  27|0x0000000088500000, 0x0000000088500000, 0x0000000088600000|  0%| F|  |TAMS 0x0000000088500000, 0x0000000088500000| Untracked 
|  28|0x0000000088600000, 0x0000000088600000, 0x0000000088700000|  0%| F|  |TAMS 0x0000000088600000, 0x0000000088600000| Untracked 
|  29|0x0000000088700000, 0x0000000088700000, 0x0000000088800000|  0%| F|  |TAMS 0x0000000088700000, 0x0000000088700000| Untracked 
|  30|0x0000000088800000, 0x0000000088800000, 0x0000000088900000|  0%| F|  |TAMS 0x0000000088800000, 0x0000000088800000| Untracked 
|  31|0x0000000088900000, 0x0000000088900000, 0x0000000088a00000|  0%| F|  |TAMS 0x0000000088900000, 0x0000000088900000| Untracked 
|  32|0x0000000088a00000, 0x0000000088a00000, 0x0000000088b00000|  0%| F|  |TAMS 0x0000000088a00000, 0x0000000088a00000| Untracked 
|  33|0x0000000088b00000, 0x0000000088b00000, 0x0000000088c00000|  0%| F|  |TAMS 0x0000000088b00000, 0x0000000088b00000| Untracked 
|  34|0x0000000088c00000, 0x0000000088c00000, 0x0000000088d00000|  0%| F|  |TAMS 0x0000000088c00000, 0x0000000088c00000| Untracked 
|  35|0x0000000088d00000, 0x0000000088d00000, 0x0000000088e00000|  0%| F|  |TAMS 0x0000000088d00000, 0x0000000088d00000| Untracked 
|  36|0x0000000088e00000, 0x0000000088e00000, 0x0000000088f00000|  0%| F|  |TAMS 0x0000000088e00000, 0x0000000088e00000| Untracked 
|  37|0x0000000088f00000, 0x0000000088f00000, 0x0000000089000000|  0%| F|  |TAMS 0x0000000088f00000, 0x0000000088f00000| Untracked 
|  38|0x0000000089000000, 0x0000000089000000, 0x0000000089100000|  0%| F|  |TAMS 0x0000000089000000, 0x0000000089000000| Untracked 
|  39|0x0000000089100000, 0x0000000089100000, 0x0000000089200000|  0%| F|  |TAMS 0x0000000089100000, 0x0000000089100000| Untracked 
|  40|0x0000000089200000, 0x0000000089200000, 0x0000000089300000|  0%| F|  |TAMS 0x0000000089200000, 0x0000000089200000| Untracked 
|  41|0x0000000089300000, 0x0000000089300000, 0x0000000089400000|  0%| F|  |TAMS 0x0000000089300000, 0x0000000089300000| Untracked 
|  42|0x0000000089400000, 0x0000000089400000, 0x0000000089500000|  0%| F|  |TAMS 0x0000000089400000, 0x0000000089400000| Untracked 
|  43|0x0000000089500000, 0x0000000089500000, 0x0000000089600000|  0%| F|  |TAMS 0x0000000089500000, 0x0000000089500000| Untracked 
|  44|0x0000000089600000, 0x0000000089600000, 0x0000000089700000|  0%| F|  |TAMS 0x0000000089600000, 0x0000000089600000| Untracked 
|  45|0x0000000089700000, 0x0000000089700000, 0x0000000089800000|  0%| F|  |TAMS 0x0000000089700000, 0x0000000089700000| Untracked 
|  46|0x0000000089800000, 0x0000000089800000, 0x0000000089900000|  0%| F|  |TAMS 0x0000000089800000, 0x0000000089800000| Untracked 
|  47|0x0000000089900000, 0x0000000089900000, 0x0000000089a00000|  0%| F|  |TAMS 0x0000000089900000, 0x0000000089900000| Untracked 
|  48|0x0000000089a00000, 0x0000000089a00000, 0x0000000089b00000|  0%| F|  |TAMS 0x0000000089a00000, 0x0000000089a00000| Untracked 
|  49|0x0000000089b00000, 0x0000000089b00000, 0x0000000089c00000|  0%| F|  |TAMS 0x0000000089b00000, 0x0000000089b00000| Untracked 
|  50|0x0000000089c00000, 0x0000000089c00000, 0x0000000089d00000|  0%| F|  |TAMS 0x0000000089c00000, 0x0000000089c00000| Untracked 
|  51|0x0000000089d00000, 0x0000000089d00000, 0x0000000089e00000|  0%| F|  |TAMS 0x0000000089d00000, 0x0000000089d00000| Untracked 
|  52|0x0000000089e00000, 0x0000000089e00000, 0x0000000089f00000|  0%| F|  |TAMS 0x0000000089e00000, 0x0000000089e00000| Untracked 
|  53|0x0000000089f00000, 0x0000000089f00000, 0x000000008a000000|  0%| F|  |TAMS 0x0000000089f00000, 0x0000000089f00000| Untracked 
|  54|0x000000008a000000, 0x000000008a000000, 0x000000008a100000|  0%| F|  |TAMS 0x000000008a000000, 0x000000008a000000| Untracked 
|  55|0x000000008a100000, 0x000000008a100000, 0x000000008a200000|  0%| F|  |TAMS 0x000000008a100000, 0x000000008a100000| Untracked 
|  56|0x000000008a200000, 0x000000008a200000, 0x000000008a300000|  0%| F|  |TAMS 0x000000008a200000, 0x000000008a200000| Untracked 
|  57|0x000000008a300000, 0x000000008a300000, 0x000000008a400000|  0%| F|  |TAMS 0x000000008a300000, 0x000000008a300000| Untracked 
|  58|0x000000008a400000, 0x000000008a400000, 0x000000008a500000|  0%| F|  |TAMS 0x000000008a400000, 0x000000008a400000| Untracked 
|  59|0x000000008a500000, 0x000000008a500000, 0x000000008a600000|  0%| F|  |TAMS 0x000000008a500000, 0x000000008a500000| Untracked 
|  60|0x000000008a600000, 0x000000008a600000, 0x000000008a700000|  0%| F|  |TAMS 0x000000008a600000, 0x000000008a600000| Untracked 
|  61|0x000000008a700000, 0x000000008a700000, 0x000000008a800000|  0%| F|  |TAMS 0x000000008a700000, 0x000000008a700000| Untracked 
|  62|0x000000008a800000, 0x000000008a800000, 0x000000008a900000|  0%| F|  |TAMS 0x000000008a800000, 0x000000008a800000| Untracked 
|  63|0x000000008a900000, 0x000000008a900000, 0x000000008aa00000|  0%| F|  |TAMS 0x000000008a900000, 0x000000008a900000| Untracked 
|  64|0x000000008aa00000, 0x000000008aa00000, 0x000000008ab00000|  0%| F|  |TAMS 0x000000008aa00000, 0x000000008aa00000| Untracked 
|  65|0x000000008ab00000, 0x000000008ab00000, 0x000000008ac00000|  0%| F|  |TAMS 0x000000008ab00000, 0x000000008ab00000| Untracked 
|  66|0x000000008ac00000, 0x000000008ac00000, 0x000000008ad00000|  0%| F|  |TAMS 0x000000008ac00000, 0x000000008ac00000| Untracked 
|  67|0x000000008ad00000, 0x000000008ad00000, 0x000000008ae00000|  0%| F|  |TAMS 0x000000008ad00000, 0x000000008ad00000| Untracked 
|  68|0x000000008ae00000, 0x000000008ae00000, 0x000000008af00000|  0%| F|  |TAMS 0x000000008ae00000, 0x000000008ae00000| Untracked 
|  69|0x000000008af00000, 0x000000008af00000, 0x000000008b000000|  0%| F|  |TAMS 0x000000008af00000, 0x000000008af00000| Untracked 
|  70|0x000000008b000000, 0x000000008b000000, 0x000000008b100000|  0%| F|  |TAMS 0x000000008b000000, 0x000000008b000000| Untracked 
|  71|0x000000008b100000, 0x000000008b100000, 0x000000008b200000|  0%| F|  |TAMS 0x000000008b100000, 0x000000008b100000| Untracked 
|  72|0x000000008b200000, 0x000000008b200000, 0x000000008b300000|  0%| F|  |TAMS 0x000000008b200000, 0x000000008b200000| Untracked 
|  73|0x000000008b300000, 0x000000008b300000, 0x000000008b400000|  0%| F|  |TAMS 0x000000008b300000, 0x000000008b300000| Untracked 
|  74|0x000000008b400000, 0x000000008b400000, 0x000000008b500000|  0%| F|  |TAMS 0x000000008b400000, 0x000000008b400000| Untracked 
|  75|0x000000008b500000, 0x000000008b500000, 0x000000008b600000|  0%| F|  |TAMS 0x000000008b500000, 0x000000008b500000| Untracked 
|  76|0x000000008b600000, 0x000000008b600000, 0x000000008b700000|  0%| F|  |TAMS 0x000000008b600000, 0x000000008b600000| Untracked 
|  77|0x000000008b700000, 0x000000008b700000, 0x000000008b800000|  0%| F|  |TAMS 0x000000008b700000, 0x000000008b700000| Untracked 
|  78|0x000000008b800000, 0x000000008b800000, 0x000000008b900000|  0%| F|  |TAMS 0x000000008b800000, 0x000000008b800000| Untracked 
|  79|0x000000008b900000, 0x000000008b900000, 0x000000008ba00000|  0%| F|  |TAMS 0x000000008b900000, 0x000000008b900000| Untracked 
|  80|0x000000008ba00000, 0x000000008ba00000, 0x000000008bb00000|  0%| F|  |TAMS 0x000000008ba00000, 0x000000008ba00000| Untracked 
|  81|0x000000008bb00000, 0x000000008bb00000, 0x000000008bc00000|  0%| F|  |TAMS 0x000000008bb00000, 0x000000008bb00000| Untracked 
|  82|0x000000008bc00000, 0x000000008bc00000, 0x000000008bd00000|  0%| F|  |TAMS 0x000000008bc00000, 0x000000008bc00000| Untracked 
|  83|0x000000008bd00000, 0x000000008bd00000, 0x000000008be00000|  0%| F|  |TAMS 0x000000008bd00000, 0x000000008bd00000| Untracked 
|  84|0x000000008be00000, 0x000000008be00000, 0x000000008bf00000|  0%| F|  |TAMS 0x000000008be00000, 0x000000008be00000| Untracked 
|  85|0x000000008bf00000, 0x000000008bf00000, 0x000000008c000000|  0%| F|  |TAMS 0x000000008bf00000, 0x000000008bf00000| Untracked 
|  86|0x000000008c000000, 0x000000008c000000, 0x000000008c100000|  0%| F|  |TAMS 0x000000008c000000, 0x000000008c000000| Untracked 
|  87|0x000000008c100000, 0x000000008c100000, 0x000000008c200000|  0%| F|  |TAMS 0x000000008c100000, 0x000000008c100000| Untracked 
|  88|0x000000008c200000, 0x000000008c200000, 0x000000008c300000|  0%| F|  |TAMS 0x000000008c200000, 0x000000008c200000| Untracked 
|  89|0x000000008c300000, 0x000000008c300000, 0x000000008c400000|  0%| F|  |TAMS 0x000000008c300000, 0x000000008c300000| Untracked 
|  90|0x000000008c400000, 0x000000008c400000, 0x000000008c500000|  0%| F|  |TAMS 0x000000008c400000, 0x000000008c400000| Untracked 
|  91|0x000000008c500000, 0x000000008c500000, 0x000000008c600000|  0%| F|  |TAMS 0x000000008c500000, 0x000000008c500000| Untracked 
|  92|0x000000008c600000, 0x000000008c600000, 0x000000008c700000|  0%| F|  |TAMS 0x000000008c600000, 0x000000008c600000| Untracked 
|  93|0x000000008c700000, 0x000000008c700000, 0x000000008c800000|  0%| F|  |TAMS 0x000000008c700000, 0x000000008c700000| Untracked 
|  94|0x000000008c800000, 0x000000008c800000, 0x000000008c900000|  0%| F|  |TAMS 0x000000008c800000, 0x000000008c800000| Untracked 
|  95|0x000000008c900000, 0x000000008c900000, 0x000000008ca00000|  0%| F|  |TAMS 0x000000008c900000, 0x000000008c900000| Untracked 
|  96|0x000000008ca00000, 0x000000008ca00000, 0x000000008cb00000|  0%| F|  |TAMS 0x000000008ca00000, 0x000000008ca00000| Untracked 
|  97|0x000000008cb00000, 0x000000008cb00000, 0x000000008cc00000|  0%| F|  |TAMS 0x000000008cb00000, 0x000000008cb00000| Untracked 
|  98|0x000000008cc00000, 0x000000008cc00000, 0x000000008cd00000|  0%| F|  |TAMS 0x000000008cc00000, 0x000000008cc00000| Untracked 
|  99|0x000000008cd00000, 0x000000008cd00000, 0x000000008ce00000|  0%| F|  |TAMS 0x000000008cd00000, 0x000000008cd00000| Untracked 
| 100|0x000000008ce00000, 0x000000008ce00000, 0x000000008cf00000|  0%| F|  |TAMS 0x000000008ce00000, 0x000000008ce00000| Untracked 
| 101|0x000000008cf00000, 0x000000008cf00000, 0x000000008d000000|  0%| F|  |TAMS 0x000000008cf00000, 0x000000008cf00000| Untracked 
| 102|0x000000008d000000, 0x000000008d000000, 0x000000008d100000|  0%| F|  |TAMS 0x000000008d000000, 0x000000008d000000| Untracked 
| 103|0x000000008d100000, 0x000000008d100000, 0x000000008d200000|  0%| F|  |TAMS 0x000000008d100000, 0x000000008d100000| Untracked 
| 104|0x000000008d200000, 0x000000008d200000, 0x000000008d300000|  0%| F|  |TAMS 0x000000008d200000, 0x000000008d200000| Untracked 
| 105|0x000000008d300000, 0x000000008d300000, 0x000000008d400000|  0%| F|  |TAMS 0x000000008d300000, 0x000000008d300000| Untracked 
| 106|0x000000008d400000, 0x000000008d400000, 0x000000008d500000|  0%| F|  |TAMS 0x000000008d400000, 0x000000008d400000| Untracked 
| 107|0x000000008d500000, 0x000000008d500000, 0x000000008d600000|  0%| F|  |TAMS 0x000000008d500000, 0x000000008d500000| Untracked 
| 108|0x000000008d600000, 0x000000008d600000, 0x000000008d700000|  0%| F|  |TAMS 0x000000008d600000, 0x000000008d600000| Untracked 
| 109|0x000000008d700000, 0x000000008d77b640, 0x000000008d800000| 48%| E|  |TAMS 0x000000008d700000, 0x000000008d700000| Complete 
| 110|0x000000008d800000, 0x000000008d900000, 0x000000008d900000|100%| E|CS|TAMS 0x000000008d800000, 0x000000008d800000| Complete 
| 111|0x000000008d900000, 0x000000008da00000, 0x000000008da00000|100%| E|CS|TAMS 0x000000008d900000, 0x000000008d900000| Complete 
| 112|0x000000008da00000, 0x000000008db00000, 0x000000008db00000|100%| E|CS|TAMS 0x000000008da00000, 0x000000008da00000| Complete 
| 113|0x000000008db00000, 0x000000008dc00000, 0x000000008dc00000|100%| E|CS|TAMS 0x000000008db00000, 0x000000008db00000| Complete 
| 114|0x000000008dc00000, 0x000000008dd00000, 0x000000008dd00000|100%| E|CS|TAMS 0x000000008dc00000, 0x000000008dc00000| Complete 
| 115|0x000000008dd00000, 0x000000008de00000, 0x000000008de00000|100%| E|CS|TAMS 0x000000008dd00000, 0x000000008dd00000| Complete 
| 116|0x000000008de00000, 0x000000008df00000, 0x000000008df00000|100%| E|CS|TAMS 0x000000008de00000, 0x000000008de00000| Complete 
| 117|0x000000008df00000, 0x000000008e000000, 0x000000008e000000|100%| E|CS|TAMS 0x000000008df00000, 0x000000008df00000| Complete 
| 118|0x000000008e000000, 0x000000008e100000, 0x000000008e100000|100%| E|CS|TAMS 0x000000008e000000, 0x000000008e000000| Complete 
| 119|0x000000008e100000, 0x000000008e200000, 0x000000008e200000|100%| E|CS|TAMS 0x000000008e100000, 0x000000008e100000| Complete 
| 120|0x000000008e200000, 0x000000008e300000, 0x000000008e300000|100%| E|CS|TAMS 0x000000008e200000, 0x000000008e200000| Complete 
| 121|0x000000008e300000, 0x000000008e400000, 0x000000008e400000|100%| E|CS|TAMS 0x000000008e300000, 0x000000008e300000| Complete 
|1940|0x00000000ffe00000, 0x00000000ffe48000, 0x00000000fff00000| 28%|OA|  |TAMS 0x00000000ffe00000, 0x00000000ffe00000| Untracked 
|1941|0x00000000fff00000, 0x00000000fff6c000, 0x0000000100000000| 42%|CA|  |TAMS 0x00000000fff00000, 0x00000000fff00000| Untracked 

Card table byte_map: [0x00007fc1d1e0f000,0x00007fc1d21da000] _byte_map_base: 0x00007fc1d19da000

Marking Bits (Prev, Next): (CMBitMap*) 0x00007fc1cc058208, (CMBitMap*) 0x00007fc1cc058240
 Prev Bits: [0x00007fc1ae1a8000, 0x00007fc1b0000000)
 Next Bits: [0x00007fc1ac350000, 0x00007fc1ae1a8000)

Polling page: 0x00007fc1d35cb000

Metaspace:

Usage:
  Non-class:      5.72 MB capacity,     3.56 MB ( 62%) used,     2.15 MB ( 38%) free+waste,     7.12 KB ( <1%) overhead. 
      Class:    697.00 KB capacity,   438.95 KB ( 63%) used,   254.17 KB ( 36%) free+waste,     3.88 KB ( <1%) overhead. 
       Both:      6.40 MB capacity,     3.99 MB ( 62%) used,     2.40 MB ( 37%) free+waste,    11.00 KB ( <1%) overhead. 

Virtual space:
  Non-class space:        8.00 MB reserved,       5.75 MB ( 72%) committed 
      Class space:        1.00 GB reserved,     768.00 KB ( <1%) committed 
             Both:        1.01 GB reserved,       6.50 MB ( <1%) committed 

Chunk freelists:
   Non-Class:  0 bytes
       Class:  7.00 KB
        Both:  7.00 KB

MaxMetaspaceSize: unlimited
CompressedClassSpaceSize: 1.00 GB
Initial GC threshold: 20.80 MB
Current GC threshold: 20.80 MB
CDS: on

CodeHeap 'non-profiled nmethods': size=119172Kb used=234Kb max_used=234Kb free=118937Kb
 bounds [0x00007fc1bc37a000, 0x00007fc1bc5ea000, 0x00007fc1c37db000]
CodeHeap 'profiled nmethods': size=119168Kb used=1758Kb max_used=1758Kb free=117409Kb
 bounds [0x00007fc1b4f1a000, 0x00007fc1b518a000, 0x00007fc1bc37a000]
CodeHeap 'non-nmethods': size=7420Kb used=2276Kb max_used=2296Kb free=5143Kb
 bounds [0x00007fc1b47db000, 0x00007fc1b4a4b000, 0x00007fc1b4f1a000]
 total_blobs=1330 nmethods=919 adapters=323
 compilation: enabled
              stopped_count=0, restarted_count=0
 full_count=0

Compilation events (20 events):
Event: 0.446 Thread 0x00007fc18006d800 nmethod 904 0x00007fc1b50c1590 code [0x00007fc1b50c1880, 0x00007fc1b50c2710]
Event: 0.446 Thread 0x00007fc18006d800  905       3       java.lang.invoke.LambdaForm$Name::<init> (44 bytes)
Event: 0.446 Thread 0x00007fc1cc1b5800 nmethod 911 0x00007fc1b50c2c90 code [0x00007fc1b50c2e60, 0x00007fc1b50c3110]
Event: 0.446 Thread 0x00007fc1cc1b5800  906       3       java.lang.invoke.LambdaForm$NamedFunction::returnType (11 bytes)
Event: 0.446 Thread 0x00007fc1cc1b5800 nmethod 906 0x00007fc1b50c3210 code [0x00007fc1b50c3420, 0x00007fc1b50c38a0]
Event: 0.446 Thread 0x00007fc1cc1b5800  912       3       jdk.internal.org.objectweb.asm.Frame::push (110 bytes)
Event: 0.447 Thread 0x00007fc18006d800 nmethod 905 0x00007fc1b50c3a90 code [0x00007fc1b50c3cc0, 0x00007fc1b50c42a0]
Event: 0.447 Thread 0x00007fc18006d800  910       3       java.lang.invoke.MemberName::getName (25 bytes)
Event: 0.447 Thread 0x00007fc1cc1b5800 nmethod 912 0x00007fc1b50c4590 code [0x00007fc1b50c4780, 0x00007fc1b50c4d00]
Event: 0.447 Thread 0x00007fc18006d800 nmethod 910 0x00007fc1b50c4f10 code [0x00007fc1b50c50e0, 0x00007fc1b50c5460]
Event: 0.447 Thread 0x00007fc18006d800  909       3       java.lang.invoke.LambdaForm::forceInterpretation (14 bytes)
Event: 0.447 Thread 0x00007fc18006d800 nmethod 909 0x00007fc1b50c5590 code [0x00007fc1b50c5740, 0x00007fc1b50c58b0]
Event: 0.448 Thread 0x00007fc16c001800 nmethod 877 0x00007fc1b50c5910 code [0x00007fc1b50c67a0, 0x00007fc1b50cd470]
Event: 0.448 Thread 0x00007fc18006d800  914       3       java.util.ImmutableCollections$ListN::size (6 bytes)
Event: 0.448 Thread 0x00007fc18006d800 nmethod 914 0x00007fc1b50cf310 code [0x00007fc1b50cf4c0, 0x00007fc1b50cf5f0]
Event: 0.448 Thread 0x00007fc18006d800  916       3       java.lang.invoke.InvokerBytecodeGenerator::emitImplicitConversion (159 bytes)
Event: 0.449 Thread 0x00007fc16c001800  917       3       jdk.internal.org.objectweb.asm.Frame::get (46 bytes)
Event: 0.449 Thread 0x00007fc16c001800 nmethod 917 0x00007fc1b50cf690 code [0x00007fc1b50cf840, 0x00007fc1b50cfa50]
Event: 0.450 Thread 0x00007fc1cc1ab000  920       4       jdk.internal.org.objectweb.asm.ByteVector::putUTF8 (142 bytes)
Event: 0.450 Thread 0x00007fc1cc1b5800  919       3       sun.invoke.util.Wrapper::forBasicType (16 bytes)

GC Heap History (0 events):
No events

Deoptimization events (20 events):
Event: 0.390 Thread 0x00007fc1cc017800 DEOPT PACKING pc=0x00007fc1b4ffe788 sp=0x00007fc1d37158b0
Event: 0.390 Thread 0x00007fc1cc017800 DEOPT UNPACKING pc=0x00007fc1b482564a sp=0x00007fc1d3714d20 mode 0
Event: 0.391 Thread 0x00007fc1cc017800 DEOPT PACKING pc=0x00007fc1b4ffe788 sp=0x00007fc1d3715350
Event: 0.391 Thread 0x00007fc1cc017800 DEOPT UNPACKING pc=0x00007fc1b482564a sp=0x00007fc1d37147c0 mode 0
Event: 0.433 Thread 0x00007fc1cc017800 Uncommon trap: trap_request=0xffffffc6 fr.pc=0x00007fc1bc383aa4 relative=0x0000000000000084
Event: 0.433 Thread 0x00007fc1cc017800 Uncommon trap: reason=bimorphic_or_optimized_type_check action=maybe_recompile pc=0x00007fc1bc383aa4 method=java.util.AbstractCollection.isEmpty()Z @ 1 c2
Event: 0.433 Thread 0x00007fc1cc017800 DEOPT PACKING pc=0x00007fc1bc383aa4 sp=0x00007fc1d37152d0
Event: 0.433 Thread 0x00007fc1cc017800 DEOPT UNPACKING pc=0x00007fc1b4824ea5 sp=0x00007fc1d3715280 mode 2
Event: 0.433 Thread 0x00007fc1cc017800 Uncommon trap: trap_request=0xffffffc6 fr.pc=0x00007fc1bc383aa4 relative=0x0000000000000084
Event: 0.433 Thread 0x00007fc1cc017800 Uncommon trap: reason=bimorphic_or_optimized_type_check action=maybe_recompile pc=0x00007fc1bc383aa4 method=java.util.AbstractCollection.isEmpty()Z @ 1 c2
Event: 0.433 Thread 0x00007fc1cc017800 DEOPT PACKING pc=0x00007fc1bc383aa4 sp=0x00007fc1d37154a0
Event: 0.433 Thread 0x00007fc1cc017800 DEOPT UNPACKING pc=0x00007fc1b4824ea5 sp=0x00007fc1d3715450 mode 2
Event: 0.434 Thread 0x00007fc1cc017800 Uncommon trap: trap_request=0xffffffc6 fr.pc=0x00007fc1bc383aa4 relative=0x0000000000000084
Event: 0.434 Thread 0x00007fc1cc017800 Uncommon trap: reason=bimorphic_or_optimized_type_check action=maybe_recompile pc=0x00007fc1bc383aa4 method=java.util.AbstractCollection.isEmpty()Z @ 1 c2
Event: 0.434 Thread 0x00007fc1cc017800 DEOPT PACKING pc=0x00007fc1bc383aa4 sp=0x00007fc1d37154c0
Event: 0.434 Thread 0x00007fc1cc017800 DEOPT UNPACKING pc=0x00007fc1b4824ea5 sp=0x00007fc1d3715470 mode 2
Event: 0.435 Thread 0x00007fc1cc017800 Uncommon trap: trap_request=0xffffffc6 fr.pc=0x00007fc1bc383aa4 relative=0x0000000000000084
Event: 0.435 Thread 0x00007fc1cc017800 Uncommon trap: reason=bimorphic_or_optimized_type_check action=maybe_recompile pc=0x00007fc1bc383aa4 method=java.util.AbstractCollection.isEmpty()Z @ 1 c2
Event: 0.435 Thread 0x00007fc1cc017800 DEOPT PACKING pc=0x00007fc1bc383aa4 sp=0x00007fc1d37152d0
Event: 0.435 Thread 0x00007fc1cc017800 DEOPT UNPACKING pc=0x00007fc1b4824ea5 sp=0x00007fc1d3715280 mode 2

Classes redefined (0 events):
No events

Internal exceptions (20 events):
Event: 0.119 Thread 0x00007fc1cc017800 Exception <a 'java/security/PrivilegedActionException'{0x000000008e1b4d58}> (0x000000008e1b4d58) thrown at [src/hotspot/share/prims/jvm.cpp, line 1304]
Event: 0.119 Thread 0x00007fc1cc017800 Exception <a 'java/security/PrivilegedActionException'{0x000000008e1b56c8}> (0x000000008e1b56c8) thrown at [src/hotspot/share/prims/jvm.cpp, line 1304]
Event: 0.120 Thread 0x00007fc1cc017800 Exception <a 'java/security/PrivilegedActionException'{0x000000008e1b5998}> (0x000000008e1b5998) thrown at [src/hotspot/share/prims/jvm.cpp, line 1304]
Event: 0.120 Thread 0x00007fc1cc017800 Exception <a 'java/security/PrivilegedActionException'{0x000000008e1b6308}> (0x000000008e1b6308) thrown at [src/hotspot/share/prims/jvm.cpp, line 1304]
Event: 0.120 Thread 0x00007fc1cc017800 Exception <a 'java/security/PrivilegedActionException'{0x000000008e1b65d8}> (0x000000008e1b65d8) thrown at [src/hotspot/share/prims/jvm.cpp, line 1304]
Event: 0.120 Thread 0x00007fc1cc017800 Exception <a 'java/security/PrivilegedActionException'{0x000000008e1b6f60}> (0x000000008e1b6f60) thrown at [src/hotspot/share/prims/jvm.cpp, line 1304]
Event: 0.120 Thread 0x00007fc1cc017800 Exception <a 'java/security/PrivilegedActionException'{0x000000008e1b7230}> (0x000000008e1b7230) thrown at [src/hotspot/share/prims/jvm.cpp, line 1304]
Event: 0.120 Thread 0x00007fc1cc017800 Exception <a 'java/security/PrivilegedActionException'{0x000000008e1b7bb8}> (0x000000008e1b7bb8) thrown at [src/hotspot/share/prims/jvm.cpp, line 1304]
Event: 0.120 Thread 0x00007fc1cc017800 Exception <a 'java/security/PrivilegedActionException'{0x000000008e1b7e88}> (0x000000008e1b7e88) thrown at [src/hotspot/share/prims/jvm.cpp, line 1304]
Event: 0.121 Thread 0x00007fc1cc017800 Exception <a 'java/security/PrivilegedActionException'{0x000000008e1b8810}> (0x000000008e1b8810) thrown at [src/hotspot/share/prims/jvm.cpp, line 1304]
Event: 0.121 Thread 0x00007fc1cc017800 Exception <a 'java/security/PrivilegedActionException'{0x000000008e1b8ae0}> (0x000000008e1b8ae0) thrown at [src/hotspot/share/prims/jvm.cpp, line 1304]
Event: 0.121 Thread 0x00007fc1cc017800 Exception <a 'java/security/PrivilegedActionException'{0x000000008e1b9450}> (0x000000008e1b9450) thrown at [src/hotspot/share/prims/jvm.cpp, line 1304]
Event: 0.121 Thread 0x00007fc1cc017800 Exception <a 'java/security/PrivilegedActionException'{0x000000008e1b9720}> (0x000000008e1b9720) thrown at [src/hotspot/share/prims/jvm.cpp, line 1304]
Event: 0.121 Thread 0x00007fc1cc017800 Exception <a 'java/security/PrivilegedActionException'{0x000000008e1ba0a8}> (0x000000008e1ba0a8) thrown at [src/hotspot/share/prims/jvm.cpp, line 1304]
Event: 0.121 Thread 0x00007fc1cc017800 Exception <a 'java/security/PrivilegedActionException'{0x000000008e1ba378}> (0x000000008e1ba378) thrown at [src/hotspot/share/prims/jvm.cpp, line 1304]
Event: 0.292 Thread 0x00007fc1cc017800 Exception <a 'java/lang/NoSuchMethodError'{0x000000008dc244b0}: 'int java.lang.invoke.DirectMethodHandle$Holder.invokeStaticInit(java.lang.Object, java.lang.Object, java.lang.Object, java.lang.Object)'> (0x000000008dc244b0) thrown at [src/hotspot/share/interpreter/linkResolver.cpp, line 772]
Event: 0.295 Thread 0x00007fc1cc017800 Exception <a 'java/lang/IncompatibleClassChangeError'{0x000000008dc2e230}: Found class java.lang.Object, but interface was expected> (0x000000008dc2e230) thrown at [src/hotspot/share/interpreter/linkResolver.cpp, line 839]
Event: 0.296 Thread 0x00007fc1cc017800 Exception <a 'java/lang/NoSuchMethodError'{0x000000008dc313e0}: 'void java.lang.invoke.DirectMethodHandle$Holder.invokeStaticInit(java.lang.Object, java.lang.Object)'> (0x000000008dc313e0) thrown at [src/hotspot/share/interpreter/linkResolver.cpp, line 772]
Event: 0.297 Thread 0x00007fc1cc017800 Exception <a 'java/lang/NoSuchMethodError'{0x000000008dc368b0}: 'int java.lang.invoke.DirectMethodHandle$Holder.invokeStaticInit(java.lang.Object, java.lang.Object)'> (0x000000008dc368b0) thrown at [src/hotspot/share/interpreter/linkResolver.cpp, line 772]
Event: 0.449 Thread 0x00007fc1cc017800 Exception <a 'java/lang/NoSuchMethodError'{0x000000008d7096f8}: 'java.lang.Object java.lang.invoke.DirectMethodHandle$Holder.invokeVirtual(java.lang.Object, java.lang.Object, java.lang.Object)'> (0x000000008d7096f8) thrown at [src/hotspot/share/interpreter/linkResolver.cpp, line 772]

Events (20 events):
Event: 0.435 loading class java/lang/invoke/BoundMethodHandle$Species_LLL
Event: 0.435 loading class java/lang/invoke/BoundMethodHandle$Species_LLL done
Event: 0.436 loading class java/lang/invoke/BoundMethodHandle$Species_LLLL
Event: 0.436 loading class java/lang/invoke/BoundMethodHandle$Species_LLLL done
Event: 0.438 loading class java/lang/invoke/BoundMethodHandle$Species_LLLLL
Event: 0.438 loading class java/lang/invoke/BoundMethodHandle$Species_LLLLL done
Event: 0.439 loading class java/lang/invoke/BoundMethodHandle$Species_LLLLLL
Event: 0.439 loading class java/lang/invoke/BoundMethodHandle$Species_LLLLLL done
Event: 0.441 loading class java/lang/invoke/BoundMethodHandle$Species_LLLLLLI
Event: 0.441 loading class java/lang/invoke/BoundMethodHandle$Species_LLLLLLI done
Event: 0.444 loading class java/lang/invoke/BoundMethodHandle$Species_LLLLLLII
Event: 0.444 loading class java/lang/invoke/BoundMethodHandle$Species_LLLLLLII done
Event: 0.447 loading class java/lang/invoke/BoundMethodHandle$Species_LLLLLLIIL
Event: 0.447 loading class java/lang/invoke/BoundMethodHandle$Species_LLLLLLIIL done
Event: 0.449 loading class org/antlr/v4/runtime/tree/ParseTree
Event: 0.449 loading class org/antlr/v4/runtime/tree/ParseTree done
Event: 0.449 loading class SysYParser$BlockItemContext
Event: 0.449 loading class SysYParser$BlockItemContext done
Event: 0.449 loading class LLVMIRVisitor
Event: 0.449 loading class LLVMIRVisitor done


Dynamic libraries:
86a00000-8e400000 rw-p 00000000 00:00 0 
8e400000-ffe00000 ---p 00000000 00:00 0 
ffe00000-ffe48000 rw-p 00b14000 08:20 43898                              /usr/lib/jvm/java-11-openjdk-amd64/lib/server/classes.jsa
ffe48000-fff00000 rw-p 00000000 00:00 0 
fff00000-fff6c000 rw-p 00aa8000 08:20 43898                              /usr/lib/jvm/java-11-openjdk-amd64/lib/server/classes.jsa
fff6c000-100000000 rw-p 00000000 00:00 0 
800000000-800002000 rwxp 00001000 08:20 43898                            /usr/lib/jvm/java-11-openjdk-amd64/lib/server/classes.jsa
800002000-8003ce000 rw-p 00003000 08:20 43898                            /usr/lib/jvm/java-11-openjdk-amd64/lib/server/classes.jsa
8003ce000-800aa6000 r--p 003cf000 08:20 43898                            /usr/lib/jvm/java-11-openjdk-amd64/lib/server/classes.jsa
800aa6000-800aa7000 rw-p 00aa7000 08:20 43898                            /usr/lib/jvm/java-11-openjdk-amd64/lib/server/classes.jsa
840000000-8400c0000 rw-p 00000000 00:00 0 
8400c0000-880000000 ---p 00000000 00:00 0 
561208f86000-561208f87000 r--p 00000000 08:20 47754                      /usr/lib/jvm/java-11-openjdk-amd64/bin/java
561208f87000-561208f88000 r-xp 00001000 08:20 47754                      /usr/lib/jvm/java-11-openjdk-amd64/bin/java
561208f88000-561208f89000 r--p 00002000 08:20 47754                      /usr/lib/jvm/java-11-openjdk-amd64/bin/java
561208f89000-561208f8a000 r--p 00002000 08:20 47754                      /usr/lib/jvm/java-11-openjdk-amd64/bin/java
561208f8a000-561208f8b000 rw-p 00003000 08:20 47754                      /usr/lib/jvm/java-11-openjdk-amd64/bin/java
56120a191000-56120a1b2000 rw-p 00000000 00:00 0                          [heap]
7fc15552c000-7fc155e52000 r--p 00000000 08:20 84032                      /home/w/.javacpp/cache/llvm-13.0.1-1.5.7-linux-x86_64.jar/org/bytedeco/llvm/linux-x86_64/libLLVM-13.so
7fc155e52000-7fc159815000 r-xp 00926000 08:20 84032                      /home/w/.javacpp/cache/llvm-13.0.1-1.5.7-linux-x86_64.jar/org/bytedeco/llvm/linux-x86_64/libLLVM-13.so
7fc159815000-7fc15ba6a000 r--p 042e9000 08:20 84032                      /home/w/.javacpp/cache/llvm-13.0.1-1.5.7-linux-x86_64.jar/org/bytedeco/llvm/linux-x86_64/libLLVM-13.so
7fc15ba6a000-7fc15bf7f000 r--p 0653d000 08:20 84032                      /home/w/.javacpp/cache/llvm-13.0.1-1.5.7-linux-x86_64.jar/org/bytedeco/llvm/linux-x86_64/libLLVM-13.so
7fc15bf7f000-7fc15bf8a000 rw-p 06a52000 08:20 84032                      /home/w/.javacpp/cache/llvm-13.0.1-1.5.7-linux-x86_64.jar/org/bytedeco/llvm/linux-x86_64/libLLVM-13.so
7fc15bf8a000-7fc15c000000 rw-p 00000000 00:00 0 
7fc15c000000-7fc15c021000 rw-p 00000000 00:00 0 
7fc15c021000-7fc160000000 ---p 00000000 00:00 0 
7fc160000000-7fc160021000 rw-p 00000000 00:00 0 
7fc160021000-7fc164000000 ---p 00000000 00:00 0 
7fc164000000-7fc16410c000 rw-p 00000000 00:00 0 
7fc16410c000-7fc168000000 ---p 00000000 00:00 0 
7fc168000000-7fc168021000 rw-p 00000000 00:00 0 
7fc168021000-7fc16c000000 ---p 00000000 00:00 0 
7fc16c000000-7fc16c0ca000 rw-p 00000000 00:00 0 
7fc16c0ca000-7fc170000000 ---p 00000000 00:00 0 
7fc170000000-7fc170195000 rw-p 00000000 00:00 0 
7fc170195000-7fc174000000 ---p 00000000 00:00 0 
7fc174000000-7fc174021000 rw-p 00000000 00:00 0 
7fc174021000-7fc178000000 ---p 00000000 00:00 0 
7fc178000000-7fc178021000 rw-p 00000000 00:00 0 
7fc178021000-7fc17c000000 ---p 00000000 00:00 0 
7fc17c000000-7fc17c1f5000 rw-p 00000000 00:00 0 
7fc17c1f5000-7fc180000000 ---p 00000000 00:00 0 
7fc180000000-7fc180146000 rw-p 00000000 00:00 0 
7fc180146000-7fc184000000 ---p 00000000 00:00 0 
7fc184000000-7fc184021000 rw-p 00000000 00:00 0 
7fc184021000-7fc188000000 ---p 00000000 00:00 0 
7fc188000000-7fc188021000 rw-p 00000000 00:00 0 
7fc188021000-7fc18c000000 ---p 00000000 00:00 0 
7fc18c000000-7fc18c021000 rw-p 00000000 00:00 0 
7fc18c021000-7fc190000000 ---p 00000000 00:00 0 
7fc190000000-7fc190021000 rw-p 00000000 00:00 0 
7fc190021000-7fc194000000 ---p 00000000 00:00 0 
7fc194000000-7fc194021000 rw-p 00000000 00:00 0 
7fc194021000-7fc198000000 ---p 00000000 00:00 0 
7fc198000000-7fc198021000 rw-p 00000000 00:00 0 
7fc198021000-7fc19c000000 ---p 00000000 00:00 0 
7fc19c000000-7fc19c021000 rw-p 00000000 00:00 0 
7fc19c021000-7fc1a0000000 ---p 00000000 00:00 0 
7fc1a0000000-7fc1a0021000 rw-p 00000000 00:00 0 
7fc1a0021000-7fc1a4000000 ---p 00000000 00:00 0 
7fc1a54f0000-7fc1a5555000 r--p 00000000 08:20 84037                      /home/w/.javacpp/cache/llvm-13.0.1-1.5.7-linux-x86_64.jar/org/bytedeco/llvm/linux-x86_64/libjniLLVM.so
7fc1a5555000-7fc1a55c3000 r-xp 00065000 08:20 84037                      /home/w/.javacpp/cache/llvm-13.0.1-1.5.7-linux-x86_64.jar/org/bytedeco/llvm/linux-x86_64/libjniLLVM.so
7fc1a55c3000-7fc1a55ee000 r--p 000d3000 08:20 84037                      /home/w/.javacpp/cache/llvm-13.0.1-1.5.7-linux-x86_64.jar/org/bytedeco/llvm/linux-x86_64/libjniLLVM.so
7fc1a55ee000-7fc1a55f1000 r--p 000fd000 08:20 84037                      /home/w/.javacpp/cache/llvm-13.0.1-1.5.7-linux-x86_64.jar/org/bytedeco/llvm/linux-x86_64/libjniLLVM.so
7fc1a55f1000-7fc1a55f4000 rw-p 00100000 08:20 84037                      /home/w/.javacpp/cache/llvm-13.0.1-1.5.7-linux-x86_64.jar/org/bytedeco/llvm/linux-x86_64/libjniLLVM.so
7fc1a55f4000-7fc1a55f6000 rw-p 00000000 00:00 0 
7fc1a55f6000-7fc1a55fa000 ---p 00000000 00:00 0 
7fc1a55fa000-7fc1a56f7000 rw-p 00000000 00:00 0 
7fc1a56f7000-7fc1a56f8000 ---p 00000000 00:00 0 
7fc1a56f8000-7fc1a57f8000 rw-p 00000000 00:00 0 
7fc1a57f8000-7fc1a57fc000 ---p 00000000 00:00 0 
7fc1a57fc000-7fc1a58f9000 rw-p 00000000 00:00 0 
7fc1a58f9000-7fc1a58fd000 ---p 00000000 00:00 0 
7fc1a58fd000-7fc1a59fa000 rw-p 00000000 00:00 0 
7fc1a59fa000-7fc1a59fe000 ---p 00000000 00:00 0 
7fc1a59fe000-7fc1a5afb000 rw-p 00000000 00:00 0 
7fc1a5afb000-7fc1a5aff000 ---p 00000000 00:00 0 
7fc1a5aff000-7fc1a5bfc000 rw-p 00000000 00:00 0 
7fc1a5bfc000-7fc1a5c00000 ---p 00000000 00:00 0 
7fc1a5c00000-7fc1a5cfd000 rw-p 00000000 00:00 0 
7fc1a5cfd000-7fc1a5d01000 ---p 00000000 00:00 0 
7fc1a5d01000-7fc1a5dfe000 rw-p 00000000 00:00 0 
7fc1a5dfe000-7fc1a5e02000 ---p 00000000 00:00 0 
7fc1a5e02000-7fc1a5eff000 rw-p 00000000 00:00 0 
7fc1a5eff000-7fc1a5f03000 ---p 00000000 00:00 0 
7fc1a5f03000-7fc1a8000000 rw-p 00000000 00:00 0 
7fc1a8000000-7fc1a8021000 rw-p 00000000 00:00 0 
7fc1a8021000-7fc1ac000000 ---p 00000000 00:00 0 
7fc1ac0c9000-7fc1ac0d0000 r--p 00000000 08:20 84033                      /home/w/.javacpp/cache/llvm-13.0.1-1.5.7-linux-x86_64.jar/org/bytedeco/llvm/linux-x86_64/libLTO.so.13
7fc1ac0d0000-7fc1ac0d8000 r-xp 00007000 08:20 84033                      /home/w/.javacpp/cache/llvm-13.0.1-1.5.7-linux-x86_64.jar/org/bytedeco/llvm/linux-x86_64/libLTO.so.13
7fc1ac0d8000-7fc1ac0da000 r--p 0000f000 08:20 84033                      /home/w/.javacpp/cache/llvm-13.0.1-1.5.7-linux-x86_64.jar/org/bytedeco/llvm/linux-x86_64/libLTO.so.13
7fc1ac0da000-7fc1ac0db000 r--p 00010000 08:20 84033                      /home/w/.javacpp/cache/llvm-13.0.1-1.5.7-linux-x86_64.jar/org/bytedeco/llvm/linux-x86_64/libLTO.so.13
7fc1ac0db000-7fc1ac0dc000 rw-p 00011000 08:20 84033                      /home/w/.javacpp/cache/llvm-13.0.1-1.5.7-linux-x86_64.jar/org/bytedeco/llvm/linux-x86_64/libLTO.so.13
7fc1ac0dc000-7fc1ac0e0000 ---p 00000000 00:00 0 
7fc1ac0e0000-7fc1ac1dd000 rw-p 00000000 00:00 0 
7fc1ac1dd000-7fc1ac350000 r--p 00000000 08:20 22157                      /usr/lib/locale/C.UTF-8/LC_COLLATE
7fc1ac350000-7fc1ac538000 rw-p 00000000 00:00 0 
7fc1ac538000-7fc1ae1a0000 ---p 00000000 00:00 0 
7fc1ae1a0000-7fc1ae390000 rw-p 00000000 00:00 0 
7fc1ae390000-7fc1afff8000 ---p 00000000 00:00 0 
7fc1afff8000-7fc1b0000000 rw-p 00000000 00:00 0 
7fc1b0000000-7fc1b0021000 rw-p 00000000 00:00 0 
7fc1b0021000-7fc1b4000000 ---p 00000000 00:00 0 
7fc1b4001000-7fc1b4005000 r--p 00000000 08:20 84026                      /home/w/.javacpp/cache/javacpp-1.5.7-linux-x86_64.jar/org/bytedeco/javacpp/linux-x86_64/libjnijavacpp.so
7fc1b4005000-7fc1b400c000 r-xp 00004000 08:20 84026                      /home/w/.javacpp/cache/javacpp-1.5.7-linux-x86_64.jar/org/bytedeco/javacpp/linux-x86_64/libjnijavacpp.so
7fc1b400c000-7fc1b4010000 r--p 0000b000 08:20 84026                      /home/w/.javacpp/cache/javacpp-1.5.7-linux-x86_64.jar/org/bytedeco/javacpp/linux-x86_64/libjnijavacpp.so
7fc1b4010000-7fc1b4011000 r--p 0000e000 08:20 84026                      /home/w/.javacpp/cache/javacpp-1.5.7-linux-x86_64.jar/org/bytedeco/javacpp/linux-x86_64/libjnijavacpp.so
7fc1b4011000-7fc1b4012000 rw-p 0000f000 08:20 84026                      /home/w/.javacpp/cache/javacpp-1.5.7-linux-x86_64.jar/org/bytedeco/javacpp/linux-x86_64/libjnijavacpp.so
7fc1b4012000-7fc1b4016000 r--p 00000000 08:20 47903                      /usr/lib/jvm/java-11-openjdk-amd64/lib/libnet.so
7fc1b4016000-7fc1b4024000 r-xp 00004000 08:20 47903                      /usr/lib/jvm/java-11-openjdk-amd64/lib/libnet.so
7fc1b4024000-7fc1b4028000 r--p 00012000 08:20 47903                      /usr/lib/jvm/java-11-openjdk-amd64/lib/libnet.so
7fc1b4028000-7fc1b4029000 r--p 00015000 08:20 47903                      /usr/lib/jvm/java-11-openjdk-amd64/lib/libnet.so
7fc1b4029000-7fc1b402a000 rw-p 00016000 08:20 47903                      /usr/lib/jvm/java-11-openjdk-amd64/lib/libnet.so
7fc1b402a000-7fc1b4031000 r--p 00000000 08:20 47904                      /usr/lib/jvm/java-11-openjdk-amd64/lib/libnio.so
7fc1b4031000-7fc1b4039000 r-xp 00007000 08:20 47904                      /usr/lib/jvm/java-11-openjdk-amd64/lib/libnio.so
7fc1b4039000-7fc1b403c000 r--p 0000f000 08:20 47904                      /usr/lib/jvm/java-11-openjdk-amd64/lib/libnio.so
7fc1b403c000-7fc1b403d000 r--p 00011000 08:20 47904                      /usr/lib/jvm/java-11-openjdk-amd64/lib/libnio.so
7fc1b403d000-7fc1b403e000 rw-p 00012000 08:20 47904                      /usr/lib/jvm/java-11-openjdk-amd64/lib/libnio.so
7fc1b403e000-7fc1b4042000 ---p 00000000 00:00 0 
7fc1b4042000-7fc1b413f000 rw-p 00000000 00:00 0 
7fc1b413f000-7fc1b4171000 r--p 00000000 08:20 22158                      /usr/lib/locale/C.UTF-8/LC_CTYPE
7fc1b4171000-7fc1b4457000 r--p 00000000 08:20 2680                       /usr/lib/locale/locale-archive
7fc1b4457000-7fc1b445b000 ---p 00000000 00:00 0 
7fc1b445b000-7fc1b4558000 rw-p 00000000 00:00 0 
7fc1b4558000-7fc1b455c000 ---p 00000000 00:00 0 
7fc1b455c000-7fc1b4659000 rw-p 00000000 00:00 0 
7fc1b4659000-7fc1b465a000 ---p 00000000 00:00 0 
7fc1b465a000-7fc1b47db000 rw-p 00000000 00:00 0 
7fc1b47db000-7fc1b4a4b000 rwxp 00000000 00:00 0 
7fc1b4a4b000-7fc1b4f1a000 ---p 00000000 00:00 0 
7fc1b4f1a000-7fc1b518a000 rwxp 00000000 00:00 0 
7fc1b518a000-7fc1bc37a000 ---p 00000000 00:00 0 
7fc1bc37a000-7fc1bc5ea000 rwxp 00000000 00:00 0 
7fc1bc5ea000-7fc1c37db000 ---p 00000000 00:00 0 
7fc1c37db000-7fc1cc000000 r--s 00000000 08:20 47913                      /usr/lib/jvm/java-11-openjdk-amd64/lib/modules
7fc1cc000000-7fc1cc47b000 rw-p 00000000 00:00 0 
7fc1cc47b000-7fc1d0000000 ---p 00000000 00:00 0 
7fc1d0007000-7fc1d0008000 r--p 00000000 08:20 84035                      /home/w/.javacpp/cache/llvm-13.0.1-1.5.7-linux-x86_64.jar/org/bytedeco/llvm/linux-x86_64/libRemarks.so.13
7fc1d0008000-7fc1d0009000 r-xp 00001000 08:20 84035                      /home/w/.javacpp/cache/llvm-13.0.1-1.5.7-linux-x86_64.jar/org/bytedeco/llvm/linux-x86_64/libRemarks.so.13
7fc1d0009000-7fc1d000a000 r--p 00002000 08:20 84035                      /home/w/.javacpp/cache/llvm-13.0.1-1.5.7-linux-x86_64.jar/org/bytedeco/llvm/linux-x86_64/libRemarks.so.13
7fc1d000a000-7fc1d000b000 r--p 00002000 08:20 84035                      /home/w/.javacpp/cache/llvm-13.0.1-1.5.7-linux-x86_64.jar/org/bytedeco/llvm/linux-x86_64/libRemarks.so.13
7fc1d000b000-7fc1d000c000 rw-p 00003000 08:20 84035                      /home/w/.javacpp/cache/llvm-13.0.1-1.5.7-linux-x86_64.jar/org/bytedeco/llvm/linux-x86_64/libRemarks.so.13
7fc1d000c000-7fc1d000d000 r--p 00000000 08:20 47885                      /usr/lib/jvm/java-11-openjdk-amd64/lib/libextnet.so
7fc1d000d000-7fc1d000e000 r-xp 00001000 08:20 47885                      /usr/lib/jvm/java-11-openjdk-amd64/lib/libextnet.so
7fc1d000e000-7fc1d000f000 r--p 00002000 08:20 47885                      /usr/lib/jvm/java-11-openjdk-amd64/lib/libextnet.so
7fc1d000f000-7fc1d0010000 r--p 00002000 08:20 47885                      /usr/lib/jvm/java-11-openjdk-amd64/lib/libextnet.so
7fc1d0010000-7fc1d0011000 rw-p 00003000 08:20 47885                      /usr/lib/jvm/java-11-openjdk-amd64/lib/libextnet.so
7fc1d0011000-7fc1d0012000 r--p 00000000 08:20 22164                      /usr/lib/locale/C.UTF-8/LC_NUMERIC
7fc1d0012000-7fc1d0013000 r--p 00000000 08:20 22167                      /usr/lib/locale/C.UTF-8/LC_TIME
7fc1d0013000-7fc1d0014000 r--p 00000000 08:20 22162                      /usr/lib/locale/C.UTF-8/LC_MONETARY
7fc1d0014000-7fc1d0015000 r--p 00000000 08:20 22161                      /usr/lib/locale/C.UTF-8/LC_MESSAGES/SYS_LC_MESSAGES
7fc1d0015000-7fc1d0016000 r--p 00000000 08:20 22165                      /usr/lib/locale/C.UTF-8/LC_PAPER
7fc1d0016000-7fc1d0017000 r--p 00000000 08:20 22163                      /usr/lib/locale/C.UTF-8/LC_NAME
7fc1d0017000-7fc1d001e000 r--s 00000000 08:20 42067                      /usr/lib/x86_64-linux-gnu/gconv/gconv-modules.cache
7fc1d001e000-7fc1d0639000 rw-p 00000000 00:00 0 
7fc1d0639000-7fc1d0879000 ---p 00000000 00:00 0 
7fc1d0879000-7fc1d087a000 ---p 00000000 00:00 0 
7fc1d087a000-7fc1d097a000 rw-p 00000000 00:00 0 
7fc1d097a000-7fc1d097b000 ---p 00000000 00:00 0 
7fc1d097b000-7fc1d1788000 rw-p 00000000 00:00 0 
7fc1d1788000-7fc1d1789000 ---p 00000000 00:00 0 
7fc1d1789000-7fc1d1889000 rw-p 00000000 00:00 0 
7fc1d1889000-7fc1d188a000 ---p 00000000 00:00 0 
7fc1d188a000-7fc1d1a81000 rw-p 00000000 00:00 0 
7fc1d1a81000-7fc1d1e0e000 ---p 00000000 00:00 0 
7fc1d1e0e000-7fc1d1e4c000 rw-p 00000000 00:00 0 
7fc1d1e4c000-7fc1d21d9000 ---p 00000000 00:00 0 
7fc1d21d9000-7fc1d2217000 rw-p 00000000 00:00 0 
7fc1d2217000-7fc1d25a4000 ---p 00000000 00:00 0 
7fc1d25a4000-7fc1d32b2000 rw-p 00000000 00:00 0 
7fc1d32b2000-7fc1d32b3000 ---p 00000000 00:00 0 
7fc1d32b3000-7fc1d33b8000 rw-p 00000000 00:00 0 
7fc1d33b8000-7fc1d349c000 ---p 00000000 00:00 0 
7fc1d349c000-7fc1d34a1000 rw-p 00000000 00:00 0 
7fc1d34a1000-7fc1d3585000 ---p 00000000 00:00 0 
7fc1d3585000-7fc1d358a000 rw-p 00000000 00:00 0 
7fc1d358a000-7fc1d3594000 ---p 00000000 00:00 0 
7fc1d3594000-7fc1d3596000 r--p 00000000 08:20 47912                      /usr/lib/jvm/java-11-openjdk-amd64/lib/libzip.so
7fc1d3596000-7fc1d359b000 r-xp 00002000 08:20 47912                      /usr/lib/jvm/java-11-openjdk-amd64/lib/libzip.so
7fc1d359b000-7fc1d359d000 r--p 00007000 08:20 47912                      /usr/lib/jvm/java-11-openjdk-amd64/lib/libzip.so
7fc1d359d000-7fc1d359e000 r--p 00008000 08:20 47912                      /usr/lib/jvm/java-11-openjdk-amd64/lib/libzip.so
7fc1d359e000-7fc1d359f000 rw-p 00009000 08:20 47912                      /usr/lib/jvm/java-11-openjdk-amd64/lib/libzip.so
7fc1d359f000-7fc1d35a2000 r--p 00000000 08:20 41808                      /usr/lib/x86_64-linux-gnu/libnss_files-2.31.so
7fc1d35a2000-7fc1d35a9000 r-xp 00003000 08:20 41808                      /usr/lib/x86_64-linux-gnu/libnss_files-2.31.so
7fc1d35a9000-7fc1d35ab000 r--p 0000a000 08:20 41808                      /usr/lib/x86_64-linux-gnu/libnss_files-2.31.so
7fc1d35ab000-7fc1d35ac000 r--p 0000b000 08:20 41808                      /usr/lib/x86_64-linux-gnu/libnss_files-2.31.so
7fc1d35ac000-7fc1d35ad000 rw-p 0000c000 08:20 41808                      /usr/lib/x86_64-linux-gnu/libnss_files-2.31.so
7fc1d35ad000-7fc1d35b3000 rw-p 00000000 00:00 0 
7fc1d35b3000-7fc1d35b4000 r--p 00000000 08:20 22156                      /usr/lib/locale/C.UTF-8/LC_ADDRESS
7fc1d35b4000-7fc1d35b5000 r--p 00000000 08:20 22166                      /usr/lib/locale/C.UTF-8/LC_TELEPHONE
7fc1d35b5000-7fc1d35bd000 rw-s 00000000 08:20 44939                      /tmp/hsperfdata_w/4702
7fc1d35bd000-7fc1d35bf000 r--p 00000000 08:20 47887                      /usr/lib/jvm/java-11-openjdk-amd64/lib/libinstrument.so
7fc1d35bf000-7fc1d35c6000 r-xp 00002000 08:20 47887                      /usr/lib/jvm/java-11-openjdk-amd64/lib/libinstrument.so
7fc1d35c6000-7fc1d35c9000 r--p 00009000 08:20 47887                      /usr/lib/jvm/java-11-openjdk-amd64/lib/libinstrument.so
7fc1d35c9000-7fc1d35ca000 r--p 0000b000 08:20 47887                      /usr/lib/jvm/java-11-openjdk-amd64/lib/libinstrument.so
7fc1d35ca000-7fc1d35cb000 rw-p 0000c000 08:20 47887                      /usr/lib/jvm/java-11-openjdk-amd64/lib/libinstrument.so
7fc1d35cb000-7fc1d35cc000 ---p 00000000 00:00 0 
7fc1d35cc000-7fc1d35cd000 r--p 00000000 00:00 0 
7fc1d35cd000-7fc1d35db000 r--p 00000000 08:20 47892                      /usr/lib/jvm/java-11-openjdk-amd64/lib/libjava.so
7fc1d35db000-7fc1d35f1000 r-xp 0000e000 08:20 47892                      /usr/lib/jvm/java-11-openjdk-amd64/lib/libjava.so
7fc1d35f1000-7fc1d35f8000 r--p 00024000 08:20 47892                      /usr/lib/jvm/java-11-openjdk-amd64/lib/libjava.so
7fc1d35f8000-7fc1d35f9000 r--p 0002a000 08:20 47892                      /usr/lib/jvm/java-11-openjdk-amd64/lib/libjava.so
7fc1d35f9000-7fc1d35fa000 rw-p 0002b000 08:20 47892                      /usr/lib/jvm/java-11-openjdk-amd64/lib/libjava.so
7fc1d35fa000-7fc1d35fb000 rw-p 00000000 00:00 0 
7fc1d35fb000-7fc1d3600000 r--p 00000000 08:20 47911                      /usr/lib/jvm/java-11-openjdk-amd64/lib/libverify.so
7fc1d3600000-7fc1d3607000 r-xp 00005000 08:20 47911                      /usr/lib/jvm/java-11-openjdk-amd64/lib/libverify.so
7fc1d3607000-7fc1d3609000 r--p 0000c000 08:20 47911                      /usr/lib/jvm/java-11-openjdk-amd64/lib/libverify.so
7fc1d3609000-7fc1d360a000 ---p 0000e000 08:20 47911                      /usr/lib/jvm/java-11-openjdk-amd64/lib/libverify.so
7fc1d360a000-7fc1d360c000 r--p 0000e000 08:20 47911                      /usr/lib/jvm/java-11-openjdk-amd64/lib/libverify.so
7fc1d360c000-7fc1d360d000 rw-p 00010000 08:20 47911                      /usr/lib/jvm/java-11-openjdk-amd64/lib/libverify.so
7fc1d360d000-7fc1d360f000 r--p 00000000 08:20 41815                      /usr/lib/x86_64-linux-gnu/librt-2.31.so
7fc1d360f000-7fc1d3613000 r-xp 00002000 08:20 41815                      /usr/lib/x86_64-linux-gnu/librt-2.31.so
7fc1d3613000-7fc1d3615000 r--p 00006000 08:20 41815                      /usr/lib/x86_64-linux-gnu/librt-2.31.so
7fc1d3615000-7fc1d3616000 r--p 00007000 08:20 41815                      /usr/lib/x86_64-linux-gnu/librt-2.31.so
7fc1d3616000-7fc1d3617000 rw-p 00008000 08:20 41815                      /usr/lib/x86_64-linux-gnu/librt-2.31.so
7fc1d3617000-7fc1d361b000 ---p 00000000 00:00 0 
7fc1d361b000-7fc1d3718000 rw-p 00000000 00:00 0 
7fc1d3718000-7fc1d371b000 r--p 00000000 08:20 41776                      /usr/lib/x86_64-linux-gnu/libgcc_s.so.1
7fc1d371b000-7fc1d372d000 r-xp 00003000 08:20 41776                      /usr/lib/x86_64-linux-gnu/libgcc_s.so.1
7fc1d372d000-7fc1d3731000 r--p 00015000 08:20 41776                      /usr/lib/x86_64-linux-gnu/libgcc_s.so.1
7fc1d3731000-7fc1d3732000 r--p 00018000 08:20 41776                      /usr/lib/x86_64-linux-gnu/libgcc_s.so.1
7fc1d3732000-7fc1d3733000 rw-p 00019000 08:20 41776                      /usr/lib/x86_64-linux-gnu/libgcc_s.so.1
7fc1d3733000-7fc1d3740000 r--p 00000000 08:20 41802                      /usr/lib/x86_64-linux-gnu/libm-2.31.so
7fc1d3740000-7fc1d37e7000 r-xp 0000d000 08:20 41802                      /usr/lib/x86_64-linux-gnu/libm-2.31.so
7fc1d37e7000-7fc1d3880000 r--p 000b4000 08:20 41802                      /usr/lib/x86_64-linux-gnu/libm-2.31.so
7fc1d3880000-7fc1d3881000 r--p 0014c000 08:20 41802                      /usr/lib/x86_64-linux-gnu/libm-2.31.so
7fc1d3881000-7fc1d3882000 rw-p 0014d000 08:20 41802                      /usr/lib/x86_64-linux-gnu/libm-2.31.so
7fc1d3882000-7fc1d3918000 r--p 00000000 08:20 40202                      /usr/lib/x86_64-linux-gnu/libstdc++.so.6.0.28
7fc1d3918000-7fc1d3a09000 r-xp 00096000 08:20 40202                      /usr/lib/x86_64-linux-gnu/libstdc++.so.6.0.28
7fc1d3a09000-7fc1d3a52000 r--p 00187000 08:20 40202                      /usr/lib/x86_64-linux-gnu/libstdc++.so.6.0.28
7fc1d3a52000-7fc1d3a53000 ---p 001d0000 08:20 40202                      /usr/lib/x86_64-linux-gnu/libstdc++.so.6.0.28
7fc1d3a53000-7fc1d3a5e000 r--p 001d0000 08:20 40202                      /usr/lib/x86_64-linux-gnu/libstdc++.so.6.0.28
7fc1d3a5e000-7fc1d3a61000 rw-p 001db000 08:20 40202                      /usr/lib/x86_64-linux-gnu/libstdc++.so.6.0.28
7fc1d3a61000-7fc1d3a64000 rw-p 00000000 00:00 0 
7fc1d3a64000-7fc1d3ce6000 r--p 00000000 08:20 47918                      /usr/lib/jvm/java-11-openjdk-amd64/lib/server/libjvm.so
7fc1d3ce6000-7fc1d4973000 r-xp 00282000 08:20 47918                      /usr/lib/jvm/java-11-openjdk-amd64/lib/server/libjvm.so
7fc1d4973000-7fc1d4bd4000 r--p 00f0f000 08:20 47918                      /usr/lib/jvm/java-11-openjdk-amd64/lib/server/libjvm.so
7fc1d4bd4000-7fc1d4bd5000 ---p 01170000 08:20 47918                      /usr/lib/jvm/java-11-openjdk-amd64/lib/server/libjvm.so
7fc1d4bd5000-7fc1d4c99000 r--p 01170000 08:20 47918                      /usr/lib/jvm/java-11-openjdk-amd64/lib/server/libjvm.so
7fc1d4c99000-7fc1d4cd4000 rw-p 01234000 08:20 47918                      /usr/lib/jvm/java-11-openjdk-amd64/lib/server/libjvm.so
7fc1d4cd4000-7fc1d4d2d000 rw-p 00000000 00:00 0 
7fc1d4d2d000-7fc1d4d4f000 r--p 00000000 08:20 41800                      /usr/lib/x86_64-linux-gnu/libc-2.31.so
7fc1d4d4f000-7fc1d4ec7000 r-xp 00022000 08:20 41800                      /usr/lib/x86_64-linux-gnu/libc-2.31.so
7fc1d4ec7000-7fc1d4f15000 r--p 0019a000 08:20 41800                      /usr/lib/x86_64-linux-gnu/libc-2.31.so
7fc1d4f15000-7fc1d4f19000 r--p 001e7000 08:20 41800                      /usr/lib/x86_64-linux-gnu/libc-2.31.so
7fc1d4f19000-7fc1d4f1b000 rw-p 001eb000 08:20 41800                      /usr/lib/x86_64-linux-gnu/libc-2.31.so
7fc1d4f1b000-7fc1d4f1f000 rw-p 00000000 00:00 0 
7fc1d4f1f000-7fc1d4f20000 r--p 00000000 08:20 41801                      /usr/lib/x86_64-linux-gnu/libdl-2.31.so
7fc1d4f20000-7fc1d4f22000 r-xp 00001000 08:20 41801                      /usr/lib/x86_64-linux-gnu/libdl-2.31.so
7fc1d4f22000-7fc1d4f23000 r--p 00003000 08:20 41801                      /usr/lib/x86_64-linux-gnu/libdl-2.31.so
7fc1d4f23000-7fc1d4f24000 r--p 00003000 08:20 41801                      /usr/lib/x86_64-linux-gnu/libdl-2.31.so
7fc1d4f24000-7fc1d4f25000 rw-p 00004000 08:20 41801                      /usr/lib/x86_64-linux-gnu/libdl-2.31.so
7fc1d4f25000-7fc1d4f28000 r--p 00000000 08:20 47877                      /usr/lib/jvm/java-11-openjdk-amd64/lib/jli/libjli.so
7fc1d4f28000-7fc1d4f32000 r-xp 00003000 08:20 47877                      /usr/lib/jvm/java-11-openjdk-amd64/lib/jli/libjli.so
7fc1d4f32000-7fc1d4f35000 r--p 0000d000 08:20 47877                      /usr/lib/jvm/java-11-openjdk-amd64/lib/jli/libjli.so
7fc1d4f35000-7fc1d4f36000 ---p 00010000 08:20 47877                      /usr/lib/jvm/java-11-openjdk-amd64/lib/jli/libjli.so
7fc1d4f36000-7fc1d4f37000 r--p 00010000 08:20 47877                      /usr/lib/jvm/java-11-openjdk-amd64/lib/jli/libjli.so
7fc1d4f37000-7fc1d4f38000 rw-p 00011000 08:20 47877                      /usr/lib/jvm/java-11-openjdk-amd64/lib/jli/libjli.so
7fc1d4f38000-7fc1d4f3e000 r--p 00000000 08:20 41813                      /usr/lib/x86_64-linux-gnu/libpthread-2.31.so
7fc1d4f3e000-7fc1d4f4f000 r-xp 00006000 08:20 41813                      /usr/lib/x86_64-linux-gnu/libpthread-2.31.so
7fc1d4f4f000-7fc1d4f55000 r--p 00017000 08:20 41813                      /usr/lib/x86_64-linux-gnu/libpthread-2.31.so
7fc1d4f55000-7fc1d4f56000 r--p 0001c000 08:20 41813                      /usr/lib/x86_64-linux-gnu/libpthread-2.31.so
7fc1d4f56000-7fc1d4f57000 rw-p 0001d000 08:20 41813                      /usr/lib/x86_64-linux-gnu/libpthread-2.31.so
7fc1d4f57000-7fc1d4f5b000 rw-p 00000000 00:00 0 
7fc1d4f5b000-7fc1d4f5d000 r--p 00000000 08:20 13174                      /usr/lib/x86_64-linux-gnu/libz.so.1.2.11
7fc1d4f5d000-7fc1d4f6e000 r-xp 00002000 08:20 13174                      /usr/lib/x86_64-linux-gnu/libz.so.1.2.11
7fc1d4f6e000-7fc1d4f74000 r--p 00013000 08:20 13174                      /usr/lib/x86_64-linux-gnu/libz.so.1.2.11
7fc1d4f74000-7fc1d4f75000 ---p 00019000 08:20 13174                      /usr/lib/x86_64-linux-gnu/libz.so.1.2.11
7fc1d4f75000-7fc1d4f76000 r--p 00019000 08:20 13174                      /usr/lib/x86_64-linux-gnu/libz.so.1.2.11
7fc1d4f76000-7fc1d4f77000 rw-p 0001a000 08:20 13174                      /usr/lib/x86_64-linux-gnu/libz.so.1.2.11
7fc1d4f77000-7fc1d4f78000 r--p 00000000 08:20 22160                      /usr/lib/locale/C.UTF-8/LC_MEASUREMENT
7fc1d4f78000-7fc1d4f7a000 r--p 00000000 08:20 47895                      /usr/lib/jvm/java-11-openjdk-amd64/lib/libjimage.so
7fc1d4f7a000-7fc1d4f7d000 r-xp 00002000 08:20 47895                      /usr/lib/jvm/java-11-openjdk-amd64/lib/libjimage.so
7fc1d4f7d000-7fc1d4f7e000 r--p 00005000 08:20 47895                      /usr/lib/jvm/java-11-openjdk-amd64/lib/libjimage.so
7fc1d4f7e000-7fc1d4f7f000 ---p 00006000 08:20 47895                      /usr/lib/jvm/java-11-openjdk-amd64/lib/libjimage.so
7fc1d4f7f000-7fc1d4f80000 r--p 00006000 08:20 47895                      /usr/lib/jvm/java-11-openjdk-amd64/lib/libjimage.so
7fc1d4f80000-7fc1d4f81000 rw-p 00007000 08:20 47895                      /usr/lib/jvm/java-11-openjdk-amd64/lib/libjimage.so
7fc1d4f81000-7fc1d4f83000 rw-p 00000000 00:00 0 
7fc1d4f83000-7fc1d4f84000 r--p 00000000 08:20 40200                      /usr/lib/x86_64-linux-gnu/ld-2.31.so
7fc1d4f84000-7fc1d4fa7000 r-xp 00001000 08:20 40200                      /usr/lib/x86_64-linux-gnu/ld-2.31.so
7fc1d4fa7000-7fc1d4faf000 r--p 00024000 08:20 40200                      /usr/lib/x86_64-linux-gnu/ld-2.31.so
7fc1d4faf000-7fc1d4fb0000 r--p 00000000 08:20 22159                      /usr/lib/locale/C.UTF-8/LC_IDENTIFICATION
7fc1d4fb0000-7fc1d4fb1000 r--p 0002c000 08:20 40200                      /usr/lib/x86_64-linux-gnu/ld-2.31.so
7fc1d4fb1000-7fc1d4fb2000 rw-p 0002d000 08:20 40200                      /usr/lib/x86_64-linux-gnu/ld-2.31.so
7fc1d4fb2000-7fc1d4fb3000 rw-p 00000000 00:00 0 
7fff481b1000-7fff481d2000 rw-p 00000000 00:00 0                          [stack]
7fff481e6000-7fff481ea000 r--p 00000000 00:00 0                          [vvar]
7fff481ea000-7fff481ec000 r-xp 00000000 00:00 0                          [vdso]


VM Arguments:
jvm_args: -javaagent:/home/w/.cache/JetBrains/RemoteDev/dist/2b05049c6fa27_ideaIU-232.9921.28/lib/idea_rt.jar=60749:/home/w/.cache/JetBrains/RemoteDev/dist/2b05049c6fa27_ideaIU-232.9921.28/bin -Dfile.encoding=UTF-8 
java_command: Main
java_class_path (initial): /home/w/.cache/JetBrains/RemoteDev/dist/2b05049c6fa27_ideaIU-232.9921.28/plugins/remote-dev-server/selfcontained/fontconfig/out/production/Lab:/usr/local/lib/antlr-4.9.1-complete.jar:/usr/local/lib/javacpp-1.5.7-linux-x86_64.jar:/usr/local/lib/javacpp-1.5.7.jar:/usr/local/lib/llvm-13.0.1-1.5.7-linux-x86_64.jar:/usr/local/lib/llvm-13.0.1-1.5.7.jar:/usr/local/lib/llvm-platform-13.0.1-1.5.7.jar
Launcher Type: SUN_STANDARD

[Global flags]
     intx CICompilerCount                          = 12                                        {product} {ergonomic}
     uint ConcGCThreads                            = 3                                         {product} {ergonomic}
     uint G1ConcRefinementThreads                  = 13                                        {product} {ergonomic}
   size_t G1HeapRegionSize                         = 1048576                                   {product} {ergonomic}
    uintx GCDrainStackTargetSize                   = 64                                        {product} {ergonomic}
   size_t InitialHeapSize                          = 127926272                                 {product} {ergonomic}
   size_t MarkStackSize                            = 4194304                                   {product} {ergonomic}
   size_t MaxHeapSize                              = 2036334592                                {product} {ergonomic}
   size_t MaxNewSize                               = 1221591040                                {product} {ergonomic}
   size_t MinHeapDeltaBytes                        = 1048576                                   {product} {ergonomic}
    uintx NonNMethodCodeHeapSize                   = 7594288                                {pd product} {ergonomic}
    uintx NonProfiledCodeHeapSize                  = 122031976                              {pd product} {ergonomic}
    uintx ProfiledCodeHeapSize                     = 122031976                              {pd product} {ergonomic}
    uintx ReservedCodeCacheSize                    = 251658240                              {pd product} {ergonomic}
     bool SegmentedCodeCache                       = true                                      {product} {ergonomic}
     bool UseCompressedClassPointers               = true                                 {lp64_product} {ergonomic}
     bool UseCompressedOops                        = true                                 {lp64_product} {ergonomic}
     bool UseG1GC                                  = true                                      {product} {ergonomic}

Logging:
Log output configuration:
 #0: stdout all=warning uptime,level,tags
 #1: stderr all=off uptime,level,tags

Environment Variables:
PATH=/usr/local/sbin:/usr/local/bin:/usr/sbin:/usr/bin:/sbin:/bin:/usr/games:/usr/local/games:/usr/lib/wsl/lib:/mnt/c/Python312/Scripts/:/mnt/c/Python312/:/mnt/c/Program Files (x86)/Common Files/Oracle/Java/javapath:/mnt/c/Windows/system32:/mnt/c/Windows:/mnt/c/Windows/System32/Wbem:/mnt/c/Windows/System32/WindowsPowerShell/v1.0/:/mnt/c/Windows/System32/OpenSSH/:/mnt/d/mingw64/bin:/mnt/d/codes/vx/web/dll:/mnt/d/cod:/mnt/c/ProgramData/chocolatey/bin:/mnt/c/Users/anti/AppData/Local/Google/Chrome/Application:/mnt/e/web/dll:/mnt/d/cod:/mnt/d/Git/cmd:/mnt/c/Users/anti/AppData/Local/Programs/Python/Python310/Scripts/:/mnt/c/Users/anti/AppData/Local/Programs/Python/Python310/:/mnt/c/Users/anti/AppData/Local/Microsoft/WindowsApps:/mnt/d/CLion 2022.2.3/bin:/mnt/d/Microsoft VS Code/bin:/mnt/d/mingw64/bin:/mnt/f/QQGameTempest/Hall.57915/:/mnt/c/Users/anti/AppData/Local/JetBrains/Toolbox/scripts:/mnt/c/Users/anti/AppData/Local/Microsoft/WindowsApps:/mnt/c/Users/anti/AppData/Local/Pandoc/:/mnt/c/Users/anti/AppData/Roaming/npm:/mnt/d/code/appium:/mnt/d/code/android-sdk-windows/platform-tools:/mnt/d/code/android-sdk-windows/tools:/mnt/c/Program Files/Java/jdk1.8.0_301/bin:/mnt/c/Program Files/Java/jdk1.8.0_301/bin:/mnt/d/code/android-sdk-windows/build-tools/29.0.3:/mnt/d/code/appium/node/:/mnt/f/pyCharm/PyCharm 2024.1/bin:/mnt/e/WebStorm 2023.3.4/bin:/snap/bin
SHELL=/bin/bash
DISPLAY=:0
HOSTTYPE=x86_64
LANG=C.UTF-8
TERM=xterm-256color

Signal Handlers:
SIGSEGV: [libjvm.so+0xe9cbc0], sa_mask[0]=11111111011111111101111111111110, sa_flags=SA_RESTART|SA_SIGINFO
SIGBUS: [libjvm.so+0xe9cbc0], sa_mask[0]=11111111011111111101111111111110, sa_flags=SA_RESTART|SA_SIGINFO
SIGFPE: [libjvm.so+0xe9cbc0], sa_mask[0]=11111111011111111101111111111110, sa_flags=SA_RESTART|SA_SIGINFO
SIGPIPE: [libjvm.so+0xbe3c50], sa_mask[0]=11111111011111111101111111111110, sa_flags=SA_RESTART|SA_SIGINFO
SIGXFSZ: [libjvm.so+0xbe3c50], sa_mask[0]=11111111011111111101111111111110, sa_flags=SA_RESTART|SA_SIGINFO
SIGILL: [libjvm.so+0xe9cbc0], sa_mask[0]=11111111011111111101111111111110, sa_flags=SA_RESTART|SA_SIGINFO
SIGUSR2: [libjvm.so+0xbe3af0], sa_mask[0]=00100000000000000000000000000000, sa_flags=SA_RESTART|SA_SIGINFO
SIGHUP: [libjvm.so+0xbe42b0], sa_mask[0]=11111111011111111101111111111110, sa_flags=SA_RESTART|SA_SIGINFO
SIGINT: [libjvm.so+0xbe42b0], sa_mask[0]=11111111011111111101111111111110, sa_flags=SA_RESTART|SA_SIGINFO
SIGTERM: [libjvm.so+0xbe42b0], sa_mask[0]=11111111011111111101111111111110, sa_flags=SA_RESTART|SA_SIGINFO
SIGQUIT: [libjvm.so+0xbe42b0], sa_mask[0]=11111111011111111101111111111110, sa_flags=SA_RESTART|SA_SIGINFO


---------------  S Y S T E M  ---------------

OS:DISTRIB_ID=Ubuntu
DISTRIB_RELEASE=20.04
DISTRIB_CODENAME=focal
DISTRIB_DESCRIPTION="Ubuntu 20.04.6 LTS"
uname:Linux 5.15.153.1-microsoft-standard-WSL2 #1 SMP Fri Mar 29 23:14:13 UTC 2024 x86_64
OS uptime: 0 days 0:11 hours
libc:glibc 2.31 NPTL 2.31 
rlimit (soft/hard): STACK 8192k/infinity , CORE 0k/infinity , NPROC 31039/31039 , NOFILE 1048576/1048576 , AS infinity/infinity , CPU infinity/infinity , DATA infinity/infinity , FSIZE infinity/infinity , MEMLOCK 65536k/65536k
load average:0.48 0.79 0.54

/proc/meminfo:
MemTotal:        7952736 kB
MemFree:         2995640 kB
MemAvailable:    4498664 kB
Buffers:           35312 kB
Cached:          1659440 kB
SwapCached:            0 kB
Active:           439496 kB
Inactive:        3834604 kB
Active(anon):       3048 kB
Inactive(anon):  2579604 kB
Active(file):     436448 kB
Inactive(file):  1255000 kB
Unevictable:           0 kB
Mlocked:               0 kB
SwapTotal:       2097152 kB
SwapFree:        2097152 kB
Dirty:              8696 kB
Writeback:             0 kB
AnonPages:       2433524 kB
Mapped:           971244 kB
Shmem:              3304 kB
KReclaimable:      54016 kB
Slab:             160084 kB
SReclaimable:      54016 kB
SUnreclaim:       106068 kB
KernelStack:        7872 kB
PageTables:        13452 kB
NFS_Unstable:          0 kB
Bounce:                0 kB
WritebackTmp:          0 kB
CommitLimit:     6073520 kB
Committed_AS:    3058592 kB
VmallocTotal:   34359738367 kB
VmallocUsed:      104388 kB
VmallocChunk:          0 kB
Percpu:            11136 kB
AnonHugePages:    657408 kB
ShmemHugePages:        0 kB
ShmemPmdMapped:        0 kB
FileHugePages:         0 kB
FilePmdMapped:         0 kB
HugePages_Total:       0
HugePages_Free:        0
HugePages_Rsvd:        0
HugePages_Surp:        0
Hugepagesize:       2048 kB
Hugetlb:               0 kB
DirectMap4k:      113664 kB
DirectMap2M:     4943872 kB
DirectMap1G:    11534336 kB

/sys/kernel/mm/transparent_hugepage/enabled:
[always] madvise never
/sys/kernel/mm/transparent_hugepage/defrag (defrag/compaction efforts parameter):
always defer defer+madvise [madvise] never

Process Memory:
Virtual Size: 5117672K (peak: 13431804K)
Resident Set Size: 103488K (peak: 103488K) (anon: 46928K, file: 56560K, shmem: 0K)
Swapped out: 0K
C-Heap outstanding allocations: 37931K, retained: 2868K
glibc malloc tunables: (default)

/proc/sys/kernel/threads-max (system-wide limit on the number of threads):
62078
/proc/sys/vm/max_map_count (maximum number of memory map areas a process may have):
65530
/proc/sys/kernel/pid_max (system-wide limit on number of process identifiers):
4194304

container (cgroup) information:
container_type: cgroupv1
cpu_cpuset_cpus: 0-15
cpu_memory_nodes: 0
active_processor_count: 16
cpu_quota: no quota
cpu_period: 100000
cpu_shares: no shares
memory_limit_in_bytes: unlimited
memory_and_swap_limit_in_bytes: unlimited
memory_soft_limit_in_bytes: unlimited
memory_usage_in_bytes: 4129344 k
memory_max_usage_in_bytes: 407228 k
kernel_memory_usage_in_bytes: 21744 k
kernel_memory_max_usage_in_bytes: unlimited
kernel_memory_limit_in_bytes: 26748 k
maximum number of tasks: not supported
current number of tasks: not supported

Hyper-V virtualization detected
Steal ticks since vm start: 0
Steal ticks percentage since vm start:  0.000

CPU:total 16 (initial active 16) (8 cores per cpu, 2 threads per core) family 6 model 154 stepping 3 microcode 0xffffffff, cmov, cx8, fxsr, mmx, sse, sse2, sse3, ssse3, sse4.1, sse4.2, popcnt, avx, avx2, aes, clmul, erms, 3dnowpref, lzcnt, ht, tsc, tscinvbit, bmi1, bmi2, adx, sha, fma
CPU Model and flags from /proc/cpuinfo:
model name	: 12th Gen Intel(R) Core(TM) i5-1240P
flags		: fpu vme de pse tsc msr pae mce cx8 apic sep mtrr pge mca cmov pat pse36 clflush mmx fxsr sse sse2 ss ht syscall nx pdpe1gb rdtscp lm constant_tsc rep_good nopl xtopology tsc_reliable nonstop_tsc cpuid pni pclmulqdq ssse3 fma cx16 sse4_1 sse4_2 x2apic movbe popcnt tsc_deadline_timer aes xsave avx f16c rdrand hypervisor lahf_lm abm 3dnowprefetch ssbd ibrs ibpb stibp ibrs_enhanced fsgsbase tsc_adjust bmi1 avx2 smep bmi2 erms invpcid rdseed adx smap clflushopt clwb sha_ni xsaveopt xsavec xgetbv1 xsaves avx_vnni umip waitpkg gfni vaes vpclmulqdq rdpid movdiri movdir64b fsrm md_clear serialize flush_l1d arch_capabilities
Online cpus:
0-15
Offline cpus:

BIOS frequency limitation:
<Not Available>
Frequency switch latency (ns):
<Not Available>
Available cpu frequencies:
<Not Available>
Current governor:
<Not Available>
Core performance/turbo boost:
<Not Available>

Memory: 4k page, physical 7952736k(2995640k free), swap 2097152k(2097152k free)

vm_info: OpenJDK 64-Bit Server VM (11.0.22+7-post-Ubuntu-0ubuntu220.04.1) for linux-amd64 JRE (11.0.22+7-post-Ubuntu-0ubuntu220.04.1), built on Feb  5 2024 20:49:28 by "unknown" with gcc 10.5.0

END.
