#
# A fatal error has been detected by the Java Runtime Environment:
#
#  SIGSEGV (0xb) at pc=0x00007f531215bd0c, pid=15733, tid=15734
#
# JRE version: OpenJDK Runtime Environment (11.0.22+7) (build 11.0.22+7-post-Ubuntu-0ubuntu220.04.1)
# Java VM: OpenJDK 64-Bit Server VM (11.0.22+7-post-Ubuntu-0ubuntu220.04.1, mixed mode, sharing, tiered, compressed oops, g1 gc, linux-amd64)
# Problematic frame:
# C  [libLLVM-13.so+0xc2fd0c]  LLVMBuildCall+0x1c
#
# No core dump will be written. Core dumps have been disabled. To enable core dumping, try "ulimit -c unlimited" before starting Java again
#
# If you would like to submit a bug report, please visit:
#   https://bugs.launchpad.net/ubuntu/+source/openjdk-lts
# The crash happened outside the Java Virtual Machine in native code.
# See problematic frame for where to report the bug.
#

---------------  S U M M A R Y ------------

Command Line: -agentlib:jdwp=transport=dt_socket,address=127.0.0.1:60885,suspend=y,server=n -javaagent:/home/w/.cache/JetBrains/RemoteDev/dist/2b05049c6fa27_ideaIU-232.9921.28/plugins/java/lib/rt/debugger-agent.jar -Dfile.encoding=UTF-8 Main

Host: 12th Gen Intel(R) Core(TM) i5-1240P, 16 cores, 7G, Ubuntu 20.04.6 LTS
Time: Mon May 27 15:32:39 2024 CST elapsed time: 13.455540 seconds (0d 0h 0m 13s)

---------------  T H R E A D  ---------------

Current thread (0x00007f539801c000):  JavaThread "main" [_thread_in_native, id=15734, stack(0x00007f539eba2000,0x00007f539eca3000)]

Stack: [0x00007f539eba2000,0x00007f539eca3000],  sp=0x00007f539eca0a10,  free space=1018k
Native frames: (J=compiled Java code, A=aot compiled Java code, j=interpreted, Vv=VM code, C=native code)
C  [libLLVM-13.so+0xc2fd0c]  LLVMBuildCall+0x1c

Java frames: (J=compiled Java code, j=interpreted, Vv=VM code)
j  org.bytedeco.llvm.global.LLVM.LLVMBuildCall(Lorg/bytedeco/llvm/LLVM/LLVMBuilderRef;Lorg/bytedeco/llvm/LLVM/LLVMValueRef;Lorg/bytedeco/javacpp/PointerPointer;ILjava/lang/String;)Lorg/bytedeco/llvm/LLVM/LLVMValueRef;+0
j  LLVMIRVisitor.visitFuncCallExp(LSysYParser$FuncCallExpContext;)Lorg/bytedeco/llvm/LLVM/LLVMValueRef;+121
j  LLVMIRVisitor.visitFuncCallExp(LSysYParser$FuncCallExpContext;)Ljava/lang/Object;+2
j  SysYParser$FuncCallExpContext.accept(Lorg/antlr/v4/runtime/tree/ParseTreeVisitor;)Ljava/lang/Object;+12
j  org.antlr.v4.runtime.tree.AbstractParseTreeVisitor.visit(Lorg/antlr/v4/runtime/tree/ParseTree;)Ljava/lang/Object;+2
j  LLVMIRVisitor.visitStmt(LSysYParser$StmtContext;)Lorg/bytedeco/llvm/LLVM/LLVMValueRef;+54
j  LLVMIRVisitor.visitStmt(LSysYParser$StmtContext;)Ljava/lang/Object;+2
j  SysYParser$StmtContext.accept(Lorg/antlr/v4/runtime/tree/ParseTreeVisitor;)Ljava/lang/Object;+12
j  org.antlr.v4.runtime.tree.AbstractParseTreeVisitor.visitChildren(Lorg/antlr/v4/runtime/tree/RuleNode;)Ljava/lang/Object;+46
j  SysYParserBaseVisitor.visitBlockItem(LSysYParser$BlockItemContext;)Ljava/lang/Object;+2
j  SysYParser$BlockItemContext.accept(Lorg/antlr/v4/runtime/tree/ParseTreeVisitor;)Ljava/lang/Object;+12
j  org.antlr.v4.runtime.tree.AbstractParseTreeVisitor.visit(Lorg/antlr/v4/runtime/tree/ParseTree;)Ljava/lang/Object;+2
j  LLVMIRVisitor$$Lambda$30.accept(Ljava/lang/Object;)V+11
j  java.util.ArrayList.forEach(Ljava/util/function/Consumer;)V+46 java.base@11.0.22
j  LLVMIRVisitor.visitBlock(LSysYParser$BlockContext;)Lorg/bytedeco/llvm/LLVM/LLVMValueRef;+25
j  LLVMIRVisitor.visitBlock(LSysYParser$BlockContext;)Ljava/lang/Object;+2
j  SysYParser$BlockContext.accept(Lorg/antlr/v4/runtime/tree/ParseTreeVisitor;)Ljava/lang/Object;+12
j  org.antlr.v4.runtime.tree.AbstractParseTreeVisitor.visitChildren(Lorg/antlr/v4/runtime/tree/RuleNode;)Ljava/lang/Object;+46
j  SysYParserBaseVisitor.visitFuncDef(LSysYParser$FuncDefContext;)Ljava/lang/Object;+2
j  LLVMIRVisitor.visitFuncDef(LSysYParser$FuncDefContext;)Lorg/bytedeco/llvm/LLVM/LLVMValueRef;+232
j  LLVMIRVisitor.visitFuncDef(LSysYParser$FuncDefContext;)Ljava/lang/Object;+2
j  SysYParser$FuncDefContext.accept(Lorg/antlr/v4/runtime/tree/ParseTreeVisitor;)Ljava/lang/Object;+12
j  org.antlr.v4.runtime.tree.AbstractParseTreeVisitor.visitChildren(Lorg/antlr/v4/runtime/tree/RuleNode;)Ljava/lang/Object;+46
j  SysYParserBaseVisitor.visitCompUnit(LSysYParser$CompUnitContext;)Ljava/lang/Object;+2
j  SysYParser$CompUnitContext.accept(Lorg/antlr/v4/runtime/tree/ParseTreeVisitor;)Ljava/lang/Object;+12
j  org.antlr.v4.runtime.tree.AbstractParseTreeVisitor.visitChildren(Lorg/antlr/v4/runtime/tree/RuleNode;)Ljava/lang/Object;+46
j  SysYParserBaseVisitor.visitProgram(LSysYParser$ProgramContext;)Ljava/lang/Object;+2
j  LLVMIRVisitor.visitProgram(LSysYParser$ProgramContext;)Lorg/bytedeco/llvm/LLVM/LLVMValueRef;+22
j  LLVMIRVisitor.visitProgram(LSysYParser$ProgramContext;)Ljava/lang/Object;+2
j  SysYParser$ProgramContext.accept(Lorg/antlr/v4/runtime/tree/ParseTreeVisitor;)Ljava/lang/Object;+12
j  org.antlr.v4.runtime.tree.AbstractParseTreeVisitor.visit(Lorg/antlr/v4/runtime/tree/ParseTree;)Ljava/lang/Object;+2
j  Main.main([Ljava/lang/String;)V+62
v  ~StubRoutines::call_stub

siginfo: si_signo: 11 (SIGSEGV), si_code: 1 (SEGV_MAPERR), si_addr: 0x0000000000000000

Register to memory mapping:

RAX=0x00007f5398223890 points into unknown readable memory: 0x0000000000000000 | 00 00 00 00 00 00 00 00
RBX=0x00007f5398468aa0 points into unknown readable memory: 0x00007f5398468ab0 | b0 8a 46 98 53 7f 00 00
RCX=0x0000000000000001 is an unknown value
RDX=0x00007f539849d4d0 points into unknown readable memory: 0x00007f5398499bd0 | d0 9b 49 98 53 7f 00 00
RSP=0x00007f539eca0a10 is pointing into the stack for thread: 0x00007f539801c000
RBP=0x00007f539801c348 points into unknown readable memory: 0x00007f53a022ab40 | 40 ab 22 a0 53 7f 00 00
RSI=0x0 is NULL
RDI=0x0000000000000101 is an unknown value
R8 =0x00007f5398223890 points into unknown readable memory: 0x0000000000000000 | 00 00 00 00 00 00 00 00
R9 =0x00007f539801c000 is a thread
R10=0x0 is NULL
R11=0x00007f531215bcf0: LLVMBuildCall+0x0000000000000000 in /home/w/.javacpp/cache/llvm-13.0.1-1.5.7-linux-x86_64.jar/org/bytedeco/llvm/linux-x86_64/libLLVM-13.so at 0x00007f531152c000
R12=0x0 is NULL
R13=0x00007f5398468aa0 points into unknown readable memory: 0x00007f5398468ab0 | b0 8a 46 98 53 7f 00 00
R14=0x00007f539849d4d0 points into unknown readable memory: 0x00007f5398499bd0 | d0 9b 49 98 53 7f 00 00
R15=0x00007f5398223890 points into unknown readable memory: 0x0000000000000000 | 00 00 00 00 00 00 00 00


Registers:
RAX=0x00007f5398223890, RBX=0x00007f5398468aa0, RCX=0x0000000000000001, RDX=0x00007f539849d4d0
RSP=0x00007f539eca0a10, RBP=0x00007f539801c348, RSI=0x0000000000000000, RDI=0x0000000000000101
R8 =0x00007f5398223890, R9 =0x00007f539801c000, R10=0x0000000000000000, R11=0x00007f531215bcf0
R12=0x0000000000000000, R13=0x00007f5398468aa0, R14=0x00007f539849d4d0, R15=0x00007f5398223890
RIP=0x00007f531215bd0c, EFLAGS=0x0000000000010202, CSGSFS=0x002b000000000033, ERR=0x0000000000000004
  TRAPNO=0x000000000000000e

Top of Stack: (sp=0x00007f539eca0a10)
0x00007f539eca0a10:   00007f539801c000 000000008d5bcab0
0x00007f539eca0a20:   0000000000000000 00007f539eca1ac0
0x00007f539eca0a30:   00007f539eca0aa0 00007f539f8e71ba
0x00007f539eca0a40:   00007f539eca0adf 00007f539801c000 

Instructions: (pc=0x00007f531215bd0c)
0x00007f531215bc0c:   98 00 00 00 0f b6 c8 83 e9 12 83 f9 01 77 0b 48
0x00007f531215bc1c:   8b 42 10 48 8b 00 0f b6 40 08 3c 06 77 25 48 8b
0x00007f531215bc2c:   55 58 44 8b 6d 60 48 85 d2 74 0d be 03 00 00 00
0x00007f531215bc3c:   4c 89 e7 e8 fc e1 0d 00 44 89 ee 4c 89 e7 e8 41
0x00007f531215bc4c:   95 08 00 48 8b 7d 50 48 8b 4d 30 48 89 e2 4c 89
0x00007f531215bc5c:   e6 4c 8b 45 38 48 8b 07 ff 50 10 48 8b 5d 00 8b
0x00007f531215bc6c:   6d 08 48 c1 e5 04 48 01 dd 48 39 eb 74 1d 66 0f
0x00007f531215bc7c:   1f 44 00 00 48 8b 53 08 8b 33 4c 89 e7 48 83 c3
0x00007f531215bc8c:   10 e8 ae e1 0d 00 48 39 dd 75 e9 48 83 c4 68 4c
0x00007f531215bc9c:   89 e0 5b 5d 41 5c 41 5d c3 0f 1f 00 48 8b 52 18
0x00007f531215bcac:   0f b6 42 08 3c 11 0f 85 58 ff ff ff 48 8b 52 18
0x00007f531215bcbc:   0f b6 42 08 3c 11 74 e4 e9 47 ff ff ff 0f 1f 80
0x00007f531215bccc:   00 00 00 00 3c 05 0f 85 77 ff ff ff 41 0f b7 44
0x00007f531215bcdc:   24 12 e9 fd fe ff ff 66 2e 0f 1f 84 00 00 00 00
0x00007f531215bcec:   00 0f 1f 00 41 57 49 89 f2 41 56 41 55 41 54 55
0x00007f531215bcfc:   53 48 89 fb bf 01 01 00 00 48 81 ec 98 00 00 00
0x00007f531215bd0c:   48 8b 06 41 80 38 00 48 89 14 24 4c 8b 58 18 66
0x00007f531215bd1c:   89 7c 24 50 74 0a 4c 89 44 24 30 c6 44 24 50 03
0x00007f531215bd2c:   4c 8b 43 70 48 8b 6b 68 be 01 01 00 00 41 89 c9
0x00007f531215bd3c:   66 89 b4 24 80 00 00 00 4d 89 c5 49 c1 e5 05 49
0x00007f531215bd4c:   01 ed 49 39 ed 0f 84 89 02 00 00 48 89 ea 31 f6
0x00007f531215bd5c:   0f 1f 40 00 48 8b 42 10 48 2b 42 08 48 83 c2 20
0x00007f531215bd6c:   48 c1 f8 03 01 c6 49 39 d5 75 e9 83 c1 01 44 89
0x00007f531215bd7c:   c2 bf 50 00 00 00 4c 89 54 24 28 01 ce c1 e2 04
0x00007f531215bd8c:   4c 89 4c 24 20 49 89 ee 4c 89 5c 24 18 4c 89 44
0x00007f531215bd9c:   24 10 89 4c 24 08 e8 f9 d6 12 00 4c 8b 44 24 10
0x00007f531215bdac:   4c 8b 4c 24 20 48 89 ee 4c 8b 54 24 28 4c 8b 5c
0x00007f531215bdbc:   24 18 49 89 c4 8b 4c 24 08 4d 89 c7 4c 89 c8 45
0x00007f531215bdcc:   31 c0 66 90 48 8b 56 10 48 2b 56 08 48 83 c6 20
0x00007f531215bddc:   48 c1 fa 03 41 01 d0 49 39 f5 75 e8 41 01 c8 31
0x00007f531215bdec:   c9 0f 1f 00 48 8b 55 10 48 2b 55 08 48 83 c5 20
0x00007f531215bdfc:   48 c1 fa 03 01 d1 49 39 ed 75 e9 49 01 c9 49 8b 


Stack slot to memory mapping:
stack at sp + 0 slots: 0x00007f539801c000 is a thread
stack at sp + 1 slots: 0x000000008d5bcab0 points into unknown readable memory: 0x0000000000000001 | 01 00 00 00 00 00 00 00
stack at sp + 2 slots: 0x0 is NULL
stack at sp + 3 slots: 0x00007f539eca1ac0 is pointing into the stack for thread: 0x00007f539801c000
stack at sp + 4 slots: 0x00007f539eca0aa0 is pointing into the stack for thread: 0x00007f539801c000
stack at sp + 5 slots: 0x00007f539f8e71ba: <offset 0x00000000008f81ba> in /usr/lib/jvm/java-11-openjdk-amd64/lib/server/libjvm.so at 0x00007f539efef000
stack at sp + 6 slots: 0x00007f539eca0adf is pointing into the stack for thread: 0x00007f539801c000
stack at sp + 7 slots: 0x00007f539801c000 is a thread


---------------  P R O C E S S  ---------------

Threads class SMR info:
_java_thread_list=0x00007f5338000e70, length=13, elements={
0x00007f539801c000, 0x00007f53981a2800, 0x00007f53981a5000, 0x00007f53981a9000,
0x00007f53981ab000, 0x00007f53981ad800, 0x00007f53981af800, 0x00007f53981b1800,
0x00007f53981d7800, 0x00007f5398221000, 0x00007f5398225800, 0x00007f5328001800,
0x00007f53983a9800
}

Java Threads: ( => current thread )
=>0x00007f539801c000 JavaThread "main" [_thread_in_native, id=15734, stack(0x00007f539eba2000,0x00007f539eca3000)]
  0x00007f53981a2800 JavaThread "Reference Handler" daemon [_thread_blocked, id=15749, stack(0x00007f53780cd000,0x00007f53781ce000)]
  0x00007f53981a5000 JavaThread "Finalizer" daemon [_thread_blocked, id=15750, stack(0x00007f53716ff000,0x00007f5371800000)]
  0x00007f53981a9000 JavaThread "Signal Dispatcher" daemon [_thread_blocked, id=15752, stack(0x00007f53715fe000,0x00007f53716ff000)]
  0x00007f53981ab000 JavaThread "Service Thread" daemon [_thread_blocked, id=15753, stack(0x00007f53714fd000,0x00007f53715fe000)]
  0x00007f53981ad800 JavaThread "C2 CompilerThread0" daemon [_thread_blocked, id=15754, stack(0x00007f53713fc000,0x00007f53714fd000)]
  0x00007f53981af800 JavaThread "C1 CompilerThread0" daemon [_thread_blocked, id=15755, stack(0x00007f53712fb000,0x00007f53713fc000)]
  0x00007f53981b1800 JavaThread "Sweeper thread" daemon [_thread_blocked, id=15756, stack(0x00007f53711fa000,0x00007f53712fb000)]
  0x00007f53981d7800 JavaThread "Common-Cleaner" daemon [_thread_blocked, id=15759, stack(0x00007f53710f9000,0x00007f53711fa000)]
  0x00007f5398221000 JavaThread "JDWP Transport Listener: dt_socket" daemon [_thread_blocked, id=15766, stack(0x00007f5370bf4000,0x00007f5370cf5000)]
  0x00007f5398225800 JavaThread "JDWP Event Helper Thread" daemon [_thread_blocked, id=15769, stack(0x00007f5370af3000,0x00007f5370bf4000)]
  0x00007f5328001800 JavaThread "JDWP Command Reader" daemon [_thread_in_native, id=15770, stack(0x00007f53709f2000,0x00007f5370af3000)]
  0x00007f53983a9800 JavaThread "JavaCPP Deallocator" daemon [_thread_blocked, id=15775, stack(0x00007f53707f0000,0x00007f53708f1000)]

Other Threads:
  0x00007f53981a0000 VMThread "VM Thread" [stack: 0x00007f53781cf000,0x00007f53782cf000] [id=15748]
  0x00007f5398237000 WatcherThread [stack: 0x00007f53708f2000,0x00007f53709f2000] [id=15772]
  0x00007f5398035800 GCTaskThread "GC Thread#0" [stack: 0x00007f539e35f000,0x00007f539e45f000] [id=15736]
  0x00007f5398066800 ConcurrentGCThread "G1 Main Marker" [stack: 0x00007f539c936000,0x00007f539ca36000] [id=15737]
  0x00007f5398068800 ConcurrentGCThread "G1 Conc#0" [stack: 0x00007f539c835000,0x00007f539c935000] [id=15739]
  0x00007f5398104800 ConcurrentGCThread "G1 Refine#0" [stack: 0x00007f53801d6000,0x00007f53802d6000] [id=15741]
  0x00007f5398106800 ConcurrentGCThread "G1 Young RemSet Sampling" [stack: 0x00007f53800d5000,0x00007f53801d5000] [id=15742]

Threads with active compile tasks:

VM state:not at safepoint (normal execution)

VM Mutex/Monitor currently owned by a thread: None

Heap address: 0x0000000086a00000, size: 1942 MB, Compressed Oops mode: 32-bit
Narrow klass base: 0x0000000800000000, Narrow klass shift: 3
Compressed class space size: 1073741824 Address: 0x0000000840000000

Heap:
 garbage-first heap   total 126976K, used 14032K [0x0000000086a00000, 0x0000000100000000)
  region size 1024K, 15 young (15360K), 0 survivors (0K)
 Metaspace       used 3923K, capacity 6559K, committed 6656K, reserved 1056768K
  class space    used 421K, capacity 696K, committed 768K, reserved 1048576K
Heap Regions: E=young(eden), S=young(survivor), O=old, HS=humongous(starts), HC=humongous(continues), CS=collection set, F=free, A=archive, TAMS=top-at-mark-start (previous, next)
|   0|0x0000000086a00000, 0x0000000086a00000, 0x0000000086b00000|  0%| F|  |TAMS 0x0000000086a00000, 0x0000000086a00000| Untracked 
|   1|0x0000000086b00000, 0x0000000086b00000, 0x0000000086c00000|  0%| F|  |TAMS 0x0000000086b00000, 0x0000000086b00000| Untracked 
|   2|0x0000000086c00000, 0x0000000086c00000, 0x0000000086d00000|  0%| F|  |TAMS 0x0000000086c00000, 0x0000000086c00000| Untracked 
|   3|0x0000000086d00000, 0x0000000086d00000, 0x0000000086e00000|  0%| F|  |TAMS 0x0000000086d00000, 0x0000000086d00000| Untracked 
|   4|0x0000000086e00000, 0x0000000086e00000, 0x0000000086f00000|  0%| F|  |TAMS 0x0000000086e00000, 0x0000000086e00000| Untracked 
|   5|0x0000000086f00000, 0x0000000086f00000, 0x0000000087000000|  0%| F|  |TAMS 0x0000000086f00000, 0x0000000086f00000| Untracked 
|   6|0x0000000087000000, 0x0000000087000000, 0x0000000087100000|  0%| F|  |TAMS 0x0000000087000000, 0x0000000087000000| Untracked 
|   7|0x0000000087100000, 0x0000000087100000, 0x0000000087200000|  0%| F|  |TAMS 0x0000000087100000, 0x0000000087100000| Untracked 
|   8|0x0000000087200000, 0x0000000087200000, 0x0000000087300000|  0%| F|  |TAMS 0x0000000087200000, 0x0000000087200000| Untracked 
|   9|0x0000000087300000, 0x0000000087300000, 0x0000000087400000|  0%| F|  |TAMS 0x0000000087300000, 0x0000000087300000| Untracked 
|  10|0x0000000087400000, 0x0000000087400000, 0x0000000087500000|  0%| F|  |TAMS 0x0000000087400000, 0x0000000087400000| Untracked 
|  11|0x0000000087500000, 0x0000000087500000, 0x0000000087600000|  0%| F|  |TAMS 0x0000000087500000, 0x0000000087500000| Untracked 
|  12|0x0000000087600000, 0x0000000087600000, 0x0000000087700000|  0%| F|  |TAMS 0x0000000087600000, 0x0000000087600000| Untracked 
|  13|0x0000000087700000, 0x0000000087700000, 0x0000000087800000|  0%| F|  |TAMS 0x0000000087700000, 0x0000000087700000| Untracked 
|  14|0x0000000087800000, 0x0000000087800000, 0x0000000087900000|  0%| F|  |TAMS 0x0000000087800000, 0x0000000087800000| Untracked 
|  15|0x0000000087900000, 0x0000000087900000, 0x0000000087a00000|  0%| F|  |TAMS 0x0000000087900000, 0x0000000087900000| Untracked 
|  16|0x0000000087a00000, 0x0000000087a00000, 0x0000000087b00000|  0%| F|  |TAMS 0x0000000087a00000, 0x0000000087a00000| Untracked 
|  17|0x0000000087b00000, 0x0000000087b00000, 0x0000000087c00000|  0%| F|  |TAMS 0x0000000087b00000, 0x0000000087b00000| Untracked 
|  18|0x0000000087c00000, 0x0000000087c00000, 0x0000000087d00000|  0%| F|  |TAMS 0x0000000087c00000, 0x0000000087c00000| Untracked 
|  19|0x0000000087d00000, 0x0000000087d00000, 0x0000000087e00000|  0%| F|  |TAMS 0x0000000087d00000, 0x0000000087d00000| Untracked 
|  20|0x0000000087e00000, 0x0000000087e00000, 0x0000000087f00000|  0%| F|  |TAMS 0x0000000087e00000, 0x0000000087e00000| Untracked 
|  21|0x0000000087f00000, 0x0000000087f00000, 0x0000000088000000|  0%| F|  |TAMS 0x0000000087f00000, 0x0000000087f00000| Untracked 
|  22|0x0000000088000000, 0x0000000088000000, 0x0000000088100000|  0%| F|  |TAMS 0x0000000088000000, 0x0000000088000000| Untracked 
|  23|0x0000000088100000, 0x0000000088100000, 0x0000000088200000|  0%| F|  |TAMS 0x0000000088100000, 0x0000000088100000| Untracked 
|  24|0x0000000088200000, 0x0000000088200000, 0x0000000088300000|  0%| F|  |TAMS 0x0000000088200000, 0x0000000088200000| Untracked 
|  25|0x0000000088300000, 0x0000000088300000, 0x0000000088400000|  0%| F|  |TAMS 0x0000000088300000, 0x0000000088300000| Untracked 
|  26|0x0000000088400000, 0x0000000088400000, 0x0000000088500000|  0%| F|  |TAMS 0x0000000088400000, 0x0000000088400000| Untracked 
|  27|0x0000000088500000, 0x0000000088500000, 0x0000000088600000|  0%| F|  |TAMS 0x0000000088500000, 0x0000000088500000| Untracked 
|  28|0x0000000088600000, 0x0000000088600000, 0x0000000088700000|  0%| F|  |TAMS 0x0000000088600000, 0x0000000088600000| Untracked 
|  29|0x0000000088700000, 0x0000000088700000, 0x0000000088800000|  0%| F|  |TAMS 0x0000000088700000, 0x0000000088700000| Untracked 
|  30|0x0000000088800000, 0x0000000088800000, 0x0000000088900000|  0%| F|  |TAMS 0x0000000088800000, 0x0000000088800000| Untracked 
|  31|0x0000000088900000, 0x0000000088900000, 0x0000000088a00000|  0%| F|  |TAMS 0x0000000088900000, 0x0000000088900000| Untracked 
|  32|0x0000000088a00000, 0x0000000088a00000, 0x0000000088b00000|  0%| F|  |TAMS 0x0000000088a00000, 0x0000000088a00000| Untracked 
|  33|0x0000000088b00000, 0x0000000088b00000, 0x0000000088c00000|  0%| F|  |TAMS 0x0000000088b00000, 0x0000000088b00000| Untracked 
|  34|0x0000000088c00000, 0x0000000088c00000, 0x0000000088d00000|  0%| F|  |TAMS 0x0000000088c00000, 0x0000000088c00000| Untracked 
|  35|0x0000000088d00000, 0x0000000088d00000, 0x0000000088e00000|  0%| F|  |TAMS 0x0000000088d00000, 0x0000000088d00000| Untracked 
|  36|0x0000000088e00000, 0x0000000088e00000, 0x0000000088f00000|  0%| F|  |TAMS 0x0000000088e00000, 0x0000000088e00000| Untracked 
|  37|0x0000000088f00000, 0x0000000088f00000, 0x0000000089000000|  0%| F|  |TAMS 0x0000000088f00000, 0x0000000088f00000| Untracked 
|  38|0x0000000089000000, 0x0000000089000000, 0x0000000089100000|  0%| F|  |TAMS 0x0000000089000000, 0x0000000089000000| Untracked 
|  39|0x0000000089100000, 0x0000000089100000, 0x0000000089200000|  0%| F|  |TAMS 0x0000000089100000, 0x0000000089100000| Untracked 
|  40|0x0000000089200000, 0x0000000089200000, 0x0000000089300000|  0%| F|  |TAMS 0x0000000089200000, 0x0000000089200000| Untracked 
|  41|0x0000000089300000, 0x0000000089300000, 0x0000000089400000|  0%| F|  |TAMS 0x0000000089300000, 0x0000000089300000| Untracked 
|  42|0x0000000089400000, 0x0000000089400000, 0x0000000089500000|  0%| F|  |TAMS 0x0000000089400000, 0x0000000089400000| Untracked 
|  43|0x0000000089500000, 0x0000000089500000, 0x0000000089600000|  0%| F|  |TAMS 0x0000000089500000, 0x0000000089500000| Untracked 
|  44|0x0000000089600000, 0x0000000089600000, 0x0000000089700000|  0%| F|  |TAMS 0x0000000089600000, 0x0000000089600000| Untracked 
|  45|0x0000000089700000, 0x0000000089700000, 0x0000000089800000|  0%| F|  |TAMS 0x0000000089700000, 0x0000000089700000| Untracked 
|  46|0x0000000089800000, 0x0000000089800000, 0x0000000089900000|  0%| F|  |TAMS 0x0000000089800000, 0x0000000089800000| Untracked 
|  47|0x0000000089900000, 0x0000000089900000, 0x0000000089a00000|  0%| F|  |TAMS 0x0000000089900000, 0x0000000089900000| Untracked 
|  48|0x0000000089a00000, 0x0000000089a00000, 0x0000000089b00000|  0%| F|  |TAMS 0x0000000089a00000, 0x0000000089a00000| Untracked 
|  49|0x0000000089b00000, 0x0000000089b00000, 0x0000000089c00000|  0%| F|  |TAMS 0x0000000089b00000, 0x0000000089b00000| Untracked 
|  50|0x0000000089c00000, 0x0000000089c00000, 0x0000000089d00000|  0%| F|  |TAMS 0x0000000089c00000, 0x0000000089c00000| Untracked 
|  51|0x0000000089d00000, 0x0000000089d00000, 0x0000000089e00000|  0%| F|  |TAMS 0x0000000089d00000, 0x0000000089d00000| Untracked 
|  52|0x0000000089e00000, 0x0000000089e00000, 0x0000000089f00000|  0%| F|  |TAMS 0x0000000089e00000, 0x0000000089e00000| Untracked 
|  53|0x0000000089f00000, 0x0000000089f00000, 0x000000008a000000|  0%| F|  |TAMS 0x0000000089f00000, 0x0000000089f00000| Untracked 
|  54|0x000000008a000000, 0x000000008a000000, 0x000000008a100000|  0%| F|  |TAMS 0x000000008a000000, 0x000000008a000000| Untracked 
|  55|0x000000008a100000, 0x000000008a100000, 0x000000008a200000|  0%| F|  |TAMS 0x000000008a100000, 0x000000008a100000| Untracked 
|  56|0x000000008a200000, 0x000000008a200000, 0x000000008a300000|  0%| F|  |TAMS 0x000000008a200000, 0x000000008a200000| Untracked 
|  57|0x000000008a300000, 0x000000008a300000, 0x000000008a400000|  0%| F|  |TAMS 0x000000008a300000, 0x000000008a300000| Untracked 
|  58|0x000000008a400000, 0x000000008a400000, 0x000000008a500000|  0%| F|  |TAMS 0x000000008a400000, 0x000000008a400000| Untracked 
|  59|0x000000008a500000, 0x000000008a500000, 0x000000008a600000|  0%| F|  |TAMS 0x000000008a500000, 0x000000008a500000| Untracked 
|  60|0x000000008a600000, 0x000000008a600000, 0x000000008a700000|  0%| F|  |TAMS 0x000000008a600000, 0x000000008a600000| Untracked 
|  61|0x000000008a700000, 0x000000008a700000, 0x000000008a800000|  0%| F|  |TAMS 0x000000008a700000, 0x000000008a700000| Untracked 
|  62|0x000000008a800000, 0x000000008a800000, 0x000000008a900000|  0%| F|  |TAMS 0x000000008a800000, 0x000000008a800000| Untracked 
|  63|0x000000008a900000, 0x000000008a900000, 0x000000008aa00000|  0%| F|  |TAMS 0x000000008a900000, 0x000000008a900000| Untracked 
|  64|0x000000008aa00000, 0x000000008aa00000, 0x000000008ab00000|  0%| F|  |TAMS 0x000000008aa00000, 0x000000008aa00000| Untracked 
|  65|0x000000008ab00000, 0x000000008ab00000, 0x000000008ac00000|  0%| F|  |TAMS 0x000000008ab00000, 0x000000008ab00000| Untracked 
|  66|0x000000008ac00000, 0x000000008ac00000, 0x000000008ad00000|  0%| F|  |TAMS 0x000000008ac00000, 0x000000008ac00000| Untracked 
|  67|0x000000008ad00000, 0x000000008ad00000, 0x000000008ae00000|  0%| F|  |TAMS 0x000000008ad00000, 0x000000008ad00000| Untracked 
|  68|0x000000008ae00000, 0x000000008ae00000, 0x000000008af00000|  0%| F|  |TAMS 0x000000008ae00000, 0x000000008ae00000| Untracked 
|  69|0x000000008af00000, 0x000000008af00000, 0x000000008b000000|  0%| F|  |TAMS 0x000000008af00000, 0x000000008af00000| Untracked 
|  70|0x000000008b000000, 0x000000008b000000, 0x000000008b100000|  0%| F|  |TAMS 0x000000008b000000, 0x000000008b000000| Untracked 
|  71|0x000000008b100000, 0x000000008b100000, 0x000000008b200000|  0%| F|  |TAMS 0x000000008b100000, 0x000000008b100000| Untracked 
|  72|0x000000008b200000, 0x000000008b200000, 0x000000008b300000|  0%| F|  |TAMS 0x000000008b200000, 0x000000008b200000| Untracked 
|  73|0x000000008b300000, 0x000000008b300000, 0x000000008b400000|  0%| F|  |TAMS 0x000000008b300000, 0x000000008b300000| Untracked 
|  74|0x000000008b400000, 0x000000008b400000, 0x000000008b500000|  0%| F|  |TAMS 0x000000008b400000, 0x000000008b400000| Untracked 
|  75|0x000000008b500000, 0x000000008b500000, 0x000000008b600000|  0%| F|  |TAMS 0x000000008b500000, 0x000000008b500000| Untracked 
|  76|0x000000008b600000, 0x000000008b600000, 0x000000008b700000|  0%| F|  |TAMS 0x000000008b600000, 0x000000008b600000| Untracked 
|  77|0x000000008b700000, 0x000000008b700000, 0x000000008b800000|  0%| F|  |TAMS 0x000000008b700000, 0x000000008b700000| Untracked 
|  78|0x000000008b800000, 0x000000008b800000, 0x000000008b900000|  0%| F|  |TAMS 0x000000008b800000, 0x000000008b800000| Untracked 
|  79|0x000000008b900000, 0x000000008b900000, 0x000000008ba00000|  0%| F|  |TAMS 0x000000008b900000, 0x000000008b900000| Untracked 
|  80|0x000000008ba00000, 0x000000008ba00000, 0x000000008bb00000|  0%| F|  |TAMS 0x000000008ba00000, 0x000000008ba00000| Untracked 
|  81|0x000000008bb00000, 0x000000008bb00000, 0x000000008bc00000|  0%| F|  |TAMS 0x000000008bb00000, 0x000000008bb00000| Untracked 
|  82|0x000000008bc00000, 0x000000008bc00000, 0x000000008bd00000|  0%| F|  |TAMS 0x000000008bc00000, 0x000000008bc00000| Untracked 
|  83|0x000000008bd00000, 0x000000008bd00000, 0x000000008be00000|  0%| F|  |TAMS 0x000000008bd00000, 0x000000008bd00000| Untracked 
|  84|0x000000008be00000, 0x000000008be00000, 0x000000008bf00000|  0%| F|  |TAMS 0x000000008be00000, 0x000000008be00000| Untracked 
|  85|0x000000008bf00000, 0x000000008bf00000, 0x000000008c000000|  0%| F|  |TAMS 0x000000008bf00000, 0x000000008bf00000| Untracked 
|  86|0x000000008c000000, 0x000000008c000000, 0x000000008c100000|  0%| F|  |TAMS 0x000000008c000000, 0x000000008c000000| Untracked 
|  87|0x000000008c100000, 0x000000008c100000, 0x000000008c200000|  0%| F|  |TAMS 0x000000008c100000, 0x000000008c100000| Untracked 
|  88|0x000000008c200000, 0x000000008c200000, 0x000000008c300000|  0%| F|  |TAMS 0x000000008c200000, 0x000000008c200000| Untracked 
|  89|0x000000008c300000, 0x000000008c300000, 0x000000008c400000|  0%| F|  |TAMS 0x000000008c300000, 0x000000008c300000| Untracked 
|  90|0x000000008c400000, 0x000000008c400000, 0x000000008c500000|  0%| F|  |TAMS 0x000000008c400000, 0x000000008c400000| Untracked 
|  91|0x000000008c500000, 0x000000008c500000, 0x000000008c600000|  0%| F|  |TAMS 0x000000008c500000, 0x000000008c500000| Untracked 
|  92|0x000000008c600000, 0x000000008c600000, 0x000000008c700000|  0%| F|  |TAMS 0x000000008c600000, 0x000000008c600000| Untracked 
|  93|0x000000008c700000, 0x000000008c700000, 0x000000008c800000|  0%| F|  |TAMS 0x000000008c700000, 0x000000008c700000| Untracked 
|  94|0x000000008c800000, 0x000000008c800000, 0x000000008c900000|  0%| F|  |TAMS 0x000000008c800000, 0x000000008c800000| Untracked 
|  95|0x000000008c900000, 0x000000008c900000, 0x000000008ca00000|  0%| F|  |TAMS 0x000000008c900000, 0x000000008c900000| Untracked 
|  96|0x000000008ca00000, 0x000000008ca00000, 0x000000008cb00000|  0%| F|  |TAMS 0x000000008ca00000, 0x000000008ca00000| Untracked 
|  97|0x000000008cb00000, 0x000000008cb00000, 0x000000008cc00000|  0%| F|  |TAMS 0x000000008cb00000, 0x000000008cb00000| Untracked 
|  98|0x000000008cc00000, 0x000000008cc00000, 0x000000008cd00000|  0%| F|  |TAMS 0x000000008cc00000, 0x000000008cc00000| Untracked 
|  99|0x000000008cd00000, 0x000000008cd00000, 0x000000008ce00000|  0%| F|  |TAMS 0x000000008cd00000, 0x000000008cd00000| Untracked 
| 100|0x000000008ce00000, 0x000000008ce00000, 0x000000008cf00000|  0%| F|  |TAMS 0x000000008ce00000, 0x000000008ce00000| Untracked 
| 101|0x000000008cf00000, 0x000000008cf00000, 0x000000008d000000|  0%| F|  |TAMS 0x000000008cf00000, 0x000000008cf00000| Untracked 
| 102|0x000000008d000000, 0x000000008d000000, 0x000000008d100000|  0%| F|  |TAMS 0x000000008d000000, 0x000000008d000000| Untracked 
| 103|0x000000008d100000, 0x000000008d100000, 0x000000008d200000|  0%| F|  |TAMS 0x000000008d100000, 0x000000008d100000| Untracked 
| 104|0x000000008d200000, 0x000000008d200000, 0x000000008d300000|  0%| F|  |TAMS 0x000000008d200000, 0x000000008d200000| Untracked 
| 105|0x000000008d300000, 0x000000008d300000, 0x000000008d400000|  0%| F|  |TAMS 0x000000008d300000, 0x000000008d300000| Untracked 
| 106|0x000000008d400000, 0x000000008d400000, 0x000000008d500000|  0%| F|  |TAMS 0x000000008d400000, 0x000000008d400000| Untracked 
| 107|0x000000008d500000, 0x000000008d5f6548, 0x000000008d600000| 96%| E|  |TAMS 0x000000008d500000, 0x000000008d500000| Complete 
| 108|0x000000008d600000, 0x000000008d700000, 0x000000008d700000|100%| E|CS|TAMS 0x000000008d600000, 0x000000008d600000| Complete 
| 109|0x000000008d700000, 0x000000008d800000, 0x000000008d800000|100%| E|CS|TAMS 0x000000008d700000, 0x000000008d700000| Complete 
| 110|0x000000008d800000, 0x000000008d900000, 0x000000008d900000|100%| E|CS|TAMS 0x000000008d800000, 0x000000008d800000| Complete 
| 111|0x000000008d900000, 0x000000008da00000, 0x000000008da00000|100%| E|CS|TAMS 0x000000008d900000, 0x000000008d900000| Complete 
| 112|0x000000008da00000, 0x000000008db00000, 0x000000008db00000|100%| E|CS|TAMS 0x000000008da00000, 0x000000008da00000| Complete 
| 113|0x000000008db00000, 0x000000008dc00000, 0x000000008dc00000|100%| E|CS|TAMS 0x000000008db00000, 0x000000008db00000| Complete 
| 114|0x000000008dc00000, 0x000000008dd00000, 0x000000008dd00000|100%| E|  |TAMS 0x000000008dc00000, 0x000000008dc00000| Complete 
| 115|0x000000008dd00000, 0x000000008de00000, 0x000000008de00000|100%| E|CS|TAMS 0x000000008dd00000, 0x000000008dd00000| Complete 
| 116|0x000000008de00000, 0x000000008df00000, 0x000000008df00000|100%| E|CS|TAMS 0x000000008de00000, 0x000000008de00000| Complete 
| 117|0x000000008df00000, 0x000000008e000000, 0x000000008e000000|100%| E|CS|TAMS 0x000000008df00000, 0x000000008df00000| Complete 
| 118|0x000000008e000000, 0x000000008e100000, 0x000000008e100000|100%| E|CS|TAMS 0x000000008e000000, 0x000000008e000000| Complete 
| 119|0x000000008e100000, 0x000000008e200000, 0x000000008e200000|100%| E|CS|TAMS 0x000000008e100000, 0x000000008e100000| Complete 
| 120|0x000000008e200000, 0x000000008e300000, 0x000000008e300000|100%| E|CS|TAMS 0x000000008e200000, 0x000000008e200000| Complete 
| 121|0x000000008e300000, 0x000000008e400000, 0x000000008e400000|100%| E|CS|TAMS 0x000000008e300000, 0x000000008e300000| Complete 
|1940|0x00000000ffe00000, 0x00000000ffe48000, 0x00000000fff00000| 28%|OA|  |TAMS 0x00000000ffe00000, 0x00000000ffe00000| Untracked 
|1941|0x00000000fff00000, 0x00000000fff6c000, 0x0000000100000000| 42%|CA|  |TAMS 0x00000000fff00000, 0x00000000fff00000| Untracked 

Card table byte_map: [0x00007f539cebb000,0x00007f539d286000] _byte_map_base: 0x00007f539ca86000

Marking Bits (Prev, Next): (CMBitMap*) 0x00007f539805e158, (CMBitMap*) 0x00007f539805e190
 Prev Bits: [0x00007f537a1a8000, 0x00007f537c000000)
 Next Bits: [0x00007f5378350000, 0x00007f537a1a8000)

Polling page: 0x00007f539eb56000

Metaspace:

Usage:
  Non-class:      5.73 MB capacity,     3.42 MB ( 60%) used,     2.30 MB ( 40%) free+waste,     7.38 KB ( <1%) overhead. 
      Class:    696.00 KB capacity,   421.44 KB ( 61%) used,   270.75 KB ( 39%) free+waste,     3.81 KB ( <1%) overhead. 
       Both:      6.41 MB capacity,     3.83 MB ( 60%) used,     2.56 MB ( 40%) free+waste,    11.19 KB ( <1%) overhead. 

Virtual space:
  Non-class space:        8.00 MB reserved,       5.75 MB ( 72%) committed 
      Class space:        1.00 GB reserved,     768.00 KB ( <1%) committed 
             Both:        1.01 GB reserved,       6.50 MB ( <1%) committed 

Chunk freelists:
   Non-Class:  25.00 KB
       Class:  8.00 KB
        Both:  33.00 KB

MaxMetaspaceSize: unlimited
CompressedClassSpaceSize: 1.00 GB
Initial GC threshold: 20.80 MB
Current GC threshold: 20.80 MB
CDS: on

CodeHeap 'non-profiled nmethods': size=119172Kb used=247Kb max_used=247Kb free=118924Kb
 bounds [0x00007f538837a000, 0x00007f53885ea000, 0x00007f538f7db000]
CodeHeap 'profiled nmethods': size=119168Kb used=1732Kb max_used=1732Kb free=117435Kb
 bounds [0x00007f5380f1a000, 0x00007f538118a000, 0x00007f538837a000]
CodeHeap 'non-nmethods': size=7420Kb used=1203Kb max_used=2906Kb free=6216Kb
 bounds [0x00007f53807db000, 0x00007f5380abb000, 0x00007f5380f1a000]
 total_blobs=1295 nmethods=897 adapters=320
 compilation: enabled
              stopped_count=0, restarted_count=0
 full_count=0

Compilation events (20 events):
Event: 2.377 Thread 0x00007f5338001800  888       3       jdk.internal.org.objectweb.asm.Frame::get (46 bytes)
Event: 2.377 Thread 0x00007f53981af800 nmethod 873 0x00007f53810ba190 code [0x00007f53810ba660, 0x00007f53810bc990]
Event: 2.378 Thread 0x00007f5338001800 nmethod 888 0x00007f53810bd490 code [0x00007f53810bd640, 0x00007f53810bd850]
Event: 2.378 Thread 0x00007f533405c800 nmethod 887 0x00007f53810bd910 code [0x00007f53810bdc60, 0x00007f53810bed50]
Event: 2.379 Thread 0x00007f534c066000 nmethod 852 0x00007f53810bf310 code [0x00007f53810c01c0, 0x00007f53810c6f50]
Event: 2.388 Thread 0x00007f53981ad800 nmethod 890 0x00007f53883b6f90 code [0x00007f53883b7140, 0x00007f53883b75c8]
Event: 3.977 Thread 0x00007f53981af800  891       3       java.lang.Integer::numberOfLeadingZeros (78 bytes)
Event: 3.977 Thread 0x00007f53981af800 nmethod 891 0x00007f53810c8f90 code [0x00007f53810c9140, 0x00007f53810c93d0]
Event: 3.977 Thread 0x00007f53981ad800  892       4       java.lang.AbstractStringBuilder::isLatin1 (19 bytes)
Event: 3.978 Thread 0x00007f53981ad800 nmethod 892 0x00007f53883b7890 code [0x00007f53883b7a20, 0x00007f53883b7ab8]
Event: 5.199 Thread 0x00007f53981ad800  893       4       java.lang.String::<init> (15 bytes)
Event: 5.200 Thread 0x00007f53981ad800 nmethod 893 0x00007f53883b7b90 code [0x00007f53883b7d20, 0x00007f53883b7e58]
Event: 5.351 Thread 0x00007f53981af800  894       3       java.lang.StringBuilder::append (8 bytes)
Event: 5.351 Thread 0x00007f53981af800 nmethod 894 0x00007f53810c9490 code [0x00007f53810c9640, 0x00007f53810c97a0]
Event: 5.351 Thread 0x00007f53981af800  895       3       java.lang.AbstractStringBuilder::append (60 bytes)
Event: 5.352 Thread 0x00007f53981af800 nmethod 895 0x00007f53810c9890 code [0x00007f53810c9a80, 0x00007f53810c9dd0]
Event: 5.352 Thread 0x00007f53981af800  896       3       java.lang.Long::stringSize (55 bytes)
Event: 5.352 Thread 0x00007f53981af800 nmethod 896 0x00007f53810c9f10 code [0x00007f53810ca0c0, 0x00007f53810ca310]
Event: 5.352 Thread 0x00007f53981af800  897       3       java.lang.Long::getChars (208 bytes)
Event: 5.352 Thread 0x00007f53981af800 nmethod 897 0x00007f53810ca410 code [0x00007f53810ca620, 0x00007f53810cac50]

GC Heap History (0 events):
No events

Deoptimization events (20 events):
Event: 0.578 Thread 0x00007f539801c000 DEOPT PACKING pc=0x00007f538100d412 sp=0x00007f539eca0140
Event: 0.578 Thread 0x00007f539801c000 DEOPT UNPACKING pc=0x00007f538082564a sp=0x00007f539ec9f5c0 mode 0
Event: 0.582 Thread 0x00007f539801c000 DEOPT PACKING pc=0x00007f538100d412 sp=0x00007f539ec9f0a0
Event: 0.582 Thread 0x00007f539801c000 DEOPT UNPACKING pc=0x00007f538082564a sp=0x00007f539ec9e520 mode 0
Event: 2.358 Thread 0x00007f539801c000 Uncommon trap: trap_request=0xffffffc6 fr.pc=0x00007f5388384f24 relative=0x0000000000000084
Event: 2.358 Thread 0x00007f539801c000 Uncommon trap: reason=bimorphic_or_optimized_type_check action=maybe_recompile pc=0x00007f5388384f24 method=java.util.AbstractCollection.isEmpty()Z @ 1 c2
Event: 2.358 Thread 0x00007f539801c000 DEOPT PACKING pc=0x00007f5388384f24 sp=0x00007f539eca02a0
Event: 2.358 Thread 0x00007f539801c000 DEOPT UNPACKING pc=0x00007f5380824ea5 sp=0x00007f539eca0260 mode 2
Event: 2.358 Thread 0x00007f539801c000 Uncommon trap: trap_request=0xffffffc6 fr.pc=0x00007f5388384f24 relative=0x0000000000000084
Event: 2.358 Thread 0x00007f539801c000 Uncommon trap: reason=bimorphic_or_optimized_type_check action=maybe_recompile pc=0x00007f5388384f24 method=java.util.AbstractCollection.isEmpty()Z @ 1 c2
Event: 2.358 Thread 0x00007f539801c000 DEOPT PACKING pc=0x00007f5388384f24 sp=0x00007f539eca0470
Event: 2.358 Thread 0x00007f539801c000 DEOPT UNPACKING pc=0x00007f5380824ea5 sp=0x00007f539eca0430 mode 2
Event: 2.359 Thread 0x00007f539801c000 Uncommon trap: trap_request=0xffffffc6 fr.pc=0x00007f5388384f24 relative=0x0000000000000084
Event: 2.359 Thread 0x00007f539801c000 Uncommon trap: reason=bimorphic_or_optimized_type_check action=maybe_recompile pc=0x00007f5388384f24 method=java.util.AbstractCollection.isEmpty()Z @ 1 c2
Event: 2.359 Thread 0x00007f539801c000 DEOPT PACKING pc=0x00007f5388384f24 sp=0x00007f539eca0490
Event: 2.359 Thread 0x00007f539801c000 DEOPT UNPACKING pc=0x00007f5380824ea5 sp=0x00007f539eca0450 mode 2
Event: 2.360 Thread 0x00007f539801c000 Uncommon trap: trap_request=0xffffffc6 fr.pc=0x00007f5388384f24 relative=0x0000000000000084
Event: 2.360 Thread 0x00007f539801c000 Uncommon trap: reason=bimorphic_or_optimized_type_check action=maybe_recompile pc=0x00007f5388384f24 method=java.util.AbstractCollection.isEmpty()Z @ 1 c2
Event: 2.360 Thread 0x00007f539801c000 DEOPT PACKING pc=0x00007f5388384f24 sp=0x00007f539eca02a0
Event: 2.360 Thread 0x00007f539801c000 DEOPT UNPACKING pc=0x00007f5380824ea5 sp=0x00007f539eca0260 mode 2

Classes redefined (0 events):
No events

Internal exceptions (20 events):
Event: 0.529 Thread 0x00007f539801c000 Exception <a 'java/security/PrivilegedActionException'{0x000000008d9f6a90}> (0x000000008d9f6a90) thrown at [src/hotspot/share/prims/jvm.cpp, line 1304]
Event: 0.530 Thread 0x00007f539801c000 Exception <a 'java/security/PrivilegedActionException'{0x000000008d9f73e0}> (0x000000008d9f73e0) thrown at [src/hotspot/share/prims/jvm.cpp, line 1304]
Event: 0.530 Thread 0x00007f539801c000 Exception <a 'java/security/PrivilegedActionException'{0x000000008d9f76b0}> (0x000000008d9f76b0) thrown at [src/hotspot/share/prims/jvm.cpp, line 1304]
Event: 0.530 Thread 0x00007f539801c000 Exception <a 'java/security/PrivilegedActionException'{0x000000008d9f8038}> (0x000000008d9f8038) thrown at [src/hotspot/share/prims/jvm.cpp, line 1304]
Event: 0.530 Thread 0x00007f539801c000 Exception <a 'java/security/PrivilegedActionException'{0x000000008d9f8308}> (0x000000008d9f8308) thrown at [src/hotspot/share/prims/jvm.cpp, line 1304]
Event: 0.530 Thread 0x00007f539801c000 Exception <a 'java/security/PrivilegedActionException'{0x000000008d9f8c78}> (0x000000008d9f8c78) thrown at [src/hotspot/share/prims/jvm.cpp, line 1304]
Event: 0.530 Thread 0x00007f539801c000 Exception <a 'java/security/PrivilegedActionException'{0x000000008d9f8f48}> (0x000000008d9f8f48) thrown at [src/hotspot/share/prims/jvm.cpp, line 1304]
Event: 0.530 Thread 0x00007f539801c000 Exception <a 'java/security/PrivilegedActionException'{0x000000008d9f98b8}> (0x000000008d9f98b8) thrown at [src/hotspot/share/prims/jvm.cpp, line 1304]
Event: 0.530 Thread 0x00007f539801c000 Exception <a 'java/security/PrivilegedActionException'{0x000000008d9f9b88}> (0x000000008d9f9b88) thrown at [src/hotspot/share/prims/jvm.cpp, line 1304]
Event: 0.530 Thread 0x00007f539801c000 Exception <a 'java/security/PrivilegedActionException'{0x000000008d9fa510}> (0x000000008d9fa510) thrown at [src/hotspot/share/prims/jvm.cpp, line 1304]
Event: 0.530 Thread 0x00007f539801c000 Exception <a 'java/security/PrivilegedActionException'{0x000000008d9fa7e0}> (0x000000008d9fa7e0) thrown at [src/hotspot/share/prims/jvm.cpp, line 1304]
Event: 0.530 Thread 0x00007f539801c000 Exception <a 'java/security/PrivilegedActionException'{0x000000008d9fb168}> (0x000000008d9fb168) thrown at [src/hotspot/share/prims/jvm.cpp, line 1304]
Event: 0.530 Thread 0x00007f539801c000 Exception <a 'java/security/PrivilegedActionException'{0x000000008d9fb438}> (0x000000008d9fb438) thrown at [src/hotspot/share/prims/jvm.cpp, line 1304]
Event: 0.530 Thread 0x00007f539801c000 Exception <a 'java/security/PrivilegedActionException'{0x000000008d9fbdc0}> (0x000000008d9fbdc0) thrown at [src/hotspot/share/prims/jvm.cpp, line 1304]
Event: 0.530 Thread 0x00007f539801c000 Exception <a 'java/security/PrivilegedActionException'{0x000000008d9fc090}> (0x000000008d9fc090) thrown at [src/hotspot/share/prims/jvm.cpp, line 1304]
Event: 0.530 Thread 0x00007f539801c000 Exception <a 'java/security/PrivilegedActionException'{0x000000008d9fca00}> (0x000000008d9fca00) thrown at [src/hotspot/share/prims/jvm.cpp, line 1304]
Event: 0.530 Thread 0x00007f539801c000 Exception <a 'java/security/PrivilegedActionException'{0x000000008d9fccd0}> (0x000000008d9fccd0) thrown at [src/hotspot/share/prims/jvm.cpp, line 1304]
Event: 0.530 Thread 0x00007f539801c000 Exception <a 'java/security/PrivilegedActionException'{0x000000008d9fd658}> (0x000000008d9fd658) thrown at [src/hotspot/share/prims/jvm.cpp, line 1304]
Event: 0.530 Thread 0x00007f539801c000 Exception <a 'java/security/PrivilegedActionException'{0x000000008d9fd928}> (0x000000008d9fd928) thrown at [src/hotspot/share/prims/jvm.cpp, line 1304]
Event: 2.376 Thread 0x00007f539801c000 Exception <a 'java/lang/NoSuchMethodError'{0x000000008d59b000}: 'java.lang.Object java.lang.invoke.DirectMethodHandle$Holder.invokeVirtual(java.lang.Object, java.lang.Object, java.lang.Object)'> (0x000000008d59b000) thrown at [src/hotspot/share/interpreter/linkResolver.cpp, line 772]

Events (20 events):
Event: 13.452 Executing VM operation: ChangeSingleStep
Event: 13.452 Executing VM operation: ChangeSingleStep done
Event: 13.452 Executing VM operation: ChangeSingleStep
Event: 13.452 Executing VM operation: ChangeSingleStep done
Event: 13.452 Executing VM operation: GetCurrentLocation
Event: 13.453 Executing VM operation: GetCurrentLocation done
Event: 13.453 Executing VM operation: ChangeSingleStep
Event: 13.453 Executing VM operation: ChangeSingleStep done
Event: 13.453 Executing VM operation: ChangeSingleStep
Event: 13.453 Executing VM operation: ChangeSingleStep done
Event: 13.453 Executing VM operation: GetCurrentLocation
Event: 13.453 Executing VM operation: GetCurrentLocation done
Event: 13.453 Executing VM operation: ChangeSingleStep
Event: 13.453 Executing VM operation: ChangeSingleStep done
Event: 13.453 Executing VM operation: ChangeSingleStep
Event: 13.454 Executing VM operation: ChangeSingleStep done
Event: 13.454 Executing VM operation: GetCurrentLocation
Event: 13.454 Executing VM operation: GetCurrentLocation done
Event: 13.454 Executing VM operation: ChangeSingleStep
Event: 13.454 Executing VM operation: ChangeSingleStep done


Dynamic libraries:
86a00000-8e400000 rw-p 00000000 00:00 0 
8e400000-ffe00000 ---p 00000000 00:00 0 
ffe00000-ffe48000 rw-p 00b14000 08:20 43898                              /usr/lib/jvm/java-11-openjdk-amd64/lib/server/classes.jsa
ffe48000-fff00000 rw-p 00000000 00:00 0 
fff00000-fff6c000 rw-p 00aa8000 08:20 43898                              /usr/lib/jvm/java-11-openjdk-amd64/lib/server/classes.jsa
fff6c000-100000000 rw-p 00000000 00:00 0 
800000000-800002000 rwxp 00001000 08:20 43898                            /usr/lib/jvm/java-11-openjdk-amd64/lib/server/classes.jsa
800002000-800aa7000 rw-p 00003000 08:20 43898                            /usr/lib/jvm/java-11-openjdk-amd64/lib/server/classes.jsa
840000000-8400c0000 rw-p 00000000 00:00 0 
8400c0000-880000000 ---p 00000000 00:00 0 
55fa5d762000-55fa5d763000 r--p 00000000 08:20 47754                      /usr/lib/jvm/java-11-openjdk-amd64/bin/java
55fa5d763000-55fa5d764000 r-xp 00001000 08:20 47754                      /usr/lib/jvm/java-11-openjdk-amd64/bin/java
55fa5d764000-55fa5d765000 r--p 00002000 08:20 47754                      /usr/lib/jvm/java-11-openjdk-amd64/bin/java
55fa5d765000-55fa5d766000 r--p 00002000 08:20 47754                      /usr/lib/jvm/java-11-openjdk-amd64/bin/java
55fa5d766000-55fa5d767000 rw-p 00003000 08:20 47754                      /usr/lib/jvm/java-11-openjdk-amd64/bin/java
55fa5ea0b000-55fa5ea2c000 rw-p 00000000 00:00 0                          [heap]
7f531152c000-7f5311e52000 r--p 00000000 08:20 84032                      /home/w/.javacpp/cache/llvm-13.0.1-1.5.7-linux-x86_64.jar/org/bytedeco/llvm/linux-x86_64/libLLVM-13.so
7f5311e52000-7f5315815000 r-xp 00926000 08:20 84032                      /home/w/.javacpp/cache/llvm-13.0.1-1.5.7-linux-x86_64.jar/org/bytedeco/llvm/linux-x86_64/libLLVM-13.so
7f5315815000-7f5317a6a000 r--p 042e9000 08:20 84032                      /home/w/.javacpp/cache/llvm-13.0.1-1.5.7-linux-x86_64.jar/org/bytedeco/llvm/linux-x86_64/libLLVM-13.so
7f5317a6a000-7f5317f7f000 r--p 0653d000 08:20 84032                      /home/w/.javacpp/cache/llvm-13.0.1-1.5.7-linux-x86_64.jar/org/bytedeco/llvm/linux-x86_64/libLLVM-13.so
7f5317f7f000-7f5317f8a000 rw-p 06a52000 08:20 84032                      /home/w/.javacpp/cache/llvm-13.0.1-1.5.7-linux-x86_64.jar/org/bytedeco/llvm/linux-x86_64/libLLVM-13.so
7f5317f8a000-7f5318000000 rw-p 00000000 00:00 0 
7f5318000000-7f5318021000 rw-p 00000000 00:00 0 
7f5318021000-7f531c000000 ---p 00000000 00:00 0 
7f531c000000-7f531c021000 rw-p 00000000 00:00 0 
7f531c021000-7f5320000000 ---p 00000000 00:00 0 
7f5320000000-7f5320021000 rw-p 00000000 00:00 0 
7f5320021000-7f5324000000 ---p 00000000 00:00 0 
7f5324000000-7f5324021000 rw-p 00000000 00:00 0 
7f5324021000-7f5328000000 ---p 00000000 00:00 0 
7f5328000000-7f5328030000 rw-p 00000000 00:00 0 
7f5328030000-7f532c000000 ---p 00000000 00:00 0 
7f532c000000-7f532c021000 rw-p 00000000 00:00 0 
7f532c021000-7f5330000000 ---p 00000000 00:00 0 
7f5330000000-7f5330170000 rw-p 00000000 00:00 0 
7f5330170000-7f5334000000 ---p 00000000 00:00 0 
7f5334000000-7f53340e1000 rw-p 00000000 00:00 0 
7f53340e1000-7f5338000000 ---p 00000000 00:00 0 
7f5338000000-7f5338135000 rw-p 00000000 00:00 0 
7f5338135000-7f533c000000 ---p 00000000 00:00 0 
7f533c000000-7f533c062000 rw-p 00000000 00:00 0 
7f533c062000-7f5340000000 ---p 00000000 00:00 0 
7f5340000000-7f5340021000 rw-p 00000000 00:00 0 
7f5340021000-7f5344000000 ---p 00000000 00:00 0 
7f5344000000-7f5344021000 rw-p 00000000 00:00 0 
7f5344021000-7f5348000000 ---p 00000000 00:00 0 
7f5348000000-7f5348159000 rw-p 00000000 00:00 0 
7f5348159000-7f534c000000 ---p 00000000 00:00 0 
7f534c000000-7f534c2b3000 rw-p 00000000 00:00 0 
7f534c2b3000-7f5350000000 ---p 00000000 00:00 0 
7f5350000000-7f5350021000 rw-p 00000000 00:00 0 
7f5350021000-7f5354000000 ---p 00000000 00:00 0 
7f5354000000-7f5354021000 rw-p 00000000 00:00 0 
7f5354021000-7f5358000000 ---p 00000000 00:00 0 
7f5358000000-7f5358021000 rw-p 00000000 00:00 0 
7f5358021000-7f535c000000 ---p 00000000 00:00 0 
7f535c000000-7f535c021000 rw-p 00000000 00:00 0 
7f535c021000-7f5360000000 ---p 00000000 00:00 0 
7f5360000000-7f5360021000 rw-p 00000000 00:00 0 
7f5360021000-7f5364000000 ---p 00000000 00:00 0 
7f5364000000-7f5364021000 rw-p 00000000 00:00 0 
7f5364021000-7f5368000000 ---p 00000000 00:00 0 
7f5368000000-7f5368021000 rw-p 00000000 00:00 0 
7f5368021000-7f536c000000 ---p 00000000 00:00 0 
7f536c000000-7f536c021000 rw-p 00000000 00:00 0 
7f536c021000-7f5370000000 ---p 00000000 00:00 0 
7f53705e9000-7f537064e000 r--p 00000000 08:20 84037                      /home/w/.javacpp/cache/llvm-13.0.1-1.5.7-linux-x86_64.jar/org/bytedeco/llvm/linux-x86_64/libjniLLVM.so
7f537064e000-7f53706bc000 r-xp 00065000 08:20 84037                      /home/w/.javacpp/cache/llvm-13.0.1-1.5.7-linux-x86_64.jar/org/bytedeco/llvm/linux-x86_64/libjniLLVM.so
7f53706bc000-7f53706e7000 r--p 000d3000 08:20 84037                      /home/w/.javacpp/cache/llvm-13.0.1-1.5.7-linux-x86_64.jar/org/bytedeco/llvm/linux-x86_64/libjniLLVM.so
7f53706e7000-7f53706ea000 r--p 000fd000 08:20 84037                      /home/w/.javacpp/cache/llvm-13.0.1-1.5.7-linux-x86_64.jar/org/bytedeco/llvm/linux-x86_64/libjniLLVM.so
7f53706ea000-7f53706ed000 rw-p 00100000 08:20 84037                      /home/w/.javacpp/cache/llvm-13.0.1-1.5.7-linux-x86_64.jar/org/bytedeco/llvm/linux-x86_64/libjniLLVM.so
7f53706ed000-7f53706ef000 rw-p 00000000 00:00 0 
7f53706ef000-7f53706f3000 ---p 00000000 00:00 0 
7f53706f3000-7f53707f0000 rw-p 00000000 00:00 0 
7f53707f0000-7f53707f4000 ---p 00000000 00:00 0 
7f53707f4000-7f53708f1000 rw-p 00000000 00:00 0 
7f53708f1000-7f53708f2000 ---p 00000000 00:00 0 
7f53708f2000-7f53709f2000 rw-p 00000000 00:00 0 
7f53709f2000-7f53709f6000 ---p 00000000 00:00 0 
7f53709f6000-7f5370af3000 rw-p 00000000 00:00 0 
7f5370af3000-7f5370af7000 ---p 00000000 00:00 0 
7f5370af7000-7f5370bf4000 rw-p 00000000 00:00 0 
7f5370bf4000-7f5370bf8000 ---p 00000000 00:00 0 
7f5370bf8000-7f5370cf5000 rw-p 00000000 00:00 0 
7f5370cf5000-7f5370cf9000 ---p 00000000 00:00 0 
7f5370cf9000-7f5370df6000 rw-p 00000000 00:00 0 
7f5370df6000-7f5370dfa000 ---p 00000000 00:00 0 
7f5370dfa000-7f5370ef7000 rw-p 00000000 00:00 0 
7f5370ef7000-7f5370efb000 ---p 00000000 00:00 0 
7f5370efb000-7f5370ff8000 rw-p 00000000 00:00 0 
7f5370ff8000-7f5370ffc000 ---p 00000000 00:00 0 
7f5370ffc000-7f53710f9000 rw-p 00000000 00:00 0 
7f53710f9000-7f53710fd000 ---p 00000000 00:00 0 
7f53710fd000-7f53711fa000 rw-p 00000000 00:00 0 
7f53711fa000-7f53711fe000 ---p 00000000 00:00 0 
7f53711fe000-7f53712fb000 rw-p 00000000 00:00 0 
7f53712fb000-7f53712ff000 ---p 00000000 00:00 0 
7f53712ff000-7f53713fc000 rw-p 00000000 00:00 0 
7f53713fc000-7f5371400000 ---p 00000000 00:00 0 
7f5371400000-7f53714fd000 rw-p 00000000 00:00 0 
7f53714fd000-7f5371501000 ---p 00000000 00:00 0 
7f5371501000-7f53715fe000 rw-p 00000000 00:00 0 
7f53715fe000-7f5371602000 ---p 00000000 00:00 0 
7f5371602000-7f53716ff000 rw-p 00000000 00:00 0 
7f53716ff000-7f5371703000 ---p 00000000 00:00 0 
7f5371703000-7f5371dc0000 rw-p 00000000 00:00 0 
7f5371dc0000-7f5372000000 ---p 00000000 00:00 0 
7f5372000000-7f5374000000 rw-p 00000000 00:00 0 
7f5374000000-7f5374021000 rw-p 00000000 00:00 0 
7f5374021000-7f5378000000 ---p 00000000 00:00 0 
7f53780cd000-7f53780d1000 ---p 00000000 00:00 0 
7f53780d1000-7f53781ce000 rw-p 00000000 00:00 0 
7f53781ce000-7f53781cf000 ---p 00000000 00:00 0 
7f53781cf000-7f5378538000 rw-p 00000000 00:00 0 
7f5378538000-7f537a1a0000 ---p 00000000 00:00 0 
7f537a1a0000-7f537a390000 rw-p 00000000 00:00 0 
7f537a390000-7f537bff8000 ---p 00000000 00:00 0 
7f537bff8000-7f537c000000 rw-p 00000000 00:00 0 
7f537c000000-7f537c021000 rw-p 00000000 00:00 0 
7f537c021000-7f5380000000 ---p 00000000 00:00 0 
7f538003d000-7f5380044000 r--p 00000000 08:20 84033                      /home/w/.javacpp/cache/llvm-13.0.1-1.5.7-linux-x86_64.jar/org/bytedeco/llvm/linux-x86_64/libLTO.so.13
7f5380044000-7f538004c000 r-xp 00007000 08:20 84033                      /home/w/.javacpp/cache/llvm-13.0.1-1.5.7-linux-x86_64.jar/org/bytedeco/llvm/linux-x86_64/libLTO.so.13
7f538004c000-7f538004e000 r--p 0000f000 08:20 84033                      /home/w/.javacpp/cache/llvm-13.0.1-1.5.7-linux-x86_64.jar/org/bytedeco/llvm/linux-x86_64/libLTO.so.13
7f538004e000-7f538004f000 r--p 00010000 08:20 84033                      /home/w/.javacpp/cache/llvm-13.0.1-1.5.7-linux-x86_64.jar/org/bytedeco/llvm/linux-x86_64/libLTO.so.13
7f538004f000-7f5380050000 rw-p 00011000 08:20 84033                      /home/w/.javacpp/cache/llvm-13.0.1-1.5.7-linux-x86_64.jar/org/bytedeco/llvm/linux-x86_64/libLTO.so.13
7f5380050000-7f5380054000 r--p 00000000 08:20 84026                      /home/w/.javacpp/cache/javacpp-1.5.7-linux-x86_64.jar/org/bytedeco/javacpp/linux-x86_64/libjnijavacpp.so
7f5380054000-7f538005b000 r-xp 00004000 08:20 84026                      /home/w/.javacpp/cache/javacpp-1.5.7-linux-x86_64.jar/org/bytedeco/javacpp/linux-x86_64/libjnijavacpp.so
7f538005b000-7f538005f000 r--p 0000b000 08:20 84026                      /home/w/.javacpp/cache/javacpp-1.5.7-linux-x86_64.jar/org/bytedeco/javacpp/linux-x86_64/libjnijavacpp.so
7f538005f000-7f5380060000 r--p 0000e000 08:20 84026                      /home/w/.javacpp/cache/javacpp-1.5.7-linux-x86_64.jar/org/bytedeco/javacpp/linux-x86_64/libjnijavacpp.so
7f5380060000-7f5380061000 rw-p 0000f000 08:20 84026                      /home/w/.javacpp/cache/javacpp-1.5.7-linux-x86_64.jar/org/bytedeco/javacpp/linux-x86_64/libjnijavacpp.so
7f5380061000-7f5380065000 r--p 00000000 08:20 47903                      /usr/lib/jvm/java-11-openjdk-amd64/lib/libnet.so
7f5380065000-7f5380073000 r-xp 00004000 08:20 47903                      /usr/lib/jvm/java-11-openjdk-amd64/lib/libnet.so
7f5380073000-7f5380077000 r--p 00012000 08:20 47903                      /usr/lib/jvm/java-11-openjdk-amd64/lib/libnet.so
7f5380077000-7f5380078000 r--p 00015000 08:20 47903                      /usr/lib/jvm/java-11-openjdk-amd64/lib/libnet.so
7f5380078000-7f5380079000 rw-p 00016000 08:20 47903                      /usr/lib/jvm/java-11-openjdk-amd64/lib/libnet.so
7f5380079000-7f53800d4000 rw-p 00000000 00:00 0 
7f53800d4000-7f53800d5000 ---p 00000000 00:00 0 
7f53800d5000-7f53801d5000 rw-p 00000000 00:00 0 
7f53801d5000-7f53801d6000 ---p 00000000 00:00 0 
7f53801d6000-7f53807db000 rw-p 00000000 00:00 0 
7f53807db000-7f5380abb000 rwxp 00000000 00:00 0 
7f5380abb000-7f5380f1a000 ---p 00000000 00:00 0 
7f5380f1a000-7f538118a000 rwxp 00000000 00:00 0 
7f538118a000-7f538837a000 ---p 00000000 00:00 0 
7f538837a000-7f53885ea000 rwxp 00000000 00:00 0 
7f53885ea000-7f538f7db000 ---p 00000000 00:00 0 
7f538f7db000-7f5398000000 r--s 00000000 08:20 47913                      /usr/lib/jvm/java-11-openjdk-amd64/lib/modules
7f5398000000-7f539849e000 rw-p 00000000 00:00 0 
7f539849e000-7f539c000000 ---p 00000000 00:00 0 
7f539c00a000-7f539c00b000 r--p 00000000 08:20 84035                      /home/w/.javacpp/cache/llvm-13.0.1-1.5.7-linux-x86_64.jar/org/bytedeco/llvm/linux-x86_64/libRemarks.so.13
7f539c00b000-7f539c00c000 r-xp 00001000 08:20 84035                      /home/w/.javacpp/cache/llvm-13.0.1-1.5.7-linux-x86_64.jar/org/bytedeco/llvm/linux-x86_64/libRemarks.so.13
7f539c00c000-7f539c00d000 r--p 00002000 08:20 84035                      /home/w/.javacpp/cache/llvm-13.0.1-1.5.7-linux-x86_64.jar/org/bytedeco/llvm/linux-x86_64/libRemarks.so.13
7f539c00d000-7f539c00e000 r--p 00002000 08:20 84035                      /home/w/.javacpp/cache/llvm-13.0.1-1.5.7-linux-x86_64.jar/org/bytedeco/llvm/linux-x86_64/libRemarks.so.13
7f539c00e000-7f539c00f000 rw-p 00003000 08:20 84035                      /home/w/.javacpp/cache/llvm-13.0.1-1.5.7-linux-x86_64.jar/org/bytedeco/llvm/linux-x86_64/libRemarks.so.13
7f539c00f000-7f539c016000 r--p 00000000 08:20 47904                      /usr/lib/jvm/java-11-openjdk-amd64/lib/libnio.so
7f539c016000-7f539c01e000 r-xp 00007000 08:20 47904                      /usr/lib/jvm/java-11-openjdk-amd64/lib/libnio.so
7f539c01e000-7f539c021000 r--p 0000f000 08:20 47904                      /usr/lib/jvm/java-11-openjdk-amd64/lib/libnio.so
7f539c021000-7f539c022000 r--p 00011000 08:20 47904                      /usr/lib/jvm/java-11-openjdk-amd64/lib/libnio.so
7f539c022000-7f539c023000 rw-p 00012000 08:20 47904                      /usr/lib/jvm/java-11-openjdk-amd64/lib/libnio.so
7f539c023000-7f539c025000 r--p 00000000 08:20 47884                      /usr/lib/jvm/java-11-openjdk-amd64/lib/libdt_socket.so
7f539c025000-7f539c028000 r-xp 00002000 08:20 47884                      /usr/lib/jvm/java-11-openjdk-amd64/lib/libdt_socket.so
7f539c028000-7f539c029000 r--p 00005000 08:20 47884                      /usr/lib/jvm/java-11-openjdk-amd64/lib/libdt_socket.so
7f539c029000-7f539c02a000 ---p 00006000 08:20 47884                      /usr/lib/jvm/java-11-openjdk-amd64/lib/libdt_socket.so
7f539c02a000-7f539c02b000 r--p 00006000 08:20 47884                      /usr/lib/jvm/java-11-openjdk-amd64/lib/libdt_socket.so
7f539c02b000-7f539c02c000 rw-p 00007000 08:20 47884                      /usr/lib/jvm/java-11-openjdk-amd64/lib/libdt_socket.so
7f539c02c000-7f539c834000 rw-p 00000000 00:00 0 
7f539c834000-7f539c835000 ---p 00000000 00:00 0 
7f539c835000-7f539c935000 rw-p 00000000 00:00 0 
7f539c935000-7f539c936000 ---p 00000000 00:00 0 
7f539c936000-7f539cb2d000 rw-p 00000000 00:00 0 
7f539cb2d000-7f539ceba000 ---p 00000000 00:00 0 
7f539ceba000-7f539cef8000 rw-p 00000000 00:00 0 
7f539cef8000-7f539d285000 ---p 00000000 00:00 0 
7f539d285000-7f539d2c3000 rw-p 00000000 00:00 0 
7f539d2c3000-7f539d650000 ---p 00000000 00:00 0 
7f539d650000-7f539e35e000 rw-p 00000000 00:00 0 
7f539e35e000-7f539e35f000 ---p 00000000 00:00 0 
7f539e35f000-7f539e464000 rw-p 00000000 00:00 0 
7f539e464000-7f539e548000 ---p 00000000 00:00 0 
7f539e548000-7f539e54d000 rw-p 00000000 00:00 0 
7f539e54d000-7f539e631000 ---p 00000000 00:00 0 
7f539e631000-7f539e637000 rw-p 00000000 00:00 0 
7f539e637000-7f539e640000 ---p 00000000 00:00 0 
7f539e640000-7f539e646000 r--s 000f8000 08:20 55851                      /home/w/.cache/JetBrains/RemoteDev/dist/2b05049c6fa27_ideaIU-232.9921.28/plugins/java/lib/rt/debugger-agent.jar
7f539e646000-7f539e648000 r--p 00000000 08:20 47912                      /usr/lib/jvm/java-11-openjdk-amd64/lib/libzip.so
7f539e648000-7f539e64d000 r-xp 00002000 08:20 47912                      /usr/lib/jvm/java-11-openjdk-amd64/lib/libzip.so
7f539e64d000-7f539e64f000 r--p 00007000 08:20 47912                      /usr/lib/jvm/java-11-openjdk-amd64/lib/libzip.so
7f539e64f000-7f539e650000 r--p 00008000 08:20 47912                      /usr/lib/jvm/java-11-openjdk-amd64/lib/libzip.so
7f539e650000-7f539e651000 rw-p 00009000 08:20 47912                      /usr/lib/jvm/java-11-openjdk-amd64/lib/libzip.so
7f539e651000-7f539e654000 r--p 00000000 08:20 41808                      /usr/lib/x86_64-linux-gnu/libnss_files-2.31.so
7f539e654000-7f539e65b000 r-xp 00003000 08:20 41808                      /usr/lib/x86_64-linux-gnu/libnss_files-2.31.so
7f539e65b000-7f539e65d000 r--p 0000a000 08:20 41808                      /usr/lib/x86_64-linux-gnu/libnss_files-2.31.so
7f539e65d000-7f539e65e000 r--p 0000b000 08:20 41808                      /usr/lib/x86_64-linux-gnu/libnss_files-2.31.so
7f539e65e000-7f539e65f000 rw-p 0000c000 08:20 41808                      /usr/lib/x86_64-linux-gnu/libnss_files-2.31.so
7f539e65f000-7f539e665000 rw-p 00000000 00:00 0 
7f539e667000-7f539e66f000 rw-s 00000000 08:20 44961                      /tmp/hsperfdata_w/15733
7f539e66f000-7f539e6a1000 r--p 00000000 08:20 22158                      /usr/lib/locale/C.UTF-8/LC_CTYPE
7f539e6a1000-7f539e6a2000 r--p 00000000 08:20 22164                      /usr/lib/locale/C.UTF-8/LC_NUMERIC
7f539e6a2000-7f539e6a3000 r--p 00000000 08:20 22167                      /usr/lib/locale/C.UTF-8/LC_TIME
7f539e6a3000-7f539e816000 r--p 00000000 08:20 22157                      /usr/lib/locale/C.UTF-8/LC_COLLATE
7f539e816000-7f539e817000 r--p 00000000 08:20 22162                      /usr/lib/locale/C.UTF-8/LC_MONETARY
7f539e817000-7f539e818000 r--p 00000000 08:20 22161                      /usr/lib/locale/C.UTF-8/LC_MESSAGES/SYS_LC_MESSAGES
7f539e818000-7f539e819000 r--p 00000000 08:20 22165                      /usr/lib/locale/C.UTF-8/LC_PAPER
7f539e819000-7f539e81a000 r--p 00000000 08:20 22163                      /usr/lib/locale/C.UTF-8/LC_NAME
7f539e81a000-7f539e81b000 r--p 00000000 08:20 22156                      /usr/lib/locale/C.UTF-8/LC_ADDRESS
7f539e81b000-7f539e81c000 r--p 00000000 08:20 22166                      /usr/lib/locale/C.UTF-8/LC_TELEPHONE
7f539e81c000-7f539e823000 r--s 00000000 08:20 42067                      /usr/lib/x86_64-linux-gnu/gconv/gconv-modules.cache
7f539e823000-7f539eb09000 r--p 00000000 08:20 2680                       /usr/lib/locale/locale-archive
7f539eb09000-7f539eb0b000 r--p 00000000 08:20 47887                      /usr/lib/jvm/java-11-openjdk-amd64/lib/libinstrument.so
7f539eb0b000-7f539eb12000 r-xp 00002000 08:20 47887                      /usr/lib/jvm/java-11-openjdk-amd64/lib/libinstrument.so
7f539eb12000-7f539eb15000 r--p 00009000 08:20 47887                      /usr/lib/jvm/java-11-openjdk-amd64/lib/libinstrument.so
7f539eb15000-7f539eb16000 r--p 0000b000 08:20 47887                      /usr/lib/jvm/java-11-openjdk-amd64/lib/libinstrument.so
7f539eb16000-7f539eb17000 rw-p 0000c000 08:20 47887                      /usr/lib/jvm/java-11-openjdk-amd64/lib/libinstrument.so
7f539eb17000-7f539eb19000 r--p 00000000 08:20 47894                      /usr/lib/jvm/java-11-openjdk-amd64/lib/libjdwp.so
7f539eb19000-7f539eb46000 r-xp 00002000 08:20 47894                      /usr/lib/jvm/java-11-openjdk-amd64/lib/libjdwp.so
7f539eb46000-7f539eb54000 r--p 0002f000 08:20 47894                      /usr/lib/jvm/java-11-openjdk-amd64/lib/libjdwp.so
7f539eb54000-7f539eb55000 r--p 0003c000 08:20 47894                      /usr/lib/jvm/java-11-openjdk-amd64/lib/libjdwp.so
7f539eb55000-7f539eb56000 rw-p 0003d000 08:20 47894                      /usr/lib/jvm/java-11-openjdk-amd64/lib/libjdwp.so
7f539eb56000-7f539eb57000 ---p 00000000 00:00 0 
7f539eb57000-7f539eb58000 r--p 00000000 00:00 0 
7f539eb58000-7f539eb66000 r--p 00000000 08:20 47892                      /usr/lib/jvm/java-11-openjdk-amd64/lib/libjava.so
7f539eb66000-7f539eb7c000 r-xp 0000e000 08:20 47892                      /usr/lib/jvm/java-11-openjdk-amd64/lib/libjava.so
7f539eb7c000-7f539eb83000 r--p 00024000 08:20 47892                      /usr/lib/jvm/java-11-openjdk-amd64/lib/libjava.so
7f539eb83000-7f539eb84000 r--p 0002a000 08:20 47892                      /usr/lib/jvm/java-11-openjdk-amd64/lib/libjava.so
7f539eb84000-7f539eb85000 rw-p 0002b000 08:20 47892                      /usr/lib/jvm/java-11-openjdk-amd64/lib/libjava.so
7f539eb85000-7f539eb86000 rw-p 00000000 00:00 0 
7f539eb86000-7f539eb8b000 r--p 00000000 08:20 47911                      /usr/lib/jvm/java-11-openjdk-amd64/lib/libverify.so
7f539eb8b000-7f539eb92000 r-xp 00005000 08:20 47911                      /usr/lib/jvm/java-11-openjdk-amd64/lib/libverify.so
7f539eb92000-7f539eb94000 r--p 0000c000 08:20 47911                      /usr/lib/jvm/java-11-openjdk-amd64/lib/libverify.so
7f539eb94000-7f539eb95000 ---p 0000e000 08:20 47911                      /usr/lib/jvm/java-11-openjdk-amd64/lib/libverify.so
7f539eb95000-7f539eb97000 r--p 0000e000 08:20 47911                      /usr/lib/jvm/java-11-openjdk-amd64/lib/libverify.so
7f539eb97000-7f539eb98000 rw-p 00010000 08:20 47911                      /usr/lib/jvm/java-11-openjdk-amd64/lib/libverify.so
7f539eb98000-7f539eb9a000 r--p 00000000 08:20 41815                      /usr/lib/x86_64-linux-gnu/librt-2.31.so
7f539eb9a000-7f539eb9e000 r-xp 00002000 08:20 41815                      /usr/lib/x86_64-linux-gnu/librt-2.31.so
7f539eb9e000-7f539eba0000 r--p 00006000 08:20 41815                      /usr/lib/x86_64-linux-gnu/librt-2.31.so
7f539eba0000-7f539eba1000 r--p 00007000 08:20 41815                      /usr/lib/x86_64-linux-gnu/librt-2.31.so
7f539eba1000-7f539eba2000 rw-p 00008000 08:20 41815                      /usr/lib/x86_64-linux-gnu/librt-2.31.so
7f539eba2000-7f539eba6000 ---p 00000000 00:00 0 
7f539eba6000-7f539eca3000 rw-p 00000000 00:00 0 
7f539eca3000-7f539eca6000 r--p 00000000 08:20 41776                      /usr/lib/x86_64-linux-gnu/libgcc_s.so.1
7f539eca6000-7f539ecb8000 r-xp 00003000 08:20 41776                      /usr/lib/x86_64-linux-gnu/libgcc_s.so.1
7f539ecb8000-7f539ecbc000 r--p 00015000 08:20 41776                      /usr/lib/x86_64-linux-gnu/libgcc_s.so.1
7f539ecbc000-7f539ecbd000 r--p 00018000 08:20 41776                      /usr/lib/x86_64-linux-gnu/libgcc_s.so.1
7f539ecbd000-7f539ecbe000 rw-p 00019000 08:20 41776                      /usr/lib/x86_64-linux-gnu/libgcc_s.so.1
7f539ecbe000-7f539eccb000 r--p 00000000 08:20 41802                      /usr/lib/x86_64-linux-gnu/libm-2.31.so
7f539eccb000-7f539ed72000 r-xp 0000d000 08:20 41802                      /usr/lib/x86_64-linux-gnu/libm-2.31.so
7f539ed72000-7f539ee0b000 r--p 000b4000 08:20 41802                      /usr/lib/x86_64-linux-gnu/libm-2.31.so
7f539ee0b000-7f539ee0c000 r--p 0014c000 08:20 41802                      /usr/lib/x86_64-linux-gnu/libm-2.31.so
7f539ee0c000-7f539ee0d000 rw-p 0014d000 08:20 41802                      /usr/lib/x86_64-linux-gnu/libm-2.31.so
7f539ee0d000-7f539eea3000 r--p 00000000 08:20 40202                      /usr/lib/x86_64-linux-gnu/libstdc++.so.6.0.28
7f539eea3000-7f539ef94000 r-xp 00096000 08:20 40202                      /usr/lib/x86_64-linux-gnu/libstdc++.so.6.0.28
7f539ef94000-7f539efdd000 r--p 00187000 08:20 40202                      /usr/lib/x86_64-linux-gnu/libstdc++.so.6.0.28
7f539efdd000-7f539efde000 ---p 001d0000 08:20 40202                      /usr/lib/x86_64-linux-gnu/libstdc++.so.6.0.28
7f539efde000-7f539efe9000 r--p 001d0000 08:20 40202                      /usr/lib/x86_64-linux-gnu/libstdc++.so.6.0.28
7f539efe9000-7f539efec000 rw-p 001db000 08:20 40202                      /usr/lib/x86_64-linux-gnu/libstdc++.so.6.0.28
7f539efec000-7f539efef000 rw-p 00000000 00:00 0 
7f539efef000-7f539f271000 r--p 00000000 08:20 47918                      /usr/lib/jvm/java-11-openjdk-amd64/lib/server/libjvm.so
7f539f271000-7f539fefe000 r-xp 00282000 08:20 47918                      /usr/lib/jvm/java-11-openjdk-amd64/lib/server/libjvm.so
7f539fefe000-7f53a015f000 r--p 00f0f000 08:20 47918                      /usr/lib/jvm/java-11-openjdk-amd64/lib/server/libjvm.so
7f53a015f000-7f53a0160000 ---p 01170000 08:20 47918                      /usr/lib/jvm/java-11-openjdk-amd64/lib/server/libjvm.so
7f53a0160000-7f53a0224000 r--p 01170000 08:20 47918                      /usr/lib/jvm/java-11-openjdk-amd64/lib/server/libjvm.so
7f53a0224000-7f53a025f000 rw-p 01234000 08:20 47918                      /usr/lib/jvm/java-11-openjdk-amd64/lib/server/libjvm.so
7f53a025f000-7f53a02b8000 rw-p 00000000 00:00 0 
7f53a02b8000-7f53a02da000 r--p 00000000 08:20 41800                      /usr/lib/x86_64-linux-gnu/libc-2.31.so
7f53a02da000-7f53a0452000 r-xp 00022000 08:20 41800                      /usr/lib/x86_64-linux-gnu/libc-2.31.so
7f53a0452000-7f53a04a0000 r--p 0019a000 08:20 41800                      /usr/lib/x86_64-linux-gnu/libc-2.31.so
7f53a04a0000-7f53a04a4000 r--p 001e7000 08:20 41800                      /usr/lib/x86_64-linux-gnu/libc-2.31.so
7f53a04a4000-7f53a04a6000 rw-p 001eb000 08:20 41800                      /usr/lib/x86_64-linux-gnu/libc-2.31.so
7f53a04a6000-7f53a04aa000 rw-p 00000000 00:00 0 
7f53a04aa000-7f53a04ab000 r--p 00000000 08:20 41801                      /usr/lib/x86_64-linux-gnu/libdl-2.31.so
7f53a04ab000-7f53a04ad000 r-xp 00001000 08:20 41801                      /usr/lib/x86_64-linux-gnu/libdl-2.31.so
7f53a04ad000-7f53a04ae000 r--p 00003000 08:20 41801                      /usr/lib/x86_64-linux-gnu/libdl-2.31.so
7f53a04ae000-7f53a04af000 r--p 00003000 08:20 41801                      /usr/lib/x86_64-linux-gnu/libdl-2.31.so
7f53a04af000-7f53a04b0000 rw-p 00004000 08:20 41801                      /usr/lib/x86_64-linux-gnu/libdl-2.31.so
7f53a04b0000-7f53a04b3000 r--p 00000000 08:20 47877                      /usr/lib/jvm/java-11-openjdk-amd64/lib/jli/libjli.so
7f53a04b3000-7f53a04bd000 r-xp 00003000 08:20 47877                      /usr/lib/jvm/java-11-openjdk-amd64/lib/jli/libjli.so
7f53a04bd000-7f53a04c0000 r--p 0000d000 08:20 47877                      /usr/lib/jvm/java-11-openjdk-amd64/lib/jli/libjli.so
7f53a04c0000-7f53a04c1000 ---p 00010000 08:20 47877                      /usr/lib/jvm/java-11-openjdk-amd64/lib/jli/libjli.so
7f53a04c1000-7f53a04c2000 r--p 00010000 08:20 47877                      /usr/lib/jvm/java-11-openjdk-amd64/lib/jli/libjli.so
7f53a04c2000-7f53a04c3000 rw-p 00011000 08:20 47877                      /usr/lib/jvm/java-11-openjdk-amd64/lib/jli/libjli.so
7f53a04c3000-7f53a04c9000 r--p 00000000 08:20 41813                      /usr/lib/x86_64-linux-gnu/libpthread-2.31.so
7f53a04c9000-7f53a04da000 r-xp 00006000 08:20 41813                      /usr/lib/x86_64-linux-gnu/libpthread-2.31.so
7f53a04da000-7f53a04e0000 r--p 00017000 08:20 41813                      /usr/lib/x86_64-linux-gnu/libpthread-2.31.so
7f53a04e0000-7f53a04e1000 r--p 0001c000 08:20 41813                      /usr/lib/x86_64-linux-gnu/libpthread-2.31.so
7f53a04e1000-7f53a04e2000 rw-p 0001d000 08:20 41813                      /usr/lib/x86_64-linux-gnu/libpthread-2.31.so
7f53a04e2000-7f53a04e6000 rw-p 00000000 00:00 0 
7f53a04e6000-7f53a04e8000 r--p 00000000 08:20 13174                      /usr/lib/x86_64-linux-gnu/libz.so.1.2.11
7f53a04e8000-7f53a04f9000 r-xp 00002000 08:20 13174                      /usr/lib/x86_64-linux-gnu/libz.so.1.2.11
7f53a04f9000-7f53a04ff000 r--p 00013000 08:20 13174                      /usr/lib/x86_64-linux-gnu/libz.so.1.2.11
7f53a04ff000-7f53a0500000 ---p 00019000 08:20 13174                      /usr/lib/x86_64-linux-gnu/libz.so.1.2.11
7f53a0500000-7f53a0501000 r--p 00019000 08:20 13174                      /usr/lib/x86_64-linux-gnu/libz.so.1.2.11
7f53a0501000-7f53a0502000 rw-p 0001a000 08:20 13174                      /usr/lib/x86_64-linux-gnu/libz.so.1.2.11
7f53a0502000-7f53a0503000 r--p 00000000 08:20 22160                      /usr/lib/locale/C.UTF-8/LC_MEASUREMENT
7f53a0503000-7f53a0505000 r--p 00000000 08:20 47895                      /usr/lib/jvm/java-11-openjdk-amd64/lib/libjimage.so
7f53a0505000-7f53a0508000 r-xp 00002000 08:20 47895                      /usr/lib/jvm/java-11-openjdk-amd64/lib/libjimage.so
7f53a0508000-7f53a0509000 r--p 00005000 08:20 47895                      /usr/lib/jvm/java-11-openjdk-amd64/lib/libjimage.so
7f53a0509000-7f53a050a000 ---p 00006000 08:20 47895                      /usr/lib/jvm/java-11-openjdk-amd64/lib/libjimage.so
7f53a050a000-7f53a050b000 r--p 00006000 08:20 47895                      /usr/lib/jvm/java-11-openjdk-amd64/lib/libjimage.so
7f53a050b000-7f53a050c000 rw-p 00007000 08:20 47895                      /usr/lib/jvm/java-11-openjdk-amd64/lib/libjimage.so
7f53a050c000-7f53a050e000 rw-p 00000000 00:00 0 
7f53a050e000-7f53a050f000 r--p 00000000 08:20 40200                      /usr/lib/x86_64-linux-gnu/ld-2.31.so
7f53a050f000-7f53a0532000 r-xp 00001000 08:20 40200                      /usr/lib/x86_64-linux-gnu/ld-2.31.so
7f53a0532000-7f53a053a000 r--p 00024000 08:20 40200                      /usr/lib/x86_64-linux-gnu/ld-2.31.so
7f53a053a000-7f53a053b000 r--p 00000000 08:20 22159                      /usr/lib/locale/C.UTF-8/LC_IDENTIFICATION
7f53a053b000-7f53a053c000 r--p 0002c000 08:20 40200                      /usr/lib/x86_64-linux-gnu/ld-2.31.so
7f53a053c000-7f53a053d000 rw-p 0002d000 08:20 40200                      /usr/lib/x86_64-linux-gnu/ld-2.31.so
7f53a053d000-7f53a053e000 rw-p 00000000 00:00 0 
7ffc5ce5a000-7ffc5ce7b000 rw-p 00000000 00:00 0                          [stack]
7ffc5cfaf000-7ffc5cfb3000 r--p 00000000 00:00 0                          [vvar]
7ffc5cfb3000-7ffc5cfb5000 r-xp 00000000 00:00 0                          [vdso]


VM Arguments:
jvm_args: -agentlib:jdwp=transport=dt_socket,address=127.0.0.1:60885,suspend=y,server=n -javaagent:/home/w/.cache/JetBrains/RemoteDev/dist/2b05049c6fa27_ideaIU-232.9921.28/plugins/java/lib/rt/debugger-agent.jar -Dfile.encoding=UTF-8 
java_command: Main
java_class_path (initial): /home/w/.cache/JetBrains/RemoteDev/dist/2b05049c6fa27_ideaIU-232.9921.28/plugins/remote-dev-server/selfcontained/fontconfig/out/production/Lab:/usr/local/lib/antlr-4.9.1-complete.jar:/usr/local/lib/javacpp-1.5.7-linux-x86_64.jar:/usr/local/lib/javacpp-1.5.7.jar:/usr/local/lib/llvm-13.0.1-1.5.7-linux-x86_64.jar:/usr/local/lib/llvm-13.0.1-1.5.7.jar:/usr/local/lib/llvm-platform-13.0.1-1.5.7.jar:/home/w/.cache/JetBrains/RemoteDev/dist/2b05049c6fa27_ideaIU-232.9921.28/lib/idea_rt.jar
Launcher Type: SUN_STANDARD

[Global flags]
     intx CICompilerCount                          = 12                                        {product} {ergonomic}
     uint ConcGCThreads                            = 3                                         {product} {ergonomic}
     uint G1ConcRefinementThreads                  = 13                                        {product} {ergonomic}
   size_t G1HeapRegionSize                         = 1048576                                   {product} {ergonomic}
    uintx GCDrainStackTargetSize                   = 64                                        {product} {ergonomic}
   size_t InitialHeapSize                          = 127926272                                 {product} {ergonomic}
   size_t MarkStackSize                            = 4194304                                   {product} {ergonomic}
   size_t MaxHeapSize                              = 2036334592                                {product} {ergonomic}
   size_t MaxNewSize                               = 1221591040                                {product} {ergonomic}
   size_t MinHeapDeltaBytes                        = 1048576                                   {product} {ergonomic}
    uintx NonNMethodCodeHeapSize                   = 7594288                                {pd product} {ergonomic}
    uintx NonProfiledCodeHeapSize                  = 122031976                              {pd product} {ergonomic}
    uintx ProfiledCodeHeapSize                     = 122031976                              {pd product} {ergonomic}
    uintx ReservedCodeCacheSize                    = 251658240                              {pd product} {ergonomic}
     bool SegmentedCodeCache                       = true                                      {product} {ergonomic}
     bool UseCompressedClassPointers               = true                                 {lp64_product} {ergonomic}
     bool UseCompressedOops                        = true                                 {lp64_product} {ergonomic}
     bool UseG1GC                                  = true                                      {product} {ergonomic}

Logging:
Log output configuration:
 #0: stdout all=warning uptime,level,tags
 #1: stderr all=off uptime,level,tags

Environment Variables:
PATH=/usr/local/sbin:/usr/local/bin:/usr/sbin:/usr/bin:/sbin:/bin:/usr/games:/usr/local/games:/usr/lib/wsl/lib:/mnt/c/Python312/Scripts/:/mnt/c/Python312/:/mnt/c/Program Files (x86)/Common Files/Oracle/Java/javapath:/mnt/c/Windows/system32:/mnt/c/Windows:/mnt/c/Windows/System32/Wbem:/mnt/c/Windows/System32/WindowsPowerShell/v1.0/:/mnt/c/Windows/System32/OpenSSH/:/mnt/d/mingw64/bin:/mnt/d/codes/vx/web/dll:/mnt/d/cod:/mnt/c/ProgramData/chocolatey/bin:/mnt/c/Users/anti/AppData/Local/Google/Chrome/Application:/mnt/e/web/dll:/mnt/d/cod:/mnt/d/Git/cmd:/mnt/c/Users/anti/AppData/Local/Programs/Python/Python310/Scripts/:/mnt/c/Users/anti/AppData/Local/Programs/Python/Python310/:/mnt/c/Users/anti/AppData/Local/Microsoft/WindowsApps:/mnt/d/CLion 2022.2.3/bin:/mnt/d/Microsoft VS Code/bin:/mnt/d/mingw64/bin:/mnt/f/QQGameTempest/Hall.57915/:/mnt/c/Users/anti/AppData/Local/JetBrains/Toolbox/scripts:/mnt/c/Users/anti/AppData/Local/Microsoft/WindowsApps:/mnt/c/Users/anti/AppData/Local/Pandoc/:/mnt/c/Users/anti/AppData/Roaming/npm:/mnt/d/code/appium:/mnt/d/code/android-sdk-windows/platform-tools:/mnt/d/code/android-sdk-windows/tools:/mnt/c/Program Files/Java/jdk1.8.0_301/bin:/mnt/c/Program Files/Java/jdk1.8.0_301/bin:/mnt/d/code/android-sdk-windows/build-tools/29.0.3:/mnt/d/code/appium/node/:/mnt/f/pyCharm/PyCharm 2024.1/bin:/mnt/e/WebStorm 2023.3.4/bin:/snap/bin
SHELL=/bin/bash
DISPLAY=:0
HOSTTYPE=x86_64
LANG=C.UTF-8
TERM=xterm-256color

Signal Handlers:
SIGSEGV: [libjvm.so+0xe9cbc0], sa_mask[0]=11111111011111111101111111111110, sa_flags=SA_RESTART|SA_SIGINFO
SIGBUS: [libjvm.so+0xe9cbc0], sa_mask[0]=11111111011111111101111111111110, sa_flags=SA_RESTART|SA_SIGINFO
SIGFPE: [libjvm.so+0xe9cbc0], sa_mask[0]=11111111011111111101111111111110, sa_flags=SA_RESTART|SA_SIGINFO
SIGPIPE: [libjvm.so+0xbe3c50], sa_mask[0]=11111111011111111101111111111110, sa_flags=SA_RESTART|SA_SIGINFO
SIGXFSZ: [libjvm.so+0xbe3c50], sa_mask[0]=11111111011111111101111111111110, sa_flags=SA_RESTART|SA_SIGINFO
SIGILL: [libjvm.so+0xe9cbc0], sa_mask[0]=11111111011111111101111111111110, sa_flags=SA_RESTART|SA_SIGINFO
SIGUSR2: [libjvm.so+0xbe3af0], sa_mask[0]=00100000000000000000000000000000, sa_flags=SA_RESTART|SA_SIGINFO
SIGHUP: [libjvm.so+0xbe42b0], sa_mask[0]=11111111011111111101111111111110, sa_flags=SA_RESTART|SA_SIGINFO
SIGINT: [libjvm.so+0xbe42b0], sa_mask[0]=11111111011111111101111111111110, sa_flags=SA_RESTART|SA_SIGINFO
SIGTERM: [libjvm.so+0xbe42b0], sa_mask[0]=11111111011111111101111111111110, sa_flags=SA_RESTART|SA_SIGINFO
SIGQUIT: [libjvm.so+0xbe42b0], sa_mask[0]=11111111011111111101111111111110, sa_flags=SA_RESTART|SA_SIGINFO


---------------  S Y S T E M  ---------------

OS:DISTRIB_ID=Ubuntu
DISTRIB_RELEASE=20.04
DISTRIB_CODENAME=focal
DISTRIB_DESCRIPTION="Ubuntu 20.04.6 LTS"
uname:Linux 5.15.153.1-microsoft-standard-WSL2 #1 SMP Fri Mar 29 23:14:13 UTC 2024 x86_64
OS uptime: 0 days 1:10 hours
libc:glibc 2.31 NPTL 2.31 
rlimit (soft/hard): STACK 8192k/infinity , CORE 0k/infinity , NPROC 31039/31039 , NOFILE 1048576/1048576 , AS infinity/infinity , CPU infinity/infinity , DATA infinity/infinity , FSIZE infinity/infinity , MEMLOCK 65536k/65536k
load average:1.63 1.17 1.14

/proc/meminfo:
MemTotal:        7952736 kB
MemFree:         2122172 kB
MemAvailable:    3025328 kB
Buffers:            8136 kB
Cached:          1086848 kB
SwapCached:            0 kB
Active:           244900 kB
Inactive:        4992200 kB
Active(anon):       2188 kB
Inactive(anon):  4143300 kB
Active(file):     242712 kB
Inactive(file):   848900 kB
Unevictable:           0 kB
Mlocked:               0 kB
SwapTotal:       2097152 kB
SwapFree:        2097152 kB
Dirty:               304 kB
Writeback:             0 kB
AnonPages:       4123876 kB
Mapped:           983228 kB
Shmem:              3372 kB
KReclaimable:      53952 kB
Slab:             161992 kB
SReclaimable:      53952 kB
SUnreclaim:       108040 kB
KernelStack:        8064 kB
PageTables:        16992 kB
NFS_Unstable:          0 kB
Bounce:                0 kB
WritebackTmp:          0 kB
CommitLimit:     6073520 kB
Committed_AS:    4580892 kB
VmallocTotal:   34359738367 kB
VmallocUsed:      104644 kB
VmallocChunk:          0 kB
Percpu:            11136 kB
AnonHugePages:   3166208 kB
ShmemHugePages:        0 kB
ShmemPmdMapped:        0 kB
FileHugePages:         0 kB
FilePmdMapped:         0 kB
HugePages_Total:       0
HugePages_Free:        0
HugePages_Rsvd:        0
HugePages_Surp:        0
Hugepagesize:       2048 kB
Hugetlb:               0 kB
DirectMap4k:      113664 kB
DirectMap2M:     4943872 kB
DirectMap1G:    11534336 kB

/sys/kernel/mm/transparent_hugepage/enabled:
[always] madvise never
/sys/kernel/mm/transparent_hugepage/defrag (defrag/compaction efforts parameter):
always defer defer+madvise [madvise] never

Process Memory:
Virtual Size: 5384220K (peak: 13436800K)
Resident Set Size: 105284K (peak: 105284K) (anon: 48544K, file: 56740K, shmem: 0K)
Swapped out: 0K
C-Heap outstanding allocations: 32829K, retained: 8546K
glibc malloc tunables: (default)

/proc/sys/kernel/threads-max (system-wide limit on the number of threads):
62078
/proc/sys/vm/max_map_count (maximum number of memory map areas a process may have):
65530
/proc/sys/kernel/pid_max (system-wide limit on number of process identifiers):
4194304

container (cgroup) information:
container_type: cgroupv1
cpu_cpuset_cpus: 0-15
cpu_memory_nodes: 0
active_processor_count: 16
cpu_quota: no quota
cpu_period: 100000
cpu_shares: no shares
memory_limit_in_bytes: unlimited
memory_and_swap_limit_in_bytes: unlimited
memory_soft_limit_in_bytes: unlimited
memory_usage_in_bytes: 5218936 k
memory_max_usage_in_bytes: 415708 k
kernel_memory_usage_in_bytes: 21044 k
kernel_memory_max_usage_in_bytes: unlimited
kernel_memory_limit_in_bytes: 26748 k
maximum number of tasks: not supported
current number of tasks: not supported

Hyper-V virtualization detected
Steal ticks since vm start: 0
Steal ticks percentage since vm start:  0.000

CPU:total 16 (initial active 16) (8 cores per cpu, 2 threads per core) family 6 model 154 stepping 3 microcode 0xffffffff, cmov, cx8, fxsr, mmx, sse, sse2, sse3, ssse3, sse4.1, sse4.2, popcnt, avx, avx2, aes, clmul, erms, 3dnowpref, lzcnt, ht, tsc, tscinvbit, bmi1, bmi2, adx, sha, fma
CPU Model and flags from /proc/cpuinfo:
model name	: 12th Gen Intel(R) Core(TM) i5-1240P
flags		: fpu vme de pse tsc msr pae mce cx8 apic sep mtrr pge mca cmov pat pse36 clflush mmx fxsr sse sse2 ss ht syscall nx pdpe1gb rdtscp lm constant_tsc rep_good nopl xtopology tsc_reliable nonstop_tsc cpuid pni pclmulqdq ssse3 fma cx16 sse4_1 sse4_2 x2apic movbe popcnt tsc_deadline_timer aes xsave avx f16c rdrand hypervisor lahf_lm abm 3dnowprefetch ssbd ibrs ibpb stibp ibrs_enhanced fsgsbase tsc_adjust bmi1 avx2 smep bmi2 erms invpcid rdseed adx smap clflushopt clwb sha_ni xsaveopt xsavec xgetbv1 xsaves avx_vnni umip waitpkg gfni vaes vpclmulqdq rdpid movdiri movdir64b fsrm md_clear serialize flush_l1d arch_capabilities
Online cpus:
0-15
Offline cpus:

BIOS frequency limitation:
<Not Available>
Frequency switch latency (ns):
<Not Available>
Available cpu frequencies:
<Not Available>
Current governor:
<Not Available>
Core performance/turbo boost:
<Not Available>

Memory: 4k page, physical 7952736k(2122172k free), swap 2097152k(2097152k free)

vm_info: OpenJDK 64-Bit Server VM (11.0.22+7-post-Ubuntu-0ubuntu220.04.1) for linux-amd64 JRE (11.0.22+7-post-Ubuntu-0ubuntu220.04.1), built on Feb  5 2024 20:49:28 by "unknown" with gcc 10.5.0

END.
