#
# A fatal error has been detected by the Java Runtime Environment:
#
#  SIGSEGV (0xb) at pc=0x00007f481a158882, pid=55338, tid=55339
#
# JRE version: OpenJDK Runtime Environment (11.0.23+9) (build 11.0.23+9-post-Ubuntu-1ubuntu120.04.2)
# Java VM: OpenJDK 64-Bit Server VM (11.0.23+9-post-Ubuntu-1ubuntu120.04.2, mixed mode, sharing, tiered, compressed oops, g1 gc, linux-amd64)
# Problematic frame:
# C  [libLLVM-13.so+0xc2c882]  LLVMBuildLoad+0x12
#
# No core dump will be written. Core dumps have been disabled. To enable core dumping, try "ulimit -c unlimited" before starting Java again
#
# If you would like to submit a bug report, please visit:
#   https://bugs.launchpad.net/ubuntu/+source/openjdk-lts
# The crash happened outside the Java Virtual Machine in native code.
# See problematic frame for where to report the bug.
#

---------------  S U M M A R Y ------------

Command Line: -agentlib:jdwp=transport=dt_socket,address=127.0.0.1:60865,suspend=y,server=n -javaagent:/home/w/.cache/JetBrains/RemoteDev/dist/2b05049c6fa27_ideaIU-232.9921.28/plugins/java/lib/rt/debugger-agent.jar -Dfile.encoding=UTF-8 Main

Host: 12th Gen Intel(R) Core(TM) i5-1240P, 16 cores, 7G, Ubuntu 20.04.6 LTS
Time: Tue Jul  2 16:59:24 2024 HKT elapsed time: 1.259624 seconds (0d 0h 0m 1s)

---------------  T H R E A D  ---------------

Current thread (0x00007f489001c000):  JavaThread "main" [_thread_in_native, id=55339, stack(0x00007f489611a000,0x00007f489621b000)]

Stack: [0x00007f489611a000,0x00007f489621b000],  sp=0x00007f48962188a0,  free space=1018k
Native frames: (J=compiled Java code, A=aot compiled Java code, j=interpreted, Vv=VM code, C=native code)
C  [libLLVM-13.so+0xc2c882]  LLVMBuildLoad+0x12

Java frames: (J=compiled Java code, j=interpreted, Vv=VM code)
j  org.bytedeco.llvm.global.LLVM.LLVMBuildLoad(Lorg/bytedeco/llvm/LLVM/LLVMBuilderRef;Lorg/bytedeco/llvm/LLVM/LLVMValueRef;Ljava/lang/String;)Lorg/bytedeco/llvm/LLVM/LLVMValueRef;+0
j  LLVMIRVisitor.visitLValExp(LSysYParser$LValExpContext;)Lorg/bytedeco/llvm/LLVM/LLVMValueRef;+21
j  LLVMIRVisitor.visitLValExp(LSysYParser$LValExpContext;)Ljava/lang/Object;+2
j  SysYParser$LValExpContext.accept(Lorg/antlr/v4/runtime/tree/ParseTreeVisitor;)Ljava/lang/Object;+12
j  org.antlr.v4.runtime.tree.AbstractParseTreeVisitor.visit(Lorg/antlr/v4/runtime/tree/ParseTree;)Ljava/lang/Object;+2
j  LLVMIRVisitor.visitAddExp(LSysYParser$AddExpContext;)Lorg/bytedeco/llvm/LLVM/LLVMValueRef;+19
j  LLVMIRVisitor.visitAddExp(LSysYParser$AddExpContext;)Ljava/lang/Object;+2
j  SysYParser$AddExpContext.accept(Lorg/antlr/v4/runtime/tree/ParseTreeVisitor;)Ljava/lang/Object;+12
j  org.antlr.v4.runtime.tree.AbstractParseTreeVisitor.visit(Lorg/antlr/v4/runtime/tree/ParseTree;)Ljava/lang/Object;+2
j  LLVMIRVisitor.visitReturnStmt(LSysYParser$ReturnStmtContext;)Lorg/bytedeco/llvm/LLVM/LLVMValueRef;+18
j  LLVMIRVisitor.visitReturnStmt(LSysYParser$ReturnStmtContext;)Ljava/lang/Object;+2
j  SysYParser$ReturnStmtContext.accept(Lorg/antlr/v4/runtime/tree/ParseTreeVisitor;)Ljava/lang/Object;+12
j  org.antlr.v4.runtime.tree.AbstractParseTreeVisitor.visitChildren(Lorg/antlr/v4/runtime/tree/RuleNode;)Ljava/lang/Object;+46
j  SysYParserBaseVisitor.visitBlockItem(LSysYParser$BlockItemContext;)Ljava/lang/Object;+2
j  SysYParser$BlockItemContext.accept(Lorg/antlr/v4/runtime/tree/ParseTreeVisitor;)Ljava/lang/Object;+12
j  org.antlr.v4.runtime.tree.AbstractParseTreeVisitor.visit(Lorg/antlr/v4/runtime/tree/ParseTree;)Ljava/lang/Object;+2
j  LLVMIRVisitor$$Lambda$30.accept(Ljava/lang/Object;)V+11
j  java.util.ArrayList.forEach(Ljava/util/function/Consumer;)V+46 java.base@11.0.23
j  LLVMIRVisitor.visitBlock(LSysYParser$BlockContext;)Lorg/bytedeco/llvm/LLVM/LLVMValueRef;+25
j  LLVMIRVisitor.visitBlock(LSysYParser$BlockContext;)Ljava/lang/Object;+2
j  SysYParser$BlockContext.accept(Lorg/antlr/v4/runtime/tree/ParseTreeVisitor;)Ljava/lang/Object;+12
j  org.antlr.v4.runtime.tree.AbstractParseTreeVisitor.visitChildren(Lorg/antlr/v4/runtime/tree/RuleNode;)Ljava/lang/Object;+46
j  SysYParserBaseVisitor.visitFuncDef(LSysYParser$FuncDefContext;)Ljava/lang/Object;+2
j  LLVMIRVisitor.visitFuncDef(LSysYParser$FuncDefContext;)Lorg/bytedeco/llvm/LLVM/LLVMValueRef;+253
j  LLVMIRVisitor.visitFuncDef(LSysYParser$FuncDefContext;)Ljava/lang/Object;+2
j  SysYParser$FuncDefContext.accept(Lorg/antlr/v4/runtime/tree/ParseTreeVisitor;)Ljava/lang/Object;+12
j  org.antlr.v4.runtime.tree.AbstractParseTreeVisitor.visitChildren(Lorg/antlr/v4/runtime/tree/RuleNode;)Ljava/lang/Object;+46
j  SysYParserBaseVisitor.visitCompUnit(LSysYParser$CompUnitContext;)Ljava/lang/Object;+2
j  SysYParser$CompUnitContext.accept(Lorg/antlr/v4/runtime/tree/ParseTreeVisitor;)Ljava/lang/Object;+12
j  org.antlr.v4.runtime.tree.AbstractParseTreeVisitor.visitChildren(Lorg/antlr/v4/runtime/tree/RuleNode;)Ljava/lang/Object;+46
j  SysYParserBaseVisitor.visitProgram(LSysYParser$ProgramContext;)Ljava/lang/Object;+2
j  LLVMIRVisitor.visitProgram(LSysYParser$ProgramContext;)Lorg/bytedeco/llvm/LLVM/LLVMValueRef;+22
j  LLVMIRVisitor.visitProgram(LSysYParser$ProgramContext;)Ljava/lang/Object;+2
j  SysYParser$ProgramContext.accept(Lorg/antlr/v4/runtime/tree/ParseTreeVisitor;)Ljava/lang/Object;+12
j  org.antlr.v4.runtime.tree.AbstractParseTreeVisitor.visit(Lorg/antlr/v4/runtime/tree/ParseTree;)Ljava/lang/Object;+2
j  Main.main([Ljava/lang/String;)V+62
v  ~StubRoutines::call_stub

siginfo: si_signo: 11 (SIGSEGV), si_code: 1 (SEGV_MAPERR), si_addr: 0x0000000000000000

Register to memory mapping:

RAX=0x00007f4890465f60 points into unknown readable memory: 0x0000000000000064 | 64 00 00 00 00 00 00 00
RBX=0x0 is NULL
RCX=0x0000000000000064 is an unknown value
RDX=0x00007f4890465f60 points into unknown readable memory: 0x0000000000000064 | 64 00 00 00 00 00 00 00
RSP=0x00007f48962188a0 is pointing into the stack for thread: 0x00007f489001c000
RBP=0x00007f4890433a20 points into unknown readable memory: 0x00007f4890433a30 | 30 3a 43 90 48 7f 00 00
RSI=0x0 is NULL
RDI=0x00007f4890433a20 points into unknown readable memory: 0x00007f4890433a30 | 30 3a 43 90 48 7f 00 00
R8 =0x000000008d5d4fb8 points into unknown readable memory: 0x0000000000000064 | 64 00 00 00 00 00 00 00
R9 =0x00007f489001c000 is a thread
R10=0x0 is NULL
R11=0x00000000000003d8 is an unknown value
R12=0x0 is NULL
R13=0x0 is NULL
R14=0x00007f4890465f60 points into unknown readable memory: 0x0000000000000064 | 64 00 00 00 00 00 00 00
R15=0x00007f489001c000 is a thread


Registers:
RAX=0x00007f4890465f60, RBX=0x0000000000000000, RCX=0x0000000000000064, RDX=0x00007f4890465f60
RSP=0x00007f48962188a0, RBP=0x00007f4890433a20, RSI=0x0000000000000000, RDI=0x00007f4890433a20
R8 =0x000000008d5d4fb8, R9 =0x00007f489001c000, R10=0x0000000000000000, R11=0x00000000000003d8
R12=0x0000000000000000, R13=0x0000000000000000, R14=0x00007f4890465f60, R15=0x00007f489001c000
RIP=0x00007f481a158882, EFLAGS=0x0000000000010206, CSGSFS=0x002b000000000033, ERR=0x0000000000000004
  TRAPNO=0x000000000000000e

Top of Stack: (sp=0x00007f48962188a0)
0x00007f48962188a0:   00007f489001c000 0000000000000000
0x00007f48962188b0:   00007f489001c000 00007f48901a15f0
0x00007f48962188c0:   0000000000000002 0000000000000001
0x00007f48962188d0:   00007f4890465f60 00007f48901a15f0 

Instructions: (pc=0x00007f481a158882)
0x00007f481a158782:   89 c4 4c 8d 4c 24 40 e8 92 57 09 00 48 8b 7d 50
0x00007f481a158792:   48 8b 4d 30 4c 89 e6 48 8d 54 24 10 4c 8b 45 38
0x00007f481a1587a2:   48 8b 07 ff 50 10 48 8b 5d 00 8b 6d 08 5a 59 48
0x00007f481a1587b2:   c1 e5 04 48 01 dd 48 39 eb 74 1a 0f 1f 00 48 8b
0x00007f481a1587c2:   53 08 8b 33 4c 89 e7 48 83 c3 10 e8 6e 16 0e 00
0x00007f481a1587d2:   48 39 dd 75 e9 48 83 c4 68 4c 89 e0 5b 5d 41 5c
0x00007f481a1587e2:   41 5d 41 5e 41 5f c3 0f 1f 80 00 00 00 00 41 54
0x00007f481a1587f2:   b8 01 01 00 00 55 48 89 fd 48 89 f7 53 48 83 ec
0x00007f481a158802:   30 48 8b 75 30 66 89 44 24 20 e8 ef 24 09 00 48
0x00007f481a158812:   8b 7d 50 48 8b 4d 30 48 89 e2 49 89 c4 4c 8b 45
0x00007f481a158822:   38 48 8b 07 4c 89 e6 ff 50 10 48 8b 5d 00 8b 6d
0x00007f481a158832:   08 48 c1 e5 04 48 01 dd 48 39 eb 74 18 90 48 8b
0x00007f481a158842:   53 08 8b 33 4c 89 e7 48 83 c3 10 e8 ee 15 0e 00
0x00007f481a158852:   48 39 dd 75 e9 48 83 c4 30 4c 89 e0 5b 5d 41 5c
0x00007f481a158862:   c3 66 2e 0f 1f 84 00 00 00 00 00 0f 1f 00 41 56
0x00007f481a158872:   41 55 49 89 f5 41 54 55 48 89 fd 53 48 83 ec 60
0x00007f481a158882:   48 8b 06 80 3a 00 be 01 01 00 00 4c 8b 70 18 66
0x00007f481a158892:   89 74 24 20 74 09 48 89 14 24 c6 44 24 20 03 48
0x00007f481a1588a2:   8b 7d 30 e8 d6 15 fc ff 48 89 c7 e8 4e 47 0e 00
0x00007f481a1588b2:   4c 89 f6 48 89 c7 e8 b3 46 01 00 be 01 00 00 00
0x00007f481a1588c2:   bf 40 00 00 00 89 c3 b8 01 01 00 00 66 89 44 24
0x00007f481a1588d2:   50 e8 a8 0a 13 00 48 8d 4c 24 30 41 89 d9 45 31
0x00007f481a1588e2:   c0 48 83 ec 08 48 89 c7 4c 89 ea 4c 89 f6 6a 00
0x00007f481a1588f2:   49 89 c4 e8 26 5d 09 00 48 8b 7d 50 48 8b 4d 30
0x00007f481a158902:   4c 89 e6 48 8d 54 24 10 4c 8b 45 38 48 8b 07 ff
0x00007f481a158912:   50 10 48 8b 5d 00 8b 6d 08 5a 59 48 c1 e5 04 48
0x00007f481a158922:   01 dd 48 39 eb 74 1e 0f 1f 80 00 00 00 00 48 8b
0x00007f481a158932:   53 08 8b 33 4c 89 e7 48 83 c3 10 e8 fe 14 0e 00
0x00007f481a158942:   48 39 dd 75 e9 48 83 c4 60 4c 89 e0 5b 5d 41 5c
0x00007f481a158952:   41 5d 41 5e c3 66 0f 1f 84 00 00 00 00 00 41 56
0x00007f481a158962:   49 89 d6 41 55 49 89 f5 be 01 01 00 00 41 54 55
0x00007f481a158972:   48 89 fd 53 48 83 ec 60 80 39 00 66 89 74 24 20 


Stack slot to memory mapping:
stack at sp + 0 slots: 0x00007f489001c000 is a thread
stack at sp + 1 slots: 0x0 is NULL
stack at sp + 2 slots: 0x00007f489001c000 is a thread
stack at sp + 3 slots: 0x00007f48901a15f0 points into unknown readable memory: 0x000000008d5d4fa8 | a8 4f 5d 8d 00 00 00 00
stack at sp + 4 slots: 0x0000000000000002 is an unknown value
stack at sp + 5 slots: 0x0000000000000001 is an unknown value
stack at sp + 6 slots: 0x00007f4890465f60 points into unknown readable memory: 0x0000000000000064 | 64 00 00 00 00 00 00 00
stack at sp + 7 slots: 0x00007f48901a15f0 points into unknown readable memory: 0x000000008d5d4fa8 | a8 4f 5d 8d 00 00 00 00


---------------  P R O C E S S  ---------------

Threads class SMR info:
_java_thread_list=0x00007f489037fff0, length=14, elements={
0x00007f489001c000, 0x00007f48901a3000, 0x00007f48901ad000, 0x00007f48901b1800,
0x00007f48901b3800, 0x00007f48901b5800, 0x00007f48901b7800, 0x00007f48901b9800,
0x00007f48901c7800, 0x00007f4844085800, 0x00007f4890220800, 0x00007f4890225800,
0x00007f4828001800, 0x00007f489037f000
}

Java Threads: ( => current thread )
=>0x00007f489001c000 JavaThread "main" [_thread_in_native, id=55339, stack(0x00007f489611a000,0x00007f489621b000)]
  0x00007f48901a3000 JavaThread "Reference Handler" daemon [_thread_blocked, id=55347, stack(0x00007f4868e76000,0x00007f4868f77000)]
  0x00007f48901ad000 JavaThread "Finalizer" daemon [_thread_blocked, id=55348, stack(0x00007f4868d75000,0x00007f4868e76000)]
  0x00007f48901b1800 JavaThread "Signal Dispatcher" daemon [_thread_blocked, id=55349, stack(0x00007f4868c74000,0x00007f4868d75000)]
  0x00007f48901b3800 JavaThread "Service Thread" daemon [_thread_blocked, id=55350, stack(0x00007f4868b73000,0x00007f4868c74000)]
  0x00007f48901b5800 JavaThread "C2 CompilerThread0" daemon [_thread_blocked, id=55351, stack(0x00007f4868a72000,0x00007f4868b73000)]
  0x00007f48901b7800 JavaThread "C1 CompilerThread0" daemon [_thread_blocked, id=55352, stack(0x00007f4868971000,0x00007f4868a72000)]
  0x00007f48901b9800 JavaThread "Sweeper thread" daemon [_thread_blocked, id=55353, stack(0x00007f4868870000,0x00007f4868971000)]
  0x00007f48901c7800 JavaThread "Common-Cleaner" daemon [_thread_blocked, id=55354, stack(0x00007f486876f000,0x00007f4868870000)]
  0x00007f4844085800 JavaThread "C1 CompilerThread1" daemon [_thread_blocked, id=55355, stack(0x00007f486866e000,0x00007f486876f000)]
  0x00007f4890220800 JavaThread "JDWP Transport Listener: dt_socket" daemon [_thread_blocked, id=55357, stack(0x00007f4868430000,0x00007f4868531000)]
  0x00007f4890225800 JavaThread "JDWP Event Helper Thread" daemon [_thread_blocked, id=55358, stack(0x00007f486832f000,0x00007f4868430000)]
  0x00007f4828001800 JavaThread "JDWP Command Reader" daemon [_thread_in_native, id=55359, stack(0x00007f486822e000,0x00007f486832f000)]
  0x00007f489037f000 JavaThread "JavaCPP Deallocator" daemon [_thread_blocked, id=55371, stack(0x00007f486812d000,0x00007f486822e000)]

Other Threads:
  0x00007f48901a0000 VMThread "VM Thread" [stack: 0x00007f4868f78000,0x00007f4869078000] [id=55345]
  0x00007f4890236000 WatcherThread [stack: 0x00007f486856e000,0x00007f486866e000] [id=55369]
  0x00007f4890035800 GCTaskThread "GC Thread#0" [stack: 0x00007f48958d7000,0x00007f48959d7000] [id=55340]
  0x00007f4890066800 ConcurrentGCThread "G1 Main Marker" [stack: 0x00007f4878616000,0x00007f4878716000] [id=55341]
  0x00007f4890068800 ConcurrentGCThread "G1 Conc#0" [stack: 0x00007f4878515000,0x00007f4878615000] [id=55342]
  0x00007f4890104800 ConcurrentGCThread "G1 Refine#0" [stack: 0x00007f48699fb000,0x00007f4869afb000] [id=55343]
  0x00007f4890106800 ConcurrentGCThread "G1 Young RemSet Sampling" [stack: 0x00007f48698fa000,0x00007f48699fa000] [id=55344]

Threads with active compile tasks:

VM state:not at safepoint (normal execution)

VM Mutex/Monitor currently owned by a thread: None

Heap address: 0x0000000086a00000, size: 1942 MB, Compressed Oops mode: 32-bit
Narrow klass base: 0x0000000800000000, Narrow klass shift: 3
Compressed class space size: 1073741824 Address: 0x0000000840000000

Heap:
 garbage-first heap   total 126976K, used 15056K [0x0000000086a00000, 0x0000000100000000)
  region size 1024K, 15 young (15360K), 0 survivors (0K)
 Metaspace       used 4036K, capacity 6687K, committed 6912K, reserved 1056768K
  class space    used 438K, capacity 696K, committed 768K, reserved 1048576K
Heap Regions: E=young(eden), S=young(survivor), O=old, HS=humongous(starts), HC=humongous(continues), CS=collection set, F=free, A=archive, TAMS=top-at-mark-start (previous, next)
|   0|0x0000000086a00000, 0x0000000086a00000, 0x0000000086b00000|  0%| F|  |TAMS 0x0000000086a00000, 0x0000000086a00000| Untracked 
|   1|0x0000000086b00000, 0x0000000086b00000, 0x0000000086c00000|  0%| F|  |TAMS 0x0000000086b00000, 0x0000000086b00000| Untracked 
|   2|0x0000000086c00000, 0x0000000086c00000, 0x0000000086d00000|  0%| F|  |TAMS 0x0000000086c00000, 0x0000000086c00000| Untracked 
|   3|0x0000000086d00000, 0x0000000086d00000, 0x0000000086e00000|  0%| F|  |TAMS 0x0000000086d00000, 0x0000000086d00000| Untracked 
|   4|0x0000000086e00000, 0x0000000086e00000, 0x0000000086f00000|  0%| F|  |TAMS 0x0000000086e00000, 0x0000000086e00000| Untracked 
|   5|0x0000000086f00000, 0x0000000086f00000, 0x0000000087000000|  0%| F|  |TAMS 0x0000000086f00000, 0x0000000086f00000| Untracked 
|   6|0x0000000087000000, 0x0000000087000000, 0x0000000087100000|  0%| F|  |TAMS 0x0000000087000000, 0x0000000087000000| Untracked 
|   7|0x0000000087100000, 0x0000000087100000, 0x0000000087200000|  0%| F|  |TAMS 0x0000000087100000, 0x0000000087100000| Untracked 
|   8|0x0000000087200000, 0x0000000087200000, 0x0000000087300000|  0%| F|  |TAMS 0x0000000087200000, 0x0000000087200000| Untracked 
|   9|0x0000000087300000, 0x0000000087300000, 0x0000000087400000|  0%| F|  |TAMS 0x0000000087300000, 0x0000000087300000| Untracked 
|  10|0x0000000087400000, 0x0000000087400000, 0x0000000087500000|  0%| F|  |TAMS 0x0000000087400000, 0x0000000087400000| Untracked 
|  11|0x0000000087500000, 0x0000000087500000, 0x0000000087600000|  0%| F|  |TAMS 0x0000000087500000, 0x0000000087500000| Untracked 
|  12|0x0000000087600000, 0x0000000087600000, 0x0000000087700000|  0%| F|  |TAMS 0x0000000087600000, 0x0000000087600000| Untracked 
|  13|0x0000000087700000, 0x0000000087700000, 0x0000000087800000|  0%| F|  |TAMS 0x0000000087700000, 0x0000000087700000| Untracked 
|  14|0x0000000087800000, 0x0000000087800000, 0x0000000087900000|  0%| F|  |TAMS 0x0000000087800000, 0x0000000087800000| Untracked 
|  15|0x0000000087900000, 0x0000000087900000, 0x0000000087a00000|  0%| F|  |TAMS 0x0000000087900000, 0x0000000087900000| Untracked 
|  16|0x0000000087a00000, 0x0000000087a00000, 0x0000000087b00000|  0%| F|  |TAMS 0x0000000087a00000, 0x0000000087a00000| Untracked 
|  17|0x0000000087b00000, 0x0000000087b00000, 0x0000000087c00000|  0%| F|  |TAMS 0x0000000087b00000, 0x0000000087b00000| Untracked 
|  18|0x0000000087c00000, 0x0000000087c00000, 0x0000000087d00000|  0%| F|  |TAMS 0x0000000087c00000, 0x0000000087c00000| Untracked 
|  19|0x0000000087d00000, 0x0000000087d00000, 0x0000000087e00000|  0%| F|  |TAMS 0x0000000087d00000, 0x0000000087d00000| Untracked 
|  20|0x0000000087e00000, 0x0000000087e00000, 0x0000000087f00000|  0%| F|  |TAMS 0x0000000087e00000, 0x0000000087e00000| Untracked 
|  21|0x0000000087f00000, 0x0000000087f00000, 0x0000000088000000|  0%| F|  |TAMS 0x0000000087f00000, 0x0000000087f00000| Untracked 
|  22|0x0000000088000000, 0x0000000088000000, 0x0000000088100000|  0%| F|  |TAMS 0x0000000088000000, 0x0000000088000000| Untracked 
|  23|0x0000000088100000, 0x0000000088100000, 0x0000000088200000|  0%| F|  |TAMS 0x0000000088100000, 0x0000000088100000| Untracked 
|  24|0x0000000088200000, 0x0000000088200000, 0x0000000088300000|  0%| F|  |TAMS 0x0000000088200000, 0x0000000088200000| Untracked 
|  25|0x0000000088300000, 0x0000000088300000, 0x0000000088400000|  0%| F|  |TAMS 0x0000000088300000, 0x0000000088300000| Untracked 
|  26|0x0000000088400000, 0x0000000088400000, 0x0000000088500000|  0%| F|  |TAMS 0x0000000088400000, 0x0000000088400000| Untracked 
|  27|0x0000000088500000, 0x0000000088500000, 0x0000000088600000|  0%| F|  |TAMS 0x0000000088500000, 0x0000000088500000| Untracked 
|  28|0x0000000088600000, 0x0000000088600000, 0x0000000088700000|  0%| F|  |TAMS 0x0000000088600000, 0x0000000088600000| Untracked 
|  29|0x0000000088700000, 0x0000000088700000, 0x0000000088800000|  0%| F|  |TAMS 0x0000000088700000, 0x0000000088700000| Untracked 
|  30|0x0000000088800000, 0x0000000088800000, 0x0000000088900000|  0%| F|  |TAMS 0x0000000088800000, 0x0000000088800000| Untracked 
|  31|0x0000000088900000, 0x0000000088900000, 0x0000000088a00000|  0%| F|  |TAMS 0x0000000088900000, 0x0000000088900000| Untracked 
|  32|0x0000000088a00000, 0x0000000088a00000, 0x0000000088b00000|  0%| F|  |TAMS 0x0000000088a00000, 0x0000000088a00000| Untracked 
|  33|0x0000000088b00000, 0x0000000088b00000, 0x0000000088c00000|  0%| F|  |TAMS 0x0000000088b00000, 0x0000000088b00000| Untracked 
|  34|0x0000000088c00000, 0x0000000088c00000, 0x0000000088d00000|  0%| F|  |TAMS 0x0000000088c00000, 0x0000000088c00000| Untracked 
|  35|0x0000000088d00000, 0x0000000088d00000, 0x0000000088e00000|  0%| F|  |TAMS 0x0000000088d00000, 0x0000000088d00000| Untracked 
|  36|0x0000000088e00000, 0x0000000088e00000, 0x0000000088f00000|  0%| F|  |TAMS 0x0000000088e00000, 0x0000000088e00000| Untracked 
|  37|0x0000000088f00000, 0x0000000088f00000, 0x0000000089000000|  0%| F|  |TAMS 0x0000000088f00000, 0x0000000088f00000| Untracked 
|  38|0x0000000089000000, 0x0000000089000000, 0x0000000089100000|  0%| F|  |TAMS 0x0000000089000000, 0x0000000089000000| Untracked 
|  39|0x0000000089100000, 0x0000000089100000, 0x0000000089200000|  0%| F|  |TAMS 0x0000000089100000, 0x0000000089100000| Untracked 
|  40|0x0000000089200000, 0x0000000089200000, 0x0000000089300000|  0%| F|  |TAMS 0x0000000089200000, 0x0000000089200000| Untracked 
|  41|0x0000000089300000, 0x0000000089300000, 0x0000000089400000|  0%| F|  |TAMS 0x0000000089300000, 0x0000000089300000| Untracked 
|  42|0x0000000089400000, 0x0000000089400000, 0x0000000089500000|  0%| F|  |TAMS 0x0000000089400000, 0x0000000089400000| Untracked 
|  43|0x0000000089500000, 0x0000000089500000, 0x0000000089600000|  0%| F|  |TAMS 0x0000000089500000, 0x0000000089500000| Untracked 
|  44|0x0000000089600000, 0x0000000089600000, 0x0000000089700000|  0%| F|  |TAMS 0x0000000089600000, 0x0000000089600000| Untracked 
|  45|0x0000000089700000, 0x0000000089700000, 0x0000000089800000|  0%| F|  |TAMS 0x0000000089700000, 0x0000000089700000| Untracked 
|  46|0x0000000089800000, 0x0000000089800000, 0x0000000089900000|  0%| F|  |TAMS 0x0000000089800000, 0x0000000089800000| Untracked 
|  47|0x0000000089900000, 0x0000000089900000, 0x0000000089a00000|  0%| F|  |TAMS 0x0000000089900000, 0x0000000089900000| Untracked 
|  48|0x0000000089a00000, 0x0000000089a00000, 0x0000000089b00000|  0%| F|  |TAMS 0x0000000089a00000, 0x0000000089a00000| Untracked 
|  49|0x0000000089b00000, 0x0000000089b00000, 0x0000000089c00000|  0%| F|  |TAMS 0x0000000089b00000, 0x0000000089b00000| Untracked 
|  50|0x0000000089c00000, 0x0000000089c00000, 0x0000000089d00000|  0%| F|  |TAMS 0x0000000089c00000, 0x0000000089c00000| Untracked 
|  51|0x0000000089d00000, 0x0000000089d00000, 0x0000000089e00000|  0%| F|  |TAMS 0x0000000089d00000, 0x0000000089d00000| Untracked 
|  52|0x0000000089e00000, 0x0000000089e00000, 0x0000000089f00000|  0%| F|  |TAMS 0x0000000089e00000, 0x0000000089e00000| Untracked 
|  53|0x0000000089f00000, 0x0000000089f00000, 0x000000008a000000|  0%| F|  |TAMS 0x0000000089f00000, 0x0000000089f00000| Untracked 
|  54|0x000000008a000000, 0x000000008a000000, 0x000000008a100000|  0%| F|  |TAMS 0x000000008a000000, 0x000000008a000000| Untracked 
|  55|0x000000008a100000, 0x000000008a100000, 0x000000008a200000|  0%| F|  |TAMS 0x000000008a100000, 0x000000008a100000| Untracked 
|  56|0x000000008a200000, 0x000000008a200000, 0x000000008a300000|  0%| F|  |TAMS 0x000000008a200000, 0x000000008a200000| Untracked 
|  57|0x000000008a300000, 0x000000008a300000, 0x000000008a400000|  0%| F|  |TAMS 0x000000008a300000, 0x000000008a300000| Untracked 
|  58|0x000000008a400000, 0x000000008a400000, 0x000000008a500000|  0%| F|  |TAMS 0x000000008a400000, 0x000000008a400000| Untracked 
|  59|0x000000008a500000, 0x000000008a500000, 0x000000008a600000|  0%| F|  |TAMS 0x000000008a500000, 0x000000008a500000| Untracked 
|  60|0x000000008a600000, 0x000000008a600000, 0x000000008a700000|  0%| F|  |TAMS 0x000000008a600000, 0x000000008a600000| Untracked 
|  61|0x000000008a700000, 0x000000008a700000, 0x000000008a800000|  0%| F|  |TAMS 0x000000008a700000, 0x000000008a700000| Untracked 
|  62|0x000000008a800000, 0x000000008a800000, 0x000000008a900000|  0%| F|  |TAMS 0x000000008a800000, 0x000000008a800000| Untracked 
|  63|0x000000008a900000, 0x000000008a900000, 0x000000008aa00000|  0%| F|  |TAMS 0x000000008a900000, 0x000000008a900000| Untracked 
|  64|0x000000008aa00000, 0x000000008aa00000, 0x000000008ab00000|  0%| F|  |TAMS 0x000000008aa00000, 0x000000008aa00000| Untracked 
|  65|0x000000008ab00000, 0x000000008ab00000, 0x000000008ac00000|  0%| F|  |TAMS 0x000000008ab00000, 0x000000008ab00000| Untracked 
|  66|0x000000008ac00000, 0x000000008ac00000, 0x000000008ad00000|  0%| F|  |TAMS 0x000000008ac00000, 0x000000008ac00000| Untracked 
|  67|0x000000008ad00000, 0x000000008ad00000, 0x000000008ae00000|  0%| F|  |TAMS 0x000000008ad00000, 0x000000008ad00000| Untracked 
|  68|0x000000008ae00000, 0x000000008ae00000, 0x000000008af00000|  0%| F|  |TAMS 0x000000008ae00000, 0x000000008ae00000| Untracked 
|  69|0x000000008af00000, 0x000000008af00000, 0x000000008b000000|  0%| F|  |TAMS 0x000000008af00000, 0x000000008af00000| Untracked 
|  70|0x000000008b000000, 0x000000008b000000, 0x000000008b100000|  0%| F|  |TAMS 0x000000008b000000, 0x000000008b000000| Untracked 
|  71|0x000000008b100000, 0x000000008b100000, 0x000000008b200000|  0%| F|  |TAMS 0x000000008b100000, 0x000000008b100000| Untracked 
|  72|0x000000008b200000, 0x000000008b200000, 0x000000008b300000|  0%| F|  |TAMS 0x000000008b200000, 0x000000008b200000| Untracked 
|  73|0x000000008b300000, 0x000000008b300000, 0x000000008b400000|  0%| F|  |TAMS 0x000000008b300000, 0x000000008b300000| Untracked 
|  74|0x000000008b400000, 0x000000008b400000, 0x000000008b500000|  0%| F|  |TAMS 0x000000008b400000, 0x000000008b400000| Untracked 
|  75|0x000000008b500000, 0x000000008b500000, 0x000000008b600000|  0%| F|  |TAMS 0x000000008b500000, 0x000000008b500000| Untracked 
|  76|0x000000008b600000, 0x000000008b600000, 0x000000008b700000|  0%| F|  |TAMS 0x000000008b600000, 0x000000008b600000| Untracked 
|  77|0x000000008b700000, 0x000000008b700000, 0x000000008b800000|  0%| F|  |TAMS 0x000000008b700000, 0x000000008b700000| Untracked 
|  78|0x000000008b800000, 0x000000008b800000, 0x000000008b900000|  0%| F|  |TAMS 0x000000008b800000, 0x000000008b800000| Untracked 
|  79|0x000000008b900000, 0x000000008b900000, 0x000000008ba00000|  0%| F|  |TAMS 0x000000008b900000, 0x000000008b900000| Untracked 
|  80|0x000000008ba00000, 0x000000008ba00000, 0x000000008bb00000|  0%| F|  |TAMS 0x000000008ba00000, 0x000000008ba00000| Untracked 
|  81|0x000000008bb00000, 0x000000008bb00000, 0x000000008bc00000|  0%| F|  |TAMS 0x000000008bb00000, 0x000000008bb00000| Untracked 
|  82|0x000000008bc00000, 0x000000008bc00000, 0x000000008bd00000|  0%| F|  |TAMS 0x000000008bc00000, 0x000000008bc00000| Untracked 
|  83|0x000000008bd00000, 0x000000008bd00000, 0x000000008be00000|  0%| F|  |TAMS 0x000000008bd00000, 0x000000008bd00000| Untracked 
|  84|0x000000008be00000, 0x000000008be00000, 0x000000008bf00000|  0%| F|  |TAMS 0x000000008be00000, 0x000000008be00000| Untracked 
|  85|0x000000008bf00000, 0x000000008bf00000, 0x000000008c000000|  0%| F|  |TAMS 0x000000008bf00000, 0x000000008bf00000| Untracked 
|  86|0x000000008c000000, 0x000000008c000000, 0x000000008c100000|  0%| F|  |TAMS 0x000000008c000000, 0x000000008c000000| Untracked 
|  87|0x000000008c100000, 0x000000008c100000, 0x000000008c200000|  0%| F|  |TAMS 0x000000008c100000, 0x000000008c100000| Untracked 
|  88|0x000000008c200000, 0x000000008c200000, 0x000000008c300000|  0%| F|  |TAMS 0x000000008c200000, 0x000000008c200000| Untracked 
|  89|0x000000008c300000, 0x000000008c300000, 0x000000008c400000|  0%| F|  |TAMS 0x000000008c300000, 0x000000008c300000| Untracked 
|  90|0x000000008c400000, 0x000000008c400000, 0x000000008c500000|  0%| F|  |TAMS 0x000000008c400000, 0x000000008c400000| Untracked 
|  91|0x000000008c500000, 0x000000008c500000, 0x000000008c600000|  0%| F|  |TAMS 0x000000008c500000, 0x000000008c500000| Untracked 
|  92|0x000000008c600000, 0x000000008c600000, 0x000000008c700000|  0%| F|  |TAMS 0x000000008c600000, 0x000000008c600000| Untracked 
|  93|0x000000008c700000, 0x000000008c700000, 0x000000008c800000|  0%| F|  |TAMS 0x000000008c700000, 0x000000008c700000| Untracked 
|  94|0x000000008c800000, 0x000000008c800000, 0x000000008c900000|  0%| F|  |TAMS 0x000000008c800000, 0x000000008c800000| Untracked 
|  95|0x000000008c900000, 0x000000008c900000, 0x000000008ca00000|  0%| F|  |TAMS 0x000000008c900000, 0x000000008c900000| Untracked 
|  96|0x000000008ca00000, 0x000000008ca00000, 0x000000008cb00000|  0%| F|  |TAMS 0x000000008ca00000, 0x000000008ca00000| Untracked 
|  97|0x000000008cb00000, 0x000000008cb00000, 0x000000008cc00000|  0%| F|  |TAMS 0x000000008cb00000, 0x000000008cb00000| Untracked 
|  98|0x000000008cc00000, 0x000000008cc00000, 0x000000008cd00000|  0%| F|  |TAMS 0x000000008cc00000, 0x000000008cc00000| Untracked 
|  99|0x000000008cd00000, 0x000000008cd00000, 0x000000008ce00000|  0%| F|  |TAMS 0x000000008cd00000, 0x000000008cd00000| Untracked 
| 100|0x000000008ce00000, 0x000000008ce00000, 0x000000008cf00000|  0%| F|  |TAMS 0x000000008ce00000, 0x000000008ce00000| Untracked 
| 101|0x000000008cf00000, 0x000000008cf00000, 0x000000008d000000|  0%| F|  |TAMS 0x000000008cf00000, 0x000000008cf00000| Untracked 
| 102|0x000000008d000000, 0x000000008d000000, 0x000000008d100000|  0%| F|  |TAMS 0x000000008d000000, 0x000000008d000000| Untracked 
| 103|0x000000008d100000, 0x000000008d100000, 0x000000008d200000|  0%| F|  |TAMS 0x000000008d100000, 0x000000008d100000| Untracked 
| 104|0x000000008d200000, 0x000000008d200000, 0x000000008d300000|  0%| F|  |TAMS 0x000000008d200000, 0x000000008d200000| Untracked 
| 105|0x000000008d300000, 0x000000008d300000, 0x000000008d400000|  0%| F|  |TAMS 0x000000008d300000, 0x000000008d300000| Untracked 
| 106|0x000000008d400000, 0x000000008d400000, 0x000000008d500000|  0%| F|  |TAMS 0x000000008d400000, 0x000000008d400000| Untracked 
| 107|0x000000008d500000, 0x000000008d5f7058, 0x000000008d600000| 96%| E|  |TAMS 0x000000008d500000, 0x000000008d500000| Complete 
| 108|0x000000008d600000, 0x000000008d700000, 0x000000008d700000|100%| E|CS|TAMS 0x000000008d600000, 0x000000008d600000| Complete 
| 109|0x000000008d700000, 0x000000008d800000, 0x000000008d800000|100%| E|CS|TAMS 0x000000008d700000, 0x000000008d700000| Complete 
| 110|0x000000008d800000, 0x000000008d900000, 0x000000008d900000|100%| E|CS|TAMS 0x000000008d800000, 0x000000008d800000| Complete 
| 111|0x000000008d900000, 0x000000008da00000, 0x000000008da00000|100%| E|CS|TAMS 0x000000008d900000, 0x000000008d900000| Complete 
| 112|0x000000008da00000, 0x000000008db00000, 0x000000008db00000|100%| E|CS|TAMS 0x000000008da00000, 0x000000008da00000| Complete 
| 113|0x000000008db00000, 0x000000008dc00000, 0x000000008dc00000|100%| E|CS|TAMS 0x000000008db00000, 0x000000008db00000| Complete 
| 114|0x000000008dc00000, 0x000000008dd00000, 0x000000008dd00000|100%| E|CS|TAMS 0x000000008dc00000, 0x000000008dc00000| Complete 
| 115|0x000000008dd00000, 0x000000008de00000, 0x000000008de00000|100%| E|CS|TAMS 0x000000008dd00000, 0x000000008dd00000| Complete 
| 116|0x000000008de00000, 0x000000008df00000, 0x000000008df00000|100%| E|CS|TAMS 0x000000008de00000, 0x000000008de00000| Complete 
| 117|0x000000008df00000, 0x000000008e000000, 0x000000008e000000|100%| E|CS|TAMS 0x000000008df00000, 0x000000008df00000| Complete 
| 118|0x000000008e000000, 0x000000008e100000, 0x000000008e100000|100%| E|CS|TAMS 0x000000008e000000, 0x000000008e000000| Complete 
| 119|0x000000008e100000, 0x000000008e200000, 0x000000008e200000|100%| E|CS|TAMS 0x000000008e100000, 0x000000008e100000| Complete 
| 120|0x000000008e200000, 0x000000008e300000, 0x000000008e300000|100%| E|CS|TAMS 0x000000008e200000, 0x000000008e200000| Complete 
| 121|0x000000008e300000, 0x000000008e400000, 0x000000008e400000|100%| E|CS|TAMS 0x000000008e300000, 0x000000008e300000| Complete 
|1940|0x00000000ffe00000, 0x00000000ffe48000, 0x00000000fff00000| 28%|OA|  |TAMS 0x00000000ffe00000, 0x00000000ffe00000| Untracked 
|1941|0x00000000fff00000, 0x00000000fff6c000, 0x0000000100000000| 42%|CA|  |TAMS 0x00000000fff00000, 0x00000000fff00000| Untracked 

Card table byte_map: [0x00007f4894433000,0x00007f48947fe000] _byte_map_base: 0x00007f4893ffe000

Marking Bits (Prev, Next): (CMBitMap*) 0x00007f489005e3d8, (CMBitMap*) 0x00007f489005e410
 Prev Bits: [0x00007f48721a8000, 0x00007f4874000000)
 Next Bits: [0x00007f4870350000, 0x00007f48721a8000)

Polling page: 0x00007f48960ce000

Metaspace:

Usage:
  Non-class:      5.85 MB capacity,     3.51 MB ( 60%) used,     2.33 MB ( 40%) free+waste,     7.50 KB ( <1%) overhead. 
      Class:    696.00 KB capacity,   438.58 KB ( 63%) used,   253.61 KB ( 36%) free+waste,     3.81 KB ( <1%) overhead. 
       Both:      6.53 MB capacity,     3.94 MB ( 60%) used,     2.58 MB ( 39%) free+waste,    11.31 KB ( <1%) overhead. 

Virtual space:
  Non-class space:        8.00 MB reserved,       6.00 MB ( 75%) committed 
      Class space:        1.00 GB reserved,     768.00 KB ( <1%) committed 
             Both:        1.01 GB reserved,       6.75 MB ( <1%) committed 

Chunk freelists:
   Non-Class:  0 bytes
       Class:  8.00 KB
        Both:  8.00 KB

MaxMetaspaceSize: unlimited
CompressedClassSpaceSize: 1.00 GB
Initial GC threshold: 20.80 MB
Current GC threshold: 20.80 MB
CDS: on

CodeHeap 'non-profiled nmethods': size=119172Kb used=244Kb max_used=244Kb free=118927Kb
 bounds [0x00007f488036f000, 0x00007f48805df000, 0x00007f48877d0000]
CodeHeap 'profiled nmethods': size=119168Kb used=1829Kb max_used=1829Kb free=117339Kb
 bounds [0x00007f4878f0f000, 0x00007f487917f000, 0x00007f488036f000]
CodeHeap 'non-nmethods': size=7420Kb used=1769Kb max_used=1778Kb free=5651Kb
 bounds [0x00007f48787d0000, 0x00007f4878a40000, 0x00007f4878f0f000]
 total_blobs=1323 nmethods=924 adapters=320
 compilation: enabled
              stopped_count=0, restarted_count=0
 full_count=0

Compilation events (20 events):
Event: 1.246 Thread 0x00007f4844085800  917       3       java.lang.invoke.LambdaForm$Name::useCount (42 bytes)
Event: 1.247 Thread 0x00007f4844085800 nmethod 917 0x00007f48790c7210 code [0x00007f48790c73e0, 0x00007f48790c76f0]
Event: 1.247 Thread 0x00007f4844085800  916       3       java.lang.invoke.LambdaForm$Name::lastUseIndex (36 bytes)
Event: 1.248 Thread 0x00007f4844085800 nmethod 916 0x00007f48790c7810 code [0x00007f48790c79e0, 0x00007f48790c7c90]
Event: 1.248 Thread 0x00007f4844085800  918       3       jdk.internal.org.objectweb.asm.Frame::push (110 bytes)
Event: 1.249 Thread 0x00007f4844085800 nmethod 918 0x00007f48790c7d90 code [0x00007f48790c7f80, 0x00007f48790c8520]
Event: 1.249 Thread 0x00007f4844085800  920       3       java.lang.invoke.MethodTypeForm::canonicalizeAll (66 bytes)
Event: 1.250 Thread 0x00007f48901b7800 nmethod 895 0x00007f48790c8710 code [0x00007f48790c95c0, 0x00007f48790d0350]
Event: 1.251 Thread 0x00007f4844085800 nmethod 920 0x00007f48790d2390 code [0x00007f48790d25a0, 0x00007f48790d2c10]
Event: 1.251 Thread 0x00007f4844085800  912       3       java.lang.invoke.LambdaForm$Name::<init> (44 bytes)
Event: 1.251 Thread 0x00007f48901b7800  914       3       java.lang.invoke.LambdaForm$Name::isParam (13 bytes)
Event: 1.251 Thread 0x00007f48901b7800 nmethod 914 0x00007f48790d2e10 code [0x00007f48790d2fc0, 0x00007f48790d3130]
Event: 1.251 Thread 0x00007f48901b7800  922       3       java.util.ImmutableCollections$ListN::size (6 bytes)
Event: 1.252 Thread 0x00007f4844085800 nmethod 912 0x00007f48790d3190 code [0x00007f48790d33c0, 0x00007f48790d39c0]
Event: 1.252 Thread 0x00007f4844085800  911       3       java.lang.invoke.MemberName::checkForTypeAlias (168 bytes)
Event: 1.252 Thread 0x00007f48901b7800 nmethod 922 0x00007f48790d3d10 code [0x00007f48790d3ec0, 0x00007f48790d3ff0]
Event: 1.252 Thread 0x00007f48901b7800  913       3       java.lang.invoke.LambdaForm$NamedFunction::returnType (11 bytes)
Event: 1.252 Thread 0x00007f48901b7800 nmethod 913 0x00007f48790d4090 code [0x00007f48790d42a0, 0x00007f48790d4740]
Event: 1.252 Thread 0x00007f48901b7800  921       3       java.lang.invoke.MethodType$ConcurrentWeakInternSet$WeakEntry::<init> (15 bytes)
Event: 1.253 Thread 0x00007f48901b7800 nmethod 921 0x00007f48790d4990 code [0x00007f48790d4b80, 0x00007f48790d4fc0]

GC Heap History (0 events):
No events

Deoptimization events (20 events):
Event: 1.153 Thread 0x00007f489001c000 DEOPT PACKING pc=0x00007f487900e612 sp=0x00007f4896218080
Event: 1.153 Thread 0x00007f489001c000 DEOPT UNPACKING pc=0x00007f487881a64a sp=0x00007f4896217500 mode 0
Event: 1.153 Thread 0x00007f489001c000 DEOPT PACKING pc=0x00007f4878f59e4f sp=0x00007f48962185a0
Event: 1.153 Thread 0x00007f489001c000 DEOPT UNPACKING pc=0x00007f487881a64a sp=0x00007f4896217a48 mode 0
Event: 1.237 Thread 0x00007f489001c000 Uncommon trap: trap_request=0xffffffc6 fr.pc=0x00007f4880378ca4 relative=0x0000000000000084
Event: 1.237 Thread 0x00007f489001c000 Uncommon trap: reason=bimorphic_or_optimized_type_check action=maybe_recompile pc=0x00007f4880378ca4 method=java.util.AbstractCollection.isEmpty()Z @ 1 c2
Event: 1.237 Thread 0x00007f489001c000 DEOPT PACKING pc=0x00007f4880378ca4 sp=0x00007f4896218220
Event: 1.237 Thread 0x00007f489001c000 DEOPT UNPACKING pc=0x00007f4878819ea5 sp=0x00007f48962181e0 mode 2
Event: 1.237 Thread 0x00007f489001c000 Uncommon trap: trap_request=0xffffffc6 fr.pc=0x00007f4880378ca4 relative=0x0000000000000084
Event: 1.237 Thread 0x00007f489001c000 Uncommon trap: reason=bimorphic_or_optimized_type_check action=maybe_recompile pc=0x00007f4880378ca4 method=java.util.AbstractCollection.isEmpty()Z @ 1 c2
Event: 1.237 Thread 0x00007f489001c000 DEOPT PACKING pc=0x00007f4880378ca4 sp=0x00007f48962183f0
Event: 1.237 Thread 0x00007f489001c000 DEOPT UNPACKING pc=0x00007f4878819ea5 sp=0x00007f48962183b0 mode 2
Event: 1.238 Thread 0x00007f489001c000 Uncommon trap: trap_request=0xffffffc6 fr.pc=0x00007f4880378ca4 relative=0x0000000000000084
Event: 1.238 Thread 0x00007f489001c000 Uncommon trap: reason=bimorphic_or_optimized_type_check action=maybe_recompile pc=0x00007f4880378ca4 method=java.util.AbstractCollection.isEmpty()Z @ 1 c2
Event: 1.238 Thread 0x00007f489001c000 DEOPT PACKING pc=0x00007f4880378ca4 sp=0x00007f4896218410
Event: 1.238 Thread 0x00007f489001c000 DEOPT UNPACKING pc=0x00007f4878819ea5 sp=0x00007f48962183d0 mode 2
Event: 1.238 Thread 0x00007f489001c000 Uncommon trap: trap_request=0xffffffc6 fr.pc=0x00007f4880378ca4 relative=0x0000000000000084
Event: 1.238 Thread 0x00007f489001c000 Uncommon trap: reason=bimorphic_or_optimized_type_check action=maybe_recompile pc=0x00007f4880378ca4 method=java.util.AbstractCollection.isEmpty()Z @ 1 c2
Event: 1.238 Thread 0x00007f489001c000 DEOPT PACKING pc=0x00007f4880378ca4 sp=0x00007f4896218220
Event: 1.238 Thread 0x00007f489001c000 DEOPT UNPACKING pc=0x00007f4878819ea5 sp=0x00007f48962181e0 mode 2

Classes redefined (0 events):
No events

Internal exceptions (20 events):
Event: 0.995 Thread 0x00007f489001c000 Exception <a 'java/security/PrivilegedActionException'{0x000000008d839920}> (0x000000008d839920) thrown at [src/hotspot/share/prims/jvm.cpp, line 1304]
Event: 0.995 Thread 0x00007f489001c000 Exception <a 'java/security/PrivilegedActionException'{0x000000008d83a270}> (0x000000008d83a270) thrown at [src/hotspot/share/prims/jvm.cpp, line 1304]
Event: 0.995 Thread 0x00007f489001c000 Exception <a 'java/security/PrivilegedActionException'{0x000000008d83a540}> (0x000000008d83a540) thrown at [src/hotspot/share/prims/jvm.cpp, line 1304]
Event: 0.996 Thread 0x00007f489001c000 Exception <a 'java/security/PrivilegedActionException'{0x000000008d83aec8}> (0x000000008d83aec8) thrown at [src/hotspot/share/prims/jvm.cpp, line 1304]
Event: 0.996 Thread 0x00007f489001c000 Exception <a 'java/security/PrivilegedActionException'{0x000000008d83b198}> (0x000000008d83b198) thrown at [src/hotspot/share/prims/jvm.cpp, line 1304]
Event: 0.996 Thread 0x00007f489001c000 Exception <a 'java/security/PrivilegedActionException'{0x000000008d83bb08}> (0x000000008d83bb08) thrown at [src/hotspot/share/prims/jvm.cpp, line 1304]
Event: 0.996 Thread 0x00007f489001c000 Exception <a 'java/security/PrivilegedActionException'{0x000000008d83bdd8}> (0x000000008d83bdd8) thrown at [src/hotspot/share/prims/jvm.cpp, line 1304]
Event: 0.996 Thread 0x00007f489001c000 Exception <a 'java/security/PrivilegedActionException'{0x000000008d83c748}> (0x000000008d83c748) thrown at [src/hotspot/share/prims/jvm.cpp, line 1304]
Event: 0.996 Thread 0x00007f489001c000 Exception <a 'java/security/PrivilegedActionException'{0x000000008d83ca18}> (0x000000008d83ca18) thrown at [src/hotspot/share/prims/jvm.cpp, line 1304]
Event: 0.996 Thread 0x00007f489001c000 Exception <a 'java/security/PrivilegedActionException'{0x000000008d83d3a0}> (0x000000008d83d3a0) thrown at [src/hotspot/share/prims/jvm.cpp, line 1304]
Event: 0.996 Thread 0x00007f489001c000 Exception <a 'java/security/PrivilegedActionException'{0x000000008d83d670}> (0x000000008d83d670) thrown at [src/hotspot/share/prims/jvm.cpp, line 1304]
Event: 0.996 Thread 0x00007f489001c000 Exception <a 'java/security/PrivilegedActionException'{0x000000008d83dff8}> (0x000000008d83dff8) thrown at [src/hotspot/share/prims/jvm.cpp, line 1304]
Event: 0.996 Thread 0x00007f489001c000 Exception <a 'java/security/PrivilegedActionException'{0x000000008d83e2c8}> (0x000000008d83e2c8) thrown at [src/hotspot/share/prims/jvm.cpp, line 1304]
Event: 0.996 Thread 0x00007f489001c000 Exception <a 'java/security/PrivilegedActionException'{0x000000008d83ec50}> (0x000000008d83ec50) thrown at [src/hotspot/share/prims/jvm.cpp, line 1304]
Event: 0.996 Thread 0x00007f489001c000 Exception <a 'java/security/PrivilegedActionException'{0x000000008d83ef20}> (0x000000008d83ef20) thrown at [src/hotspot/share/prims/jvm.cpp, line 1304]
Event: 0.996 Thread 0x00007f489001c000 Exception <a 'java/security/PrivilegedActionException'{0x000000008d83f890}> (0x000000008d83f890) thrown at [src/hotspot/share/prims/jvm.cpp, line 1304]
Event: 0.996 Thread 0x00007f489001c000 Exception <a 'java/security/PrivilegedActionException'{0x000000008d83fb60}> (0x000000008d83fb60) thrown at [src/hotspot/share/prims/jvm.cpp, line 1304]
Event: 0.996 Thread 0x00007f489001c000 Exception <a 'java/security/PrivilegedActionException'{0x000000008d8404e8}> (0x000000008d8404e8) thrown at [src/hotspot/share/prims/jvm.cpp, line 1304]
Event: 0.996 Thread 0x00007f489001c000 Exception <a 'java/security/PrivilegedActionException'{0x000000008d8407b8}> (0x000000008d8407b8) thrown at [src/hotspot/share/prims/jvm.cpp, line 1304]
Event: 1.251 Thread 0x00007f489001c000 Exception <a 'java/lang/NoSuchMethodError'{0x000000008d5cdcf8}: 'java.lang.Object java.lang.invoke.DirectMethodHandle$Holder.invokeVirtual(java.lang.Object, java.lang.Object, java.lang.Object)'> (0x000000008d5cdcf8) thrown at [src/hotspot/share/interpreter/linkResolver.cpp, line 772]

Events (20 events):
Event: 1.238 loading class java/lang/invoke/BoundMethodHandle$Species_LLL
Event: 1.238 loading class java/lang/invoke/BoundMethodHandle$Species_LLL done
Event: 1.239 loading class java/lang/invoke/BoundMethodHandle$Species_LLLL
Event: 1.239 loading class java/lang/invoke/BoundMethodHandle$Species_LLLL done
Event: 1.241 loading class java/lang/invoke/BoundMethodHandle$Species_LLLLL
Event: 1.241 loading class java/lang/invoke/BoundMethodHandle$Species_LLLLL done
Event: 1.242 loading class java/lang/invoke/BoundMethodHandle$Species_LLLLLL
Event: 1.242 loading class java/lang/invoke/BoundMethodHandle$Species_LLLLLL done
Event: 1.244 loading class java/lang/invoke/BoundMethodHandle$Species_LLLLLLI
Event: 1.244 loading class java/lang/invoke/BoundMethodHandle$Species_LLLLLLI done
Event: 1.245 loading class java/lang/invoke/BoundMethodHandle$Species_LLLLLLII
Event: 1.245 loading class java/lang/invoke/BoundMethodHandle$Species_LLLLLLII done
Event: 1.247 loading class java/lang/invoke/BoundMethodHandle$Species_LLLLLLIIL
Event: 1.247 loading class java/lang/invoke/BoundMethodHandle$Species_LLLLLLIIL done
Event: 1.251 loading class org/antlr/v4/runtime/tree/ParseTree
Event: 1.251 loading class org/antlr/v4/runtime/tree/ParseTree done
Event: 1.252 loading class SysYParser$BlockItemContext
Event: 1.252 loading class SysYParser$BlockItemContext done
Event: 1.252 loading class LLVMIRVisitor
Event: 1.252 loading class LLVMIRVisitor done


Dynamic libraries:
86a00000-8e400000 rw-p 00000000 00:00 0 
8e400000-ffe00000 ---p 00000000 00:00 0 
ffe00000-ffe48000 rw-p 00b14000 08:40 42002                              /usr/lib/jvm/java-11-openjdk-amd64/lib/server/classes.jsa
ffe48000-fff00000 rw-p 00000000 00:00 0 
fff00000-fff6c000 rw-p 00aa8000 08:40 42002                              /usr/lib/jvm/java-11-openjdk-amd64/lib/server/classes.jsa
fff6c000-100000000 rw-p 00000000 00:00 0 
800000000-800002000 rwxp 00001000 08:40 42002                            /usr/lib/jvm/java-11-openjdk-amd64/lib/server/classes.jsa
800002000-800aa7000 rw-p 00003000 08:40 42002                            /usr/lib/jvm/java-11-openjdk-amd64/lib/server/classes.jsa
840000000-8400c0000 rw-p 00000000 00:00 0 
8400c0000-880000000 ---p 00000000 00:00 0 
55e54d606000-55e54d607000 r--p 00000000 08:40 42022                      /usr/lib/jvm/java-11-openjdk-amd64/bin/java
55e54d607000-55e54d608000 r-xp 00001000 08:40 42022                      /usr/lib/jvm/java-11-openjdk-amd64/bin/java
55e54d608000-55e54d609000 r--p 00002000 08:40 42022                      /usr/lib/jvm/java-11-openjdk-amd64/bin/java
55e54d609000-55e54d60a000 r--p 00002000 08:40 42022                      /usr/lib/jvm/java-11-openjdk-amd64/bin/java
55e54d60a000-55e54d60b000 rw-p 00003000 08:40 42022                      /usr/lib/jvm/java-11-openjdk-amd64/bin/java
55e54d70b000-55e54d72c000 rw-p 00000000 00:00 0                          [heap]
7f481952c000-7f4819e52000 r--p 00000000 08:40 84032                      /home/w/.javacpp/cache/llvm-13.0.1-1.5.7-linux-x86_64.jar/org/bytedeco/llvm/linux-x86_64/libLLVM-13.so
7f4819e52000-7f481d815000 r-xp 00926000 08:40 84032                      /home/w/.javacpp/cache/llvm-13.0.1-1.5.7-linux-x86_64.jar/org/bytedeco/llvm/linux-x86_64/libLLVM-13.so
7f481d815000-7f481fa6a000 r--p 042e9000 08:40 84032                      /home/w/.javacpp/cache/llvm-13.0.1-1.5.7-linux-x86_64.jar/org/bytedeco/llvm/linux-x86_64/libLLVM-13.so
7f481fa6a000-7f481ff7f000 r--p 0653d000 08:40 84032                      /home/w/.javacpp/cache/llvm-13.0.1-1.5.7-linux-x86_64.jar/org/bytedeco/llvm/linux-x86_64/libLLVM-13.so
7f481ff7f000-7f481ff8a000 rw-p 06a52000 08:40 84032                      /home/w/.javacpp/cache/llvm-13.0.1-1.5.7-linux-x86_64.jar/org/bytedeco/llvm/linux-x86_64/libLLVM-13.so
7f481ff8a000-7f4820000000 rw-p 00000000 00:00 0 
7f4820000000-7f4820021000 rw-p 00000000 00:00 0 
7f4820021000-7f4824000000 ---p 00000000 00:00 0 
7f4824000000-7f4824021000 rw-p 00000000 00:00 0 
7f4824021000-7f4828000000 ---p 00000000 00:00 0 
7f4828000000-7f4828028000 rw-p 00000000 00:00 0 
7f4828028000-7f482c000000 ---p 00000000 00:00 0 
7f482c000000-7f482c021000 rw-p 00000000 00:00 0 
7f482c021000-7f4830000000 ---p 00000000 00:00 0 
7f4830000000-7f4830297000 rw-p 00000000 00:00 0 
7f4830297000-7f4834000000 ---p 00000000 00:00 0 
7f4834000000-7f4834061000 rw-p 00000000 00:00 0 
7f4834061000-7f4838000000 ---p 00000000 00:00 0 
7f4838000000-7f4838021000 rw-p 00000000 00:00 0 
7f4838021000-7f483c000000 ---p 00000000 00:00 0 
7f483c000000-7f483c021000 rw-p 00000000 00:00 0 
7f483c021000-7f4840000000 ---p 00000000 00:00 0 
7f4840000000-7f48401b1000 rw-p 00000000 00:00 0 
7f48401b1000-7f4844000000 ---p 00000000 00:00 0 
7f4844000000-7f48442b1000 rw-p 00000000 00:00 0 
7f48442b1000-7f4848000000 ---p 00000000 00:00 0 
7f4848000000-7f4848021000 rw-p 00000000 00:00 0 
7f4848021000-7f484c000000 ---p 00000000 00:00 0 
7f484c000000-7f484c021000 rw-p 00000000 00:00 0 
7f484c021000-7f4850000000 ---p 00000000 00:00 0 
7f4850000000-7f4850021000 rw-p 00000000 00:00 0 
7f4850021000-7f4854000000 ---p 00000000 00:00 0 
7f4854000000-7f4854021000 rw-p 00000000 00:00 0 
7f4854021000-7f4858000000 ---p 00000000 00:00 0 
7f4858000000-7f4858021000 rw-p 00000000 00:00 0 
7f4858021000-7f485c000000 ---p 00000000 00:00 0 
7f485c000000-7f485c021000 rw-p 00000000 00:00 0 
7f485c021000-7f4860000000 ---p 00000000 00:00 0 
7f4860000000-7f4860021000 rw-p 00000000 00:00 0 
7f4860021000-7f4864000000 ---p 00000000 00:00 0 
7f4864000000-7f4864021000 rw-p 00000000 00:00 0 
7f4864021000-7f4868000000 ---p 00000000 00:00 0 
7f4868027000-7f486808c000 r--p 00000000 08:40 84037                      /home/w/.javacpp/cache/llvm-13.0.1-1.5.7-linux-x86_64.jar/org/bytedeco/llvm/linux-x86_64/libjniLLVM.so
7f486808c000-7f48680fa000 r-xp 00065000 08:40 84037                      /home/w/.javacpp/cache/llvm-13.0.1-1.5.7-linux-x86_64.jar/org/bytedeco/llvm/linux-x86_64/libjniLLVM.so
7f48680fa000-7f4868125000 r--p 000d3000 08:40 84037                      /home/w/.javacpp/cache/llvm-13.0.1-1.5.7-linux-x86_64.jar/org/bytedeco/llvm/linux-x86_64/libjniLLVM.so
7f4868125000-7f4868128000 r--p 000fd000 08:40 84037                      /home/w/.javacpp/cache/llvm-13.0.1-1.5.7-linux-x86_64.jar/org/bytedeco/llvm/linux-x86_64/libjniLLVM.so
7f4868128000-7f486812b000 rw-p 00100000 08:40 84037                      /home/w/.javacpp/cache/llvm-13.0.1-1.5.7-linux-x86_64.jar/org/bytedeco/llvm/linux-x86_64/libjniLLVM.so
7f486812b000-7f486812d000 rw-p 00000000 00:00 0 
7f486812d000-7f4868131000 ---p 00000000 00:00 0 
7f4868131000-7f486822e000 rw-p 00000000 00:00 0 
7f486822e000-7f4868232000 ---p 00000000 00:00 0 
7f4868232000-7f486832f000 rw-p 00000000 00:00 0 
7f486832f000-7f4868333000 ---p 00000000 00:00 0 
7f4868333000-7f4868430000 rw-p 00000000 00:00 0 
7f4868430000-7f4868434000 ---p 00000000 00:00 0 
7f4868434000-7f4868531000 rw-p 00000000 00:00 0 
7f486855a000-7f4868561000 r--p 00000000 08:40 84033                      /home/w/.javacpp/cache/llvm-13.0.1-1.5.7-linux-x86_64.jar/org/bytedeco/llvm/linux-x86_64/libLTO.so.13
7f4868561000-7f4868569000 r-xp 00007000 08:40 84033                      /home/w/.javacpp/cache/llvm-13.0.1-1.5.7-linux-x86_64.jar/org/bytedeco/llvm/linux-x86_64/libLTO.so.13
7f4868569000-7f486856b000 r--p 0000f000 08:40 84033                      /home/w/.javacpp/cache/llvm-13.0.1-1.5.7-linux-x86_64.jar/org/bytedeco/llvm/linux-x86_64/libLTO.so.13
7f486856b000-7f486856c000 r--p 00010000 08:40 84033                      /home/w/.javacpp/cache/llvm-13.0.1-1.5.7-linux-x86_64.jar/org/bytedeco/llvm/linux-x86_64/libLTO.so.13
7f486856c000-7f486856d000 rw-p 00011000 08:40 84033                      /home/w/.javacpp/cache/llvm-13.0.1-1.5.7-linux-x86_64.jar/org/bytedeco/llvm/linux-x86_64/libLTO.so.13
7f486856d000-7f4868571000 ---p 00000000 00:00 0 
7f4868571000-7f486866e000 rw-p 00000000 00:00 0 
7f486866e000-7f4868672000 ---p 00000000 00:00 0 
7f4868672000-7f486876f000 rw-p 00000000 00:00 0 
7f486876f000-7f4868773000 ---p 00000000 00:00 0 
7f4868773000-7f4868870000 rw-p 00000000 00:00 0 
7f4868870000-7f4868874000 ---p 00000000 00:00 0 
7f4868874000-7f4868971000 rw-p 00000000 00:00 0 
7f4868971000-7f4868975000 ---p 00000000 00:00 0 
7f4868975000-7f4868a72000 rw-p 00000000 00:00 0 
7f4868a72000-7f4868a76000 ---p 00000000 00:00 0 
7f4868a76000-7f4868b73000 rw-p 00000000 00:00 0 
7f4868b73000-7f4868b77000 ---p 00000000 00:00 0 
7f4868b77000-7f4868c74000 rw-p 00000000 00:00 0 
7f4868c74000-7f4868c78000 ---p 00000000 00:00 0 
7f4868c78000-7f4868d75000 rw-p 00000000 00:00 0 
7f4868d75000-7f4868d79000 ---p 00000000 00:00 0 
7f4868d79000-7f4868e76000 rw-p 00000000 00:00 0 
7f4868e76000-7f4868e7a000 ---p 00000000 00:00 0 
7f4868e7a000-7f4868f77000 rw-p 00000000 00:00 0 
7f4868f77000-7f4868f78000 ---p 00000000 00:00 0 
7f4868f78000-7f48696f9000 rw-p 00000000 00:00 0 
7f48696f9000-7f48698f9000 ---p 00000000 00:00 0 
7f48698f9000-7f48698fa000 ---p 00000000 00:00 0 
7f48698fa000-7f48699fa000 rw-p 00000000 00:00 0 
7f48699fa000-7f48699fb000 ---p 00000000 00:00 0 
7f48699fb000-7f486c000000 rw-p 00000000 00:00 0 
7f486c000000-7f486c021000 rw-p 00000000 00:00 0 
7f486c021000-7f4870000000 ---p 00000000 00:00 0 
7f4870010000-7f4870014000 r--p 00000000 08:40 84026                      /home/w/.javacpp/cache/javacpp-1.5.7-linux-x86_64.jar/org/bytedeco/javacpp/linux-x86_64/libjnijavacpp.so
7f4870014000-7f487001b000 r-xp 00004000 08:40 84026                      /home/w/.javacpp/cache/javacpp-1.5.7-linux-x86_64.jar/org/bytedeco/javacpp/linux-x86_64/libjnijavacpp.so
7f487001b000-7f487001f000 r--p 0000b000 08:40 84026                      /home/w/.javacpp/cache/javacpp-1.5.7-linux-x86_64.jar/org/bytedeco/javacpp/linux-x86_64/libjnijavacpp.so
7f487001f000-7f4870020000 r--p 0000e000 08:40 84026                      /home/w/.javacpp/cache/javacpp-1.5.7-linux-x86_64.jar/org/bytedeco/javacpp/linux-x86_64/libjnijavacpp.so
7f4870020000-7f4870021000 rw-p 0000f000 08:40 84026                      /home/w/.javacpp/cache/javacpp-1.5.7-linux-x86_64.jar/org/bytedeco/javacpp/linux-x86_64/libjnijavacpp.so
7f4870021000-7f4870025000 r--p 00000000 08:40 42105                      /usr/lib/jvm/java-11-openjdk-amd64/lib/libnet.so
7f4870025000-7f4870033000 r-xp 00004000 08:40 42105                      /usr/lib/jvm/java-11-openjdk-amd64/lib/libnet.so
7f4870033000-7f4870037000 r--p 00012000 08:40 42105                      /usr/lib/jvm/java-11-openjdk-amd64/lib/libnet.so
7f4870037000-7f4870038000 r--p 00015000 08:40 42105                      /usr/lib/jvm/java-11-openjdk-amd64/lib/libnet.so
7f4870038000-7f4870039000 rw-p 00016000 08:40 42105                      /usr/lib/jvm/java-11-openjdk-amd64/lib/libnet.so
7f4870039000-7f4870040000 r--p 00000000 08:40 42107                      /usr/lib/jvm/java-11-openjdk-amd64/lib/libnio.so
7f4870040000-7f4870048000 r-xp 00007000 08:40 42107                      /usr/lib/jvm/java-11-openjdk-amd64/lib/libnio.so
7f4870048000-7f487004b000 r--p 0000f000 08:40 42107                      /usr/lib/jvm/java-11-openjdk-amd64/lib/libnio.so
7f487004b000-7f487004c000 r--p 00011000 08:40 42107                      /usr/lib/jvm/java-11-openjdk-amd64/lib/libnio.so
7f487004c000-7f487004d000 rw-p 00012000 08:40 42107                      /usr/lib/jvm/java-11-openjdk-amd64/lib/libnio.so
7f487004d000-7f4870538000 rw-p 00000000 00:00 0 
7f4870538000-7f48721a0000 ---p 00000000 00:00 0 
7f48721a0000-7f4872390000 rw-p 00000000 00:00 0 
7f4872390000-7f4873ff8000 ---p 00000000 00:00 0 
7f4873ff8000-7f4874000000 rw-p 00000000 00:00 0 
7f4874000000-7f4874021000 rw-p 00000000 00:00 0 
7f4874021000-7f4878000000 ---p 00000000 00:00 0 
7f487800a000-7f487800b000 r--p 00000000 08:40 84035                      /home/w/.javacpp/cache/llvm-13.0.1-1.5.7-linux-x86_64.jar/org/bytedeco/llvm/linux-x86_64/libRemarks.so.13
7f487800b000-7f487800c000 r-xp 00001000 08:40 84035                      /home/w/.javacpp/cache/llvm-13.0.1-1.5.7-linux-x86_64.jar/org/bytedeco/llvm/linux-x86_64/libRemarks.so.13
7f487800c000-7f487800d000 r--p 00002000 08:40 84035                      /home/w/.javacpp/cache/llvm-13.0.1-1.5.7-linux-x86_64.jar/org/bytedeco/llvm/linux-x86_64/libRemarks.so.13
7f487800d000-7f487800e000 r--p 00002000 08:40 84035                      /home/w/.javacpp/cache/llvm-13.0.1-1.5.7-linux-x86_64.jar/org/bytedeco/llvm/linux-x86_64/libRemarks.so.13
7f487800e000-7f487800f000 rw-p 00003000 08:40 84035                      /home/w/.javacpp/cache/llvm-13.0.1-1.5.7-linux-x86_64.jar/org/bytedeco/llvm/linux-x86_64/libRemarks.so.13
7f487800f000-7f4878514000 rw-p 00000000 00:00 0 
7f4878514000-7f4878515000 ---p 00000000 00:00 0 
7f4878515000-7f4878615000 rw-p 00000000 00:00 0 
7f4878615000-7f4878616000 ---p 00000000 00:00 0 
7f4878616000-7f48787d0000 rw-p 00000000 00:00 0 
7f48787d0000-7f4878a40000 rwxp 00000000 00:00 0 
7f4878a40000-7f4878f0f000 ---p 00000000 00:00 0 
7f4878f0f000-7f487917f000 rwxp 00000000 00:00 0 
7f487917f000-7f488036f000 ---p 00000000 00:00 0 
7f488036f000-7f48805df000 rwxp 00000000 00:00 0 
7f48805df000-7f48877d0000 ---p 00000000 00:00 0 
7f48877d0000-7f4890000000 r--s 00000000 08:40 44253                      /usr/lib/jvm/java-11-openjdk-amd64/lib/modules
7f4890000000-7f4890468000 rw-p 00000000 00:00 0 
7f4890468000-7f4894000000 ---p 00000000 00:00 0 
7f4894004000-7f4894006000 r--p 00000000 08:40 42073                      /usr/lib/jvm/java-11-openjdk-amd64/lib/libdt_socket.so
7f4894006000-7f4894009000 r-xp 00002000 08:40 42073                      /usr/lib/jvm/java-11-openjdk-amd64/lib/libdt_socket.so
7f4894009000-7f489400a000 r--p 00005000 08:40 42073                      /usr/lib/jvm/java-11-openjdk-amd64/lib/libdt_socket.so
7f489400a000-7f489400b000 ---p 00006000 08:40 42073                      /usr/lib/jvm/java-11-openjdk-amd64/lib/libdt_socket.so
7f489400b000-7f489400c000 r--p 00006000 08:40 42073                      /usr/lib/jvm/java-11-openjdk-amd64/lib/libdt_socket.so
7f489400c000-7f489400d000 rw-p 00007000 08:40 42073                      /usr/lib/jvm/java-11-openjdk-amd64/lib/libdt_socket.so
7f489400d000-7f48940a5000 rw-p 00000000 00:00 0 
7f48940a5000-7f4894432000 ---p 00000000 00:00 0 
7f4894432000-7f4894470000 rw-p 00000000 00:00 0 
7f4894470000-7f48947fd000 ---p 00000000 00:00 0 
7f48947fd000-7f489483b000 rw-p 00000000 00:00 0 
7f489483b000-7f4894bc8000 ---p 00000000 00:00 0 
7f4894bc8000-7f48958d6000 rw-p 00000000 00:00 0 
7f48958d6000-7f48958d7000 ---p 00000000 00:00 0 
7f48958d7000-7f48959dc000 rw-p 00000000 00:00 0 
7f48959dc000-7f4895ac0000 ---p 00000000 00:00 0 
7f4895ac0000-7f4895ac5000 rw-p 00000000 00:00 0 
7f4895ac5000-7f4895ba9000 ---p 00000000 00:00 0 
7f4895ba9000-7f4895bae000 rw-p 00000000 00:00 0 
7f4895bae000-7f4895bb8000 ---p 00000000 00:00 0 
7f4895bb8000-7f4895bbe000 r--s 000f8000 08:40 55851                      /home/w/.cache/JetBrains/RemoteDev/dist/2b05049c6fa27_ideaIU-232.9921.28/plugins/java/lib/rt/debugger-agent.jar
7f4895bbe000-7f4895bc0000 r--p 00000000 08:40 44252                      /usr/lib/jvm/java-11-openjdk-amd64/lib/libzip.so
7f4895bc0000-7f4895bc5000 r-xp 00002000 08:40 44252                      /usr/lib/jvm/java-11-openjdk-amd64/lib/libzip.so
7f4895bc5000-7f4895bc7000 r--p 00007000 08:40 44252                      /usr/lib/jvm/java-11-openjdk-amd64/lib/libzip.so
7f4895bc7000-7f4895bc8000 r--p 00008000 08:40 44252                      /usr/lib/jvm/java-11-openjdk-amd64/lib/libzip.so
7f4895bc8000-7f4895bc9000 rw-p 00009000 08:40 44252                      /usr/lib/jvm/java-11-openjdk-amd64/lib/libzip.so
7f4895bc9000-7f4895bcc000 r--p 00000000 08:40 45289                      /usr/lib/x86_64-linux-gnu/libnss_files-2.31.so
7f4895bcc000-7f4895bd3000 r-xp 00003000 08:40 45289                      /usr/lib/x86_64-linux-gnu/libnss_files-2.31.so
7f4895bd3000-7f4895bd5000 r--p 0000a000 08:40 45289                      /usr/lib/x86_64-linux-gnu/libnss_files-2.31.so
7f4895bd5000-7f4895bd6000 r--p 0000b000 08:40 45289                      /usr/lib/x86_64-linux-gnu/libnss_files-2.31.so
7f4895bd6000-7f4895bd7000 rw-p 0000c000 08:40 45289                      /usr/lib/x86_64-linux-gnu/libnss_files-2.31.so
7f4895bd7000-7f4895bdd000 rw-p 00000000 00:00 0 
7f4895bdf000-7f4895be7000 rw-s 00000000 08:40 94027                      /tmp/hsperfdata_w/55338
7f4895be7000-7f4895c19000 r--p 00000000 08:40 2824                       /usr/lib/locale/C.UTF-8/LC_CTYPE
7f4895c19000-7f4895c1a000 r--p 00000000 08:40 2830                       /usr/lib/locale/C.UTF-8/LC_NUMERIC
7f4895c1a000-7f4895c1b000 r--p 00000000 08:40 2833                       /usr/lib/locale/C.UTF-8/LC_TIME
7f4895c1b000-7f4895d8e000 r--p 00000000 08:40 2823                       /usr/lib/locale/C.UTF-8/LC_COLLATE
7f4895d8e000-7f4895d8f000 r--p 00000000 08:40 2828                       /usr/lib/locale/C.UTF-8/LC_MONETARY
7f4895d8f000-7f4895d90000 r--p 00000000 08:40 2827                       /usr/lib/locale/C.UTF-8/LC_MESSAGES/SYS_LC_MESSAGES
7f4895d90000-7f4895d91000 r--p 00000000 08:40 2831                       /usr/lib/locale/C.UTF-8/LC_PAPER
7f4895d91000-7f4895d92000 r--p 00000000 08:40 2829                       /usr/lib/locale/C.UTF-8/LC_NAME
7f4895d92000-7f4895d93000 r--p 00000000 08:40 2822                       /usr/lib/locale/C.UTF-8/LC_ADDRESS
7f4895d93000-7f4895d94000 r--p 00000000 08:40 2832                       /usr/lib/locale/C.UTF-8/LC_TELEPHONE
7f4895d94000-7f4895d9b000 r--s 00000000 08:40 45565                      /usr/lib/x86_64-linux-gnu/gconv/gconv-modules.cache
7f4895d9b000-7f4896081000 r--p 00000000 08:40 1910                       /usr/lib/locale/locale-archive
7f4896081000-7f4896083000 r--p 00000000 08:40 42076                      /usr/lib/jvm/java-11-openjdk-amd64/lib/libinstrument.so
7f4896083000-7f489608a000 r-xp 00002000 08:40 42076                      /usr/lib/jvm/java-11-openjdk-amd64/lib/libinstrument.so
7f489608a000-7f489608d000 r--p 00009000 08:40 42076                      /usr/lib/jvm/java-11-openjdk-amd64/lib/libinstrument.so
7f489608d000-7f489608e000 r--p 0000b000 08:40 42076                      /usr/lib/jvm/java-11-openjdk-amd64/lib/libinstrument.so
7f489608e000-7f489608f000 rw-p 0000c000 08:40 42076                      /usr/lib/jvm/java-11-openjdk-amd64/lib/libinstrument.so
7f489608f000-7f4896091000 r--p 00000000 08:40 42087                      /usr/lib/jvm/java-11-openjdk-amd64/lib/libjdwp.so
7f4896091000-7f48960be000 r-xp 00002000 08:40 42087                      /usr/lib/jvm/java-11-openjdk-amd64/lib/libjdwp.so
7f48960be000-7f48960cc000 r--p 0002f000 08:40 42087                      /usr/lib/jvm/java-11-openjdk-amd64/lib/libjdwp.so
7f48960cc000-7f48960cd000 r--p 0003c000 08:40 42087                      /usr/lib/jvm/java-11-openjdk-amd64/lib/libjdwp.so
7f48960cd000-7f48960ce000 rw-p 0003d000 08:40 42087                      /usr/lib/jvm/java-11-openjdk-amd64/lib/libjdwp.so
7f48960ce000-7f48960cf000 ---p 00000000 00:00 0 
7f48960cf000-7f48960d0000 r--p 00000000 00:00 0 
7f48960d0000-7f48960de000 r--p 00000000 08:40 42081                      /usr/lib/jvm/java-11-openjdk-amd64/lib/libjava.so
7f48960de000-7f48960f4000 r-xp 0000e000 08:40 42081                      /usr/lib/jvm/java-11-openjdk-amd64/lib/libjava.so
7f48960f4000-7f48960fb000 r--p 00024000 08:40 42081                      /usr/lib/jvm/java-11-openjdk-amd64/lib/libjava.so
7f48960fb000-7f48960fc000 r--p 0002a000 08:40 42081                      /usr/lib/jvm/java-11-openjdk-amd64/lib/libjava.so
7f48960fc000-7f48960fd000 rw-p 0002b000 08:40 42081                      /usr/lib/jvm/java-11-openjdk-amd64/lib/libjava.so
7f48960fd000-7f48960fe000 rw-p 00000000 00:00 0 
7f48960fe000-7f4896103000 r--p 00000000 08:40 44250                      /usr/lib/jvm/java-11-openjdk-amd64/lib/libverify.so
7f4896103000-7f489610a000 r-xp 00005000 08:40 44250                      /usr/lib/jvm/java-11-openjdk-amd64/lib/libverify.so
7f489610a000-7f489610c000 r--p 0000c000 08:40 44250                      /usr/lib/jvm/java-11-openjdk-amd64/lib/libverify.so
7f489610c000-7f489610d000 ---p 0000e000 08:40 44250                      /usr/lib/jvm/java-11-openjdk-amd64/lib/libverify.so
7f489610d000-7f489610f000 r--p 0000e000 08:40 44250                      /usr/lib/jvm/java-11-openjdk-amd64/lib/libverify.so
7f489610f000-7f4896110000 rw-p 00010000 08:40 44250                      /usr/lib/jvm/java-11-openjdk-amd64/lib/libverify.so
7f4896110000-7f4896112000 r--p 00000000 08:40 45297                      /usr/lib/x86_64-linux-gnu/librt-2.31.so
7f4896112000-7f4896116000 r-xp 00002000 08:40 45297                      /usr/lib/x86_64-linux-gnu/librt-2.31.so
7f4896116000-7f4896118000 r--p 00006000 08:40 45297                      /usr/lib/x86_64-linux-gnu/librt-2.31.so
7f4896118000-7f4896119000 r--p 00007000 08:40 45297                      /usr/lib/x86_64-linux-gnu/librt-2.31.so
7f4896119000-7f489611a000 rw-p 00008000 08:40 45297                      /usr/lib/x86_64-linux-gnu/librt-2.31.so
7f489611a000-7f489611e000 ---p 00000000 00:00 0 
7f489611e000-7f489621b000 rw-p 00000000 00:00 0 
7f489621b000-7f489621e000 r--p 00000000 08:40 41776                      /usr/lib/x86_64-linux-gnu/libgcc_s.so.1
7f489621e000-7f4896230000 r-xp 00003000 08:40 41776                      /usr/lib/x86_64-linux-gnu/libgcc_s.so.1
7f4896230000-7f4896234000 r--p 00015000 08:40 41776                      /usr/lib/x86_64-linux-gnu/libgcc_s.so.1
7f4896234000-7f4896235000 r--p 00018000 08:40 41776                      /usr/lib/x86_64-linux-gnu/libgcc_s.so.1
7f4896235000-7f4896236000 rw-p 00019000 08:40 41776                      /usr/lib/x86_64-linux-gnu/libgcc_s.so.1
7f4896236000-7f4896243000 r--p 00000000 08:40 45283                      /usr/lib/x86_64-linux-gnu/libm-2.31.so
7f4896243000-7f48962ea000 r-xp 0000d000 08:40 45283                      /usr/lib/x86_64-linux-gnu/libm-2.31.so
7f48962ea000-7f4896383000 r--p 000b4000 08:40 45283                      /usr/lib/x86_64-linux-gnu/libm-2.31.so
7f4896383000-7f4896384000 r--p 0014c000 08:40 45283                      /usr/lib/x86_64-linux-gnu/libm-2.31.so
7f4896384000-7f4896385000 rw-p 0014d000 08:40 45283                      /usr/lib/x86_64-linux-gnu/libm-2.31.so
7f4896385000-7f489641b000 r--p 00000000 08:40 40202                      /usr/lib/x86_64-linux-gnu/libstdc++.so.6.0.28
7f489641b000-7f489650c000 r-xp 00096000 08:40 40202                      /usr/lib/x86_64-linux-gnu/libstdc++.so.6.0.28
7f489650c000-7f4896555000 r--p 00187000 08:40 40202                      /usr/lib/x86_64-linux-gnu/libstdc++.so.6.0.28
7f4896555000-7f4896556000 ---p 001d0000 08:40 40202                      /usr/lib/x86_64-linux-gnu/libstdc++.so.6.0.28
7f4896556000-7f4896561000 r--p 001d0000 08:40 40202                      /usr/lib/x86_64-linux-gnu/libstdc++.so.6.0.28
7f4896561000-7f4896564000 rw-p 001db000 08:40 40202                      /usr/lib/x86_64-linux-gnu/libstdc++.so.6.0.28
7f4896564000-7f4896567000 rw-p 00000000 00:00 0 
7f4896567000-7f48967ea000 r--p 00000000 08:40 44861                      /usr/lib/jvm/java-11-openjdk-amd64/lib/server/libjvm.so
7f48967ea000-7f4897478000 r-xp 00283000 08:40 44861                      /usr/lib/jvm/java-11-openjdk-amd64/lib/server/libjvm.so
7f4897478000-7f48976d9000 r--p 00f11000 08:40 44861                      /usr/lib/jvm/java-11-openjdk-amd64/lib/server/libjvm.so
7f48976d9000-7f48976da000 ---p 01172000 08:40 44861                      /usr/lib/jvm/java-11-openjdk-amd64/lib/server/libjvm.so
7f48976da000-7f489779e000 r--p 01172000 08:40 44861                      /usr/lib/jvm/java-11-openjdk-amd64/lib/server/libjvm.so
7f489779e000-7f48977d9000 rw-p 01236000 08:40 44861                      /usr/lib/jvm/java-11-openjdk-amd64/lib/server/libjvm.so
7f48977d9000-7f4897832000 rw-p 00000000 00:00 0 
7f4897832000-7f4897854000 r--p 00000000 08:40 45281                      /usr/lib/x86_64-linux-gnu/libc-2.31.so
7f4897854000-7f48979cc000 r-xp 00022000 08:40 45281                      /usr/lib/x86_64-linux-gnu/libc-2.31.so
7f48979cc000-7f4897a1a000 r--p 0019a000 08:40 45281                      /usr/lib/x86_64-linux-gnu/libc-2.31.so
7f4897a1a000-7f4897a1e000 r--p 001e7000 08:40 45281                      /usr/lib/x86_64-linux-gnu/libc-2.31.so
7f4897a1e000-7f4897a20000 rw-p 001eb000 08:40 45281                      /usr/lib/x86_64-linux-gnu/libc-2.31.so
7f4897a20000-7f4897a24000 rw-p 00000000 00:00 0 
7f4897a24000-7f4897a25000 r--p 00000000 08:40 45282                      /usr/lib/x86_64-linux-gnu/libdl-2.31.so
7f4897a25000-7f4897a27000 r-xp 00001000 08:40 45282                      /usr/lib/x86_64-linux-gnu/libdl-2.31.so
7f4897a27000-7f4897a28000 r--p 00003000 08:40 45282                      /usr/lib/x86_64-linux-gnu/libdl-2.31.so
7f4897a28000-7f4897a29000 r--p 00003000 08:40 45282                      /usr/lib/x86_64-linux-gnu/libdl-2.31.so
7f4897a29000-7f4897a2a000 rw-p 00004000 08:40 45282                      /usr/lib/x86_64-linux-gnu/libdl-2.31.so
7f4897a2a000-7f4897a2d000 r--p 00000000 08:40 42065                      /usr/lib/jvm/java-11-openjdk-amd64/lib/jli/libjli.so
7f4897a2d000-7f4897a37000 r-xp 00003000 08:40 42065                      /usr/lib/jvm/java-11-openjdk-amd64/lib/jli/libjli.so
7f4897a37000-7f4897a3a000 r--p 0000d000 08:40 42065                      /usr/lib/jvm/java-11-openjdk-amd64/lib/jli/libjli.so
7f4897a3a000-7f4897a3b000 ---p 00010000 08:40 42065                      /usr/lib/jvm/java-11-openjdk-amd64/lib/jli/libjli.so
7f4897a3b000-7f4897a3c000 r--p 00010000 08:40 42065                      /usr/lib/jvm/java-11-openjdk-amd64/lib/jli/libjli.so
7f4897a3c000-7f4897a3d000 rw-p 00011000 08:40 42065                      /usr/lib/jvm/java-11-openjdk-amd64/lib/jli/libjli.so
7f4897a3d000-7f4897a43000 r--p 00000000 08:40 45295                      /usr/lib/x86_64-linux-gnu/libpthread-2.31.so
7f4897a43000-7f4897a54000 r-xp 00006000 08:40 45295                      /usr/lib/x86_64-linux-gnu/libpthread-2.31.so
7f4897a54000-7f4897a5a000 r--p 00017000 08:40 45295                      /usr/lib/x86_64-linux-gnu/libpthread-2.31.so
7f4897a5a000-7f4897a5b000 r--p 0001c000 08:40 45295                      /usr/lib/x86_64-linux-gnu/libpthread-2.31.so
7f4897a5b000-7f4897a5c000 rw-p 0001d000 08:40 45295                      /usr/lib/x86_64-linux-gnu/libpthread-2.31.so
7f4897a5c000-7f4897a60000 rw-p 00000000 00:00 0 
7f4897a60000-7f4897a62000 r--p 00000000 08:40 13174                      /usr/lib/x86_64-linux-gnu/libz.so.1.2.11
7f4897a62000-7f4897a73000 r-xp 00002000 08:40 13174                      /usr/lib/x86_64-linux-gnu/libz.so.1.2.11
7f4897a73000-7f4897a79000 r--p 00013000 08:40 13174                      /usr/lib/x86_64-linux-gnu/libz.so.1.2.11
7f4897a79000-7f4897a7a000 ---p 00019000 08:40 13174                      /usr/lib/x86_64-linux-gnu/libz.so.1.2.11
7f4897a7a000-7f4897a7b000 r--p 00019000 08:40 13174                      /usr/lib/x86_64-linux-gnu/libz.so.1.2.11
7f4897a7b000-7f4897a7c000 rw-p 0001a000 08:40 13174                      /usr/lib/x86_64-linux-gnu/libz.so.1.2.11
7f4897a7c000-7f4897a7d000 r--p 00000000 08:40 2826                       /usr/lib/locale/C.UTF-8/LC_MEASUREMENT
7f4897a7d000-7f4897a7f000 r--p 00000000 08:40 42089                      /usr/lib/jvm/java-11-openjdk-amd64/lib/libjimage.so
7f4897a7f000-7f4897a82000 r-xp 00002000 08:40 42089                      /usr/lib/jvm/java-11-openjdk-amd64/lib/libjimage.so
7f4897a82000-7f4897a83000 r--p 00005000 08:40 42089                      /usr/lib/jvm/java-11-openjdk-amd64/lib/libjimage.so
7f4897a83000-7f4897a84000 ---p 00006000 08:40 42089                      /usr/lib/jvm/java-11-openjdk-amd64/lib/libjimage.so
7f4897a84000-7f4897a85000 r--p 00006000 08:40 42089                      /usr/lib/jvm/java-11-openjdk-amd64/lib/libjimage.so
7f4897a85000-7f4897a86000 rw-p 00007000 08:40 42089                      /usr/lib/jvm/java-11-openjdk-amd64/lib/libjimage.so
7f4897a86000-7f4897a88000 rw-p 00000000 00:00 0 
7f4897a88000-7f4897a89000 r--p 00000000 08:40 45277                      /usr/lib/x86_64-linux-gnu/ld-2.31.so
7f4897a89000-7f4897aac000 r-xp 00001000 08:40 45277                      /usr/lib/x86_64-linux-gnu/ld-2.31.so
7f4897aac000-7f4897ab4000 r--p 00024000 08:40 45277                      /usr/lib/x86_64-linux-gnu/ld-2.31.so
7f4897ab4000-7f4897ab5000 r--p 00000000 08:40 2825                       /usr/lib/locale/C.UTF-8/LC_IDENTIFICATION
7f4897ab5000-7f4897ab6000 r--p 0002c000 08:40 45277                      /usr/lib/x86_64-linux-gnu/ld-2.31.so
7f4897ab6000-7f4897ab7000 rw-p 0002d000 08:40 45277                      /usr/lib/x86_64-linux-gnu/ld-2.31.so
7f4897ab7000-7f4897ab8000 rw-p 00000000 00:00 0 
7ffd0f70c000-7ffd0f72d000 rw-p 00000000 00:00 0                          [stack]
7ffd0f7da000-7ffd0f7de000 r--p 00000000 00:00 0                          [vvar]
7ffd0f7de000-7ffd0f7e0000 r-xp 00000000 00:00 0                          [vdso]


VM Arguments:
jvm_args: -agentlib:jdwp=transport=dt_socket,address=127.0.0.1:60865,suspend=y,server=n -javaagent:/home/w/.cache/JetBrains/RemoteDev/dist/2b05049c6fa27_ideaIU-232.9921.28/plugins/java/lib/rt/debugger-agent.jar -Dfile.encoding=UTF-8 
java_command: Main
java_class_path (initial): /home/w/.cache/JetBrains/RemoteDev/dist/2b05049c6fa27_ideaIU-232.9921.28/plugins/remote-dev-server/selfcontained/fontconfig/out/production/Lab:/usr/local/lib/antlr-4.9.1-complete.jar:/usr/local/lib/javacpp-1.5.7-linux-x86_64.jar:/usr/local/lib/javacpp-1.5.7.jar:/usr/local/lib/llvm-13.0.1-1.5.7-linux-x86_64.jar:/usr/local/lib/llvm-13.0.1-1.5.7.jar:/usr/local/lib/llvm-platform-13.0.1-1.5.7.jar:/home/w/.cache/JetBrains/RemoteDev/dist/2b05049c6fa27_ideaIU-232.9921.28/lib/idea_rt.jar
Launcher Type: SUN_STANDARD

[Global flags]
     intx CICompilerCount                          = 12                                        {product} {ergonomic}
     uint ConcGCThreads                            = 3                                         {product} {ergonomic}
     uint G1ConcRefinementThreads                  = 13                                        {product} {ergonomic}
   size_t G1HeapRegionSize                         = 1048576                                   {product} {ergonomic}
    uintx GCDrainStackTargetSize                   = 64                                        {product} {ergonomic}
   size_t InitialHeapSize                          = 127926272                                 {product} {ergonomic}
   size_t MarkStackSize                            = 4194304                                   {product} {ergonomic}
   size_t MaxHeapSize                              = 2036334592                                {product} {ergonomic}
   size_t MaxNewSize                               = 1221591040                                {product} {ergonomic}
   size_t MinHeapDeltaBytes                        = 1048576                                   {product} {ergonomic}
    uintx NonNMethodCodeHeapSize                   = 7594288                                {pd product} {ergonomic}
    uintx NonProfiledCodeHeapSize                  = 122031976                              {pd product} {ergonomic}
    uintx ProfiledCodeHeapSize                     = 122031976                              {pd product} {ergonomic}
    uintx ReservedCodeCacheSize                    = 251658240                              {pd product} {ergonomic}
     bool SegmentedCodeCache                       = true                                      {product} {ergonomic}
     bool UseCompressedClassPointers               = true                                 {lp64_product} {ergonomic}
     bool UseCompressedOops                        = true                                 {lp64_product} {ergonomic}
     bool UseG1GC                                  = true                                      {product} {ergonomic}

Logging:
Log output configuration:
 #0: stdout all=warning uptime,level,tags
 #1: stderr all=off uptime,level,tags

Environment Variables:
PATH=/usr/local/sbin:/usr/local/bin:/usr/sbin:/usr/bin:/sbin:/bin:/usr/games:/usr/local/games:/usr/lib/wsl/lib:/mnt/c/Python312/Scripts/:/mnt/c/Python312/:/mnt/c/Program Files (x86)/Common Files/Oracle/Java/javapath:/mnt/c/Windows/system32:/mnt/c/Windows:/mnt/c/Windows/System32/Wbem:/mnt/c/Windows/System32/WindowsPowerShell/v1.0/:/mnt/c/Windows/System32/OpenSSH/:/mnt/d/mingw64/bin:/mnt/d/codes/vx/web/dll:/mnt/d/cod:/mnt/c/ProgramData/chocolatey/bin:/mnt/c/Users/anti/AppData/Local/Google/Chrome/Application:/mnt/e/web/dll:/mnt/d/cod:/mnt/d/Git/cmd:/Docker/host/bin:/mnt/c/Users/anti/AppData/Local/Programs/Python/Python310/Scripts/:/mnt/c/Users/anti/AppData/Local/Programs/Python/Python310/:/mnt/c/Users/anti/AppData/Local/Microsoft/WindowsApps:/mnt/d/CLion 2022.2.3/bin:/mnt/d/Microsoft VS Code/bin:/mnt/d/mingw64/bin:/mnt/f/QQGameTempest/Hall.57915/:/mnt/c/Users/anti/AppData/Local/JetBrains/Toolbox/scripts:/mnt/c/Users/anti/AppData/Local/Microsoft/WindowsApps:/mnt/c/Users/anti/AppData/Local/Pandoc/:/mnt/c/Users/anti/AppData/Roaming/npm:/mnt/d/code/appium:/mnt/d/code/android-sdk-windows/platform-tools:/mnt/d/code/android-sdk-windows/tools:/mnt/c/Program Files/Java/jdk1.8.0_301/bin:/mnt/c/Program Files/Java/jdk1.8.0_301/bin:/mnt/d/code/android-sdk-windows/build-tools/29.0.3:/mnt/d/code/appium/node/:/mnt/f/pyCharm/PyCharm 2024.1/bin:/mnt/e/WebStorm 2023.3.4/bin:/snap/bin
SHELL=/bin/bash
DISPLAY=:0
HOSTTYPE=x86_64
LANG=C.UTF-8
TERM=xterm-256color

Signal Handlers:
SIGSEGV: [libjvm.so+0xe9e150], sa_mask[0]=11111111011111111101111111111110, sa_flags=SA_RESTART|SA_SIGINFO
SIGBUS: [libjvm.so+0xe9e150], sa_mask[0]=11111111011111111101111111111110, sa_flags=SA_RESTART|SA_SIGINFO
SIGFPE: [libjvm.so+0xe9e150], sa_mask[0]=11111111011111111101111111111110, sa_flags=SA_RESTART|SA_SIGINFO
SIGPIPE: [libjvm.so+0xbe51a0], sa_mask[0]=11111111011111111101111111111110, sa_flags=SA_RESTART|SA_SIGINFO
SIGXFSZ: [libjvm.so+0xbe51a0], sa_mask[0]=11111111011111111101111111111110, sa_flags=SA_RESTART|SA_SIGINFO
SIGILL: [libjvm.so+0xe9e150], sa_mask[0]=11111111011111111101111111111110, sa_flags=SA_RESTART|SA_SIGINFO
SIGUSR2: [libjvm.so+0xbe5040], sa_mask[0]=00100000000000000000000000000000, sa_flags=SA_RESTART|SA_SIGINFO
SIGHUP: [libjvm.so+0xbe5800], sa_mask[0]=11111111011111111101111111111110, sa_flags=SA_RESTART|SA_SIGINFO
SIGINT: [libjvm.so+0xbe5800], sa_mask[0]=11111111011111111101111111111110, sa_flags=SA_RESTART|SA_SIGINFO
SIGTERM: [libjvm.so+0xbe5800], sa_mask[0]=11111111011111111101111111111110, sa_flags=SA_RESTART|SA_SIGINFO
SIGQUIT: [libjvm.so+0xbe5800], sa_mask[0]=11111111011111111101111111111110, sa_flags=SA_RESTART|SA_SIGINFO


---------------  S Y S T E M  ---------------

OS:DISTRIB_ID=Ubuntu
DISTRIB_RELEASE=20.04
DISTRIB_CODENAME=focal
DISTRIB_DESCRIPTION="Ubuntu 20.04.6 LTS"
uname:Linux 5.15.153.1-microsoft-standard-WSL2 #1 SMP Fri Mar 29 23:14:13 UTC 2024 x86_64
OS uptime: 0 days 13:46 hours
libc:glibc 2.31 NPTL 2.31 
rlimit (soft/hard): STACK 8192k/infinity , CORE 0k/infinity , NPROC 31039/31039 , NOFILE 1048576/1048576 , AS infinity/infinity , CPU infinity/infinity , DATA infinity/infinity , FSIZE infinity/infinity , MEMLOCK 65536k/65536k
load average:0.80 0.48 0.30

/proc/meminfo:
MemTotal:        7952736 kB
MemFree:         2711304 kB
MemAvailable:    3738928 kB
Buffers:            6768 kB
Cached:          1206384 kB
SwapCached:            0 kB
Active:           749120 kB
Inactive:        3844592 kB
Active(anon):       2316 kB
Inactive(anon):  3385876 kB
Active(file):     746804 kB
Inactive(file):   458716 kB
Unevictable:           0 kB
Mlocked:               0 kB
SwapTotal:       2097152 kB
SwapFree:        2097152 kB
Dirty:              8596 kB
Writeback:             0 kB
AnonPages:       3370600 kB
Mapped:          1134560 kB
Shmem:              6840 kB
KReclaimable:      75068 kB
Slab:             190492 kB
SReclaimable:      75068 kB
SUnreclaim:       115424 kB
KernelStack:       11568 kB
PageTables:        18412 kB
NFS_Unstable:          0 kB
Bounce:                0 kB
WritebackTmp:          0 kB
CommitLimit:     6073520 kB
Committed_AS:    4994288 kB
VmallocTotal:   34359738367 kB
VmallocUsed:      108988 kB
VmallocChunk:          0 kB
Percpu:             9024 kB
AnonHugePages:   2732032 kB
ShmemHugePages:        0 kB
ShmemPmdMapped:        0 kB
FileHugePages:         0 kB
FilePmdMapped:         0 kB
HugePages_Total:       0
HugePages_Free:        0
HugePages_Rsvd:        0
HugePages_Surp:        0
Hugepagesize:       2048 kB
Hugetlb:               0 kB
DirectMap4k:      111616 kB
DirectMap2M:     5994496 kB
DirectMap1G:    10485760 kB

/sys/kernel/mm/transparent_hugepage/enabled:
[always] madvise never
/sys/kernel/mm/transparent_hugepage/defrag (defrag/compaction efforts parameter):
always defer defer+madvise [madvise] never

Process Memory:
Virtual Size: 5118016K (peak: 13436852K)
Resident Set Size: 104968K (peak: 104968K) (anon: 49320K, file: 55648K, shmem: 0K)
Swapped out: 0K
C-Heap outstanding allocations: 38900K, retained: 2355K
glibc malloc tunables: (default)

/proc/sys/kernel/threads-max (system-wide limit on the number of threads):
62078
/proc/sys/vm/max_map_count (maximum number of memory map areas a process may have):
262144
/proc/sys/kernel/pid_max (system-wide limit on number of process identifiers):
99999

container (cgroup) information:
container_type: cgroupv1
cpu_cpuset_cpus: 0-15
cpu_memory_nodes: 0
active_processor_count: 16
cpu_quota: no quota
cpu_period: 100000
cpu_shares: no shares
memory_limit_in_bytes: unlimited
memory_and_swap_limit_in_bytes: unlimited
memory_soft_limit_in_bytes: unlimited
memory_usage_in_bytes: 4584616 k
memory_max_usage_in_bytes: 612124 k
kernel_memory_usage_in_bytes: 36184 k
kernel_memory_max_usage_in_bytes: unlimited
kernel_memory_limit_in_bytes: 37596 k
maximum number of tasks: not supported
current number of tasks: not supported

Hyper-V virtualization detected
Steal ticks since vm start: 0
Steal ticks percentage since vm start:  0.000

CPU:total 16 (initial active 16) (8 cores per cpu, 2 threads per core) family 6 model 154 stepping 3 microcode 0xffffffff, cmov, cx8, fxsr, mmx, sse, sse2, sse3, ssse3, sse4.1, sse4.2, popcnt, avx, avx2, aes, clmul, erms, 3dnowpref, lzcnt, ht, tsc, tscinvbit, bmi1, bmi2, adx, sha, fma
CPU Model and flags from /proc/cpuinfo:
model name	: 12th Gen Intel(R) Core(TM) i5-1240P
flags		: fpu vme de pse tsc msr pae mce cx8 apic sep mtrr pge mca cmov pat pse36 clflush mmx fxsr sse sse2 ss ht syscall nx pdpe1gb rdtscp lm constant_tsc rep_good nopl xtopology tsc_reliable nonstop_tsc cpuid pni pclmulqdq ssse3 fma cx16 sse4_1 sse4_2 x2apic movbe popcnt tsc_deadline_timer aes xsave avx f16c rdrand hypervisor lahf_lm abm 3dnowprefetch ssbd ibrs ibpb stibp ibrs_enhanced fsgsbase tsc_adjust bmi1 avx2 smep bmi2 erms invpcid rdseed adx smap clflushopt clwb sha_ni xsaveopt xsavec xgetbv1 xsaves avx_vnni umip waitpkg gfni vaes vpclmulqdq rdpid movdiri movdir64b fsrm md_clear serialize flush_l1d arch_capabilities
Online cpus:
0-15
Offline cpus:

BIOS frequency limitation:
<Not Available>
Frequency switch latency (ns):
<Not Available>
Available cpu frequencies:
<Not Available>
Current governor:
<Not Available>
Core performance/turbo boost:
<Not Available>

Memory: 4k page, physical 7952736k(2711816k free), swap 2097152k(2097152k free)

vm_info: OpenJDK 64-Bit Server VM (11.0.23+9-post-Ubuntu-1ubuntu120.04.2) for linux-amd64 JRE (11.0.23+9-post-Ubuntu-1ubuntu120.04.2), built on May 30 2024 05:31:47 by "unknown" with gcc 10.5.0

END.
