#
# A fatal error has been detected by the Java Runtime Environment:
#
#  SIGSEGV (0xb) at pc=0x00007f3f3e158882, pid=55544, tid=55545
#
# JRE version: OpenJDK Runtime Environment (11.0.23+9) (build 11.0.23+9-post-Ubuntu-1ubuntu120.04.2)
# Java VM: OpenJDK 64-Bit Server VM (11.0.23+9-post-Ubuntu-1ubuntu120.04.2, mixed mode, sharing, tiered, compressed oops, g1 gc, linux-amd64)
# Problematic frame:
# C  [libLLVM-13.so+0xc2c882]  LLVMBuildLoad+0x12
#
# No core dump will be written. Core dumps have been disabled. To enable core dumping, try "ulimit -c unlimited" before starting Java again
#
# If you would like to submit a bug report, please visit:
#   https://bugs.launchpad.net/ubuntu/+source/openjdk-lts
# The crash happened outside the Java Virtual Machine in native code.
# See problematic frame for where to report the bug.
#

---------------  S U M M A R Y ------------

Command Line: -agentlib:jdwp=transport=dt_socket,address=127.0.0.1:60779,suspend=y,server=n -javaagent:/home/w/.cache/JetBrains/RemoteDev/dist/2b05049c6fa27_ideaIU-232.9921.28/plugins/java/lib/rt/debugger-agent.jar -Dfile.encoding=UTF-8 Main

Host: 12th Gen Intel(R) Core(TM) i5-1240P, 16 cores, 7G, Ubuntu 20.04.6 LTS
Time: Tue Jul  2 17:00:14 2024 HKT elapsed time: 0.611437 seconds (0d 0h 0m 0s)

---------------  T H R E A D  ---------------

Current thread (0x00007f3fbc01c000):  JavaThread "main" [_thread_in_native, id=55545, stack(0x00007f3fc35e2000,0x00007f3fc36e3000)]

Stack: [0x00007f3fc35e2000,0x00007f3fc36e3000],  sp=0x00007f3fc36e08a0,  free space=1018k
Native frames: (J=compiled Java code, A=aot compiled Java code, j=interpreted, Vv=VM code, C=native code)
C  [libLLVM-13.so+0xc2c882]  LLVMBuildLoad+0x12

Java frames: (J=compiled Java code, j=interpreted, Vv=VM code)
j  org.bytedeco.llvm.global.LLVM.LLVMBuildLoad(Lorg/bytedeco/llvm/LLVM/LLVMBuilderRef;Lorg/bytedeco/llvm/LLVM/LLVMValueRef;Ljava/lang/String;)Lorg/bytedeco/llvm/LLVM/LLVMValueRef;+0
j  LLVMIRVisitor.visitLValExp(LSysYParser$LValExpContext;)Lorg/bytedeco/llvm/LLVM/LLVMValueRef;+21
j  LLVMIRVisitor.visitLValExp(LSysYParser$LValExpContext;)Ljava/lang/Object;+2
j  SysYParser$LValExpContext.accept(Lorg/antlr/v4/runtime/tree/ParseTreeVisitor;)Ljava/lang/Object;+12
j  org.antlr.v4.runtime.tree.AbstractParseTreeVisitor.visit(Lorg/antlr/v4/runtime/tree/ParseTree;)Ljava/lang/Object;+2
j  LLVMIRVisitor.visitAddExp(LSysYParser$AddExpContext;)Lorg/bytedeco/llvm/LLVM/LLVMValueRef;+19
j  LLVMIRVisitor.visitAddExp(LSysYParser$AddExpContext;)Ljava/lang/Object;+2
j  SysYParser$AddExpContext.accept(Lorg/antlr/v4/runtime/tree/ParseTreeVisitor;)Ljava/lang/Object;+12
j  org.antlr.v4.runtime.tree.AbstractParseTreeVisitor.visit(Lorg/antlr/v4/runtime/tree/ParseTree;)Ljava/lang/Object;+2
j  LLVMIRVisitor.visitReturnStmt(LSysYParser$ReturnStmtContext;)Lorg/bytedeco/llvm/LLVM/LLVMValueRef;+18
j  LLVMIRVisitor.visitReturnStmt(LSysYParser$ReturnStmtContext;)Ljava/lang/Object;+2
j  SysYParser$ReturnStmtContext.accept(Lorg/antlr/v4/runtime/tree/ParseTreeVisitor;)Ljava/lang/Object;+12
j  org.antlr.v4.runtime.tree.AbstractParseTreeVisitor.visitChildren(Lorg/antlr/v4/runtime/tree/RuleNode;)Ljava/lang/Object;+46
j  SysYParserBaseVisitor.visitBlockItem(LSysYParser$BlockItemContext;)Ljava/lang/Object;+2
j  SysYParser$BlockItemContext.accept(Lorg/antlr/v4/runtime/tree/ParseTreeVisitor;)Ljava/lang/Object;+12
j  org.antlr.v4.runtime.tree.AbstractParseTreeVisitor.visit(Lorg/antlr/v4/runtime/tree/ParseTree;)Ljava/lang/Object;+2
j  LLVMIRVisitor$$Lambda$30.accept(Ljava/lang/Object;)V+11
j  java.util.ArrayList.forEach(Ljava/util/function/Consumer;)V+46 java.base@11.0.23
j  LLVMIRVisitor.visitBlock(LSysYParser$BlockContext;)Lorg/bytedeco/llvm/LLVM/LLVMValueRef;+25
j  LLVMIRVisitor.visitBlock(LSysYParser$BlockContext;)Ljava/lang/Object;+2
j  SysYParser$BlockContext.accept(Lorg/antlr/v4/runtime/tree/ParseTreeVisitor;)Ljava/lang/Object;+12
j  org.antlr.v4.runtime.tree.AbstractParseTreeVisitor.visitChildren(Lorg/antlr/v4/runtime/tree/RuleNode;)Ljava/lang/Object;+46
j  SysYParserBaseVisitor.visitFuncDef(LSysYParser$FuncDefContext;)Ljava/lang/Object;+2
j  LLVMIRVisitor.visitFuncDef(LSysYParser$FuncDefContext;)Lorg/bytedeco/llvm/LLVM/LLVMValueRef;+253
j  LLVMIRVisitor.visitFuncDef(LSysYParser$FuncDefContext;)Ljava/lang/Object;+2
j  SysYParser$FuncDefContext.accept(Lorg/antlr/v4/runtime/tree/ParseTreeVisitor;)Ljava/lang/Object;+12
j  org.antlr.v4.runtime.tree.AbstractParseTreeVisitor.visitChildren(Lorg/antlr/v4/runtime/tree/RuleNode;)Ljava/lang/Object;+46
j  SysYParserBaseVisitor.visitCompUnit(LSysYParser$CompUnitContext;)Ljava/lang/Object;+2
j  SysYParser$CompUnitContext.accept(Lorg/antlr/v4/runtime/tree/ParseTreeVisitor;)Ljava/lang/Object;+12
j  org.antlr.v4.runtime.tree.AbstractParseTreeVisitor.visitChildren(Lorg/antlr/v4/runtime/tree/RuleNode;)Ljava/lang/Object;+46
j  SysYParserBaseVisitor.visitProgram(LSysYParser$ProgramContext;)Ljava/lang/Object;+2
j  LLVMIRVisitor.visitProgram(LSysYParser$ProgramContext;)Lorg/bytedeco/llvm/LLVM/LLVMValueRef;+22
j  LLVMIRVisitor.visitProgram(LSysYParser$ProgramContext;)Ljava/lang/Object;+2
j  SysYParser$ProgramContext.accept(Lorg/antlr/v4/runtime/tree/ParseTreeVisitor;)Ljava/lang/Object;+12
j  org.antlr.v4.runtime.tree.AbstractParseTreeVisitor.visit(Lorg/antlr/v4/runtime/tree/ParseTree;)Ljava/lang/Object;+2
j  Main.main([Ljava/lang/String;)V+62
v  ~StubRoutines::call_stub

siginfo: si_signo: 11 (SIGSEGV), si_code: 1 (SEGV_MAPERR), si_addr: 0x0000000000000000

Register to memory mapping:

RAX=0x00007f3fbc4c5b00 points into unknown readable memory: 0x0000000000000064 | 64 00 00 00 00 00 00 00
RBX=0x0 is NULL
RCX=0x0000000000000064 is an unknown value
RDX=0x00007f3fbc4c5b00 points into unknown readable memory: 0x0000000000000064 | 64 00 00 00 00 00 00 00
RSP=0x00007f3fc36e08a0 is pointing into the stack for thread: 0x00007f3fbc01c000
RBP=0x00007f3fbc493710 points into unknown readable memory: 0x00007f3fbc493720 | 20 37 49 bc 3f 7f 00 00
RSI=0x0 is NULL
RDI=0x00007f3fbc493710 points into unknown readable memory: 0x00007f3fbc493720 | 20 37 49 bc 3f 7f 00 00
R8 =0x000000008d5cb4e0 points into unknown readable memory: 0x0000000000000064 | 64 00 00 00 00 00 00 00
R9 =0x00007f3fbc01c000 is a thread
R10=0x0 is NULL
R11=0x00000000000003d8 is an unknown value
R12=0x0 is NULL
R13=0x0 is NULL
R14=0x00007f3fbc4c5b00 points into unknown readable memory: 0x0000000000000064 | 64 00 00 00 00 00 00 00
R15=0x00007f3fbc01c000 is a thread


Registers:
RAX=0x00007f3fbc4c5b00, RBX=0x0000000000000000, RCX=0x0000000000000064, RDX=0x00007f3fbc4c5b00
RSP=0x00007f3fc36e08a0, RBP=0x00007f3fbc493710, RSI=0x0000000000000000, RDI=0x00007f3fbc493710
R8 =0x000000008d5cb4e0, R9 =0x00007f3fbc01c000, R10=0x0000000000000000, R11=0x00000000000003d8
R12=0x0000000000000000, R13=0x0000000000000000, R14=0x00007f3fbc4c5b00, R15=0x00007f3fbc01c000
RIP=0x00007f3f3e158882, EFLAGS=0x0000000000010206, CSGSFS=0x002b000000000033, ERR=0x0000000000000004
  TRAPNO=0x000000000000000e

Top of Stack: (sp=0x00007f3fc36e08a0)
0x00007f3fc36e08a0:   00007f3fbc01c000 0000000000000000
0x00007f3fc36e08b0:   00007f3fbc01c000 00007f3fbc1a15f0
0x00007f3fc36e08c0:   0000000000000002 0000000000000001
0x00007f3fc36e08d0:   00007f3fbc4c5b00 00007f3fbc1a15f0 

Instructions: (pc=0x00007f3f3e158882)
0x00007f3f3e158782:   89 c4 4c 8d 4c 24 40 e8 92 57 09 00 48 8b 7d 50
0x00007f3f3e158792:   48 8b 4d 30 4c 89 e6 48 8d 54 24 10 4c 8b 45 38
0x00007f3f3e1587a2:   48 8b 07 ff 50 10 48 8b 5d 00 8b 6d 08 5a 59 48
0x00007f3f3e1587b2:   c1 e5 04 48 01 dd 48 39 eb 74 1a 0f 1f 00 48 8b
0x00007f3f3e1587c2:   53 08 8b 33 4c 89 e7 48 83 c3 10 e8 6e 16 0e 00
0x00007f3f3e1587d2:   48 39 dd 75 e9 48 83 c4 68 4c 89 e0 5b 5d 41 5c
0x00007f3f3e1587e2:   41 5d 41 5e 41 5f c3 0f 1f 80 00 00 00 00 41 54
0x00007f3f3e1587f2:   b8 01 01 00 00 55 48 89 fd 48 89 f7 53 48 83 ec
0x00007f3f3e158802:   30 48 8b 75 30 66 89 44 24 20 e8 ef 24 09 00 48
0x00007f3f3e158812:   8b 7d 50 48 8b 4d 30 48 89 e2 49 89 c4 4c 8b 45
0x00007f3f3e158822:   38 48 8b 07 4c 89 e6 ff 50 10 48 8b 5d 00 8b 6d
0x00007f3f3e158832:   08 48 c1 e5 04 48 01 dd 48 39 eb 74 18 90 48 8b
0x00007f3f3e158842:   53 08 8b 33 4c 89 e7 48 83 c3 10 e8 ee 15 0e 00
0x00007f3f3e158852:   48 39 dd 75 e9 48 83 c4 30 4c 89 e0 5b 5d 41 5c
0x00007f3f3e158862:   c3 66 2e 0f 1f 84 00 00 00 00 00 0f 1f 00 41 56
0x00007f3f3e158872:   41 55 49 89 f5 41 54 55 48 89 fd 53 48 83 ec 60
0x00007f3f3e158882:   48 8b 06 80 3a 00 be 01 01 00 00 4c 8b 70 18 66
0x00007f3f3e158892:   89 74 24 20 74 09 48 89 14 24 c6 44 24 20 03 48
0x00007f3f3e1588a2:   8b 7d 30 e8 d6 15 fc ff 48 89 c7 e8 4e 47 0e 00
0x00007f3f3e1588b2:   4c 89 f6 48 89 c7 e8 b3 46 01 00 be 01 00 00 00
0x00007f3f3e1588c2:   bf 40 00 00 00 89 c3 b8 01 01 00 00 66 89 44 24
0x00007f3f3e1588d2:   50 e8 a8 0a 13 00 48 8d 4c 24 30 41 89 d9 45 31
0x00007f3f3e1588e2:   c0 48 83 ec 08 48 89 c7 4c 89 ea 4c 89 f6 6a 00
0x00007f3f3e1588f2:   49 89 c4 e8 26 5d 09 00 48 8b 7d 50 48 8b 4d 30
0x00007f3f3e158902:   4c 89 e6 48 8d 54 24 10 4c 8b 45 38 48 8b 07 ff
0x00007f3f3e158912:   50 10 48 8b 5d 00 8b 6d 08 5a 59 48 c1 e5 04 48
0x00007f3f3e158922:   01 dd 48 39 eb 74 1e 0f 1f 80 00 00 00 00 48 8b
0x00007f3f3e158932:   53 08 8b 33 4c 89 e7 48 83 c3 10 e8 fe 14 0e 00
0x00007f3f3e158942:   48 39 dd 75 e9 48 83 c4 60 4c 89 e0 5b 5d 41 5c
0x00007f3f3e158952:   41 5d 41 5e c3 66 0f 1f 84 00 00 00 00 00 41 56
0x00007f3f3e158962:   49 89 d6 41 55 49 89 f5 be 01 01 00 00 41 54 55
0x00007f3f3e158972:   48 89 fd 53 48 83 ec 60 80 39 00 66 89 74 24 20 


Stack slot to memory mapping:
stack at sp + 0 slots: 0x00007f3fbc01c000 is a thread
stack at sp + 1 slots: 0x0 is NULL
stack at sp + 2 slots: 0x00007f3fbc01c000 is a thread
stack at sp + 3 slots: 0x00007f3fbc1a15f0 points into unknown readable memory: 0x000000008d5cb4d0 | d0 b4 5c 8d 00 00 00 00
stack at sp + 4 slots: 0x0000000000000002 is an unknown value
stack at sp + 5 slots: 0x0000000000000001 is an unknown value
stack at sp + 6 slots: 0x00007f3fbc4c5b00 points into unknown readable memory: 0x0000000000000064 | 64 00 00 00 00 00 00 00
stack at sp + 7 slots: 0x00007f3fbc1a15f0 points into unknown readable memory: 0x000000008d5cb4d0 | d0 b4 5c 8d 00 00 00 00


---------------  P R O C E S S  ---------------

Threads class SMR info:
_java_thread_list=0x00007f3f5403b2e0, length=16, elements={
0x00007f3fbc01c000, 0x00007f3fbc1a3000, 0x00007f3fbc1a5000, 0x00007f3fbc1a9800,
0x00007f3fbc1ab800, 0x00007f3fbc1ad800, 0x00007f3fbc1af800, 0x00007f3fbc1b1800,
0x00007f3f7001b800, 0x00007f3fbc1d8000, 0x00007f3fbc228800, 0x00007f3fbc22d800,
0x00007f3f58001800, 0x00007f3f70194000, 0x00007f3fbc3d4000, 0x00007f3f5403a800
}

Java Threads: ( => current thread )
=>0x00007f3fbc01c000 JavaThread "main" [_thread_in_native, id=55545, stack(0x00007f3fc35e2000,0x00007f3fc36e3000)]
  0x00007f3fbc1a3000 JavaThread "Reference Handler" daemon [_thread_blocked, id=55560, stack(0x00007f3fc0087000,0x00007f3fc0188000)]
  0x00007f3fbc1a5000 JavaThread "Finalizer" daemon [_thread_blocked, id=55562, stack(0x00007f3fa46cf000,0x00007f3fa47d0000)]
  0x00007f3fbc1a9800 JavaThread "Signal Dispatcher" daemon [_thread_blocked, id=55563, stack(0x00007f3fa45ce000,0x00007f3fa46cf000)]
  0x00007f3fbc1ab800 JavaThread "Service Thread" daemon [_thread_blocked, id=55564, stack(0x00007f3fa44cd000,0x00007f3fa45ce000)]
  0x00007f3fbc1ad800 JavaThread "C2 CompilerThread0" daemon [_thread_blocked, id=55565, stack(0x00007f3fa43cc000,0x00007f3fa44cd000)]
  0x00007f3fbc1af800 JavaThread "C1 CompilerThread0" daemon [_thread_blocked, id=55566, stack(0x00007f3fa42cb000,0x00007f3fa43cc000)]
  0x00007f3fbc1b1800 JavaThread "Sweeper thread" daemon [_thread_blocked, id=55567, stack(0x00007f3fa41ca000,0x00007f3fa42cb000)]
  0x00007f3f7001b800 JavaThread "C1 CompilerThread1" daemon [_thread_blocked, id=55569, stack(0x00007f3fa40c9000,0x00007f3fa41ca000)]
  0x00007f3fbc1d8000 JavaThread "Common-Cleaner" daemon [_thread_blocked, id=55571, stack(0x00007f3f9c24f000,0x00007f3f9c350000)]
  0x00007f3fbc228800 JavaThread "JDWP Transport Listener: dt_socket" daemon [_thread_blocked, id=55576, stack(0x00007f3f956ff000,0x00007f3f95800000)]
  0x00007f3fbc22d800 JavaThread "JDWP Event Helper Thread" daemon [_thread_blocked, id=55577, stack(0x00007f3f955fe000,0x00007f3f956ff000)]
  0x00007f3f58001800 JavaThread "JDWP Command Reader" daemon [_thread_in_native, id=55580, stack(0x00007f3f954fd000,0x00007f3f955fe000)]
  0x00007f3f70194000 JavaThread "C1 CompilerThread2" daemon [_thread_blocked, id=55589, stack(0x00007f3f9c04d000,0x00007f3f9c14e000)]
  0x00007f3fbc3d4000 JavaThread "JavaCPP Deallocator" daemon [_thread_blocked, id=55594, stack(0x00007f3f953fc000,0x00007f3f954fd000)]
  0x00007f3f5403a800 JavaThread "C2 CompilerThread1" daemon [_thread_blocked, id=55596, stack(0x00007f3f952fb000,0x00007f3f953fc000)]

Other Threads:
  0x00007f3fbc1a0000 VMThread "VM Thread" [stack: 0x00007f3fc0189000,0x00007f3fc0289000] [id=55559]
  0x00007f3fbc23e800 WatcherThread [stack: 0x00007f3f9c14f000,0x00007f3f9c24f000] [id=55588]
  0x00007f3fbc035800 GCTaskThread "GC Thread#0" [stack: 0x00007f3fc2d9f000,0x00007f3fc2e9f000] [id=55548]
  0x00007f3fbc066800 ConcurrentGCThread "G1 Main Marker" [stack: 0x00007f3fc1376000,0x00007f3fc1476000] [id=55549]
  0x00007f3fbc068800 ConcurrentGCThread "G1 Conc#0" [stack: 0x00007f3fc1275000,0x00007f3fc1375000] [id=55551]
  0x00007f3fbc104800 ConcurrentGCThread "G1 Refine#0" [stack: 0x00007f3fc0467000,0x00007f3fc0567000] [id=55552]
  0x00007f3fbc106800 ConcurrentGCThread "G1 Young RemSet Sampling" [stack: 0x00007f3fc0366000,0x00007f3fc0466000] [id=55553]

Threads with active compile tasks:

VM state:not at safepoint (normal execution)

VM Mutex/Monitor currently owned by a thread: None

Heap address: 0x0000000086a00000, size: 1942 MB, Compressed Oops mode: 32-bit
Narrow klass base: 0x0000000800000000, Narrow klass shift: 3
Compressed class space size: 1073741824 Address: 0x0000000840000000

Heap:
 garbage-first heap   total 126976K, used 14032K [0x0000000086a00000, 0x0000000100000000)
  region size 1024K, 15 young (15360K), 0 survivors (0K)
 Metaspace       used 4025K, capacity 6623K, committed 6912K, reserved 1056768K
  class space    used 437K, capacity 696K, committed 768K, reserved 1048576K
Heap Regions: E=young(eden), S=young(survivor), O=old, HS=humongous(starts), HC=humongous(continues), CS=collection set, F=free, A=archive, TAMS=top-at-mark-start (previous, next)
|   0|0x0000000086a00000, 0x0000000086a00000, 0x0000000086b00000|  0%| F|  |TAMS 0x0000000086a00000, 0x0000000086a00000| Untracked 
|   1|0x0000000086b00000, 0x0000000086b00000, 0x0000000086c00000|  0%| F|  |TAMS 0x0000000086b00000, 0x0000000086b00000| Untracked 
|   2|0x0000000086c00000, 0x0000000086c00000, 0x0000000086d00000|  0%| F|  |TAMS 0x0000000086c00000, 0x0000000086c00000| Untracked 
|   3|0x0000000086d00000, 0x0000000086d00000, 0x0000000086e00000|  0%| F|  |TAMS 0x0000000086d00000, 0x0000000086d00000| Untracked 
|   4|0x0000000086e00000, 0x0000000086e00000, 0x0000000086f00000|  0%| F|  |TAMS 0x0000000086e00000, 0x0000000086e00000| Untracked 
|   5|0x0000000086f00000, 0x0000000086f00000, 0x0000000087000000|  0%| F|  |TAMS 0x0000000086f00000, 0x0000000086f00000| Untracked 
|   6|0x0000000087000000, 0x0000000087000000, 0x0000000087100000|  0%| F|  |TAMS 0x0000000087000000, 0x0000000087000000| Untracked 
|   7|0x0000000087100000, 0x0000000087100000, 0x0000000087200000|  0%| F|  |TAMS 0x0000000087100000, 0x0000000087100000| Untracked 
|   8|0x0000000087200000, 0x0000000087200000, 0x0000000087300000|  0%| F|  |TAMS 0x0000000087200000, 0x0000000087200000| Untracked 
|   9|0x0000000087300000, 0x0000000087300000, 0x0000000087400000|  0%| F|  |TAMS 0x0000000087300000, 0x0000000087300000| Untracked 
|  10|0x0000000087400000, 0x0000000087400000, 0x0000000087500000|  0%| F|  |TAMS 0x0000000087400000, 0x0000000087400000| Untracked 
|  11|0x0000000087500000, 0x0000000087500000, 0x0000000087600000|  0%| F|  |TAMS 0x0000000087500000, 0x0000000087500000| Untracked 
|  12|0x0000000087600000, 0x0000000087600000, 0x0000000087700000|  0%| F|  |TAMS 0x0000000087600000, 0x0000000087600000| Untracked 
|  13|0x0000000087700000, 0x0000000087700000, 0x0000000087800000|  0%| F|  |TAMS 0x0000000087700000, 0x0000000087700000| Untracked 
|  14|0x0000000087800000, 0x0000000087800000, 0x0000000087900000|  0%| F|  |TAMS 0x0000000087800000, 0x0000000087800000| Untracked 
|  15|0x0000000087900000, 0x0000000087900000, 0x0000000087a00000|  0%| F|  |TAMS 0x0000000087900000, 0x0000000087900000| Untracked 
|  16|0x0000000087a00000, 0x0000000087a00000, 0x0000000087b00000|  0%| F|  |TAMS 0x0000000087a00000, 0x0000000087a00000| Untracked 
|  17|0x0000000087b00000, 0x0000000087b00000, 0x0000000087c00000|  0%| F|  |TAMS 0x0000000087b00000, 0x0000000087b00000| Untracked 
|  18|0x0000000087c00000, 0x0000000087c00000, 0x0000000087d00000|  0%| F|  |TAMS 0x0000000087c00000, 0x0000000087c00000| Untracked 
|  19|0x0000000087d00000, 0x0000000087d00000, 0x0000000087e00000|  0%| F|  |TAMS 0x0000000087d00000, 0x0000000087d00000| Untracked 
|  20|0x0000000087e00000, 0x0000000087e00000, 0x0000000087f00000|  0%| F|  |TAMS 0x0000000087e00000, 0x0000000087e00000| Untracked 
|  21|0x0000000087f00000, 0x0000000087f00000, 0x0000000088000000|  0%| F|  |TAMS 0x0000000087f00000, 0x0000000087f00000| Untracked 
|  22|0x0000000088000000, 0x0000000088000000, 0x0000000088100000|  0%| F|  |TAMS 0x0000000088000000, 0x0000000088000000| Untracked 
|  23|0x0000000088100000, 0x0000000088100000, 0x0000000088200000|  0%| F|  |TAMS 0x0000000088100000, 0x0000000088100000| Untracked 
|  24|0x0000000088200000, 0x0000000088200000, 0x0000000088300000|  0%| F|  |TAMS 0x0000000088200000, 0x0000000088200000| Untracked 
|  25|0x0000000088300000, 0x0000000088300000, 0x0000000088400000|  0%| F|  |TAMS 0x0000000088300000, 0x0000000088300000| Untracked 
|  26|0x0000000088400000, 0x0000000088400000, 0x0000000088500000|  0%| F|  |TAMS 0x0000000088400000, 0x0000000088400000| Untracked 
|  27|0x0000000088500000, 0x0000000088500000, 0x0000000088600000|  0%| F|  |TAMS 0x0000000088500000, 0x0000000088500000| Untracked 
|  28|0x0000000088600000, 0x0000000088600000, 0x0000000088700000|  0%| F|  |TAMS 0x0000000088600000, 0x0000000088600000| Untracked 
|  29|0x0000000088700000, 0x0000000088700000, 0x0000000088800000|  0%| F|  |TAMS 0x0000000088700000, 0x0000000088700000| Untracked 
|  30|0x0000000088800000, 0x0000000088800000, 0x0000000088900000|  0%| F|  |TAMS 0x0000000088800000, 0x0000000088800000| Untracked 
|  31|0x0000000088900000, 0x0000000088900000, 0x0000000088a00000|  0%| F|  |TAMS 0x0000000088900000, 0x0000000088900000| Untracked 
|  32|0x0000000088a00000, 0x0000000088a00000, 0x0000000088b00000|  0%| F|  |TAMS 0x0000000088a00000, 0x0000000088a00000| Untracked 
|  33|0x0000000088b00000, 0x0000000088b00000, 0x0000000088c00000|  0%| F|  |TAMS 0x0000000088b00000, 0x0000000088b00000| Untracked 
|  34|0x0000000088c00000, 0x0000000088c00000, 0x0000000088d00000|  0%| F|  |TAMS 0x0000000088c00000, 0x0000000088c00000| Untracked 
|  35|0x0000000088d00000, 0x0000000088d00000, 0x0000000088e00000|  0%| F|  |TAMS 0x0000000088d00000, 0x0000000088d00000| Untracked 
|  36|0x0000000088e00000, 0x0000000088e00000, 0x0000000088f00000|  0%| F|  |TAMS 0x0000000088e00000, 0x0000000088e00000| Untracked 
|  37|0x0000000088f00000, 0x0000000088f00000, 0x0000000089000000|  0%| F|  |TAMS 0x0000000088f00000, 0x0000000088f00000| Untracked 
|  38|0x0000000089000000, 0x0000000089000000, 0x0000000089100000|  0%| F|  |TAMS 0x0000000089000000, 0x0000000089000000| Untracked 
|  39|0x0000000089100000, 0x0000000089100000, 0x0000000089200000|  0%| F|  |TAMS 0x0000000089100000, 0x0000000089100000| Untracked 
|  40|0x0000000089200000, 0x0000000089200000, 0x0000000089300000|  0%| F|  |TAMS 0x0000000089200000, 0x0000000089200000| Untracked 
|  41|0x0000000089300000, 0x0000000089300000, 0x0000000089400000|  0%| F|  |TAMS 0x0000000089300000, 0x0000000089300000| Untracked 
|  42|0x0000000089400000, 0x0000000089400000, 0x0000000089500000|  0%| F|  |TAMS 0x0000000089400000, 0x0000000089400000| Untracked 
|  43|0x0000000089500000, 0x0000000089500000, 0x0000000089600000|  0%| F|  |TAMS 0x0000000089500000, 0x0000000089500000| Untracked 
|  44|0x0000000089600000, 0x0000000089600000, 0x0000000089700000|  0%| F|  |TAMS 0x0000000089600000, 0x0000000089600000| Untracked 
|  45|0x0000000089700000, 0x0000000089700000, 0x0000000089800000|  0%| F|  |TAMS 0x0000000089700000, 0x0000000089700000| Untracked 
|  46|0x0000000089800000, 0x0000000089800000, 0x0000000089900000|  0%| F|  |TAMS 0x0000000089800000, 0x0000000089800000| Untracked 
|  47|0x0000000089900000, 0x0000000089900000, 0x0000000089a00000|  0%| F|  |TAMS 0x0000000089900000, 0x0000000089900000| Untracked 
|  48|0x0000000089a00000, 0x0000000089a00000, 0x0000000089b00000|  0%| F|  |TAMS 0x0000000089a00000, 0x0000000089a00000| Untracked 
|  49|0x0000000089b00000, 0x0000000089b00000, 0x0000000089c00000|  0%| F|  |TAMS 0x0000000089b00000, 0x0000000089b00000| Untracked 
|  50|0x0000000089c00000, 0x0000000089c00000, 0x0000000089d00000|  0%| F|  |TAMS 0x0000000089c00000, 0x0000000089c00000| Untracked 
|  51|0x0000000089d00000, 0x0000000089d00000, 0x0000000089e00000|  0%| F|  |TAMS 0x0000000089d00000, 0x0000000089d00000| Untracked 
|  52|0x0000000089e00000, 0x0000000089e00000, 0x0000000089f00000|  0%| F|  |TAMS 0x0000000089e00000, 0x0000000089e00000| Untracked 
|  53|0x0000000089f00000, 0x0000000089f00000, 0x000000008a000000|  0%| F|  |TAMS 0x0000000089f00000, 0x0000000089f00000| Untracked 
|  54|0x000000008a000000, 0x000000008a000000, 0x000000008a100000|  0%| F|  |TAMS 0x000000008a000000, 0x000000008a000000| Untracked 
|  55|0x000000008a100000, 0x000000008a100000, 0x000000008a200000|  0%| F|  |TAMS 0x000000008a100000, 0x000000008a100000| Untracked 
|  56|0x000000008a200000, 0x000000008a200000, 0x000000008a300000|  0%| F|  |TAMS 0x000000008a200000, 0x000000008a200000| Untracked 
|  57|0x000000008a300000, 0x000000008a300000, 0x000000008a400000|  0%| F|  |TAMS 0x000000008a300000, 0x000000008a300000| Untracked 
|  58|0x000000008a400000, 0x000000008a400000, 0x000000008a500000|  0%| F|  |TAMS 0x000000008a400000, 0x000000008a400000| Untracked 
|  59|0x000000008a500000, 0x000000008a500000, 0x000000008a600000|  0%| F|  |TAMS 0x000000008a500000, 0x000000008a500000| Untracked 
|  60|0x000000008a600000, 0x000000008a600000, 0x000000008a700000|  0%| F|  |TAMS 0x000000008a600000, 0x000000008a600000| Untracked 
|  61|0x000000008a700000, 0x000000008a700000, 0x000000008a800000|  0%| F|  |TAMS 0x000000008a700000, 0x000000008a700000| Untracked 
|  62|0x000000008a800000, 0x000000008a800000, 0x000000008a900000|  0%| F|  |TAMS 0x000000008a800000, 0x000000008a800000| Untracked 
|  63|0x000000008a900000, 0x000000008a900000, 0x000000008aa00000|  0%| F|  |TAMS 0x000000008a900000, 0x000000008a900000| Untracked 
|  64|0x000000008aa00000, 0x000000008aa00000, 0x000000008ab00000|  0%| F|  |TAMS 0x000000008aa00000, 0x000000008aa00000| Untracked 
|  65|0x000000008ab00000, 0x000000008ab00000, 0x000000008ac00000|  0%| F|  |TAMS 0x000000008ab00000, 0x000000008ab00000| Untracked 
|  66|0x000000008ac00000, 0x000000008ac00000, 0x000000008ad00000|  0%| F|  |TAMS 0x000000008ac00000, 0x000000008ac00000| Untracked 
|  67|0x000000008ad00000, 0x000000008ad00000, 0x000000008ae00000|  0%| F|  |TAMS 0x000000008ad00000, 0x000000008ad00000| Untracked 
|  68|0x000000008ae00000, 0x000000008ae00000, 0x000000008af00000|  0%| F|  |TAMS 0x000000008ae00000, 0x000000008ae00000| Untracked 
|  69|0x000000008af00000, 0x000000008af00000, 0x000000008b000000|  0%| F|  |TAMS 0x000000008af00000, 0x000000008af00000| Untracked 
|  70|0x000000008b000000, 0x000000008b000000, 0x000000008b100000|  0%| F|  |TAMS 0x000000008b000000, 0x000000008b000000| Untracked 
|  71|0x000000008b100000, 0x000000008b100000, 0x000000008b200000|  0%| F|  |TAMS 0x000000008b100000, 0x000000008b100000| Untracked 
|  72|0x000000008b200000, 0x000000008b200000, 0x000000008b300000|  0%| F|  |TAMS 0x000000008b200000, 0x000000008b200000| Untracked 
|  73|0x000000008b300000, 0x000000008b300000, 0x000000008b400000|  0%| F|  |TAMS 0x000000008b300000, 0x000000008b300000| Untracked 
|  74|0x000000008b400000, 0x000000008b400000, 0x000000008b500000|  0%| F|  |TAMS 0x000000008b400000, 0x000000008b400000| Untracked 
|  75|0x000000008b500000, 0x000000008b500000, 0x000000008b600000|  0%| F|  |TAMS 0x000000008b500000, 0x000000008b500000| Untracked 
|  76|0x000000008b600000, 0x000000008b600000, 0x000000008b700000|  0%| F|  |TAMS 0x000000008b600000, 0x000000008b600000| Untracked 
|  77|0x000000008b700000, 0x000000008b700000, 0x000000008b800000|  0%| F|  |TAMS 0x000000008b700000, 0x000000008b700000| Untracked 
|  78|0x000000008b800000, 0x000000008b800000, 0x000000008b900000|  0%| F|  |TAMS 0x000000008b800000, 0x000000008b800000| Untracked 
|  79|0x000000008b900000, 0x000000008b900000, 0x000000008ba00000|  0%| F|  |TAMS 0x000000008b900000, 0x000000008b900000| Untracked 
|  80|0x000000008ba00000, 0x000000008ba00000, 0x000000008bb00000|  0%| F|  |TAMS 0x000000008ba00000, 0x000000008ba00000| Untracked 
|  81|0x000000008bb00000, 0x000000008bb00000, 0x000000008bc00000|  0%| F|  |TAMS 0x000000008bb00000, 0x000000008bb00000| Untracked 
|  82|0x000000008bc00000, 0x000000008bc00000, 0x000000008bd00000|  0%| F|  |TAMS 0x000000008bc00000, 0x000000008bc00000| Untracked 
|  83|0x000000008bd00000, 0x000000008bd00000, 0x000000008be00000|  0%| F|  |TAMS 0x000000008bd00000, 0x000000008bd00000| Untracked 
|  84|0x000000008be00000, 0x000000008be00000, 0x000000008bf00000|  0%| F|  |TAMS 0x000000008be00000, 0x000000008be00000| Untracked 
|  85|0x000000008bf00000, 0x000000008bf00000, 0x000000008c000000|  0%| F|  |TAMS 0x000000008bf00000, 0x000000008bf00000| Untracked 
|  86|0x000000008c000000, 0x000000008c000000, 0x000000008c100000|  0%| F|  |TAMS 0x000000008c000000, 0x000000008c000000| Untracked 
|  87|0x000000008c100000, 0x000000008c100000, 0x000000008c200000|  0%| F|  |TAMS 0x000000008c100000, 0x000000008c100000| Untracked 
|  88|0x000000008c200000, 0x000000008c200000, 0x000000008c300000|  0%| F|  |TAMS 0x000000008c200000, 0x000000008c200000| Untracked 
|  89|0x000000008c300000, 0x000000008c300000, 0x000000008c400000|  0%| F|  |TAMS 0x000000008c300000, 0x000000008c300000| Untracked 
|  90|0x000000008c400000, 0x000000008c400000, 0x000000008c500000|  0%| F|  |TAMS 0x000000008c400000, 0x000000008c400000| Untracked 
|  91|0x000000008c500000, 0x000000008c500000, 0x000000008c600000|  0%| F|  |TAMS 0x000000008c500000, 0x000000008c500000| Untracked 
|  92|0x000000008c600000, 0x000000008c600000, 0x000000008c700000|  0%| F|  |TAMS 0x000000008c600000, 0x000000008c600000| Untracked 
|  93|0x000000008c700000, 0x000000008c700000, 0x000000008c800000|  0%| F|  |TAMS 0x000000008c700000, 0x000000008c700000| Untracked 
|  94|0x000000008c800000, 0x000000008c800000, 0x000000008c900000|  0%| F|  |TAMS 0x000000008c800000, 0x000000008c800000| Untracked 
|  95|0x000000008c900000, 0x000000008c900000, 0x000000008ca00000|  0%| F|  |TAMS 0x000000008c900000, 0x000000008c900000| Untracked 
|  96|0x000000008ca00000, 0x000000008ca00000, 0x000000008cb00000|  0%| F|  |TAMS 0x000000008ca00000, 0x000000008ca00000| Untracked 
|  97|0x000000008cb00000, 0x000000008cb00000, 0x000000008cc00000|  0%| F|  |TAMS 0x000000008cb00000, 0x000000008cb00000| Untracked 
|  98|0x000000008cc00000, 0x000000008cc00000, 0x000000008cd00000|  0%| F|  |TAMS 0x000000008cc00000, 0x000000008cc00000| Untracked 
|  99|0x000000008cd00000, 0x000000008cd00000, 0x000000008ce00000|  0%| F|  |TAMS 0x000000008cd00000, 0x000000008cd00000| Untracked 
| 100|0x000000008ce00000, 0x000000008ce00000, 0x000000008cf00000|  0%| F|  |TAMS 0x000000008ce00000, 0x000000008ce00000| Untracked 
| 101|0x000000008cf00000, 0x000000008cf00000, 0x000000008d000000|  0%| F|  |TAMS 0x000000008cf00000, 0x000000008cf00000| Untracked 
| 102|0x000000008d000000, 0x000000008d000000, 0x000000008d100000|  0%| F|  |TAMS 0x000000008d000000, 0x000000008d000000| Untracked 
| 103|0x000000008d100000, 0x000000008d100000, 0x000000008d200000|  0%| F|  |TAMS 0x000000008d100000, 0x000000008d100000| Untracked 
| 104|0x000000008d200000, 0x000000008d200000, 0x000000008d300000|  0%| F|  |TAMS 0x000000008d200000, 0x000000008d200000| Untracked 
| 105|0x000000008d300000, 0x000000008d300000, 0x000000008d400000|  0%| F|  |TAMS 0x000000008d300000, 0x000000008d300000| Untracked 
| 106|0x000000008d400000, 0x000000008d400000, 0x000000008d500000|  0%| F|  |TAMS 0x000000008d400000, 0x000000008d400000| Untracked 
| 107|0x000000008d500000, 0x000000008d5f6470, 0x000000008d600000| 96%| E|  |TAMS 0x000000008d500000, 0x000000008d500000| Complete 
| 108|0x000000008d600000, 0x000000008d700000, 0x000000008d700000|100%| E|CS|TAMS 0x000000008d600000, 0x000000008d600000| Complete 
| 109|0x000000008d700000, 0x000000008d800000, 0x000000008d800000|100%| E|CS|TAMS 0x000000008d700000, 0x000000008d700000| Complete 
| 110|0x000000008d800000, 0x000000008d900000, 0x000000008d900000|100%| E|CS|TAMS 0x000000008d800000, 0x000000008d800000| Complete 
| 111|0x000000008d900000, 0x000000008da00000, 0x000000008da00000|100%| E|CS|TAMS 0x000000008d900000, 0x000000008d900000| Complete 
| 112|0x000000008da00000, 0x000000008db00000, 0x000000008db00000|100%| E|CS|TAMS 0x000000008da00000, 0x000000008da00000| Complete 
| 113|0x000000008db00000, 0x000000008dc00000, 0x000000008dc00000|100%| E|CS|TAMS 0x000000008db00000, 0x000000008db00000| Complete 
| 114|0x000000008dc00000, 0x000000008dd00000, 0x000000008dd00000|100%| E|  |TAMS 0x000000008dc00000, 0x000000008dc00000| Complete 
| 115|0x000000008dd00000, 0x000000008de00000, 0x000000008de00000|100%| E|CS|TAMS 0x000000008dd00000, 0x000000008dd00000| Complete 
| 116|0x000000008de00000, 0x000000008df00000, 0x000000008df00000|100%| E|CS|TAMS 0x000000008de00000, 0x000000008de00000| Complete 
| 117|0x000000008df00000, 0x000000008e000000, 0x000000008e000000|100%| E|CS|TAMS 0x000000008df00000, 0x000000008df00000| Complete 
| 118|0x000000008e000000, 0x000000008e100000, 0x000000008e100000|100%| E|CS|TAMS 0x000000008e000000, 0x000000008e000000| Complete 
| 119|0x000000008e100000, 0x000000008e200000, 0x000000008e200000|100%| E|CS|TAMS 0x000000008e100000, 0x000000008e100000| Complete 
| 120|0x000000008e200000, 0x000000008e300000, 0x000000008e300000|100%| E|CS|TAMS 0x000000008e200000, 0x000000008e200000| Complete 
| 121|0x000000008e300000, 0x000000008e400000, 0x000000008e400000|100%| E|CS|TAMS 0x000000008e300000, 0x000000008e300000| Complete 
|1940|0x00000000ffe00000, 0x00000000ffe48000, 0x00000000fff00000| 28%|OA|  |TAMS 0x00000000ffe00000, 0x00000000ffe00000| Untracked 
|1941|0x00000000fff00000, 0x00000000fff6c000, 0x0000000100000000| 42%|CA|  |TAMS 0x00000000fff00000, 0x00000000fff00000| Untracked 

Card table byte_map: [0x00007f3fc18fb000,0x00007f3fc1cc6000] _byte_map_base: 0x00007f3fc14c6000

Marking Bits (Prev, Next): (CMBitMap*) 0x00007f3fbc05e3d8, (CMBitMap*) 0x00007f3fbc05e410
 Prev Bits: [0x00007f3f9e1a8000, 0x00007f3fa0000000)
 Next Bits: [0x00007f3f9c350000, 0x00007f3f9e1a8000)

Polling page: 0x00007f3fc3596000

Metaspace:

Usage:
  Non-class:      5.79 MB capacity,     3.50 MB ( 61%) used,     2.28 MB ( 39%) free+waste,     7.44 KB ( <1%) overhead. 
      Class:    696.00 KB capacity,   437.80 KB ( 63%) used,   254.38 KB ( 37%) free+waste,     3.81 KB ( <1%) overhead. 
       Both:      6.47 MB capacity,     3.93 MB ( 61%) used,     2.53 MB ( 39%) free+waste,    11.25 KB ( <1%) overhead. 

Virtual space:
  Non-class space:        8.00 MB reserved,       6.00 MB ( 75%) committed 
      Class space:        1.00 GB reserved,     768.00 KB ( <1%) committed 
             Both:        1.01 GB reserved,       6.75 MB ( <1%) committed 

Chunk freelists:
   Non-Class:  25.00 KB
       Class:  8.00 KB
        Both:  33.00 KB

MaxMetaspaceSize: unlimited
CompressedClassSpaceSize: 1.00 GB
Initial GC threshold: 20.80 MB
Current GC threshold: 20.80 MB
CDS: on

CodeHeap 'non-profiled nmethods': size=119172Kb used=247Kb max_used=247Kb free=118924Kb
 bounds [0x00007f3fac36f000, 0x00007f3fac5df000, 0x00007f3fb37d0000]
CodeHeap 'profiled nmethods': size=119168Kb used=1851Kb max_used=1851Kb free=117316Kb
 bounds [0x00007f3fa4f0f000, 0x00007f3fa517f000, 0x00007f3fac36f000]
CodeHeap 'non-nmethods': size=7420Kb used=2331Kb max_used=2352Kb free=5089Kb
 bounds [0x00007f3fa47d0000, 0x00007f3fa4a40000, 0x00007f3fa4f0f000]
 total_blobs=1336 nmethods=936 adapters=320
 compilation: enabled
              stopped_count=0, restarted_count=0
 full_count=0

Compilation events (20 events):
Event: 0.606 Thread 0x00007f3f7001b800  920       3       java.lang.invoke.MemberName::checkForTypeAlias (168 bytes)
Event: 0.606 Thread 0x00007f3fbc1af800 nmethod 927 0x00007f3fa50cc010 code [0x00007f3fa50cc200, 0x00007f3fa50cc7a0]
Event: 0.606 Thread 0x00007f3fbc1af800  921       3       java.lang.invoke.LambdaForm$Name::<init> (44 bytes)
Event: 0.607 Thread 0x00007f3fbc1af800 nmethod 921 0x00007f3fa50cc990 code [0x00007f3fa50ccbc0, 0x00007f3fa50cd1a0]
Event: 0.607 Thread 0x00007f3fbc1af800  931       3       java.util.ImmutableCollections$ListN::size (6 bytes)
Event: 0.607 Thread 0x00007f3fbc1af800 nmethod 931 0x00007f3fa50cd490 code [0x00007f3fa50cd640, 0x00007f3fa50cd770]
Event: 0.607 Thread 0x00007f3fbc1af800  922       3       java.lang.invoke.LambdaForm$NamedFunction::returnType (11 bytes)
Event: 0.608 Thread 0x00007f3fbc1af800 nmethod 922 0x00007f3fa50cd810 code [0x00007f3fa50cda20, 0x00007f3fa50cdec0]
Event: 0.608 Thread 0x00007f3fbc1af800  933       3       java.lang.invoke.InvokerBytecodeGenerator::emitImplicitConversion (159 bytes)
Event: 0.608 Thread 0x00007f3f7001b800 nmethod 920 0x00007f3fa50ce110 code [0x00007f3fa50ce5e0, 0x00007f3fa50d0910]
Event: 0.608 Thread 0x00007f3f7001b800  935       3       java.util.Arrays::copyOf (10 bytes)
Event: 0.608 Thread 0x00007f3f7001b800 nmethod 935 0x00007f3fa50d1410 code [0x00007f3fa50d15c0, 0x00007f3fa50d1720]
Event: 0.608 Thread 0x00007f3f7001b800  934       3       jdk.internal.org.objectweb.asm.Frame::get (46 bytes)
Event: 0.608 Thread 0x00007f3f7001b800 nmethod 934 0x00007f3fa50d1810 code [0x00007f3fa50d19c0, 0x00007f3fa50d1bd0]
Event: 0.608 Thread 0x00007f3f7001b800  929       3       java.lang.invoke.MethodType$ConcurrentWeakInternSet$WeakEntry::<init> (15 bytes)
Event: 0.609 Thread 0x00007f3f7001b800 nmethod 929 0x00007f3fa50db910 code [0x00007f3fa50dbb00, 0x00007f3fa50dbf40]
Event: 0.609 Thread 0x00007f3f70194000 nmethod 899 0x00007f3fa50d1c90 code [0x00007f3fa50d2b40, 0x00007f3fa50d98d0]
Event: 0.609 Thread 0x00007f3f7001b800  930       3       java.lang.invoke.LambdaForm::forceInterpretation (14 bytes)
Event: 0.609 Thread 0x00007f3fbc1af800 nmethod 933 0x00007f3fa50dc090 code [0x00007f3fa50dc3e0, 0x00007f3fa50dd4d0]
Event: 0.609 Thread 0x00007f3f7001b800 nmethod 930 0x00007f3fa50dda90 code [0x00007f3fa50ddc40, 0x00007f3fa50dddb0]

GC Heap History (0 events):
No events

Deoptimization events (20 events):
Event: 0.538 Thread 0x00007f3fbc01c000 DEOPT PACKING pc=0x00007f3fa4f5ab4f sp=0x00007f3fc36e05a0
Event: 0.538 Thread 0x00007f3fbc01c000 DEOPT UNPACKING pc=0x00007f3fa481a64a sp=0x00007f3fc36dfa48 mode 0
Event: 0.540 Thread 0x00007f3fbc01c000 DEOPT PACKING pc=0x00007f3fa4f5ab4f sp=0x00007f3fc36e05a0
Event: 0.540 Thread 0x00007f3fbc01c000 DEOPT UNPACKING pc=0x00007f3fa481a64a sp=0x00007f3fc36dfa48 mode 0
Event: 0.594 Thread 0x00007f3fbc01c000 Uncommon trap: trap_request=0xffffffc6 fr.pc=0x00007f3fac378e24 relative=0x0000000000000084
Event: 0.594 Thread 0x00007f3fbc01c000 Uncommon trap: reason=bimorphic_or_optimized_type_check action=maybe_recompile pc=0x00007f3fac378e24 method=java.util.AbstractCollection.isEmpty()Z @ 1 c2
Event: 0.594 Thread 0x00007f3fbc01c000 DEOPT PACKING pc=0x00007f3fac378e24 sp=0x00007f3fc36e0220
Event: 0.594 Thread 0x00007f3fbc01c000 DEOPT UNPACKING pc=0x00007f3fa4819ea5 sp=0x00007f3fc36e01e0 mode 2
Event: 0.594 Thread 0x00007f3fbc01c000 Uncommon trap: trap_request=0xffffffc6 fr.pc=0x00007f3fac378e24 relative=0x0000000000000084
Event: 0.594 Thread 0x00007f3fbc01c000 Uncommon trap: reason=bimorphic_or_optimized_type_check action=maybe_recompile pc=0x00007f3fac378e24 method=java.util.AbstractCollection.isEmpty()Z @ 1 c2
Event: 0.594 Thread 0x00007f3fbc01c000 DEOPT PACKING pc=0x00007f3fac378e24 sp=0x00007f3fc36e03f0
Event: 0.594 Thread 0x00007f3fbc01c000 DEOPT UNPACKING pc=0x00007f3fa4819ea5 sp=0x00007f3fc36e03b0 mode 2
Event: 0.595 Thread 0x00007f3fbc01c000 Uncommon trap: trap_request=0xffffffc6 fr.pc=0x00007f3fac378e24 relative=0x0000000000000084
Event: 0.595 Thread 0x00007f3fbc01c000 Uncommon trap: reason=bimorphic_or_optimized_type_check action=maybe_recompile pc=0x00007f3fac378e24 method=java.util.AbstractCollection.isEmpty()Z @ 1 c2
Event: 0.595 Thread 0x00007f3fbc01c000 DEOPT PACKING pc=0x00007f3fac378e24 sp=0x00007f3fc36e0410
Event: 0.595 Thread 0x00007f3fbc01c000 DEOPT UNPACKING pc=0x00007f3fa4819ea5 sp=0x00007f3fc36e03d0 mode 2
Event: 0.596 Thread 0x00007f3fbc01c000 Uncommon trap: trap_request=0xffffffc6 fr.pc=0x00007f3fac378e24 relative=0x0000000000000084
Event: 0.596 Thread 0x00007f3fbc01c000 Uncommon trap: reason=bimorphic_or_optimized_type_check action=maybe_recompile pc=0x00007f3fac378e24 method=java.util.AbstractCollection.isEmpty()Z @ 1 c2
Event: 0.596 Thread 0x00007f3fbc01c000 DEOPT PACKING pc=0x00007f3fac378e24 sp=0x00007f3fc36e0220
Event: 0.596 Thread 0x00007f3fbc01c000 DEOPT UNPACKING pc=0x00007f3fa4819ea5 sp=0x00007f3fc36e01e0 mode 2

Classes redefined (0 events):
No events

Internal exceptions (20 events):
Event: 0.501 Thread 0x00007f3fbc01c000 Exception <a 'java/security/PrivilegedActionException'{0x000000008d8302f0}> (0x000000008d8302f0) thrown at [src/hotspot/share/prims/jvm.cpp, line 1304]
Event: 0.501 Thread 0x00007f3fbc01c000 Exception <a 'java/security/PrivilegedActionException'{0x000000008d830c40}> (0x000000008d830c40) thrown at [src/hotspot/share/prims/jvm.cpp, line 1304]
Event: 0.501 Thread 0x00007f3fbc01c000 Exception <a 'java/security/PrivilegedActionException'{0x000000008d830f10}> (0x000000008d830f10) thrown at [src/hotspot/share/prims/jvm.cpp, line 1304]
Event: 0.501 Thread 0x00007f3fbc01c000 Exception <a 'java/security/PrivilegedActionException'{0x000000008d831898}> (0x000000008d831898) thrown at [src/hotspot/share/prims/jvm.cpp, line 1304]
Event: 0.501 Thread 0x00007f3fbc01c000 Exception <a 'java/security/PrivilegedActionException'{0x000000008d831b68}> (0x000000008d831b68) thrown at [src/hotspot/share/prims/jvm.cpp, line 1304]
Event: 0.502 Thread 0x00007f3fbc01c000 Exception <a 'java/security/PrivilegedActionException'{0x000000008d8324d8}> (0x000000008d8324d8) thrown at [src/hotspot/share/prims/jvm.cpp, line 1304]
Event: 0.502 Thread 0x00007f3fbc01c000 Exception <a 'java/security/PrivilegedActionException'{0x000000008d8327a8}> (0x000000008d8327a8) thrown at [src/hotspot/share/prims/jvm.cpp, line 1304]
Event: 0.502 Thread 0x00007f3fbc01c000 Exception <a 'java/security/PrivilegedActionException'{0x000000008d833118}> (0x000000008d833118) thrown at [src/hotspot/share/prims/jvm.cpp, line 1304]
Event: 0.502 Thread 0x00007f3fbc01c000 Exception <a 'java/security/PrivilegedActionException'{0x000000008d8333e8}> (0x000000008d8333e8) thrown at [src/hotspot/share/prims/jvm.cpp, line 1304]
Event: 0.502 Thread 0x00007f3fbc01c000 Exception <a 'java/security/PrivilegedActionException'{0x000000008d833d70}> (0x000000008d833d70) thrown at [src/hotspot/share/prims/jvm.cpp, line 1304]
Event: 0.502 Thread 0x00007f3fbc01c000 Exception <a 'java/security/PrivilegedActionException'{0x000000008d834040}> (0x000000008d834040) thrown at [src/hotspot/share/prims/jvm.cpp, line 1304]
Event: 0.502 Thread 0x00007f3fbc01c000 Exception <a 'java/security/PrivilegedActionException'{0x000000008d8349c8}> (0x000000008d8349c8) thrown at [src/hotspot/share/prims/jvm.cpp, line 1304]
Event: 0.502 Thread 0x00007f3fbc01c000 Exception <a 'java/security/PrivilegedActionException'{0x000000008d834c98}> (0x000000008d834c98) thrown at [src/hotspot/share/prims/jvm.cpp, line 1304]
Event: 0.502 Thread 0x00007f3fbc01c000 Exception <a 'java/security/PrivilegedActionException'{0x000000008d835620}> (0x000000008d835620) thrown at [src/hotspot/share/prims/jvm.cpp, line 1304]
Event: 0.502 Thread 0x00007f3fbc01c000 Exception <a 'java/security/PrivilegedActionException'{0x000000008d8358f0}> (0x000000008d8358f0) thrown at [src/hotspot/share/prims/jvm.cpp, line 1304]
Event: 0.502 Thread 0x00007f3fbc01c000 Exception <a 'java/security/PrivilegedActionException'{0x000000008d836260}> (0x000000008d836260) thrown at [src/hotspot/share/prims/jvm.cpp, line 1304]
Event: 0.502 Thread 0x00007f3fbc01c000 Exception <a 'java/security/PrivilegedActionException'{0x000000008d836530}> (0x000000008d836530) thrown at [src/hotspot/share/prims/jvm.cpp, line 1304]
Event: 0.502 Thread 0x00007f3fbc01c000 Exception <a 'java/security/PrivilegedActionException'{0x000000008d836eb8}> (0x000000008d836eb8) thrown at [src/hotspot/share/prims/jvm.cpp, line 1304]
Event: 0.502 Thread 0x00007f3fbc01c000 Exception <a 'java/security/PrivilegedActionException'{0x000000008d837188}> (0x000000008d837188) thrown at [src/hotspot/share/prims/jvm.cpp, line 1304]
Event: 0.608 Thread 0x00007f3fbc01c000 Exception <a 'java/lang/NoSuchMethodError'{0x000000008d5c4220}: 'java.lang.Object java.lang.invoke.DirectMethodHandle$Holder.invokeVirtual(java.lang.Object, java.lang.Object, java.lang.Object)'> (0x000000008d5c4220) thrown at [src/hotspot/share/interpreter/linkResolver.cpp, line 772]

Events (20 events):
Event: 0.596 loading class java/lang/invoke/BoundMethodHandle$Species_LLL
Event: 0.596 loading class java/lang/invoke/BoundMethodHandle$Species_LLL done
Event: 0.597 loading class java/lang/invoke/BoundMethodHandle$Species_LLLL
Event: 0.597 loading class java/lang/invoke/BoundMethodHandle$Species_LLLL done
Event: 0.599 loading class java/lang/invoke/BoundMethodHandle$Species_LLLLL
Event: 0.599 loading class java/lang/invoke/BoundMethodHandle$Species_LLLLL done
Event: 0.601 loading class java/lang/invoke/BoundMethodHandle$Species_LLLLLL
Event: 0.601 loading class java/lang/invoke/BoundMethodHandle$Species_LLLLLL done
Event: 0.602 loading class java/lang/invoke/BoundMethodHandle$Species_LLLLLLI
Event: 0.602 loading class java/lang/invoke/BoundMethodHandle$Species_LLLLLLI done
Event: 0.604 loading class java/lang/invoke/BoundMethodHandle$Species_LLLLLLII
Event: 0.604 loading class java/lang/invoke/BoundMethodHandle$Species_LLLLLLII done
Event: 0.605 loading class java/lang/invoke/BoundMethodHandle$Species_LLLLLLIIL
Event: 0.606 loading class java/lang/invoke/BoundMethodHandle$Species_LLLLLLIIL done
Event: 0.607 loading class org/antlr/v4/runtime/tree/ParseTree
Event: 0.607 loading class org/antlr/v4/runtime/tree/ParseTree done
Event: 0.608 loading class SysYParser$BlockItemContext
Event: 0.608 loading class SysYParser$BlockItemContext done
Event: 0.608 loading class LLVMIRVisitor
Event: 0.608 loading class LLVMIRVisitor done


Dynamic libraries:
86a00000-8e400000 rw-p 00000000 00:00 0 
8e400000-ffe00000 ---p 00000000 00:00 0 
ffe00000-ffe48000 rw-p 00b14000 08:40 42002                              /usr/lib/jvm/java-11-openjdk-amd64/lib/server/classes.jsa
ffe48000-fff00000 rw-p 00000000 00:00 0 
fff00000-fff6c000 rw-p 00aa8000 08:40 42002                              /usr/lib/jvm/java-11-openjdk-amd64/lib/server/classes.jsa
fff6c000-100000000 rw-p 00000000 00:00 0 
800000000-800002000 rwxp 00001000 08:40 42002                            /usr/lib/jvm/java-11-openjdk-amd64/lib/server/classes.jsa
800002000-800aa7000 rw-p 00003000 08:40 42002                            /usr/lib/jvm/java-11-openjdk-amd64/lib/server/classes.jsa
840000000-8400c0000 rw-p 00000000 00:00 0 
8400c0000-880000000 ---p 00000000 00:00 0 
5619efeda000-5619efedb000 r--p 00000000 08:40 42022                      /usr/lib/jvm/java-11-openjdk-amd64/bin/java
5619efedb000-5619efedc000 r-xp 00001000 08:40 42022                      /usr/lib/jvm/java-11-openjdk-amd64/bin/java
5619efedc000-5619efedd000 r--p 00002000 08:40 42022                      /usr/lib/jvm/java-11-openjdk-amd64/bin/java
5619efedd000-5619efede000 r--p 00002000 08:40 42022                      /usr/lib/jvm/java-11-openjdk-amd64/bin/java
5619efede000-5619efedf000 rw-p 00003000 08:40 42022                      /usr/lib/jvm/java-11-openjdk-amd64/bin/java
5619f1368000-5619f1389000 rw-p 00000000 00:00 0                          [heap]
7f3f3d52c000-7f3f3de52000 r--p 00000000 08:40 84032                      /home/w/.javacpp/cache/llvm-13.0.1-1.5.7-linux-x86_64.jar/org/bytedeco/llvm/linux-x86_64/libLLVM-13.so
7f3f3de52000-7f3f41815000 r-xp 00926000 08:40 84032                      /home/w/.javacpp/cache/llvm-13.0.1-1.5.7-linux-x86_64.jar/org/bytedeco/llvm/linux-x86_64/libLLVM-13.so
7f3f41815000-7f3f43a6a000 r--p 042e9000 08:40 84032                      /home/w/.javacpp/cache/llvm-13.0.1-1.5.7-linux-x86_64.jar/org/bytedeco/llvm/linux-x86_64/libLLVM-13.so
7f3f43a6a000-7f3f43f7f000 r--p 0653d000 08:40 84032                      /home/w/.javacpp/cache/llvm-13.0.1-1.5.7-linux-x86_64.jar/org/bytedeco/llvm/linux-x86_64/libLLVM-13.so
7f3f43f7f000-7f3f43f8a000 rw-p 06a52000 08:40 84032                      /home/w/.javacpp/cache/llvm-13.0.1-1.5.7-linux-x86_64.jar/org/bytedeco/llvm/linux-x86_64/libLLVM-13.so
7f3f43f8a000-7f3f44000000 rw-p 00000000 00:00 0 
7f3f44000000-7f3f44021000 rw-p 00000000 00:00 0 
7f3f44021000-7f3f48000000 ---p 00000000 00:00 0 
7f3f48000000-7f3f48029000 rw-p 00000000 00:00 0 
7f3f48029000-7f3f4c000000 ---p 00000000 00:00 0 
7f3f4c000000-7f3f4c021000 rw-p 00000000 00:00 0 
7f3f4c021000-7f3f50000000 ---p 00000000 00:00 0 
7f3f50000000-7f3f50021000 rw-p 00000000 00:00 0 
7f3f50021000-7f3f54000000 ---p 00000000 00:00 0 
7f3f54000000-7f3f5410f000 rw-p 00000000 00:00 0 
7f3f5410f000-7f3f58000000 ---p 00000000 00:00 0 
7f3f58000000-7f3f58028000 rw-p 00000000 00:00 0 
7f3f58028000-7f3f5c000000 ---p 00000000 00:00 0 
7f3f5c000000-7f3f5c021000 rw-p 00000000 00:00 0 
7f3f5c021000-7f3f60000000 ---p 00000000 00:00 0 
7f3f60000000-7f3f60080000 rw-p 00000000 00:00 0 
7f3f60080000-7f3f64000000 ---p 00000000 00:00 0 
7f3f64000000-7f3f64021000 rw-p 00000000 00:00 0 
7f3f64021000-7f3f68000000 ---p 00000000 00:00 0 
7f3f68000000-7f3f68201000 rw-p 00000000 00:00 0 
7f3f68201000-7f3f6c000000 ---p 00000000 00:00 0 
7f3f6c000000-7f3f6c23c000 rw-p 00000000 00:00 0 
7f3f6c23c000-7f3f70000000 ---p 00000000 00:00 0 
7f3f70000000-7f3f7019f000 rw-p 00000000 00:00 0 
7f3f7019f000-7f3f74000000 ---p 00000000 00:00 0 
7f3f74000000-7f3f74021000 rw-p 00000000 00:00 0 
7f3f74021000-7f3f78000000 ---p 00000000 00:00 0 
7f3f78000000-7f3f78021000 rw-p 00000000 00:00 0 
7f3f78021000-7f3f7c000000 ---p 00000000 00:00 0 
7f3f7c000000-7f3f7c021000 rw-p 00000000 00:00 0 
7f3f7c021000-7f3f80000000 ---p 00000000 00:00 0 
7f3f80000000-7f3f80021000 rw-p 00000000 00:00 0 
7f3f80021000-7f3f84000000 ---p 00000000 00:00 0 
7f3f84000000-7f3f84021000 rw-p 00000000 00:00 0 
7f3f84021000-7f3f88000000 ---p 00000000 00:00 0 
7f3f88000000-7f3f88021000 rw-p 00000000 00:00 0 
7f3f88021000-7f3f8c000000 ---p 00000000 00:00 0 
7f3f8c000000-7f3f8c021000 rw-p 00000000 00:00 0 
7f3f8c021000-7f3f90000000 ---p 00000000 00:00 0 
7f3f90000000-7f3f90021000 rw-p 00000000 00:00 0 
7f3f90021000-7f3f94000000 ---p 00000000 00:00 0 
7f3f951f5000-7f3f9525a000 r--p 00000000 08:40 84037                      /home/w/.javacpp/cache/llvm-13.0.1-1.5.7-linux-x86_64.jar/org/bytedeco/llvm/linux-x86_64/libjniLLVM.so
7f3f9525a000-7f3f952c8000 r-xp 00065000 08:40 84037                      /home/w/.javacpp/cache/llvm-13.0.1-1.5.7-linux-x86_64.jar/org/bytedeco/llvm/linux-x86_64/libjniLLVM.so
7f3f952c8000-7f3f952f3000 r--p 000d3000 08:40 84037                      /home/w/.javacpp/cache/llvm-13.0.1-1.5.7-linux-x86_64.jar/org/bytedeco/llvm/linux-x86_64/libjniLLVM.so
7f3f952f3000-7f3f952f6000 r--p 000fd000 08:40 84037                      /home/w/.javacpp/cache/llvm-13.0.1-1.5.7-linux-x86_64.jar/org/bytedeco/llvm/linux-x86_64/libjniLLVM.so
7f3f952f6000-7f3f952f9000 rw-p 00100000 08:40 84037                      /home/w/.javacpp/cache/llvm-13.0.1-1.5.7-linux-x86_64.jar/org/bytedeco/llvm/linux-x86_64/libjniLLVM.so
7f3f952f9000-7f3f952fb000 rw-p 00000000 00:00 0 
7f3f952fb000-7f3f952ff000 ---p 00000000 00:00 0 
7f3f952ff000-7f3f953fc000 rw-p 00000000 00:00 0 
7f3f953fc000-7f3f95400000 ---p 00000000 00:00 0 
7f3f95400000-7f3f954fd000 rw-p 00000000 00:00 0 
7f3f954fd000-7f3f95501000 ---p 00000000 00:00 0 
7f3f95501000-7f3f955fe000 rw-p 00000000 00:00 0 
7f3f955fe000-7f3f95602000 ---p 00000000 00:00 0 
7f3f95602000-7f3f956ff000 rw-p 00000000 00:00 0 
7f3f956ff000-7f3f95703000 ---p 00000000 00:00 0 
7f3f95703000-7f3f95e00000 rw-p 00000000 00:00 0 
7f3f95e00000-7f3f96000000 ---p 00000000 00:00 0 
7f3f96000000-7f3f98000000 rw-p 00000000 00:00 0 
7f3f98000000-7f3f98021000 rw-p 00000000 00:00 0 
7f3f98021000-7f3f9c000000 ---p 00000000 00:00 0 
7f3f9c04d000-7f3f9c051000 ---p 00000000 00:00 0 
7f3f9c051000-7f3f9c14e000 rw-p 00000000 00:00 0 
7f3f9c14e000-7f3f9c152000 ---p 00000000 00:00 0 
7f3f9c152000-7f3f9c24f000 rw-p 00000000 00:00 0 
7f3f9c24f000-7f3f9c253000 ---p 00000000 00:00 0 
7f3f9c253000-7f3f9c538000 rw-p 00000000 00:00 0 
7f3f9c538000-7f3f9e1a0000 ---p 00000000 00:00 0 
7f3f9e1a0000-7f3f9e390000 rw-p 00000000 00:00 0 
7f3f9e390000-7f3f9fff8000 ---p 00000000 00:00 0 
7f3f9fff8000-7f3fa0000000 rw-p 00000000 00:00 0 
7f3fa0000000-7f3fa0021000 rw-p 00000000 00:00 0 
7f3fa0021000-7f3fa4000000 ---p 00000000 00:00 0 
7f3fa40c9000-7f3fa40cd000 ---p 00000000 00:00 0 
7f3fa40cd000-7f3fa41ca000 rw-p 00000000 00:00 0 
7f3fa41ca000-7f3fa41ce000 ---p 00000000 00:00 0 
7f3fa41ce000-7f3fa42cb000 rw-p 00000000 00:00 0 
7f3fa42cb000-7f3fa42cf000 ---p 00000000 00:00 0 
7f3fa42cf000-7f3fa43cc000 rw-p 00000000 00:00 0 
7f3fa43cc000-7f3fa43d0000 ---p 00000000 00:00 0 
7f3fa43d0000-7f3fa44cd000 rw-p 00000000 00:00 0 
7f3fa44cd000-7f3fa44d1000 ---p 00000000 00:00 0 
7f3fa44d1000-7f3fa45ce000 rw-p 00000000 00:00 0 
7f3fa45ce000-7f3fa45d2000 ---p 00000000 00:00 0 
7f3fa45d2000-7f3fa46cf000 rw-p 00000000 00:00 0 
7f3fa46cf000-7f3fa46d3000 ---p 00000000 00:00 0 
7f3fa46d3000-7f3fa47d0000 rw-p 00000000 00:00 0 
7f3fa47d0000-7f3fa4a40000 rwxp 00000000 00:00 0 
7f3fa4a40000-7f3fa4f0f000 ---p 00000000 00:00 0 
7f3fa4f0f000-7f3fa517f000 rwxp 00000000 00:00 0 
7f3fa517f000-7f3fac36f000 ---p 00000000 00:00 0 
7f3fac36f000-7f3fac5df000 rwxp 00000000 00:00 0 
7f3fac5df000-7f3fb37d0000 ---p 00000000 00:00 0 
7f3fb37d0000-7f3fbc000000 r--s 00000000 08:40 44253                      /usr/lib/jvm/java-11-openjdk-amd64/lib/modules
7f3fbc000000-7f3fbc4c7000 rw-p 00000000 00:00 0 
7f3fbc4c7000-7f3fc0000000 ---p 00000000 00:00 0 
7f3fc0029000-7f3fc002a000 r--p 00000000 08:40 84035                      /home/w/.javacpp/cache/llvm-13.0.1-1.5.7-linux-x86_64.jar/org/bytedeco/llvm/linux-x86_64/libRemarks.so.13
7f3fc002a000-7f3fc002b000 r-xp 00001000 08:40 84035                      /home/w/.javacpp/cache/llvm-13.0.1-1.5.7-linux-x86_64.jar/org/bytedeco/llvm/linux-x86_64/libRemarks.so.13
7f3fc002b000-7f3fc002c000 r--p 00002000 08:40 84035                      /home/w/.javacpp/cache/llvm-13.0.1-1.5.7-linux-x86_64.jar/org/bytedeco/llvm/linux-x86_64/libRemarks.so.13
7f3fc002c000-7f3fc002d000 r--p 00002000 08:40 84035                      /home/w/.javacpp/cache/llvm-13.0.1-1.5.7-linux-x86_64.jar/org/bytedeco/llvm/linux-x86_64/libRemarks.so.13
7f3fc002d000-7f3fc002e000 rw-p 00003000 08:40 84035                      /home/w/.javacpp/cache/llvm-13.0.1-1.5.7-linux-x86_64.jar/org/bytedeco/llvm/linux-x86_64/libRemarks.so.13
7f3fc002e000-7f3fc0035000 r--p 00000000 08:40 84033                      /home/w/.javacpp/cache/llvm-13.0.1-1.5.7-linux-x86_64.jar/org/bytedeco/llvm/linux-x86_64/libLTO.so.13
7f3fc0035000-7f3fc003d000 r-xp 00007000 08:40 84033                      /home/w/.javacpp/cache/llvm-13.0.1-1.5.7-linux-x86_64.jar/org/bytedeco/llvm/linux-x86_64/libLTO.so.13
7f3fc003d000-7f3fc003f000 r--p 0000f000 08:40 84033                      /home/w/.javacpp/cache/llvm-13.0.1-1.5.7-linux-x86_64.jar/org/bytedeco/llvm/linux-x86_64/libLTO.so.13
7f3fc003f000-7f3fc0040000 r--p 00010000 08:40 84033                      /home/w/.javacpp/cache/llvm-13.0.1-1.5.7-linux-x86_64.jar/org/bytedeco/llvm/linux-x86_64/libLTO.so.13
7f3fc0040000-7f3fc0041000 rw-p 00011000 08:40 84033                      /home/w/.javacpp/cache/llvm-13.0.1-1.5.7-linux-x86_64.jar/org/bytedeco/llvm/linux-x86_64/libLTO.so.13
7f3fc0041000-7f3fc0045000 r--p 00000000 08:40 84026                      /home/w/.javacpp/cache/javacpp-1.5.7-linux-x86_64.jar/org/bytedeco/javacpp/linux-x86_64/libjnijavacpp.so
7f3fc0045000-7f3fc004c000 r-xp 00004000 08:40 84026                      /home/w/.javacpp/cache/javacpp-1.5.7-linux-x86_64.jar/org/bytedeco/javacpp/linux-x86_64/libjnijavacpp.so
7f3fc004c000-7f3fc0050000 r--p 0000b000 08:40 84026                      /home/w/.javacpp/cache/javacpp-1.5.7-linux-x86_64.jar/org/bytedeco/javacpp/linux-x86_64/libjnijavacpp.so
7f3fc0050000-7f3fc0051000 r--p 0000e000 08:40 84026                      /home/w/.javacpp/cache/javacpp-1.5.7-linux-x86_64.jar/org/bytedeco/javacpp/linux-x86_64/libjnijavacpp.so
7f3fc0051000-7f3fc0052000 rw-p 0000f000 08:40 84026                      /home/w/.javacpp/cache/javacpp-1.5.7-linux-x86_64.jar/org/bytedeco/javacpp/linux-x86_64/libjnijavacpp.so
7f3fc0052000-7f3fc0056000 r--p 00000000 08:40 42105                      /usr/lib/jvm/java-11-openjdk-amd64/lib/libnet.so
7f3fc0056000-7f3fc0064000 r-xp 00004000 08:40 42105                      /usr/lib/jvm/java-11-openjdk-amd64/lib/libnet.so
7f3fc0064000-7f3fc0068000 r--p 00012000 08:40 42105                      /usr/lib/jvm/java-11-openjdk-amd64/lib/libnet.so
7f3fc0068000-7f3fc0069000 r--p 00015000 08:40 42105                      /usr/lib/jvm/java-11-openjdk-amd64/lib/libnet.so
7f3fc0069000-7f3fc006a000 rw-p 00016000 08:40 42105                      /usr/lib/jvm/java-11-openjdk-amd64/lib/libnet.so
7f3fc006a000-7f3fc0071000 r--p 00000000 08:40 42107                      /usr/lib/jvm/java-11-openjdk-amd64/lib/libnio.so
7f3fc0071000-7f3fc0079000 r-xp 00007000 08:40 42107                      /usr/lib/jvm/java-11-openjdk-amd64/lib/libnio.so
7f3fc0079000-7f3fc007c000 r--p 0000f000 08:40 42107                      /usr/lib/jvm/java-11-openjdk-amd64/lib/libnio.so
7f3fc007c000-7f3fc007d000 r--p 00011000 08:40 42107                      /usr/lib/jvm/java-11-openjdk-amd64/lib/libnio.so
7f3fc007d000-7f3fc007e000 rw-p 00012000 08:40 42107                      /usr/lib/jvm/java-11-openjdk-amd64/lib/libnio.so
7f3fc007e000-7f3fc0080000 r--p 00000000 08:40 42073                      /usr/lib/jvm/java-11-openjdk-amd64/lib/libdt_socket.so
7f3fc0080000-7f3fc0083000 r-xp 00002000 08:40 42073                      /usr/lib/jvm/java-11-openjdk-amd64/lib/libdt_socket.so
7f3fc0083000-7f3fc0084000 r--p 00005000 08:40 42073                      /usr/lib/jvm/java-11-openjdk-amd64/lib/libdt_socket.so
7f3fc0084000-7f3fc0085000 ---p 00006000 08:40 42073                      /usr/lib/jvm/java-11-openjdk-amd64/lib/libdt_socket.so
7f3fc0085000-7f3fc0086000 r--p 00006000 08:40 42073                      /usr/lib/jvm/java-11-openjdk-amd64/lib/libdt_socket.so
7f3fc0086000-7f3fc0087000 rw-p 00007000 08:40 42073                      /usr/lib/jvm/java-11-openjdk-amd64/lib/libdt_socket.so
7f3fc0087000-7f3fc008b000 ---p 00000000 00:00 0 
7f3fc008b000-7f3fc0188000 rw-p 00000000 00:00 0 
7f3fc0188000-7f3fc0189000 ---p 00000000 00:00 0 
7f3fc0189000-7f3fc0365000 rw-p 00000000 00:00 0 
7f3fc0365000-7f3fc0366000 ---p 00000000 00:00 0 
7f3fc0366000-7f3fc0466000 rw-p 00000000 00:00 0 
7f3fc0466000-7f3fc0467000 ---p 00000000 00:00 0 
7f3fc0467000-7f3fc1274000 rw-p 00000000 00:00 0 
7f3fc1274000-7f3fc1275000 ---p 00000000 00:00 0 
7f3fc1275000-7f3fc1375000 rw-p 00000000 00:00 0 
7f3fc1375000-7f3fc1376000 ---p 00000000 00:00 0 
7f3fc1376000-7f3fc156d000 rw-p 00000000 00:00 0 
7f3fc156d000-7f3fc18fa000 ---p 00000000 00:00 0 
7f3fc18fa000-7f3fc1938000 rw-p 00000000 00:00 0 
7f3fc1938000-7f3fc1cc5000 ---p 00000000 00:00 0 
7f3fc1cc5000-7f3fc1d03000 rw-p 00000000 00:00 0 
7f3fc1d03000-7f3fc2090000 ---p 00000000 00:00 0 
7f3fc2090000-7f3fc2d9e000 rw-p 00000000 00:00 0 
7f3fc2d9e000-7f3fc2d9f000 ---p 00000000 00:00 0 
7f3fc2d9f000-7f3fc2ea4000 rw-p 00000000 00:00 0 
7f3fc2ea4000-7f3fc2f88000 ---p 00000000 00:00 0 
7f3fc2f88000-7f3fc2f8d000 rw-p 00000000 00:00 0 
7f3fc2f8d000-7f3fc3071000 ---p 00000000 00:00 0 
7f3fc3071000-7f3fc3076000 rw-p 00000000 00:00 0 
7f3fc3076000-7f3fc3080000 ---p 00000000 00:00 0 
7f3fc3080000-7f3fc3086000 r--s 000f8000 08:40 55851                      /home/w/.cache/JetBrains/RemoteDev/dist/2b05049c6fa27_ideaIU-232.9921.28/plugins/java/lib/rt/debugger-agent.jar
7f3fc3086000-7f3fc3088000 r--p 00000000 08:40 44252                      /usr/lib/jvm/java-11-openjdk-amd64/lib/libzip.so
7f3fc3088000-7f3fc308d000 r-xp 00002000 08:40 44252                      /usr/lib/jvm/java-11-openjdk-amd64/lib/libzip.so
7f3fc308d000-7f3fc308f000 r--p 00007000 08:40 44252                      /usr/lib/jvm/java-11-openjdk-amd64/lib/libzip.so
7f3fc308f000-7f3fc3090000 r--p 00008000 08:40 44252                      /usr/lib/jvm/java-11-openjdk-amd64/lib/libzip.so
7f3fc3090000-7f3fc3091000 rw-p 00009000 08:40 44252                      /usr/lib/jvm/java-11-openjdk-amd64/lib/libzip.so
7f3fc3091000-7f3fc3094000 r--p 00000000 08:40 45289                      /usr/lib/x86_64-linux-gnu/libnss_files-2.31.so
7f3fc3094000-7f3fc309b000 r-xp 00003000 08:40 45289                      /usr/lib/x86_64-linux-gnu/libnss_files-2.31.so
7f3fc309b000-7f3fc309d000 r--p 0000a000 08:40 45289                      /usr/lib/x86_64-linux-gnu/libnss_files-2.31.so
7f3fc309d000-7f3fc309e000 r--p 0000b000 08:40 45289                      /usr/lib/x86_64-linux-gnu/libnss_files-2.31.so
7f3fc309e000-7f3fc309f000 rw-p 0000c000 08:40 45289                      /usr/lib/x86_64-linux-gnu/libnss_files-2.31.so
7f3fc309f000-7f3fc30a5000 rw-p 00000000 00:00 0 
7f3fc30a7000-7f3fc30af000 rw-s 00000000 08:40 94029                      /tmp/hsperfdata_w/55544
7f3fc30af000-7f3fc30e1000 r--p 00000000 08:40 2824                       /usr/lib/locale/C.UTF-8/LC_CTYPE
7f3fc30e1000-7f3fc30e2000 r--p 00000000 08:40 2830                       /usr/lib/locale/C.UTF-8/LC_NUMERIC
7f3fc30e2000-7f3fc30e3000 r--p 00000000 08:40 2833                       /usr/lib/locale/C.UTF-8/LC_TIME
7f3fc30e3000-7f3fc3256000 r--p 00000000 08:40 2823                       /usr/lib/locale/C.UTF-8/LC_COLLATE
7f3fc3256000-7f3fc3257000 r--p 00000000 08:40 2828                       /usr/lib/locale/C.UTF-8/LC_MONETARY
7f3fc3257000-7f3fc3258000 r--p 00000000 08:40 2827                       /usr/lib/locale/C.UTF-8/LC_MESSAGES/SYS_LC_MESSAGES
7f3fc3258000-7f3fc3259000 r--p 00000000 08:40 2831                       /usr/lib/locale/C.UTF-8/LC_PAPER
7f3fc3259000-7f3fc325a000 r--p 00000000 08:40 2829                       /usr/lib/locale/C.UTF-8/LC_NAME
7f3fc325a000-7f3fc325b000 r--p 00000000 08:40 2822                       /usr/lib/locale/C.UTF-8/LC_ADDRESS
7f3fc325b000-7f3fc325c000 r--p 00000000 08:40 2832                       /usr/lib/locale/C.UTF-8/LC_TELEPHONE
7f3fc325c000-7f3fc3263000 r--s 00000000 08:40 45565                      /usr/lib/x86_64-linux-gnu/gconv/gconv-modules.cache
7f3fc3263000-7f3fc3549000 r--p 00000000 08:40 1910                       /usr/lib/locale/locale-archive
7f3fc3549000-7f3fc354b000 r--p 00000000 08:40 42076                      /usr/lib/jvm/java-11-openjdk-amd64/lib/libinstrument.so
7f3fc354b000-7f3fc3552000 r-xp 00002000 08:40 42076                      /usr/lib/jvm/java-11-openjdk-amd64/lib/libinstrument.so
7f3fc3552000-7f3fc3555000 r--p 00009000 08:40 42076                      /usr/lib/jvm/java-11-openjdk-amd64/lib/libinstrument.so
7f3fc3555000-7f3fc3556000 r--p 0000b000 08:40 42076                      /usr/lib/jvm/java-11-openjdk-amd64/lib/libinstrument.so
7f3fc3556000-7f3fc3557000 rw-p 0000c000 08:40 42076                      /usr/lib/jvm/java-11-openjdk-amd64/lib/libinstrument.so
7f3fc3557000-7f3fc3559000 r--p 00000000 08:40 42087                      /usr/lib/jvm/java-11-openjdk-amd64/lib/libjdwp.so
7f3fc3559000-7f3fc3586000 r-xp 00002000 08:40 42087                      /usr/lib/jvm/java-11-openjdk-amd64/lib/libjdwp.so
7f3fc3586000-7f3fc3594000 r--p 0002f000 08:40 42087                      /usr/lib/jvm/java-11-openjdk-amd64/lib/libjdwp.so
7f3fc3594000-7f3fc3595000 r--p 0003c000 08:40 42087                      /usr/lib/jvm/java-11-openjdk-amd64/lib/libjdwp.so
7f3fc3595000-7f3fc3596000 rw-p 0003d000 08:40 42087                      /usr/lib/jvm/java-11-openjdk-amd64/lib/libjdwp.so
7f3fc3596000-7f3fc3597000 ---p 00000000 00:00 0 
7f3fc3597000-7f3fc3598000 r--p 00000000 00:00 0 
7f3fc3598000-7f3fc35a6000 r--p 00000000 08:40 42081                      /usr/lib/jvm/java-11-openjdk-amd64/lib/libjava.so
7f3fc35a6000-7f3fc35bc000 r-xp 0000e000 08:40 42081                      /usr/lib/jvm/java-11-openjdk-amd64/lib/libjava.so
7f3fc35bc000-7f3fc35c3000 r--p 00024000 08:40 42081                      /usr/lib/jvm/java-11-openjdk-amd64/lib/libjava.so
7f3fc35c3000-7f3fc35c4000 r--p 0002a000 08:40 42081                      /usr/lib/jvm/java-11-openjdk-amd64/lib/libjava.so
7f3fc35c4000-7f3fc35c5000 rw-p 0002b000 08:40 42081                      /usr/lib/jvm/java-11-openjdk-amd64/lib/libjava.so
7f3fc35c5000-7f3fc35c6000 rw-p 00000000 00:00 0 
7f3fc35c6000-7f3fc35cb000 r--p 00000000 08:40 44250                      /usr/lib/jvm/java-11-openjdk-amd64/lib/libverify.so
7f3fc35cb000-7f3fc35d2000 r-xp 00005000 08:40 44250                      /usr/lib/jvm/java-11-openjdk-amd64/lib/libverify.so
7f3fc35d2000-7f3fc35d4000 r--p 0000c000 08:40 44250                      /usr/lib/jvm/java-11-openjdk-amd64/lib/libverify.so
7f3fc35d4000-7f3fc35d5000 ---p 0000e000 08:40 44250                      /usr/lib/jvm/java-11-openjdk-amd64/lib/libverify.so
7f3fc35d5000-7f3fc35d7000 r--p 0000e000 08:40 44250                      /usr/lib/jvm/java-11-openjdk-amd64/lib/libverify.so
7f3fc35d7000-7f3fc35d8000 rw-p 00010000 08:40 44250                      /usr/lib/jvm/java-11-openjdk-amd64/lib/libverify.so
7f3fc35d8000-7f3fc35da000 r--p 00000000 08:40 45297                      /usr/lib/x86_64-linux-gnu/librt-2.31.so
7f3fc35da000-7f3fc35de000 r-xp 00002000 08:40 45297                      /usr/lib/x86_64-linux-gnu/librt-2.31.so
7f3fc35de000-7f3fc35e0000 r--p 00006000 08:40 45297                      /usr/lib/x86_64-linux-gnu/librt-2.31.so
7f3fc35e0000-7f3fc35e1000 r--p 00007000 08:40 45297                      /usr/lib/x86_64-linux-gnu/librt-2.31.so
7f3fc35e1000-7f3fc35e2000 rw-p 00008000 08:40 45297                      /usr/lib/x86_64-linux-gnu/librt-2.31.so
7f3fc35e2000-7f3fc35e6000 ---p 00000000 00:00 0 
7f3fc35e6000-7f3fc36e3000 rw-p 00000000 00:00 0 
7f3fc36e3000-7f3fc36e6000 r--p 00000000 08:40 41776                      /usr/lib/x86_64-linux-gnu/libgcc_s.so.1
7f3fc36e6000-7f3fc36f8000 r-xp 00003000 08:40 41776                      /usr/lib/x86_64-linux-gnu/libgcc_s.so.1
7f3fc36f8000-7f3fc36fc000 r--p 00015000 08:40 41776                      /usr/lib/x86_64-linux-gnu/libgcc_s.so.1
7f3fc36fc000-7f3fc36fd000 r--p 00018000 08:40 41776                      /usr/lib/x86_64-linux-gnu/libgcc_s.so.1
7f3fc36fd000-7f3fc36fe000 rw-p 00019000 08:40 41776                      /usr/lib/x86_64-linux-gnu/libgcc_s.so.1
7f3fc36fe000-7f3fc370b000 r--p 00000000 08:40 45283                      /usr/lib/x86_64-linux-gnu/libm-2.31.so
7f3fc370b000-7f3fc37b2000 r-xp 0000d000 08:40 45283                      /usr/lib/x86_64-linux-gnu/libm-2.31.so
7f3fc37b2000-7f3fc384b000 r--p 000b4000 08:40 45283                      /usr/lib/x86_64-linux-gnu/libm-2.31.so
7f3fc384b000-7f3fc384c000 r--p 0014c000 08:40 45283                      /usr/lib/x86_64-linux-gnu/libm-2.31.so
7f3fc384c000-7f3fc384d000 rw-p 0014d000 08:40 45283                      /usr/lib/x86_64-linux-gnu/libm-2.31.so
7f3fc384d000-7f3fc38e3000 r--p 00000000 08:40 40202                      /usr/lib/x86_64-linux-gnu/libstdc++.so.6.0.28
7f3fc38e3000-7f3fc39d4000 r-xp 00096000 08:40 40202                      /usr/lib/x86_64-linux-gnu/libstdc++.so.6.0.28
7f3fc39d4000-7f3fc3a1d000 r--p 00187000 08:40 40202                      /usr/lib/x86_64-linux-gnu/libstdc++.so.6.0.28
7f3fc3a1d000-7f3fc3a1e000 ---p 001d0000 08:40 40202                      /usr/lib/x86_64-linux-gnu/libstdc++.so.6.0.28
7f3fc3a1e000-7f3fc3a29000 r--p 001d0000 08:40 40202                      /usr/lib/x86_64-linux-gnu/libstdc++.so.6.0.28
7f3fc3a29000-7f3fc3a2c000 rw-p 001db000 08:40 40202                      /usr/lib/x86_64-linux-gnu/libstdc++.so.6.0.28
7f3fc3a2c000-7f3fc3a2f000 rw-p 00000000 00:00 0 
7f3fc3a2f000-7f3fc3cb2000 r--p 00000000 08:40 44861                      /usr/lib/jvm/java-11-openjdk-amd64/lib/server/libjvm.so
7f3fc3cb2000-7f3fc4940000 r-xp 00283000 08:40 44861                      /usr/lib/jvm/java-11-openjdk-amd64/lib/server/libjvm.so
7f3fc4940000-7f3fc4ba1000 r--p 00f11000 08:40 44861                      /usr/lib/jvm/java-11-openjdk-amd64/lib/server/libjvm.so
7f3fc4ba1000-7f3fc4ba2000 ---p 01172000 08:40 44861                      /usr/lib/jvm/java-11-openjdk-amd64/lib/server/libjvm.so
7f3fc4ba2000-7f3fc4c66000 r--p 01172000 08:40 44861                      /usr/lib/jvm/java-11-openjdk-amd64/lib/server/libjvm.so
7f3fc4c66000-7f3fc4ca1000 rw-p 01236000 08:40 44861                      /usr/lib/jvm/java-11-openjdk-amd64/lib/server/libjvm.so
7f3fc4ca1000-7f3fc4cfa000 rw-p 00000000 00:00 0 
7f3fc4cfa000-7f3fc4d1c000 r--p 00000000 08:40 45281                      /usr/lib/x86_64-linux-gnu/libc-2.31.so
7f3fc4d1c000-7f3fc4e94000 r-xp 00022000 08:40 45281                      /usr/lib/x86_64-linux-gnu/libc-2.31.so
7f3fc4e94000-7f3fc4ee2000 r--p 0019a000 08:40 45281                      /usr/lib/x86_64-linux-gnu/libc-2.31.so
7f3fc4ee2000-7f3fc4ee6000 r--p 001e7000 08:40 45281                      /usr/lib/x86_64-linux-gnu/libc-2.31.so
7f3fc4ee6000-7f3fc4ee8000 rw-p 001eb000 08:40 45281                      /usr/lib/x86_64-linux-gnu/libc-2.31.so
7f3fc4ee8000-7f3fc4eec000 rw-p 00000000 00:00 0 
7f3fc4eec000-7f3fc4eed000 r--p 00000000 08:40 45282                      /usr/lib/x86_64-linux-gnu/libdl-2.31.so
7f3fc4eed000-7f3fc4eef000 r-xp 00001000 08:40 45282                      /usr/lib/x86_64-linux-gnu/libdl-2.31.so
7f3fc4eef000-7f3fc4ef0000 r--p 00003000 08:40 45282                      /usr/lib/x86_64-linux-gnu/libdl-2.31.so
7f3fc4ef0000-7f3fc4ef1000 r--p 00003000 08:40 45282                      /usr/lib/x86_64-linux-gnu/libdl-2.31.so
7f3fc4ef1000-7f3fc4ef2000 rw-p 00004000 08:40 45282                      /usr/lib/x86_64-linux-gnu/libdl-2.31.so
7f3fc4ef2000-7f3fc4ef5000 r--p 00000000 08:40 42065                      /usr/lib/jvm/java-11-openjdk-amd64/lib/jli/libjli.so
7f3fc4ef5000-7f3fc4eff000 r-xp 00003000 08:40 42065                      /usr/lib/jvm/java-11-openjdk-amd64/lib/jli/libjli.so
7f3fc4eff000-7f3fc4f02000 r--p 0000d000 08:40 42065                      /usr/lib/jvm/java-11-openjdk-amd64/lib/jli/libjli.so
7f3fc4f02000-7f3fc4f03000 ---p 00010000 08:40 42065                      /usr/lib/jvm/java-11-openjdk-amd64/lib/jli/libjli.so
7f3fc4f03000-7f3fc4f04000 r--p 00010000 08:40 42065                      /usr/lib/jvm/java-11-openjdk-amd64/lib/jli/libjli.so
7f3fc4f04000-7f3fc4f05000 rw-p 00011000 08:40 42065                      /usr/lib/jvm/java-11-openjdk-amd64/lib/jli/libjli.so
7f3fc4f05000-7f3fc4f0b000 r--p 00000000 08:40 45295                      /usr/lib/x86_64-linux-gnu/libpthread-2.31.so
7f3fc4f0b000-7f3fc4f1c000 r-xp 00006000 08:40 45295                      /usr/lib/x86_64-linux-gnu/libpthread-2.31.so
7f3fc4f1c000-7f3fc4f22000 r--p 00017000 08:40 45295                      /usr/lib/x86_64-linux-gnu/libpthread-2.31.so
7f3fc4f22000-7f3fc4f23000 r--p 0001c000 08:40 45295                      /usr/lib/x86_64-linux-gnu/libpthread-2.31.so
7f3fc4f23000-7f3fc4f24000 rw-p 0001d000 08:40 45295                      /usr/lib/x86_64-linux-gnu/libpthread-2.31.so
7f3fc4f24000-7f3fc4f28000 rw-p 00000000 00:00 0 
7f3fc4f28000-7f3fc4f2a000 r--p 00000000 08:40 13174                      /usr/lib/x86_64-linux-gnu/libz.so.1.2.11
7f3fc4f2a000-7f3fc4f3b000 r-xp 00002000 08:40 13174                      /usr/lib/x86_64-linux-gnu/libz.so.1.2.11
7f3fc4f3b000-7f3fc4f41000 r--p 00013000 08:40 13174                      /usr/lib/x86_64-linux-gnu/libz.so.1.2.11
7f3fc4f41000-7f3fc4f42000 ---p 00019000 08:40 13174                      /usr/lib/x86_64-linux-gnu/libz.so.1.2.11
7f3fc4f42000-7f3fc4f43000 r--p 00019000 08:40 13174                      /usr/lib/x86_64-linux-gnu/libz.so.1.2.11
7f3fc4f43000-7f3fc4f44000 rw-p 0001a000 08:40 13174                      /usr/lib/x86_64-linux-gnu/libz.so.1.2.11
7f3fc4f44000-7f3fc4f45000 r--p 00000000 08:40 2826                       /usr/lib/locale/C.UTF-8/LC_MEASUREMENT
7f3fc4f45000-7f3fc4f47000 r--p 00000000 08:40 42089                      /usr/lib/jvm/java-11-openjdk-amd64/lib/libjimage.so
7f3fc4f47000-7f3fc4f4a000 r-xp 00002000 08:40 42089                      /usr/lib/jvm/java-11-openjdk-amd64/lib/libjimage.so
7f3fc4f4a000-7f3fc4f4b000 r--p 00005000 08:40 42089                      /usr/lib/jvm/java-11-openjdk-amd64/lib/libjimage.so
7f3fc4f4b000-7f3fc4f4c000 ---p 00006000 08:40 42089                      /usr/lib/jvm/java-11-openjdk-amd64/lib/libjimage.so
7f3fc4f4c000-7f3fc4f4d000 r--p 00006000 08:40 42089                      /usr/lib/jvm/java-11-openjdk-amd64/lib/libjimage.so
7f3fc4f4d000-7f3fc4f4e000 rw-p 00007000 08:40 42089                      /usr/lib/jvm/java-11-openjdk-amd64/lib/libjimage.so
7f3fc4f4e000-7f3fc4f50000 rw-p 00000000 00:00 0 
7f3fc4f50000-7f3fc4f51000 r--p 00000000 08:40 45277                      /usr/lib/x86_64-linux-gnu/ld-2.31.so
7f3fc4f51000-7f3fc4f74000 r-xp 00001000 08:40 45277                      /usr/lib/x86_64-linux-gnu/ld-2.31.so
7f3fc4f74000-7f3fc4f7c000 r--p 00024000 08:40 45277                      /usr/lib/x86_64-linux-gnu/ld-2.31.so
7f3fc4f7c000-7f3fc4f7d000 r--p 00000000 08:40 2825                       /usr/lib/locale/C.UTF-8/LC_IDENTIFICATION
7f3fc4f7d000-7f3fc4f7e000 r--p 0002c000 08:40 45277                      /usr/lib/x86_64-linux-gnu/ld-2.31.so
7f3fc4f7e000-7f3fc4f7f000 rw-p 0002d000 08:40 45277                      /usr/lib/x86_64-linux-gnu/ld-2.31.so
7f3fc4f7f000-7f3fc4f80000 rw-p 00000000 00:00 0 
7ffce9b04000-7ffce9b25000 rw-p 00000000 00:00 0                          [stack]
7ffce9b2e000-7ffce9b32000 r--p 00000000 00:00 0                          [vvar]
7ffce9b32000-7ffce9b34000 r-xp 00000000 00:00 0                          [vdso]


VM Arguments:
jvm_args: -agentlib:jdwp=transport=dt_socket,address=127.0.0.1:60779,suspend=y,server=n -javaagent:/home/w/.cache/JetBrains/RemoteDev/dist/2b05049c6fa27_ideaIU-232.9921.28/plugins/java/lib/rt/debugger-agent.jar -Dfile.encoding=UTF-8 
java_command: Main
java_class_path (initial): /home/w/.cache/JetBrains/RemoteDev/dist/2b05049c6fa27_ideaIU-232.9921.28/plugins/remote-dev-server/selfcontained/fontconfig/out/production/Lab:/usr/local/lib/antlr-4.9.1-complete.jar:/usr/local/lib/javacpp-1.5.7-linux-x86_64.jar:/usr/local/lib/javacpp-1.5.7.jar:/usr/local/lib/llvm-13.0.1-1.5.7-linux-x86_64.jar:/usr/local/lib/llvm-13.0.1-1.5.7.jar:/usr/local/lib/llvm-platform-13.0.1-1.5.7.jar:/home/w/.cache/JetBrains/RemoteDev/dist/2b05049c6fa27_ideaIU-232.9921.28/lib/idea_rt.jar
Launcher Type: SUN_STANDARD

[Global flags]
     intx CICompilerCount                          = 12                                        {product} {ergonomic}
     uint ConcGCThreads                            = 3                                         {product} {ergonomic}
     uint G1ConcRefinementThreads                  = 13                                        {product} {ergonomic}
   size_t G1HeapRegionSize                         = 1048576                                   {product} {ergonomic}
    uintx GCDrainStackTargetSize                   = 64                                        {product} {ergonomic}
   size_t InitialHeapSize                          = 127926272                                 {product} {ergonomic}
   size_t MarkStackSize                            = 4194304                                   {product} {ergonomic}
   size_t MaxHeapSize                              = 2036334592                                {product} {ergonomic}
   size_t MaxNewSize                               = 1221591040                                {product} {ergonomic}
   size_t MinHeapDeltaBytes                        = 1048576                                   {product} {ergonomic}
    uintx NonNMethodCodeHeapSize                   = 7594288                                {pd product} {ergonomic}
    uintx NonProfiledCodeHeapSize                  = 122031976                              {pd product} {ergonomic}
    uintx ProfiledCodeHeapSize                     = 122031976                              {pd product} {ergonomic}
    uintx ReservedCodeCacheSize                    = 251658240                              {pd product} {ergonomic}
     bool SegmentedCodeCache                       = true                                      {product} {ergonomic}
     bool UseCompressedClassPointers               = true                                 {lp64_product} {ergonomic}
     bool UseCompressedOops                        = true                                 {lp64_product} {ergonomic}
     bool UseG1GC                                  = true                                      {product} {ergonomic}

Logging:
Log output configuration:
 #0: stdout all=warning uptime,level,tags
 #1: stderr all=off uptime,level,tags

Environment Variables:
PATH=/usr/local/sbin:/usr/local/bin:/usr/sbin:/usr/bin:/sbin:/bin:/usr/games:/usr/local/games:/usr/lib/wsl/lib:/mnt/c/Python312/Scripts/:/mnt/c/Python312/:/mnt/c/Program Files (x86)/Common Files/Oracle/Java/javapath:/mnt/c/Windows/system32:/mnt/c/Windows:/mnt/c/Windows/System32/Wbem:/mnt/c/Windows/System32/WindowsPowerShell/v1.0/:/mnt/c/Windows/System32/OpenSSH/:/mnt/d/mingw64/bin:/mnt/d/codes/vx/web/dll:/mnt/d/cod:/mnt/c/ProgramData/chocolatey/bin:/mnt/c/Users/anti/AppData/Local/Google/Chrome/Application:/mnt/e/web/dll:/mnt/d/cod:/mnt/d/Git/cmd:/Docker/host/bin:/mnt/c/Users/anti/AppData/Local/Programs/Python/Python310/Scripts/:/mnt/c/Users/anti/AppData/Local/Programs/Python/Python310/:/mnt/c/Users/anti/AppData/Local/Microsoft/WindowsApps:/mnt/d/CLion 2022.2.3/bin:/mnt/d/Microsoft VS Code/bin:/mnt/d/mingw64/bin:/mnt/f/QQGameTempest/Hall.57915/:/mnt/c/Users/anti/AppData/Local/JetBrains/Toolbox/scripts:/mnt/c/Users/anti/AppData/Local/Microsoft/WindowsApps:/mnt/c/Users/anti/AppData/Local/Pandoc/:/mnt/c/Users/anti/AppData/Roaming/npm:/mnt/d/code/appium:/mnt/d/code/android-sdk-windows/platform-tools:/mnt/d/code/android-sdk-windows/tools:/mnt/c/Program Files/Java/jdk1.8.0_301/bin:/mnt/c/Program Files/Java/jdk1.8.0_301/bin:/mnt/d/code/android-sdk-windows/build-tools/29.0.3:/mnt/d/code/appium/node/:/mnt/f/pyCharm/PyCharm 2024.1/bin:/mnt/e/WebStorm 2023.3.4/bin:/snap/bin
SHELL=/bin/bash
DISPLAY=:0
HOSTTYPE=x86_64
LANG=C.UTF-8
TERM=xterm-256color

Signal Handlers:
SIGSEGV: [libjvm.so+0xe9e150], sa_mask[0]=11111111011111111101111111111110, sa_flags=SA_RESTART|SA_SIGINFO
SIGBUS: [libjvm.so+0xe9e150], sa_mask[0]=11111111011111111101111111111110, sa_flags=SA_RESTART|SA_SIGINFO
SIGFPE: [libjvm.so+0xe9e150], sa_mask[0]=11111111011111111101111111111110, sa_flags=SA_RESTART|SA_SIGINFO
SIGPIPE: [libjvm.so+0xbe51a0], sa_mask[0]=11111111011111111101111111111110, sa_flags=SA_RESTART|SA_SIGINFO
SIGXFSZ: [libjvm.so+0xbe51a0], sa_mask[0]=11111111011111111101111111111110, sa_flags=SA_RESTART|SA_SIGINFO
SIGILL: [libjvm.so+0xe9e150], sa_mask[0]=11111111011111111101111111111110, sa_flags=SA_RESTART|SA_SIGINFO
SIGUSR2: [libjvm.so+0xbe5040], sa_mask[0]=00100000000000000000000000000000, sa_flags=SA_RESTART|SA_SIGINFO
SIGHUP: [libjvm.so+0xbe5800], sa_mask[0]=11111111011111111101111111111110, sa_flags=SA_RESTART|SA_SIGINFO
SIGINT: [libjvm.so+0xbe5800], sa_mask[0]=11111111011111111101111111111110, sa_flags=SA_RESTART|SA_SIGINFO
SIGTERM: [libjvm.so+0xbe5800], sa_mask[0]=11111111011111111101111111111110, sa_flags=SA_RESTART|SA_SIGINFO
SIGQUIT: [libjvm.so+0xbe5800], sa_mask[0]=11111111011111111101111111111110, sa_flags=SA_RESTART|SA_SIGINFO


---------------  S Y S T E M  ---------------

OS:DISTRIB_ID=Ubuntu
DISTRIB_RELEASE=20.04
DISTRIB_CODENAME=focal
DISTRIB_DESCRIPTION="Ubuntu 20.04.6 LTS"
uname:Linux 5.15.153.1-microsoft-standard-WSL2 #1 SMP Fri Mar 29 23:14:13 UTC 2024 x86_64
OS uptime: 0 days 13:47 hours
libc:glibc 2.31 NPTL 2.31 
rlimit (soft/hard): STACK 8192k/infinity , CORE 0k/infinity , NPROC 31039/31039 , NOFILE 1048576/1048576 , AS infinity/infinity , CPU infinity/infinity , DATA infinity/infinity , FSIZE infinity/infinity , MEMLOCK 65536k/65536k
load average:0.53 0.45 0.30

/proc/meminfo:
MemTotal:        7952736 kB
MemFree:         2546576 kB
MemAvailable:    3585132 kB
Buffers:            7416 kB
Cached:          1215800 kB
SwapCached:            0 kB
Active:           756892 kB
Inactive:        4020044 kB
Active(anon):       2324 kB
Inactive(anon):  3558480 kB
Active(file):     754568 kB
Inactive(file):   461564 kB
Unevictable:           0 kB
Mlocked:               0 kB
SwapTotal:       2097152 kB
SwapFree:        2097152 kB
Dirty:              8472 kB
Writeback:             0 kB
AnonPages:       3331232 kB
Mapped:          1136372 kB
Shmem:              6840 kB
KReclaimable:      75712 kB
Slab:             191172 kB
SReclaimable:      75712 kB
SUnreclaim:       115460 kB
KernelStack:       11488 kB
PageTables:        18000 kB
NFS_Unstable:          0 kB
Bounce:                0 kB
WritebackTmp:          0 kB
CommitLimit:     6073520 kB
Committed_AS:    4998024 kB
VmallocTotal:   34359738367 kB
VmallocUsed:      109044 kB
VmallocChunk:          0 kB
Percpu:             9024 kB
AnonHugePages:   1847296 kB
ShmemHugePages:        0 kB
ShmemPmdMapped:        0 kB
FileHugePages:         0 kB
FilePmdMapped:         0 kB
HugePages_Total:       0
HugePages_Free:        0
HugePages_Rsvd:        0
HugePages_Surp:        0
Hugepagesize:       2048 kB
Hugetlb:               0 kB
DirectMap4k:      111616 kB
DirectMap2M:     5994496 kB
DirectMap1G:    10485760 kB

/sys/kernel/mm/transparent_hugepage/enabled:
[always] madvise never
/sys/kernel/mm/transparent_hugepage/defrag (defrag/compaction efforts parameter):
always defer defer+madvise [madvise] never

Process Memory:
Virtual Size: 5251144K (peak: 13436852K)
Resident Set Size: 102704K (peak: 102704K) (anon: 47784K, file: 54920K, shmem: 0K)
Swapped out: 0K
C-Heap outstanding allocations: 38527K, retained: 2900K
glibc malloc tunables: (default)

/proc/sys/kernel/threads-max (system-wide limit on the number of threads):
62078
/proc/sys/vm/max_map_count (maximum number of memory map areas a process may have):
262144
/proc/sys/kernel/pid_max (system-wide limit on number of process identifiers):
99999

container (cgroup) information:
container_type: cgroupv1
cpu_cpuset_cpus: 0-15
cpu_memory_nodes: 0
active_processor_count: 16
cpu_quota: no quota
cpu_period: 100000
cpu_shares: no shares
memory_limit_in_bytes: unlimited
memory_and_swap_limit_in_bytes: unlimited
memory_soft_limit_in_bytes: unlimited
memory_usage_in_bytes: 4556004 k
memory_max_usage_in_bytes: 612124 k
kernel_memory_usage_in_bytes: 36188 k
kernel_memory_max_usage_in_bytes: unlimited
kernel_memory_limit_in_bytes: 37596 k
maximum number of tasks: not supported
current number of tasks: not supported

Hyper-V virtualization detected
Steal ticks since vm start: 0
Steal ticks percentage since vm start:  0.000

CPU:total 16 (initial active 16) (8 cores per cpu, 2 threads per core) family 6 model 154 stepping 3 microcode 0xffffffff, cmov, cx8, fxsr, mmx, sse, sse2, sse3, ssse3, sse4.1, sse4.2, popcnt, avx, avx2, aes, clmul, erms, 3dnowpref, lzcnt, ht, tsc, tscinvbit, bmi1, bmi2, adx, sha, fma
CPU Model and flags from /proc/cpuinfo:
model name	: 12th Gen Intel(R) Core(TM) i5-1240P
flags		: fpu vme de pse tsc msr pae mce cx8 apic sep mtrr pge mca cmov pat pse36 clflush mmx fxsr sse sse2 ss ht syscall nx pdpe1gb rdtscp lm constant_tsc rep_good nopl xtopology tsc_reliable nonstop_tsc cpuid pni pclmulqdq ssse3 fma cx16 sse4_1 sse4_2 x2apic movbe popcnt tsc_deadline_timer aes xsave avx f16c rdrand hypervisor lahf_lm abm 3dnowprefetch ssbd ibrs ibpb stibp ibrs_enhanced fsgsbase tsc_adjust bmi1 avx2 smep bmi2 erms invpcid rdseed adx smap clflushopt clwb sha_ni xsaveopt xsavec xgetbv1 xsaves avx_vnni umip waitpkg gfni vaes vpclmulqdq rdpid movdiri movdir64b fsrm md_clear serialize flush_l1d arch_capabilities
Online cpus:
0-15
Offline cpus:

BIOS frequency limitation:
<Not Available>
Frequency switch latency (ns):
<Not Available>
Available cpu frequencies:
<Not Available>
Current governor:
<Not Available>
Core performance/turbo boost:
<Not Available>

Memory: 4k page, physical 7952736k(2546576k free), swap 2097152k(2097152k free)

vm_info: OpenJDK 64-Bit Server VM (11.0.23+9-post-Ubuntu-1ubuntu120.04.2) for linux-amd64 JRE (11.0.23+9-post-Ubuntu-1ubuntu120.04.2), built on May 30 2024 05:31:47 by "unknown" with gcc 10.5.0

END.
