#
# A fatal error has been detected by the Java Runtime Environment:
#
#  SIGSEGV (0xb) at pc=0x00007fb7e215bd0c, pid=15264, tid=15265
#
# JRE version: OpenJDK Runtime Environment (11.0.22+7) (build 11.0.22+7-post-Ubuntu-0ubuntu220.04.1)
# Java VM: OpenJDK 64-Bit Server VM (11.0.22+7-post-Ubuntu-0ubuntu220.04.1, mixed mode, sharing, tiered, compressed oops, g1 gc, linux-amd64)
# Problematic frame:
# C  [libLLVM-13.so+0xc2fd0c]  LLVMBuildCall+0x1c
#
# No core dump will be written. Core dumps have been disabled. To enable core dumping, try "ulimit -c unlimited" before starting Java again
#
# If you would like to submit a bug report, please visit:
#   https://bugs.launchpad.net/ubuntu/+source/openjdk-lts
# The crash happened outside the Java Virtual Machine in native code.
# See problematic frame for where to report the bug.
#

---------------  S U M M A R Y ------------

Command Line: -javaagent:/home/w/.cache/JetBrains/RemoteDev/dist/2b05049c6fa27_ideaIU-232.9921.28/lib/idea_rt.jar=60721:/home/w/.cache/JetBrains/RemoteDev/dist/2b05049c6fa27_ideaIU-232.9921.28/bin -Dfile.encoding=UTF-8 Main

Host: 12th Gen Intel(R) Core(TM) i5-1240P, 16 cores, 7G, Ubuntu 20.04.6 LTS
Time: Mon May 27 15:30:24 2024 CST elapsed time: 0.462939 seconds (0d 0h 0m 0s)

---------------  T H R E A D  ---------------

Current thread (0x00007fb860017800):  JavaThread "main" [_thread_in_native, id=15265, stack(0x00007fb866d10000,0x00007fb866e11000)]

Stack: [0x00007fb866d10000,0x00007fb866e11000],  sp=0x00007fb866e0ea10,  free space=1018k
Native frames: (J=compiled Java code, A=aot compiled Java code, j=interpreted, Vv=VM code, C=native code)
C  [libLLVM-13.so+0xc2fd0c]  LLVMBuildCall+0x1c

Java frames: (J=compiled Java code, j=interpreted, Vv=VM code)
j  org.bytedeco.llvm.global.LLVM.LLVMBuildCall(Lorg/bytedeco/llvm/LLVM/LLVMBuilderRef;Lorg/bytedeco/llvm/LLVM/LLVMValueRef;Lorg/bytedeco/javacpp/PointerPointer;ILjava/lang/String;)Lorg/bytedeco/llvm/LLVM/LLVMValueRef;+0
j  LLVMIRVisitor.visitFuncCallExp(LSysYParser$FuncCallExpContext;)Lorg/bytedeco/llvm/LLVM/LLVMValueRef;+121
j  LLVMIRVisitor.visitFuncCallExp(LSysYParser$FuncCallExpContext;)Ljava/lang/Object;+2
j  SysYParser$FuncCallExpContext.accept(Lorg/antlr/v4/runtime/tree/ParseTreeVisitor;)Ljava/lang/Object;+12
j  org.antlr.v4.runtime.tree.AbstractParseTreeVisitor.visit(Lorg/antlr/v4/runtime/tree/ParseTree;)Ljava/lang/Object;+2
j  LLVMIRVisitor.visitStmt(LSysYParser$StmtContext;)Lorg/bytedeco/llvm/LLVM/LLVMValueRef;+54
j  LLVMIRVisitor.visitStmt(LSysYParser$StmtContext;)Ljava/lang/Object;+2
j  SysYParser$StmtContext.accept(Lorg/antlr/v4/runtime/tree/ParseTreeVisitor;)Ljava/lang/Object;+12
j  org.antlr.v4.runtime.tree.AbstractParseTreeVisitor.visitChildren(Lorg/antlr/v4/runtime/tree/RuleNode;)Ljava/lang/Object;+46
j  SysYParserBaseVisitor.visitBlockItem(LSysYParser$BlockItemContext;)Ljava/lang/Object;+2
j  SysYParser$BlockItemContext.accept(Lorg/antlr/v4/runtime/tree/ParseTreeVisitor;)Ljava/lang/Object;+12
j  org.antlr.v4.runtime.tree.AbstractParseTreeVisitor.visit(Lorg/antlr/v4/runtime/tree/ParseTree;)Ljava/lang/Object;+2
j  LLVMIRVisitor$$Lambda$31.accept(Ljava/lang/Object;)V+11
j  java.util.ArrayList.forEach(Ljava/util/function/Consumer;)V+46 java.base@11.0.22
j  LLVMIRVisitor.visitBlock(LSysYParser$BlockContext;)Lorg/bytedeco/llvm/LLVM/LLVMValueRef;+25
j  LLVMIRVisitor.visitBlock(LSysYParser$BlockContext;)Ljava/lang/Object;+2
j  SysYParser$BlockContext.accept(Lorg/antlr/v4/runtime/tree/ParseTreeVisitor;)Ljava/lang/Object;+12
j  org.antlr.v4.runtime.tree.AbstractParseTreeVisitor.visitChildren(Lorg/antlr/v4/runtime/tree/RuleNode;)Ljava/lang/Object;+46
j  SysYParserBaseVisitor.visitFuncDef(LSysYParser$FuncDefContext;)Ljava/lang/Object;+2
j  LLVMIRVisitor.visitFuncDef(LSysYParser$FuncDefContext;)Lorg/bytedeco/llvm/LLVM/LLVMValueRef;+232
j  LLVMIRVisitor.visitFuncDef(LSysYParser$FuncDefContext;)Ljava/lang/Object;+2
j  SysYParser$FuncDefContext.accept(Lorg/antlr/v4/runtime/tree/ParseTreeVisitor;)Ljava/lang/Object;+12
j  org.antlr.v4.runtime.tree.AbstractParseTreeVisitor.visitChildren(Lorg/antlr/v4/runtime/tree/RuleNode;)Ljava/lang/Object;+46
j  SysYParserBaseVisitor.visitCompUnit(LSysYParser$CompUnitContext;)Ljava/lang/Object;+2
j  SysYParser$CompUnitContext.accept(Lorg/antlr/v4/runtime/tree/ParseTreeVisitor;)Ljava/lang/Object;+12
j  org.antlr.v4.runtime.tree.AbstractParseTreeVisitor.visitChildren(Lorg/antlr/v4/runtime/tree/RuleNode;)Ljava/lang/Object;+46
j  SysYParserBaseVisitor.visitProgram(LSysYParser$ProgramContext;)Ljava/lang/Object;+2
j  LLVMIRVisitor.visitProgram(LSysYParser$ProgramContext;)Lorg/bytedeco/llvm/LLVM/LLVMValueRef;+22
j  LLVMIRVisitor.visitProgram(LSysYParser$ProgramContext;)Ljava/lang/Object;+2
j  SysYParser$ProgramContext.accept(Lorg/antlr/v4/runtime/tree/ParseTreeVisitor;)Ljava/lang/Object;+12
j  org.antlr.v4.runtime.tree.AbstractParseTreeVisitor.visit(Lorg/antlr/v4/runtime/tree/ParseTree;)Ljava/lang/Object;+2
j  Main.main([Ljava/lang/String;)V+62
v  ~StubRoutines::call_stub

siginfo: si_signo: 11 (SIGSEGV), si_code: 1 (SEGV_MAPERR), si_addr: 0x0000000000000000

Register to memory mapping:

RAX=0x00007fb86045c610 points into unknown readable memory: 0x0000000000000000 | 00 00 00 00 00 00 00 00
RBX=0x00007fb860429cc0 points into unknown readable memory: 0x00007fb860429cd0 | d0 9c 42 60 b8 7f 00 00
RCX=0x0000000000000001 is an unknown value
RDX=0x00007fb86045c5f0 points into unknown readable memory: 0x00007fb86045c650 | 50 c6 45 60 b8 7f 00 00
RSP=0x00007fb866e0ea10 is pointing into the stack for thread: 0x00007fb860017800
RBP=0x00007fb860017b48 points into unknown readable memory: 0x00007fb868398b40 | 40 8b 39 68 b8 7f 00 00
RSI=0x0 is NULL
RDI=0x0000000000000101 is an unknown value
R8 =0x00007fb86045c610 points into unknown readable memory: 0x0000000000000000 | 00 00 00 00 00 00 00 00
R9 =0x00007fb860017800 is a thread
R10=0x0 is NULL
R11=0x00007fb7e215bcf0: LLVMBuildCall+0x0000000000000000 in /home/w/.javacpp/cache/llvm-13.0.1-1.5.7-linux-x86_64.jar/org/bytedeco/llvm/linux-x86_64/libLLVM-13.so at 0x00007fb7e152c000
R12=0x0 is NULL
R13=0x00007fb860429cc0 points into unknown readable memory: 0x00007fb860429cd0 | d0 9c 42 60 b8 7f 00 00
R14=0x00007fb86045c5f0 points into unknown readable memory: 0x00007fb86045c650 | 50 c6 45 60 b8 7f 00 00
R15=0x00007fb86045c610 points into unknown readable memory: 0x0000000000000000 | 00 00 00 00 00 00 00 00


Registers:
RAX=0x00007fb86045c610, RBX=0x00007fb860429cc0, RCX=0x0000000000000001, RDX=0x00007fb86045c5f0
RSP=0x00007fb866e0ea10, RBP=0x00007fb860017b48, RSI=0x0000000000000000, RDI=0x0000000000000101
R8 =0x00007fb86045c610, R9 =0x00007fb860017800, R10=0x0000000000000000, R11=0x00007fb7e215bcf0
R12=0x0000000000000000, R13=0x00007fb860429cc0, R14=0x00007fb86045c5f0, R15=0x00007fb86045c610
RIP=0x00007fb7e215bd0c, EFLAGS=0x0000000000010202, CSGSFS=0x002b000000000033, ERR=0x0000000000000004
  TRAPNO=0x000000000000000e

Top of Stack: (sp=0x00007fb866e0ea10)
0x00007fb866e0ea10:   00007fb860017800 000000008d7912e8
0x00007fb866e0ea20:   0000000000000000 00007fb866e0fac0
0x00007fb866e0ea30:   00007fb866e0eaa0 00007fb867a551ba
0x00007fb866e0ea40:   00007fb866e0eadf 00007fb860017800 

Instructions: (pc=0x00007fb7e215bd0c)
0x00007fb7e215bc0c:   98 00 00 00 0f b6 c8 83 e9 12 83 f9 01 77 0b 48
0x00007fb7e215bc1c:   8b 42 10 48 8b 00 0f b6 40 08 3c 06 77 25 48 8b
0x00007fb7e215bc2c:   55 58 44 8b 6d 60 48 85 d2 74 0d be 03 00 00 00
0x00007fb7e215bc3c:   4c 89 e7 e8 fc e1 0d 00 44 89 ee 4c 89 e7 e8 41
0x00007fb7e215bc4c:   95 08 00 48 8b 7d 50 48 8b 4d 30 48 89 e2 4c 89
0x00007fb7e215bc5c:   e6 4c 8b 45 38 48 8b 07 ff 50 10 48 8b 5d 00 8b
0x00007fb7e215bc6c:   6d 08 48 c1 e5 04 48 01 dd 48 39 eb 74 1d 66 0f
0x00007fb7e215bc7c:   1f 44 00 00 48 8b 53 08 8b 33 4c 89 e7 48 83 c3
0x00007fb7e215bc8c:   10 e8 ae e1 0d 00 48 39 dd 75 e9 48 83 c4 68 4c
0x00007fb7e215bc9c:   89 e0 5b 5d 41 5c 41 5d c3 0f 1f 00 48 8b 52 18
0x00007fb7e215bcac:   0f b6 42 08 3c 11 0f 85 58 ff ff ff 48 8b 52 18
0x00007fb7e215bcbc:   0f b6 42 08 3c 11 74 e4 e9 47 ff ff ff 0f 1f 80
0x00007fb7e215bccc:   00 00 00 00 3c 05 0f 85 77 ff ff ff 41 0f b7 44
0x00007fb7e215bcdc:   24 12 e9 fd fe ff ff 66 2e 0f 1f 84 00 00 00 00
0x00007fb7e215bcec:   00 0f 1f 00 41 57 49 89 f2 41 56 41 55 41 54 55
0x00007fb7e215bcfc:   53 48 89 fb bf 01 01 00 00 48 81 ec 98 00 00 00
0x00007fb7e215bd0c:   48 8b 06 41 80 38 00 48 89 14 24 4c 8b 58 18 66
0x00007fb7e215bd1c:   89 7c 24 50 74 0a 4c 89 44 24 30 c6 44 24 50 03
0x00007fb7e215bd2c:   4c 8b 43 70 48 8b 6b 68 be 01 01 00 00 41 89 c9
0x00007fb7e215bd3c:   66 89 b4 24 80 00 00 00 4d 89 c5 49 c1 e5 05 49
0x00007fb7e215bd4c:   01 ed 49 39 ed 0f 84 89 02 00 00 48 89 ea 31 f6
0x00007fb7e215bd5c:   0f 1f 40 00 48 8b 42 10 48 2b 42 08 48 83 c2 20
0x00007fb7e215bd6c:   48 c1 f8 03 01 c6 49 39 d5 75 e9 83 c1 01 44 89
0x00007fb7e215bd7c:   c2 bf 50 00 00 00 4c 89 54 24 28 01 ce c1 e2 04
0x00007fb7e215bd8c:   4c 89 4c 24 20 49 89 ee 4c 89 5c 24 18 4c 89 44
0x00007fb7e215bd9c:   24 10 89 4c 24 08 e8 f9 d6 12 00 4c 8b 44 24 10
0x00007fb7e215bdac:   4c 8b 4c 24 20 48 89 ee 4c 8b 54 24 28 4c 8b 5c
0x00007fb7e215bdbc:   24 18 49 89 c4 8b 4c 24 08 4d 89 c7 4c 89 c8 45
0x00007fb7e215bdcc:   31 c0 66 90 48 8b 56 10 48 2b 56 08 48 83 c6 20
0x00007fb7e215bddc:   48 c1 fa 03 41 01 d0 49 39 f5 75 e8 41 01 c8 31
0x00007fb7e215bdec:   c9 0f 1f 00 48 8b 55 10 48 2b 55 08 48 83 c5 20
0x00007fb7e215bdfc:   48 c1 fa 03 01 d1 49 39 ed 75 e9 49 01 c9 49 8b 


Stack slot to memory mapping:
stack at sp + 0 slots: 0x00007fb860017800 is a thread
stack at sp + 1 slots: 0x000000008d7912e8 points into unknown readable memory: 0x0000000000000001 | 01 00 00 00 00 00 00 00
stack at sp + 2 slots: 0x0 is NULL
stack at sp + 3 slots: 0x00007fb866e0fac0 is pointing into the stack for thread: 0x00007fb860017800
stack at sp + 4 slots: 0x00007fb866e0eaa0 is pointing into the stack for thread: 0x00007fb860017800
stack at sp + 5 slots: 0x00007fb867a551ba: <offset 0x00000000008f81ba> in /usr/lib/jvm/java-11-openjdk-amd64/lib/server/libjvm.so at 0x00007fb86715d000
stack at sp + 6 slots: 0x00007fb866e0eadf is pointing into the stack for thread: 0x00007fb860017800
stack at sp + 7 slots: 0x00007fb860017800 is a thread


---------------  P R O C E S S  ---------------

Threads class SMR info:
_java_thread_list=0x00007fb860354980, length=15, elements={
0x00007fb860017800, 0x00007fb86019d000, 0x00007fb86019f000, 0x00007fb8601a7000,
0x00007fb8601a9000, 0x00007fb8601ab000, 0x00007fb8601b5800, 0x00007fb8601b7800,
0x00007fb8601dd800, 0x00007fb814065800, 0x00007fb800001800, 0x00007fb800003800,
0x00007fb800025800, 0x00007fb86028c000, 0x00007fb860378800
}

Java Threads: ( => current thread )
=>0x00007fb860017800 JavaThread "main" [_thread_in_native, id=15265, stack(0x00007fb866d10000,0x00007fb866e11000)]
  0x00007fb86019d000 JavaThread "Reference Handler" daemon [_thread_blocked, id=15280, stack(0x00007fb848457000,0x00007fb848558000)]
  0x00007fb86019f000 JavaThread "Finalizer" daemon [_thread_blocked, id=15281, stack(0x00007fb848356000,0x00007fb848457000)]
  0x00007fb8601a7000 JavaThread "Signal Dispatcher" daemon [_thread_blocked, id=15283, stack(0x00007fb8400dc000,0x00007fb8401dd000)]
  0x00007fb8601a9000 JavaThread "Service Thread" daemon [_thread_blocked, id=15284, stack(0x00007fb8396ff000,0x00007fb839800000)]
  0x00007fb8601ab000 JavaThread "C2 CompilerThread0" daemon [_thread_in_native, id=15285, stack(0x00007fb8395fe000,0x00007fb8396ff000)]
  0x00007fb8601b5800 JavaThread "C1 CompilerThread0" daemon [_thread_blocked, id=15286, stack(0x00007fb8394fd000,0x00007fb8395fe000)]
  0x00007fb8601b7800 JavaThread "Sweeper thread" daemon [_thread_blocked, id=15287, stack(0x00007fb8393fc000,0x00007fb8394fd000)]
  0x00007fb8601dd800 JavaThread "Common-Cleaner" daemon [_thread_blocked, id=15290, stack(0x00007fb8392fb000,0x00007fb8393fc000)]
  0x00007fb814065800 JavaThread "C1 CompilerThread1" daemon [_thread_blocked, id=15291, stack(0x00007fb8391fa000,0x00007fb8392fb000)]
  0x00007fb800001800 JavaThread "C1 CompilerThread2" daemon [_thread_blocked, id=15292, stack(0x00007fb8390f9000,0x00007fb8391fa000)]
  0x00007fb800003800 JavaThread "C1 CompilerThread3" daemon [_thread_blocked, id=15293, stack(0x00007fb838ff8000,0x00007fb8390f9000)]
  0x00007fb800025800 JavaThread "C2 CompilerThread1" daemon [_thread_in_native, id=15296, stack(0x00007fb838ef7000,0x00007fb838ff8000)]
  0x00007fb86028c000 JavaThread "Monitor Ctrl-Break" daemon [_thread_in_native, id=15297, stack(0x00007fb838df6000,0x00007fb838ef7000)]
  0x00007fb860378800 JavaThread "JavaCPP Deallocator" daemon [_thread_blocked, id=15301, stack(0x00007fb838bf4000,0x00007fb838cf5000)]

Other Threads:
  0x00007fb86019a000 VMThread "VM Thread" [stack: 0x00007fb848559000,0x00007fb848659000] [id=15279]
  0x00007fb86028d800 WatcherThread [stack: 0x00007fb838cf6000,0x00007fb838df6000] [id=15298]
  0x00007fb86002f800 GCTaskThread "GC Thread#0" [stack: 0x00007fb8669ac000,0x00007fb866aac000] [id=15267]
  0x00007fb860060800 ConcurrentGCThread "G1 Main Marker" [stack: 0x00007fb864f83000,0x00007fb865083000] [id=15268]
  0x00007fb860062800 ConcurrentGCThread "G1 Conc#0" [stack: 0x00007fb864e82000,0x00007fb864f82000] [id=15269]
  0x00007fb8600fe800 ConcurrentGCThread "G1 Refine#0" [stack: 0x00007fb864074000,0x00007fb864174000] [id=15272]
  0x00007fb860100800 ConcurrentGCThread "G1 Young RemSet Sampling" [stack: 0x00007fb8486db000,0x00007fb8487db000] [id=15273]

Threads with active compile tasks:
C2 CompilerThread0      466  939       4       jdk.internal.org.objectweb.asm.ByteVector::putUTF8 (142 bytes)
C2 CompilerThread1      466  941       4       java.util.HashMap::resize (356 bytes)

VM state:not at safepoint (normal execution)

VM Mutex/Monitor currently owned by a thread: None

Heap address: 0x0000000086a00000, size: 1942 MB, Compressed Oops mode: 32-bit
Narrow klass base: 0x0000000800000000, Narrow klass shift: 3
Compressed class space size: 1073741824 Address: 0x0000000840000000

Heap:
 garbage-first heap   total 126976K, used 13008K [0x0000000086a00000, 0x0000000100000000)
  region size 1024K, 13 young (13312K), 0 survivors (0K)
 Metaspace       used 4096K, capacity 6556K, committed 6656K, reserved 1056768K
  class space    used 438K, capacity 697K, committed 768K, reserved 1048576K
Heap Regions: E=young(eden), S=young(survivor), O=old, HS=humongous(starts), HC=humongous(continues), CS=collection set, F=free, A=archive, TAMS=top-at-mark-start (previous, next)
|   0|0x0000000086a00000, 0x0000000086a00000, 0x0000000086b00000|  0%| F|  |TAMS 0x0000000086a00000, 0x0000000086a00000| Untracked 
|   1|0x0000000086b00000, 0x0000000086b00000, 0x0000000086c00000|  0%| F|  |TAMS 0x0000000086b00000, 0x0000000086b00000| Untracked 
|   2|0x0000000086c00000, 0x0000000086c00000, 0x0000000086d00000|  0%| F|  |TAMS 0x0000000086c00000, 0x0000000086c00000| Untracked 
|   3|0x0000000086d00000, 0x0000000086d00000, 0x0000000086e00000|  0%| F|  |TAMS 0x0000000086d00000, 0x0000000086d00000| Untracked 
|   4|0x0000000086e00000, 0x0000000086e00000, 0x0000000086f00000|  0%| F|  |TAMS 0x0000000086e00000, 0x0000000086e00000| Untracked 
|   5|0x0000000086f00000, 0x0000000086f00000, 0x0000000087000000|  0%| F|  |TAMS 0x0000000086f00000, 0x0000000086f00000| Untracked 
|   6|0x0000000087000000, 0x0000000087000000, 0x0000000087100000|  0%| F|  |TAMS 0x0000000087000000, 0x0000000087000000| Untracked 
|   7|0x0000000087100000, 0x0000000087100000, 0x0000000087200000|  0%| F|  |TAMS 0x0000000087100000, 0x0000000087100000| Untracked 
|   8|0x0000000087200000, 0x0000000087200000, 0x0000000087300000|  0%| F|  |TAMS 0x0000000087200000, 0x0000000087200000| Untracked 
|   9|0x0000000087300000, 0x0000000087300000, 0x0000000087400000|  0%| F|  |TAMS 0x0000000087300000, 0x0000000087300000| Untracked 
|  10|0x0000000087400000, 0x0000000087400000, 0x0000000087500000|  0%| F|  |TAMS 0x0000000087400000, 0x0000000087400000| Untracked 
|  11|0x0000000087500000, 0x0000000087500000, 0x0000000087600000|  0%| F|  |TAMS 0x0000000087500000, 0x0000000087500000| Untracked 
|  12|0x0000000087600000, 0x0000000087600000, 0x0000000087700000|  0%| F|  |TAMS 0x0000000087600000, 0x0000000087600000| Untracked 
|  13|0x0000000087700000, 0x0000000087700000, 0x0000000087800000|  0%| F|  |TAMS 0x0000000087700000, 0x0000000087700000| Untracked 
|  14|0x0000000087800000, 0x0000000087800000, 0x0000000087900000|  0%| F|  |TAMS 0x0000000087800000, 0x0000000087800000| Untracked 
|  15|0x0000000087900000, 0x0000000087900000, 0x0000000087a00000|  0%| F|  |TAMS 0x0000000087900000, 0x0000000087900000| Untracked 
|  16|0x0000000087a00000, 0x0000000087a00000, 0x0000000087b00000|  0%| F|  |TAMS 0x0000000087a00000, 0x0000000087a00000| Untracked 
|  17|0x0000000087b00000, 0x0000000087b00000, 0x0000000087c00000|  0%| F|  |TAMS 0x0000000087b00000, 0x0000000087b00000| Untracked 
|  18|0x0000000087c00000, 0x0000000087c00000, 0x0000000087d00000|  0%| F|  |TAMS 0x0000000087c00000, 0x0000000087c00000| Untracked 
|  19|0x0000000087d00000, 0x0000000087d00000, 0x0000000087e00000|  0%| F|  |TAMS 0x0000000087d00000, 0x0000000087d00000| Untracked 
|  20|0x0000000087e00000, 0x0000000087e00000, 0x0000000087f00000|  0%| F|  |TAMS 0x0000000087e00000, 0x0000000087e00000| Untracked 
|  21|0x0000000087f00000, 0x0000000087f00000, 0x0000000088000000|  0%| F|  |TAMS 0x0000000087f00000, 0x0000000087f00000| Untracked 
|  22|0x0000000088000000, 0x0000000088000000, 0x0000000088100000|  0%| F|  |TAMS 0x0000000088000000, 0x0000000088000000| Untracked 
|  23|0x0000000088100000, 0x0000000088100000, 0x0000000088200000|  0%| F|  |TAMS 0x0000000088100000, 0x0000000088100000| Untracked 
|  24|0x0000000088200000, 0x0000000088200000, 0x0000000088300000|  0%| F|  |TAMS 0x0000000088200000, 0x0000000088200000| Untracked 
|  25|0x0000000088300000, 0x0000000088300000, 0x0000000088400000|  0%| F|  |TAMS 0x0000000088300000, 0x0000000088300000| Untracked 
|  26|0x0000000088400000, 0x0000000088400000, 0x0000000088500000|  0%| F|  |TAMS 0x0000000088400000, 0x0000000088400000| Untracked 
|  27|0x0000000088500000, 0x0000000088500000, 0x0000000088600000|  0%| F|  |TAMS 0x0000000088500000, 0x0000000088500000| Untracked 
|  28|0x0000000088600000, 0x0000000088600000, 0x0000000088700000|  0%| F|  |TAMS 0x0000000088600000, 0x0000000088600000| Untracked 
|  29|0x0000000088700000, 0x0000000088700000, 0x0000000088800000|  0%| F|  |TAMS 0x0000000088700000, 0x0000000088700000| Untracked 
|  30|0x0000000088800000, 0x0000000088800000, 0x0000000088900000|  0%| F|  |TAMS 0x0000000088800000, 0x0000000088800000| Untracked 
|  31|0x0000000088900000, 0x0000000088900000, 0x0000000088a00000|  0%| F|  |TAMS 0x0000000088900000, 0x0000000088900000| Untracked 
|  32|0x0000000088a00000, 0x0000000088a00000, 0x0000000088b00000|  0%| F|  |TAMS 0x0000000088a00000, 0x0000000088a00000| Untracked 
|  33|0x0000000088b00000, 0x0000000088b00000, 0x0000000088c00000|  0%| F|  |TAMS 0x0000000088b00000, 0x0000000088b00000| Untracked 
|  34|0x0000000088c00000, 0x0000000088c00000, 0x0000000088d00000|  0%| F|  |TAMS 0x0000000088c00000, 0x0000000088c00000| Untracked 
|  35|0x0000000088d00000, 0x0000000088d00000, 0x0000000088e00000|  0%| F|  |TAMS 0x0000000088d00000, 0x0000000088d00000| Untracked 
|  36|0x0000000088e00000, 0x0000000088e00000, 0x0000000088f00000|  0%| F|  |TAMS 0x0000000088e00000, 0x0000000088e00000| Untracked 
|  37|0x0000000088f00000, 0x0000000088f00000, 0x0000000089000000|  0%| F|  |TAMS 0x0000000088f00000, 0x0000000088f00000| Untracked 
|  38|0x0000000089000000, 0x0000000089000000, 0x0000000089100000|  0%| F|  |TAMS 0x0000000089000000, 0x0000000089000000| Untracked 
|  39|0x0000000089100000, 0x0000000089100000, 0x0000000089200000|  0%| F|  |TAMS 0x0000000089100000, 0x0000000089100000| Untracked 
|  40|0x0000000089200000, 0x0000000089200000, 0x0000000089300000|  0%| F|  |TAMS 0x0000000089200000, 0x0000000089200000| Untracked 
|  41|0x0000000089300000, 0x0000000089300000, 0x0000000089400000|  0%| F|  |TAMS 0x0000000089300000, 0x0000000089300000| Untracked 
|  42|0x0000000089400000, 0x0000000089400000, 0x0000000089500000|  0%| F|  |TAMS 0x0000000089400000, 0x0000000089400000| Untracked 
|  43|0x0000000089500000, 0x0000000089500000, 0x0000000089600000|  0%| F|  |TAMS 0x0000000089500000, 0x0000000089500000| Untracked 
|  44|0x0000000089600000, 0x0000000089600000, 0x0000000089700000|  0%| F|  |TAMS 0x0000000089600000, 0x0000000089600000| Untracked 
|  45|0x0000000089700000, 0x0000000089700000, 0x0000000089800000|  0%| F|  |TAMS 0x0000000089700000, 0x0000000089700000| Untracked 
|  46|0x0000000089800000, 0x0000000089800000, 0x0000000089900000|  0%| F|  |TAMS 0x0000000089800000, 0x0000000089800000| Untracked 
|  47|0x0000000089900000, 0x0000000089900000, 0x0000000089a00000|  0%| F|  |TAMS 0x0000000089900000, 0x0000000089900000| Untracked 
|  48|0x0000000089a00000, 0x0000000089a00000, 0x0000000089b00000|  0%| F|  |TAMS 0x0000000089a00000, 0x0000000089a00000| Untracked 
|  49|0x0000000089b00000, 0x0000000089b00000, 0x0000000089c00000|  0%| F|  |TAMS 0x0000000089b00000, 0x0000000089b00000| Untracked 
|  50|0x0000000089c00000, 0x0000000089c00000, 0x0000000089d00000|  0%| F|  |TAMS 0x0000000089c00000, 0x0000000089c00000| Untracked 
|  51|0x0000000089d00000, 0x0000000089d00000, 0x0000000089e00000|  0%| F|  |TAMS 0x0000000089d00000, 0x0000000089d00000| Untracked 
|  52|0x0000000089e00000, 0x0000000089e00000, 0x0000000089f00000|  0%| F|  |TAMS 0x0000000089e00000, 0x0000000089e00000| Untracked 
|  53|0x0000000089f00000, 0x0000000089f00000, 0x000000008a000000|  0%| F|  |TAMS 0x0000000089f00000, 0x0000000089f00000| Untracked 
|  54|0x000000008a000000, 0x000000008a000000, 0x000000008a100000|  0%| F|  |TAMS 0x000000008a000000, 0x000000008a000000| Untracked 
|  55|0x000000008a100000, 0x000000008a100000, 0x000000008a200000|  0%| F|  |TAMS 0x000000008a100000, 0x000000008a100000| Untracked 
|  56|0x000000008a200000, 0x000000008a200000, 0x000000008a300000|  0%| F|  |TAMS 0x000000008a200000, 0x000000008a200000| Untracked 
|  57|0x000000008a300000, 0x000000008a300000, 0x000000008a400000|  0%| F|  |TAMS 0x000000008a300000, 0x000000008a300000| Untracked 
|  58|0x000000008a400000, 0x000000008a400000, 0x000000008a500000|  0%| F|  |TAMS 0x000000008a400000, 0x000000008a400000| Untracked 
|  59|0x000000008a500000, 0x000000008a500000, 0x000000008a600000|  0%| F|  |TAMS 0x000000008a500000, 0x000000008a500000| Untracked 
|  60|0x000000008a600000, 0x000000008a600000, 0x000000008a700000|  0%| F|  |TAMS 0x000000008a600000, 0x000000008a600000| Untracked 
|  61|0x000000008a700000, 0x000000008a700000, 0x000000008a800000|  0%| F|  |TAMS 0x000000008a700000, 0x000000008a700000| Untracked 
|  62|0x000000008a800000, 0x000000008a800000, 0x000000008a900000|  0%| F|  |TAMS 0x000000008a800000, 0x000000008a800000| Untracked 
|  63|0x000000008a900000, 0x000000008a900000, 0x000000008aa00000|  0%| F|  |TAMS 0x000000008a900000, 0x000000008a900000| Untracked 
|  64|0x000000008aa00000, 0x000000008aa00000, 0x000000008ab00000|  0%| F|  |TAMS 0x000000008aa00000, 0x000000008aa00000| Untracked 
|  65|0x000000008ab00000, 0x000000008ab00000, 0x000000008ac00000|  0%| F|  |TAMS 0x000000008ab00000, 0x000000008ab00000| Untracked 
|  66|0x000000008ac00000, 0x000000008ac00000, 0x000000008ad00000|  0%| F|  |TAMS 0x000000008ac00000, 0x000000008ac00000| Untracked 
|  67|0x000000008ad00000, 0x000000008ad00000, 0x000000008ae00000|  0%| F|  |TAMS 0x000000008ad00000, 0x000000008ad00000| Untracked 
|  68|0x000000008ae00000, 0x000000008ae00000, 0x000000008af00000|  0%| F|  |TAMS 0x000000008ae00000, 0x000000008ae00000| Untracked 
|  69|0x000000008af00000, 0x000000008af00000, 0x000000008b000000|  0%| F|  |TAMS 0x000000008af00000, 0x000000008af00000| Untracked 
|  70|0x000000008b000000, 0x000000008b000000, 0x000000008b100000|  0%| F|  |TAMS 0x000000008b000000, 0x000000008b000000| Untracked 
|  71|0x000000008b100000, 0x000000008b100000, 0x000000008b200000|  0%| F|  |TAMS 0x000000008b100000, 0x000000008b100000| Untracked 
|  72|0x000000008b200000, 0x000000008b200000, 0x000000008b300000|  0%| F|  |TAMS 0x000000008b200000, 0x000000008b200000| Untracked 
|  73|0x000000008b300000, 0x000000008b300000, 0x000000008b400000|  0%| F|  |TAMS 0x000000008b300000, 0x000000008b300000| Untracked 
|  74|0x000000008b400000, 0x000000008b400000, 0x000000008b500000|  0%| F|  |TAMS 0x000000008b400000, 0x000000008b400000| Untracked 
|  75|0x000000008b500000, 0x000000008b500000, 0x000000008b600000|  0%| F|  |TAMS 0x000000008b500000, 0x000000008b500000| Untracked 
|  76|0x000000008b600000, 0x000000008b600000, 0x000000008b700000|  0%| F|  |TAMS 0x000000008b600000, 0x000000008b600000| Untracked 
|  77|0x000000008b700000, 0x000000008b700000, 0x000000008b800000|  0%| F|  |TAMS 0x000000008b700000, 0x000000008b700000| Untracked 
|  78|0x000000008b800000, 0x000000008b800000, 0x000000008b900000|  0%| F|  |TAMS 0x000000008b800000, 0x000000008b800000| Untracked 
|  79|0x000000008b900000, 0x000000008b900000, 0x000000008ba00000|  0%| F|  |TAMS 0x000000008b900000, 0x000000008b900000| Untracked 
|  80|0x000000008ba00000, 0x000000008ba00000, 0x000000008bb00000|  0%| F|  |TAMS 0x000000008ba00000, 0x000000008ba00000| Untracked 
|  81|0x000000008bb00000, 0x000000008bb00000, 0x000000008bc00000|  0%| F|  |TAMS 0x000000008bb00000, 0x000000008bb00000| Untracked 
|  82|0x000000008bc00000, 0x000000008bc00000, 0x000000008bd00000|  0%| F|  |TAMS 0x000000008bc00000, 0x000000008bc00000| Untracked 
|  83|0x000000008bd00000, 0x000000008bd00000, 0x000000008be00000|  0%| F|  |TAMS 0x000000008bd00000, 0x000000008bd00000| Untracked 
|  84|0x000000008be00000, 0x000000008be00000, 0x000000008bf00000|  0%| F|  |TAMS 0x000000008be00000, 0x000000008be00000| Untracked 
|  85|0x000000008bf00000, 0x000000008bf00000, 0x000000008c000000|  0%| F|  |TAMS 0x000000008bf00000, 0x000000008bf00000| Untracked 
|  86|0x000000008c000000, 0x000000008c000000, 0x000000008c100000|  0%| F|  |TAMS 0x000000008c000000, 0x000000008c000000| Untracked 
|  87|0x000000008c100000, 0x000000008c100000, 0x000000008c200000|  0%| F|  |TAMS 0x000000008c100000, 0x000000008c100000| Untracked 
|  88|0x000000008c200000, 0x000000008c200000, 0x000000008c300000|  0%| F|  |TAMS 0x000000008c200000, 0x000000008c200000| Untracked 
|  89|0x000000008c300000, 0x000000008c300000, 0x000000008c400000|  0%| F|  |TAMS 0x000000008c300000, 0x000000008c300000| Untracked 
|  90|0x000000008c400000, 0x000000008c400000, 0x000000008c500000|  0%| F|  |TAMS 0x000000008c400000, 0x000000008c400000| Untracked 
|  91|0x000000008c500000, 0x000000008c500000, 0x000000008c600000|  0%| F|  |TAMS 0x000000008c500000, 0x000000008c500000| Untracked 
|  92|0x000000008c600000, 0x000000008c600000, 0x000000008c700000|  0%| F|  |TAMS 0x000000008c600000, 0x000000008c600000| Untracked 
|  93|0x000000008c700000, 0x000000008c700000, 0x000000008c800000|  0%| F|  |TAMS 0x000000008c700000, 0x000000008c700000| Untracked 
|  94|0x000000008c800000, 0x000000008c800000, 0x000000008c900000|  0%| F|  |TAMS 0x000000008c800000, 0x000000008c800000| Untracked 
|  95|0x000000008c900000, 0x000000008c900000, 0x000000008ca00000|  0%| F|  |TAMS 0x000000008c900000, 0x000000008c900000| Untracked 
|  96|0x000000008ca00000, 0x000000008ca00000, 0x000000008cb00000|  0%| F|  |TAMS 0x000000008ca00000, 0x000000008ca00000| Untracked 
|  97|0x000000008cb00000, 0x000000008cb00000, 0x000000008cc00000|  0%| F|  |TAMS 0x000000008cb00000, 0x000000008cb00000| Untracked 
|  98|0x000000008cc00000, 0x000000008cc00000, 0x000000008cd00000|  0%| F|  |TAMS 0x000000008cc00000, 0x000000008cc00000| Untracked 
|  99|0x000000008cd00000, 0x000000008cd00000, 0x000000008ce00000|  0%| F|  |TAMS 0x000000008cd00000, 0x000000008cd00000| Untracked 
| 100|0x000000008ce00000, 0x000000008ce00000, 0x000000008cf00000|  0%| F|  |TAMS 0x000000008ce00000, 0x000000008ce00000| Untracked 
| 101|0x000000008cf00000, 0x000000008cf00000, 0x000000008d000000|  0%| F|  |TAMS 0x000000008cf00000, 0x000000008cf00000| Untracked 
| 102|0x000000008d000000, 0x000000008d000000, 0x000000008d100000|  0%| F|  |TAMS 0x000000008d000000, 0x000000008d000000| Untracked 
| 103|0x000000008d100000, 0x000000008d100000, 0x000000008d200000|  0%| F|  |TAMS 0x000000008d100000, 0x000000008d100000| Untracked 
| 104|0x000000008d200000, 0x000000008d200000, 0x000000008d300000|  0%| F|  |TAMS 0x000000008d200000, 0x000000008d200000| Untracked 
| 105|0x000000008d300000, 0x000000008d300000, 0x000000008d400000|  0%| F|  |TAMS 0x000000008d300000, 0x000000008d300000| Untracked 
| 106|0x000000008d400000, 0x000000008d400000, 0x000000008d500000|  0%| F|  |TAMS 0x000000008d400000, 0x000000008d400000| Untracked 
| 107|0x000000008d500000, 0x000000008d500000, 0x000000008d600000|  0%| F|  |TAMS 0x000000008d500000, 0x000000008d500000| Untracked 
| 108|0x000000008d600000, 0x000000008d600000, 0x000000008d700000|  0%| F|  |TAMS 0x000000008d600000, 0x000000008d600000| Untracked 
| 109|0x000000008d700000, 0x000000008d7f6460, 0x000000008d800000| 96%| E|  |TAMS 0x000000008d700000, 0x000000008d700000| Complete 
| 110|0x000000008d800000, 0x000000008d900000, 0x000000008d900000|100%| E|CS|TAMS 0x000000008d800000, 0x000000008d800000| Complete 
| 111|0x000000008d900000, 0x000000008da00000, 0x000000008da00000|100%| E|CS|TAMS 0x000000008d900000, 0x000000008d900000| Complete 
| 112|0x000000008da00000, 0x000000008db00000, 0x000000008db00000|100%| E|CS|TAMS 0x000000008da00000, 0x000000008da00000| Complete 
| 113|0x000000008db00000, 0x000000008dc00000, 0x000000008dc00000|100%| E|CS|TAMS 0x000000008db00000, 0x000000008db00000| Complete 
| 114|0x000000008dc00000, 0x000000008dd00000, 0x000000008dd00000|100%| E|CS|TAMS 0x000000008dc00000, 0x000000008dc00000| Complete 
| 115|0x000000008dd00000, 0x000000008de00000, 0x000000008de00000|100%| E|CS|TAMS 0x000000008dd00000, 0x000000008dd00000| Complete 
| 116|0x000000008de00000, 0x000000008df00000, 0x000000008df00000|100%| E|CS|TAMS 0x000000008de00000, 0x000000008de00000| Complete 
| 117|0x000000008df00000, 0x000000008e000000, 0x000000008e000000|100%| E|CS|TAMS 0x000000008df00000, 0x000000008df00000| Complete 
| 118|0x000000008e000000, 0x000000008e100000, 0x000000008e100000|100%| E|CS|TAMS 0x000000008e000000, 0x000000008e000000| Complete 
| 119|0x000000008e100000, 0x000000008e200000, 0x000000008e200000|100%| E|CS|TAMS 0x000000008e100000, 0x000000008e100000| Complete 
| 120|0x000000008e200000, 0x000000008e300000, 0x000000008e300000|100%| E|CS|TAMS 0x000000008e200000, 0x000000008e200000| Complete 
| 121|0x000000008e300000, 0x000000008e400000, 0x000000008e400000|100%| E|CS|TAMS 0x000000008e300000, 0x000000008e300000| Complete 
|1940|0x00000000ffe00000, 0x00000000ffe48000, 0x00000000fff00000| 28%|OA|  |TAMS 0x00000000ffe00000, 0x00000000ffe00000| Untracked 
|1941|0x00000000fff00000, 0x00000000fff6c000, 0x0000000100000000| 42%|CA|  |TAMS 0x00000000fff00000, 0x00000000fff00000| Untracked 

Card table byte_map: [0x00007fb865508000,0x00007fb8658d3000] _byte_map_base: 0x00007fb8650d3000

Marking Bits (Prev, Next): (CMBitMap*) 0x00007fb860058208, (CMBitMap*) 0x00007fb860058240
 Prev Bits: [0x00007fb8421a8000, 0x00007fb844000000)
 Next Bits: [0x00007fb840350000, 0x00007fb8421a8000)

Polling page: 0x00007fb866cc4000

Metaspace:

Usage:
  Non-class:      5.72 MB capacity,     3.57 MB ( 62%) used,     2.14 MB ( 37%) free+waste,     7.12 KB ( <1%) overhead. 
      Class:    697.00 KB capacity,   438.18 KB ( 63%) used,   254.95 KB ( 37%) free+waste,     3.88 KB ( <1%) overhead. 
       Both:      6.40 MB capacity,     4.00 MB ( 62%) used,     2.39 MB ( 37%) free+waste,    11.00 KB ( <1%) overhead. 

Virtual space:
  Non-class space:        8.00 MB reserved,       5.75 MB ( 72%) committed 
      Class space:        1.00 GB reserved,     768.00 KB ( <1%) committed 
             Both:        1.01 GB reserved,       6.50 MB ( <1%) committed 

Chunk freelists:
   Non-Class:  29.00 KB
       Class:  7.00 KB
        Both:  36.00 KB

MaxMetaspaceSize: unlimited
CompressedClassSpaceSize: 1.00 GB
Initial GC threshold: 20.80 MB
Current GC threshold: 20.80 MB
CDS: on

CodeHeap 'non-profiled nmethods': size=119172Kb used=238Kb max_used=238Kb free=118933Kb
 bounds [0x00007fb85037a000, 0x00007fb8505ea000, 0x00007fb8577db000]
CodeHeap 'profiled nmethods': size=119168Kb used=1801Kb max_used=1801Kb free=117366Kb
 bounds [0x00007fb848f1a000, 0x00007fb84918a000, 0x00007fb85037a000]
CodeHeap 'non-nmethods': size=7420Kb used=2838Kb max_used=2850Kb free=4581Kb
 bounds [0x00007fb8487db000, 0x00007fb848aab000, 0x00007fb848f1a000]
 total_blobs=1351 nmethods=939 adapters=323
 compilation: enabled
              stopped_count=0, restarted_count=0
 full_count=0

Compilation events (20 events):
Event: 0.457 Thread 0x00007fb800003800 nmethod 926 0x00007fb8490cc810 code [0x00007fb8490cca40, 0x00007fb8490cd020]
Event: 0.457 Thread 0x00007fb800003800  927       3       java.lang.invoke.LambdaForm$NamedFunction::returnType (11 bytes)
Event: 0.457 Thread 0x00007fb814065800 nmethod 925 0x00007fb8490cd310 code [0x00007fb8490cd600, 0x00007fb8490ce490]
Event: 0.457 Thread 0x00007fb814065800  931       3       java.lang.invoke.MemberName::getName (25 bytes)
Event: 0.457 Thread 0x00007fb8601b5800 nmethod 932 0x00007fb8490cea10 code [0x00007fb8490cebe0, 0x00007fb8490cee90]
Event: 0.457 Thread 0x00007fb8601b5800  933       3       jdk.internal.org.objectweb.asm.Frame::push (110 bytes)
Event: 0.458 Thread 0x00007fb814065800 nmethod 931 0x00007fb8490cef90 code [0x00007fb8490cf160, 0x00007fb8490cf4e0]
Event: 0.458 Thread 0x00007fb814065800  930       3       java.lang.invoke.LambdaForm::forceInterpretation (14 bytes)
Event: 0.458 Thread 0x00007fb814065800 nmethod 930 0x00007fb8490cf610 code [0x00007fb8490cf7c0, 0x00007fb8490cf930]
Event: 0.458 Thread 0x00007fb800003800 nmethod 927 0x00007fb8490cf990 code [0x00007fb8490cfba0, 0x00007fb8490d0020]
Event: 0.458 Thread 0x00007fb8601b5800 nmethod 933 0x00007fb8490d0210 code [0x00007fb8490d0400, 0x00007fb8490d0980]
Event: 0.459 Thread 0x00007fb800001800 nmethod 895 0x00007fb8490d0b90 code [0x00007fb8490d1a20, 0x00007fb8490d86f0]
Event: 0.459 Thread 0x00007fb800001800  936       3       java.lang.invoke.InvokerBytecodeGenerator::emitImplicitConversion (159 bytes)
Event: 0.459 Thread 0x00007fb814065800  937       3       jdk.internal.org.objectweb.asm.Frame::get (46 bytes)
Event: 0.459 Thread 0x00007fb814065800 nmethod 937 0x00007fb8490da590 code [0x00007fb8490da740, 0x00007fb8490da950]
Event: 0.460 Thread 0x00007fb800001800 nmethod 936 0x00007fb8490daa10 code [0x00007fb8490dad60, 0x00007fb8490dbe10]
Event: 0.460 Thread 0x00007fb800003800  940       3       sun.invoke.util.Wrapper::forBasicType (16 bytes)
Event: 0.461 Thread 0x00007fb8601ab000  939       4       jdk.internal.org.objectweb.asm.ByteVector::putUTF8 (142 bytes)
Event: 0.461 Thread 0x00007fb800003800 nmethod 940 0x00007fb8490dc390 code [0x00007fb8490dc560, 0x00007fb8490dc6e0]
Event: 0.461 Thread 0x00007fb800025800  941       4       java.util.HashMap::resize (356 bytes)

GC Heap History (0 events):
No events

Deoptimization events (20 events):
Event: 0.393 Thread 0x00007fb860017800 DEOPT PACKING pc=0x00007fb848f5dccf sp=0x00007fb866e0e6b0
Event: 0.393 Thread 0x00007fb860017800 DEOPT UNPACKING pc=0x00007fb84882564a sp=0x00007fb866e0db58 mode 0
Event: 0.394 Thread 0x00007fb860017800 DEOPT PACKING pc=0x00007fb848f5dccf sp=0x00007fb866e0e7b0
Event: 0.394 Thread 0x00007fb860017800 DEOPT UNPACKING pc=0x00007fb84882564a sp=0x00007fb866e0dc58 mode 0
Event: 0.445 Thread 0x00007fb860017800 Uncommon trap: trap_request=0xffffffc6 fr.pc=0x00007fb850384824 relative=0x0000000000000084
Event: 0.445 Thread 0x00007fb860017800 Uncommon trap: reason=bimorphic_or_optimized_type_check action=maybe_recompile pc=0x00007fb850384824 method=java.util.AbstractCollection.isEmpty()Z @ 1 c2
Event: 0.445 Thread 0x00007fb860017800 DEOPT PACKING pc=0x00007fb850384824 sp=0x00007fb866e0e2b0
Event: 0.445 Thread 0x00007fb860017800 DEOPT UNPACKING pc=0x00007fb848824ea5 sp=0x00007fb866e0e260 mode 2
Event: 0.445 Thread 0x00007fb860017800 Uncommon trap: trap_request=0xffffffc6 fr.pc=0x00007fb850384824 relative=0x0000000000000084
Event: 0.445 Thread 0x00007fb860017800 Uncommon trap: reason=bimorphic_or_optimized_type_check action=maybe_recompile pc=0x00007fb850384824 method=java.util.AbstractCollection.isEmpty()Z @ 1 c2
Event: 0.445 Thread 0x00007fb860017800 DEOPT PACKING pc=0x00007fb850384824 sp=0x00007fb866e0e480
Event: 0.445 Thread 0x00007fb860017800 DEOPT UNPACKING pc=0x00007fb848824ea5 sp=0x00007fb866e0e430 mode 2
Event: 0.446 Thread 0x00007fb860017800 Uncommon trap: trap_request=0xffffffc6 fr.pc=0x00007fb850384824 relative=0x0000000000000084
Event: 0.446 Thread 0x00007fb860017800 Uncommon trap: reason=bimorphic_or_optimized_type_check action=maybe_recompile pc=0x00007fb850384824 method=java.util.AbstractCollection.isEmpty()Z @ 1 c2
Event: 0.446 Thread 0x00007fb860017800 DEOPT PACKING pc=0x00007fb850384824 sp=0x00007fb866e0e4a0
Event: 0.446 Thread 0x00007fb860017800 DEOPT UNPACKING pc=0x00007fb848824ea5 sp=0x00007fb866e0e450 mode 2
Event: 0.446 Thread 0x00007fb860017800 Uncommon trap: trap_request=0xffffffc6 fr.pc=0x00007fb850384824 relative=0x0000000000000084
Event: 0.446 Thread 0x00007fb860017800 Uncommon trap: reason=bimorphic_or_optimized_type_check action=maybe_recompile pc=0x00007fb850384824 method=java.util.AbstractCollection.isEmpty()Z @ 1 c2
Event: 0.446 Thread 0x00007fb860017800 DEOPT PACKING pc=0x00007fb850384824 sp=0x00007fb866e0e2b0
Event: 0.446 Thread 0x00007fb860017800 DEOPT UNPACKING pc=0x00007fb848824ea5 sp=0x00007fb866e0e260 mode 2

Classes redefined (0 events):
No events

Internal exceptions (20 events):
Event: 0.133 Thread 0x00007fb860017800 Exception <a 'java/security/PrivilegedActionException'{0x000000008e1b4d48}> (0x000000008e1b4d48) thrown at [src/hotspot/share/prims/jvm.cpp, line 1304]
Event: 0.133 Thread 0x00007fb860017800 Exception <a 'java/security/PrivilegedActionException'{0x000000008e1b56b8}> (0x000000008e1b56b8) thrown at [src/hotspot/share/prims/jvm.cpp, line 1304]
Event: 0.133 Thread 0x00007fb860017800 Exception <a 'java/security/PrivilegedActionException'{0x000000008e1b5988}> (0x000000008e1b5988) thrown at [src/hotspot/share/prims/jvm.cpp, line 1304]
Event: 0.133 Thread 0x00007fb860017800 Exception <a 'java/security/PrivilegedActionException'{0x000000008e1b62f8}> (0x000000008e1b62f8) thrown at [src/hotspot/share/prims/jvm.cpp, line 1304]
Event: 0.133 Thread 0x00007fb860017800 Exception <a 'java/security/PrivilegedActionException'{0x000000008e1b65c8}> (0x000000008e1b65c8) thrown at [src/hotspot/share/prims/jvm.cpp, line 1304]
Event: 0.133 Thread 0x00007fb860017800 Exception <a 'java/security/PrivilegedActionException'{0x000000008e1b6f50}> (0x000000008e1b6f50) thrown at [src/hotspot/share/prims/jvm.cpp, line 1304]
Event: 0.134 Thread 0x00007fb860017800 Exception <a 'java/security/PrivilegedActionException'{0x000000008e1b7220}> (0x000000008e1b7220) thrown at [src/hotspot/share/prims/jvm.cpp, line 1304]
Event: 0.134 Thread 0x00007fb860017800 Exception <a 'java/security/PrivilegedActionException'{0x000000008e1b7ba8}> (0x000000008e1b7ba8) thrown at [src/hotspot/share/prims/jvm.cpp, line 1304]
Event: 0.134 Thread 0x00007fb860017800 Exception <a 'java/security/PrivilegedActionException'{0x000000008e1b7e78}> (0x000000008e1b7e78) thrown at [src/hotspot/share/prims/jvm.cpp, line 1304]
Event: 0.134 Thread 0x00007fb860017800 Exception <a 'java/security/PrivilegedActionException'{0x000000008e1b8800}> (0x000000008e1b8800) thrown at [src/hotspot/share/prims/jvm.cpp, line 1304]
Event: 0.134 Thread 0x00007fb860017800 Exception <a 'java/security/PrivilegedActionException'{0x000000008e1b8ad0}> (0x000000008e1b8ad0) thrown at [src/hotspot/share/prims/jvm.cpp, line 1304]
Event: 0.134 Thread 0x00007fb860017800 Exception <a 'java/security/PrivilegedActionException'{0x000000008e1b9440}> (0x000000008e1b9440) thrown at [src/hotspot/share/prims/jvm.cpp, line 1304]
Event: 0.134 Thread 0x00007fb860017800 Exception <a 'java/security/PrivilegedActionException'{0x000000008e1b9710}> (0x000000008e1b9710) thrown at [src/hotspot/share/prims/jvm.cpp, line 1304]
Event: 0.134 Thread 0x00007fb860017800 Exception <a 'java/security/PrivilegedActionException'{0x000000008e1ba098}> (0x000000008e1ba098) thrown at [src/hotspot/share/prims/jvm.cpp, line 1304]
Event: 0.134 Thread 0x00007fb860017800 Exception <a 'java/security/PrivilegedActionException'{0x000000008e1ba368}> (0x000000008e1ba368) thrown at [src/hotspot/share/prims/jvm.cpp, line 1304]
Event: 0.299 Thread 0x00007fb860017800 Exception <a 'java/lang/NoSuchMethodError'{0x000000008dcba848}: 'int java.lang.invoke.DirectMethodHandle$Holder.invokeStaticInit(java.lang.Object, java.lang.Object, java.lang.Object, java.lang.Object)'> (0x000000008dcba848) thrown at [src/hotspot/share/interpreter/linkResolver.cpp, line 772]
Event: 0.300 Thread 0x00007fb860017800 Exception <a 'java/lang/IncompatibleClassChangeError'{0x000000008dcc45c8}: Found class java.lang.Object, but interface was expected> (0x000000008dcc45c8) thrown at [src/hotspot/share/interpreter/linkResolver.cpp, line 839]
Event: 0.301 Thread 0x00007fb860017800 Exception <a 'java/lang/NoSuchMethodError'{0x000000008dcc7778}: 'void java.lang.invoke.DirectMethodHandle$Holder.invokeStaticInit(java.lang.Object, java.lang.Object)'> (0x000000008dcc7778) thrown at [src/hotspot/share/interpreter/linkResolver.cpp, line 772]
Event: 0.302 Thread 0x00007fb860017800 Exception <a 'java/lang/NoSuchMethodError'{0x000000008dcccbe8}: 'int java.lang.invoke.DirectMethodHandle$Holder.invokeStaticInit(java.lang.Object, java.lang.Object)'> (0x000000008dcccbe8) thrown at [src/hotspot/share/interpreter/linkResolver.cpp, line 772]
Event: 0.460 Thread 0x00007fb860017800 Exception <a 'java/lang/NoSuchMethodError'{0x000000008d78a3a8}: 'java.lang.Object java.lang.invoke.DirectMethodHandle$Holder.invokeVirtual(java.lang.Object, java.lang.Object, java.lang.Object)'> (0x000000008d78a3a8) thrown at [src/hotspot/share/interpreter/linkResolver.cpp, line 772]

Events (20 events):
Event: 0.446 loading class java/lang/invoke/BoundMethodHandle$Species_LLL
Event: 0.446 loading class java/lang/invoke/BoundMethodHandle$Species_LLL done
Event: 0.447 loading class java/lang/invoke/BoundMethodHandle$Species_LLLL
Event: 0.447 loading class java/lang/invoke/BoundMethodHandle$Species_LLLL done
Event: 0.449 loading class java/lang/invoke/BoundMethodHandle$Species_LLLLL
Event: 0.449 loading class java/lang/invoke/BoundMethodHandle$Species_LLLLL done
Event: 0.450 loading class java/lang/invoke/BoundMethodHandle$Species_LLLLLL
Event: 0.450 loading class java/lang/invoke/BoundMethodHandle$Species_LLLLLL done
Event: 0.452 loading class java/lang/invoke/BoundMethodHandle$Species_LLLLLLI
Event: 0.453 loading class java/lang/invoke/BoundMethodHandle$Species_LLLLLLI done
Event: 0.455 loading class java/lang/invoke/BoundMethodHandle$Species_LLLLLLII
Event: 0.455 loading class java/lang/invoke/BoundMethodHandle$Species_LLLLLLII done
Event: 0.458 loading class java/lang/invoke/BoundMethodHandle$Species_LLLLLLIIL
Event: 0.458 loading class java/lang/invoke/BoundMethodHandle$Species_LLLLLLIIL done
Event: 0.460 loading class org/antlr/v4/runtime/tree/ParseTree
Event: 0.460 loading class org/antlr/v4/runtime/tree/ParseTree done
Event: 0.460 loading class SysYParser$BlockItemContext
Event: 0.460 loading class SysYParser$BlockItemContext done
Event: 0.460 loading class LLVMIRVisitor
Event: 0.460 loading class LLVMIRVisitor done


Dynamic libraries:
86a00000-8e400000 rw-p 00000000 00:00 0 
8e400000-ffe00000 ---p 00000000 00:00 0 
ffe00000-ffe48000 rw-p 00b14000 08:20 43898                              /usr/lib/jvm/java-11-openjdk-amd64/lib/server/classes.jsa
ffe48000-fff00000 rw-p 00000000 00:00 0 
fff00000-fff6c000 rw-p 00aa8000 08:20 43898                              /usr/lib/jvm/java-11-openjdk-amd64/lib/server/classes.jsa
fff6c000-100000000 rw-p 00000000 00:00 0 
800000000-800002000 rwxp 00001000 08:20 43898                            /usr/lib/jvm/java-11-openjdk-amd64/lib/server/classes.jsa
800002000-8003ce000 rw-p 00003000 08:20 43898                            /usr/lib/jvm/java-11-openjdk-amd64/lib/server/classes.jsa
8003ce000-800aa6000 r--p 003cf000 08:20 43898                            /usr/lib/jvm/java-11-openjdk-amd64/lib/server/classes.jsa
800aa6000-800aa7000 rw-p 00aa7000 08:20 43898                            /usr/lib/jvm/java-11-openjdk-amd64/lib/server/classes.jsa
840000000-8400c0000 rw-p 00000000 00:00 0 
8400c0000-880000000 ---p 00000000 00:00 0 
5616384c5000-5616384c6000 r--p 00000000 08:20 47754                      /usr/lib/jvm/java-11-openjdk-amd64/bin/java
5616384c6000-5616384c7000 r-xp 00001000 08:20 47754                      /usr/lib/jvm/java-11-openjdk-amd64/bin/java
5616384c7000-5616384c8000 r--p 00002000 08:20 47754                      /usr/lib/jvm/java-11-openjdk-amd64/bin/java
5616384c8000-5616384c9000 r--p 00002000 08:20 47754                      /usr/lib/jvm/java-11-openjdk-amd64/bin/java
5616384c9000-5616384ca000 rw-p 00003000 08:20 47754                      /usr/lib/jvm/java-11-openjdk-amd64/bin/java
561639e47000-561639e68000 rw-p 00000000 00:00 0                          [heap]
7fb7e152c000-7fb7e1e52000 r--p 00000000 08:20 84032                      /home/w/.javacpp/cache/llvm-13.0.1-1.5.7-linux-x86_64.jar/org/bytedeco/llvm/linux-x86_64/libLLVM-13.so
7fb7e1e52000-7fb7e5815000 r-xp 00926000 08:20 84032                      /home/w/.javacpp/cache/llvm-13.0.1-1.5.7-linux-x86_64.jar/org/bytedeco/llvm/linux-x86_64/libLLVM-13.so
7fb7e5815000-7fb7e7a6a000 r--p 042e9000 08:20 84032                      /home/w/.javacpp/cache/llvm-13.0.1-1.5.7-linux-x86_64.jar/org/bytedeco/llvm/linux-x86_64/libLLVM-13.so
7fb7e7a6a000-7fb7e7f7f000 r--p 0653d000 08:20 84032                      /home/w/.javacpp/cache/llvm-13.0.1-1.5.7-linux-x86_64.jar/org/bytedeco/llvm/linux-x86_64/libLLVM-13.so
7fb7e7f7f000-7fb7e7f8a000 rw-p 06a52000 08:20 84032                      /home/w/.javacpp/cache/llvm-13.0.1-1.5.7-linux-x86_64.jar/org/bytedeco/llvm/linux-x86_64/libLLVM-13.so
7fb7e7f8a000-7fb7e8000000 rw-p 00000000 00:00 0 
7fb7e8000000-7fb7e8021000 rw-p 00000000 00:00 0 
7fb7e8021000-7fb7ec000000 ---p 00000000 00:00 0 
7fb7f0000000-7fb7f0021000 rw-p 00000000 00:00 0 
7fb7f0021000-7fb7f4000000 ---p 00000000 00:00 0 
7fb7f4000000-7fb7f4021000 rw-p 00000000 00:00 0 
7fb7f4021000-7fb7f8000000 ---p 00000000 00:00 0 
7fb7f8000000-7fb7f8094000 rw-p 00000000 00:00 0 
7fb7f8094000-7fb7fc000000 ---p 00000000 00:00 0 
7fb7fc000000-7fb7fc0cd000 rw-p 00000000 00:00 0 
7fb7fc0cd000-7fb800000000 ---p 00000000 00:00 0 
7fb800000000-7fb8000c1000 rw-p 00000000 00:00 0 
7fb8000c1000-7fb804000000 ---p 00000000 00:00 0 
7fb804000000-7fb8041e3000 rw-p 00000000 00:00 0 
7fb8041e3000-7fb808000000 ---p 00000000 00:00 0 
7fb808000000-7fb808021000 rw-p 00000000 00:00 0 
7fb808021000-7fb80c000000 ---p 00000000 00:00 0 
7fb80c000000-7fb80c021000 rw-p 00000000 00:00 0 
7fb80c021000-7fb810000000 ---p 00000000 00:00 0 
7fb810000000-7fb8101cb000 rw-p 00000000 00:00 0 
7fb8101cb000-7fb814000000 ---p 00000000 00:00 0 
7fb814000000-7fb81411b000 rw-p 00000000 00:00 0 
7fb81411b000-7fb818000000 ---p 00000000 00:00 0 
7fb818000000-7fb818021000 rw-p 00000000 00:00 0 
7fb818021000-7fb81c000000 ---p 00000000 00:00 0 
7fb81c000000-7fb81c021000 rw-p 00000000 00:00 0 
7fb81c021000-7fb820000000 ---p 00000000 00:00 0 
7fb820000000-7fb820021000 rw-p 00000000 00:00 0 
7fb820021000-7fb824000000 ---p 00000000 00:00 0 
7fb824000000-7fb824021000 rw-p 00000000 00:00 0 
7fb824021000-7fb828000000 ---p 00000000 00:00 0 
7fb828000000-7fb828021000 rw-p 00000000 00:00 0 
7fb828021000-7fb82c000000 ---p 00000000 00:00 0 
7fb82c000000-7fb82c021000 rw-p 00000000 00:00 0 
7fb82c021000-7fb830000000 ---p 00000000 00:00 0 
7fb830000000-7fb830021000 rw-p 00000000 00:00 0 
7fb830021000-7fb834000000 ---p 00000000 00:00 0 
7fb834000000-7fb834021000 rw-p 00000000 00:00 0 
7fb834021000-7fb838000000 ---p 00000000 00:00 0 
7fb838aee000-7fb838b53000 r--p 00000000 08:20 84037                      /home/w/.javacpp/cache/llvm-13.0.1-1.5.7-linux-x86_64.jar/org/bytedeco/llvm/linux-x86_64/libjniLLVM.so
7fb838b53000-7fb838bc1000 r-xp 00065000 08:20 84037                      /home/w/.javacpp/cache/llvm-13.0.1-1.5.7-linux-x86_64.jar/org/bytedeco/llvm/linux-x86_64/libjniLLVM.so
7fb838bc1000-7fb838bec000 r--p 000d3000 08:20 84037                      /home/w/.javacpp/cache/llvm-13.0.1-1.5.7-linux-x86_64.jar/org/bytedeco/llvm/linux-x86_64/libjniLLVM.so
7fb838bec000-7fb838bef000 r--p 000fd000 08:20 84037                      /home/w/.javacpp/cache/llvm-13.0.1-1.5.7-linux-x86_64.jar/org/bytedeco/llvm/linux-x86_64/libjniLLVM.so
7fb838bef000-7fb838bf2000 rw-p 00100000 08:20 84037                      /home/w/.javacpp/cache/llvm-13.0.1-1.5.7-linux-x86_64.jar/org/bytedeco/llvm/linux-x86_64/libjniLLVM.so
7fb838bf2000-7fb838bf4000 rw-p 00000000 00:00 0 
7fb838bf4000-7fb838bf8000 ---p 00000000 00:00 0 
7fb838bf8000-7fb838cf5000 rw-p 00000000 00:00 0 
7fb838cf5000-7fb838cf6000 ---p 00000000 00:00 0 
7fb838cf6000-7fb838df6000 rw-p 00000000 00:00 0 
7fb838df6000-7fb838dfa000 ---p 00000000 00:00 0 
7fb838dfa000-7fb838ef7000 rw-p 00000000 00:00 0 
7fb838ef7000-7fb838efb000 ---p 00000000 00:00 0 
7fb838efb000-7fb838ff8000 rw-p 00000000 00:00 0 
7fb838ff8000-7fb838ffc000 ---p 00000000 00:00 0 
7fb838ffc000-7fb8390f9000 rw-p 00000000 00:00 0 
7fb8390f9000-7fb8390fd000 ---p 00000000 00:00 0 
7fb8390fd000-7fb8391fa000 rw-p 00000000 00:00 0 
7fb8391fa000-7fb8391fe000 ---p 00000000 00:00 0 
7fb8391fe000-7fb8392fb000 rw-p 00000000 00:00 0 
7fb8392fb000-7fb8392ff000 ---p 00000000 00:00 0 
7fb8392ff000-7fb8393fc000 rw-p 00000000 00:00 0 
7fb8393fc000-7fb839400000 ---p 00000000 00:00 0 
7fb839400000-7fb8394fd000 rw-p 00000000 00:00 0 
7fb8394fd000-7fb839501000 ---p 00000000 00:00 0 
7fb839501000-7fb8395fe000 rw-p 00000000 00:00 0 
7fb8395fe000-7fb839602000 ---p 00000000 00:00 0 
7fb839602000-7fb8396ff000 rw-p 00000000 00:00 0 
7fb8396ff000-7fb839703000 ---p 00000000 00:00 0 
7fb839703000-7fb839dc0000 rw-p 00000000 00:00 0 
7fb839dc0000-7fb83a000000 ---p 00000000 00:00 0 
7fb83a000000-7fb83c000000 rw-p 00000000 00:00 0 
7fb83c000000-7fb83c021000 rw-p 00000000 00:00 0 
7fb83c021000-7fb840000000 ---p 00000000 00:00 0 
7fb8400c9000-7fb8400d0000 r--p 00000000 08:20 84033                      /home/w/.javacpp/cache/llvm-13.0.1-1.5.7-linux-x86_64.jar/org/bytedeco/llvm/linux-x86_64/libLTO.so.13
7fb8400d0000-7fb8400d8000 r-xp 00007000 08:20 84033                      /home/w/.javacpp/cache/llvm-13.0.1-1.5.7-linux-x86_64.jar/org/bytedeco/llvm/linux-x86_64/libLTO.so.13
7fb8400d8000-7fb8400da000 r--p 0000f000 08:20 84033                      /home/w/.javacpp/cache/llvm-13.0.1-1.5.7-linux-x86_64.jar/org/bytedeco/llvm/linux-x86_64/libLTO.so.13
7fb8400da000-7fb8400db000 r--p 00010000 08:20 84033                      /home/w/.javacpp/cache/llvm-13.0.1-1.5.7-linux-x86_64.jar/org/bytedeco/llvm/linux-x86_64/libLTO.so.13
7fb8400db000-7fb8400dc000 rw-p 00011000 08:20 84033                      /home/w/.javacpp/cache/llvm-13.0.1-1.5.7-linux-x86_64.jar/org/bytedeco/llvm/linux-x86_64/libLTO.so.13
7fb8400dc000-7fb8400e0000 ---p 00000000 00:00 0 
7fb8400e0000-7fb8401dd000 rw-p 00000000 00:00 0 
7fb8401dd000-7fb840350000 r--p 00000000 08:20 22157                      /usr/lib/locale/C.UTF-8/LC_COLLATE
7fb840350000-7fb840538000 rw-p 00000000 00:00 0 
7fb840538000-7fb8421a0000 ---p 00000000 00:00 0 
7fb8421a0000-7fb842390000 rw-p 00000000 00:00 0 
7fb842390000-7fb843ff8000 ---p 00000000 00:00 0 
7fb843ff8000-7fb844000000 rw-p 00000000 00:00 0 
7fb844000000-7fb844021000 rw-p 00000000 00:00 0 
7fb844021000-7fb848000000 ---p 00000000 00:00 0 
7fb848001000-7fb848005000 r--p 00000000 08:20 84026                      /home/w/.javacpp/cache/javacpp-1.5.7-linux-x86_64.jar/org/bytedeco/javacpp/linux-x86_64/libjnijavacpp.so
7fb848005000-7fb84800c000 r-xp 00004000 08:20 84026                      /home/w/.javacpp/cache/javacpp-1.5.7-linux-x86_64.jar/org/bytedeco/javacpp/linux-x86_64/libjnijavacpp.so
7fb84800c000-7fb848010000 r--p 0000b000 08:20 84026                      /home/w/.javacpp/cache/javacpp-1.5.7-linux-x86_64.jar/org/bytedeco/javacpp/linux-x86_64/libjnijavacpp.so
7fb848010000-7fb848011000 r--p 0000e000 08:20 84026                      /home/w/.javacpp/cache/javacpp-1.5.7-linux-x86_64.jar/org/bytedeco/javacpp/linux-x86_64/libjnijavacpp.so
7fb848011000-7fb848012000 rw-p 0000f000 08:20 84026                      /home/w/.javacpp/cache/javacpp-1.5.7-linux-x86_64.jar/org/bytedeco/javacpp/linux-x86_64/libjnijavacpp.so
7fb848012000-7fb848016000 r--p 00000000 08:20 47903                      /usr/lib/jvm/java-11-openjdk-amd64/lib/libnet.so
7fb848016000-7fb848024000 r-xp 00004000 08:20 47903                      /usr/lib/jvm/java-11-openjdk-amd64/lib/libnet.so
7fb848024000-7fb848028000 r--p 00012000 08:20 47903                      /usr/lib/jvm/java-11-openjdk-amd64/lib/libnet.so
7fb848028000-7fb848029000 r--p 00015000 08:20 47903                      /usr/lib/jvm/java-11-openjdk-amd64/lib/libnet.so
7fb848029000-7fb84802a000 rw-p 00016000 08:20 47903                      /usr/lib/jvm/java-11-openjdk-amd64/lib/libnet.so
7fb84802a000-7fb848031000 r--p 00000000 08:20 47904                      /usr/lib/jvm/java-11-openjdk-amd64/lib/libnio.so
7fb848031000-7fb848039000 r-xp 00007000 08:20 47904                      /usr/lib/jvm/java-11-openjdk-amd64/lib/libnio.so
7fb848039000-7fb84803c000 r--p 0000f000 08:20 47904                      /usr/lib/jvm/java-11-openjdk-amd64/lib/libnio.so
7fb84803c000-7fb84803d000 r--p 00011000 08:20 47904                      /usr/lib/jvm/java-11-openjdk-amd64/lib/libnio.so
7fb84803d000-7fb84803e000 rw-p 00012000 08:20 47904                      /usr/lib/jvm/java-11-openjdk-amd64/lib/libnio.so
7fb84803e000-7fb848070000 r--p 00000000 08:20 22158                      /usr/lib/locale/C.UTF-8/LC_CTYPE
7fb848070000-7fb848356000 r--p 00000000 08:20 2680                       /usr/lib/locale/locale-archive
7fb848356000-7fb84835a000 ---p 00000000 00:00 0 
7fb84835a000-7fb848457000 rw-p 00000000 00:00 0 
7fb848457000-7fb84845b000 ---p 00000000 00:00 0 
7fb84845b000-7fb848558000 rw-p 00000000 00:00 0 
7fb848558000-7fb848559000 ---p 00000000 00:00 0 
7fb848559000-7fb8486da000 rw-p 00000000 00:00 0 
7fb8486da000-7fb8486db000 ---p 00000000 00:00 0 
7fb8486db000-7fb8487db000 rw-p 00000000 00:00 0 
7fb8487db000-7fb848aab000 rwxp 00000000 00:00 0 
7fb848aab000-7fb848f1a000 ---p 00000000 00:00 0 
7fb848f1a000-7fb84918a000 rwxp 00000000 00:00 0 
7fb84918a000-7fb85037a000 ---p 00000000 00:00 0 
7fb85037a000-7fb8505ea000 rwxp 00000000 00:00 0 
7fb8505ea000-7fb8577db000 ---p 00000000 00:00 0 
7fb8577db000-7fb860000000 r--s 00000000 08:20 47913                      /usr/lib/jvm/java-11-openjdk-amd64/lib/modules
7fb860000000-7fb86045e000 rw-p 00000000 00:00 0 
7fb86045e000-7fb864000000 ---p 00000000 00:00 0 
7fb864001000-7fb864002000 r--p 00000000 08:20 84035                      /home/w/.javacpp/cache/llvm-13.0.1-1.5.7-linux-x86_64.jar/org/bytedeco/llvm/linux-x86_64/libRemarks.so.13
7fb864002000-7fb864003000 r-xp 00001000 08:20 84035                      /home/w/.javacpp/cache/llvm-13.0.1-1.5.7-linux-x86_64.jar/org/bytedeco/llvm/linux-x86_64/libRemarks.so.13
7fb864003000-7fb864004000 r--p 00002000 08:20 84035                      /home/w/.javacpp/cache/llvm-13.0.1-1.5.7-linux-x86_64.jar/org/bytedeco/llvm/linux-x86_64/libRemarks.so.13
7fb864004000-7fb864005000 r--p 00002000 08:20 84035                      /home/w/.javacpp/cache/llvm-13.0.1-1.5.7-linux-x86_64.jar/org/bytedeco/llvm/linux-x86_64/libRemarks.so.13
7fb864005000-7fb864006000 rw-p 00003000 08:20 84035                      /home/w/.javacpp/cache/llvm-13.0.1-1.5.7-linux-x86_64.jar/org/bytedeco/llvm/linux-x86_64/libRemarks.so.13
7fb864006000-7fb864007000 r--p 00000000 08:20 47885                      /usr/lib/jvm/java-11-openjdk-amd64/lib/libextnet.so
7fb864007000-7fb864008000 r-xp 00001000 08:20 47885                      /usr/lib/jvm/java-11-openjdk-amd64/lib/libextnet.so
7fb864008000-7fb864009000 r--p 00002000 08:20 47885                      /usr/lib/jvm/java-11-openjdk-amd64/lib/libextnet.so
7fb864009000-7fb86400a000 r--p 00002000 08:20 47885                      /usr/lib/jvm/java-11-openjdk-amd64/lib/libextnet.so
7fb86400a000-7fb86400b000 rw-p 00003000 08:20 47885                      /usr/lib/jvm/java-11-openjdk-amd64/lib/libextnet.so
7fb86400b000-7fb86400c000 r--p 00000000 08:20 22164                      /usr/lib/locale/C.UTF-8/LC_NUMERIC
7fb86400c000-7fb86400d000 r--p 00000000 08:20 22167                      /usr/lib/locale/C.UTF-8/LC_TIME
7fb86400d000-7fb86400e000 r--p 00000000 08:20 22162                      /usr/lib/locale/C.UTF-8/LC_MONETARY
7fb86400e000-7fb86400f000 r--p 00000000 08:20 22161                      /usr/lib/locale/C.UTF-8/LC_MESSAGES/SYS_LC_MESSAGES
7fb86400f000-7fb864010000 r--p 00000000 08:20 22165                      /usr/lib/locale/C.UTF-8/LC_PAPER
7fb864010000-7fb864011000 r--p 00000000 08:20 22163                      /usr/lib/locale/C.UTF-8/LC_NAME
7fb864011000-7fb864018000 r--s 00000000 08:20 42067                      /usr/lib/x86_64-linux-gnu/gconv/gconv-modules.cache
7fb864018000-7fb864073000 rw-p 00000000 00:00 0 
7fb864073000-7fb864074000 ---p 00000000 00:00 0 
7fb864074000-7fb864e81000 rw-p 00000000 00:00 0 
7fb864e81000-7fb864e82000 ---p 00000000 00:00 0 
7fb864e82000-7fb864f82000 rw-p 00000000 00:00 0 
7fb864f82000-7fb864f83000 ---p 00000000 00:00 0 
7fb864f83000-7fb86517a000 rw-p 00000000 00:00 0 
7fb86517a000-7fb865507000 ---p 00000000 00:00 0 
7fb865507000-7fb865545000 rw-p 00000000 00:00 0 
7fb865545000-7fb8658d2000 ---p 00000000 00:00 0 
7fb8658d2000-7fb865910000 rw-p 00000000 00:00 0 
7fb865910000-7fb865c9d000 ---p 00000000 00:00 0 
7fb865c9d000-7fb8669ab000 rw-p 00000000 00:00 0 
7fb8669ab000-7fb8669ac000 ---p 00000000 00:00 0 
7fb8669ac000-7fb866ab1000 rw-p 00000000 00:00 0 
7fb866ab1000-7fb866b95000 ---p 00000000 00:00 0 
7fb866b95000-7fb866b9a000 rw-p 00000000 00:00 0 
7fb866b9a000-7fb866c7e000 ---p 00000000 00:00 0 
7fb866c7e000-7fb866c84000 rw-p 00000000 00:00 0 
7fb866c84000-7fb866c8d000 ---p 00000000 00:00 0 
7fb866c8d000-7fb866c8f000 r--p 00000000 08:20 47912                      /usr/lib/jvm/java-11-openjdk-amd64/lib/libzip.so
7fb866c8f000-7fb866c94000 r-xp 00002000 08:20 47912                      /usr/lib/jvm/java-11-openjdk-amd64/lib/libzip.so
7fb866c94000-7fb866c96000 r--p 00007000 08:20 47912                      /usr/lib/jvm/java-11-openjdk-amd64/lib/libzip.so
7fb866c96000-7fb866c97000 r--p 00008000 08:20 47912                      /usr/lib/jvm/java-11-openjdk-amd64/lib/libzip.so
7fb866c97000-7fb866c98000 rw-p 00009000 08:20 47912                      /usr/lib/jvm/java-11-openjdk-amd64/lib/libzip.so
7fb866c98000-7fb866c9b000 r--p 00000000 08:20 41808                      /usr/lib/x86_64-linux-gnu/libnss_files-2.31.so
7fb866c9b000-7fb866ca2000 r-xp 00003000 08:20 41808                      /usr/lib/x86_64-linux-gnu/libnss_files-2.31.so
7fb866ca2000-7fb866ca4000 r--p 0000a000 08:20 41808                      /usr/lib/x86_64-linux-gnu/libnss_files-2.31.so
7fb866ca4000-7fb866ca5000 r--p 0000b000 08:20 41808                      /usr/lib/x86_64-linux-gnu/libnss_files-2.31.so
7fb866ca5000-7fb866ca6000 rw-p 0000c000 08:20 41808                      /usr/lib/x86_64-linux-gnu/libnss_files-2.31.so
7fb866ca6000-7fb866cac000 rw-p 00000000 00:00 0 
7fb866cac000-7fb866cad000 r--p 00000000 08:20 22156                      /usr/lib/locale/C.UTF-8/LC_ADDRESS
7fb866cad000-7fb866cae000 r--p 00000000 08:20 22166                      /usr/lib/locale/C.UTF-8/LC_TELEPHONE
7fb866cae000-7fb866cb6000 rw-s 00000000 08:20 44961                      /tmp/hsperfdata_w/15264
7fb866cb6000-7fb866cb8000 r--p 00000000 08:20 47887                      /usr/lib/jvm/java-11-openjdk-amd64/lib/libinstrument.so
7fb866cb8000-7fb866cbf000 r-xp 00002000 08:20 47887                      /usr/lib/jvm/java-11-openjdk-amd64/lib/libinstrument.so
7fb866cbf000-7fb866cc2000 r--p 00009000 08:20 47887                      /usr/lib/jvm/java-11-openjdk-amd64/lib/libinstrument.so
7fb866cc2000-7fb866cc3000 r--p 0000b000 08:20 47887                      /usr/lib/jvm/java-11-openjdk-amd64/lib/libinstrument.so
7fb866cc3000-7fb866cc4000 rw-p 0000c000 08:20 47887                      /usr/lib/jvm/java-11-openjdk-amd64/lib/libinstrument.so
7fb866cc4000-7fb866cc5000 ---p 00000000 00:00 0 
7fb866cc5000-7fb866cc6000 r--p 00000000 00:00 0 
7fb866cc6000-7fb866cd4000 r--p 00000000 08:20 47892                      /usr/lib/jvm/java-11-openjdk-amd64/lib/libjava.so
7fb866cd4000-7fb866cea000 r-xp 0000e000 08:20 47892                      /usr/lib/jvm/java-11-openjdk-amd64/lib/libjava.so
7fb866cea000-7fb866cf1000 r--p 00024000 08:20 47892                      /usr/lib/jvm/java-11-openjdk-amd64/lib/libjava.so
7fb866cf1000-7fb866cf2000 r--p 0002a000 08:20 47892                      /usr/lib/jvm/java-11-openjdk-amd64/lib/libjava.so
7fb866cf2000-7fb866cf3000 rw-p 0002b000 08:20 47892                      /usr/lib/jvm/java-11-openjdk-amd64/lib/libjava.so
7fb866cf3000-7fb866cf4000 rw-p 00000000 00:00 0 
7fb866cf4000-7fb866cf9000 r--p 00000000 08:20 47911                      /usr/lib/jvm/java-11-openjdk-amd64/lib/libverify.so
7fb866cf9000-7fb866d00000 r-xp 00005000 08:20 47911                      /usr/lib/jvm/java-11-openjdk-amd64/lib/libverify.so
7fb866d00000-7fb866d02000 r--p 0000c000 08:20 47911                      /usr/lib/jvm/java-11-openjdk-amd64/lib/libverify.so
7fb866d02000-7fb866d03000 ---p 0000e000 08:20 47911                      /usr/lib/jvm/java-11-openjdk-amd64/lib/libverify.so
7fb866d03000-7fb866d05000 r--p 0000e000 08:20 47911                      /usr/lib/jvm/java-11-openjdk-amd64/lib/libverify.so
7fb866d05000-7fb866d06000 rw-p 00010000 08:20 47911                      /usr/lib/jvm/java-11-openjdk-amd64/lib/libverify.so
7fb866d06000-7fb866d08000 r--p 00000000 08:20 41815                      /usr/lib/x86_64-linux-gnu/librt-2.31.so
7fb866d08000-7fb866d0c000 r-xp 00002000 08:20 41815                      /usr/lib/x86_64-linux-gnu/librt-2.31.so
7fb866d0c000-7fb866d0e000 r--p 00006000 08:20 41815                      /usr/lib/x86_64-linux-gnu/librt-2.31.so
7fb866d0e000-7fb866d0f000 r--p 00007000 08:20 41815                      /usr/lib/x86_64-linux-gnu/librt-2.31.so
7fb866d0f000-7fb866d10000 rw-p 00008000 08:20 41815                      /usr/lib/x86_64-linux-gnu/librt-2.31.so
7fb866d10000-7fb866d14000 ---p 00000000 00:00 0 
7fb866d14000-7fb866e11000 rw-p 00000000 00:00 0 
7fb866e11000-7fb866e14000 r--p 00000000 08:20 41776                      /usr/lib/x86_64-linux-gnu/libgcc_s.so.1
7fb866e14000-7fb866e26000 r-xp 00003000 08:20 41776                      /usr/lib/x86_64-linux-gnu/libgcc_s.so.1
7fb866e26000-7fb866e2a000 r--p 00015000 08:20 41776                      /usr/lib/x86_64-linux-gnu/libgcc_s.so.1
7fb866e2a000-7fb866e2b000 r--p 00018000 08:20 41776                      /usr/lib/x86_64-linux-gnu/libgcc_s.so.1
7fb866e2b000-7fb866e2c000 rw-p 00019000 08:20 41776                      /usr/lib/x86_64-linux-gnu/libgcc_s.so.1
7fb866e2c000-7fb866e39000 r--p 00000000 08:20 41802                      /usr/lib/x86_64-linux-gnu/libm-2.31.so
7fb866e39000-7fb866ee0000 r-xp 0000d000 08:20 41802                      /usr/lib/x86_64-linux-gnu/libm-2.31.so
7fb866ee0000-7fb866f79000 r--p 000b4000 08:20 41802                      /usr/lib/x86_64-linux-gnu/libm-2.31.so
7fb866f79000-7fb866f7a000 r--p 0014c000 08:20 41802                      /usr/lib/x86_64-linux-gnu/libm-2.31.so
7fb866f7a000-7fb866f7b000 rw-p 0014d000 08:20 41802                      /usr/lib/x86_64-linux-gnu/libm-2.31.so
7fb866f7b000-7fb867011000 r--p 00000000 08:20 40202                      /usr/lib/x86_64-linux-gnu/libstdc++.so.6.0.28
7fb867011000-7fb867102000 r-xp 00096000 08:20 40202                      /usr/lib/x86_64-linux-gnu/libstdc++.so.6.0.28
7fb867102000-7fb86714b000 r--p 00187000 08:20 40202                      /usr/lib/x86_64-linux-gnu/libstdc++.so.6.0.28
7fb86714b000-7fb86714c000 ---p 001d0000 08:20 40202                      /usr/lib/x86_64-linux-gnu/libstdc++.so.6.0.28
7fb86714c000-7fb867157000 r--p 001d0000 08:20 40202                      /usr/lib/x86_64-linux-gnu/libstdc++.so.6.0.28
7fb867157000-7fb86715a000 rw-p 001db000 08:20 40202                      /usr/lib/x86_64-linux-gnu/libstdc++.so.6.0.28
7fb86715a000-7fb86715d000 rw-p 00000000 00:00 0 
7fb86715d000-7fb8673df000 r--p 00000000 08:20 47918                      /usr/lib/jvm/java-11-openjdk-amd64/lib/server/libjvm.so
7fb8673df000-7fb86806c000 r-xp 00282000 08:20 47918                      /usr/lib/jvm/java-11-openjdk-amd64/lib/server/libjvm.so
7fb86806c000-7fb8682cd000 r--p 00f0f000 08:20 47918                      /usr/lib/jvm/java-11-openjdk-amd64/lib/server/libjvm.so
7fb8682cd000-7fb8682ce000 ---p 01170000 08:20 47918                      /usr/lib/jvm/java-11-openjdk-amd64/lib/server/libjvm.so
7fb8682ce000-7fb868392000 r--p 01170000 08:20 47918                      /usr/lib/jvm/java-11-openjdk-amd64/lib/server/libjvm.so
7fb868392000-7fb8683cd000 rw-p 01234000 08:20 47918                      /usr/lib/jvm/java-11-openjdk-amd64/lib/server/libjvm.so
7fb8683cd000-7fb868426000 rw-p 00000000 00:00 0 
7fb868426000-7fb868448000 r--p 00000000 08:20 41800                      /usr/lib/x86_64-linux-gnu/libc-2.31.so
7fb868448000-7fb8685c0000 r-xp 00022000 08:20 41800                      /usr/lib/x86_64-linux-gnu/libc-2.31.so
7fb8685c0000-7fb86860e000 r--p 0019a000 08:20 41800                      /usr/lib/x86_64-linux-gnu/libc-2.31.so
7fb86860e000-7fb868612000 r--p 001e7000 08:20 41800                      /usr/lib/x86_64-linux-gnu/libc-2.31.so
7fb868612000-7fb868614000 rw-p 001eb000 08:20 41800                      /usr/lib/x86_64-linux-gnu/libc-2.31.so
7fb868614000-7fb868618000 rw-p 00000000 00:00 0 
7fb868618000-7fb868619000 r--p 00000000 08:20 41801                      /usr/lib/x86_64-linux-gnu/libdl-2.31.so
7fb868619000-7fb86861b000 r-xp 00001000 08:20 41801                      /usr/lib/x86_64-linux-gnu/libdl-2.31.so
7fb86861b000-7fb86861c000 r--p 00003000 08:20 41801                      /usr/lib/x86_64-linux-gnu/libdl-2.31.so
7fb86861c000-7fb86861d000 r--p 00003000 08:20 41801                      /usr/lib/x86_64-linux-gnu/libdl-2.31.so
7fb86861d000-7fb86861e000 rw-p 00004000 08:20 41801                      /usr/lib/x86_64-linux-gnu/libdl-2.31.so
7fb86861e000-7fb868621000 r--p 00000000 08:20 47877                      /usr/lib/jvm/java-11-openjdk-amd64/lib/jli/libjli.so
7fb868621000-7fb86862b000 r-xp 00003000 08:20 47877                      /usr/lib/jvm/java-11-openjdk-amd64/lib/jli/libjli.so
7fb86862b000-7fb86862e000 r--p 0000d000 08:20 47877                      /usr/lib/jvm/java-11-openjdk-amd64/lib/jli/libjli.so
7fb86862e000-7fb86862f000 ---p 00010000 08:20 47877                      /usr/lib/jvm/java-11-openjdk-amd64/lib/jli/libjli.so
7fb86862f000-7fb868630000 r--p 00010000 08:20 47877                      /usr/lib/jvm/java-11-openjdk-amd64/lib/jli/libjli.so
7fb868630000-7fb868631000 rw-p 00011000 08:20 47877                      /usr/lib/jvm/java-11-openjdk-amd64/lib/jli/libjli.so
7fb868631000-7fb868637000 r--p 00000000 08:20 41813                      /usr/lib/x86_64-linux-gnu/libpthread-2.31.so
7fb868637000-7fb868648000 r-xp 00006000 08:20 41813                      /usr/lib/x86_64-linux-gnu/libpthread-2.31.so
7fb868648000-7fb86864e000 r--p 00017000 08:20 41813                      /usr/lib/x86_64-linux-gnu/libpthread-2.31.so
7fb86864e000-7fb86864f000 r--p 0001c000 08:20 41813                      /usr/lib/x86_64-linux-gnu/libpthread-2.31.so
7fb86864f000-7fb868650000 rw-p 0001d000 08:20 41813                      /usr/lib/x86_64-linux-gnu/libpthread-2.31.so
7fb868650000-7fb868654000 rw-p 00000000 00:00 0 
7fb868654000-7fb868656000 r--p 00000000 08:20 13174                      /usr/lib/x86_64-linux-gnu/libz.so.1.2.11
7fb868656000-7fb868667000 r-xp 00002000 08:20 13174                      /usr/lib/x86_64-linux-gnu/libz.so.1.2.11
7fb868667000-7fb86866d000 r--p 00013000 08:20 13174                      /usr/lib/x86_64-linux-gnu/libz.so.1.2.11
7fb86866d000-7fb86866e000 ---p 00019000 08:20 13174                      /usr/lib/x86_64-linux-gnu/libz.so.1.2.11
7fb86866e000-7fb86866f000 r--p 00019000 08:20 13174                      /usr/lib/x86_64-linux-gnu/libz.so.1.2.11
7fb86866f000-7fb868670000 rw-p 0001a000 08:20 13174                      /usr/lib/x86_64-linux-gnu/libz.so.1.2.11
7fb868670000-7fb868671000 r--p 00000000 08:20 22160                      /usr/lib/locale/C.UTF-8/LC_MEASUREMENT
7fb868671000-7fb868673000 r--p 00000000 08:20 47895                      /usr/lib/jvm/java-11-openjdk-amd64/lib/libjimage.so
7fb868673000-7fb868676000 r-xp 00002000 08:20 47895                      /usr/lib/jvm/java-11-openjdk-amd64/lib/libjimage.so
7fb868676000-7fb868677000 r--p 00005000 08:20 47895                      /usr/lib/jvm/java-11-openjdk-amd64/lib/libjimage.so
7fb868677000-7fb868678000 ---p 00006000 08:20 47895                      /usr/lib/jvm/java-11-openjdk-amd64/lib/libjimage.so
7fb868678000-7fb868679000 r--p 00006000 08:20 47895                      /usr/lib/jvm/java-11-openjdk-amd64/lib/libjimage.so
7fb868679000-7fb86867a000 rw-p 00007000 08:20 47895                      /usr/lib/jvm/java-11-openjdk-amd64/lib/libjimage.so
7fb86867a000-7fb86867c000 rw-p 00000000 00:00 0 
7fb86867c000-7fb86867d000 r--p 00000000 08:20 40200                      /usr/lib/x86_64-linux-gnu/ld-2.31.so
7fb86867d000-7fb8686a0000 r-xp 00001000 08:20 40200                      /usr/lib/x86_64-linux-gnu/ld-2.31.so
7fb8686a0000-7fb8686a8000 r--p 00024000 08:20 40200                      /usr/lib/x86_64-linux-gnu/ld-2.31.so
7fb8686a8000-7fb8686a9000 r--p 00000000 08:20 22159                      /usr/lib/locale/C.UTF-8/LC_IDENTIFICATION
7fb8686a9000-7fb8686aa000 r--p 0002c000 08:20 40200                      /usr/lib/x86_64-linux-gnu/ld-2.31.so
7fb8686aa000-7fb8686ab000 rw-p 0002d000 08:20 40200                      /usr/lib/x86_64-linux-gnu/ld-2.31.so
7fb8686ab000-7fb8686ac000 rw-p 00000000 00:00 0 
7ffd731e6000-7ffd73207000 rw-p 00000000 00:00 0                          [stack]
7ffd7320b000-7ffd7320f000 r--p 00000000 00:00 0                          [vvar]
7ffd7320f000-7ffd73211000 r-xp 00000000 00:00 0                          [vdso]


VM Arguments:
jvm_args: -javaagent:/home/w/.cache/JetBrains/RemoteDev/dist/2b05049c6fa27_ideaIU-232.9921.28/lib/idea_rt.jar=60721:/home/w/.cache/JetBrains/RemoteDev/dist/2b05049c6fa27_ideaIU-232.9921.28/bin -Dfile.encoding=UTF-8 
java_command: Main
java_class_path (initial): /home/w/.cache/JetBrains/RemoteDev/dist/2b05049c6fa27_ideaIU-232.9921.28/plugins/remote-dev-server/selfcontained/fontconfig/out/production/Lab:/usr/local/lib/antlr-4.9.1-complete.jar:/usr/local/lib/javacpp-1.5.7-linux-x86_64.jar:/usr/local/lib/javacpp-1.5.7.jar:/usr/local/lib/llvm-13.0.1-1.5.7-linux-x86_64.jar:/usr/local/lib/llvm-13.0.1-1.5.7.jar:/usr/local/lib/llvm-platform-13.0.1-1.5.7.jar
Launcher Type: SUN_STANDARD

[Global flags]
     intx CICompilerCount                          = 12                                        {product} {ergonomic}
     uint ConcGCThreads                            = 3                                         {product} {ergonomic}
     uint G1ConcRefinementThreads                  = 13                                        {product} {ergonomic}
   size_t G1HeapRegionSize                         = 1048576                                   {product} {ergonomic}
    uintx GCDrainStackTargetSize                   = 64                                        {product} {ergonomic}
   size_t InitialHeapSize                          = 127926272                                 {product} {ergonomic}
   size_t MarkStackSize                            = 4194304                                   {product} {ergonomic}
   size_t MaxHeapSize                              = 2036334592                                {product} {ergonomic}
   size_t MaxNewSize                               = 1221591040                                {product} {ergonomic}
   size_t MinHeapDeltaBytes                        = 1048576                                   {product} {ergonomic}
    uintx NonNMethodCodeHeapSize                   = 7594288                                {pd product} {ergonomic}
    uintx NonProfiledCodeHeapSize                  = 122031976                              {pd product} {ergonomic}
    uintx ProfiledCodeHeapSize                     = 122031976                              {pd product} {ergonomic}
    uintx ReservedCodeCacheSize                    = 251658240                              {pd product} {ergonomic}
     bool SegmentedCodeCache                       = true                                      {product} {ergonomic}
     bool UseCompressedClassPointers               = true                                 {lp64_product} {ergonomic}
     bool UseCompressedOops                        = true                                 {lp64_product} {ergonomic}
     bool UseG1GC                                  = true                                      {product} {ergonomic}

Logging:
Log output configuration:
 #0: stdout all=warning uptime,level,tags
 #1: stderr all=off uptime,level,tags

Environment Variables:
PATH=/usr/local/sbin:/usr/local/bin:/usr/sbin:/usr/bin:/sbin:/bin:/usr/games:/usr/local/games:/usr/lib/wsl/lib:/mnt/c/Python312/Scripts/:/mnt/c/Python312/:/mnt/c/Program Files (x86)/Common Files/Oracle/Java/javapath:/mnt/c/Windows/system32:/mnt/c/Windows:/mnt/c/Windows/System32/Wbem:/mnt/c/Windows/System32/WindowsPowerShell/v1.0/:/mnt/c/Windows/System32/OpenSSH/:/mnt/d/mingw64/bin:/mnt/d/codes/vx/web/dll:/mnt/d/cod:/mnt/c/ProgramData/chocolatey/bin:/mnt/c/Users/anti/AppData/Local/Google/Chrome/Application:/mnt/e/web/dll:/mnt/d/cod:/mnt/d/Git/cmd:/mnt/c/Users/anti/AppData/Local/Programs/Python/Python310/Scripts/:/mnt/c/Users/anti/AppData/Local/Programs/Python/Python310/:/mnt/c/Users/anti/AppData/Local/Microsoft/WindowsApps:/mnt/d/CLion 2022.2.3/bin:/mnt/d/Microsoft VS Code/bin:/mnt/d/mingw64/bin:/mnt/f/QQGameTempest/Hall.57915/:/mnt/c/Users/anti/AppData/Local/JetBrains/Toolbox/scripts:/mnt/c/Users/anti/AppData/Local/Microsoft/WindowsApps:/mnt/c/Users/anti/AppData/Local/Pandoc/:/mnt/c/Users/anti/AppData/Roaming/npm:/mnt/d/code/appium:/mnt/d/code/android-sdk-windows/platform-tools:/mnt/d/code/android-sdk-windows/tools:/mnt/c/Program Files/Java/jdk1.8.0_301/bin:/mnt/c/Program Files/Java/jdk1.8.0_301/bin:/mnt/d/code/android-sdk-windows/build-tools/29.0.3:/mnt/d/code/appium/node/:/mnt/f/pyCharm/PyCharm 2024.1/bin:/mnt/e/WebStorm 2023.3.4/bin:/snap/bin
SHELL=/bin/bash
DISPLAY=:0
HOSTTYPE=x86_64
LANG=C.UTF-8
TERM=xterm-256color

Signal Handlers:
SIGSEGV: [libjvm.so+0xe9cbc0], sa_mask[0]=11111111011111111101111111111110, sa_flags=SA_RESTART|SA_SIGINFO
SIGBUS: [libjvm.so+0xe9cbc0], sa_mask[0]=11111111011111111101111111111110, sa_flags=SA_RESTART|SA_SIGINFO
SIGFPE: [libjvm.so+0xe9cbc0], sa_mask[0]=11111111011111111101111111111110, sa_flags=SA_RESTART|SA_SIGINFO
SIGPIPE: [libjvm.so+0xbe3c50], sa_mask[0]=11111111011111111101111111111110, sa_flags=SA_RESTART|SA_SIGINFO
SIGXFSZ: [libjvm.so+0xbe3c50], sa_mask[0]=11111111011111111101111111111110, sa_flags=SA_RESTART|SA_SIGINFO
SIGILL: [libjvm.so+0xe9cbc0], sa_mask[0]=11111111011111111101111111111110, sa_flags=SA_RESTART|SA_SIGINFO
SIGUSR2: [libjvm.so+0xbe3af0], sa_mask[0]=00100000000000000000000000000000, sa_flags=SA_RESTART|SA_SIGINFO
SIGHUP: [libjvm.so+0xbe42b0], sa_mask[0]=11111111011111111101111111111110, sa_flags=SA_RESTART|SA_SIGINFO
SIGINT: [libjvm.so+0xbe42b0], sa_mask[0]=11111111011111111101111111111110, sa_flags=SA_RESTART|SA_SIGINFO
SIGTERM: [libjvm.so+0xbe42b0], sa_mask[0]=11111111011111111101111111111110, sa_flags=SA_RESTART|SA_SIGINFO
SIGQUIT: [libjvm.so+0xbe42b0], sa_mask[0]=11111111011111111101111111111110, sa_flags=SA_RESTART|SA_SIGINFO


---------------  S Y S T E M  ---------------

OS:DISTRIB_ID=Ubuntu
DISTRIB_RELEASE=20.04
DISTRIB_CODENAME=focal
DISTRIB_DESCRIPTION="Ubuntu 20.04.6 LTS"
uname:Linux 5.15.153.1-microsoft-standard-WSL2 #1 SMP Fri Mar 29 23:14:13 UTC 2024 x86_64
OS uptime: 0 days 1:08 hours
libc:glibc 2.31 NPTL 2.31 
rlimit (soft/hard): STACK 8192k/infinity , CORE 0k/infinity , NPROC 31039/31039 , NOFILE 1048576/1048576 , AS infinity/infinity , CPU infinity/infinity , DATA infinity/infinity , FSIZE infinity/infinity , MEMLOCK 65536k/65536k
load average:0.34 0.91 1.07

/proc/meminfo:
MemTotal:        7952736 kB
MemFree:         2222788 kB
MemAvailable:    3125152 kB
Buffers:            7884 kB
Cached:          1086332 kB
SwapCached:            0 kB
Active:           244580 kB
Inactive:        4897140 kB
Active(anon):       2180 kB
Inactive(anon):  4048696 kB
Active(file):     242400 kB
Inactive(file):   848444 kB
Unevictable:           0 kB
Mlocked:               0 kB
SwapTotal:       2097152 kB
SwapFree:        2097152 kB
Dirty:             15476 kB
Writeback:             0 kB
AnonPages:       4029584 kB
Mapped:           982136 kB
Shmem:              3372 kB
KReclaimable:      53900 kB
Slab:             161940 kB
SReclaimable:      53900 kB
SUnreclaim:       108040 kB
KernelStack:        7936 kB
PageTables:        16416 kB
NFS_Unstable:          0 kB
Bounce:                0 kB
WritebackTmp:          0 kB
CommitLimit:     6073520 kB
Committed_AS:    4537112 kB
VmallocTotal:   34359738367 kB
VmallocUsed:      104388 kB
VmallocChunk:          0 kB
Percpu:            11136 kB
AnonHugePages:   3121152 kB
ShmemHugePages:        0 kB
ShmemPmdMapped:        0 kB
FileHugePages:         0 kB
FilePmdMapped:         0 kB
HugePages_Total:       0
HugePages_Free:        0
HugePages_Rsvd:        0
HugePages_Surp:        0
Hugepagesize:       2048 kB
Hugetlb:               0 kB
DirectMap4k:      113664 kB
DirectMap2M:     4943872 kB
DirectMap1G:    11534336 kB

/sys/kernel/mm/transparent_hugepage/enabled:
[always] madvise never
/sys/kernel/mm/transparent_hugepage/defrag (defrag/compaction efforts parameter):
always defer defer+madvise [madvise] never

Process Memory:
Virtual Size: 5184236K (peak: 13431804K)
Resident Set Size: 102520K (peak: 102520K) (anon: 46460K, file: 56060K, shmem: 0K)
Swapped out: 0K
C-Heap outstanding allocations: 38873K, retained: 2746K
glibc malloc tunables: (default)

/proc/sys/kernel/threads-max (system-wide limit on the number of threads):
62078
/proc/sys/vm/max_map_count (maximum number of memory map areas a process may have):
65530
/proc/sys/kernel/pid_max (system-wide limit on number of process identifiers):
4194304

container (cgroup) information:
container_type: cgroupv1
cpu_cpuset_cpus: 0-15
cpu_memory_nodes: 0
active_processor_count: 16
cpu_quota: no quota
cpu_period: 100000
cpu_shares: no shares
memory_limit_in_bytes: unlimited
memory_and_swap_limit_in_bytes: unlimited
memory_soft_limit_in_bytes: unlimited
memory_usage_in_bytes: 5124144 k
memory_max_usage_in_bytes: 415708 k
kernel_memory_usage_in_bytes: 20892 k
kernel_memory_max_usage_in_bytes: unlimited
kernel_memory_limit_in_bytes: 26748 k
maximum number of tasks: not supported
current number of tasks: not supported

Hyper-V virtualization detected
Steal ticks since vm start: 0
Steal ticks percentage since vm start:  0.000

CPU:total 16 (initial active 16) (8 cores per cpu, 2 threads per core) family 6 model 154 stepping 3 microcode 0xffffffff, cmov, cx8, fxsr, mmx, sse, sse2, sse3, ssse3, sse4.1, sse4.2, popcnt, avx, avx2, aes, clmul, erms, 3dnowpref, lzcnt, ht, tsc, tscinvbit, bmi1, bmi2, adx, sha, fma
CPU Model and flags from /proc/cpuinfo:
model name	: 12th Gen Intel(R) Core(TM) i5-1240P
flags		: fpu vme de pse tsc msr pae mce cx8 apic sep mtrr pge mca cmov pat pse36 clflush mmx fxsr sse sse2 ss ht syscall nx pdpe1gb rdtscp lm constant_tsc rep_good nopl xtopology tsc_reliable nonstop_tsc cpuid pni pclmulqdq ssse3 fma cx16 sse4_1 sse4_2 x2apic movbe popcnt tsc_deadline_timer aes xsave avx f16c rdrand hypervisor lahf_lm abm 3dnowprefetch ssbd ibrs ibpb stibp ibrs_enhanced fsgsbase tsc_adjust bmi1 avx2 smep bmi2 erms invpcid rdseed adx smap clflushopt clwb sha_ni xsaveopt xsavec xgetbv1 xsaves avx_vnni umip waitpkg gfni vaes vpclmulqdq rdpid movdiri movdir64b fsrm md_clear serialize flush_l1d arch_capabilities
Online cpus:
0-15
Offline cpus:

BIOS frequency limitation:
<Not Available>
Frequency switch latency (ns):
<Not Available>
Available cpu frequencies:
<Not Available>
Current governor:
<Not Available>
Core performance/turbo boost:
<Not Available>

Memory: 4k page, physical 7952736k(2222788k free), swap 2097152k(2097152k free)

vm_info: OpenJDK 64-Bit Server VM (11.0.22+7-post-Ubuntu-0ubuntu220.04.1) for linux-amd64 JRE (11.0.22+7-post-Ubuntu-0ubuntu220.04.1), built on Feb  5 2024 20:49:28 by "unknown" with gcc 10.5.0

END.
