#
# A fatal error has been detected by the Java Runtime Environment:
#
#  SIGSEGV (0xb) at pc=0x00007f53f2158882, pid=235902, tid=235905
#
# JRE version: OpenJDK Runtime Environment (11.0.22+7) (build 11.0.22+7-post-Ubuntu-0ubuntu220.04.1)
# Java VM: OpenJDK 64-Bit Server VM (11.0.22+7-post-Ubuntu-0ubuntu220.04.1, mixed mode, sharing, tiered, compressed oops, g1 gc, linux-amd64)
# Problematic frame:
# C  [libLLVM-13.so+0xc2c882]  LLVMBuildLoad+0x12
#
# No core dump will be written. Core dumps have been disabled. To enable core dumping, try "ulimit -c unlimited" before starting Java again
#
# If you would like to submit a bug report, please visit:
#   https://bugs.launchpad.net/ubuntu/+source/openjdk-lts
# The crash happened outside the Java Virtual Machine in native code.
# See problematic frame for where to report the bug.
#

---------------  S U M M A R Y ------------

Command Line: -javaagent:/home/w/.cache/JetBrains/RemoteDev/dist/1e68f1562c1c7_ideaIU-2023.1.6/lib/idea_rt.jar=60761:/home/w/.cache/JetBrains/RemoteDev/dist/1e68f1562c1c7_ideaIU-2023.1.6/bin -Dfile.encoding=UTF-8 Main

Host: 12th Gen Intel(R) Core(TM) i5-1240P, 16 cores, 7G, Ubuntu 20.04.6 LTS
Time: Mon May 13 17:03:33 2024 HKT elapsed time: 0.253926 seconds (0d 0h 0m 0s)

---------------  T H R E A D  ---------------

Current thread (0x00007f5470017800):  JavaThread "main" [_thread_in_native, id=235905, stack(0x00007f547432b000,0x00007f547442c000)]

Stack: [0x00007f547432b000,0x00007f547442c000],  sp=0x00007f5474429cf0,  free space=1019k
Native frames: (J=compiled Java code, A=aot compiled Java code, j=interpreted, Vv=VM code, C=native code)
C  [libLLVM-13.so+0xc2c882]  LLVMBuildLoad+0x12

Java frames: (J=compiled Java code, j=interpreted, Vv=VM code)
j  org.bytedeco.llvm.global.LLVM.LLVMBuildLoad(Lorg/bytedeco/llvm/LLVM/LLVMBuilderRef;Lorg/bytedeco/llvm/LLVM/LLVMValueRef;Ljava/lang/String;)Lorg/bytedeco/llvm/LLVM/LLVMValueRef;+0
j  MyVisitor.visitLValExp(LSysYParser$LValExpContext;)Lorg/bytedeco/llvm/LLVM/LLVMValueRef;+24
j  MyVisitor.visitLValExp(LSysYParser$LValExpContext;)Ljava/lang/Object;+2
j  SysYParser$LValExpContext.accept(Lorg/antlr/v4/runtime/tree/ParseTreeVisitor;)Ljava/lang/Object;+12
j  org.antlr.v4.runtime.tree.AbstractParseTreeVisitor.visit(Lorg/antlr/v4/runtime/tree/ParseTree;)Ljava/lang/Object;+2
j  MyVisitor.visitStmt(LSysYParser$StmtContext;)Lorg/bytedeco/llvm/LLVM/LLVMValueRef;+13
j  MyVisitor.visitStmt(LSysYParser$StmtContext;)Ljava/lang/Object;+2
j  SysYParser$StmtContext.accept(Lorg/antlr/v4/runtime/tree/ParseTreeVisitor;)Ljava/lang/Object;+12
j  org.antlr.v4.runtime.tree.AbstractParseTreeVisitor.visitChildren(Lorg/antlr/v4/runtime/tree/RuleNode;)Ljava/lang/Object;+46
j  SysYParserBaseVisitor.visitBlockItem(LSysYParser$BlockItemContext;)Ljava/lang/Object;+2
j  SysYParser$BlockItemContext.accept(Lorg/antlr/v4/runtime/tree/ParseTreeVisitor;)Ljava/lang/Object;+12
j  org.antlr.v4.runtime.tree.AbstractParseTreeVisitor.visitChildren(Lorg/antlr/v4/runtime/tree/RuleNode;)Ljava/lang/Object;+46
j  SysYParserBaseVisitor.visitBlock(LSysYParser$BlockContext;)Ljava/lang/Object;+2
j  SysYParser$BlockContext.accept(Lorg/antlr/v4/runtime/tree/ParseTreeVisitor;)Ljava/lang/Object;+12
j  org.antlr.v4.runtime.tree.AbstractParseTreeVisitor.visitChildren(Lorg/antlr/v4/runtime/tree/RuleNode;)Ljava/lang/Object;+46
j  SysYParserBaseVisitor.visitFuncDef(LSysYParser$FuncDefContext;)Ljava/lang/Object;+2
j  MyVisitor.visitFuncDef(LSysYParser$FuncDefContext;)Lorg/bytedeco/llvm/LLVM/LLVMValueRef;+68
j  MyVisitor.visitFuncDef(LSysYParser$FuncDefContext;)Ljava/lang/Object;+2
j  SysYParser$FuncDefContext.accept(Lorg/antlr/v4/runtime/tree/ParseTreeVisitor;)Ljava/lang/Object;+12
j  org.antlr.v4.runtime.tree.AbstractParseTreeVisitor.visitChildren(Lorg/antlr/v4/runtime/tree/RuleNode;)Ljava/lang/Object;+46
j  SysYParserBaseVisitor.visitCompUnit(LSysYParser$CompUnitContext;)Ljava/lang/Object;+2
j  SysYParser$CompUnitContext.accept(Lorg/antlr/v4/runtime/tree/ParseTreeVisitor;)Ljava/lang/Object;+12
j  org.antlr.v4.runtime.tree.AbstractParseTreeVisitor.visitChildren(Lorg/antlr/v4/runtime/tree/RuleNode;)Ljava/lang/Object;+46
j  SysYParserBaseVisitor.visitProgram(LSysYParser$ProgramContext;)Ljava/lang/Object;+2
j  SysYParser$ProgramContext.accept(Lorg/antlr/v4/runtime/tree/ParseTreeVisitor;)Ljava/lang/Object;+12
j  org.antlr.v4.runtime.tree.AbstractParseTreeVisitor.visit(Lorg/antlr/v4/runtime/tree/ParseTree;)Ljava/lang/Object;+2
j  Main.main([Ljava/lang/String;)V+62
v  ~StubRoutines::call_stub

siginfo: si_signo: 11 (SIGSEGV), si_code: 1 (SEGV_MAPERR), si_addr: 0x0000000000000000

Register to memory mapping:

RAX=0x00007f54704a9160 points into unknown readable memory: 0x67726f5f61760061 | 61 00 76 61 5f 6f 72 67
RBX=0x0 is NULL
RCX=0x0000000000000061 is an unknown value
RDX=0x00007f54704a9160 points into unknown readable memory: 0x67726f5f61760061 | 61 00 76 61 5f 6f 72 67
RSP=0x00007f5474429cf0 is pointing into the stack for thread: 0x00007f5470017800
RBP=0x00007f547047e670 points into unknown readable memory: 0x00007f547047e680 | 80 e6 47 70 54 7f 00 00
RSI=0x0 is NULL
RDI=0x00007f547047e670 points into unknown readable memory: 0x00007f547047e680 | 80 e6 47 70 54 7f 00 00
R8 =0x000000008d7a54f0 points into unknown readable memory: 0x0000000000000061 | 61 00 00 00 00 00 00 00
R9 =0x00007f5470017800 is a thread
R10=0xfffffffffffff55a is an unknown value
R11=0x00007f53f2158870: LLVMBuildLoad+0x0000000000000000 in /home/w/.javacpp/cache/llvm-13.0.1-1.5.7-linux-x86_64.jar/org/bytedeco/llvm/linux-x86_64/libLLVM-13.so at 0x00007f53f152c000
R12=0x0 is NULL
R13=0x0 is NULL
R14=0x00007f54704a9160 points into unknown readable memory: 0x67726f5f61760061 | 61 00 76 61 5f 6f 72 67
R15=0x00007f5470017800 is a thread


Registers:
RAX=0x00007f54704a9160, RBX=0x0000000000000000, RCX=0x0000000000000061, RDX=0x00007f54704a9160
RSP=0x00007f5474429cf0, RBP=0x00007f547047e670, RSI=0x0000000000000000, RDI=0x00007f547047e670
R8 =0x000000008d7a54f0, R9 =0x00007f5470017800, R10=0xfffffffffffff55a, R11=0x00007f53f2158870
R12=0x0000000000000000, R13=0x0000000000000000, R14=0x00007f54704a9160, R15=0x00007f5470017800
RIP=0x00007f53f2158882, EFLAGS=0x0000000000010206, CSGSFS=0x002b000000000033, ERR=0x0000000000000004
  TRAPNO=0x000000000000000e

Top of Stack: (sp=0x00007f5474429cf0)
0x00007f5474429cf0:   00007f5470017800 0000000000000000
0x00007f5474429d00:   00007f5470017800 00007f5475adb299
0x00007f5474429d10:   0000000000000002 0000000000000001
0x00007f5474429d20:   00007f54704a9160 00007f547019b6e0 

Instructions: (pc=0x00007f53f2158882)
0x00007f53f2158782:   89 c4 4c 8d 4c 24 40 e8 92 57 09 00 48 8b 7d 50
0x00007f53f2158792:   48 8b 4d 30 4c 89 e6 48 8d 54 24 10 4c 8b 45 38
0x00007f53f21587a2:   48 8b 07 ff 50 10 48 8b 5d 00 8b 6d 08 5a 59 48
0x00007f53f21587b2:   c1 e5 04 48 01 dd 48 39 eb 74 1a 0f 1f 00 48 8b
0x00007f53f21587c2:   53 08 8b 33 4c 89 e7 48 83 c3 10 e8 6e 16 0e 00
0x00007f53f21587d2:   48 39 dd 75 e9 48 83 c4 68 4c 89 e0 5b 5d 41 5c
0x00007f53f21587e2:   41 5d 41 5e 41 5f c3 0f 1f 80 00 00 00 00 41 54
0x00007f53f21587f2:   b8 01 01 00 00 55 48 89 fd 48 89 f7 53 48 83 ec
0x00007f53f2158802:   30 48 8b 75 30 66 89 44 24 20 e8 ef 24 09 00 48
0x00007f53f2158812:   8b 7d 50 48 8b 4d 30 48 89 e2 49 89 c4 4c 8b 45
0x00007f53f2158822:   38 48 8b 07 4c 89 e6 ff 50 10 48 8b 5d 00 8b 6d
0x00007f53f2158832:   08 48 c1 e5 04 48 01 dd 48 39 eb 74 18 90 48 8b
0x00007f53f2158842:   53 08 8b 33 4c 89 e7 48 83 c3 10 e8 ee 15 0e 00
0x00007f53f2158852:   48 39 dd 75 e9 48 83 c4 30 4c 89 e0 5b 5d 41 5c
0x00007f53f2158862:   c3 66 2e 0f 1f 84 00 00 00 00 00 0f 1f 00 41 56
0x00007f53f2158872:   41 55 49 89 f5 41 54 55 48 89 fd 53 48 83 ec 60
0x00007f53f2158882:   48 8b 06 80 3a 00 be 01 01 00 00 4c 8b 70 18 66
0x00007f53f2158892:   89 74 24 20 74 09 48 89 14 24 c6 44 24 20 03 48
0x00007f53f21588a2:   8b 7d 30 e8 d6 15 fc ff 48 89 c7 e8 4e 47 0e 00
0x00007f53f21588b2:   4c 89 f6 48 89 c7 e8 b3 46 01 00 be 01 00 00 00
0x00007f53f21588c2:   bf 40 00 00 00 89 c3 b8 01 01 00 00 66 89 44 24
0x00007f53f21588d2:   50 e8 a8 0a 13 00 48 8d 4c 24 30 41 89 d9 45 31
0x00007f53f21588e2:   c0 48 83 ec 08 48 89 c7 4c 89 ea 4c 89 f6 6a 00
0x00007f53f21588f2:   49 89 c4 e8 26 5d 09 00 48 8b 7d 50 48 8b 4d 30
0x00007f53f2158902:   4c 89 e6 48 8d 54 24 10 4c 8b 45 38 48 8b 07 ff
0x00007f53f2158912:   50 10 48 8b 5d 00 8b 6d 08 5a 59 48 c1 e5 04 48
0x00007f53f2158922:   01 dd 48 39 eb 74 1e 0f 1f 80 00 00 00 00 48 8b
0x00007f53f2158932:   53 08 8b 33 4c 89 e7 48 83 c3 10 e8 fe 14 0e 00
0x00007f53f2158942:   48 39 dd 75 e9 48 83 c4 60 4c 89 e0 5b 5d 41 5c
0x00007f53f2158952:   41 5d 41 5e c3 66 0f 1f 84 00 00 00 00 00 41 56
0x00007f53f2158962:   49 89 d6 41 55 49 89 f5 be 01 01 00 00 41 54 55
0x00007f53f2158972:   48 89 fd 53 48 83 ec 60 80 39 00 66 89 74 24 20 


Stack slot to memory mapping:
stack at sp + 0 slots: 0x00007f5470017800 is a thread
stack at sp + 1 slots: 0x0 is NULL
stack at sp + 2 slots: 0x00007f5470017800 is a thread
stack at sp + 3 slots: 0x00007f5475adb299: __libc_malloc+0x00000000000001b9 in /lib/x86_64-linux-gnu/libc.so.6 at 0x00007f5475a41000
stack at sp + 4 slots: 0x0000000000000002 is an unknown value
stack at sp + 5 slots: 0x0000000000000001 is an unknown value
stack at sp + 6 slots: 0x00007f54704a9160 points into unknown readable memory: 0x67726f5f61760061 | 61 00 76 61 5f 6f 72 67
stack at sp + 7 slots: 0x00007f547019b6e0 points into unknown readable memory: 0x000000008d7a54e0 | e0 54 7a 8d 00 00 00 00


---------------  P R O C E S S  ---------------

Threads class SMR info:
_java_thread_list=0x00007f54703c2090, length=14, elements={
0x00007f5470017800, 0x00007f547019d000, 0x00007f54701a7000, 0x00007f54701af000,
0x00007f54701b1000, 0x00007f54701b3800, 0x00007f54701b5800, 0x00007f54701b7800,
0x00007f541802b800, 0x00007f54701dd800, 0x00007f5410012800, 0x00007f5408011800,
0x00007f5470294000, 0x00007f54703c1800
}

Java Threads: ( => current thread )
=>0x00007f5470017800 JavaThread "main" [_thread_in_native, id=235905, stack(0x00007f547432b000,0x00007f547442c000)]
  0x00007f547019d000 JavaThread "Reference Handler" daemon [_thread_blocked, id=235920, stack(0x00007f543f4fd000,0x00007f543f5fe000)]
  0x00007f54701a7000 JavaThread "Finalizer" daemon [_thread_blocked, id=235921, stack(0x00007f543f3fc000,0x00007f543f4fd000)]
  0x00007f54701af000 JavaThread "Signal Dispatcher" daemon [_thread_blocked, id=235923, stack(0x00007f543eea2000,0x00007f543efa3000)]
  0x00007f54701b1000 JavaThread "Service Thread" daemon [_thread_blocked, id=235924, stack(0x00007f543eda1000,0x00007f543eea2000)]
  0x00007f54701b3800 JavaThread "C2 CompilerThread0" daemon [_thread_blocked, id=235925, stack(0x00007f543eca0000,0x00007f543eda1000)]
  0x00007f54701b5800 JavaThread "C1 CompilerThread0" daemon [_thread_blocked, id=235926, stack(0x00007f543eb9f000,0x00007f543eca0000)]
  0x00007f54701b7800 JavaThread "Sweeper thread" daemon [_thread_blocked, id=235927, stack(0x00007f543ea9e000,0x00007f543eb9f000)]
  0x00007f541802b800 JavaThread "C1 CompilerThread1" daemon [_thread_blocked, id=235928, stack(0x00007f543e99d000,0x00007f543ea9e000)]
  0x00007f54701dd800 JavaThread "Common-Cleaner" daemon [_thread_blocked, id=235931, stack(0x00007f543e89c000,0x00007f543e99d000)]
  0x00007f5410012800 JavaThread "C1 CompilerThread2" daemon [_thread_blocked, id=235932, stack(0x00007f543e79b000,0x00007f543e89c000)]
  0x00007f5408011800 JavaThread "C2 CompilerThread1" daemon [_thread_blocked, id=235935, stack(0x00007f543e69a000,0x00007f543e79b000)]
  0x00007f5470294000 JavaThread "Monitor Ctrl-Break" daemon [_thread_in_native, id=235936, stack(0x00007f543e599000,0x00007f543e69a000)]
  0x00007f54703c1800 JavaThread "JavaCPP Deallocator" daemon [_thread_blocked, id=235940, stack(0x00007f543e397000,0x00007f543e498000)]

Other Threads:
  0x00007f547019a000 VMThread "VM Thread" [stack: 0x00007f543f5ff000,0x00007f543f6ff000] [id=235919]
  0x00007f5470295800 WatcherThread [stack: 0x00007f543e499000,0x00007f543e599000] [id=235937]
  0x00007f547002f800 GCTaskThread "GC Thread#0" [stack: 0x00007f54586db000,0x00007f54587db000] [id=235906]
  0x00007f5470060800 ConcurrentGCThread "G1 Main Marker" [stack: 0x00007f544efe8000,0x00007f544f0e8000] [id=235908]
  0x00007f5470062800 ConcurrentGCThread "G1 Conc#0" [stack: 0x00007f544eee7000,0x00007f544efe7000] [id=235909]
  0x00007f54700fe800 ConcurrentGCThread "G1 Refine#0" [stack: 0x00007f544c0d9000,0x00007f544c1d9000] [id=235911]
  0x00007f5470100800 ConcurrentGCThread "G1 Young RemSet Sampling" [stack: 0x00007f543ff00000,0x00007f5440000000] [id=235913]

Threads with active compile tasks:

VM state:not at safepoint (normal execution)

VM Mutex/Monitor currently owned by a thread: None

Heap address: 0x0000000086a00000, size: 1942 MB, Compressed Oops mode: 32-bit
Narrow klass base: 0x0000000800000000, Narrow klass shift: 3
Compressed class space size: 1073741824 Address: 0x0000000840000000

Heap:
 garbage-first heap   total 126976K, used 11984K [0x0000000086a00000, 0x0000000100000000)
  region size 1024K, 13 young (13312K), 0 survivors (0K)
 Metaspace       used 3914K, capacity 6517K, committed 6912K, reserved 1056768K
  class space    used 420K, capacity 682K, committed 768K, reserved 1048576K
Heap Regions: E=young(eden), S=young(survivor), O=old, HS=humongous(starts), HC=humongous(continues), CS=collection set, F=free, A=archive, TAMS=top-at-mark-start (previous, next)
|   0|0x0000000086a00000, 0x0000000086a00000, 0x0000000086b00000|  0%| F|  |TAMS 0x0000000086a00000, 0x0000000086a00000| Untracked 
|   1|0x0000000086b00000, 0x0000000086b00000, 0x0000000086c00000|  0%| F|  |TAMS 0x0000000086b00000, 0x0000000086b00000| Untracked 
|   2|0x0000000086c00000, 0x0000000086c00000, 0x0000000086d00000|  0%| F|  |TAMS 0x0000000086c00000, 0x0000000086c00000| Untracked 
|   3|0x0000000086d00000, 0x0000000086d00000, 0x0000000086e00000|  0%| F|  |TAMS 0x0000000086d00000, 0x0000000086d00000| Untracked 
|   4|0x0000000086e00000, 0x0000000086e00000, 0x0000000086f00000|  0%| F|  |TAMS 0x0000000086e00000, 0x0000000086e00000| Untracked 
|   5|0x0000000086f00000, 0x0000000086f00000, 0x0000000087000000|  0%| F|  |TAMS 0x0000000086f00000, 0x0000000086f00000| Untracked 
|   6|0x0000000087000000, 0x0000000087000000, 0x0000000087100000|  0%| F|  |TAMS 0x0000000087000000, 0x0000000087000000| Untracked 
|   7|0x0000000087100000, 0x0000000087100000, 0x0000000087200000|  0%| F|  |TAMS 0x0000000087100000, 0x0000000087100000| Untracked 
|   8|0x0000000087200000, 0x0000000087200000, 0x0000000087300000|  0%| F|  |TAMS 0x0000000087200000, 0x0000000087200000| Untracked 
|   9|0x0000000087300000, 0x0000000087300000, 0x0000000087400000|  0%| F|  |TAMS 0x0000000087300000, 0x0000000087300000| Untracked 
|  10|0x0000000087400000, 0x0000000087400000, 0x0000000087500000|  0%| F|  |TAMS 0x0000000087400000, 0x0000000087400000| Untracked 
|  11|0x0000000087500000, 0x0000000087500000, 0x0000000087600000|  0%| F|  |TAMS 0x0000000087500000, 0x0000000087500000| Untracked 
|  12|0x0000000087600000, 0x0000000087600000, 0x0000000087700000|  0%| F|  |TAMS 0x0000000087600000, 0x0000000087600000| Untracked 
|  13|0x0000000087700000, 0x0000000087700000, 0x0000000087800000|  0%| F|  |TAMS 0x0000000087700000, 0x0000000087700000| Untracked 
|  14|0x0000000087800000, 0x0000000087800000, 0x0000000087900000|  0%| F|  |TAMS 0x0000000087800000, 0x0000000087800000| Untracked 
|  15|0x0000000087900000, 0x0000000087900000, 0x0000000087a00000|  0%| F|  |TAMS 0x0000000087900000, 0x0000000087900000| Untracked 
|  16|0x0000000087a00000, 0x0000000087a00000, 0x0000000087b00000|  0%| F|  |TAMS 0x0000000087a00000, 0x0000000087a00000| Untracked 
|  17|0x0000000087b00000, 0x0000000087b00000, 0x0000000087c00000|  0%| F|  |TAMS 0x0000000087b00000, 0x0000000087b00000| Untracked 
|  18|0x0000000087c00000, 0x0000000087c00000, 0x0000000087d00000|  0%| F|  |TAMS 0x0000000087c00000, 0x0000000087c00000| Untracked 
|  19|0x0000000087d00000, 0x0000000087d00000, 0x0000000087e00000|  0%| F|  |TAMS 0x0000000087d00000, 0x0000000087d00000| Untracked 
|  20|0x0000000087e00000, 0x0000000087e00000, 0x0000000087f00000|  0%| F|  |TAMS 0x0000000087e00000, 0x0000000087e00000| Untracked 
|  21|0x0000000087f00000, 0x0000000087f00000, 0x0000000088000000|  0%| F|  |TAMS 0x0000000087f00000, 0x0000000087f00000| Untracked 
|  22|0x0000000088000000, 0x0000000088000000, 0x0000000088100000|  0%| F|  |TAMS 0x0000000088000000, 0x0000000088000000| Untracked 
|  23|0x0000000088100000, 0x0000000088100000, 0x0000000088200000|  0%| F|  |TAMS 0x0000000088100000, 0x0000000088100000| Untracked 
|  24|0x0000000088200000, 0x0000000088200000, 0x0000000088300000|  0%| F|  |TAMS 0x0000000088200000, 0x0000000088200000| Untracked 
|  25|0x0000000088300000, 0x0000000088300000, 0x0000000088400000|  0%| F|  |TAMS 0x0000000088300000, 0x0000000088300000| Untracked 
|  26|0x0000000088400000, 0x0000000088400000, 0x0000000088500000|  0%| F|  |TAMS 0x0000000088400000, 0x0000000088400000| Untracked 
|  27|0x0000000088500000, 0x0000000088500000, 0x0000000088600000|  0%| F|  |TAMS 0x0000000088500000, 0x0000000088500000| Untracked 
|  28|0x0000000088600000, 0x0000000088600000, 0x0000000088700000|  0%| F|  |TAMS 0x0000000088600000, 0x0000000088600000| Untracked 
|  29|0x0000000088700000, 0x0000000088700000, 0x0000000088800000|  0%| F|  |TAMS 0x0000000088700000, 0x0000000088700000| Untracked 
|  30|0x0000000088800000, 0x0000000088800000, 0x0000000088900000|  0%| F|  |TAMS 0x0000000088800000, 0x0000000088800000| Untracked 
|  31|0x0000000088900000, 0x0000000088900000, 0x0000000088a00000|  0%| F|  |TAMS 0x0000000088900000, 0x0000000088900000| Untracked 
|  32|0x0000000088a00000, 0x0000000088a00000, 0x0000000088b00000|  0%| F|  |TAMS 0x0000000088a00000, 0x0000000088a00000| Untracked 
|  33|0x0000000088b00000, 0x0000000088b00000, 0x0000000088c00000|  0%| F|  |TAMS 0x0000000088b00000, 0x0000000088b00000| Untracked 
|  34|0x0000000088c00000, 0x0000000088c00000, 0x0000000088d00000|  0%| F|  |TAMS 0x0000000088c00000, 0x0000000088c00000| Untracked 
|  35|0x0000000088d00000, 0x0000000088d00000, 0x0000000088e00000|  0%| F|  |TAMS 0x0000000088d00000, 0x0000000088d00000| Untracked 
|  36|0x0000000088e00000, 0x0000000088e00000, 0x0000000088f00000|  0%| F|  |TAMS 0x0000000088e00000, 0x0000000088e00000| Untracked 
|  37|0x0000000088f00000, 0x0000000088f00000, 0x0000000089000000|  0%| F|  |TAMS 0x0000000088f00000, 0x0000000088f00000| Untracked 
|  38|0x0000000089000000, 0x0000000089000000, 0x0000000089100000|  0%| F|  |TAMS 0x0000000089000000, 0x0000000089000000| Untracked 
|  39|0x0000000089100000, 0x0000000089100000, 0x0000000089200000|  0%| F|  |TAMS 0x0000000089100000, 0x0000000089100000| Untracked 
|  40|0x0000000089200000, 0x0000000089200000, 0x0000000089300000|  0%| F|  |TAMS 0x0000000089200000, 0x0000000089200000| Untracked 
|  41|0x0000000089300000, 0x0000000089300000, 0x0000000089400000|  0%| F|  |TAMS 0x0000000089300000, 0x0000000089300000| Untracked 
|  42|0x0000000089400000, 0x0000000089400000, 0x0000000089500000|  0%| F|  |TAMS 0x0000000089400000, 0x0000000089400000| Untracked 
|  43|0x0000000089500000, 0x0000000089500000, 0x0000000089600000|  0%| F|  |TAMS 0x0000000089500000, 0x0000000089500000| Untracked 
|  44|0x0000000089600000, 0x0000000089600000, 0x0000000089700000|  0%| F|  |TAMS 0x0000000089600000, 0x0000000089600000| Untracked 
|  45|0x0000000089700000, 0x0000000089700000, 0x0000000089800000|  0%| F|  |TAMS 0x0000000089700000, 0x0000000089700000| Untracked 
|  46|0x0000000089800000, 0x0000000089800000, 0x0000000089900000|  0%| F|  |TAMS 0x0000000089800000, 0x0000000089800000| Untracked 
|  47|0x0000000089900000, 0x0000000089900000, 0x0000000089a00000|  0%| F|  |TAMS 0x0000000089900000, 0x0000000089900000| Untracked 
|  48|0x0000000089a00000, 0x0000000089a00000, 0x0000000089b00000|  0%| F|  |TAMS 0x0000000089a00000, 0x0000000089a00000| Untracked 
|  49|0x0000000089b00000, 0x0000000089b00000, 0x0000000089c00000|  0%| F|  |TAMS 0x0000000089b00000, 0x0000000089b00000| Untracked 
|  50|0x0000000089c00000, 0x0000000089c00000, 0x0000000089d00000|  0%| F|  |TAMS 0x0000000089c00000, 0x0000000089c00000| Untracked 
|  51|0x0000000089d00000, 0x0000000089d00000, 0x0000000089e00000|  0%| F|  |TAMS 0x0000000089d00000, 0x0000000089d00000| Untracked 
|  52|0x0000000089e00000, 0x0000000089e00000, 0x0000000089f00000|  0%| F|  |TAMS 0x0000000089e00000, 0x0000000089e00000| Untracked 
|  53|0x0000000089f00000, 0x0000000089f00000, 0x000000008a000000|  0%| F|  |TAMS 0x0000000089f00000, 0x0000000089f00000| Untracked 
|  54|0x000000008a000000, 0x000000008a000000, 0x000000008a100000|  0%| F|  |TAMS 0x000000008a000000, 0x000000008a000000| Untracked 
|  55|0x000000008a100000, 0x000000008a100000, 0x000000008a200000|  0%| F|  |TAMS 0x000000008a100000, 0x000000008a100000| Untracked 
|  56|0x000000008a200000, 0x000000008a200000, 0x000000008a300000|  0%| F|  |TAMS 0x000000008a200000, 0x000000008a200000| Untracked 
|  57|0x000000008a300000, 0x000000008a300000, 0x000000008a400000|  0%| F|  |TAMS 0x000000008a300000, 0x000000008a300000| Untracked 
|  58|0x000000008a400000, 0x000000008a400000, 0x000000008a500000|  0%| F|  |TAMS 0x000000008a400000, 0x000000008a400000| Untracked 
|  59|0x000000008a500000, 0x000000008a500000, 0x000000008a600000|  0%| F|  |TAMS 0x000000008a500000, 0x000000008a500000| Untracked 
|  60|0x000000008a600000, 0x000000008a600000, 0x000000008a700000|  0%| F|  |TAMS 0x000000008a600000, 0x000000008a600000| Untracked 
|  61|0x000000008a700000, 0x000000008a700000, 0x000000008a800000|  0%| F|  |TAMS 0x000000008a700000, 0x000000008a700000| Untracked 
|  62|0x000000008a800000, 0x000000008a800000, 0x000000008a900000|  0%| F|  |TAMS 0x000000008a800000, 0x000000008a800000| Untracked 
|  63|0x000000008a900000, 0x000000008a900000, 0x000000008aa00000|  0%| F|  |TAMS 0x000000008a900000, 0x000000008a900000| Untracked 
|  64|0x000000008aa00000, 0x000000008aa00000, 0x000000008ab00000|  0%| F|  |TAMS 0x000000008aa00000, 0x000000008aa00000| Untracked 
|  65|0x000000008ab00000, 0x000000008ab00000, 0x000000008ac00000|  0%| F|  |TAMS 0x000000008ab00000, 0x000000008ab00000| Untracked 
|  66|0x000000008ac00000, 0x000000008ac00000, 0x000000008ad00000|  0%| F|  |TAMS 0x000000008ac00000, 0x000000008ac00000| Untracked 
|  67|0x000000008ad00000, 0x000000008ad00000, 0x000000008ae00000|  0%| F|  |TAMS 0x000000008ad00000, 0x000000008ad00000| Untracked 
|  68|0x000000008ae00000, 0x000000008ae00000, 0x000000008af00000|  0%| F|  |TAMS 0x000000008ae00000, 0x000000008ae00000| Untracked 
|  69|0x000000008af00000, 0x000000008af00000, 0x000000008b000000|  0%| F|  |TAMS 0x000000008af00000, 0x000000008af00000| Untracked 
|  70|0x000000008b000000, 0x000000008b000000, 0x000000008b100000|  0%| F|  |TAMS 0x000000008b000000, 0x000000008b000000| Untracked 
|  71|0x000000008b100000, 0x000000008b100000, 0x000000008b200000|  0%| F|  |TAMS 0x000000008b100000, 0x000000008b100000| Untracked 
|  72|0x000000008b200000, 0x000000008b200000, 0x000000008b300000|  0%| F|  |TAMS 0x000000008b200000, 0x000000008b200000| Untracked 
|  73|0x000000008b300000, 0x000000008b300000, 0x000000008b400000|  0%| F|  |TAMS 0x000000008b300000, 0x000000008b300000| Untracked 
|  74|0x000000008b400000, 0x000000008b400000, 0x000000008b500000|  0%| F|  |TAMS 0x000000008b400000, 0x000000008b400000| Untracked 
|  75|0x000000008b500000, 0x000000008b500000, 0x000000008b600000|  0%| F|  |TAMS 0x000000008b500000, 0x000000008b500000| Untracked 
|  76|0x000000008b600000, 0x000000008b600000, 0x000000008b700000|  0%| F|  |TAMS 0x000000008b600000, 0x000000008b600000| Untracked 
|  77|0x000000008b700000, 0x000000008b700000, 0x000000008b800000|  0%| F|  |TAMS 0x000000008b700000, 0x000000008b700000| Untracked 
|  78|0x000000008b800000, 0x000000008b800000, 0x000000008b900000|  0%| F|  |TAMS 0x000000008b800000, 0x000000008b800000| Untracked 
|  79|0x000000008b900000, 0x000000008b900000, 0x000000008ba00000|  0%| F|  |TAMS 0x000000008b900000, 0x000000008b900000| Untracked 
|  80|0x000000008ba00000, 0x000000008ba00000, 0x000000008bb00000|  0%| F|  |TAMS 0x000000008ba00000, 0x000000008ba00000| Untracked 
|  81|0x000000008bb00000, 0x000000008bb00000, 0x000000008bc00000|  0%| F|  |TAMS 0x000000008bb00000, 0x000000008bb00000| Untracked 
|  82|0x000000008bc00000, 0x000000008bc00000, 0x000000008bd00000|  0%| F|  |TAMS 0x000000008bc00000, 0x000000008bc00000| Untracked 
|  83|0x000000008bd00000, 0x000000008bd00000, 0x000000008be00000|  0%| F|  |TAMS 0x000000008bd00000, 0x000000008bd00000| Untracked 
|  84|0x000000008be00000, 0x000000008be00000, 0x000000008bf00000|  0%| F|  |TAMS 0x000000008be00000, 0x000000008be00000| Untracked 
|  85|0x000000008bf00000, 0x000000008bf00000, 0x000000008c000000|  0%| F|  |TAMS 0x000000008bf00000, 0x000000008bf00000| Untracked 
|  86|0x000000008c000000, 0x000000008c000000, 0x000000008c100000|  0%| F|  |TAMS 0x000000008c000000, 0x000000008c000000| Untracked 
|  87|0x000000008c100000, 0x000000008c100000, 0x000000008c200000|  0%| F|  |TAMS 0x000000008c100000, 0x000000008c100000| Untracked 
|  88|0x000000008c200000, 0x000000008c200000, 0x000000008c300000|  0%| F|  |TAMS 0x000000008c200000, 0x000000008c200000| Untracked 
|  89|0x000000008c300000, 0x000000008c300000, 0x000000008c400000|  0%| F|  |TAMS 0x000000008c300000, 0x000000008c300000| Untracked 
|  90|0x000000008c400000, 0x000000008c400000, 0x000000008c500000|  0%| F|  |TAMS 0x000000008c400000, 0x000000008c400000| Untracked 
|  91|0x000000008c500000, 0x000000008c500000, 0x000000008c600000|  0%| F|  |TAMS 0x000000008c500000, 0x000000008c500000| Untracked 
|  92|0x000000008c600000, 0x000000008c600000, 0x000000008c700000|  0%| F|  |TAMS 0x000000008c600000, 0x000000008c600000| Untracked 
|  93|0x000000008c700000, 0x000000008c700000, 0x000000008c800000|  0%| F|  |TAMS 0x000000008c700000, 0x000000008c700000| Untracked 
|  94|0x000000008c800000, 0x000000008c800000, 0x000000008c900000|  0%| F|  |TAMS 0x000000008c800000, 0x000000008c800000| Untracked 
|  95|0x000000008c900000, 0x000000008c900000, 0x000000008ca00000|  0%| F|  |TAMS 0x000000008c900000, 0x000000008c900000| Untracked 
|  96|0x000000008ca00000, 0x000000008ca00000, 0x000000008cb00000|  0%| F|  |TAMS 0x000000008ca00000, 0x000000008ca00000| Untracked 
|  97|0x000000008cb00000, 0x000000008cb00000, 0x000000008cc00000|  0%| F|  |TAMS 0x000000008cb00000, 0x000000008cb00000| Untracked 
|  98|0x000000008cc00000, 0x000000008cc00000, 0x000000008cd00000|  0%| F|  |TAMS 0x000000008cc00000, 0x000000008cc00000| Untracked 
|  99|0x000000008cd00000, 0x000000008cd00000, 0x000000008ce00000|  0%| F|  |TAMS 0x000000008cd00000, 0x000000008cd00000| Untracked 
| 100|0x000000008ce00000, 0x000000008ce00000, 0x000000008cf00000|  0%| F|  |TAMS 0x000000008ce00000, 0x000000008ce00000| Untracked 
| 101|0x000000008cf00000, 0x000000008cf00000, 0x000000008d000000|  0%| F|  |TAMS 0x000000008cf00000, 0x000000008cf00000| Untracked 
| 102|0x000000008d000000, 0x000000008d000000, 0x000000008d100000|  0%| F|  |TAMS 0x000000008d000000, 0x000000008d000000| Untracked 
| 103|0x000000008d100000, 0x000000008d100000, 0x000000008d200000|  0%| F|  |TAMS 0x000000008d100000, 0x000000008d100000| Untracked 
| 104|0x000000008d200000, 0x000000008d200000, 0x000000008d300000|  0%| F|  |TAMS 0x000000008d200000, 0x000000008d200000| Untracked 
| 105|0x000000008d300000, 0x000000008d300000, 0x000000008d400000|  0%| F|  |TAMS 0x000000008d300000, 0x000000008d300000| Untracked 
| 106|0x000000008d400000, 0x000000008d400000, 0x000000008d500000|  0%| F|  |TAMS 0x000000008d400000, 0x000000008d400000| Untracked 
| 107|0x000000008d500000, 0x000000008d500000, 0x000000008d600000|  0%| F|  |TAMS 0x000000008d500000, 0x000000008d500000| Untracked 
| 108|0x000000008d600000, 0x000000008d600000, 0x000000008d700000|  0%| F|  |TAMS 0x000000008d600000, 0x000000008d600000| Untracked 
| 109|0x000000008d700000, 0x000000008d7f6798, 0x000000008d800000| 96%| E|  |TAMS 0x000000008d700000, 0x000000008d700000| Complete 
| 110|0x000000008d800000, 0x000000008d900000, 0x000000008d900000|100%| E|CS|TAMS 0x000000008d800000, 0x000000008d800000| Complete 
| 111|0x000000008d900000, 0x000000008da00000, 0x000000008da00000|100%| E|CS|TAMS 0x000000008d900000, 0x000000008d900000| Complete 
| 112|0x000000008da00000, 0x000000008db00000, 0x000000008db00000|100%| E|CS|TAMS 0x000000008da00000, 0x000000008da00000| Complete 
| 113|0x000000008db00000, 0x000000008dc00000, 0x000000008dc00000|100%| E|CS|TAMS 0x000000008db00000, 0x000000008db00000| Complete 
| 114|0x000000008dc00000, 0x000000008dd00000, 0x000000008dd00000|100%| E|CS|TAMS 0x000000008dc00000, 0x000000008dc00000| Complete 
| 115|0x000000008dd00000, 0x000000008de00000, 0x000000008de00000|100%| E|  |TAMS 0x000000008dd00000, 0x000000008dd00000| Complete 
| 116|0x000000008de00000, 0x000000008df00000, 0x000000008df00000|100%| E|CS|TAMS 0x000000008de00000, 0x000000008de00000| Complete 
| 117|0x000000008df00000, 0x000000008e000000, 0x000000008e000000|100%| E|CS|TAMS 0x000000008df00000, 0x000000008df00000| Complete 
| 118|0x000000008e000000, 0x000000008e100000, 0x000000008e100000|100%| E|CS|TAMS 0x000000008e000000, 0x000000008e000000| Complete 
| 119|0x000000008e100000, 0x000000008e200000, 0x000000008e200000|100%| E|CS|TAMS 0x000000008e100000, 0x000000008e100000| Complete 
| 120|0x000000008e200000, 0x000000008e300000, 0x000000008e300000|100%| E|CS|TAMS 0x000000008e200000, 0x000000008e200000| Complete 
| 121|0x000000008e300000, 0x000000008e400000, 0x000000008e400000|100%| E|CS|TAMS 0x000000008e300000, 0x000000008e300000| Complete 
|1940|0x00000000ffe00000, 0x00000000ffe48000, 0x00000000fff00000| 28%|OA|  |TAMS 0x00000000ffe00000, 0x00000000ffe00000| Untracked 
|1941|0x00000000fff00000, 0x00000000fff6c000, 0x0000000100000000| 42%|CA|  |TAMS 0x00000000fff00000, 0x00000000fff00000| Untracked 

Card table byte_map: [0x00007f5453163000,0x00007f545352e000] _byte_map_base: 0x00007f5452d2e000

Marking Bits (Prev, Next): (CMBitMap*) 0x00007f54700583a8, (CMBitMap*) 0x00007f54700583e0
 Prev Bits: [0x00007f5450f40000, 0x00007f5452d98000)
 Next Bits: [0x00007f544f0e8000, 0x00007f5450f40000)

Polling page: 0x00007f54742df000

Metaspace:

Usage:
  Non-class:      5.70 MB capacity,     3.41 MB ( 60%) used,     2.28 MB ( 40%) free+waste,     5.62 KB ( <1%) overhead. 
      Class:    682.00 KB capacity,   420.11 KB ( 62%) used,   258.95 KB ( 38%) free+waste,     2.94 KB ( <1%) overhead. 
       Both:      6.36 MB capacity,     3.82 MB ( 60%) used,     2.53 MB ( 40%) free+waste,     8.56 KB ( <1%) overhead. 

Virtual space:
  Non-class space:        8.00 MB reserved,       6.00 MB ( 75%) committed 
      Class space:        1.00 GB reserved,     768.00 KB ( <1%) committed 
             Both:        1.01 GB reserved,       6.75 MB ( <1%) committed 

Chunk freelists:
   Non-Class:  57.00 KB
       Class:  22.00 KB
        Both:  79.00 KB

MaxMetaspaceSize: unlimited
CompressedClassSpaceSize: 1.00 GB
Initial GC threshold: 20.80 MB
Current GC threshold: 20.80 MB
CDS: on

CodeHeap 'non-profiled nmethods': size=119172Kb used=199Kb max_used=199Kb free=118972Kb
 bounds [0x00007f546037a000, 0x00007f54605ea000, 0x00007f54677db000]
CodeHeap 'profiled nmethods': size=119168Kb used=1543Kb max_used=1543Kb free=117624Kb
 bounds [0x00007f5458f1a000, 0x00007f545918a000, 0x00007f546037a000]
CodeHeap 'non-nmethods': size=7420Kb used=2270Kb max_used=2295Kb free=5149Kb
 bounds [0x00007f54587db000, 0x00007f5458a4b000, 0x00007f5458f1a000]
 total_blobs=1211 nmethods=807 adapters=316
 compilation: enabled
              stopped_count=0, restarted_count=0
 full_count=0

Compilation events (20 events):
Event: 0.248 Thread 0x00007f541802b800 nmethod 797 0x00007f5459094990 code [0x00007f5459094b60, 0x00007f5459094e90]
Event: 0.248 Thread 0x00007f54701b3800 nmethod 795 0x00007f54603aa590 code [0x00007f54603aa720, 0x00007f54603aa938]
Event: 0.249 Thread 0x00007f5410012800 nmethod 798 0x00007f5459094f90 code [0x00007f5459095220, 0x00007f5459095d00]
Event: 0.249 Thread 0x00007f54701b5800 nmethod 796 0x00007f5459096110 code [0x00007f5459096420, 0x00007f54590975d0]
Event: 0.250 Thread 0x00007f541802b800  799       3       sun.reflect.annotation.AnnotationInvocationHandler::invoke (178 bytes)
Event: 0.250 Thread 0x00007f5410012800  800       3       java.lang.reflect.Method::getParameterCount (6 bytes)
Event: 0.250 Thread 0x00007f5410012800 nmethod 800 0x00007f5459097b10 code [0x00007f5459097cc0, 0x00007f5459097df0]
Event: 0.251 Thread 0x00007f54701b5800  802       3       java.lang.Character::isSurrogate (18 bytes)
Event: 0.251 Thread 0x00007f5410012800  805       3       java.util.Arrays::asList (9 bytes)
Event: 0.251 Thread 0x00007f54701b5800 nmethod 802 0x00007f5459097e90 code [0x00007f5459098040, 0x00007f54590981b0]
Event: 0.251 Thread 0x00007f54701b5800  806       3       java.util.Arrays$ArrayList::<init> (16 bytes)
Event: 0.251 Thread 0x00007f541802b800 nmethod 799 0x00007f5459098210 code [0x00007f5459098520, 0x00007f5459099640]
Event: 0.251 Thread 0x00007f541802b800  803       3       java.util.regex.Pattern::isSupplementary (20 bytes)
Event: 0.251 Thread 0x00007f5410012800 nmethod 805 0x00007f5459099b90 code [0x00007f5459099d80, 0x00007f545909a200]
Event: 0.251 Thread 0x00007f5410012800  807       3       org.bytedeco.javacpp.ClassProperties::addAll (14 bytes)
Event: 0.251 Thread 0x00007f54701b5800 nmethod 806 0x00007f545909a390 code [0x00007f545909a580, 0x00007f545909a980]
Event: 0.251 Thread 0x00007f54701b5800  804       3       java.util.regex.Pattern::has (15 bytes)
Event: 0.251 Thread 0x00007f541802b800 nmethod 803 0x00007f545909ab10 code [0x00007f545909acc0, 0x00007f545909af30]
Event: 0.251 Thread 0x00007f54701b5800 nmethod 804 0x00007f545909b010 code [0x00007f545909b1c0, 0x00007f545909b330]
Event: 0.251 Thread 0x00007f5410012800 nmethod 807 0x00007f545909b390 code [0x00007f545909b5a0, 0x00007f545909bb50]

GC Heap History (0 events):
No events

Deoptimization events (20 events):
Event: 0.188 Thread 0x00007f5470017800 DEOPT PACKING pc=0x00007f5458f6a8a4 sp=0x00007f5474427e80
Event: 0.188 Thread 0x00007f5470017800 DEOPT UNPACKING pc=0x00007f545882564a sp=0x00007f54744272f8 mode 0
Event: 0.190 Thread 0x00007f5470017800 DEOPT PACKING pc=0x00007f5458ff3a88 sp=0x00007f5474427ae0
Event: 0.190 Thread 0x00007f5470017800 DEOPT UNPACKING pc=0x00007f545882564a sp=0x00007f5474426f50 mode 0
Event: 0.202 Thread 0x00007f5470017800 DEOPT PACKING pc=0x00007f5458ff3a88 sp=0x00007f5474428750
Event: 0.203 Thread 0x00007f5470017800 DEOPT UNPACKING pc=0x00007f545882564a sp=0x00007f5474427bc0 mode 0
Event: 0.216 Thread 0x00007f5470017800 DEOPT PACKING pc=0x00007f5458fe0142 sp=0x00007f54744296c0
Event: 0.216 Thread 0x00007f5470017800 DEOPT UNPACKING pc=0x00007f545882564a sp=0x00007f5474428b48 mode 0
Event: 0.216 Thread 0x00007f5470017800 DEOPT PACKING pc=0x00007f5458ff3a88 sp=0x00007f5474429360
Event: 0.216 Thread 0x00007f5470017800 DEOPT UNPACKING pc=0x00007f545882564a sp=0x00007f54744287d0 mode 0
Event: 0.216 Thread 0x00007f5470017800 DEOPT PACKING pc=0x00007f5458f5d44f sp=0x00007f5474429670
Event: 0.216 Thread 0x00007f5470017800 DEOPT UNPACKING pc=0x00007f545882564a sp=0x00007f5474428b18 mode 0
Event: 0.217 Thread 0x00007f5470017800 DEOPT PACKING pc=0x00007f5458f5d44f sp=0x00007f5474429770
Event: 0.217 Thread 0x00007f5470017800 DEOPT UNPACKING pc=0x00007f545882564a sp=0x00007f5474428c18 mode 0
Event: 0.219 Thread 0x00007f5470017800 DEOPT PACKING pc=0x00007f5458ff3a88 sp=0x00007f5474429360
Event: 0.219 Thread 0x00007f5470017800 DEOPT UNPACKING pc=0x00007f545882564a sp=0x00007f54744287d0 mode 0
Event: 0.221 Thread 0x00007f5470017800 DEOPT PACKING pc=0x00007f5458ff3a88 sp=0x00007f5474429360
Event: 0.221 Thread 0x00007f5470017800 DEOPT UNPACKING pc=0x00007f545882564a sp=0x00007f54744287d0 mode 0
Event: 0.223 Thread 0x00007f5470017800 DEOPT PACKING pc=0x00007f5458ff3a88 sp=0x00007f54744293b0
Event: 0.223 Thread 0x00007f5470017800 DEOPT UNPACKING pc=0x00007f545882564a sp=0x00007f5474428820 mode 0

Classes redefined (0 events):
No events

Internal exceptions (20 events):
Event: 0.068 Thread 0x00007f5470017800 Exception <a 'java/security/PrivilegedActionException'{0x000000008e1b4a90}> (0x000000008e1b4a90) thrown at [src/hotspot/share/prims/jvm.cpp, line 1304]
Event: 0.068 Thread 0x00007f5470017800 Exception <a 'java/security/PrivilegedActionException'{0x000000008e1b4d60}> (0x000000008e1b4d60) thrown at [src/hotspot/share/prims/jvm.cpp, line 1304]
Event: 0.068 Thread 0x00007f5470017800 Exception <a 'java/security/PrivilegedActionException'{0x000000008e1b56d0}> (0x000000008e1b56d0) thrown at [src/hotspot/share/prims/jvm.cpp, line 1304]
Event: 0.068 Thread 0x00007f5470017800 Exception <a 'java/security/PrivilegedActionException'{0x000000008e1b59a0}> (0x000000008e1b59a0) thrown at [src/hotspot/share/prims/jvm.cpp, line 1304]
Event: 0.068 Thread 0x00007f5470017800 Exception <a 'java/security/PrivilegedActionException'{0x000000008e1b6310}> (0x000000008e1b6310) thrown at [src/hotspot/share/prims/jvm.cpp, line 1304]
Event: 0.068 Thread 0x00007f5470017800 Exception <a 'java/security/PrivilegedActionException'{0x000000008e1b65e0}> (0x000000008e1b65e0) thrown at [src/hotspot/share/prims/jvm.cpp, line 1304]
Event: 0.068 Thread 0x00007f5470017800 Exception <a 'java/security/PrivilegedActionException'{0x000000008e1b6f68}> (0x000000008e1b6f68) thrown at [src/hotspot/share/prims/jvm.cpp, line 1304]
Event: 0.068 Thread 0x00007f5470017800 Exception <a 'java/security/PrivilegedActionException'{0x000000008e1b7238}> (0x000000008e1b7238) thrown at [src/hotspot/share/prims/jvm.cpp, line 1304]
Event: 0.068 Thread 0x00007f5470017800 Exception <a 'java/security/PrivilegedActionException'{0x000000008e1b7bc0}> (0x000000008e1b7bc0) thrown at [src/hotspot/share/prims/jvm.cpp, line 1304]
Event: 0.068 Thread 0x00007f5470017800 Exception <a 'java/security/PrivilegedActionException'{0x000000008e1b7e90}> (0x000000008e1b7e90) thrown at [src/hotspot/share/prims/jvm.cpp, line 1304]
Event: 0.068 Thread 0x00007f5470017800 Exception <a 'java/security/PrivilegedActionException'{0x000000008e1b8818}> (0x000000008e1b8818) thrown at [src/hotspot/share/prims/jvm.cpp, line 1304]
Event: 0.068 Thread 0x00007f5470017800 Exception <a 'java/security/PrivilegedActionException'{0x000000008e1b8ae8}> (0x000000008e1b8ae8) thrown at [src/hotspot/share/prims/jvm.cpp, line 1304]
Event: 0.069 Thread 0x00007f5470017800 Exception <a 'java/security/PrivilegedActionException'{0x000000008e1b9458}> (0x000000008e1b9458) thrown at [src/hotspot/share/prims/jvm.cpp, line 1304]
Event: 0.069 Thread 0x00007f5470017800 Exception <a 'java/security/PrivilegedActionException'{0x000000008e1b9728}> (0x000000008e1b9728) thrown at [src/hotspot/share/prims/jvm.cpp, line 1304]
Event: 0.069 Thread 0x00007f5470017800 Exception <a 'java/security/PrivilegedActionException'{0x000000008e1ba0b0}> (0x000000008e1ba0b0) thrown at [src/hotspot/share/prims/jvm.cpp, line 1304]
Event: 0.069 Thread 0x00007f5470017800 Exception <a 'java/security/PrivilegedActionException'{0x000000008e1ba380}> (0x000000008e1ba380) thrown at [src/hotspot/share/prims/jvm.cpp, line 1304]
Event: 0.156 Thread 0x00007f5470017800 Exception <a 'java/lang/NoSuchMethodError'{0x000000008dc92280}: 'int java.lang.invoke.DirectMethodHandle$Holder.invokeStaticInit(java.lang.Object, java.lang.Object, java.lang.Object, java.lang.Object)'> (0x000000008dc92280) thrown at [src/hotspot/share/interpreter/linkResolver.cpp, line 772]
Event: 0.157 Thread 0x00007f5470017800 Exception <a 'java/lang/IncompatibleClassChangeError'{0x000000008dc9c000}: Found class java.lang.Object, but interface was expected> (0x000000008dc9c000) thrown at [src/hotspot/share/interpreter/linkResolver.cpp, line 839]
Event: 0.157 Thread 0x00007f5470017800 Exception <a 'java/lang/NoSuchMethodError'{0x000000008dc9f1b0}: 'void java.lang.invoke.DirectMethodHandle$Holder.invokeStaticInit(java.lang.Object, java.lang.Object)'> (0x000000008dc9f1b0) thrown at [src/hotspot/share/interpreter/linkResolver.cpp, line 772]
Event: 0.158 Thread 0x00007f5470017800 Exception <a 'java/lang/NoSuchMethodError'{0x000000008dca4880}: 'int java.lang.invoke.DirectMethodHandle$Holder.invokeStaticInit(java.lang.Object, java.lang.Object)'> (0x000000008dca4880) thrown at [src/hotspot/share/interpreter/linkResolver.cpp, line 772]

Events (20 events):
Event: 0.247 loading class org/bytedeco/llvm/LLVM/LLVMRelocationIteratorRef
Event: 0.247 loading class org/bytedeco/llvm/LLVM/LLVMRelocationIteratorRef done
Event: 0.247 loading class org/bytedeco/llvm/LLVM/LLVMObjectFileRef
Event: 0.247 loading class org/bytedeco/llvm/LLVM/LLVMObjectFileRef done
Event: 0.247 loading class org/bytedeco/llvm/LLVM/LLVMTargetRef
Event: 0.247 loading class org/bytedeco/llvm/LLVM/LLVMTargetRef done
Event: 0.248 loading class org/bytedeco/llvm/LLVM/LLVMPassManagerBuilderRef
Event: 0.248 loading class org/bytedeco/llvm/LLVM/LLVMPassManagerBuilderRef done
Event: 0.248 loading class org/bytedeco/llvm/LLVM/LLVMPassBuilderOptionsRef
Event: 0.248 loading class org/bytedeco/llvm/LLVM/LLVMPassBuilderOptionsRef done
Event: 0.248 loading class org/bytedeco/llvm/LLVM/Pass
Event: 0.248 loading class org/bytedeco/llvm/LLVM/Pass done
Event: 0.248 loading class org/bytedeco/llvm/LLVM/LLVMNamedMDNodeRef
Event: 0.248 loading class org/bytedeco/llvm/LLVM/LLVMNamedMDNodeRef done
Event: 0.248 loading class org/bytedeco/llvm/LLVM/LLVMUseRef
Event: 0.248 loading class org/bytedeco/llvm/LLVM/LLVMUseRef done
Event: 0.251 loading class org/bytedeco/javacpp/PointerScope
Event: 0.251 loading class org/bytedeco/javacpp/PointerScope done
Event: 0.252 loading class org/bytedeco/javacpp/PointerScope$1
Event: 0.252 loading class org/bytedeco/javacpp/PointerScope$1 done


Dynamic libraries:
86a00000-8e400000 rw-p 00000000 00:00 0 
8e400000-ffe00000 ---p 00000000 00:00 0 
ffe00000-ffe48000 rw-p 00b14000 08:20 43898                              /usr/lib/jvm/java-11-openjdk-amd64/lib/server/classes.jsa
ffe48000-fff00000 rw-p 00000000 00:00 0 
fff00000-fff6c000 rw-p 00aa8000 08:20 43898                              /usr/lib/jvm/java-11-openjdk-amd64/lib/server/classes.jsa
fff6c000-100000000 rw-p 00000000 00:00 0 
800000000-800002000 rwxp 00001000 08:20 43898                            /usr/lib/jvm/java-11-openjdk-amd64/lib/server/classes.jsa
800002000-8003ce000 rw-p 00003000 08:20 43898                            /usr/lib/jvm/java-11-openjdk-amd64/lib/server/classes.jsa
8003ce000-800aa6000 r--p 003cf000 08:20 43898                            /usr/lib/jvm/java-11-openjdk-amd64/lib/server/classes.jsa
800aa6000-800aa7000 rw-p 00aa7000 08:20 43898                            /usr/lib/jvm/java-11-openjdk-amd64/lib/server/classes.jsa
840000000-8400c0000 rw-p 00000000 00:00 0 
8400c0000-880000000 ---p 00000000 00:00 0 
55717ca37000-55717ca38000 r--p 00000000 08:20 47754                      /usr/lib/jvm/java-11-openjdk-amd64/bin/java
55717ca38000-55717ca39000 r-xp 00001000 08:20 47754                      /usr/lib/jvm/java-11-openjdk-amd64/bin/java
55717ca39000-55717ca3a000 r--p 00002000 08:20 47754                      /usr/lib/jvm/java-11-openjdk-amd64/bin/java
55717ca3a000-55717ca3b000 r--p 00002000 08:20 47754                      /usr/lib/jvm/java-11-openjdk-amd64/bin/java
55717ca3b000-55717ca3c000 rw-p 00003000 08:20 47754                      /usr/lib/jvm/java-11-openjdk-amd64/bin/java
55717e4cb000-55717e4ec000 rw-p 00000000 00:00 0                          [heap]
7f53f152c000-7f53f1e52000 r--p 00000000 08:20 84032                      /home/w/.javacpp/cache/llvm-13.0.1-1.5.7-linux-x86_64.jar/org/bytedeco/llvm/linux-x86_64/libLLVM-13.so
7f53f1e52000-7f53f5815000 r-xp 00926000 08:20 84032                      /home/w/.javacpp/cache/llvm-13.0.1-1.5.7-linux-x86_64.jar/org/bytedeco/llvm/linux-x86_64/libLLVM-13.so
7f53f5815000-7f53f7a6a000 r--p 042e9000 08:20 84032                      /home/w/.javacpp/cache/llvm-13.0.1-1.5.7-linux-x86_64.jar/org/bytedeco/llvm/linux-x86_64/libLLVM-13.so
7f53f7a6a000-7f53f7f7f000 r--p 0653d000 08:20 84032                      /home/w/.javacpp/cache/llvm-13.0.1-1.5.7-linux-x86_64.jar/org/bytedeco/llvm/linux-x86_64/libLLVM-13.so
7f53f7f7f000-7f53f7f8a000 rw-p 06a52000 08:20 84032                      /home/w/.javacpp/cache/llvm-13.0.1-1.5.7-linux-x86_64.jar/org/bytedeco/llvm/linux-x86_64/libLLVM-13.so
7f53f7f8a000-7f53f8000000 rw-p 00000000 00:00 0 
7f53f8000000-7f53f8021000 rw-p 00000000 00:00 0 
7f53f8021000-7f53fc000000 ---p 00000000 00:00 0 
7f5400000000-7f5400021000 rw-p 00000000 00:00 0 
7f5400021000-7f5404000000 ---p 00000000 00:00 0 
7f5404000000-7f5404021000 rw-p 00000000 00:00 0 
7f5404021000-7f5408000000 ---p 00000000 00:00 0 
7f5408000000-7f5408139000 rw-p 00000000 00:00 0 
7f5408139000-7f540c000000 ---p 00000000 00:00 0 
7f540c000000-7f540c131000 rw-p 00000000 00:00 0 
7f540c131000-7f5410000000 ---p 00000000 00:00 0 
7f5410000000-7f54101a5000 rw-p 00000000 00:00 0 
7f54101a5000-7f5414000000 ---p 00000000 00:00 0 
7f5414000000-7f5414021000 rw-p 00000000 00:00 0 
7f5414021000-7f5418000000 ---p 00000000 00:00 0 
7f5418000000-7f541817a000 rw-p 00000000 00:00 0 
7f541817a000-7f541c000000 ---p 00000000 00:00 0 
7f541c000000-7f541c021000 rw-p 00000000 00:00 0 
7f541c021000-7f5420000000 ---p 00000000 00:00 0 
7f5420000000-7f5420021000 rw-p 00000000 00:00 0 
7f5420021000-7f5424000000 ---p 00000000 00:00 0 
7f5424000000-7f54241d4000 rw-p 00000000 00:00 0 
7f54241d4000-7f5428000000 ---p 00000000 00:00 0 
7f5428000000-7f5428021000 rw-p 00000000 00:00 0 
7f5428021000-7f542c000000 ---p 00000000 00:00 0 
7f542c000000-7f542c021000 rw-p 00000000 00:00 0 
7f542c021000-7f5430000000 ---p 00000000 00:00 0 
7f5430000000-7f5430021000 rw-p 00000000 00:00 0 
7f5430021000-7f5434000000 ---p 00000000 00:00 0 
7f5434000000-7f5434021000 rw-p 00000000 00:00 0 
7f5434021000-7f5438000000 ---p 00000000 00:00 0 
7f5438000000-7f5438021000 rw-p 00000000 00:00 0 
7f5438021000-7f543c000000 ---p 00000000 00:00 0 
7f543e291000-7f543e2f6000 r--p 00000000 08:20 84037                      /home/w/.javacpp/cache/llvm-13.0.1-1.5.7-linux-x86_64.jar/org/bytedeco/llvm/linux-x86_64/libjniLLVM.so
7f543e2f6000-7f543e364000 r-xp 00065000 08:20 84037                      /home/w/.javacpp/cache/llvm-13.0.1-1.5.7-linux-x86_64.jar/org/bytedeco/llvm/linux-x86_64/libjniLLVM.so
7f543e364000-7f543e38f000 r--p 000d3000 08:20 84037                      /home/w/.javacpp/cache/llvm-13.0.1-1.5.7-linux-x86_64.jar/org/bytedeco/llvm/linux-x86_64/libjniLLVM.so
7f543e38f000-7f543e392000 r--p 000fd000 08:20 84037                      /home/w/.javacpp/cache/llvm-13.0.1-1.5.7-linux-x86_64.jar/org/bytedeco/llvm/linux-x86_64/libjniLLVM.so
7f543e392000-7f543e395000 rw-p 00100000 08:20 84037                      /home/w/.javacpp/cache/llvm-13.0.1-1.5.7-linux-x86_64.jar/org/bytedeco/llvm/linux-x86_64/libjniLLVM.so
7f543e395000-7f543e397000 rw-p 00000000 00:00 0 
7f543e397000-7f543e39b000 ---p 00000000 00:00 0 
7f543e39b000-7f543e498000 rw-p 00000000 00:00 0 
7f543e498000-7f543e499000 ---p 00000000 00:00 0 
7f543e499000-7f543e599000 rw-p 00000000 00:00 0 
7f543e599000-7f543e59d000 ---p 00000000 00:00 0 
7f543e59d000-7f543e69a000 rw-p 00000000 00:00 0 
7f543e69a000-7f543e69e000 ---p 00000000 00:00 0 
7f543e69e000-7f543e79b000 rw-p 00000000 00:00 0 
7f543e79b000-7f543e79f000 ---p 00000000 00:00 0 
7f543e79f000-7f543e89c000 rw-p 00000000 00:00 0 
7f543e89c000-7f543e8a0000 ---p 00000000 00:00 0 
7f543e8a0000-7f543e99d000 rw-p 00000000 00:00 0 
7f543e99d000-7f543e9a1000 ---p 00000000 00:00 0 
7f543e9a1000-7f543ea9e000 rw-p 00000000 00:00 0 
7f543ea9e000-7f543eaa2000 ---p 00000000 00:00 0 
7f543eaa2000-7f543eb9f000 rw-p 00000000 00:00 0 
7f543eb9f000-7f543eba3000 ---p 00000000 00:00 0 
7f543eba3000-7f543eca0000 rw-p 00000000 00:00 0 
7f543eca0000-7f543eca4000 ---p 00000000 00:00 0 
7f543eca4000-7f543eda1000 rw-p 00000000 00:00 0 
7f543eda1000-7f543eda5000 ---p 00000000 00:00 0 
7f543eda5000-7f543eea2000 rw-p 00000000 00:00 0 
7f543eea2000-7f543eea6000 ---p 00000000 00:00 0 
7f543eea6000-7f543efa3000 rw-p 00000000 00:00 0 
7f543efa3000-7f543f116000 r--p 00000000 08:20 22157                      /usr/lib/locale/C.UTF-8/LC_COLLATE
7f543f116000-7f543f3fc000 r--p 00000000 08:20 2680                       /usr/lib/locale/locale-archive
7f543f3fc000-7f543f400000 ---p 00000000 00:00 0 
7f543f400000-7f543f4fd000 rw-p 00000000 00:00 0 
7f543f4fd000-7f543f501000 ---p 00000000 00:00 0 
7f543f501000-7f543f5fe000 rw-p 00000000 00:00 0 
7f543f5fe000-7f543f5ff000 ---p 00000000 00:00 0 
7f543f5ff000-7f543fcff000 rw-p 00000000 00:00 0 
7f543fcff000-7f543feff000 ---p 00000000 00:00 0 
7f543feff000-7f543ff00000 ---p 00000000 00:00 0 
7f543ff00000-7f5440000000 rw-p 00000000 00:00 0 
7f5440000000-7f5440021000 rw-p 00000000 00:00 0 
7f5440021000-7f5444000000 ---p 00000000 00:00 0 
7f5444000000-7f5444021000 rw-p 00000000 00:00 0 
7f5444021000-7f5448000000 ---p 00000000 00:00 0 
7f5448000000-7f5448021000 rw-p 00000000 00:00 0 
7f5448021000-7f544c000000 ---p 00000000 00:00 0 
7f544c044000-7f544c04b000 r--p 00000000 08:20 84033                      /home/w/.javacpp/cache/llvm-13.0.1-1.5.7-linux-x86_64.jar/org/bytedeco/llvm/linux-x86_64/libLTO.so.13
7f544c04b000-7f544c053000 r-xp 00007000 08:20 84033                      /home/w/.javacpp/cache/llvm-13.0.1-1.5.7-linux-x86_64.jar/org/bytedeco/llvm/linux-x86_64/libLTO.so.13
7f544c053000-7f544c055000 r--p 0000f000 08:20 84033                      /home/w/.javacpp/cache/llvm-13.0.1-1.5.7-linux-x86_64.jar/org/bytedeco/llvm/linux-x86_64/libLTO.so.13
7f544c055000-7f544c056000 r--p 00010000 08:20 84033                      /home/w/.javacpp/cache/llvm-13.0.1-1.5.7-linux-x86_64.jar/org/bytedeco/llvm/linux-x86_64/libLTO.so.13
7f544c056000-7f544c057000 rw-p 00011000 08:20 84033                      /home/w/.javacpp/cache/llvm-13.0.1-1.5.7-linux-x86_64.jar/org/bytedeco/llvm/linux-x86_64/libLTO.so.13
7f544c057000-7f544c0d8000 rw-p 00000000 00:00 0 
7f544c0d8000-7f544c0d9000 ---p 00000000 00:00 0 
7f544c0d9000-7f544eee6000 rw-p 00000000 00:00 0 
7f544eee6000-7f544eee7000 ---p 00000000 00:00 0 
7f544eee7000-7f544efe7000 rw-p 00000000 00:00 0 
7f544efe7000-7f544efe8000 ---p 00000000 00:00 0 
7f544efe8000-7f544f2d0000 rw-p 00000000 00:00 0 
7f544f2d0000-7f5450f38000 ---p 00000000 00:00 0 
7f5450f38000-7f5451128000 rw-p 00000000 00:00 0 
7f5451128000-7f5452d90000 ---p 00000000 00:00 0 
7f5452d90000-7f5452dd5000 rw-p 00000000 00:00 0 
7f5452dd5000-7f5453162000 ---p 00000000 00:00 0 
7f5453162000-7f54531a0000 rw-p 00000000 00:00 0 
7f54531a0000-7f545352d000 ---p 00000000 00:00 0 
7f545352d000-7f545356b000 rw-p 00000000 00:00 0 
7f545356b000-7f54538f8000 ---p 00000000 00:00 0 
7f54538f8000-7f5454000000 rw-p 00000000 00:00 0 
7f5454000000-7f5454021000 rw-p 00000000 00:00 0 
7f5454021000-7f5458000000 ---p 00000000 00:00 0 
7f5458000000-7f5458001000 r--p 00000000 08:20 84035                      /home/w/.javacpp/cache/llvm-13.0.1-1.5.7-linux-x86_64.jar/org/bytedeco/llvm/linux-x86_64/libRemarks.so.13
7f5458001000-7f5458002000 r-xp 00001000 08:20 84035                      /home/w/.javacpp/cache/llvm-13.0.1-1.5.7-linux-x86_64.jar/org/bytedeco/llvm/linux-x86_64/libRemarks.so.13
7f5458002000-7f5458003000 r--p 00002000 08:20 84035                      /home/w/.javacpp/cache/llvm-13.0.1-1.5.7-linux-x86_64.jar/org/bytedeco/llvm/linux-x86_64/libRemarks.so.13
7f5458003000-7f5458004000 r--p 00002000 08:20 84035                      /home/w/.javacpp/cache/llvm-13.0.1-1.5.7-linux-x86_64.jar/org/bytedeco/llvm/linux-x86_64/libRemarks.so.13
7f5458004000-7f5458005000 rw-p 00003000 08:20 84035                      /home/w/.javacpp/cache/llvm-13.0.1-1.5.7-linux-x86_64.jar/org/bytedeco/llvm/linux-x86_64/libRemarks.so.13
7f5458005000-7f5458009000 r--p 00000000 08:20 84026                      /home/w/.javacpp/cache/javacpp-1.5.7-linux-x86_64.jar/org/bytedeco/javacpp/linux-x86_64/libjnijavacpp.so
7f5458009000-7f5458010000 r-xp 00004000 08:20 84026                      /home/w/.javacpp/cache/javacpp-1.5.7-linux-x86_64.jar/org/bytedeco/javacpp/linux-x86_64/libjnijavacpp.so
7f5458010000-7f5458014000 r--p 0000b000 08:20 84026                      /home/w/.javacpp/cache/javacpp-1.5.7-linux-x86_64.jar/org/bytedeco/javacpp/linux-x86_64/libjnijavacpp.so
7f5458014000-7f5458015000 r--p 0000e000 08:20 84026                      /home/w/.javacpp/cache/javacpp-1.5.7-linux-x86_64.jar/org/bytedeco/javacpp/linux-x86_64/libjnijavacpp.so
7f5458015000-7f5458016000 rw-p 0000f000 08:20 84026                      /home/w/.javacpp/cache/javacpp-1.5.7-linux-x86_64.jar/org/bytedeco/javacpp/linux-x86_64/libjnijavacpp.so
7f5458016000-7f5458017000 r--p 00000000 08:20 47885                      /usr/lib/jvm/java-11-openjdk-amd64/lib/libextnet.so
7f5458017000-7f5458018000 r-xp 00001000 08:20 47885                      /usr/lib/jvm/java-11-openjdk-amd64/lib/libextnet.so
7f5458018000-7f5458019000 r--p 00002000 08:20 47885                      /usr/lib/jvm/java-11-openjdk-amd64/lib/libextnet.so
7f5458019000-7f545801a000 r--p 00002000 08:20 47885                      /usr/lib/jvm/java-11-openjdk-amd64/lib/libextnet.so
7f545801a000-7f545801b000 rw-p 00003000 08:20 47885                      /usr/lib/jvm/java-11-openjdk-amd64/lib/libextnet.so
7f545801b000-7f545801f000 r--p 00000000 08:20 47903                      /usr/lib/jvm/java-11-openjdk-amd64/lib/libnet.so
7f545801f000-7f545802d000 r-xp 00004000 08:20 47903                      /usr/lib/jvm/java-11-openjdk-amd64/lib/libnet.so
7f545802d000-7f5458031000 r--p 00012000 08:20 47903                      /usr/lib/jvm/java-11-openjdk-amd64/lib/libnet.so
7f5458031000-7f5458032000 r--p 00015000 08:20 47903                      /usr/lib/jvm/java-11-openjdk-amd64/lib/libnet.so
7f5458032000-7f5458033000 rw-p 00016000 08:20 47903                      /usr/lib/jvm/java-11-openjdk-amd64/lib/libnet.so
7f5458033000-7f545803a000 r--p 00000000 08:20 47904                      /usr/lib/jvm/java-11-openjdk-amd64/lib/libnio.so
7f545803a000-7f5458042000 r-xp 00007000 08:20 47904                      /usr/lib/jvm/java-11-openjdk-amd64/lib/libnio.so
7f5458042000-7f5458045000 r--p 0000f000 08:20 47904                      /usr/lib/jvm/java-11-openjdk-amd64/lib/libnio.so
7f5458045000-7f5458046000 r--p 00011000 08:20 47904                      /usr/lib/jvm/java-11-openjdk-amd64/lib/libnio.so
7f5458046000-7f5458047000 rw-p 00012000 08:20 47904                      /usr/lib/jvm/java-11-openjdk-amd64/lib/libnio.so
7f5458047000-7f5458079000 r--p 00000000 08:20 22158                      /usr/lib/locale/C.UTF-8/LC_CTYPE
7f5458079000-7f54586da000 rw-p 00000000 00:00 0 
7f54586da000-7f54586db000 ---p 00000000 00:00 0 
7f54586db000-7f54587db000 rw-p 00000000 00:00 0 
7f54587db000-7f5458a4b000 rwxp 00000000 00:00 0 
7f5458a4b000-7f5458f1a000 ---p 00000000 00:00 0 
7f5458f1a000-7f545918a000 rwxp 00000000 00:00 0 
7f545918a000-7f546037a000 ---p 00000000 00:00 0 
7f546037a000-7f54605ea000 rwxp 00000000 00:00 0 
7f54605ea000-7f54677db000 ---p 00000000 00:00 0 
7f54677db000-7f5470000000 r--s 00000000 08:20 47913                      /usr/lib/jvm/java-11-openjdk-amd64/lib/modules
7f5470000000-7f54704ab000 rw-p 00000000 00:00 0 
7f54704ab000-7f5474000000 ---p 00000000 00:00 0 
7f5474000000-7f5474001000 r--p 00000000 08:20 22164                      /usr/lib/locale/C.UTF-8/LC_NUMERIC
7f5474001000-7f5474002000 r--p 00000000 08:20 22167                      /usr/lib/locale/C.UTF-8/LC_TIME
7f5474002000-7f5474003000 r--p 00000000 08:20 22162                      /usr/lib/locale/C.UTF-8/LC_MONETARY
7f5474003000-7f5474004000 r--p 00000000 08:20 22161                      /usr/lib/locale/C.UTF-8/LC_MESSAGES/SYS_LC_MESSAGES
7f5474004000-7f5474005000 r--p 00000000 08:20 22165                      /usr/lib/locale/C.UTF-8/LC_PAPER
7f5474005000-7f5474006000 r--p 00000000 08:20 22163                      /usr/lib/locale/C.UTF-8/LC_NAME
7f5474006000-7f547400d000 r--s 00000000 08:20 42067                      /usr/lib/x86_64-linux-gnu/gconv/gconv-modules.cache
7f547400d000-7f54740cc000 rw-p 00000000 00:00 0 
7f54740cc000-7f54741b0000 ---p 00000000 00:00 0 
7f54741b0000-7f54741b5000 rw-p 00000000 00:00 0 
7f54741b5000-7f5474299000 ---p 00000000 00:00 0 
7f5474299000-7f547429e000 rw-p 00000000 00:00 0 
7f547429e000-7f54742a8000 ---p 00000000 00:00 0 
7f54742a8000-7f54742aa000 r--p 00000000 08:20 47912                      /usr/lib/jvm/java-11-openjdk-amd64/lib/libzip.so
7f54742aa000-7f54742af000 r-xp 00002000 08:20 47912                      /usr/lib/jvm/java-11-openjdk-amd64/lib/libzip.so
7f54742af000-7f54742b1000 r--p 00007000 08:20 47912                      /usr/lib/jvm/java-11-openjdk-amd64/lib/libzip.so
7f54742b1000-7f54742b2000 r--p 00008000 08:20 47912                      /usr/lib/jvm/java-11-openjdk-amd64/lib/libzip.so
7f54742b2000-7f54742b3000 rw-p 00009000 08:20 47912                      /usr/lib/jvm/java-11-openjdk-amd64/lib/libzip.so
7f54742b3000-7f54742b6000 r--p 00000000 08:20 41808                      /usr/lib/x86_64-linux-gnu/libnss_files-2.31.so
7f54742b6000-7f54742bd000 r-xp 00003000 08:20 41808                      /usr/lib/x86_64-linux-gnu/libnss_files-2.31.so
7f54742bd000-7f54742bf000 r--p 0000a000 08:20 41808                      /usr/lib/x86_64-linux-gnu/libnss_files-2.31.so
7f54742bf000-7f54742c0000 r--p 0000b000 08:20 41808                      /usr/lib/x86_64-linux-gnu/libnss_files-2.31.so
7f54742c0000-7f54742c1000 rw-p 0000c000 08:20 41808                      /usr/lib/x86_64-linux-gnu/libnss_files-2.31.so
7f54742c1000-7f54742c7000 rw-p 00000000 00:00 0 
7f54742c7000-7f54742c8000 r--p 00000000 08:20 22156                      /usr/lib/locale/C.UTF-8/LC_ADDRESS
7f54742c8000-7f54742c9000 r--p 00000000 08:20 22166                      /usr/lib/locale/C.UTF-8/LC_TELEPHONE
7f54742c9000-7f54742d1000 rw-s 00000000 08:20 84183                      /tmp/hsperfdata_w/235902
7f54742d1000-7f54742d3000 r--p 00000000 08:20 47887                      /usr/lib/jvm/java-11-openjdk-amd64/lib/libinstrument.so
7f54742d3000-7f54742da000 r-xp 00002000 08:20 47887                      /usr/lib/jvm/java-11-openjdk-amd64/lib/libinstrument.so
7f54742da000-7f54742dd000 r--p 00009000 08:20 47887                      /usr/lib/jvm/java-11-openjdk-amd64/lib/libinstrument.so
7f54742dd000-7f54742de000 r--p 0000b000 08:20 47887                      /usr/lib/jvm/java-11-openjdk-amd64/lib/libinstrument.so
7f54742de000-7f54742df000 rw-p 0000c000 08:20 47887                      /usr/lib/jvm/java-11-openjdk-amd64/lib/libinstrument.so
7f54742df000-7f54742e0000 ---p 00000000 00:00 0 
7f54742e0000-7f54742e1000 r--p 00000000 00:00 0 
7f54742e1000-7f54742ef000 r--p 00000000 08:20 47892                      /usr/lib/jvm/java-11-openjdk-amd64/lib/libjava.so
7f54742ef000-7f5474305000 r-xp 0000e000 08:20 47892                      /usr/lib/jvm/java-11-openjdk-amd64/lib/libjava.so
7f5474305000-7f547430c000 r--p 00024000 08:20 47892                      /usr/lib/jvm/java-11-openjdk-amd64/lib/libjava.so
7f547430c000-7f547430d000 r--p 0002a000 08:20 47892                      /usr/lib/jvm/java-11-openjdk-amd64/lib/libjava.so
7f547430d000-7f547430e000 rw-p 0002b000 08:20 47892                      /usr/lib/jvm/java-11-openjdk-amd64/lib/libjava.so
7f547430e000-7f547430f000 rw-p 00000000 00:00 0 
7f547430f000-7f5474314000 r--p 00000000 08:20 47911                      /usr/lib/jvm/java-11-openjdk-amd64/lib/libverify.so
7f5474314000-7f547431b000 r-xp 00005000 08:20 47911                      /usr/lib/jvm/java-11-openjdk-amd64/lib/libverify.so
7f547431b000-7f547431d000 r--p 0000c000 08:20 47911                      /usr/lib/jvm/java-11-openjdk-amd64/lib/libverify.so
7f547431d000-7f547431e000 ---p 0000e000 08:20 47911                      /usr/lib/jvm/java-11-openjdk-amd64/lib/libverify.so
7f547431e000-7f5474320000 r--p 0000e000 08:20 47911                      /usr/lib/jvm/java-11-openjdk-amd64/lib/libverify.so
7f5474320000-7f5474321000 rw-p 00010000 08:20 47911                      /usr/lib/jvm/java-11-openjdk-amd64/lib/libverify.so
7f5474321000-7f5474323000 r--p 00000000 08:20 41815                      /usr/lib/x86_64-linux-gnu/librt-2.31.so
7f5474323000-7f5474327000 r-xp 00002000 08:20 41815                      /usr/lib/x86_64-linux-gnu/librt-2.31.so
7f5474327000-7f5474329000 r--p 00006000 08:20 41815                      /usr/lib/x86_64-linux-gnu/librt-2.31.so
7f5474329000-7f547432a000 r--p 00007000 08:20 41815                      /usr/lib/x86_64-linux-gnu/librt-2.31.so
7f547432a000-7f547432b000 rw-p 00008000 08:20 41815                      /usr/lib/x86_64-linux-gnu/librt-2.31.so
7f547432b000-7f547432f000 ---p 00000000 00:00 0 
7f547432f000-7f547442c000 rw-p 00000000 00:00 0 
7f547442c000-7f547442f000 r--p 00000000 08:20 41776                      /usr/lib/x86_64-linux-gnu/libgcc_s.so.1
7f547442f000-7f5474441000 r-xp 00003000 08:20 41776                      /usr/lib/x86_64-linux-gnu/libgcc_s.so.1
7f5474441000-7f5474445000 r--p 00015000 08:20 41776                      /usr/lib/x86_64-linux-gnu/libgcc_s.so.1
7f5474445000-7f5474446000 r--p 00018000 08:20 41776                      /usr/lib/x86_64-linux-gnu/libgcc_s.so.1
7f5474446000-7f5474447000 rw-p 00019000 08:20 41776                      /usr/lib/x86_64-linux-gnu/libgcc_s.so.1
7f5474447000-7f5474454000 r--p 00000000 08:20 41802                      /usr/lib/x86_64-linux-gnu/libm-2.31.so
7f5474454000-7f54744fb000 r-xp 0000d000 08:20 41802                      /usr/lib/x86_64-linux-gnu/libm-2.31.so
7f54744fb000-7f5474594000 r--p 000b4000 08:20 41802                      /usr/lib/x86_64-linux-gnu/libm-2.31.so
7f5474594000-7f5474595000 r--p 0014c000 08:20 41802                      /usr/lib/x86_64-linux-gnu/libm-2.31.so
7f5474595000-7f5474596000 rw-p 0014d000 08:20 41802                      /usr/lib/x86_64-linux-gnu/libm-2.31.so
7f5474596000-7f547462c000 r--p 00000000 08:20 40202                      /usr/lib/x86_64-linux-gnu/libstdc++.so.6.0.28
7f547462c000-7f547471d000 r-xp 00096000 08:20 40202                      /usr/lib/x86_64-linux-gnu/libstdc++.so.6.0.28
7f547471d000-7f5474766000 r--p 00187000 08:20 40202                      /usr/lib/x86_64-linux-gnu/libstdc++.so.6.0.28
7f5474766000-7f5474767000 ---p 001d0000 08:20 40202                      /usr/lib/x86_64-linux-gnu/libstdc++.so.6.0.28
7f5474767000-7f5474772000 r--p 001d0000 08:20 40202                      /usr/lib/x86_64-linux-gnu/libstdc++.so.6.0.28
7f5474772000-7f5474775000 rw-p 001db000 08:20 40202                      /usr/lib/x86_64-linux-gnu/libstdc++.so.6.0.28
7f5474775000-7f5474778000 rw-p 00000000 00:00 0 
7f5474778000-7f54749fa000 r--p 00000000 08:20 47918                      /usr/lib/jvm/java-11-openjdk-amd64/lib/server/libjvm.so
7f54749fa000-7f5475687000 r-xp 00282000 08:20 47918                      /usr/lib/jvm/java-11-openjdk-amd64/lib/server/libjvm.so
7f5475687000-7f54758e8000 r--p 00f0f000 08:20 47918                      /usr/lib/jvm/java-11-openjdk-amd64/lib/server/libjvm.so
7f54758e8000-7f54758e9000 ---p 01170000 08:20 47918                      /usr/lib/jvm/java-11-openjdk-amd64/lib/server/libjvm.so
7f54758e9000-7f54759ad000 r--p 01170000 08:20 47918                      /usr/lib/jvm/java-11-openjdk-amd64/lib/server/libjvm.so
7f54759ad000-7f54759e8000 rw-p 01234000 08:20 47918                      /usr/lib/jvm/java-11-openjdk-amd64/lib/server/libjvm.so
7f54759e8000-7f5475a41000 rw-p 00000000 00:00 0 
7f5475a41000-7f5475a63000 r--p 00000000 08:20 41800                      /usr/lib/x86_64-linux-gnu/libc-2.31.so
7f5475a63000-7f5475bdb000 r-xp 00022000 08:20 41800                      /usr/lib/x86_64-linux-gnu/libc-2.31.so
7f5475bdb000-7f5475c29000 r--p 0019a000 08:20 41800                      /usr/lib/x86_64-linux-gnu/libc-2.31.so
7f5475c29000-7f5475c2d000 r--p 001e7000 08:20 41800                      /usr/lib/x86_64-linux-gnu/libc-2.31.so
7f5475c2d000-7f5475c2f000 rw-p 001eb000 08:20 41800                      /usr/lib/x86_64-linux-gnu/libc-2.31.so
7f5475c2f000-7f5475c33000 rw-p 00000000 00:00 0 
7f5475c33000-7f5475c34000 r--p 00000000 08:20 41801                      /usr/lib/x86_64-linux-gnu/libdl-2.31.so
7f5475c34000-7f5475c36000 r-xp 00001000 08:20 41801                      /usr/lib/x86_64-linux-gnu/libdl-2.31.so
7f5475c36000-7f5475c37000 r--p 00003000 08:20 41801                      /usr/lib/x86_64-linux-gnu/libdl-2.31.so
7f5475c37000-7f5475c38000 r--p 00003000 08:20 41801                      /usr/lib/x86_64-linux-gnu/libdl-2.31.so
7f5475c38000-7f5475c39000 rw-p 00004000 08:20 41801                      /usr/lib/x86_64-linux-gnu/libdl-2.31.so
7f5475c39000-7f5475c3c000 r--p 00000000 08:20 47877                      /usr/lib/jvm/java-11-openjdk-amd64/lib/jli/libjli.so
7f5475c3c000-7f5475c46000 r-xp 00003000 08:20 47877                      /usr/lib/jvm/java-11-openjdk-amd64/lib/jli/libjli.so
7f5475c46000-7f5475c49000 r--p 0000d000 08:20 47877                      /usr/lib/jvm/java-11-openjdk-amd64/lib/jli/libjli.so
7f5475c49000-7f5475c4a000 ---p 00010000 08:20 47877                      /usr/lib/jvm/java-11-openjdk-amd64/lib/jli/libjli.so
7f5475c4a000-7f5475c4b000 r--p 00010000 08:20 47877                      /usr/lib/jvm/java-11-openjdk-amd64/lib/jli/libjli.so
7f5475c4b000-7f5475c4c000 rw-p 00011000 08:20 47877                      /usr/lib/jvm/java-11-openjdk-amd64/lib/jli/libjli.so
7f5475c4c000-7f5475c52000 r--p 00000000 08:20 41813                      /usr/lib/x86_64-linux-gnu/libpthread-2.31.so
7f5475c52000-7f5475c63000 r-xp 00006000 08:20 41813                      /usr/lib/x86_64-linux-gnu/libpthread-2.31.so
7f5475c63000-7f5475c69000 r--p 00017000 08:20 41813                      /usr/lib/x86_64-linux-gnu/libpthread-2.31.so
7f5475c69000-7f5475c6a000 r--p 0001c000 08:20 41813                      /usr/lib/x86_64-linux-gnu/libpthread-2.31.so
7f5475c6a000-7f5475c6b000 rw-p 0001d000 08:20 41813                      /usr/lib/x86_64-linux-gnu/libpthread-2.31.so
7f5475c6b000-7f5475c6f000 rw-p 00000000 00:00 0 
7f5475c6f000-7f5475c71000 r--p 00000000 08:20 13174                      /usr/lib/x86_64-linux-gnu/libz.so.1.2.11
7f5475c71000-7f5475c82000 r-xp 00002000 08:20 13174                      /usr/lib/x86_64-linux-gnu/libz.so.1.2.11
7f5475c82000-7f5475c88000 r--p 00013000 08:20 13174                      /usr/lib/x86_64-linux-gnu/libz.so.1.2.11
7f5475c88000-7f5475c89000 ---p 00019000 08:20 13174                      /usr/lib/x86_64-linux-gnu/libz.so.1.2.11
7f5475c89000-7f5475c8a000 r--p 00019000 08:20 13174                      /usr/lib/x86_64-linux-gnu/libz.so.1.2.11
7f5475c8a000-7f5475c8b000 rw-p 0001a000 08:20 13174                      /usr/lib/x86_64-linux-gnu/libz.so.1.2.11
7f5475c8b000-7f5475c8c000 r--p 00000000 08:20 22160                      /usr/lib/locale/C.UTF-8/LC_MEASUREMENT
7f5475c8c000-7f5475c8e000 r--p 00000000 08:20 47895                      /usr/lib/jvm/java-11-openjdk-amd64/lib/libjimage.so
7f5475c8e000-7f5475c91000 r-xp 00002000 08:20 47895                      /usr/lib/jvm/java-11-openjdk-amd64/lib/libjimage.so
7f5475c91000-7f5475c92000 r--p 00005000 08:20 47895                      /usr/lib/jvm/java-11-openjdk-amd64/lib/libjimage.so
7f5475c92000-7f5475c93000 ---p 00006000 08:20 47895                      /usr/lib/jvm/java-11-openjdk-amd64/lib/libjimage.so
7f5475c93000-7f5475c94000 r--p 00006000 08:20 47895                      /usr/lib/jvm/java-11-openjdk-amd64/lib/libjimage.so
7f5475c94000-7f5475c95000 rw-p 00007000 08:20 47895                      /usr/lib/jvm/java-11-openjdk-amd64/lib/libjimage.so
7f5475c95000-7f5475c97000 rw-p 00000000 00:00 0 
7f5475c97000-7f5475c98000 r--p 00000000 08:20 40200                      /usr/lib/x86_64-linux-gnu/ld-2.31.so
7f5475c98000-7f5475cbb000 r-xp 00001000 08:20 40200                      /usr/lib/x86_64-linux-gnu/ld-2.31.so
7f5475cbb000-7f5475cc3000 r--p 00024000 08:20 40200                      /usr/lib/x86_64-linux-gnu/ld-2.31.so
7f5475cc3000-7f5475cc4000 r--p 00000000 08:20 22159                      /usr/lib/locale/C.UTF-8/LC_IDENTIFICATION
7f5475cc4000-7f5475cc5000 r--p 0002c000 08:20 40200                      /usr/lib/x86_64-linux-gnu/ld-2.31.so
7f5475cc5000-7f5475cc6000 rw-p 0002d000 08:20 40200                      /usr/lib/x86_64-linux-gnu/ld-2.31.so
7f5475cc6000-7f5475cc7000 rw-p 00000000 00:00 0 
7ffd68310000-7ffd68331000 rw-p 00000000 00:00 0                          [stack]
7ffd68346000-7ffd6834a000 r--p 00000000 00:00 0                          [vvar]
7ffd6834a000-7ffd6834c000 r-xp 00000000 00:00 0                          [vdso]


VM Arguments:
jvm_args: -javaagent:/home/w/.cache/JetBrains/RemoteDev/dist/1e68f1562c1c7_ideaIU-2023.1.6/lib/idea_rt.jar=60761:/home/w/.cache/JetBrains/RemoteDev/dist/1e68f1562c1c7_ideaIU-2023.1.6/bin -Dfile.encoding=UTF-8 
java_command: Main
java_class_path (initial): /home/w/.cache/JetBrains/RemoteDev/dist/1e68f1562c1c7_ideaIU-2023.1.6/plugins/remote-dev-server/selfcontained/fontconfig/out/production/Lab:/usr/local/lib/antlr-4.9.1-complete.jar:/usr/local/lib/javacpp-1.5.7-linux-x86_64.jar:/usr/local/lib/javacpp-1.5.7.jar:/usr/local/lib/llvm-13.0.1-1.5.7-linux-x86_64.jar:/usr/local/lib/llvm-13.0.1-1.5.7.jar:/usr/local/lib/llvm-platform-13.0.1-1.5.7.jar
Launcher Type: SUN_STANDARD

[Global flags]
     intx CICompilerCount                          = 12                                        {product} {ergonomic}
     uint ConcGCThreads                            = 3                                         {product} {ergonomic}
     uint G1ConcRefinementThreads                  = 13                                        {product} {ergonomic}
   size_t G1HeapRegionSize                         = 1048576                                   {product} {ergonomic}
    uintx GCDrainStackTargetSize                   = 64                                        {product} {ergonomic}
   size_t InitialHeapSize                          = 127926272                                 {product} {ergonomic}
   size_t MarkStackSize                            = 4194304                                   {product} {ergonomic}
   size_t MaxHeapSize                              = 2036334592                                {product} {ergonomic}
   size_t MaxNewSize                               = 1221591040                                {product} {ergonomic}
   size_t MinHeapDeltaBytes                        = 1048576                                   {product} {ergonomic}
    uintx NonNMethodCodeHeapSize                   = 7594288                                {pd product} {ergonomic}
    uintx NonProfiledCodeHeapSize                  = 122031976                              {pd product} {ergonomic}
    uintx ProfiledCodeHeapSize                     = 122031976                              {pd product} {ergonomic}
    uintx ReservedCodeCacheSize                    = 251658240                              {pd product} {ergonomic}
     bool SegmentedCodeCache                       = true                                      {product} {ergonomic}
     bool UseCompressedClassPointers               = true                                 {lp64_product} {ergonomic}
     bool UseCompressedOops                        = true                                 {lp64_product} {ergonomic}
     bool UseG1GC                                  = true                                      {product} {ergonomic}

Logging:
Log output configuration:
 #0: stdout all=warning uptime,level,tags
 #1: stderr all=off uptime,level,tags

Environment Variables:
PATH=/usr/local/sbin:/usr/local/bin:/usr/sbin:/usr/bin:/sbin:/bin:/usr/games:/usr/local/games:/usr/lib/wsl/lib:/mnt/c/Python312/Scripts/:/mnt/c/Python312/:/mnt/c/Program Files (x86)/Common Files/Oracle/Java/javapath:/mnt/c/Windows/system32:/mnt/c/Windows:/mnt/c/Windows/System32/Wbem:/mnt/c/Windows/System32/WindowsPowerShell/v1.0/:/mnt/c/Windows/System32/OpenSSH/:/mnt/d/mingw64/bin:/mnt/d/codes/vx/web/dll:/mnt/d/cod:/mnt/c/ProgramData/chocolatey/bin:/mnt/c/Users/anti/AppData/Local/Google/Chrome/Application:/mnt/e/web/dll:/mnt/d/cod:/mnt/d/Git/cmd:/mnt/c/Users/anti/AppData/Local/Programs/Python/Python310/Scripts/:/mnt/c/Users/anti/AppData/Local/Programs/Python/Python310/:/mnt/c/Users/anti/AppData/Local/Microsoft/WindowsApps:/mnt/d/CLion 2022.2.3/bin:/mnt/d/Microsoft VS Code/bin:/mnt/d/mingw64/bin:/mnt/f/QQGameTempest/Hall.57915/:/mnt/c/Users/anti/AppData/Local/JetBrains/Toolbox/scripts:/mnt/c/Users/anti/AppData/Local/Microsoft/WindowsApps:/mnt/c/Users/anti/AppData/Local/Pandoc/:/mnt/c/Users/anti/AppData/Roaming/npm:/mnt/d/code/appium:/mnt/d/code/android-sdk-windows/platform-tools:/mnt/d/code/android-sdk-windows/tools:/mnt/c/Program Files/Java/jdk1.8.0_301/bin:/mnt/c/Program Files/Java/jdk1.8.0_301/bin:/mnt/d/code/android-sdk-windows/build-tools/29.0.3:/mnt/d/code/appium/node/:/mnt/f/pyCharm/PyCharm 2024.1/bin:/mnt/e/WebStorm 2023.3.4/bin:/snap/bin
SHELL=/bin/bash
DISPLAY=:0
HOSTTYPE=x86_64
LANG=C.UTF-8
TERM=xterm-256color

Signal Handlers:
SIGSEGV: [libjvm.so+0xe9cbc0], sa_mask[0]=11111111011111111101111111111110, sa_flags=SA_RESTART|SA_SIGINFO
SIGBUS: [libjvm.so+0xe9cbc0], sa_mask[0]=11111111011111111101111111111110, sa_flags=SA_RESTART|SA_SIGINFO
SIGFPE: [libjvm.so+0xe9cbc0], sa_mask[0]=11111111011111111101111111111110, sa_flags=SA_RESTART|SA_SIGINFO
SIGPIPE: [libjvm.so+0xbe3c50], sa_mask[0]=11111111011111111101111111111110, sa_flags=SA_RESTART|SA_SIGINFO
SIGXFSZ: [libjvm.so+0xbe3c50], sa_mask[0]=11111111011111111101111111111110, sa_flags=SA_RESTART|SA_SIGINFO
SIGILL: [libjvm.so+0xe9cbc0], sa_mask[0]=11111111011111111101111111111110, sa_flags=SA_RESTART|SA_SIGINFO
SIGUSR2: [libjvm.so+0xbe3af0], sa_mask[0]=00100000000000000000000000000000, sa_flags=SA_RESTART|SA_SIGINFO
SIGHUP: [libjvm.so+0xbe42b0], sa_mask[0]=11111111011111111101111111111110, sa_flags=SA_RESTART|SA_SIGINFO
SIGINT: [libjvm.so+0xbe42b0], sa_mask[0]=11111111011111111101111111111110, sa_flags=SA_RESTART|SA_SIGINFO
SIGTERM: [libjvm.so+0xbe42b0], sa_mask[0]=11111111011111111101111111111110, sa_flags=SA_RESTART|SA_SIGINFO
SIGQUIT: [libjvm.so+0xbe42b0], sa_mask[0]=11111111011111111101111111111110, sa_flags=SA_RESTART|SA_SIGINFO


---------------  S Y S T E M  ---------------

OS:DISTRIB_ID=Ubuntu
DISTRIB_RELEASE=20.04
DISTRIB_CODENAME=focal
DISTRIB_DESCRIPTION="Ubuntu 20.04.6 LTS"
uname:Linux 5.15.153.1-microsoft-standard-WSL2 #1 SMP Fri Mar 29 23:14:13 UTC 2024 x86_64
OS uptime: 0 days 15:07 hours
libc:glibc 2.31 NPTL 2.31 
rlimit (soft/hard): STACK 8192k/infinity , CORE 0k/infinity , NPROC 31039/31039 , NOFILE 1048576/1048576 , AS infinity/infinity , CPU infinity/infinity , DATA infinity/infinity , FSIZE infinity/infinity , MEMLOCK 65536k/65536k
load average:0.15 0.28 0.38

/proc/meminfo:
MemTotal:        7952732 kB
MemFree:         2618736 kB
MemAvailable:    3725860 kB
Buffers:           35664 kB
Cached:          1214976 kB
SwapCached:          448 kB
Active:           660500 kB
Inactive:        3965720 kB
Active(anon):       5300 kB
Inactive(anon):  3374088 kB
Active(file):     655200 kB
Inactive(file):   591632 kB
Unevictable:           0 kB
Mlocked:               0 kB
SwapTotal:       2097152 kB
SwapFree:        2068752 kB
Dirty:              8288 kB
Writeback:             0 kB
AnonPages:       3368300 kB
Mapped:           964220 kB
Shmem:              3808 kB
KReclaimable:     151744 kB
Slab:             269464 kB
SReclaimable:     151744 kB
SUnreclaim:       117720 kB
KernelStack:        8192 kB
PageTables:        15224 kB
NFS_Unstable:          0 kB
Bounce:                0 kB
WritebackTmp:          0 kB
CommitLimit:     6073516 kB
Committed_AS:    3956504 kB
VmallocTotal:   34359738367 kB
VmallocUsed:      104652 kB
VmallocChunk:          0 kB
Percpu:            10368 kB
AnonHugePages:   2701312 kB
ShmemHugePages:        0 kB
ShmemPmdMapped:        0 kB
FileHugePages:         0 kB
FilePmdMapped:         0 kB
HugePages_Total:       0
HugePages_Free:        0
HugePages_Rsvd:        0
HugePages_Surp:        0
Hugepagesize:       2048 kB
Hugetlb:               0 kB
DirectMap4k:      134144 kB
DirectMap2M:     7020544 kB
DirectMap1G:     9437184 kB

/sys/kernel/mm/transparent_hugepage/enabled:
[always] madvise never
/sys/kernel/mm/transparent_hugepage/defrag (defrag/compaction efforts parameter):
always defer defer+madvise [madvise] never

Process Memory:
Virtual Size: 5117672K (peak: 13431804K)
Resident Set Size: 103272K (peak: 103272K) (anon: 46832K, file: 56440K, shmem: 0K)
Swapped out: 0K
C-Heap outstanding allocations: 38457K, retained: 3222K
glibc malloc tunables: (default)

/proc/sys/kernel/threads-max (system-wide limit on the number of threads):
62078
/proc/sys/vm/max_map_count (maximum number of memory map areas a process may have):
65530
/proc/sys/kernel/pid_max (system-wide limit on number of process identifiers):
4194304

container (cgroup) information:
container_type: cgroupv1
cpu_cpuset_cpus: 0-15
cpu_memory_nodes: 0
active_processor_count: 16
cpu_quota: no quota
cpu_period: 100000
cpu_shares: no shares
memory_limit_in_bytes: unlimited
memory_and_swap_limit_in_bytes: unlimited
memory_soft_limit_in_bytes: unlimited
memory_usage_in_bytes: 4619952 k
memory_max_usage_in_bytes: 695652 k
kernel_memory_usage_in_bytes: 47596 k
kernel_memory_max_usage_in_bytes: unlimited
kernel_memory_limit_in_bytes: 56988 k
maximum number of tasks: not supported
current number of tasks: not supported

Hyper-V virtualization detected
Steal ticks since vm start: 0
Steal ticks percentage since vm start:  0.000

CPU:total 16 (initial active 16) (8 cores per cpu, 2 threads per core) family 6 model 154 stepping 3 microcode 0xffffffff, cmov, cx8, fxsr, mmx, sse, sse2, sse3, ssse3, sse4.1, sse4.2, popcnt, avx, avx2, aes, clmul, erms, 3dnowpref, lzcnt, ht, tsc, tscinvbit, bmi1, bmi2, adx, sha, fma
CPU Model and flags from /proc/cpuinfo:
model name	: 12th Gen Intel(R) Core(TM) i5-1240P
flags		: fpu vme de pse tsc msr pae mce cx8 apic sep mtrr pge mca cmov pat pse36 clflush mmx fxsr sse sse2 ss ht syscall nx pdpe1gb rdtscp lm constant_tsc rep_good nopl xtopology tsc_reliable nonstop_tsc cpuid pni pclmulqdq ssse3 fma cx16 sse4_1 sse4_2 x2apic movbe popcnt tsc_deadline_timer aes xsave avx f16c rdrand hypervisor lahf_lm abm 3dnowprefetch ssbd ibrs ibpb stibp ibrs_enhanced fsgsbase tsc_adjust bmi1 avx2 smep bmi2 erms invpcid rdseed adx smap clflushopt clwb sha_ni xsaveopt xsavec xgetbv1 xsaves avx_vnni umip waitpkg gfni vaes vpclmulqdq rdpid movdiri movdir64b fsrm md_clear serialize flush_l1d arch_capabilities
Online cpus:
0-15
Offline cpus:

BIOS frequency limitation:
<Not Available>
Frequency switch latency (ns):
<Not Available>
Available cpu frequencies:
<Not Available>
Current governor:
<Not Available>
Core performance/turbo boost:
<Not Available>

Memory: 4k page, physical 7952732k(2618736k free), swap 2097152k(2068752k free)

vm_info: OpenJDK 64-Bit Server VM (11.0.22+7-post-Ubuntu-0ubuntu220.04.1) for linux-amd64 JRE (11.0.22+7-post-Ubuntu-0ubuntu220.04.1), built on Feb  5 2024 20:49:28 by "unknown" with gcc 10.5.0

END.
