#
# A fatal error has been detected by the Java Runtime Environment:
#
#  SIGSEGV (0xb) at pc=0x00007f458a119e80, pid=267927, tid=267928
#
# JRE version: OpenJDK Runtime Environment (11.0.22+7) (build 11.0.22+7-post-Ubuntu-0ubuntu220.04.1)
# Java VM: OpenJDK 64-Bit Server VM (11.0.22+7-post-Ubuntu-0ubuntu220.04.1, mixed mode, sharing, tiered, compressed oops, g1 gc, linux-amd64)
# Problematic frame:
# C  [libLLVM-13.so+0xbede80]  llvm::BasicBlock::getModule() const+0x0
#
# No core dump will be written. Core dumps have been disabled. To enable core dumping, try "ulimit -c unlimited" before starting Java again
#
# If you would like to submit a bug report, please visit:
#   https://bugs.launchpad.net/ubuntu/+source/openjdk-lts
# The crash happened outside the Java Virtual Machine in native code.
# See problematic frame for where to report the bug.
#

---------------  S U M M A R Y ------------

Command Line: -agentlib:jdwp=transport=dt_socket,address=127.0.0.1:60971,suspend=y,server=n -javaagent:/home/w/.cache/JetBrains/RemoteDev/dist/2b05049c6fa27_ideaIU-232.9921.28/plugins/java/lib/rt/debugger-agent.jar -Dfile.encoding=UTF-8 Main

Host: 12th Gen Intel(R) Core(TM) i5-1240P, 16 cores, 7G, Ubuntu 20.04.6 LTS
Time: Mon May 13 21:34:04 2024 HKT elapsed time: 91.742150 seconds (0d 0h 1m 31s)

---------------  T H R E A D  ---------------

Current thread (0x00007f461001c000):  JavaThread "main" [_thread_in_native, id=267928, stack(0x00007f46171bf000,0x00007f46172c0000)]

Stack: [0x00007f46171bf000,0x00007f46172c0000],  sp=0x00007f46172bdcf8,  free space=1019k
Native frames: (J=compiled Java code, A=aot compiled Java code, j=interpreted, Vv=VM code, C=native code)
C  [libLLVM-13.so+0xbede80]  llvm::BasicBlock::getModule() const+0x0

Java frames: (J=compiled Java code, j=interpreted, Vv=VM code)
j  org.bytedeco.llvm.global.LLVM.LLVMBuildLoad(Lorg/bytedeco/llvm/LLVM/LLVMBuilderRef;Lorg/bytedeco/llvm/LLVM/LLVMValueRef;Ljava/lang/String;)Lorg/bytedeco/llvm/LLVM/LLVMValueRef;+0
j  LLVMIRVisitor.visitLValExp(LSysYParser$LValExpContext;)Lorg/bytedeco/llvm/LLVM/LLVMValueRef;+21
j  LLVMIRVisitor.visitLValExp(LSysYParser$LValExpContext;)Ljava/lang/Object;+2
j  SysYParser$LValExpContext.accept(Lorg/antlr/v4/runtime/tree/ParseTreeVisitor;)Ljava/lang/Object;+12
j  org.antlr.v4.runtime.tree.AbstractParseTreeVisitor.visitChildren(Lorg/antlr/v4/runtime/tree/RuleNode;)Ljava/lang/Object;+46
j  SysYParserBaseVisitor.visitInitVal(LSysYParser$InitValContext;)Ljava/lang/Object;+2
j  SysYParser$InitValContext.accept(Lorg/antlr/v4/runtime/tree/ParseTreeVisitor;)Ljava/lang/Object;+12
j  org.antlr.v4.runtime.tree.AbstractParseTreeVisitor.visit(Lorg/antlr/v4/runtime/tree/ParseTree;)Ljava/lang/Object;+2
j  LLVMIRVisitor.visitVarDef(LSysYParser$VarDefContext;)Lorg/bytedeco/llvm/LLVM/LLVMValueRef;+39
j  LLVMIRVisitor.visitVarDef(LSysYParser$VarDefContext;)Ljava/lang/Object;+2
j  SysYParser$VarDefContext.accept(Lorg/antlr/v4/runtime/tree/ParseTreeVisitor;)Ljava/lang/Object;+12
j  org.antlr.v4.runtime.tree.AbstractParseTreeVisitor.visitChildren(Lorg/antlr/v4/runtime/tree/RuleNode;)Ljava/lang/Object;+46
j  SysYParserBaseVisitor.visitVarDecl(LSysYParser$VarDeclContext;)Ljava/lang/Object;+2
j  SysYParser$VarDeclContext.accept(Lorg/antlr/v4/runtime/tree/ParseTreeVisitor;)Ljava/lang/Object;+12
j  org.antlr.v4.runtime.tree.AbstractParseTreeVisitor.visitChildren(Lorg/antlr/v4/runtime/tree/RuleNode;)Ljava/lang/Object;+46
j  SysYParserBaseVisitor.visitDecl(LSysYParser$DeclContext;)Ljava/lang/Object;+2
j  SysYParser$DeclContext.accept(Lorg/antlr/v4/runtime/tree/ParseTreeVisitor;)Ljava/lang/Object;+12
j  org.antlr.v4.runtime.tree.AbstractParseTreeVisitor.visitChildren(Lorg/antlr/v4/runtime/tree/RuleNode;)Ljava/lang/Object;+46
j  SysYParserBaseVisitor.visitCompUnit(LSysYParser$CompUnitContext;)Ljava/lang/Object;+2
j  SysYParser$CompUnitContext.accept(Lorg/antlr/v4/runtime/tree/ParseTreeVisitor;)Ljava/lang/Object;+12
j  org.antlr.v4.runtime.tree.AbstractParseTreeVisitor.visitChildren(Lorg/antlr/v4/runtime/tree/RuleNode;)Ljava/lang/Object;+46
j  SysYParserBaseVisitor.visitProgram(LSysYParser$ProgramContext;)Ljava/lang/Object;+2
j  LLVMIRVisitor.visitProgram(LSysYParser$ProgramContext;)Lorg/bytedeco/llvm/LLVM/LLVMValueRef;+14
j  LLVMIRVisitor.visitProgram(LSysYParser$ProgramContext;)Ljava/lang/Object;+2
j  SysYParser$ProgramContext.accept(Lorg/antlr/v4/runtime/tree/ParseTreeVisitor;)Ljava/lang/Object;+12
j  org.antlr.v4.runtime.tree.AbstractParseTreeVisitor.visit(Lorg/antlr/v4/runtime/tree/ParseTree;)Ljava/lang/Object;+2
j  Main.main([Ljava/lang/String;)V+62
v  ~StubRoutines::call_stub

siginfo: si_signo: 11 (SIGSEGV), si_code: 1 (SEGV_MAPERR), si_addr: 0x0000000000000038

Register to memory mapping:

RAX=0x00007f46101afa00 points into unknown readable memory: 0x00007f461049b760 | 60 b7 49 10 46 7f 00 00
RBX=0x00007f4610488f70 points into unknown readable memory: 0x00007f46101afa00 | 00 fa 1a 10 46 7f 00 00
RCX=0x0000000000000067 is an unknown value
RDX=0x00007f45a0010950 points into unknown readable memory: 0x00007f4598000067 | 67 00 00 98 45 7f 00 00
RSP=0x00007f46172bdcf8 is pointing into the stack for thread: 0x00007f461001c000
RBP=0x00007f46104784b0 points into unknown readable memory: 0x00007f46104784c0 | c0 84 47 10 46 7f 00 00
RSI=0x0000000000000101 is an unknown value
RDI=0x0 is NULL
R8 =0x000000008d5aff08 points into unknown readable memory: 0x0000000000000067 | 67 00 00 00 00 00 00 00
R9 =0x00007f461001c000 is a thread
R10=0xfffffffffffff55a is an unknown value
R11=0x00007f458a158870: LLVMBuildLoad+0x0000000000000000 in /home/w/.javacpp/cache/llvm-13.0.1-1.5.7-linux-x86_64.jar/org/bytedeco/llvm/linux-x86_64/libLLVM-13.so at 0x00007f458952c000
R12=0x00007f46172bde50 is pointing into the stack for thread: 0x00007f461001c000
R13=0x00007f4610488f70 points into unknown readable memory: 0x00007f46101afa00 | 00 fa 1a 10 46 7f 00 00
R14=0x00007f461049bee8 points into unknown readable memory: 0x00007f461049b760 | 60 b7 49 10 46 7f 00 00
R15=0x00007f461001c000 is a thread


Registers:
RAX=0x00007f46101afa00, RBX=0x00007f4610488f70, RCX=0x0000000000000067, RDX=0x00007f45a0010950
RSP=0x00007f46172bdcf8, RBP=0x00007f46104784b0, RSI=0x0000000000000101, RDI=0x0000000000000000
R8 =0x000000008d5aff08, R9 =0x00007f461001c000, R10=0xfffffffffffff55a, R11=0x00007f458a158870
R12=0x00007f46172bde50, R13=0x00007f4610488f70, R14=0x00007f461049bee8, R15=0x00007f461001c000
RIP=0x00007f458a119e80, EFLAGS=0x0000000000010202, CSGSFS=0x002b000000000033, ERR=0x0000000000000004
  TRAPNO=0x000000000000000e

Top of Stack: (sp=0x00007f46172bdcf8)
0x00007f46172bdcf8:   00007f458a1588aa 00007f45a0010950
0x00007f46172bdd08:   0000000000000000 00007f461001c000
0x00007f46172bdd18:   00007f46101a1520 0000000000000103
0x00007f46172bdd28:   0000000000000001 00007f45a0010950 

Instructions: (pc=0x00007f458a119e80)
0x00007f458a119d80:   ff 66 0f ef c0 48 89 02 48 89 50 08 41 0f 11 45
0x00007f458a119d90:   00 e8 5a 4b 17 00 4c 39 f3 75 c5 4d 8b 6c 24 30
0x00007f458a119da0:   4c 39 ed 74 3b 0f 1f 00 4c 89 eb 48 89 ef 4d 8b
0x00007f458a119db0:   6d 08 4c 8d 73 e8 4c 89 f6 e8 42 fd ff ff 48 8b
0x00007f458a119dc0:   03 48 8b 53 08 66 0f ef c9 4c 89 f7 48 89 02 48
0x00007f458a119dd0:   89 50 08 0f 11 0b e8 15 4b 17 00 4c 39 ed 75 c8
0x00007f458a119de0:   48 83 c4 08 4c 89 e7 5b 5d 41 5c 41 5d 41 5e 41
0x00007f458a119df0:   5f e9 fa 48 17 00 66 2e 0f 1f 84 00 00 00 00 00
0x00007f458a119e00:   48 8d 4b e8 48 89 c8 48 29 d0 e9 11 ff ff ff 90
0x00007f458a119e10:   48 8b 07 48 8b 38 e8 45 13 16 00 31 d2 be 01 00
0x00007f458a119e20:   00 00 48 89 c7 e8 b6 2a 02 00 48 89 c3 49 8b 44
0x00007f458a119e30:   24 08 48 85 c0 0f 84 a2 fe ff ff 0f 1f 44 00 00
0x00007f458a119e40:   48 8b 68 18 31 d2 48 89 df 48 8b 75 00 e8 ae bc
0x00007f458a119e50:   02 00 48 89 ef 48 89 c6 e8 63 65 17 00 48 89 ef
0x00007f458a119e60:   e8 4b 81 02 00 49 8b 44 24 08 48 85 c0 75 d1 e9
0x00007f458a119e70:   69 fe ff ff 66 2e 0f 1f 84 00 00 00 00 00 66 90
0x00007f458a119e80:   48 8b 47 38 48 8b 40 28 c3 0f 1f 80 00 00 00 00
0x00007f458a119e90:   48 8b 47 28 48 83 c7 28 48 39 f8 74 2b 48 85 c0
0x00007f458a119ea0:   0f 84 9e 9d d3 ff 4c 8d 40 e8 0f b6 40 f8 83 e8
0x00007f458a119eb0:   1b 83 f8 0b b8 00 00 00 00 4c 0f 43 c0 4c 89 c0
0x00007f458a119ec0:   c3 0f 1f 80 00 00 00 00 45 31 c0 eb f0 0f 1f 00
0x00007f458a119ed0:   48 8b 47 28 48 8d 57 28 48 39 d0 0f 84 af 00 00
0x00007f458a119ee0:   00 48 85 c0 0f 84 64 9d d3 ff 45 31 c0 80 78 f8
0x00007f458a119ef0:   1b 75 23 48 8b 57 30 48 8d 48 e8 48 85 d2 74 09
0x00007f458a119f00:   48 83 ea 18 48 39 d1 74 0d 48 8b 50 10 45 31 c0
0x00007f458a119f10:   48 39 42 30 75 0a 4c 89 c0 c3 66 0f 1f 44 00 00
0x00007f458a119f20:   4c 8b 00 4d 85 c0 74 ee 8b 50 fc 49 8d 48 e8 81
0x00007f458a119f30:   e2 ff ff ff 07 74 3e 89 d2 48 f7 da 48 c1 e2 05
0x00007f458a119f40:   48 8b 44 10 e8 48 85 c0 74 2b 48 39 c1 75 41 41
0x00007f458a119f50:   80 78 f8 4b 75 1f 49 8b 40 10 4c 39 40 30 74 30
0x00007f458a119f60:   49 8b 48 c8 4d 8b 00 4d 85 c0 74 aa 49 83 e8 18
0x00007f458a119f70:   4c 39 c1 75 1b 45 31 c0 80 79 10 52 75 98 0f b7 


Stack slot to memory mapping:
stack at sp + 0 slots: 0x00007f458a1588aa: LLVMBuildLoad+0x000000000000003a in /home/w/.javacpp/cache/llvm-13.0.1-1.5.7-linux-x86_64.jar/org/bytedeco/llvm/linux-x86_64/libLLVM-13.so at 0x00007f458952c000
stack at sp + 1 slots: 0x00007f45a0010950 points into unknown readable memory: 0x00007f4598000067 | 67 00 00 98 45 7f 00 00
stack at sp + 2 slots: 0x0 is NULL
stack at sp + 3 slots: 0x00007f461001c000 is a thread
stack at sp + 4 slots: 0x00007f46101a1520 points into unknown readable memory: 0x000000008d5afef8 | f8 fe 5a 8d 00 00 00 00
stack at sp + 5 slots: 0x0000000000000103 is an unknown value
stack at sp + 6 slots: 0x0000000000000001 is an unknown value
stack at sp + 7 slots: 0x00007f45a0010950 points into unknown readable memory: 0x00007f4598000067 | 67 00 00 98 45 7f 00 00


---------------  P R O C E S S  ---------------

Threads class SMR info:
_java_thread_list=0x00007f4598003470, length=11, elements={
0x00007f461001c000, 0x00007f46101a3000, 0x00007f46101a5000, 0x00007f46101a9800,
0x00007f46101ab800, 0x00007f46101ad800, 0x00007f46101b7800, 0x00007f46101b9800,
0x00007f46101df800, 0x00007f461022e000, 0x00007f46103a0800
}

Java Threads: ( => current thread )
=>0x00007f461001c000 JavaThread "main" [_thread_in_native, id=267928, stack(0x00007f46171bf000,0x00007f46172c0000)]
  0x00007f46101a3000 JavaThread "Reference Handler" daemon [_thread_blocked, id=267943, stack(0x00007f45f83fc000,0x00007f45f84fd000)]
  0x00007f46101a5000 JavaThread "Finalizer" daemon [_thread_blocked, id=267944, stack(0x00007f45f82fb000,0x00007f45f83fc000)]
  0x00007f46101a9800 JavaThread "Signal Dispatcher" daemon [_thread_blocked, id=267946, stack(0x00007f45f81fa000,0x00007f45f82fb000)]
  0x00007f46101ab800 JavaThread "Service Thread" daemon [_thread_blocked, id=267947, stack(0x00007f45f80f9000,0x00007f45f81fa000)]
  0x00007f46101ad800 JavaThread "C2 CompilerThread0" daemon [_thread_blocked, id=267948, stack(0x00007f45f024f000,0x00007f45f0350000)]
  0x00007f46101b7800 JavaThread "C1 CompilerThread0" daemon [_thread_blocked, id=267949, stack(0x00007f45f014e000,0x00007f45f024f000)]
  0x00007f46101b9800 JavaThread "Sweeper thread" daemon [_thread_blocked, id=267950, stack(0x00007f45f004d000,0x00007f45f014e000)]
  0x00007f46101df800 JavaThread "Common-Cleaner" daemon [_thread_blocked, id=267953, stack(0x00007f45e96ff000,0x00007f45e9800000)]
  0x00007f461022e000 JavaThread "JDWP Event Helper Thread" daemon [_thread_blocked, id=267961, stack(0x00007f45e90f9000,0x00007f45e91fa000)]
  0x00007f46103a0800 JavaThread "JavaCPP Deallocator" daemon [_thread_blocked, id=267968, stack(0x00007f45e8df6000,0x00007f45e8ef7000)]

Other Threads:
  0x00007f46101a0000 VMThread "VM Thread" [stack: 0x00007f45f84fe000,0x00007f45f85fe000] [id=267942]
  0x00007f461023f800 WatcherThread [stack: 0x00007f45e8ef8000,0x00007f45e8ff8000] [id=267965]
  0x00007f4610035800 GCTaskThread "GC Thread#0" [stack: 0x00007f461697c000,0x00007f4616a7c000] [id=267930]
  0x00007f4610066800 ConcurrentGCThread "G1 Main Marker" [stack: 0x00007f4614f53000,0x00007f4615053000] [id=267932]
  0x00007f4610068800 ConcurrentGCThread "G1 Conc#0" [stack: 0x00007f4614e52000,0x00007f4614f52000] [id=267934]
  0x00007f4610104800 ConcurrentGCThread "G1 Refine#0" [stack: 0x00007f4614044000,0x00007f4614144000] [id=267935]
  0x00007f4610106800 ConcurrentGCThread "G1 Young RemSet Sampling" [stack: 0x00007f45f86db000,0x00007f45f87db000] [id=267936]

Threads with active compile tasks:

VM state:not at safepoint (normal execution)

VM Mutex/Monitor currently owned by a thread: None

Heap address: 0x0000000086a00000, size: 1942 MB, Compressed Oops mode: 32-bit
Narrow klass base: 0x0000000800000000, Narrow klass shift: 3
Compressed class space size: 1073741824 Address: 0x0000000840000000

Heap:
 garbage-first heap   total 126976K, used 15056K [0x0000000086a00000, 0x0000000100000000)
  region size 1024K, 15 young (15360K), 0 survivors (0K)
 Metaspace       used 3782K, capacity 6519K, committed 6656K, reserved 1056768K
  class space    used 405K, capacity 681K, committed 768K, reserved 1048576K
Heap Regions: E=young(eden), S=young(survivor), O=old, HS=humongous(starts), HC=humongous(continues), CS=collection set, F=free, A=archive, TAMS=top-at-mark-start (previous, next)
|   0|0x0000000086a00000, 0x0000000086a00000, 0x0000000086b00000|  0%| F|  |TAMS 0x0000000086a00000, 0x0000000086a00000| Untracked 
|   1|0x0000000086b00000, 0x0000000086b00000, 0x0000000086c00000|  0%| F|  |TAMS 0x0000000086b00000, 0x0000000086b00000| Untracked 
|   2|0x0000000086c00000, 0x0000000086c00000, 0x0000000086d00000|  0%| F|  |TAMS 0x0000000086c00000, 0x0000000086c00000| Untracked 
|   3|0x0000000086d00000, 0x0000000086d00000, 0x0000000086e00000|  0%| F|  |TAMS 0x0000000086d00000, 0x0000000086d00000| Untracked 
|   4|0x0000000086e00000, 0x0000000086e00000, 0x0000000086f00000|  0%| F|  |TAMS 0x0000000086e00000, 0x0000000086e00000| Untracked 
|   5|0x0000000086f00000, 0x0000000086f00000, 0x0000000087000000|  0%| F|  |TAMS 0x0000000086f00000, 0x0000000086f00000| Untracked 
|   6|0x0000000087000000, 0x0000000087000000, 0x0000000087100000|  0%| F|  |TAMS 0x0000000087000000, 0x0000000087000000| Untracked 
|   7|0x0000000087100000, 0x0000000087100000, 0x0000000087200000|  0%| F|  |TAMS 0x0000000087100000, 0x0000000087100000| Untracked 
|   8|0x0000000087200000, 0x0000000087200000, 0x0000000087300000|  0%| F|  |TAMS 0x0000000087200000, 0x0000000087200000| Untracked 
|   9|0x0000000087300000, 0x0000000087300000, 0x0000000087400000|  0%| F|  |TAMS 0x0000000087300000, 0x0000000087300000| Untracked 
|  10|0x0000000087400000, 0x0000000087400000, 0x0000000087500000|  0%| F|  |TAMS 0x0000000087400000, 0x0000000087400000| Untracked 
|  11|0x0000000087500000, 0x0000000087500000, 0x0000000087600000|  0%| F|  |TAMS 0x0000000087500000, 0x0000000087500000| Untracked 
|  12|0x0000000087600000, 0x0000000087600000, 0x0000000087700000|  0%| F|  |TAMS 0x0000000087600000, 0x0000000087600000| Untracked 
|  13|0x0000000087700000, 0x0000000087700000, 0x0000000087800000|  0%| F|  |TAMS 0x0000000087700000, 0x0000000087700000| Untracked 
|  14|0x0000000087800000, 0x0000000087800000, 0x0000000087900000|  0%| F|  |TAMS 0x0000000087800000, 0x0000000087800000| Untracked 
|  15|0x0000000087900000, 0x0000000087900000, 0x0000000087a00000|  0%| F|  |TAMS 0x0000000087900000, 0x0000000087900000| Untracked 
|  16|0x0000000087a00000, 0x0000000087a00000, 0x0000000087b00000|  0%| F|  |TAMS 0x0000000087a00000, 0x0000000087a00000| Untracked 
|  17|0x0000000087b00000, 0x0000000087b00000, 0x0000000087c00000|  0%| F|  |TAMS 0x0000000087b00000, 0x0000000087b00000| Untracked 
|  18|0x0000000087c00000, 0x0000000087c00000, 0x0000000087d00000|  0%| F|  |TAMS 0x0000000087c00000, 0x0000000087c00000| Untracked 
|  19|0x0000000087d00000, 0x0000000087d00000, 0x0000000087e00000|  0%| F|  |TAMS 0x0000000087d00000, 0x0000000087d00000| Untracked 
|  20|0x0000000087e00000, 0x0000000087e00000, 0x0000000087f00000|  0%| F|  |TAMS 0x0000000087e00000, 0x0000000087e00000| Untracked 
|  21|0x0000000087f00000, 0x0000000087f00000, 0x0000000088000000|  0%| F|  |TAMS 0x0000000087f00000, 0x0000000087f00000| Untracked 
|  22|0x0000000088000000, 0x0000000088000000, 0x0000000088100000|  0%| F|  |TAMS 0x0000000088000000, 0x0000000088000000| Untracked 
|  23|0x0000000088100000, 0x0000000088100000, 0x0000000088200000|  0%| F|  |TAMS 0x0000000088100000, 0x0000000088100000| Untracked 
|  24|0x0000000088200000, 0x0000000088200000, 0x0000000088300000|  0%| F|  |TAMS 0x0000000088200000, 0x0000000088200000| Untracked 
|  25|0x0000000088300000, 0x0000000088300000, 0x0000000088400000|  0%| F|  |TAMS 0x0000000088300000, 0x0000000088300000| Untracked 
|  26|0x0000000088400000, 0x0000000088400000, 0x0000000088500000|  0%| F|  |TAMS 0x0000000088400000, 0x0000000088400000| Untracked 
|  27|0x0000000088500000, 0x0000000088500000, 0x0000000088600000|  0%| F|  |TAMS 0x0000000088500000, 0x0000000088500000| Untracked 
|  28|0x0000000088600000, 0x0000000088600000, 0x0000000088700000|  0%| F|  |TAMS 0x0000000088600000, 0x0000000088600000| Untracked 
|  29|0x0000000088700000, 0x0000000088700000, 0x0000000088800000|  0%| F|  |TAMS 0x0000000088700000, 0x0000000088700000| Untracked 
|  30|0x0000000088800000, 0x0000000088800000, 0x0000000088900000|  0%| F|  |TAMS 0x0000000088800000, 0x0000000088800000| Untracked 
|  31|0x0000000088900000, 0x0000000088900000, 0x0000000088a00000|  0%| F|  |TAMS 0x0000000088900000, 0x0000000088900000| Untracked 
|  32|0x0000000088a00000, 0x0000000088a00000, 0x0000000088b00000|  0%| F|  |TAMS 0x0000000088a00000, 0x0000000088a00000| Untracked 
|  33|0x0000000088b00000, 0x0000000088b00000, 0x0000000088c00000|  0%| F|  |TAMS 0x0000000088b00000, 0x0000000088b00000| Untracked 
|  34|0x0000000088c00000, 0x0000000088c00000, 0x0000000088d00000|  0%| F|  |TAMS 0x0000000088c00000, 0x0000000088c00000| Untracked 
|  35|0x0000000088d00000, 0x0000000088d00000, 0x0000000088e00000|  0%| F|  |TAMS 0x0000000088d00000, 0x0000000088d00000| Untracked 
|  36|0x0000000088e00000, 0x0000000088e00000, 0x0000000088f00000|  0%| F|  |TAMS 0x0000000088e00000, 0x0000000088e00000| Untracked 
|  37|0x0000000088f00000, 0x0000000088f00000, 0x0000000089000000|  0%| F|  |TAMS 0x0000000088f00000, 0x0000000088f00000| Untracked 
|  38|0x0000000089000000, 0x0000000089000000, 0x0000000089100000|  0%| F|  |TAMS 0x0000000089000000, 0x0000000089000000| Untracked 
|  39|0x0000000089100000, 0x0000000089100000, 0x0000000089200000|  0%| F|  |TAMS 0x0000000089100000, 0x0000000089100000| Untracked 
|  40|0x0000000089200000, 0x0000000089200000, 0x0000000089300000|  0%| F|  |TAMS 0x0000000089200000, 0x0000000089200000| Untracked 
|  41|0x0000000089300000, 0x0000000089300000, 0x0000000089400000|  0%| F|  |TAMS 0x0000000089300000, 0x0000000089300000| Untracked 
|  42|0x0000000089400000, 0x0000000089400000, 0x0000000089500000|  0%| F|  |TAMS 0x0000000089400000, 0x0000000089400000| Untracked 
|  43|0x0000000089500000, 0x0000000089500000, 0x0000000089600000|  0%| F|  |TAMS 0x0000000089500000, 0x0000000089500000| Untracked 
|  44|0x0000000089600000, 0x0000000089600000, 0x0000000089700000|  0%| F|  |TAMS 0x0000000089600000, 0x0000000089600000| Untracked 
|  45|0x0000000089700000, 0x0000000089700000, 0x0000000089800000|  0%| F|  |TAMS 0x0000000089700000, 0x0000000089700000| Untracked 
|  46|0x0000000089800000, 0x0000000089800000, 0x0000000089900000|  0%| F|  |TAMS 0x0000000089800000, 0x0000000089800000| Untracked 
|  47|0x0000000089900000, 0x0000000089900000, 0x0000000089a00000|  0%| F|  |TAMS 0x0000000089900000, 0x0000000089900000| Untracked 
|  48|0x0000000089a00000, 0x0000000089a00000, 0x0000000089b00000|  0%| F|  |TAMS 0x0000000089a00000, 0x0000000089a00000| Untracked 
|  49|0x0000000089b00000, 0x0000000089b00000, 0x0000000089c00000|  0%| F|  |TAMS 0x0000000089b00000, 0x0000000089b00000| Untracked 
|  50|0x0000000089c00000, 0x0000000089c00000, 0x0000000089d00000|  0%| F|  |TAMS 0x0000000089c00000, 0x0000000089c00000| Untracked 
|  51|0x0000000089d00000, 0x0000000089d00000, 0x0000000089e00000|  0%| F|  |TAMS 0x0000000089d00000, 0x0000000089d00000| Untracked 
|  52|0x0000000089e00000, 0x0000000089e00000, 0x0000000089f00000|  0%| F|  |TAMS 0x0000000089e00000, 0x0000000089e00000| Untracked 
|  53|0x0000000089f00000, 0x0000000089f00000, 0x000000008a000000|  0%| F|  |TAMS 0x0000000089f00000, 0x0000000089f00000| Untracked 
|  54|0x000000008a000000, 0x000000008a000000, 0x000000008a100000|  0%| F|  |TAMS 0x000000008a000000, 0x000000008a000000| Untracked 
|  55|0x000000008a100000, 0x000000008a100000, 0x000000008a200000|  0%| F|  |TAMS 0x000000008a100000, 0x000000008a100000| Untracked 
|  56|0x000000008a200000, 0x000000008a200000, 0x000000008a300000|  0%| F|  |TAMS 0x000000008a200000, 0x000000008a200000| Untracked 
|  57|0x000000008a300000, 0x000000008a300000, 0x000000008a400000|  0%| F|  |TAMS 0x000000008a300000, 0x000000008a300000| Untracked 
|  58|0x000000008a400000, 0x000000008a400000, 0x000000008a500000|  0%| F|  |TAMS 0x000000008a400000, 0x000000008a400000| Untracked 
|  59|0x000000008a500000, 0x000000008a500000, 0x000000008a600000|  0%| F|  |TAMS 0x000000008a500000, 0x000000008a500000| Untracked 
|  60|0x000000008a600000, 0x000000008a600000, 0x000000008a700000|  0%| F|  |TAMS 0x000000008a600000, 0x000000008a600000| Untracked 
|  61|0x000000008a700000, 0x000000008a700000, 0x000000008a800000|  0%| F|  |TAMS 0x000000008a700000, 0x000000008a700000| Untracked 
|  62|0x000000008a800000, 0x000000008a800000, 0x000000008a900000|  0%| F|  |TAMS 0x000000008a800000, 0x000000008a800000| Untracked 
|  63|0x000000008a900000, 0x000000008a900000, 0x000000008aa00000|  0%| F|  |TAMS 0x000000008a900000, 0x000000008a900000| Untracked 
|  64|0x000000008aa00000, 0x000000008aa00000, 0x000000008ab00000|  0%| F|  |TAMS 0x000000008aa00000, 0x000000008aa00000| Untracked 
|  65|0x000000008ab00000, 0x000000008ab00000, 0x000000008ac00000|  0%| F|  |TAMS 0x000000008ab00000, 0x000000008ab00000| Untracked 
|  66|0x000000008ac00000, 0x000000008ac00000, 0x000000008ad00000|  0%| F|  |TAMS 0x000000008ac00000, 0x000000008ac00000| Untracked 
|  67|0x000000008ad00000, 0x000000008ad00000, 0x000000008ae00000|  0%| F|  |TAMS 0x000000008ad00000, 0x000000008ad00000| Untracked 
|  68|0x000000008ae00000, 0x000000008ae00000, 0x000000008af00000|  0%| F|  |TAMS 0x000000008ae00000, 0x000000008ae00000| Untracked 
|  69|0x000000008af00000, 0x000000008af00000, 0x000000008b000000|  0%| F|  |TAMS 0x000000008af00000, 0x000000008af00000| Untracked 
|  70|0x000000008b000000, 0x000000008b000000, 0x000000008b100000|  0%| F|  |TAMS 0x000000008b000000, 0x000000008b000000| Untracked 
|  71|0x000000008b100000, 0x000000008b100000, 0x000000008b200000|  0%| F|  |TAMS 0x000000008b100000, 0x000000008b100000| Untracked 
|  72|0x000000008b200000, 0x000000008b200000, 0x000000008b300000|  0%| F|  |TAMS 0x000000008b200000, 0x000000008b200000| Untracked 
|  73|0x000000008b300000, 0x000000008b300000, 0x000000008b400000|  0%| F|  |TAMS 0x000000008b300000, 0x000000008b300000| Untracked 
|  74|0x000000008b400000, 0x000000008b400000, 0x000000008b500000|  0%| F|  |TAMS 0x000000008b400000, 0x000000008b400000| Untracked 
|  75|0x000000008b500000, 0x000000008b500000, 0x000000008b600000|  0%| F|  |TAMS 0x000000008b500000, 0x000000008b500000| Untracked 
|  76|0x000000008b600000, 0x000000008b600000, 0x000000008b700000|  0%| F|  |TAMS 0x000000008b600000, 0x000000008b600000| Untracked 
|  77|0x000000008b700000, 0x000000008b700000, 0x000000008b800000|  0%| F|  |TAMS 0x000000008b700000, 0x000000008b700000| Untracked 
|  78|0x000000008b800000, 0x000000008b800000, 0x000000008b900000|  0%| F|  |TAMS 0x000000008b800000, 0x000000008b800000| Untracked 
|  79|0x000000008b900000, 0x000000008b900000, 0x000000008ba00000|  0%| F|  |TAMS 0x000000008b900000, 0x000000008b900000| Untracked 
|  80|0x000000008ba00000, 0x000000008ba00000, 0x000000008bb00000|  0%| F|  |TAMS 0x000000008ba00000, 0x000000008ba00000| Untracked 
|  81|0x000000008bb00000, 0x000000008bb00000, 0x000000008bc00000|  0%| F|  |TAMS 0x000000008bb00000, 0x000000008bb00000| Untracked 
|  82|0x000000008bc00000, 0x000000008bc00000, 0x000000008bd00000|  0%| F|  |TAMS 0x000000008bc00000, 0x000000008bc00000| Untracked 
|  83|0x000000008bd00000, 0x000000008bd00000, 0x000000008be00000|  0%| F|  |TAMS 0x000000008bd00000, 0x000000008bd00000| Untracked 
|  84|0x000000008be00000, 0x000000008be00000, 0x000000008bf00000|  0%| F|  |TAMS 0x000000008be00000, 0x000000008be00000| Untracked 
|  85|0x000000008bf00000, 0x000000008bf00000, 0x000000008c000000|  0%| F|  |TAMS 0x000000008bf00000, 0x000000008bf00000| Untracked 
|  86|0x000000008c000000, 0x000000008c000000, 0x000000008c100000|  0%| F|  |TAMS 0x000000008c000000, 0x000000008c000000| Untracked 
|  87|0x000000008c100000, 0x000000008c100000, 0x000000008c200000|  0%| F|  |TAMS 0x000000008c100000, 0x000000008c100000| Untracked 
|  88|0x000000008c200000, 0x000000008c200000, 0x000000008c300000|  0%| F|  |TAMS 0x000000008c200000, 0x000000008c200000| Untracked 
|  89|0x000000008c300000, 0x000000008c300000, 0x000000008c400000|  0%| F|  |TAMS 0x000000008c300000, 0x000000008c300000| Untracked 
|  90|0x000000008c400000, 0x000000008c400000, 0x000000008c500000|  0%| F|  |TAMS 0x000000008c400000, 0x000000008c400000| Untracked 
|  91|0x000000008c500000, 0x000000008c500000, 0x000000008c600000|  0%| F|  |TAMS 0x000000008c500000, 0x000000008c500000| Untracked 
|  92|0x000000008c600000, 0x000000008c600000, 0x000000008c700000|  0%| F|  |TAMS 0x000000008c600000, 0x000000008c600000| Untracked 
|  93|0x000000008c700000, 0x000000008c700000, 0x000000008c800000|  0%| F|  |TAMS 0x000000008c700000, 0x000000008c700000| Untracked 
|  94|0x000000008c800000, 0x000000008c800000, 0x000000008c900000|  0%| F|  |TAMS 0x000000008c800000, 0x000000008c800000| Untracked 
|  95|0x000000008c900000, 0x000000008c900000, 0x000000008ca00000|  0%| F|  |TAMS 0x000000008c900000, 0x000000008c900000| Untracked 
|  96|0x000000008ca00000, 0x000000008ca00000, 0x000000008cb00000|  0%| F|  |TAMS 0x000000008ca00000, 0x000000008ca00000| Untracked 
|  97|0x000000008cb00000, 0x000000008cb00000, 0x000000008cc00000|  0%| F|  |TAMS 0x000000008cb00000, 0x000000008cb00000| Untracked 
|  98|0x000000008cc00000, 0x000000008cc00000, 0x000000008cd00000|  0%| F|  |TAMS 0x000000008cc00000, 0x000000008cc00000| Untracked 
|  99|0x000000008cd00000, 0x000000008cd00000, 0x000000008ce00000|  0%| F|  |TAMS 0x000000008cd00000, 0x000000008cd00000| Untracked 
| 100|0x000000008ce00000, 0x000000008ce00000, 0x000000008cf00000|  0%| F|  |TAMS 0x000000008ce00000, 0x000000008ce00000| Untracked 
| 101|0x000000008cf00000, 0x000000008cf00000, 0x000000008d000000|  0%| F|  |TAMS 0x000000008cf00000, 0x000000008cf00000| Untracked 
| 102|0x000000008d000000, 0x000000008d000000, 0x000000008d100000|  0%| F|  |TAMS 0x000000008d000000, 0x000000008d000000| Untracked 
| 103|0x000000008d100000, 0x000000008d100000, 0x000000008d200000|  0%| F|  |TAMS 0x000000008d100000, 0x000000008d100000| Untracked 
| 104|0x000000008d200000, 0x000000008d200000, 0x000000008d300000|  0%| F|  |TAMS 0x000000008d200000, 0x000000008d200000| Untracked 
| 105|0x000000008d300000, 0x000000008d300000, 0x000000008d400000|  0%| F|  |TAMS 0x000000008d300000, 0x000000008d300000| Untracked 
| 106|0x000000008d400000, 0x000000008d400000, 0x000000008d500000|  0%| F|  |TAMS 0x000000008d400000, 0x000000008d400000| Untracked 
| 107|0x000000008d500000, 0x000000008d5f6770, 0x000000008d600000| 96%| E|  |TAMS 0x000000008d500000, 0x000000008d500000| Complete 
| 108|0x000000008d600000, 0x000000008d700000, 0x000000008d700000|100%| E|CS|TAMS 0x000000008d600000, 0x000000008d600000| Complete 
| 109|0x000000008d700000, 0x000000008d800000, 0x000000008d800000|100%| E|CS|TAMS 0x000000008d700000, 0x000000008d700000| Complete 
| 110|0x000000008d800000, 0x000000008d900000, 0x000000008d900000|100%| E|CS|TAMS 0x000000008d800000, 0x000000008d800000| Complete 
| 111|0x000000008d900000, 0x000000008da00000, 0x000000008da00000|100%| E|CS|TAMS 0x000000008d900000, 0x000000008d900000| Complete 
| 112|0x000000008da00000, 0x000000008db00000, 0x000000008db00000|100%| E|CS|TAMS 0x000000008da00000, 0x000000008da00000| Complete 
| 113|0x000000008db00000, 0x000000008dc00000, 0x000000008dc00000|100%| E|CS|TAMS 0x000000008db00000, 0x000000008db00000| Complete 
| 114|0x000000008dc00000, 0x000000008dd00000, 0x000000008dd00000|100%| E|CS|TAMS 0x000000008dc00000, 0x000000008dc00000| Complete 
| 115|0x000000008dd00000, 0x000000008de00000, 0x000000008de00000|100%| E|CS|TAMS 0x000000008dd00000, 0x000000008dd00000| Complete 
| 116|0x000000008de00000, 0x000000008df00000, 0x000000008df00000|100%| E|CS|TAMS 0x000000008de00000, 0x000000008de00000| Complete 
| 117|0x000000008df00000, 0x000000008e000000, 0x000000008e000000|100%| E|CS|TAMS 0x000000008df00000, 0x000000008df00000| Complete 
| 118|0x000000008e000000, 0x000000008e100000, 0x000000008e100000|100%| E|CS|TAMS 0x000000008e000000, 0x000000008e000000| Complete 
| 119|0x000000008e100000, 0x000000008e200000, 0x000000008e200000|100%| E|CS|TAMS 0x000000008e100000, 0x000000008e100000| Complete 
| 120|0x000000008e200000, 0x000000008e300000, 0x000000008e300000|100%| E|CS|TAMS 0x000000008e200000, 0x000000008e200000| Complete 
| 121|0x000000008e300000, 0x000000008e400000, 0x000000008e400000|100%| E|CS|TAMS 0x000000008e300000, 0x000000008e300000| Complete 
|1940|0x00000000ffe00000, 0x00000000ffe48000, 0x00000000fff00000| 28%|OA|  |TAMS 0x00000000ffe00000, 0x00000000ffe00000| Untracked 
|1941|0x00000000fff00000, 0x00000000fff6c000, 0x0000000100000000| 42%|CA|  |TAMS 0x00000000fff00000, 0x00000000fff00000| Untracked 

Card table byte_map: [0x00007f46154d8000,0x00007f46158a3000] _byte_map_base: 0x00007f46150a3000

Marking Bits (Prev, Next): (CMBitMap*) 0x00007f461005e338, (CMBitMap*) 0x00007f461005e370
 Prev Bits: [0x00007f45f21a8000, 0x00007f45f4000000)
 Next Bits: [0x00007f45f0350000, 0x00007f45f21a8000)

Polling page: 0x00007f4617173000

Metaspace:

Usage:
  Non-class:      5.70 MB capacity,     3.30 MB ( 58%) used,     2.40 MB ( 42%) free+waste,     5.81 KB ( <1%) overhead. 
      Class:    681.00 KB capacity,   405.71 KB ( 60%) used,   272.41 KB ( 40%) free+waste,     2.88 KB ( <1%) overhead. 
       Both:      6.37 MB capacity,     3.69 MB ( 58%) used,     2.66 MB ( 42%) free+waste,     8.69 KB ( <1%) overhead. 

Virtual space:
  Non-class space:        8.00 MB reserved,       5.75 MB ( 72%) committed 
      Class space:        1.00 GB reserved,     768.00 KB ( <1%) committed 
             Both:        1.01 GB reserved,       6.50 MB ( <1%) committed 

Chunk freelists:
   Non-Class:  50.00 KB
       Class:  23.00 KB
        Both:  73.00 KB

MaxMetaspaceSize: unlimited
CompressedClassSpaceSize: 1.00 GB
Initial GC threshold: 20.80 MB
Current GC threshold: 20.80 MB
CDS: on

CodeHeap 'non-profiled nmethods': size=119172Kb used=216Kb max_used=216Kb free=118955Kb
 bounds [0x00007f460037a000, 0x00007f46005ea000, 0x00007f46077db000]
CodeHeap 'profiled nmethods': size=119168Kb used=1668Kb max_used=1668Kb free=117499Kb
 bounds [0x00007f45f8f1a000, 0x00007f45f918a000, 0x00007f460037a000]
CodeHeap 'non-nmethods': size=7420Kb used=1198Kb max_used=2916Kb free=6221Kb
 bounds [0x00007f45f87db000, 0x00007f45f8abb000, 0x00007f45f8f1a000]
 total_blobs=1225 nmethods=834 adapters=313
 compilation: enabled
              stopped_count=0, restarted_count=0
 full_count=0

Compilation events (20 events):
Event: 0.399 Thread 0x00007f45c405e000  827  s!   3       java.util.jar.JarFile::ensureInitialization (74 bytes)
Event: 0.399 Thread 0x00007f45c4060000 nmethod 824 0x00007f45f90b0390 code [0x00007f45f90b0540, 0x00007f45f90b0670]
Event: 0.399 Thread 0x00007f45c4060000  828       3       jdk.internal.loader.ClassLoaders$AppClassLoader::defineOrCheckPackage (8 bytes)
Event: 0.399 Thread 0x00007f46101b7800 nmethod 826 0x00007f45f90b0710 code [0x00007f45f90b08c0, 0x00007f45f90b0aa0]
Event: 0.399 Thread 0x00007f46101b7800  829   !   3       jdk.internal.loader.BuiltinClassLoader::defineOrCheckPackage (93 bytes)
Event: 0.399 Thread 0x00007f45c4060000 nmethod 828 0x00007f45f90b0b90 code [0x00007f45f90b0d40, 0x00007f45f90b0ea0]
Event: 0.399 Thread 0x00007f45b4001000 nmethod 825 0x00007f45f90b0f90 code [0x00007f45f90b11a0, 0x00007f45f90b16a0]
Event: 0.400 Thread 0x00007f46101b7800 nmethod 829 0x00007f45f90b1910 code [0x00007f45f90b1bc0, 0x00007f45f90b2770]
Event: 0.400 Thread 0x00007f45c405e000 nmethod 827 0x00007f45f90b2b90 code [0x00007f45f90b2e80, 0x00007f45f90b41c0]
Event: 0.401 Thread 0x00007f45c4060000  830       3       java.util.zip.ZipFile::getZipEntry (325 bytes)
Event: 0.401 Thread 0x00007f45b4001000  831       3       java.lang.ClassLoader::definePackage (84 bytes)
Event: 0.401 Thread 0x00007f45c405e000  832       3       java.lang.Package::isSealed (26 bytes)
Event: 0.401 Thread 0x00007f46101b7800  833       3       jdk.internal.loader.BuiltinClassLoader::isSealed (70 bytes)
Event: 0.401 Thread 0x00007f45c405e000 nmethod 832 0x00007f45f90b4710 code [0x00007f45f90b48e0, 0x00007f45f90b4c10]
Event: 0.402 Thread 0x00007f46101b7800 nmethod 833 0x00007f45f90b4d10 code [0x00007f45f90b4fa0, 0x00007f45f90b5ae0]
Event: 0.403 Thread 0x00007f45b4001000 nmethod 831 0x00007f45f90b5f90 code [0x00007f45f90b62a0, 0x00007f45f90b7470]
Event: 0.404 Thread 0x00007f45c4060000 nmethod 830 0x00007f45f90b7a10 code [0x00007f45f90b7dc0, 0x00007f45f90b9ce0]
Event: 0.404 Thread 0x00007f45a8012000 nmethod 753 0x00007f46003af010 code [0x00007f46003af1e0, 0x00007f46003afe58]
Event: 5.405 Thread 0x00007f45c405e000  834       3       org.antlr.v4.runtime.misc.Interval::of (54 bytes)
Event: 5.406 Thread 0x00007f45c405e000 nmethod 834 0x00007f45f90ba990 code [0x00007f45f90bab80, 0x00007f45f90bb1b0]

GC Heap History (0 events):
No events

Deoptimization events (20 events):
Event: 0.360 Thread 0x00007f461001c000 DEOPT PACKING pc=0x00007f45f900f48a sp=0x00007f46172bd620
Event: 0.360 Thread 0x00007f461001c000 DEOPT UNPACKING pc=0x00007f45f882564a sp=0x00007f46172bcac8 mode 0
Event: 0.362 Thread 0x00007f461001c000 DEOPT PACKING pc=0x00007f45f8f8024f sp=0x00007f46172bd600
Event: 0.362 Thread 0x00007f461001c000 DEOPT UNPACKING pc=0x00007f45f882564a sp=0x00007f46172bcaa8 mode 0
Event: 0.363 Thread 0x00007f461001c000 DEOPT PACKING pc=0x00007f45f9017192 sp=0x00007f46172bd980
Event: 0.363 Thread 0x00007f461001c000 DEOPT UNPACKING pc=0x00007f45f882564a sp=0x00007f46172bce00 mode 0
Event: 0.364 Thread 0x00007f461001c000 DEOPT PACKING pc=0x00007f45f8f8024f sp=0x00007f46172bd600
Event: 0.364 Thread 0x00007f461001c000 DEOPT UNPACKING pc=0x00007f45f882564a sp=0x00007f46172bcaa8 mode 0
Event: 0.366 Thread 0x00007f461001c000 DEOPT PACKING pc=0x00007f45f9017192 sp=0x00007f46172bd140
Event: 0.366 Thread 0x00007f461001c000 DEOPT UNPACKING pc=0x00007f45f882564a sp=0x00007f46172bc5c0 mode 0
Event: 0.367 Thread 0x00007f461001c000 DEOPT PACKING pc=0x00007f45f9017192 sp=0x00007f46172bd960
Event: 0.367 Thread 0x00007f461001c000 DEOPT UNPACKING pc=0x00007f45f882564a sp=0x00007f46172bcde0 mode 0
Event: 0.369 Thread 0x00007f461001c000 DEOPT PACKING pc=0x00007f45f9017192 sp=0x00007f46172bd180
Event: 0.369 Thread 0x00007f461001c000 DEOPT UNPACKING pc=0x00007f45f882564a sp=0x00007f46172bc600 mode 0
Event: 0.369 Thread 0x00007f461001c000 DEOPT PACKING pc=0x00007f45f9017192 sp=0x00007f46172bd120
Event: 0.369 Thread 0x00007f461001c000 DEOPT UNPACKING pc=0x00007f45f882564a sp=0x00007f46172bc5a0 mode 0
Event: 0.370 Thread 0x00007f461001c000 DEOPT PACKING pc=0x00007f45f9017192 sp=0x00007f46172bd180
Event: 0.370 Thread 0x00007f461001c000 DEOPT UNPACKING pc=0x00007f45f882564a sp=0x00007f46172bc600 mode 0
Event: 0.371 Thread 0x00007f461001c000 DEOPT PACKING pc=0x00007f45f9017192 sp=0x00007f46172bd180
Event: 0.371 Thread 0x00007f461001c000 DEOPT UNPACKING pc=0x00007f45f882564a sp=0x00007f46172bc600 mode 0

Classes redefined (0 events):
No events

Internal exceptions (20 events):
Event: 0.351 Thread 0x00007f461001c000 Exception <a 'java/security/PrivilegedActionException'{0x000000008d872828}> (0x000000008d872828) thrown at [src/hotspot/share/prims/jvm.cpp, line 1304]
Event: 0.351 Thread 0x00007f461001c000 Exception <a 'java/security/PrivilegedActionException'{0x000000008d872af8}> (0x000000008d872af8) thrown at [src/hotspot/share/prims/jvm.cpp, line 1304]
Event: 0.351 Thread 0x00007f461001c000 Exception <a 'java/security/PrivilegedActionException'{0x000000008d873448}> (0x000000008d873448) thrown at [src/hotspot/share/prims/jvm.cpp, line 1304]
Event: 0.351 Thread 0x00007f461001c000 Exception <a 'java/security/PrivilegedActionException'{0x000000008d873718}> (0x000000008d873718) thrown at [src/hotspot/share/prims/jvm.cpp, line 1304]
Event: 0.351 Thread 0x00007f461001c000 Exception <a 'java/security/PrivilegedActionException'{0x000000008d8740a0}> (0x000000008d8740a0) thrown at [src/hotspot/share/prims/jvm.cpp, line 1304]
Event: 0.351 Thread 0x00007f461001c000 Exception <a 'java/security/PrivilegedActionException'{0x000000008d874370}> (0x000000008d874370) thrown at [src/hotspot/share/prims/jvm.cpp, line 1304]
Event: 0.351 Thread 0x00007f461001c000 Exception <a 'java/security/PrivilegedActionException'{0x000000008d874ce0}> (0x000000008d874ce0) thrown at [src/hotspot/share/prims/jvm.cpp, line 1304]
Event: 0.351 Thread 0x00007f461001c000 Exception <a 'java/security/PrivilegedActionException'{0x000000008d874fb0}> (0x000000008d874fb0) thrown at [src/hotspot/share/prims/jvm.cpp, line 1304]
Event: 0.351 Thread 0x00007f461001c000 Exception <a 'java/security/PrivilegedActionException'{0x000000008d875920}> (0x000000008d875920) thrown at [src/hotspot/share/prims/jvm.cpp, line 1304]
Event: 0.351 Thread 0x00007f461001c000 Exception <a 'java/security/PrivilegedActionException'{0x000000008d875bf0}> (0x000000008d875bf0) thrown at [src/hotspot/share/prims/jvm.cpp, line 1304]
Event: 0.351 Thread 0x00007f461001c000 Exception <a 'java/security/PrivilegedActionException'{0x000000008d876578}> (0x000000008d876578) thrown at [src/hotspot/share/prims/jvm.cpp, line 1304]
Event: 0.351 Thread 0x00007f461001c000 Exception <a 'java/security/PrivilegedActionException'{0x000000008d876848}> (0x000000008d876848) thrown at [src/hotspot/share/prims/jvm.cpp, line 1304]
Event: 0.351 Thread 0x00007f461001c000 Exception <a 'java/security/PrivilegedActionException'{0x000000008d8771d0}> (0x000000008d8771d0) thrown at [src/hotspot/share/prims/jvm.cpp, line 1304]
Event: 0.351 Thread 0x00007f461001c000 Exception <a 'java/security/PrivilegedActionException'{0x000000008d8774a0}> (0x000000008d8774a0) thrown at [src/hotspot/share/prims/jvm.cpp, line 1304]
Event: 0.352 Thread 0x00007f461001c000 Exception <a 'java/security/PrivilegedActionException'{0x000000008d877e28}> (0x000000008d877e28) thrown at [src/hotspot/share/prims/jvm.cpp, line 1304]
Event: 0.352 Thread 0x00007f461001c000 Exception <a 'java/security/PrivilegedActionException'{0x000000008d8780f8}> (0x000000008d8780f8) thrown at [src/hotspot/share/prims/jvm.cpp, line 1304]
Event: 0.352 Thread 0x00007f461001c000 Exception <a 'java/security/PrivilegedActionException'{0x000000008d878a68}> (0x000000008d878a68) thrown at [src/hotspot/share/prims/jvm.cpp, line 1304]
Event: 0.352 Thread 0x00007f461001c000 Exception <a 'java/security/PrivilegedActionException'{0x000000008d878d38}> (0x000000008d878d38) thrown at [src/hotspot/share/prims/jvm.cpp, line 1304]
Event: 0.352 Thread 0x00007f461001c000 Exception <a 'java/security/PrivilegedActionException'{0x000000008d8796c0}> (0x000000008d8796c0) thrown at [src/hotspot/share/prims/jvm.cpp, line 1304]
Event: 0.352 Thread 0x00007f461001c000 Exception <a 'java/security/PrivilegedActionException'{0x000000008d879990}> (0x000000008d879990) thrown at [src/hotspot/share/prims/jvm.cpp, line 1304]

Events (20 events):
Event: 70.286 Executing VM operation: ChangeBreakpoints done
Event: 70.288 Executing VM operation: ChangeBreakpoints
Event: 70.288 Executing VM operation: ChangeBreakpoints done
Event: 72.125 Executing VM operation: GetFrameCount
Event: 72.125 Executing VM operation: GetFrameCount done
Event: 72.126 Executing VM operation: GetFrameCount
Event: 72.126 Executing VM operation: GetFrameCount done
Event: 72.126 Executing VM operation: GetStackTrace
Event: 72.126 Executing VM operation: GetStackTrace done
Event: 72.129 Executing VM operation: GetFrameLocation
Event: 72.129 Executing VM operation: GetFrameLocation done
Event: 72.130 Executing VM operation: GetOrSetLocal
Event: 72.130 Executing VM operation: GetOrSetLocal done
Event: 77.981 Executing VM operation: ChangeBreakpoints
Event: 77.981 Executing VM operation: ChangeBreakpoints done
Event: 78.285 Executing VM operation: ChangeBreakpoints
Event: 78.285 Executing VM operation: ChangeBreakpoints done
Event: 91.740 Executing VM operation: ChangeBreakpoints
Event: 91.740 Executing VM operation: ChangeBreakpoints done
Event: 91.741 Thread 0x00007f45a0001800 Thread exited: 0x00007f45a0001800


Dynamic libraries:
86a00000-8e400000 rw-p 00000000 00:00 0 
8e400000-ffe00000 ---p 00000000 00:00 0 
ffe00000-ffe48000 rw-p 00b14000 08:20 43898                              /usr/lib/jvm/java-11-openjdk-amd64/lib/server/classes.jsa
ffe48000-fff00000 rw-p 00000000 00:00 0 
fff00000-fff6c000 rw-p 00aa8000 08:20 43898                              /usr/lib/jvm/java-11-openjdk-amd64/lib/server/classes.jsa
fff6c000-100000000 rw-p 00000000 00:00 0 
800000000-800002000 rwxp 00001000 08:20 43898                            /usr/lib/jvm/java-11-openjdk-amd64/lib/server/classes.jsa
800002000-800aa7000 rw-p 00003000 08:20 43898                            /usr/lib/jvm/java-11-openjdk-amd64/lib/server/classes.jsa
840000000-8400c0000 rw-p 00000000 00:00 0 
8400c0000-880000000 ---p 00000000 00:00 0 
56059ab36000-56059ab37000 r--p 00000000 08:20 47754                      /usr/lib/jvm/java-11-openjdk-amd64/bin/java
56059ab37000-56059ab38000 r-xp 00001000 08:20 47754                      /usr/lib/jvm/java-11-openjdk-amd64/bin/java
56059ab38000-56059ab39000 r--p 00002000 08:20 47754                      /usr/lib/jvm/java-11-openjdk-amd64/bin/java
56059ab39000-56059ab3a000 r--p 00002000 08:20 47754                      /usr/lib/jvm/java-11-openjdk-amd64/bin/java
56059ab3a000-56059ab3b000 rw-p 00003000 08:20 47754                      /usr/lib/jvm/java-11-openjdk-amd64/bin/java
56059acb8000-56059acd9000 rw-p 00000000 00:00 0                          [heap]
7f458952c000-7f4589e52000 r--p 00000000 08:20 84032                      /home/w/.javacpp/cache/llvm-13.0.1-1.5.7-linux-x86_64.jar/org/bytedeco/llvm/linux-x86_64/libLLVM-13.so
7f4589e52000-7f458d815000 r-xp 00926000 08:20 84032                      /home/w/.javacpp/cache/llvm-13.0.1-1.5.7-linux-x86_64.jar/org/bytedeco/llvm/linux-x86_64/libLLVM-13.so
7f458d815000-7f458fa6a000 r--p 042e9000 08:20 84032                      /home/w/.javacpp/cache/llvm-13.0.1-1.5.7-linux-x86_64.jar/org/bytedeco/llvm/linux-x86_64/libLLVM-13.so
7f458fa6a000-7f458ff7f000 r--p 0653d000 08:20 84032                      /home/w/.javacpp/cache/llvm-13.0.1-1.5.7-linux-x86_64.jar/org/bytedeco/llvm/linux-x86_64/libLLVM-13.so
7f458ff7f000-7f458ff8a000 rw-p 06a52000 08:20 84032                      /home/w/.javacpp/cache/llvm-13.0.1-1.5.7-linux-x86_64.jar/org/bytedeco/llvm/linux-x86_64/libLLVM-13.so
7f458ff8a000-7f4590000000 rw-p 00000000 00:00 0 
7f4590000000-7f4590021000 rw-p 00000000 00:00 0 
7f4590021000-7f4594000000 ---p 00000000 00:00 0 
7f4598000000-7f4598021000 rw-p 00000000 00:00 0 
7f4598021000-7f459c000000 ---p 00000000 00:00 0 
7f459c000000-7f459c021000 rw-p 00000000 00:00 0 
7f459c021000-7f45a0000000 ---p 00000000 00:00 0 
7f45a0000000-7f45a0028000 rw-p 00000000 00:00 0 
7f45a0028000-7f45a4000000 ---p 00000000 00:00 0 
7f45a4000000-7f45a4021000 rw-p 00000000 00:00 0 
7f45a4021000-7f45a8000000 ---p 00000000 00:00 0 
7f45a8000000-7f45a80d1000 rw-p 00000000 00:00 0 
7f45a80d1000-7f45ac000000 ---p 00000000 00:00 0 
7f45ac000000-7f45ac177000 rw-p 00000000 00:00 0 
7f45ac177000-7f45b0000000 ---p 00000000 00:00 0 
7f45b0000000-7f45b00c3000 rw-p 00000000 00:00 0 
7f45b00c3000-7f45b4000000 ---p 00000000 00:00 0 
7f45b4000000-7f45b409d000 rw-p 00000000 00:00 0 
7f45b409d000-7f45b8000000 ---p 00000000 00:00 0 
7f45b8000000-7f45b8021000 rw-p 00000000 00:00 0 
7f45b8021000-7f45bc000000 ---p 00000000 00:00 0 
7f45bc000000-7f45bc021000 rw-p 00000000 00:00 0 
7f45bc021000-7f45c0000000 ---p 00000000 00:00 0 
7f45c0000000-7f45c0190000 rw-p 00000000 00:00 0 
7f45c0190000-7f45c4000000 ---p 00000000 00:00 0 
7f45c4000000-7f45c4223000 rw-p 00000000 00:00 0 
7f45c4223000-7f45c8000000 ---p 00000000 00:00 0 
7f45c8000000-7f45c8021000 rw-p 00000000 00:00 0 
7f45c8021000-7f45cc000000 ---p 00000000 00:00 0 
7f45cc000000-7f45cc021000 rw-p 00000000 00:00 0 
7f45cc021000-7f45d0000000 ---p 00000000 00:00 0 
7f45d0000000-7f45d0021000 rw-p 00000000 00:00 0 
7f45d0021000-7f45d4000000 ---p 00000000 00:00 0 
7f45d4000000-7f45d4021000 rw-p 00000000 00:00 0 
7f45d4021000-7f45d8000000 ---p 00000000 00:00 0 
7f45d8000000-7f45d8021000 rw-p 00000000 00:00 0 
7f45d8021000-7f45dc000000 ---p 00000000 00:00 0 
7f45dc000000-7f45dc021000 rw-p 00000000 00:00 0 
7f45dc021000-7f45e0000000 ---p 00000000 00:00 0 
7f45e0000000-7f45e0021000 rw-p 00000000 00:00 0 
7f45e0021000-7f45e4000000 ---p 00000000 00:00 0 
7f45e4000000-7f45e4021000 rw-p 00000000 00:00 0 
7f45e4021000-7f45e8000000 ---p 00000000 00:00 0 
7f45e8cf0000-7f45e8d55000 r--p 00000000 08:20 84037                      /home/w/.javacpp/cache/llvm-13.0.1-1.5.7-linux-x86_64.jar/org/bytedeco/llvm/linux-x86_64/libjniLLVM.so
7f45e8d55000-7f45e8dc3000 r-xp 00065000 08:20 84037                      /home/w/.javacpp/cache/llvm-13.0.1-1.5.7-linux-x86_64.jar/org/bytedeco/llvm/linux-x86_64/libjniLLVM.so
7f45e8dc3000-7f45e8dee000 r--p 000d3000 08:20 84037                      /home/w/.javacpp/cache/llvm-13.0.1-1.5.7-linux-x86_64.jar/org/bytedeco/llvm/linux-x86_64/libjniLLVM.so
7f45e8dee000-7f45e8df1000 r--p 000fd000 08:20 84037                      /home/w/.javacpp/cache/llvm-13.0.1-1.5.7-linux-x86_64.jar/org/bytedeco/llvm/linux-x86_64/libjniLLVM.so
7f45e8df1000-7f45e8df4000 rw-p 00100000 08:20 84037                      /home/w/.javacpp/cache/llvm-13.0.1-1.5.7-linux-x86_64.jar/org/bytedeco/llvm/linux-x86_64/libjniLLVM.so
7f45e8df4000-7f45e8df6000 rw-p 00000000 00:00 0 
7f45e8df6000-7f45e8dfa000 ---p 00000000 00:00 0 
7f45e8dfa000-7f45e8ef7000 rw-p 00000000 00:00 0 
7f45e8ef7000-7f45e8ef8000 ---p 00000000 00:00 0 
7f45e8ef8000-7f45e8ff8000 rw-p 00000000 00:00 0 
7f45e8ff8000-7f45e8ffc000 ---p 00000000 00:00 0 
7f45e8ffc000-7f45e90f9000 rw-p 00000000 00:00 0 
7f45e90f9000-7f45e90fd000 ---p 00000000 00:00 0 
7f45e90fd000-7f45e91fa000 rw-p 00000000 00:00 0 
7f45e91fa000-7f45e91fe000 ---p 00000000 00:00 0 
7f45e91fe000-7f45e92fb000 rw-p 00000000 00:00 0 
7f45e92fb000-7f45e92ff000 ---p 00000000 00:00 0 
7f45e92ff000-7f45e93fc000 rw-p 00000000 00:00 0 
7f45e93fc000-7f45e9400000 ---p 00000000 00:00 0 
7f45e9400000-7f45e94fd000 rw-p 00000000 00:00 0 
7f45e94fd000-7f45e9501000 ---p 00000000 00:00 0 
7f45e9501000-7f45e95f