#
# A fatal error has been detected by the Java Runtime Environment:
#
#  SIGSEGV (0xb) at pc=0x00007fb4f2119e80, pid=9501, tid=9503
#
# JRE version: OpenJDK Runtime Environment (11.0.22+7) (build 11.0.22+7-post-Ubuntu-0ubuntu220.04.1)
# Java VM: OpenJDK 64-Bit Server VM (11.0.22+7-post-Ubuntu-0ubuntu220.04.1, mixed mode, sharing, tiered, compressed oops, g1 gc, linux-amd64)
# Problematic frame:
# C  [libLLVM-13.so+0xbede80]  llvm::BasicBlock::getModule() const+0x0
#
# No core dump will be written. Core dumps have been disabled. To enable core dumping, try "ulimit -c unlimited" before starting Java again
#
# If you would like to submit a bug report, please visit:
#   https://bugs.launchpad.net/ubuntu/+source/openjdk-lts
# The crash happened outside the Java Virtual Machine in native code.
# See problematic frame for where to report the bug.
#

---------------  S U M M A R Y ------------

Command Line: -javaagent:/home/w/.cache/JetBrains/RemoteDev/dist/2b05049c6fa27_ideaIU-232.9921.28/lib/idea_rt.jar=60709:/home/w/.cache/JetBrains/RemoteDev/dist/2b05049c6fa27_ideaIU-232.9921.28/bin -Dfile.encoding=UTF-8 Main

Host: 12th Gen Intel(R) Core(TM) i5-1240P, 16 cores, 7G, Ubuntu 20.04.6 LTS
Time: Mon May 27 15:00:47 2024 CST elapsed time: 0.667635 seconds (0d 0h 0m 0s)

---------------  T H R E A D  ---------------

Current thread (0x00007fb568017800):  JavaThread "main" [_thread_in_native, id=9503, stack(0x00007fb56f8cd000,0x00007fb56f9ce000)]

Stack: [0x00007fb56f8cd000,0x00007fb56f9ce000],  sp=0x00007fb56f9cc298,  free space=1020k
Native frames: (J=compiled Java code, A=aot compiled Java code, j=interpreted, Vv=VM code, C=native code)
C  [libLLVM-13.so+0xbede80]  llvm::BasicBlock::getModule() const+0x0

Java frames: (J=compiled Java code, j=interpreted, Vv=VM code)
j  org.bytedeco.llvm.global.LLVM.LLVMBuildAlloca(Lorg/bytedeco/llvm/LLVM/LLVMBuilderRef;Lorg/bytedeco/llvm/LLVM/LLVMTypeRef;Ljava/lang/String;)Lorg/bytedeco/llvm/LLVM/LLVMValueRef;+0
j  LLVMIRVisitor.visitFuncDef(LSysYParser$FuncDefContext;)Lorg/bytedeco/llvm/LLVM/LLVMValueRef;+111
j  LLVMIRVisitor.visitFuncDef(LSysYParser$FuncDefContext;)Ljava/lang/Object;+2
j  SysYParser$FuncDefContext.accept(Lorg/antlr/v4/runtime/tree/ParseTreeVisitor;)Ljava/lang/Object;+12
j  org.antlr.v4.runtime.tree.AbstractParseTreeVisitor.visitChildren(Lorg/antlr/v4/runtime/tree/RuleNode;)Ljava/lang/Object;+46
j  SysYParserBaseVisitor.visitCompUnit(LSysYParser$CompUnitContext;)Ljava/lang/Object;+2
j  SysYParser$CompUnitContext.accept(Lorg/antlr/v4/runtime/tree/ParseTreeVisitor;)Ljava/lang/Object;+12
j  org.antlr.v4.runtime.tree.AbstractParseTreeVisitor.visitChildren(Lorg/antlr/v4/runtime/tree/RuleNode;)Ljava/lang/Object;+46
j  SysYParserBaseVisitor.visitProgram(LSysYParser$ProgramContext;)Ljava/lang/Object;+2
j  LLVMIRVisitor.visitProgram(LSysYParser$ProgramContext;)Lorg/bytedeco/llvm/LLVM/LLVMValueRef;+22
j  LLVMIRVisitor.visitProgram(LSysYParser$ProgramContext;)Ljava/lang/Object;+2
j  SysYParser$ProgramContext.accept(Lorg/antlr/v4/runtime/tree/ParseTreeVisitor;)Ljava/lang/Object;+12
j  org.antlr.v4.runtime.tree.AbstractParseTreeVisitor.visit(Lorg/antlr/v4/runtime/tree/ParseTree;)Ljava/lang/Object;+2
j  Main.main([Ljava/lang/String;)V+62
v  ~StubRoutines::call_stub

siginfo: si_signo: 11 (SIGSEGV), si_code: 1 (SEGV_MAPERR), si_addr: 0x0000000000000038

Register to memory mapping:

RAX=0x00007fb568457270 points into unknown readable memory: 0x0000000000000069 | 69 00 00 00 00 00 00 00
RBX={method} {0x00007fb56c83ef20} 'LLVMBuildAlloca' '(Lorg/bytedeco/llvm/LLVM/LLVMBuilderRef;Lorg/bytedeco/llvm/LLVM/LLVMTypeRef;Ljava/lang/String;)Lorg/bytedeco/llvm/LLVM/LLVMValueRef;' in 'org/bytedeco/llvm/global/LLVM'
RCX=0x0000000000000069 is an unknown value
RDX=0x00007fb568457270 points into unknown readable memory: 0x0000000000000069 | 69 00 00 00 00 00 00 00
RSP=0x00007fb56f9cc298 is pointing into the stack for thread: 0x00007fb568017800
RBP=0x00007fb568446900 points into unknown readable memory: 0x00007fb568446910 | 10 69 44 68 b5 7f 00 00
RSI=0x0000000000000101 is an unknown value
RDI=0x0 is NULL
R8 =0x000000008d8b0c10 points into unknown readable memory: 0x0000000000000069 | 69 00 00 00 00 00 00 00
R9 =0x00007fb568017800 is a thread
R10=0xfffffffffffff55a is an unknown value
R11=0x00007fb4f2158610: LLVMBuildAlloca+0x0000000000000000 in /home/w/.javacpp/cache/llvm-13.0.1-1.5.7-linux-x86_64.jar/org/bytedeco/llvm/linux-x86_64/libLLVM-13.so at 0x00007fb4f152c000
R12=0x0 is NULL
R13=0x00007fb56846a088 points into unknown readable memory: 0x00007fb568469900 | 00 99 46 68 b5 7f 00 00
R14=0x00007fb568457270 points into unknown readable memory: 0x0000000000000069 | 69 00 00 00 00 00 00 00
R15=0x00007fb568017800 is a thread


Registers:
RAX=0x00007fb568457270, RBX=0x00007fb56c83ef20, RCX=0x0000000000000069, RDX=0x00007fb568457270
RSP=0x00007fb56f9cc298, RBP=0x00007fb568446900, RSI=0x0000000000000101, RDI=0x0000000000000000
R8 =0x000000008d8b0c10, R9 =0x00007fb568017800, R10=0xfffffffffffff55a, R11=0x00007fb4f2158610
R12=0x0000000000000000, R13=0x00007fb56846a088, R14=0x00007fb568457270, R15=0x00007fb568017800
RIP=0x00007fb4f2119e80, EFLAGS=0x0000000000010206, CSGSFS=0x002b000000000033, ERR=0x0000000000000004
  TRAPNO=0x000000000000000e

Top of Stack: (sp=0x00007fb56f9cc298)
0x00007fb56f9cc298:   00007fb4f2158645 00007fb568457270
0x00007fb56f9cc2a8:   00007fb568017800 00007fb568017800
0x00007fb56f9cc2b8:   0000000000000000 00007fb568010103
0x00007fb56f9cc2c8:   00007fb56819b540 0000000000000002 

Instructions: (pc=0x00007fb4f2119e80)
0x00007fb4f2119d80:   ff 66 0f ef c0 48 89 02 48 89 50 08 41 0f 11 45
0x00007fb4f2119d90:   00 e8 5a 4b 17 00 4c 39 f3 75 c5 4d 8b 6c 24 30
0x00007fb4f2119da0:   4c 39 ed 74 3b 0f 1f 00 4c 89 eb 48 89 ef 4d 8b
0x00007fb4f2119db0:   6d 08 4c 8d 73 e8 4c 89 f6 e8 42 fd ff ff 48 8b
0x00007fb4f2119dc0:   03 48 8b 53 08 66 0f ef c9 4c 89 f7 48 89 02 48
0x00007fb4f2119dd0:   89 50 08 0f 11 0b e8 15 4b 17 00 4c 39 ed 75 c8
0x00007fb4f2119de0:   48 83 c4 08 4c 89 e7 5b 5d 41 5c 41 5d 41 5e 41
0x00007fb4f2119df0:   5f e9 fa 48 17 00 66 2e 0f 1f 84 00 00 00 00 00
0x00007fb4f2119e00:   48 8d 4b e8 48 89 c8 48 29 d0 e9 11 ff ff ff 90
0x00007fb4f2119e10:   48 8b 07 48 8b 38 e8 45 13 16 00 31 d2 be 01 00
0x00007fb4f2119e20:   00 00 48 89 c7 e8 b6 2a 02 00 48 89 c3 49 8b 44
0x00007fb4f2119e30:   24 08 48 85 c0 0f 84 a2 fe ff ff 0f 1f 44 00 00
0x00007fb4f2119e40:   48 8b 68 18 31 d2 48 89 df 48 8b 75 00 e8 ae bc
0x00007fb4f2119e50:   02 00 48 89 ef 48 89 c6 e8 63 65 17 00 48 89 ef
0x00007fb4f2119e60:   e8 4b 81 02 00 49 8b 44 24 08 48 85 c0 75 d1 e9
0x00007fb4f2119e70:   69 fe ff ff 66 2e 0f 1f 84 00 00 00 00 00 66 90
0x00007fb4f2119e80:   48 8b 47 38 48 8b 40 28 c3 0f 1f 80 00 00 00 00
0x00007fb4f2119e90:   48 8b 47 28 48 83 c7 28 48 39 f8 74 2b 48 85 c0
0x00007fb4f2119ea0:   0f 84 9e 9d d3 ff 4c 8d 40 e8 0f b6 40 f8 83 e8
0x00007fb4f2119eb0:   1b 83 f8 0b b8 00 00 00 00 4c 0f 43 c0 4c 89 c0
0x00007fb4f2119ec0:   c3 0f 1f 80 00 00 00 00 45 31 c0 eb f0 0f 1f 00
0x00007fb4f2119ed0:   48 8b 47 28 48 8d 57 28 48 39 d0 0f 84 af 00 00
0x00007fb4f2119ee0:   00 48 85 c0 0f 84 64 9d d3 ff 45 31 c0 80 78 f8
0x00007fb4f2119ef0:   1b 75 23 48 8b 57 30 48 8d 48 e8 48 85 d2 74 09
0x00007fb4f2119f00:   48 83 ea 18 48 39 d1 74 0d 48 8b 50 10 45 31 c0
0x00007fb4f2119f10:   48 39 42 30 75 0a 4c 89 c0 c3 66 0f 1f 44 00 00
0x00007fb4f2119f20:   4c 8b 00 4d 85 c0 74 ee 8b 50 fc 49 8d 48 e8 81
0x00007fb4f2119f30:   e2 ff ff ff 07 74 3e 89 d2 48 f7 da 48 c1 e2 05
0x00007fb4f2119f40:   48 8b 44 10 e8 48 85 c0 74 2b 48 39 c1 75 41 41
0x00007fb4f2119f50:   80 78 f8 4b 75 1f 49 8b 40 10 4c 39 40 30 74 30
0x00007fb4f2119f60:   49 8b 48 c8 4d 8b 00 4d 85 c0 74 aa 49 83 e8 18
0x00007fb4f2119f70:   4c 39 c1 75 1b 45 31 c0 80 79 10 52 75 98 0f b7 


Stack slot to memory mapping:
stack at sp + 0 slots: 0x00007fb4f2158645: LLVMBuildAlloca+0x0000000000000035 in /home/w/.javacpp/cache/llvm-13.0.1-1.5.7-linux-x86_64.jar/org/bytedeco/llvm/linux-x86_64/libLLVM-13.so at 0x00007fb4f152c000
stack at sp + 1 slots: 0x00007fb568457270 points into unknown readable memory: 0x0000000000000069 | 69 00 00 00 00 00 00 00
stack at sp + 2 slots: 0x00007fb568017800 is a thread
stack at sp + 3 slots: 0x00007fb568017800 is a thread
stack at sp + 4 slots: 0x0 is NULL
stack at sp + 5 slots: 0x00007fb568010103 points into unknown readable memory: 6f 72 3b 0b 00
stack at sp + 6 slots: 0x00007fb56819b540 points into unknown readable memory: 0x000000008d8b0c00 | 00 0c 8b 8d 00 00 00 00
stack at sp + 7 slots: 0x0000000000000002 is an unknown value


---------------  P R O C E S S  ---------------

Threads class SMR info:
_java_thread_list=0x00007fb568395ed0, length=14, elements={
0x00007fb568017800, 0x00007fb56819d000, 0x00007fb56819f000, 0x00007fb5681a7000,
0x00007fb5681a9000, 0x00007fb5681ab000, 0x00007fb5681b5800, 0x00007fb5681b7800,
0x00007fb51c00c000, 0x00007fb5681cd800, 0x00007fb514063000, 0x00007fb514065000,
0x00007fb568273800, 0x00007fb56836f000
}

Java Threads: ( => current thread )
=>0x00007fb568017800 JavaThread "main" [_thread_in_native, id=9503, stack(0x00007fb56f8cd000,0x00007fb56f9ce000)]
  0x00007fb56819d000 JavaThread "Reference Handler" daemon [_thread_blocked, id=9516, stack(0x00007fb56c051000,0x00007fb56c152000)]
  0x00007fb56819f000 JavaThread "Finalizer" daemon [_thread_blocked, id=9517, stack(0x00007fb5506da000,0x00007fb5507db000)]
  0x00007fb5681a7000 JavaThread "Signal Dispatcher" daemon [_thread_blocked, id=9520, stack(0x00007fb550180000,0x00007fb550281000)]
  0x00007fb5681a9000 JavaThread "Service Thread" daemon [_thread_blocked, id=9521, stack(0x00007fb55007f000,0x00007fb550180000)]
  0x00007fb5681ab000 JavaThread "C2 CompilerThread0" daemon [_thread_blocked, id=9522, stack(0x00007fb54824f000,0x00007fb548350000)]
  0x00007fb5681b5800 JavaThread "C1 CompilerThread0" daemon [_thread_blocked, id=9523, stack(0x00007fb54814e000,0x00007fb54824f000)]
  0x00007fb5681b7800 JavaThread "Sweeper thread" daemon [_thread_blocked, id=9524, stack(0x00007fb54804d000,0x00007fb54814e000)]
  0x00007fb51c00c000 JavaThread "C1 CompilerThread1" daemon [_thread_blocked, id=9530, stack(0x00007fb541eff000,0x00007fb542000000)]
  0x00007fb5681cd800 JavaThread "Common-Cleaner" daemon [_thread_blocked, id=9533, stack(0x00007fb541dfe000,0x00007fb541eff000)]
  0x00007fb514063000 JavaThread "C2 CompilerThread1" daemon [_thread_blocked, id=9535, stack(0x00007fb541cfd000,0x00007fb541dfe000)]
  0x00007fb514065000 JavaThread "C2 CompilerThread2" daemon [_thread_blocked, id=9536, stack(0x00007fb541bfc000,0x00007fb541cfd000)]
  0x00007fb568273800 JavaThread "Monitor Ctrl-Break" daemon [_thread_in_native, id=9539, stack(0x00007fb541afb000,0x00007fb541bfc000)]
  0x00007fb56836f000 JavaThread "JavaCPP Deallocator" daemon [_thread_blocked, id=9543, stack(0x00007fb5418f9000,0x00007fb5419fa000)]

Other Threads:
  0x00007fb56819a000 VMThread "VM Thread" [stack: 0x00007fb56c153000,0x00007fb56c253000] [id=9514]
  0x00007fb568275000 WatcherThread [stack: 0x00007fb5419fb000,0x00007fb541afb000] [id=9540]
  0x00007fb56802f800 GCTaskThread "GC Thread#0" [stack: 0x00007fb56f569000,0x00007fb56f669000] [id=9507]
  0x00007fb568060800 ConcurrentGCThread "G1 Main Marker" [stack: 0x00007fb56db40000,0x00007fb56dc40000] [id=9510]
  0x00007fb568062800 ConcurrentGCThread "G1 Conc#0" [stack: 0x00007fb56da3f000,0x00007fb56db3f000] [id=9511]
  0x00007fb5680fe800 ConcurrentGCThread "G1 Refine#0" [stack: 0x00007fb56cc31000,0x00007fb56cd31000] [id=9512]
  0x00007fb568100800 ConcurrentGCThread "G1 Young RemSet Sampling" [stack: 0x00007fb56cb30000,0x00007fb56cc30000] [id=9513]

Threads with active compile tasks:

VM state:not at safepoint (normal execution)

VM Mutex/Monitor currently owned by a thread: None

Heap address: 0x0000000086a00000, size: 1942 MB, Compressed Oops mode: 32-bit
Narrow klass base: 0x0000000800000000, Narrow klass shift: 3
Compressed class space size: 1073741824 Address: 0x0000000840000000

Heap:
 garbage-first heap   total 126976K, used 11984K [0x0000000086a00000, 0x0000000100000000)
  region size 1024K, 12 young (12288K), 0 survivors (0K)
 Metaspace       used 3878K, capacity 6517K, committed 6912K, reserved 1056768K
  class space    used 420K, capacity 682K, committed 768K, reserved 1048576K
Heap Regions: E=young(eden), S=young(survivor), O=old, HS=humongous(starts), HC=humongous(continues), CS=collection set, F=free, A=archive, TAMS=top-at-mark-start (previous, next)
|   0|0x0000000086a00000, 0x0000000086a00000, 0x0000000086b00000|  0%| F|  |TAMS 0x0000000086a00000, 0x0000000086a00000| Untracked 
|   1|0x0000000086b00000, 0x0000000086b00000, 0x0000000086c00000|  0%| F|  |TAMS 0x0000000086b00000, 0x0000000086b00000| Untracked 
|   2|0x0000000086c00000, 0x0000000086c00000, 0x0000000086d00000|  0%| F|  |TAMS 0x0000000086c00000, 0x0000000086c00000| Untracked 
|   3|0x0000000086d00000, 0x0000000086d00000, 0x0000000086e00000|  0%| F|  |TAMS 0x0000000086d00000, 0x0000000086d00000| Untracked 
|   4|0x0000000086e00000, 0x0000000086e00000, 0x0000000086f00000|  0%| F|  |TAMS 0x0000000086e00000, 0x0000000086e00000| Untracked 
|   5|0x0000000086f00000, 0x0000000086f00000, 0x0000000087000000|  0%| F|  |TAMS 0x0000000086f00000, 0x0000000086f00000| Untracked 
|   6|0x0000000087000000, 0x0000000087000000, 0x0000000087100000|  0%| F|  |TAMS 0x0000000087000000, 0x0000000087000000| Untracked 
|   7|0x0000000087100000, 0x0000000087100000, 0x0000000087200000|  0%| F|  |TAMS 0x0000000087100000, 0x0000000087100000| Untracked 
|   8|0x0000000087200000, 0x0000000087200000, 0x0000000087300000|  0%| F|  |TAMS 0x0000000087200000, 0x0000000087200000| Untracked 
|   9|0x0000000087300000, 0x0000000087300000, 0x0000000087400000|  0%| F|  |TAMS 0x0000000087300000, 0x0000000087300000| Untracked 
|  10|0x0000000087400000, 0x0000000087400000, 0x0000000087500000|  0%| F|  |TAMS 0x0000000087400000, 0x0000000087400000| Untracked 
|  11|0x0000000087500000, 0x0000000087500000, 0x0000000087600000|  0%| F|  |TAMS 0x0000000087500000, 0x0000000087500000| Untracked 
|  12|0x0000000087600000, 0x0000000087600000, 0x0000000087700000|  0%| F|  |TAMS 0x0000000087600000, 0x0000000087600000| Untracked 
|  13|0x0000000087700000, 0x0000000087700000, 0x0000000087800000|  0%| F|  |TAMS 0x0000000087700000, 0x0000000087700000| Untracked 
|  14|0x0000000087800000, 0x0000000087800000, 0x0000000087900000|  0%| F|  |TAMS 0x0000000087800000, 0x0000000087800000| Untracked 
|  15|0x0000000087900000, 0x0000000087900000, 0x0000000087a00000|  0%| F|  |TAMS 0x0000000087900000, 0x0000000087900000| Untracked 
|  16|0x0000000087a00000, 0x0000000087a00000, 0x0000000087b00000|  0%| F|  |TAMS 0x0000000087a00000, 0x0000000087a00000| Untracked 
|  17|0x0000000087b00000, 0x0000000087b00000, 0x0000000087c00000|  0%| F|  |TAMS 0x0000000087b00000, 0x0000000087b00000| Untracked 
|  18|0x0000000087c00000, 0x0000000087c00000, 0x0000000087d00000|  0%| F|  |TAMS 0x0000000087c00000, 0x0000000087c00000| Untracked 
|  19|0x0000000087d00000, 0x0000000087d00000, 0x0000000087e00000|  0%| F|  |TAMS 0x0000000087d00000, 0x0000000087d00000| Untracked 
|  20|0x0000000087e00000, 0x0000000087e00000, 0x0000000087f00000|  0%| F|  |TAMS 0x0000000087e00000, 0x0000000087e00000| Untracked 
|  21|0x0000000087f00000, 0x0000000087f00000, 0x0000000088000000|  0%| F|  |TAMS 0x0000000087f00000, 0x0000000087f00000| Untracked 
|  22|0x0000000088000000, 0x0000000088000000, 0x0000000088100000|  0%| F|  |TAMS 0x0000000088000000, 0x0000000088000000| Untracked 
|  23|0x0000000088100000, 0x0000000088100000, 0x0000000088200000|  0%| F|  |TAMS 0x0000000088100000, 0x0000000088100000| Untracked 
|  24|0x0000000088200000, 0x0000000088200000, 0x0000000088300000|  0%| F|  |TAMS 0x0000000088200000, 0x0000000088200000| Untracked 
|  25|0x0000000088300000, 0x0000000088300000, 0x0000000088400000|  0%| F|  |TAMS 0x0000000088300000, 0x0000000088300000| Untracked 
|  26|0x0000000088400000, 0x0000000088400000, 0x0000000088500000|  0%| F|  |TAMS 0x0000000088400000, 0x0000000088400000| Untracked 
|  27|0x0000000088500000, 0x0000000088500000, 0x0000000088600000|  0%| F|  |TAMS 0x0000000088500000, 0x0000000088500000| Untracked 
|  28|0x0000000088600000, 0x0000000088600000, 0x0000000088700000|  0%| F|  |TAMS 0x0000000088600000, 0x0000000088600000| Untracked 
|  29|0x0000000088700000, 0x0000000088700000, 0x0000000088800000|  0%| F|  |TAMS 0x0000000088700000, 0x0000000088700000| Untracked 
|  30|0x0000000088800000, 0x0000000088800000, 0x0000000088900000|  0%| F|  |TAMS 0x0000000088800000, 0x0000000088800000| Untracked 
|  31|0x0000000088900000, 0x0000000088900000, 0x0000000088a00000|  0%| F|  |TAMS 0x0000000088900000, 0x0000000088900000| Untracked 
|  32|0x0000000088a00000, 0x0000000088a00000, 0x0000000088b00000|  0%| F|  |TAMS 0x0000000088a00000, 0x0000000088a00000| Untracked 
|  33|0x0000000088b00000, 0x0000000088b00000, 0x0000000088c00000|  0%| F|  |TAMS 0x0000000088b00000, 0x0000000088b00000| Untracked 
|  34|0x0000000088c00000, 0x0000000088c00000, 0x0000000088d00000|  0%| F|  |TAMS 0x0000000088c00000, 0x0000000088c00000| Untracked 
|  35|0x0000000088d00000, 0x0000000088d00000, 0x0000000088e00000|  0%| F|  |TAMS 0x0000000088d00000, 0x0000000088d00000| Untracked 
|  36|0x0000000088e00000, 0x0000000088e00000, 0x0000000088f00000|  0%| F|  |TAMS 0x0000000088e00000, 0x0000000088e00000| Untracked 
|  37|0x0000000088f00000, 0x0000000088f00000, 0x0000000089000000|  0%| F|  |TAMS 0x0000000088f00000, 0x0000000088f00000| Untracked 
|  38|0x0000000089000000, 0x0000000089000000, 0x0000000089100000|  0%| F|  |TAMS 0x0000000089000000, 0x0000000089000000| Untracked 
|  39|0x0000000089100000, 0x0000000089100000, 0x0000000089200000|  0%| F|  |TAMS 0x0000000089100000, 0x0000000089100000| Untracked 
|  40|0x0000000089200000, 0x0000000089200000, 0x0000000089300000|  0%| F|  |TAMS 0x0000000089200000, 0x0000000089200000| Untracked 
|  41|0x0000000089300000, 0x0000000089300000, 0x0000000089400000|  0%| F|  |TAMS 0x0000000089300000, 0x0000000089300000| Untracked 
|  42|0x0000000089400000, 0x0000000089400000, 0x0000000089500000|  0%| F|  |TAMS 0x0000000089400000, 0x0000000089400000| Untracked 
|  43|0x0000000089500000, 0x0000000089500000, 0x0000000089600000|  0%| F|  |TAMS 0x0000000089500000, 0x0000000089500000| Untracked 
|  44|0x0000000089600000, 0x0000000089600000, 0x0000000089700000|  0%| F|  |TAMS 0x0000000089600000, 0x0000000089600000| Untracked 
|  45|0x0000000089700000, 0x0000000089700000, 0x0000000089800000|  0%| F|  |TAMS 0x0000000089700000, 0x0000000089700000| Untracked 
|  46|0x0000000089800000, 0x0000000089800000, 0x0000000089900000|  0%| F|  |TAMS 0x0000000089800000, 0x0000000089800000| Untracked 
|  47|0x0000000089900000, 0x0000000089900000, 0x0000000089a00000|  0%| F|  |TAMS 0x0000000089900000, 0x0000000089900000| Untracked 
|  48|0x0000000089a00000, 0x0000000089a00000, 0x0000000089b00000|  0%| F|  |TAMS 0x0000000089a00000, 0x0000000089a00000| Untracked 
|  49|0x0000000089b00000, 0x0000000089b00000, 0x0000000089c00000|  0%| F|  |TAMS 0x0000000089b00000, 0x0000000089b00000| Untracked 
|  50|0x0000000089c00000, 0x0000000089c00000, 0x0000000089d00000|  0%| F|  |TAMS 0x0000000089c00000, 0x0000000089c00000| Untracked 
|  51|0x0000000089d00000, 0x0000000089d00000, 0x0000000089e00000|  0%| F|  |TAMS 0x0000000089d00000, 0x0000000089d00000| Untracked 
|  52|0x0000000089e00000, 0x0000000089e00000, 0x0000000089f00000|  0%| F|  |TAMS 0x0000000089e00000, 0x0000000089e00000| Untracked 
|  53|0x0000000089f00000, 0x0000000089f00000, 0x000000008a000000|  0%| F|  |TAMS 0x0000000089f00000, 0x0000000089f00000| Untracked 
|  54|0x000000008a000000, 0x000000008a000000, 0x000000008a100000|  0%| F|  |TAMS 0x000000008a000000, 0x000000008a000000| Untracked 
|  55|0x000000008a100000, 0x000000008a100000, 0x000000008a200000|  0%| F|  |TAMS 0x000000008a100000, 0x000000008a100000| Untracked 
|  56|0x000000008a200000, 0x000000008a200000, 0x000000008a300000|  0%| F|  |TAMS 0x000000008a200000, 0x000000008a200000| Untracked 
|  57|0x000000008a300000, 0x000000008a300000, 0x000000008a400000|  0%| F|  |TAMS 0x000000008a300000, 0x000000008a300000| Untracked 
|  58|0x000000008a400000, 0x000000008a400000, 0x000000008a500000|  0%| F|  |TAMS 0x000000008a400000, 0x000000008a400000| Untracked 
|  59|0x000000008a500000, 0x000000008a500000, 0x000000008a600000|  0%| F|  |TAMS 0x000000008a500000, 0x000000008a500000| Untracked 
|  60|0x000000008a600000, 0x000000008a600000, 0x000000008a700000|  0%| F|  |TAMS 0x000000008a600000, 0x000000008a600000| Untracked 
|  61|0x000000008a700000, 0x000000008a700000, 0x000000008a800000|  0%| F|  |TAMS 0x000000008a700000, 0x000000008a700000| Untracked 
|  62|0x000000008a800000, 0x000000008a800000, 0x000000008a900000|  0%| F|  |TAMS 0x000000008a800000, 0x000000008a800000| Untracked 
|  63|0x000000008a900000, 0x000000008a900000, 0x000000008aa00000|  0%| F|  |TAMS 0x000000008a900000, 0x000000008a900000| Untracked 
|  64|0x000000008aa00000, 0x000000008aa00000, 0x000000008ab00000|  0%| F|  |TAMS 0x000000008aa00000, 0x000000008aa00000| Untracked 
|  65|0x000000008ab00000, 0x000000008ab00000, 0x000000008ac00000|  0%| F|  |TAMS 0x000000008ab00000, 0x000000008ab00000| Untracked 
|  66|0x000000008ac00000, 0x000000008ac00000, 0x000000008ad00000|  0%| F|  |TAMS 0x000000008ac00000, 0x000000008ac00000| Untracked 
|  67|0x000000008ad00000, 0x000000008ad00000, 0x000000008ae00000|  0%| F|  |TAMS 0x000000008ad00000, 0x000000008ad00000| Untracked 
|  68|0x000000008ae00000, 0x000000008ae00000, 0x000000008af00000|  0%| F|  |TAMS 0x000000008ae00000, 0x000000008ae00000| Untracked 
|  69|0x000000008af00000, 0x000000008af00000, 0x000000008b000000|  0%| F|  |TAMS 0x000000008af00000, 0x000000008af00000| Untracked 
|  70|0x000000008b000000, 0x000000008b000000, 0x000000008b100000|  0%| F|  |TAMS 0x000000008b000000, 0x000000008b000000| Untracked 
|  71|0x000000008b100000, 0x000000008b100000, 0x000000008b200000|  0%| F|  |TAMS 0x000000008b100000, 0x000000008b100000| Untracked 
|  72|0x000000008b200000, 0x000000008b200000, 0x000000008b300000|  0%| F|  |TAMS 0x000000008b200000, 0x000000008b200000| Untracked 
|  73|0x000000008b300000, 0x000000008b300000, 0x000000008b400000|  0%| F|  |TAMS 0x000000008b300000, 0x000000008b300000| Untracked 
|  74|0x000000008b400000, 0x000000008b400000, 0x000000008b500000|  0%| F|  |TAMS 0x000000008b400000, 0x000000008b400000| Untracked 
|  75|0x000000008b500000, 0x000000008b500000, 0x000000008b600000|  0%| F|  |TAMS 0x000000008b500000, 0x000000008b500000| Untracked 
|  76|0x000000008b600000, 0x000000008b600000, 0x000000008b700000|  0%| F|  |TAMS 0x000000008b600000, 0x000000008b600000| Untracked 
|  77|0x000000008b700000, 0x000000008b700000, 0x000000008b800000|  0%| F|  |TAMS 0x000000008b700000, 0x000000008b700000| Untracked 
|  78|0x000000008b800000, 0x000000008b800000, 0x000000008b900000|  0%| F|  |TAMS 0x000000008b800000, 0x000000008b800000| Untracked 
|  79|0x000000008b900000, 0x000000008b900000, 0x000000008ba00000|  0%| F|  |TAMS 0x000000008b900000, 0x000000008b900000| Untracked 
|  80|0x000000008ba00000, 0x000000008ba00000, 0x000000008bb00000|  0%| F|  |TAMS 0x000000008ba00000, 0x000000008ba00000| Untracked 
|  81|0x000000008bb00000, 0x000000008bb00000, 0x000000008bc00000|  0%| F|  |TAMS 0x000000008bb00000, 0x000000008bb00000| Untracked 
|  82|0x000000008bc00000, 0x000000008bc00000, 0x000000008bd00000|  0%| F|  |TAMS 0x000000008bc00000, 0x000000008bc00000| Untracked 
|  83|0x000000008bd00000, 0x000000008bd00000, 0x000000008be00000|  0%| F|  |TAMS 0x000000008bd00000, 0x000000008bd00000| Untracked 
|  84|0x000000008be00000, 0x000000008be00000, 0x000000008bf00000|  0%| F|  |TAMS 0x000000008be00000, 0x000000008be00000| Untracked 
|  85|0x000000008bf00000, 0x000000008bf00000, 0x000000008c000000|  0%| F|  |TAMS 0x000000008bf00000, 0x000000008bf00000| Untracked 
|  86|0x000000008c000000, 0x000000008c000000, 0x000000008c100000|  0%| F|  |TAMS 0x000000008c000000, 0x000000008c000000| Untracked 
|  87|0x000000008c100000, 0x000000008c100000, 0x000000008c200000|  0%| F|  |TAMS 0x000000008c100000, 0x000000008c100000| Untracked 
|  88|0x000000008c200000, 0x000000008c200000, 0x000000008c300000|  0%| F|  |TAMS 0x000000008c200000, 0x000000008c200000| Untracked 
|  89|0x000000008c300000, 0x000000008c300000, 0x000000008c400000|  0%| F|  |TAMS 0x000000008c300000, 0x000000008c300000| Untracked 
|  90|0x000000008c400000, 0x000000008c400000, 0x000000008c500000|  0%| F|  |TAMS 0x000000008c400000, 0x000000008c400000| Untracked 
|  91|0x000000008c500000, 0x000000008c500000, 0x000000008c600000|  0%| F|  |TAMS 0x000000008c500000, 0x000000008c500000| Untracked 
|  92|0x000000008c600000, 0x000000008c600000, 0x000000008c700000|  0%| F|  |TAMS 0x000000008c600000, 0x000000008c600000| Untracked 
|  93|0x000000008c700000, 0x000000008c700000, 0x000000008c800000|  0%| F|  |TAMS 0x000000008c700000, 0x000000008c700000| Untracked 
|  94|0x000000008c800000, 0x000000008c800000, 0x000000008c900000|  0%| F|  |TAMS 0x000000008c800000, 0x000000008c800000| Untracked 
|  95|0x000000008c900000, 0x000000008c900000, 0x000000008ca00000|  0%| F|  |TAMS 0x000000008c900000, 0x000000008c900000| Untracked 
|  96|0x000000008ca00000, 0x000000008ca00000, 0x000000008cb00000|  0%| F|  |TAMS 0x000000008ca00000, 0x000000008ca00000| Untracked 
|  97|0x000000008cb00000, 0x000000008cb00000, 0x000000008cc00000|  0%| F|  |TAMS 0x000000008cb00000, 0x000000008cb00000| Untracked 
|  98|0x000000008cc00000, 0x000000008cc00000, 0x000000008cd00000|  0%| F|  |TAMS 0x000000008cc00000, 0x000000008cc00000| Untracked 
|  99|0x000000008cd00000, 0x000000008cd00000, 0x000000008ce00000|  0%| F|  |TAMS 0x000000008cd00000, 0x000000008cd00000| Untracked 
| 100|0x000000008ce00000, 0x000000008ce00000, 0x000000008cf00000|  0%| F|  |TAMS 0x000000008ce00000, 0x000000008ce00000| Untracked 
| 101|0x000000008cf00000, 0x000000008cf00000, 0x000000008d000000|  0%| F|  |TAMS 0x000000008cf00000, 0x000000008cf00000| Untracked 
| 102|0x000000008d000000, 0x000000008d000000, 0x000000008d100000|  0%| F|  |TAMS 0x000000008d000000, 0x000000008d000000| Untracked 
| 103|0x000000008d100000, 0x000000008d100000, 0x000000008d200000|  0%| F|  |TAMS 0x000000008d100000, 0x000000008d100000| Untracked 
| 104|0x000000008d200000, 0x000000008d200000, 0x000000008d300000|  0%| F|  |TAMS 0x000000008d200000, 0x000000008d200000| Untracked 
| 105|0x000000008d300000, 0x000000008d300000, 0x000000008d400000|  0%| F|  |TAMS 0x000000008d300000, 0x000000008d300000| Untracked 
| 106|0x000000008d400000, 0x000000008d400000, 0x000000008d500000|  0%| F|  |TAMS 0x000000008d400000, 0x000000008d400000| Untracked 
| 107|0x000000008d500000, 0x000000008d500000, 0x000000008d600000|  0%| F|  |TAMS 0x000000008d500000, 0x000000008d500000| Untracked 
| 108|0x000000008d600000, 0x000000008d600000, 0x000000008d700000|  0%| F|  |TAMS 0x000000008d600000, 0x000000008d600000| Untracked 
| 109|0x000000008d700000, 0x000000008d700000, 0x000000008d800000|  0%| F|  |TAMS 0x000000008d700000, 0x000000008d700000| Untracked 
| 110|0x000000008d800000, 0x000000008d8f6518, 0x000000008d900000| 96%| E|  |TAMS 0x000000008d800000, 0x000000008d800000| Complete 
| 111|0x000000008d900000, 0x000000008da00000, 0x000000008da00000|100%| E|CS|TAMS 0x000000008d900000, 0x000000008d900000| Complete 
| 112|0x000000008da00000, 0x000000008db00000, 0x000000008db00000|100%| E|CS|TAMS 0x000000008da00000, 0x000000008da00000| Complete 
| 113|0x000000008db00000, 0x000000008dc00000, 0x000000008dc00000|100%| E|CS|TAMS 0x000000008db00000, 0x000000008db00000| Complete 
| 114|0x000000008dc00000, 0x000000008dd00000, 0x000000008dd00000|100%| E|CS|TAMS 0x000000008dc00000, 0x000000008dc00000| Complete 
| 115|0x000000008dd00000, 0x000000008de00000, 0x000000008de00000|100%| E|CS|TAMS 0x000000008dd00000, 0x000000008dd00000| Complete 
| 116|0x000000008de00000, 0x000000008df00000, 0x000000008df00000|100%| E|CS|TAMS 0x000000008de00000, 0x000000008de00000| Complete 
| 117|0x000000008df00000, 0x000000008e000000, 0x000000008e000000|100%| E|CS|TAMS 0x000000008df00000, 0x000000008df00000| Complete 
| 118|0x000000008e000000, 0x000000008e100000, 0x000000008e100000|100%| E|CS|TAMS 0x000000008e000000, 0x000000008e000000| Complete 
| 119|0x000000008e100000, 0x000000008e200000, 0x000000008e200000|100%| E|CS|TAMS 0x000000008e100000, 0x000000008e100000| Complete 
| 120|0x000000008e200000, 0x000000008e300000, 0x000000008e300000|100%| E|CS|TAMS 0x000000008e200000, 0x000000008e200000| Complete 
| 121|0x000000008e300000, 0x000000008e400000, 0x000000008e400000|100%| E|CS|TAMS 0x000000008e300000, 0x000000008e300000| Complete 
|1940|0x00000000ffe00000, 0x00000000ffe48000, 0x00000000fff00000| 28%|OA|  |TAMS 0x00000000ffe00000, 0x00000000ffe00000| Untracked 
|1941|0x00000000fff00000, 0x00000000fff6c000, 0x0000000100000000| 42%|CA|  |TAMS 0x00000000fff00000, 0x00000000fff00000| Untracked 

Card table byte_map: [0x00007fb56e0c5000,0x00007fb56e490000] _byte_map_base: 0x00007fb56dc90000

Marking Bits (Prev, Next): (CMBitMap*) 0x00007fb568058208, (CMBitMap*) 0x00007fb568058240
 Prev Bits: [0x00007fb54a1a8000, 0x00007fb54c000000)
 Next Bits: [0x00007fb548350000, 0x00007fb54a1a8000)

Polling page: 0x00007fb56f881000

Metaspace:

Usage:
  Non-class:      5.70 MB capacity,     3.38 MB ( 59%) used,     2.32 MB ( 41%) free+waste,     5.62 KB ( <1%) overhead. 
      Class:    682.00 KB capacity,   420.66 KB ( 62%) used,   258.40 KB ( 38%) free+waste,     2.94 KB ( <1%) overhead. 
       Both:      6.36 MB capacity,     3.79 MB ( 60%) used,     2.57 MB ( 40%) free+waste,     8.56 KB ( <1%) overhead. 

Virtual space:
  Non-class space:        8.00 MB reserved,       6.00 MB ( 75%) committed 
      Class space:        1.00 GB reserved,     768.00 KB ( <1%) committed 
             Both:        1.01 GB reserved,       6.75 MB ( <1%) committed 

Chunk freelists:
   Non-Class:  57.00 KB
       Class:  22.00 KB
        Both:  79.00 KB

MaxMetaspaceSize: unlimited
CompressedClassSpaceSize: 1.00 GB
Initial GC threshold: 20.80 MB
Current GC threshold: 20.80 MB
CDS: on

CodeHeap 'non-profiled nmethods': size=119172Kb used=198Kb max_used=198Kb free=118973Kb
 bounds [0x00007fb55837a000, 0x00007fb5585ea000, 0x00007fb55f7db000]
CodeHeap 'profiled nmethods': size=119168Kb used=1483Kb max_used=1483Kb free=117684Kb
 bounds [0x00007fb550f1a000, 0x00007fb55118a000, 0x00007fb55837a000]
CodeHeap 'non-nmethods': size=7420Kb used=1706Kb max_used=1732Kb free=5713Kb
 bounds [0x00007fb5507db000, 0x00007fb550a4b000, 0x00007fb550f1a000]
 total_blobs=1184 nmethods=781 adapters=316
 compilation: enabled
              stopped_count=0, restarted_count=0
 full_count=0

Compilation events (20 events):
Event: 0.641 Thread 0x00007fb5681b5800 nmethod 770 0x00007fb551083d90 code [0x00007fb551084140, 0x00007fb551085fe0]
Event: 0.641 Thread 0x00007fb5681b5800  772       3       java.lang.Package::isSealed (26 bytes)
Event: 0.641 Thread 0x00007fb5681b5800 nmethod 772 0x00007fb551086b90 code [0x00007fb551086d60, 0x00007fb551087090]
Event: 0.641 Thread 0x00007fb5681b5800  773       3       jdk.internal.loader.BuiltinClassLoader::isSealed (70 bytes)
Event: 0.642 Thread 0x00007fb5681b5800 nmethod 773 0x00007fb551087190 code [0x00007fb551087420, 0x00007fb551087f00]
Event: 0.642 Thread 0x00007fb51c00c000 nmethod 771 0x00007fb551088310 code [0x00007fb551088620, 0x00007fb5510897d0]
Event: 0.662 Thread 0x00007fb5681b5800  774       3       sun.reflect.annotation.AnnotationInvocationHandler::invoke (178 bytes)
Event: 0.662 Thread 0x00007fb51c00c000  775       3       java.lang.reflect.Method::getParameterCount (6 bytes)
Event: 0.662 Thread 0x00007fb51c00c000 nmethod 775 0x00007fb551089d10 code [0x00007fb551089ec0, 0x00007fb551089ff0]
Event: 0.662 Thread 0x00007fb51c00c000  777       3       java.lang.Character::isSurrogate (18 bytes)
Event: 0.663 Thread 0x00007fb51c00c000 nmethod 777 0x00007fb55108a090 code [0x00007fb55108a240, 0x00007fb55108a3b0]
Event: 0.663 Thread 0x00007fb51c00c000  780       3       java.util.Arrays::asList (9 bytes)
Event: 0.663 Thread 0x00007fb51c00c000 nmethod 780 0x00007fb55108a410 code [0x00007fb55108a600, 0x00007fb55108aa80]
Event: 0.663 Thread 0x00007fb51c00c000  778       3       java.util.regex.Pattern::isSupplementary (20 bytes)
Event: 0.663 Thread 0x00007fb51c00c000 nmethod 778 0x00007fb55108ac10 code [0x00007fb55108adc0, 0x00007fb55108b030]
Event: 0.663 Thread 0x00007fb51c00c000  779       3       java.util.regex.Pattern::has (15 bytes)
Event: 0.663 Thread 0x00007fb51c00c000 nmethod 779 0x00007fb55108b110 code [0x00007fb55108b2c0, 0x00007fb55108b430]
Event: 0.663 Thread 0x00007fb514065000  781       4       java.util.zip.ZipUtils::CENHOW (9 bytes)
Event: 0.663 Thread 0x00007fb5681b5800 nmethod 774 0x00007fb55108b490 code [0x00007fb55108b7a0, 0x00007fb55108c8c0]
Event: 0.664 Thread 0x00007fb514065000 nmethod 781 0x00007fb5583ab790 code [0x00007fb5583ab920, 0x00007fb5583ab9b8]

GC Heap History (0 events):
No events

Deoptimization events (20 events):
Event: 0.594 Thread 0x00007fb568017800 DEOPT PACKING pc=0x00007fb550ff5608 sp=0x00007fb56f9cb3b0
Event: 0.594 Thread 0x00007fb568017800 DEOPT UNPACKING pc=0x00007fb55082564a sp=0x00007fb56f9ca820 mode 0
Event: 0.596 Thread 0x00007fb568017800 DEOPT PACKING pc=0x00007fb550ff5608 sp=0x00007fb56f9cb3b0
Event: 0.596 Thread 0x00007fb568017800 DEOPT UNPACKING pc=0x00007fb55082564a sp=0x00007fb56f9ca820 mode 0
Event: 0.600 Thread 0x00007fb568017800 DEOPT PACKING pc=0x00007fb550fdf6c2 sp=0x00007fb56f9cb6c0
Event: 0.600 Thread 0x00007fb568017800 DEOPT UNPACKING pc=0x00007fb55082564a sp=0x00007fb56f9cab48 mode 0
Event: 0.600 Thread 0x00007fb568017800 DEOPT PACKING pc=0x00007fb550ff5608 sp=0x00007fb56f9cb990
Event: 0.600 Thread 0x00007fb568017800 DEOPT UNPACKING pc=0x00007fb55082564a sp=0x00007fb56f9cae00 mode 0
Event: 0.601 Thread 0x00007fb568017800 DEOPT PACKING pc=0x00007fb550f5e24f sp=0x00007fb56f9cb6c0
Event: 0.601 Thread 0x00007fb568017800 DEOPT UNPACKING pc=0x00007fb55082564a sp=0x00007fb56f9cab80 mode 0
Event: 0.602 Thread 0x00007fb568017800 DEOPT PACKING pc=0x00007fb550f5e24f sp=0x00007fb56f9cb7b0
Event: 0.602 Thread 0x00007fb568017800 DEOPT UNPACKING pc=0x00007fb55082564a sp=0x00007fb56f9cac58 mode 0
Event: 0.602 Thread 0x00007fb568017800 DEOPT PACKING pc=0x00007fb550f5e24f sp=0x00007fb56f9cb6b0
Event: 0.602 Thread 0x00007fb568017800 DEOPT UNPACKING pc=0x00007fb55082564a sp=0x00007fb56f9cab58 mode 0
Event: 0.603 Thread 0x00007fb568017800 DEOPT PACKING pc=0x00007fb550f5e24f sp=0x00007fb56f9cb6b0
Event: 0.603 Thread 0x00007fb568017800 DEOPT UNPACKING pc=0x00007fb55082564a sp=0x00007fb56f9cab58 mode 0
Event: 0.603 Thread 0x00007fb568017800 DEOPT PACKING pc=0x00007fb550f5e24f sp=0x00007fb56f9cb6d0
Event: 0.603 Thread 0x00007fb568017800 DEOPT UNPACKING pc=0x00007fb55082564a sp=0x00007fb56f9cab78 mode 0
Event: 0.604 Thread 0x00007fb568017800 DEOPT PACKING pc=0x00007fb550f5e24f sp=0x00007fb56f9cb6d0
Event: 0.604 Thread 0x00007fb568017800 DEOPT UNPACKING pc=0x00007fb55082564a sp=0x00007fb56f9cab78 mode 0

Classes redefined (0 events):
No events

Internal exceptions (20 events):
Event: 0.173 Thread 0x00007fb568017800 Exception <a 'java/security/PrivilegedActionException'{0x000000008e1b4a88}> (0x000000008e1b4a88) thrown at [src/hotspot/share/prims/jvm.cpp, line 1304]
Event: 0.173 Thread 0x00007fb568017800 Exception <a 'java/security/PrivilegedActionException'{0x000000008e1b4d58}> (0x000000008e1b4d58) thrown at [src/hotspot/share/prims/jvm.cpp, line 1304]
Event: 0.173 Thread 0x00007fb568017800 Exception <a 'java/security/PrivilegedActionException'{0x000000008e1b56c8}> (0x000000008e1b56c8) thrown at [src/hotspot/share/prims/jvm.cpp, line 1304]
Event: 0.173 Thread 0x00007fb568017800 Exception <a 'java/security/PrivilegedActionException'{0x000000008e1b5998}> (0x000000008e1b5998) thrown at [src/hotspot/share/prims/jvm.cpp, line 1304]
Event: 0.173 Thread 0x00007fb568017800 Exception <a 'java/security/PrivilegedActionException'{0x000000008e1b6308}> (0x000000008e1b6308) thrown at [src/hotspot/share/prims/jvm.cpp, line 1304]
Event: 0.173 Thread 0x00007fb568017800 Exception <a 'java/security/PrivilegedActionException'{0x000000008e1b65d8}> (0x000000008e1b65d8) thrown at [src/hotspot/share/prims/jvm.cpp, line 1304]
Event: 0.173 Thread 0x00007fb568017800 Exception <a 'java/security/PrivilegedActionException'{0x000000008e1b6f60}> (0x000000008e1b6f60) thrown at [src/hotspot/share/prims/jvm.cpp, line 1304]
Event: 0.173 Thread 0x00007fb568017800 Exception <a 'java/security/PrivilegedActionException'{0x000000008e1b7230}> (0x000000008e1b7230) thrown at [src/hotspot/share/prims/jvm.cpp, line 1304]
Event: 0.173 Thread 0x00007fb568017800 Exception <a 'java/security/PrivilegedActionException'{0x000000008e1b7bb8}> (0x000000008e1b7bb8) thrown at [src/hotspot/share/prims/jvm.cpp, line 1304]
Event: 0.173 Thread 0x00007fb568017800 Exception <a 'java/security/PrivilegedActionException'{0x000000008e1b7e88}> (0x000000008e1b7e88) thrown at [src/hotspot/share/prims/jvm.cpp, line 1304]
Event: 0.173 Thread 0x00007fb568017800 Exception <a 'java/security/PrivilegedActionException'{0x000000008e1b8810}> (0x000000008e1b8810) thrown at [src/hotspot/share/prims/jvm.cpp, line 1304]
Event: 0.173 Thread 0x00007fb568017800 Exception <a 'java/security/PrivilegedActionException'{0x000000008e1b8ae0}> (0x000000008e1b8ae0) thrown at [src/hotspot/share/prims/jvm.cpp, line 1304]
Event: 0.173 Thread 0x00007fb568017800 Exception <a 'java/security/PrivilegedActionException'{0x000000008e1b9450}> (0x000000008e1b9450) thrown at [src/hotspot/share/prims/jvm.cpp, line 1304]
Event: 0.173 Thread 0x00007fb568017800 Exception <a 'java/security/PrivilegedActionException'{0x000000008e1b9720}> (0x000000008e1b9720) thrown at [src/hotspot/share/prims/jvm.cpp, line 1304]
Event: 0.174 Thread 0x00007fb568017800 Exception <a 'java/security/PrivilegedActionException'{0x000000008e1ba0a8}> (0x000000008e1ba0a8) thrown at [src/hotspot/share/prims/jvm.cpp, line 1304]
Event: 0.174 Thread 0x00007fb568017800 Exception <a 'java/security/PrivilegedActionException'{0x000000008e1ba378}> (0x000000008e1ba378) thrown at [src/hotspot/share/prims/jvm.cpp, line 1304]
Event: 0.358 Thread 0x00007fb568017800 Exception <a 'java/lang/NoSuchMethodError'{0x000000008dc2e848}: 'int java.lang.invoke.DirectMethodHandle$Holder.invokeStaticInit(java.lang.Object, java.lang.Object, java.lang.Object, java.lang.Object)'> (0x000000008dc2e848) thrown at [src/hotspot/share/interpreter/linkResolver.cpp, line 772]
Event: 0.360 Thread 0x00007fb568017800 Exception <a 'java/lang/IncompatibleClassChangeError'{0x000000008dc385c8}: Found class java.lang.Object, but interface was expected> (0x000000008dc385c8) thrown at [src/hotspot/share/interpreter/linkResolver.cpp, line 839]
Event: 0.361 Thread 0x00007fb568017800 Exception <a 'java/lang/NoSuchMethodError'{0x000000008dc3b778}: 'void java.lang.invoke.DirectMethodHandle$Holder.invokeStaticInit(java.lang.Object, java.lang.Object)'> (0x000000008dc3b778) thrown at [src/hotspot/share/interpreter/linkResolver.cpp, line 772]
Event: 0.363 Thread 0x00007fb568017800 Exception <a 'java/lang/NoSuchMethodError'{0x000000008dc40dc8}: 'int java.lang.invoke.DirectMethodHandle$Holder.invokeStaticInit(java.lang.Object, java.lang.Object)'> (0x000000008dc40dc8) thrown at [src/hotspot/share/interpreter/linkResolver.cpp, line 772]

Events (20 events):
Event: 0.639 loading class org/bytedeco/llvm/LLVM/LLVMObjectFileRef
Event: 0.639 loading class org/bytedeco/llvm/LLVM/LLVMObjectFileRef done
Event: 0.639 loading class org/bytedeco/llvm/LLVM/LLVMTargetRef
Event: 0.639 loading class org/bytedeco/llvm/LLVM/LLVMTargetRef done
Event: 0.639 loading class org/bytedeco/llvm/LLVM/LLVMPassManagerBuilderRef
Event: 0.639 loading class org/bytedeco/llvm/LLVM/LLVMPassManagerBuilderRef done
Event: 0.639 loading class org/bytedeco/llvm/LLVM/LLVMPassBuilderOptionsRef
Event: 0.639 loading class org/bytedeco/llvm/LLVM/LLVMPassBuilderOptionsRef done
Event: 0.639 loading class org/bytedeco/llvm/LLVM/Pass
Event: 0.639 loading class org/bytedeco/llvm/LLVM/Pass done
Event: 0.639 loading class org/bytedeco/llvm/LLVM/LLVMNamedMDNodeRef
Event: 0.639 loading class org/bytedeco/llvm/LLVM/LLVMNamedMDNodeRef done
Event: 0.640 loading class org/bytedeco/llvm/LLVM/LLVMUseRef
Event: 0.640 loading class org/bytedeco/llvm/LLVM/LLVMUseRef done
Event: 0.660 loading class Scope
Event: 0.660 loading class Scope done
Event: 0.663 loading class org/bytedeco/javacpp/PointerScope
Event: 0.663 loading class org/bytedeco/javacpp/PointerScope done
Event: 0.664 loading class org/bytedeco/javacpp/PointerScope$1
Event: 0.664 loading class org/bytedeco/javacpp/PointerScope$1 done


Dynamic libraries:
86a00000-8e400000 rw-p 00000000 00:00 0 
8e400000-ffe00000 ---p 00000000 00:00 0 
ffe00000-ffe48000 rw-p 00b14000 08:20 43898                              /usr/lib/jvm/java-11-openjdk-amd64/lib/server/classes.jsa
ffe48000-fff00000 rw-p 00000000 00:00 0 
fff00000-fff6c000 rw-p 00aa8000 08:20 43898                              /usr/lib/jvm/java-11-openjdk-amd64/lib/server/classes.jsa
fff6c000-100000000 rw-p 00000000 00:00 0 
800000000-800002000 rwxp 00001000 08:20 43898                            /usr/lib/jvm/java-11-openjdk-amd64/lib/server/classes.jsa
800002000-8003ce000 rw-p 00003000 08:20 43898                            /usr/lib/jvm/java-11-openjdk-amd64/lib/server/classes.jsa
8003ce000-800aa6000 r--p 003cf000 08:20 43898                            /usr/lib/jvm/java-11-openjdk-amd64/lib/server/classes.jsa
800aa6000-800aa7000 rw-p 00aa7000 08:20 43898                            /usr/lib/jvm/java-11-openjdk-amd64/lib/server/classes.jsa
840000000-8400c0000 rw-p 00000000 00:00 0 
8400c0000-880000000 ---p 00000000 00:00 0 
55aa09c31000-55aa09c32000 r--p 00000000 08:20 47754                      /usr/lib/jvm/java-11-openjdk-amd64/bin/java
55aa09c32000-55aa09c33000 r-xp 00001000 08:20 47754                      /usr/lib/jvm/java-11-openjdk-amd64/bin/java
55aa09c33000-55aa09c34000 r--p 00002000 08:20 47754                      /usr/lib/jvm/java-11-openjdk-amd64/bin/java
55aa09c34000-55aa09c35000 r--p 00002000 08:20 47754                      /usr/lib/jvm/java-11-openjdk-amd64/bin/java
55aa09c35000-55aa09c36000 rw-p 00003000 08:20 47754                      /usr/lib/jvm/java-11-openjdk-amd64/bin/java
55aa0b556000-55aa0b577000 rw-p 00000000 00:00 0                          [heap]
7fb4f152c000-7fb4f1e52000 r--p 00000000 08:20 84032                      /home/w/.javacpp/cache/llvm-13.0.1-1.5.7-linux-x86_64.jar/org/bytedeco/llvm/linux-x86_64/libLLVM-13.so
7fb4f1e52000-7fb4f5815000 r-xp 00926000 08:20 84032                      /home/w/.javacpp/cache/llvm-13.0.1-1.5.7-linux-x86_64.jar/org/bytedeco/llvm/linux-x86_64/libLLVM-13.so
7fb4f5815000-7fb4f7a6a000 r--p 042e9000 08:20 84032                      /home/w/.javacpp/cache/llvm-13.0.1-1.5.7-linux-x86_64.jar/org/bytedeco/llvm/linux-x86_64/libLLVM-13.so
7fb4f7a6a000-7fb4f7f7f000 r--p 0653d000 08:20 84032                      /home/w/.javacpp/cache/llvm-13.0.1-1.5.7-linux-x86_64.jar/org/bytedeco/llvm/linux-x86_64/libLLVM-13.so
7fb4f7f7f000-7fb4f7f8a000 rw-p 06a52000 08:20 84032                      /home/w/.javacpp/cache/llvm-13.0.1-1.5.7-linux-x86_64.jar/org/bytedeco/llvm/linux-x86_64/libLLVM-13.so
7fb4f7f8a000-7fb4f8000000 rw-p 00000000 00:00 0 
7fb4f8000000-7fb4f8021000 rw-p 00000000 00:00 0 
7fb4f8021000-7fb4fc000000 ---p 00000000 00:00 0 
7fb4fc000000-7fb4fc021000 rw-p 00000000 00:00 0 
7fb4fc021000-7fb500000000 ---p 00000000 00:00 0 
7fb500000000-7fb5000d6000 rw-p 00000000 00:00 0 
7fb5000d6000-7fb504000000 ---p 00000000 00:00 0 
7fb504000000-7fb504021000 rw-p 00000000 00:00 0 
7fb504021000-7fb508000000 ---p 00000000 00:00 0 
7fb508000000-7fb508021000 rw-p 00000000 00:00 0 
7fb508021000-7fb50c000000 ---p 00000000 00:00 0 
7fb50c000000-7fb50c140000 rw-p 00000000 00:00 0 
7fb50c140000-7fb510000000 ---p 00000000 00:00 0 
7fb510000000-7fb510021000 rw-p 00000000 00:00 0 
7fb510021000-7fb514000000 ---p 00000000 00:00 0 
7fb514000000-7fb514110000 rw-p 00000000 00:00 0 
7fb514110000-7fb518000000 ---p 00000000 00:00 0 
7fb518000000-7fb51815d000 rw-p 00000000 00:00 0 
7fb51815d000-7fb51c000000 ---p 00000000 00:00 0 
7fb51c000000-7fb51c239000 rw-p 00000000 00:00 0 
7fb51c239000-7fb520000000 ---p 00000000 00:00 0 
7fb520000000-7fb520021000 rw-p 00000000 00:00 0 
7fb520021000-7fb524000000 ---p 00000000 00:00 0 
7fb524000000-7fb524021000 rw-p 00000000 00:00 0 
7fb524021000-7fb528000000 ---p 00000000 00:00 0 
7fb528000000-7fb528021000 rw-p 00000000 00:00 0 
7fb528021000-7fb52c000000 ---p 00000000 00:00 0 
7fb52c000000-7fb52c021000 rw-p 00000000 00:00 0 
7fb52c021000-7fb530000000 ---p 00000000 00:00 0 
7fb530000000-7fb530021000 rw-p 00000000 00:00 0 
7fb530021000-7fb534000000 ---p 00000000 00:00 0 
7fb534000000-7fb534021000 rw-p 00000000 00:00 0 
7fb534021000-7fb538000000 ---p 00000000 00:00 0 
7fb538000000-7fb538021000 rw-p 00000000 00:00 0 
7fb538021000-7fb53c000000 ---p 00000000 00:00 0 
7fb53c000000-7fb53c021000 rw-p 00000000 00:00 0 
7fb53c021000-7fb540000000 ---p 00000000 00:00 0 
7fb5417f3000-7fb541858000 r--p 00000000 08:20 84037                      /home/w/.javacpp/cache/llvm-13.0.1-1.5.7-linux-x86_64.jar/org/bytedeco/llvm/linux-x86_64/libjniLLVM.so
7fb541858000-7fb5418c6000 r-xp 00065000 08:20 84037                      /home/w/.javacpp/cache/llvm-13.0.1-1.5.7-linux-x86_64.jar/org/bytedeco/llvm/linux-x86_64/libjniLLVM.so
7fb5418c6000-7fb5418f1000 r--p 000d3000 08:20 84037                      /home/w/.javacpp/cache/llvm-13.0.1-1.5.7-linux-x86_64.jar/org/bytedeco/llvm/linux-x86_64/libjniLLVM.so
7fb5418f1000-7fb5418f4000 r--p 000fd000 08:20 84037                      /home/w/.javacpp/cache/llvm-13.0.1-1.5.7-linux-x86_64.jar/org/bytedeco/llvm/linux-x86_64/libjniLLVM.so
7fb5418f4000-7fb5418f7000 rw-p 00100000 08:20 84037                      /home/w/.javacpp/cache/llvm-13.0.1-1.5.7-linux-x86_64.jar/org/bytedeco/llvm/linux-x86_64/libjniLLVM.so
7fb5418f7000-7fb5418f9000 rw-p 00000000 00:00 0 
7fb5418f9000-7fb5418fd000 ---p 00000000 00:00 0 
7fb5418fd000-7fb5419fa000 rw-p 00000000 00:00 0 
7fb5419fa000-7fb5419fb000 ---p 00000000 00:00 0 
7fb5419fb000-7fb541afb000 rw-p 00000000 00:00 0 
7fb541afb000-7fb541aff000 ---p 00000000 00:00 0 
7fb541aff000-7fb541bfc000 rw-p 00000000 00:00 0 
7fb541bfc000-7fb541c00000 ---p 00000000 00:00 0 
7fb541c00000-7fb541cfd000 rw-p 00000000 00:00 0 
7fb541cfd000-7fb541d01000 ---p 00000000 00:00 0 
7fb541d01000-7fb541dfe000 rw-p 00000000 00:00 0 
7fb541dfe000-7fb541e02000 ---p 00000000 00:00 0 
7fb541e02000-7fb541eff000 rw-p 00000000 00:00 0 
7fb541eff000-7fb541f03000 ---p 00000000 00:00 0 
7fb541f03000-7fb544000000 rw-p 00000000 00:00 0 
7fb544000000-7fb544021000 rw-p 00000000 00:00 0 
7fb544021000-7fb548000000 ---p 00000000 00:00 0 
7fb54804d000-7fb548051000 ---p 00000000 00:00 0 
7fb548051000-7fb54814e000 rw-p 00000000 00:00 0 
7fb54814e000-7fb548152000 ---p 00000000 00:00 0 
7fb548152000-7fb54824f000 rw-p 00000000 00:00 0 
7fb54824f000-7fb548253000 ---p 00000000 00:00 0 
7fb548253000-7fb548538000 rw-p 00000000 00:00 0 
7fb548538000-7fb54a1a0000 ---p 00000000 00:00 0 
7fb54a1a0000-7fb54a390000 rw-p 00000000 00:00 0 
7fb54a390000-7fb54bff8000 ---p 00000000 00:00 0 
7fb54bff8000-7fb54c000000 rw-p 00000000 00:00 0 
7fb54c000000-7fb54c021000 rw-p 00000000 00:00 0 
7fb54c021000-7fb550000000 ---p 00000000 00:00 0 
7fb55002f000-7fb550036000 r--p 00000000 08:20 84033                      /home/w/.javacpp/cache/llvm-13.0.1-1.5.7-linux-x86_64.jar/org/bytedeco/llvm/linux-x86_64/libLTO.so.13
7fb550036000-7fb55003e000 r-xp 00007000 08:20 84033                      /home/w/.javacpp/cache/llvm-13.0.1-1.5.7-linux-x86_64.jar/org/bytedeco/llvm/linux-x86_64/libLTO.so.13
7fb55003e000-7fb550040000 r--p 0000f000 08:20 84033                      /home/w/.javacpp/cache/llvm-13.0.1-1.5.7-linux-x86_64.jar/org/bytedeco/llvm/linux-x86_64/libLTO.so.13
7fb550040000-7fb550041000 r--p 00010000 08:20 84033                      /home/w/.javacpp/cache/llvm-13.0.1-1.5.7-linux-x86_64.jar/org/bytedeco/llvm/linux-x86_64/libLTO.so.13
7fb550041000-7fb550042000 rw-p 00011000 08:20 84033                      /home/w/.javacpp/cache/llvm-13.0.1-1.5.7-linux-x86_64.jar/org/bytedeco/llvm/linux-x86_64/libLTO.so.13
7fb550042000-7fb550046000 r--p 00000000 08:20 84026                      /home/w/.javacpp/cache/javacpp-1.5.7-linux-x86_64.jar/org/bytedeco/javacpp/linux-x86_64/libjnijavacpp.so
7fb550046000-7fb55004d000 r-xp 00004000 08:20 84026                      /home/w/.javacpp/cache/javacpp-1.5.7-linux-x86_64.jar/org/bytedeco/javacpp/linux-x86_64/libjnijavacpp.so
7fb55004d000-7fb550051000 r--p 0000b000 08:20 84026                      /home/w/.javacpp/cache/javacpp-1.5.7-linux-x86_64.jar/org/bytedeco/javacpp/linux-x86_64/libjnijavacpp.so
7fb550051000-7fb550052000 r--p 0000e000 08:20 84026                      /home/w/.javacpp/cache/javacpp-1.5.7-linux-x86_64.jar/org/bytedeco/javacpp/linux-x86_64/libjnijavacpp.so
7fb550052000-7fb550053000 rw-p 0000f000 08:20 84026                      /home/w/.javacpp/cache/javacpp-1.5.7-linux-x86_64.jar/org/bytedeco/javacpp/linux-x86_64/libjnijavacpp.so
7fb550053000-7fb550057000 r--p 00000000 08:20 47903                      /usr/lib/jvm/java-11-openjdk-amd64/lib/libnet.so
7fb550057000-7fb550065000 r-xp 00004000 08:20 47903                      /usr/lib/jvm/java-11-openjdk-amd64/lib/libnet.so
7fb550065000-7fb550069000 r--p 00012000 08:20 47903                      /usr/lib/jvm/java-11-openjdk-amd64/lib/libnet.so
7fb550069000-7fb55006a000 r--p 00015000 08:20 47903                      /usr/lib/jvm/java-11-openjdk-amd64/lib/libnet.so
7fb55006a000-7fb55006b000 rw-p 00016000 08:20 47903                      /usr/lib/jvm/java-11-openjdk-amd64/lib/libnet.so
7fb55006b000-7fb550072000 r--p 00000000 08:20 47904                      /usr/lib/jvm/java-11-openjdk-amd64/lib/libnio.so
7fb550072000-7fb55007a000 r-xp 00007000 08:20 47904                      /usr/lib/jvm/java-11-openjdk-amd64/lib/libnio.so
7fb55007a000-7fb55007d000 r--p 0000f000 08:20 47904                      /usr/lib/jvm/java-11-openjdk-amd64/lib/libnio.so
7fb55007d000-7fb55007e000 r--p 00011000 08:20 47904                      /usr/lib/jvm/java-11-openjdk-amd64/lib/libnio.so
7fb55007e000-7fb55007f000 rw-p 00012000 08:20 47904                      /usr/lib/jvm/java-11-openjdk-amd64/lib/libnio.so
7fb55007f000-7fb550083000 ---p 00000000 00:00 0 
7fb550083000-7fb550180000 rw-p 00000000 00:00 0 
7fb550180000-7fb550184000 ---p 00000000 00:00 0 
7fb550184000-7fb550281000 rw-p 00000000 00:00 0 
7fb550281000-7fb5503f4000 r--p 00000000 08:20 22157                      /usr/lib/locale/C.UTF-8/LC_COLLATE
7fb5503f4000-7fb5506da000 r--p 00000000 08:20 2680                       /usr/lib/locale/locale-archive
7fb5506da000-7fb5506de000 ---p 00000000 00:00 0 
7fb5506de000-7fb5507db000 rw-p 00000000 00:00 0 
7fb5507db000-7fb550a4b000 rwxp 00000000 00:00 0 
7fb550a4b000-7fb550f1a000 ---p 00000000 00:00 0 
7fb550f1a000-7fb55118a000 rwxp 00000000 00:00 0 
7fb55118a000-7fb55837a000 ---p 00000000 00:00 0 
7fb55837a000-7fb5585ea000 rwxp 00000000 00:00 0 
7fb5585ea000-7fb55f7db000 ---p 00000000 00:00 0 
7fb55f7db000-7fb568000000 r--s 00000000 08:20 47913                      /usr/lib/jvm/java-11-openjdk-amd64/lib/modules
7fb568000000-7fb568472000 rw-p 00000000 00:00 0 
7fb568472000-7fb56c000000 ---p 00000000 00:00 0 
7fb56c008000-7fb56c009000 r--p 00000000 08:20 84035                      /home/w/.javacpp/cache/llvm-13.0.1-1.5.7-linux-x86_64.jar/org/bytedeco/llvm/linux-x86_64/libRemarks.so.13
7fb56c009000-7fb56c00a000 r-xp 00001000 08:20 84035                      /home/w/.javacpp/cache/llvm-13.0.1-1.5.7-linux-x86_64.jar/org/bytedeco/llvm/linux-x86_64/libRemarks.so.13
7fb56c00a000-7fb56c00b000 r--p 00002000 08:20 84035                      /home/w/.javacpp/cache/llvm-13.0.1-1.5.7-linux-x86_64.jar/org/bytedeco/llvm/linux-x86_64/libRemarks.so.13
7fb56c00b000-7fb56c00c000 r--p 00002000 08:20 84035                      /home/w/.javacpp/cache/llvm-13.0.1-1.5.7-linux-x86_64.jar/org/bytedeco/llvm/linux-x86_64/libRemarks.so.13
7fb56c00c000-7fb56c00d000 rw-p 00003000 08:20 84035                      /home/w/.javacpp/cache/llvm-13.0.1-1.5.7-linux-x86_64.jar/org/bytedeco/llvm/linux-x86_64/libRemarks.so.13
7fb56c00d000-7fb56c00e000 r--p 00000000 08:20 47885                      /usr/lib/jvm/java-11-openjdk-amd64/lib/libextnet.so
7fb56c00e000-7fb56c00f000 r-xp 00001000 08:20 47885                      /usr/lib/jvm/java-11-openjdk-amd64/lib/libextnet.so
7fb56c00f000-7fb56c010000 r--p 00002000 08:20 47885                      /usr/lib/jvm/java-11-openjdk-amd64/lib/libextnet.so
7fb56c010000-7fb56c011000 r--p 00002000 08:20 47885                      /usr/lib/jvm/java-11-openjdk-amd64/lib/libextnet.so
7fb56c011000-7fb56c012000 rw-p 00003000 08:20 47885                      /usr/lib/jvm/java-11-openjdk-amd64/lib/libextnet.so
7fb56c012000-7fb56c044000 r--p 00000000 08:20 22158                      /usr/lib/locale/C.UTF-8/LC_CTYPE
7fb56c044000-7fb56c045000 r--p 00000000 08:20 22164                      /usr/lib/locale/C.UTF-8/LC_NUMERIC
7fb56c045000-7fb56c046000 r--p 00000000 08:20 22167                      /usr/lib/locale/C.UTF-8/LC_TIME
7fb56c046000-7fb56c047000 r--p 00000000 08:20 22162                      /usr/lib/locale/C.UTF-8/LC_MONETARY
7fb56c047000-7fb56c048000 r--p 00000000 08:20 22161                      /usr/lib/locale/C.UTF-8/LC_MESSAGES/SYS_LC_MESSAGES
7fb56c048000-7fb56c049000 r--p 00000000 08:20 22165                      /usr/lib/locale/C.UTF-8/LC_PAPER
7fb56c049000-7fb56c04a000 r--p 00000000 08:20 22163                      /usr/lib/locale/C.UTF-8/LC_NAME
7fb56c04a000-7fb56c051000 r--s 00000000 08:20 42067                      /usr/lib/x86_64-linux-gnu/gconv/gconv-modules.cache
7fb56c051000-7fb56c055000 ---p 00000000 00:00 0 
7fb56c055000-7fb56c152000 rw-p 00000000 00:00 0 
7fb56c152000-7fb56c153000 ---p 00000000 00:00 0 
7fb56c153000-7fb56c92f000 rw-p 00000000 00:00 0 
7fb56c92f000-7fb56cb2f000 ---p 00000000 00:00 0 
7fb56cb2f000-7fb56cb30000 ---p 00000000 00:00 0 
7fb56cb30000-7fb56cc30000 rw-p 00000000 00:00 0 
7fb56cc30000-7fb56cc31000 ---p 00000000 00:00 0 
7fb56cc31000-7fb56da3e000 rw-p 00000000 00:00 0 
7fb56da3e000-7fb56da3f000 ---p 00000000 00:00 0 
7fb56da3f000-7fb56db3f000 rw-p 00000000 00:00 0 
7fb56db3f000-7fb56db40000 ---p 00000000 00:00 0 
7fb56db40000-7fb56dd37000 rw-p 00000000 00:00 0 
7fb56dd37000-7fb56e0c4000 ---p 00000000 00:00 0 
7fb56e0c4000-7fb56e102000 rw-p 00000000 00:00 0 
7fb56e102000-7fb56e48f000 ---p 00000000 00:00 0 
7fb56e48f000-7fb56e4cd000 rw-p 00000000 00:00 0 
7fb56e4cd000-7fb56e85a000 ---p 00000000 00:00 0 
7fb56e85a000-7fb56f568000 rw-p 00000000 00:00 0 
7fb56f568000-7fb56f569000 ---p 00000000 00:00 0 
7fb56f569000-7fb56f66e000 rw-p 00000000 00:00 0 
7fb56f66e000-7fb56f752000 ---p 00000000 00:00 0 
7fb56f752000-7fb56f757000 rw-p 00000000 00:00 0 
7fb56f757000-7fb56f83b000 ---p 00000000 00:00 0 
7fb56f83b000-7fb56f840000 rw-p 00000000 00:00 0 
7fb56f840000-7fb56f84a000 ---p 00000000 00:00 0 
7fb56f84a000-7fb56f84c000 r--p 00000000 08:20 47912                      /usr/lib/jvm/java-11-openjdk-amd64/lib/libzip.so
7fb56f84c000-7fb56f851000 r-xp 00002000 08:20 47912                      /usr/lib/jvm/java-11-openjdk-amd64/lib/libzip.so
7fb56f851000-7fb56f853000 r--p 00007000 08:20 47912                      /usr/lib/jvm/java-11-openjdk-amd64/lib/libzip.so
7fb56f853000-7fb56f854000 r--p 00008000 08:20 47912                      /usr/lib/jvm/java-11-openjdk-amd64/lib/libzip.so
7fb56f854000-7fb56f855000 rw-p 00009000 08:20 47912                      /usr/lib/jvm/java-11-openjdk-amd64/lib/libzip.so
7fb56f855000-7fb56f858000 r--p 00000000 08:20 41808                      /usr/lib/x86_64-linux-gnu/libnss_files-2.31.so
7fb56f858000-7fb56f85f000 r-xp 00003000 08:20 41808                      /usr/lib/x86_64-linux-gnu/libnss_files-2.31.so
7fb56f85f000-7fb56f861000 r--p 0000a000 08:20 41808                      /usr/lib/x86_64-linux-gnu/libnss_files-2.31.so
7fb56f861000-7fb56f862000 r--p 0000b000 08:20 41808                      /usr/lib/x86_64-linux-gnu/libnss_files-2.31.so
7fb56f862000-7fb56f863000 rw-p 0000c000 08:20 41808                      /usr/lib/x86_64-linux-gnu/libnss_files-2.31.so
7fb56f863000-7fb56f869000 rw-p 00000000 00:00 0 
7fb56f869000-7fb56f86a000 r--p 00000000 08:20 22156                      /usr/lib/locale/C.UTF-8/LC_ADDRESS
7fb56f86a000-7fb56f86b000 r--p 00000000 08:20 22166                      /usr/lib/locale/C.UTF-8/LC_TELEPHONE
7fb56f86b000-7fb56f873000 rw-s 00000000 08:20 44945                      /tmp/hsperfdata_w/9501
7fb56f873000-7fb56f875000 r--p 00000000 08:20 47887                      /usr/lib/jvm/java-11-openjdk-amd64/lib/libinstrument.so
7fb56f875000-7fb56f87c000 r-xp 00002000 08:20 47887                      /usr/lib/jvm/java-11-openjdk-amd64/lib/libinstrument.so
7fb56f87c000-7fb56f87f000 r--p 00009000 08:20 47887                      /usr/lib/jvm/java-11-openjdk-amd64/lib/libinstrument.so
7fb56f87f000-7fb56f880000 r--p 0000b000 08:20 47887                      /usr/lib/jvm/java-11-openjdk-amd64/lib/libinstrument.so
7fb56f880000-7fb56f881000 rw-p 0000c000 08:20 47887                      /usr/lib/jvm/java-11-openjdk-amd64/lib/libinstrument.so
7fb56f881000-7fb56f882000 ---p 00000000 00:00 0 
7fb56f882000-7fb56f883000 r--p 00000000 00:00 0 
7fb56f883000-7fb56f891000 r--p 00000000 08:20 47892                      /usr/lib/jvm/java-11-openjdk-amd64/lib/libjava.so
7fb56f891000-7fb56f8a7000 r-xp 0000e000 08:20 47892                      /usr/lib/jvm/java-11-openjdk-amd64/lib/libjava.so
7fb56f8a7000-7fb56f8ae000 r--p 00024000 08:20 47892                      /usr/lib/jvm/java-11-openjdk-amd64/lib/libjava.so
7fb56f8ae000-7fb56f8af000 r--p 0002a000 08:20 47892                      /usr/lib/jvm/java-11-openjdk-amd64/lib/libjava.so
7fb56f8af000-7fb56f8b0000 rw-p 0002b000 08:20 47892                      /usr/lib/jvm/java-11-openjdk-amd64/lib/libjava.so
7fb56f8b0000-7fb56f8b1000 rw-p 00000000 00:00 0 
7fb56f8b1000-7fb56f8b6000 r--p 00000000 08:20 47911                      /usr/lib/jvm/java-11-openjdk-amd64/lib/libverify.so
7fb56f8b6000-7fb56f8bd000 r-xp 00005000 08:20 47911                      /usr/lib/jvm/java-11-openjdk-amd64/lib/libverify.so
7fb56f8bd000-7fb56f8bf000 r--p 0000c000 08:20 47911                      /usr/lib/jvm/java-11-openjdk-amd64/lib/libverify.so
7fb56f8bf000-7fb56f8c0000 ---p 0000e000 08:20 47911                      /usr/lib/jvm/java-11-openjdk-amd64/lib/libverify.so
7fb56f8c0000-7fb56f8c2000 r--p 0000e000 08:20 47911                      /usr/lib/jvm/java-11-openjdk-amd64/lib/libverify.so
7fb56f8c2000-7fb56f8c3000 rw-p 00010000 08:20 47911                      /usr/lib/jvm/java-11-openjdk-amd64/lib/libverify.so
7fb56f8c3000-7fb56f8c5000 r--p 00000000 08:20 41815                      /usr/lib/x86_64-linux-gnu/librt-2.31.so
7fb56f8c5000-7fb56f8c9000 r-xp 00002000 08:20 41815                      /usr/lib/x86_64-linux-gnu/librt-2.31.so
7fb56f8c9000-7fb56f8cb000 r--p 00006000 08:20 41815                      /usr/lib/x86_64-linux-gnu/librt-2.31.so
7fb56f8cb000-7fb56f8cc000 r--p 00007000 08:20 41815                      /usr/lib/x86_64-linux-gnu/librt-2.31.so
7fb56f8cc000-7fb56f8cd000 rw-p 00008000 08:20 41815                      /usr/lib/x86_64-linux-gnu/librt-2.31.so
7fb56f8cd000-7fb56f8d1000 ---p 00000000 00:00 0 
7fb56f8d1000-7fb56f9ce000 rw-p 00000000 00:00 0 
7fb56f9ce000-7fb56f9d1000 r--p 00000000 08:20 41776                      /usr/lib/x86_64-linux-gnu/libgcc_s.so.1
7fb56f9d1000-7fb56f9e3000 r-xp 00003000 08:20 41776                      /usr/lib/x86_64-linux-gnu/libgcc_s.so.1
7fb56f9e3000-7fb56f9e7000 r--p 00015000 08:20 41776                      /usr/lib/x86_64-linux-gnu/libgcc_s.so.1
7fb56f9e7000-7fb56f9e8000 r--p 00018000 08:20 41776                      /usr/lib/x86_64-linux-gnu/libgcc_s.so.1
7fb56f9e8000-7fb56f9e9000 rw-p 00019000 08:20 41776                      /usr/lib/x86_64-linux-gnu/libgcc_s.so.1
7fb56f9e9000-7fb56f9f6000 r--p 00000000 08:20 41802                      /usr/lib/x86_64-linux-gnu/libm-2.31.so
7fb56f9f6000-7fb56fa9d000 r-xp 0000d000 08:20 41802                      /usr/lib/x86_64-linux-gnu/libm-2.31.so
7fb56fa9d000-7fb56fb36000 r--p 000b4000 08:20 41802                      /usr/lib/x86_64-linux-gnu/libm-2.31.so
7fb56fb36000-7fb56fb37000 r--p 0014c000 08:20 41802                      /usr/lib/x86_64-linux-gnu/libm-2.31.so
7fb56fb37000-7fb56fb38000 rw-p 0014d000 08:20 41802                      /usr/lib/x86_64-linux-gnu/libm-2.31.so
7fb56fb38000-7fb56fbce000 r--p 00000000 08:20 40202                      /usr/lib/x86_64-linux-gnu/libstdc++.so.6.0.28
7fb56fbce000-7fb56fcbf000 r-xp 00096000 08:20 40202                      /usr/lib/x86_64-linux-gnu/libstdc++.so.6.0.28
7fb56fcbf000-7fb56fd08000 r--p 00187000 08:20 40202                      /usr/lib/x86_64-linux-gnu/libstdc++.so.6.0.28
7fb56fd08000-7fb56fd09000 ---p 001d0000 08:20 40202                      /usr/lib/x86_64-linux-gnu/libstdc++.so.6.0.28
7fb56fd09000-7fb56fd14000 r--p 001d0000 08:20 40202                      /usr/lib/x86_64-linux-gnu/libstdc++.so.6.0.28
7fb56fd14000-7fb56fd17000 rw-p 001db000 08:20 40202                      /usr/lib/x86_64-linux-gnu/libstdc++.so.6.0.28
7fb56fd17000-7fb56fd1a000 rw-p 00000000 00:00 0 
7fb56fd1a000-7fb56ff9c000 r--p 00000000 08:20 47918                      /usr/lib/jvm/java-11-openjdk-amd64/lib/server/libjvm.so
7fb56ff9c000-7fb570c29000 r-xp 00282000 08:20 47918                      /usr/lib/jvm/java-11-openjdk-amd64/lib/server/libjvm.so
7fb570c29000-7fb570e8a000 r--p 00f0f000 08:20 47918                      /usr/lib/jvm/java-11-openjdk-amd64/lib/server/libjvm.so
7fb570e8a000-7fb570e8b000 ---p 01170000 08:20 47918                      /usr/lib/jvm/java-11-openjdk-amd64/lib/server/libjvm.so
7fb570e8b000-7fb570f4f000 r--p 01170000 08:20 47918                      /usr/lib/jvm/java-11-openjdk-amd64/lib/server/libjvm.so
7fb570f4f000-7fb570f8a000 rw-p 01234000 08:20 47918                      /usr/lib/jvm/java-11-openjdk-amd64/lib/server/libjvm.so
7fb570f8a000-7fb570fe3000 rw-p 00000000 00:00 0 
7fb570fe3000-7fb571005000 r--p 00000000 08:20 41800                      /usr/lib/x86_64-linux-gnu/libc-2.31.so
7fb571005000-7fb57117d000 r-xp 00022000 08:20 41800                      /usr/lib/x86_64-linux-gnu/libc-2.31.so
7fb57117d000-7fb5711cb000 r--p 0019a000 08:20 41800                      /usr/lib/x86_64-linux-gnu/libc-2.31.so
7fb5711cb000-7fb5711cf000 r--p 001e7000 08:20 41800                      /usr/lib/x86_64-linux-gnu/libc-2.31.so
7fb5711cf000-7fb5711d1000 rw-p 001eb000 08:20 41800                      /usr/lib/x86_64-linux-gnu/libc-2.31.so
7fb5711d1000-7fb5711d5000 rw-p 00000000 00:00 0 
7fb5711d5000-7fb5711d6000 r--p 00000000 08:20 41801                      /usr/lib/x86_64-linux-gnu/libdl-2.31.so
7fb5711d6000-7fb5711d8000 r-xp 00001000 08:20 41801                      /usr/lib/x86_64-linux-gnu/libdl-2.31.so
7fb5711d8000-7fb5711d9000 r--p 00003000 08:20 41801                      /usr/lib/x86_64-linux-gnu/libdl-2.31.so
7fb5711d9000-7fb5711da000 r--p 00003000 08:20 41801                      /usr/lib/x86_64-linux-gnu/libdl-2.31.so
7fb5711da000-7fb5711db000 rw-p 00004000 08:20 41801                      /usr/lib/x86_64-linux-gnu/libdl-2.31.so
7fb5711db000-7fb5711de000 r--p 00000000 08:20 47877                      /usr/lib/jvm/java-11-openjdk-amd64/lib/jli/libjli.so
7fb5711de000-7fb5711e8000 r-xp 00003000 08:20 47877                      /usr/lib/jvm/java-11-openjdk-amd64/lib/jli/libjli.so
7fb5711e8000-7fb5711eb000 r--p 0000d000 08:20 47877                      /usr/lib/jvm/java-11-openjdk-amd64/lib/jli/libjli.so
7fb5711eb000-7fb5711ec000 ---p 00010000 08:20 47877                      /usr/lib/jvm/java-11-openjdk-amd64/lib/jli/libjli.so
7fb5711ec000-7fb5711ed000 r--p 00010000 08:20 47877                      /usr/lib/jvm/java-11-openjdk-amd64/lib/jli/libjli.so
7fb5711ed000-7fb5711ee000 rw-p 00011000 08:20 47877                      /usr/lib/jvm/java-11-openjdk-amd64/lib/jli/libjli.so
7fb5711ee000-7fb5711f4000 r--p 00000000 08:20 41813                      /usr/lib/x86_64-linux-gnu/libpthread-2.31.so
7fb5711f4000-7fb571205000 r-xp 00006000 08:20 41813                      /usr/lib/x86_64-linux-gnu/libpthread-2.31.so
7fb571205000-7fb57120b000 r--p 00017000 08:20 41813                      /usr/lib/x86_64-linux-gnu/libpthread-2.31.so
7fb57120b000-7fb57120c000 r--p 0001c000 08:20 41813                      /usr/lib/x86_64-linux-gnu/libpthread-2.31.so
7fb57120c000-7fb57120d000 rw-p 0001d000 08:20 41813                      /usr/lib/x86_64-linux-gnu/libpthread-2.31.so
7fb57120d000-7fb571211000 rw-p 00000000 00:00 0 
7fb571211000-7fb571213000 r--p 00000000 08:20 13174                      /usr/lib/x86_64-linux-gnu/libz.so.1.2.11
7fb571213000-7fb571224000 r-xp 00002000 08:20 13174                      /usr/lib/x86_64-linux-gnu/libz.so.1.2.11
7fb571224000-7fb57122a000 r--p 00013000 08:20 13174                      /usr/lib/x86_64-linux-gnu/libz.so.1.2.11
7fb57122a000-7fb57122b000 ---p 00019000 08:20 13174                      /usr/lib/x86_64-linux-gnu/libz.so.1.2.11
7fb57122b000-7fb57122c000 r--p 00019000 08:20 13174                      /usr/lib/x86_64-linux-gnu/libz.so.1.2.11
7fb57122c000-7fb57122d000 rw-p 0001a000 08:20 13174                      /usr/lib/x86_64-linux-gnu/libz.so.1.2.11
7fb57122d000-7fb57122e000 r--p 00000000 08:20 22160                      /usr/lib/locale/C.UTF-8/LC_MEASUREMENT
7fb57122e000-7fb571230000 r--p 00000000 08:20 47895                      /usr/lib/jvm/java-11-openjdk-amd64/lib/libjimage.so
7fb571230000-7fb571233000 r-xp 00002000 08:20 47895                      /usr/lib/jvm/java-11-openjdk-amd64/lib/libjimage.so
7fb571233000-7fb571234000 r--p 00005000 08:20 47895                      /usr/lib/jvm/java-11-openjdk-amd64/lib/libjimage.so
7fb571234000-7fb571235000 ---p 00006000 08:20 47895                      /usr/lib/jvm/java-11-openjdk-amd64/lib/libjimage.so
7fb571235000-7fb571236000 r--p 00006000 08:20 47895                      /usr/lib/jvm/java-11-openjdk-amd64/lib/libjimage.so
7fb571236000-7fb571237000 rw-p 00007000 08:20 47895                      /usr/lib/jvm/java-11-openjdk-amd64/lib/libjimage.so
7fb571237000-7fb571239000 rw-p 00000000 00:00 0 
7fb571239000-7fb57123a000 r--p 00000000 08:20 40200                      /usr/lib/x86_64-linux-gnu/ld-2.31.so
7fb57123a000-7fb57125d000 r-xp 00001000 08:20 40200                      /usr/lib/x86_64-linux-gnu/ld-2.31.so
7fb57125d000-7fb571265000 r--p 00024000 08:20 40200                      /usr/lib/x86_64-linux-gnu/ld-2.31.so
7fb571265000-7fb571266000 r--p 00000000 08:20 22159                      /usr/lib/locale/C.UTF-8/LC_IDENTIFICATION
7fb571266000-7fb571267000 r--p 0002c000 08:20 40200                      /usr/lib/x86_64-linux-gnu/ld-2.31.so
7fb571267000-7fb571268000 rw-p 0002d000 08:20 40200                      /usr/lib/x86_64-linux-gnu/ld-2.31.so
7fb571268000-7fb571269000 rw-p 00000000 00:00 0 
7ffd3b08e000-7ffd3b0af000 rw-p 00000000 00:00 0                          [stack]
7ffd3b1a4000-7ffd3b1a8000 r--p 00000000 00:00 0                          [vvar]
7ffd3b1a8000-7ffd3b1aa000 r-xp 00000000 00:00 0                          [vdso]


VM Arguments:
jvm_args: -javaagent:/home/w/.cache/JetBrains/RemoteDev/dist/2b05049c6fa27_ideaIU-232.9921.28/lib/idea_rt.jar=60709:/home/w/.cache/JetBrains/RemoteDev/dist/2b05049c6fa27_ideaIU-232.9921.28/bin -Dfile.encoding=UTF-8 
java_command: Main
java_class_path (initial): /home/w/.cache/JetBrains/RemoteDev/dist/2b05049c6fa27_ideaIU-232.9921.28/plugins/remote-dev-server/selfcontained/fontconfig/out/production/Lab:/usr/local/lib/antlr-4.9.1-complete.jar:/usr/local/lib/javacpp-1.5.7-linux-x86_64.jar:/usr/local/lib/javacpp-1.5.7.jar:/usr/local/lib/llvm-13.0.1-1.5.7-linux-x86_64.jar:/usr/local/lib/llvm-13.0.1-1.5.7.jar:/usr/local/lib/llvm-platform-13.0.1-1.5.7.jar
Launcher Type: SUN_STANDARD

[Global flags]
     intx CICompilerCount                          = 12                                        {product} {ergonomic}
     uint ConcGCThreads                            = 3                                         {product} {ergonomic}
     uint G1ConcRefinementThreads                  = 13                                        {product} {ergonomic}
   size_t G1HeapRegionSize                         = 1048576                                   {product} {ergonomic}
    uintx GCDrainStackTargetSize                   = 64                                        {product} {ergonomic}
   size_t InitialHeapSize                          = 127926272                                 {product} {ergonomic}
   size_t MarkStackSize                            = 4194304                                   {product} {ergonomic}
   size_t MaxHeapSize                              = 2036334592                                {product} {ergonomic}
   size_t MaxNewSize                               = 1221591040                                {product} {ergonomic}
   size_t MinHeapDeltaBytes                        = 1048576                                   {product} {ergonomic}
    uintx NonNMethodCodeHeapSize                   = 7594288                                {pd product} {ergonomic}
    uintx NonProfiledCodeHeapSize                  = 122031976                              {pd product} {ergonomic}
    uintx ProfiledCodeHeapSize                     = 122031976                              {pd product} {ergonomic}
    uintx ReservedCodeCacheSize                    = 251658240                              {pd product} {ergonomic}
     bool SegmentedCodeCache                       = true                                      {product} {ergonomic}
     bool UseCompressedClassPointers               = true                                 {lp64_product} {ergonomic}
     bool UseCompressedOops                        = true                                 {lp64_product} {ergonomic}
     bool UseG1GC                                  = true                                      {product} {ergonomic}

Logging:
Log output configuration:
 #0: stdout all=warning uptime,level,tags
 #1: stderr all=off uptime,level,tags

Environment Variables:
PATH=/usr/local/sbin:/usr/local/bin:/usr/sbin:/usr/bin:/sbin:/bin:/usr/games:/usr/local/games:/usr/lib/wsl/lib:/mnt/c/Python312/Scripts/:/mnt/c/Python312/:/mnt/c/Program Files (x86)/Common Files/Oracle/Java/javapath:/mnt/c/Windows/system32:/mnt/c/Windows:/mnt/c/Windows/System32/Wbem:/mnt/c/Windows/System32/WindowsPowerShell/v1.0/:/mnt/c/Windows/System32/OpenSSH/:/mnt/d/mingw64/bin:/mnt/d/codes/vx/web/dll:/mnt/d/cod:/mnt/c/ProgramData/chocolatey/bin:/mnt/c/Users/anti/AppData/Local/Google/Chrome/Application:/mnt/e/web/dll:/mnt/d/cod:/mnt/d/Git/cmd:/mnt/c/Users/anti/AppData/Local/Programs/Python/Python310/Scripts/:/mnt/c/Users/anti/AppData/Local/Programs/Python/Python310/:/mnt/c/Users/anti/AppData/Local/Microsoft/WindowsApps:/mnt/d/CLion 2022.2.3/bin:/mnt/d/Microsoft VS Code/bin:/mnt/d/mingw64/bin:/mnt/f/QQGameTempest/Hall.57915/:/mnt/c/Users/anti/AppData/Local/JetBrains/Toolbox/scripts:/mnt/c/Users/anti/AppData/Local/Microsoft/WindowsApps:/mnt/c/Users/anti/AppData/Local/Pandoc/:/mnt/c/Users/anti/AppData/Roaming/npm:/mnt/d/code/appium:/mnt/d/code/android-sdk-windows/platform-tools:/mnt/d/code/android-sdk-windows/tools:/mnt/c/Program Files/Java/jdk1.8.0_301/bin:/mnt/c/Program Files/Java/jdk1.8.0_301/bin:/mnt/d/code/android-sdk-windows/build-tools/29.0.3:/mnt/d/code/appium/node/:/mnt/f/pyCharm/PyCharm 2024.1/bin:/mnt/e/WebStorm 2023.3.4/bin:/snap/bin
SHELL=/bin/bash
DISPLAY=:0
HOSTTYPE=x86_64
LANG=C.UTF-8
TERM=xterm-256color

Signal Handlers:
SIGSEGV: [libjvm.so+0xe9cbc0], sa_mask[0]=11111111011111111101111111111110, sa_flags=SA_RESTART|SA_SIGINFO
SIGBUS: [libjvm.so+0xe9cbc0], sa_mask[0]=11111111011111111101111111111110, sa_flags=SA_RESTART|SA_SIGINFO
SIGFPE: [libjvm.so+0xe9cbc0], sa_mask[0]=11111111011111111101111111111110, sa_flags=SA_RESTART|SA_SIGINFO
SIGPIPE: [libjvm.so+0xbe3c50], sa_mask[0]=11111111011111111101111111111110, sa_flags=SA_RESTART|SA_SIGINFO
SIGXFSZ: [libjvm.so+0xbe3c50], sa_mask[0]=11111111011111111101111111111110, sa_flags=SA_RESTART|SA_SIGINFO
SIGILL: [libjvm.so+0xe9cbc0], sa_mask[0]=11111111011111111101111111111110, sa_flags=SA_RESTART|SA_SIGINFO
SIGUSR2: [libjvm.so+0xbe3af0], sa_mask[0]=00100000000000000000000000000000, sa_flags=SA_RESTART|SA_SIGINFO
SIGHUP: [libjvm.so+0xbe42b0], sa_mask[0]=11111111011111111101111111111110, sa_flags=SA_RESTART|SA_SIGINFO
SIGINT: [libjvm.so+0xbe42b0], sa_mask[0]=11111111011111111101111111111110, sa_flags=SA_RESTART|SA_SIGINFO
SIGTERM: [libjvm.so+0xbe42b0], sa_mask[0]=11111111011111111101111111111110, sa_flags=SA_RESTART|SA_SIGINFO
SIGQUIT: [libjvm.so+0xbe42b0], sa_mask[0]=11111111011111111101111111111110, sa_flags=SA_RESTART|SA_SIGINFO


---------------  S Y S T E M  ---------------

OS:DISTRIB_ID=Ubuntu
DISTRIB_RELEASE=20.04
DISTRIB_CODENAME=focal
DISTRIB_DESCRIPTION="Ubuntu 20.04.6 LTS"
uname:Linux 5.15.153.1-microsoft-standard-WSL2 #1 SMP Fri Mar 29 23:14:13 UTC 2024 x86_64
OS uptime: 0 days 0:38 hours
libc:glibc 2.31 NPTL 2.31 
rlimit (soft/hard): STACK 8192k/infinity , CORE 0k/infinity , NPROC 31039/31039 , NOFILE 1048576/1048576 , AS infinity/infinity , CPU infinity/infinity , DATA infinity/infinity , FSIZE infinity/infinity , MEMLOCK 65536k/65536k
load average:1.48 1.33 1.03

/proc/meminfo:
MemTotal:        7952736 kB
MemFree:         2853316 kB
MemAvailable:    3735776 kB
Buffers:            4508 kB
Cached:          1070176 kB
SwapCached:            0 kB
Active:           186700 kB
Inactive:        4323784 kB
Active(anon):       2156 kB
Inactive(anon):  3437072 kB
Active(file):     184544 kB
Inactive(file):   886712 kB
Unevictable:           0 kB
Mlocked:               0 kB
SwapTotal:       2097152 kB
SwapFree:        2097152 kB
Dirty:              8640 kB
Writeback:             0 kB
AnonPages:       3424588 kB
Mapped:           984228 kB
Shmem:              3360 kB
KReclaimable:      53272 kB
Slab:             160944 kB
SReclaimable:      53272 kB
SUnreclaim:       107672 kB
KernelStack:        7968 kB
PageTables:        15544 kB
NFS_Unstable:          0 kB
Bounce:                0 kB
WritebackTmp:          0 kB
CommitLimit:     6073520 kB
Committed_AS:    3987336 kB
VmallocTotal:   34359738367 kB
VmallocUsed:      104452 kB
VmallocChunk:          0 kB
Percpu:            11136 kB
AnonHugePages:   2582528 kB
ShmemHugePages:        0 kB
ShmemPmdMapped:        0 kB
FileHugePages:         0 kB
FilePmdMapped:         0 kB
HugePages_Total:       0
HugePages_Free:        0
HugePages_Rsvd:        0
HugePages_Surp:        0
Hugepagesize:       2048 kB
Hugetlb:               0 kB
DirectMap4k:      113664 kB
DirectMap2M:     4943872 kB
DirectMap1G:    11534336 kB

/sys/kernel/mm/transparent_hugepage/enabled:
[always] madvise never
/sys/kernel/mm/transparent_hugepage/defrag (defrag/compaction efforts parameter):
always defer defer+madvise [madvise] never

Process Memory:
Virtual Size: 5117672K (peak: 13431804K)
Resident Set Size: 99192K (peak: 99192K) (anon: 43600K, file: 55592K, shmem: 0K)
Swapped out: 0K
C-Heap outstanding allocations: 37944K, retained: 2863K
glibc malloc tunables: (default)

/proc/sys/kernel/threads-max (system-wide limit on the number of threads):
62078
/proc/sys/vm/max_map_count (maximum number of memory map areas a process may have):
65530
/proc/sys/kernel/pid_max (system-wide limit on number of process identifiers):
4194304

container (cgroup) information:
container_type: cgroupv1
cpu_cpuset_cpus: 0-15
cpu_memory_nodes: 0
active_processor_count: 16
cpu_quota: no quota
cpu_period: 100000
cpu_shares: no shares
memory_limit_in_bytes: unlimited
memory_and_swap_limit_in_bytes: unlimited
memory_soft_limit_in_bytes: unlimited
memory_usage_in_bytes: 4500112 k
memory_max_usage_in_bytes: 415708 k
kernel_memory_usage_in_bytes: 20568 k
kernel_memory_max_usage_in_bytes: unlimited
kernel_memory_limit_in_bytes: 26748 k
maximum number of tasks: not supported
current number of tasks: not supported

Hyper-V virtualization detected
Steal ticks since vm start: 0
Steal ticks percentage since vm start:  0.000

CPU:total 16 (initial active 16) (8 cores per cpu, 2 threads per core) family 6 model 154 stepping 3 microcode 0xffffffff, cmov, cx8, fxsr, mmx, sse, sse2, sse3, ssse3, sse4.1, sse4.2, popcnt, avx, avx2, aes, clmul, erms, 3dnowpref, lzcnt, ht, tsc, tscinvbit, bmi1, bmi2, adx, sha, fma
CPU Model and flags from /proc/cpuinfo:
model name	: 12th Gen Intel(R) Core(TM) i5-1240P
flags		: fpu vme de pse tsc msr pae mce cx8 apic sep mtrr pge mca cmov pat pse36 clflush mmx fxsr sse sse2 ss ht syscall nx pdpe1gb rdtscp lm constant_tsc rep_good nopl xtopology tsc_reliable nonstop_tsc cpuid pni pclmulqdq ssse3 fma cx16 sse4_1 sse4_2 x2apic movbe popcnt tsc_deadline_timer aes xsave avx f16c rdrand hypervisor lahf_lm abm 3dnowprefetch ssbd ibrs ibpb stibp ibrs_enhanced fsgsbase tsc_adjust bmi1 avx2 smep bmi2 erms invpcid rdseed adx smap clflushopt clwb sha_ni xsaveopt xsavec xgetbv1 xsaves avx_vnni umip waitpkg gfni vaes vpclmulqdq rdpid movdiri movdir64b fsrm md_clear serialize flush_l1d arch_capabilities
Online cpus:
0-15
Offline cpus:

BIOS frequency limitation:
<Not Available>
Frequency switch latency (ns):
<Not Available>
Available cpu frequencies:
<Not Available>
Current governor:
<Not Available>
Core performance/turbo boost:
<Not Available>

Memory: 4k page, physical 7952736k(2853064k free), swap 2097152k(2097152k free)

vm_info: OpenJDK 64-Bit Server VM (11.0.22+7-post-Ubuntu-0ubuntu220.04.1) for linux-amd64 JRE (11.0.22+7-post-Ubuntu-0ubuntu220.04.1), built on Feb  5 2024 20:49:28 by "unknown" with gcc 10.5.0

END.
